[2022-10-03T01:29:46.926+0000] {processor.py:153} INFO - Started process (PID=59) to work on /home/airflow/.local/lib/python3.7/site-packages/airflow/example_dags/example_complex.py
[2022-10-03T01:29:46.928+0000] {processor.py:640} INFO - Processing file /home/airflow/.local/lib/python3.7/site-packages/airflow/example_dags/example_complex.py for tasks to queue
[2022-10-03T01:29:46.929+0000] {logging_mixin.py:115} INFO - [2022-10-03T01:29:46.929+0000] {dagbag.py:508} INFO - Filling up the DagBag from /home/airflow/.local/lib/python3.7/site-packages/airflow/example_dags/example_complex.py
[2022-10-03T01:29:46.949+0000] {processor.py:650} INFO - DAG(s) dict_keys(['example_complex']) retrieved from /home/airflow/.local/lib/python3.7/site-packages/airflow/example_dags/example_complex.py
[2022-10-03T01:29:47.238+0000] {logging_mixin.py:115} INFO - [2022-10-03T01:29:47.238+0000] {manager.py:508} INFO - Created Permission View: can edit on DAG:example_complex
[2022-10-03T01:29:47.254+0000] {logging_mixin.py:115} INFO - [2022-10-03T01:29:47.254+0000] {manager.py:508} INFO - Created Permission View: can read on DAG:example_complex
[2022-10-03T01:29:47.266+0000] {logging_mixin.py:115} INFO - [2022-10-03T01:29:47.266+0000] {manager.py:508} INFO - Created Permission View: can delete on DAG:example_complex
[2022-10-03T01:29:47.267+0000] {logging_mixin.py:115} INFO - [2022-10-03T01:29:47.267+0000] {dag.py:2429} INFO - Sync 1 DAGs
[2022-10-03T01:29:47.279+0000] {logging_mixin.py:115} INFO - [2022-10-03T01:29:47.279+0000] {dag.py:2448} INFO - Creating ORM DAG for example_complex
[2022-10-03T01:29:47.294+0000] {logging_mixin.py:115} INFO - [2022-10-03T01:29:47.294+0000] {dag.py:2981} INFO - Setting next_dagrun for example_complex to None, run_after=None
[2022-10-03T01:29:47.316+0000] {processor.py:161} INFO - Processing /home/airflow/.local/lib/python3.7/site-packages/airflow/example_dags/example_complex.py took 0.394 seconds
[2022-10-03T01:30:17.369+0000] {processor.py:153} INFO - Started process (PID=114) to work on /home/airflow/.local/lib/python3.7/site-packages/airflow/example_dags/example_complex.py
[2022-10-03T01:30:17.369+0000] {processor.py:640} INFO - Processing file /home/airflow/.local/lib/python3.7/site-packages/airflow/example_dags/example_complex.py for tasks to queue
[2022-10-03T01:30:17.370+0000] {logging_mixin.py:115} INFO - [2022-10-03T01:30:17.370+0000] {dagbag.py:508} INFO - Filling up the DagBag from /home/airflow/.local/lib/python3.7/site-packages/airflow/example_dags/example_complex.py
[2022-10-03T01:30:17.385+0000] {processor.py:650} INFO - DAG(s) dict_keys(['example_complex']) retrieved from /home/airflow/.local/lib/python3.7/site-packages/airflow/example_dags/example_complex.py
[2022-10-03T01:30:17.417+0000] {logging_mixin.py:115} INFO - [2022-10-03T01:30:17.417+0000] {dag.py:2429} INFO - Sync 1 DAGs
[2022-10-03T01:30:17.536+0000] {logging_mixin.py:115} INFO - [2022-10-03T01:30:17.536+0000] {dag.py:2981} INFO - Setting next_dagrun for example_complex to None, run_after=None
[2022-10-03T01:30:17.550+0000] {processor.py:161} INFO - Processing /home/airflow/.local/lib/python3.7/site-packages/airflow/example_dags/example_complex.py took 0.183 seconds
[2022-10-03T01:30:48.044+0000] {processor.py:153} INFO - Started process (PID=169) to work on /home/airflow/.local/lib/python3.7/site-packages/airflow/example_dags/example_complex.py
[2022-10-03T01:30:48.045+0000] {processor.py:640} INFO - Processing file /home/airflow/.local/lib/python3.7/site-packages/airflow/example_dags/example_complex.py for tasks to queue
[2022-10-03T01:30:48.047+0000] {logging_mixin.py:115} INFO - [2022-10-03T01:30:48.046+0000] {dagbag.py:508} INFO - Filling up the DagBag from /home/airflow/.local/lib/python3.7/site-packages/airflow/example_dags/example_complex.py
[2022-10-03T01:30:48.066+0000] {processor.py:650} INFO - DAG(s) dict_keys(['example_complex']) retrieved from /home/airflow/.local/lib/python3.7/site-packages/airflow/example_dags/example_complex.py
[2022-10-03T01:30:48.100+0000] {logging_mixin.py:115} INFO - [2022-10-03T01:30:48.100+0000] {dag.py:2429} INFO - Sync 1 DAGs
[2022-10-03T01:30:48.226+0000] {logging_mixin.py:115} INFO - [2022-10-03T01:30:48.226+0000] {dag.py:2981} INFO - Setting next_dagrun for example_complex to None, run_after=None
[2022-10-03T01:30:48.238+0000] {processor.py:161} INFO - Processing /home/airflow/.local/lib/python3.7/site-packages/airflow/example_dags/example_complex.py took 0.196 seconds
[2022-10-03T01:31:18.775+0000] {processor.py:153} INFO - Started process (PID=224) to work on /home/airflow/.local/lib/python3.7/site-packages/airflow/example_dags/example_complex.py
[2022-10-03T01:31:18.776+0000] {processor.py:640} INFO - Processing file /home/airflow/.local/lib/python3.7/site-packages/airflow/example_dags/example_complex.py for tasks to queue
[2022-10-03T01:31:18.777+0000] {logging_mixin.py:115} INFO - [2022-10-03T01:31:18.777+0000] {dagbag.py:508} INFO - Filling up the DagBag from /home/airflow/.local/lib/python3.7/site-packages/airflow/example_dags/example_complex.py
[2022-10-03T01:31:18.791+0000] {processor.py:650} INFO - DAG(s) dict_keys(['example_complex']) retrieved from /home/airflow/.local/lib/python3.7/site-packages/airflow/example_dags/example_complex.py
[2022-10-03T01:31:18.821+0000] {logging_mixin.py:115} INFO - [2022-10-03T01:31:18.821+0000] {dag.py:2429} INFO - Sync 1 DAGs
[2022-10-03T01:31:18.956+0000] {logging_mixin.py:115} INFO - [2022-10-03T01:31:18.956+0000] {dag.py:2981} INFO - Setting next_dagrun for example_complex to None, run_after=None
[2022-10-03T01:31:18.970+0000] {processor.py:161} INFO - Processing /home/airflow/.local/lib/python3.7/site-packages/airflow/example_dags/example_complex.py took 0.197 seconds
[2022-10-03T01:31:49.529+0000] {processor.py:153} INFO - Started process (PID=280) to work on /home/airflow/.local/lib/python3.7/site-packages/airflow/example_dags/example_complex.py
[2022-10-03T01:31:49.530+0000] {processor.py:640} INFO - Processing file /home/airflow/.local/lib/python3.7/site-packages/airflow/example_dags/example_complex.py for tasks to queue
[2022-10-03T01:31:49.531+0000] {logging_mixin.py:115} INFO - [2022-10-03T01:31:49.531+0000] {dagbag.py:508} INFO - Filling up the DagBag from /home/airflow/.local/lib/python3.7/site-packages/airflow/example_dags/example_complex.py
[2022-10-03T01:31:49.545+0000] {processor.py:650} INFO - DAG(s) dict_keys(['example_complex']) retrieved from /home/airflow/.local/lib/python3.7/site-packages/airflow/example_dags/example_complex.py
[2022-10-03T01:31:49.572+0000] {logging_mixin.py:115} INFO - [2022-10-03T01:31:49.572+0000] {dag.py:2429} INFO - Sync 1 DAGs
[2022-10-03T01:31:49.696+0000] {logging_mixin.py:115} INFO - [2022-10-03T01:31:49.696+0000] {dag.py:2981} INFO - Setting next_dagrun for example_complex to None, run_after=None
[2022-10-03T01:31:49.710+0000] {processor.py:161} INFO - Processing /home/airflow/.local/lib/python3.7/site-packages/airflow/example_dags/example_complex.py took 0.183 seconds
[2022-10-03T01:32:20.235+0000] {processor.py:153} INFO - Started process (PID=335) to work on /home/airflow/.local/lib/python3.7/site-packages/airflow/example_dags/example_complex.py
[2022-10-03T01:32:20.236+0000] {processor.py:640} INFO - Processing file /home/airflow/.local/lib/python3.7/site-packages/airflow/example_dags/example_complex.py for tasks to queue
[2022-10-03T01:32:20.237+0000] {logging_mixin.py:115} INFO - [2022-10-03T01:32:20.236+0000] {dagbag.py:508} INFO - Filling up the DagBag from /home/airflow/.local/lib/python3.7/site-packages/airflow/example_dags/example_complex.py
[2022-10-03T01:32:20.250+0000] {processor.py:650} INFO - DAG(s) dict_keys(['example_complex']) retrieved from /home/airflow/.local/lib/python3.7/site-packages/airflow/example_dags/example_complex.py
[2022-10-03T01:32:20.283+0000] {logging_mixin.py:115} INFO - [2022-10-03T01:32:20.282+0000] {dag.py:2429} INFO - Sync 1 DAGs
[2022-10-03T01:32:20.412+0000] {logging_mixin.py:115} INFO - [2022-10-03T01:32:20.411+0000] {dag.py:2981} INFO - Setting next_dagrun for example_complex to None, run_after=None
[2022-10-03T01:32:20.424+0000] {processor.py:161} INFO - Processing /home/airflow/.local/lib/python3.7/site-packages/airflow/example_dags/example_complex.py took 0.192 seconds
[2022-10-03T01:32:51.150+0000] {processor.py:153} INFO - Started process (PID=390) to work on /home/airflow/.local/lib/python3.7/site-packages/airflow/example_dags/example_complex.py
[2022-10-03T01:32:51.151+0000] {processor.py:640} INFO - Processing file /home/airflow/.local/lib/python3.7/site-packages/airflow/example_dags/example_complex.py for tasks to queue
[2022-10-03T01:32:51.152+0000] {logging_mixin.py:115} INFO - [2022-10-03T01:32:51.152+0000] {dagbag.py:508} INFO - Filling up the DagBag from /home/airflow/.local/lib/python3.7/site-packages/airflow/example_dags/example_complex.py
[2022-10-03T01:32:51.165+0000] {processor.py:650} INFO - DAG(s) dict_keys(['example_complex']) retrieved from /home/airflow/.local/lib/python3.7/site-packages/airflow/example_dags/example_complex.py
[2022-10-03T01:32:51.196+0000] {logging_mixin.py:115} INFO - [2022-10-03T01:32:51.196+0000] {dag.py:2429} INFO - Sync 1 DAGs
[2022-10-03T01:32:51.345+0000] {logging_mixin.py:115} INFO - [2022-10-03T01:32:51.345+0000] {dag.py:2981} INFO - Setting next_dagrun for example_complex to None, run_after=None
[2022-10-03T01:32:51.362+0000] {processor.py:161} INFO - Processing /home/airflow/.local/lib/python3.7/site-packages/airflow/example_dags/example_complex.py took 0.214 seconds
[2022-10-03T01:33:21.933+0000] {processor.py:153} INFO - Started process (PID=445) to work on /home/airflow/.local/lib/python3.7/site-packages/airflow/example_dags/example_complex.py
[2022-10-03T01:33:21.934+0000] {processor.py:640} INFO - Processing file /home/airflow/.local/lib/python3.7/site-packages/airflow/example_dags/example_complex.py for tasks to queue
[2022-10-03T01:33:21.935+0000] {logging_mixin.py:115} INFO - [2022-10-03T01:33:21.935+0000] {dagbag.py:508} INFO - Filling up the DagBag from /home/airflow/.local/lib/python3.7/site-packages/airflow/example_dags/example_complex.py
[2022-10-03T01:33:21.948+0000] {processor.py:650} INFO - DAG(s) dict_keys(['example_complex']) retrieved from /home/airflow/.local/lib/python3.7/site-packages/airflow/example_dags/example_complex.py
[2022-10-03T01:33:21.978+0000] {logging_mixin.py:115} INFO - [2022-10-03T01:33:21.978+0000] {dag.py:2429} INFO - Sync 1 DAGs
[2022-10-03T01:33:22.106+0000] {logging_mixin.py:115} INFO - [2022-10-03T01:33:22.106+0000] {dag.py:2981} INFO - Setting next_dagrun for example_complex to None, run_after=None
[2022-10-03T01:33:22.123+0000] {processor.py:161} INFO - Processing /home/airflow/.local/lib/python3.7/site-packages/airflow/example_dags/example_complex.py took 0.192 seconds
[2022-10-03T01:33:52.645+0000] {processor.py:153} INFO - Started process (PID=500) to work on /home/airflow/.local/lib/python3.7/site-packages/airflow/example_dags/example_complex.py
[2022-10-03T01:33:52.646+0000] {processor.py:640} INFO - Processing file /home/airflow/.local/lib/python3.7/site-packages/airflow/example_dags/example_complex.py for tasks to queue
[2022-10-03T01:33:52.647+0000] {logging_mixin.py:115} INFO - [2022-10-03T01:33:52.647+0000] {dagbag.py:508} INFO - Filling up the DagBag from /home/airflow/.local/lib/python3.7/site-packages/airflow/example_dags/example_complex.py
[2022-10-03T01:33:52.663+0000] {processor.py:650} INFO - DAG(s) dict_keys(['example_complex']) retrieved from /home/airflow/.local/lib/python3.7/site-packages/airflow/example_dags/example_complex.py
[2022-10-03T01:33:52.698+0000] {logging_mixin.py:115} INFO - [2022-10-03T01:33:52.698+0000] {dag.py:2429} INFO - Sync 1 DAGs
[2022-10-03T01:33:52.847+0000] {logging_mixin.py:115} INFO - [2022-10-03T01:33:52.847+0000] {dag.py:2981} INFO - Setting next_dagrun for example_complex to None, run_after=None
[2022-10-03T01:33:52.861+0000] {processor.py:161} INFO - Processing /home/airflow/.local/lib/python3.7/site-packages/airflow/example_dags/example_complex.py took 0.219 seconds
[2022-10-03T01:34:23.405+0000] {processor.py:153} INFO - Started process (PID=555) to work on /home/airflow/.local/lib/python3.7/site-packages/airflow/example_dags/example_complex.py
[2022-10-03T01:34:23.406+0000] {processor.py:640} INFO - Processing file /home/airflow/.local/lib/python3.7/site-packages/airflow/example_dags/example_complex.py for tasks to queue
[2022-10-03T01:34:23.408+0000] {logging_mixin.py:115} INFO - [2022-10-03T01:34:23.407+0000] {dagbag.py:508} INFO - Filling up the DagBag from /home/airflow/.local/lib/python3.7/site-packages/airflow/example_dags/example_complex.py
[2022-10-03T01:34:23.422+0000] {processor.py:650} INFO - DAG(s) dict_keys(['example_complex']) retrieved from /home/airflow/.local/lib/python3.7/site-packages/airflow/example_dags/example_complex.py
[2022-10-03T01:34:23.456+0000] {logging_mixin.py:115} INFO - [2022-10-03T01:34:23.456+0000] {dag.py:2429} INFO - Sync 1 DAGs
[2022-10-03T01:34:23.585+0000] {logging_mixin.py:115} INFO - [2022-10-03T01:34:23.585+0000] {dag.py:2981} INFO - Setting next_dagrun for example_complex to None, run_after=None
[2022-10-03T01:34:23.599+0000] {processor.py:161} INFO - Processing /home/airflow/.local/lib/python3.7/site-packages/airflow/example_dags/example_complex.py took 0.197 seconds
[2022-10-03T01:34:54.061+0000] {processor.py:153} INFO - Started process (PID=610) to work on /home/airflow/.local/lib/python3.7/site-packages/airflow/example_dags/example_complex.py
[2022-10-03T01:34:54.062+0000] {processor.py:640} INFO - Processing file /home/airflow/.local/lib/python3.7/site-packages/airflow/example_dags/example_complex.py for tasks to queue
[2022-10-03T01:34:54.063+0000] {logging_mixin.py:115} INFO - [2022-10-03T01:34:54.063+0000] {dagbag.py:508} INFO - Filling up the DagBag from /home/airflow/.local/lib/python3.7/site-packages/airflow/example_dags/example_complex.py
[2022-10-03T01:34:54.074+0000] {processor.py:650} INFO - DAG(s) dict_keys(['example_complex']) retrieved from /home/airflow/.local/lib/python3.7/site-packages/airflow/example_dags/example_complex.py
[2022-10-03T01:34:54.106+0000] {logging_mixin.py:115} INFO - [2022-10-03T01:34:54.106+0000] {dag.py:2429} INFO - Sync 1 DAGs
[2022-10-03T01:34:54.233+0000] {logging_mixin.py:115} INFO - [2022-10-03T01:34:54.233+0000] {dag.py:2981} INFO - Setting next_dagrun for example_complex to None, run_after=None
[2022-10-03T01:34:54.246+0000] {processor.py:161} INFO - Processing /home/airflow/.local/lib/python3.7/site-packages/airflow/example_dags/example_complex.py took 0.187 seconds
[2022-10-03T01:35:24.756+0000] {processor.py:153} INFO - Started process (PID=665) to work on /home/airflow/.local/lib/python3.7/site-packages/airflow/example_dags/example_complex.py
[2022-10-03T01:35:24.757+0000] {processor.py:640} INFO - Processing file /home/airflow/.local/lib/python3.7/site-packages/airflow/example_dags/example_complex.py for tasks to queue
[2022-10-03T01:35:24.758+0000] {logging_mixin.py:115} INFO - [2022-10-03T01:35:24.758+0000] {dagbag.py:508} INFO - Filling up the DagBag from /home/airflow/.local/lib/python3.7/site-packages/airflow/example_dags/example_complex.py
[2022-10-03T01:35:24.770+0000] {processor.py:650} INFO - DAG(s) dict_keys(['example_complex']) retrieved from /home/airflow/.local/lib/python3.7/site-packages/airflow/example_dags/example_complex.py
[2022-10-03T01:35:24.801+0000] {logging_mixin.py:115} INFO - [2022-10-03T01:35:24.801+0000] {dag.py:2429} INFO - Sync 1 DAGs
[2022-10-03T01:35:24.937+0000] {logging_mixin.py:115} INFO - [2022-10-03T01:35:24.937+0000] {dag.py:2981} INFO - Setting next_dagrun for example_complex to None, run_after=None
[2022-10-03T01:35:24.952+0000] {processor.py:161} INFO - Processing /home/airflow/.local/lib/python3.7/site-packages/airflow/example_dags/example_complex.py took 0.199 seconds
[2022-10-03T01:35:55.713+0000] {processor.py:153} INFO - Started process (PID=720) to work on /home/airflow/.local/lib/python3.7/site-packages/airflow/example_dags/example_complex.py
[2022-10-03T01:35:55.714+0000] {processor.py:640} INFO - Processing file /home/airflow/.local/lib/python3.7/site-packages/airflow/example_dags/example_complex.py for tasks to queue
[2022-10-03T01:35:55.715+0000] {logging_mixin.py:115} INFO - [2022-10-03T01:35:55.715+0000] {dagbag.py:508} INFO - Filling up the DagBag from /home/airflow/.local/lib/python3.7/site-packages/airflow/example_dags/example_complex.py
[2022-10-03T01:35:55.727+0000] {processor.py:650} INFO - DAG(s) dict_keys(['example_complex']) retrieved from /home/airflow/.local/lib/python3.7/site-packages/airflow/example_dags/example_complex.py
[2022-10-03T01:35:55.759+0000] {logging_mixin.py:115} INFO - [2022-10-03T01:35:55.759+0000] {dag.py:2429} INFO - Sync 1 DAGs
[2022-10-03T01:35:55.888+0000] {logging_mixin.py:115} INFO - [2022-10-03T01:35:55.888+0000] {dag.py:2981} INFO - Setting next_dagrun for example_complex to None, run_after=None
[2022-10-03T01:35:55.901+0000] {processor.py:161} INFO - Processing /home/airflow/.local/lib/python3.7/site-packages/airflow/example_dags/example_complex.py took 0.191 seconds
[2022-10-03T01:36:26.379+0000] {processor.py:153} INFO - Started process (PID=775) to work on /home/airflow/.local/lib/python3.7/site-packages/airflow/example_dags/example_complex.py
[2022-10-03T01:36:26.380+0000] {processor.py:640} INFO - Processing file /home/airflow/.local/lib/python3.7/site-packages/airflow/example_dags/example_complex.py for tasks to queue
[2022-10-03T01:36:26.380+0000] {logging_mixin.py:115} INFO - [2022-10-03T01:36:26.380+0000] {dagbag.py:508} INFO - Filling up the DagBag from /home/airflow/.local/lib/python3.7/site-packages/airflow/example_dags/example_complex.py
[2022-10-03T01:36:26.391+0000] {processor.py:650} INFO - DAG(s) dict_keys(['example_complex']) retrieved from /home/airflow/.local/lib/python3.7/site-packages/airflow/example_dags/example_complex.py
[2022-10-03T01:36:26.433+0000] {logging_mixin.py:115} INFO - [2022-10-03T01:36:26.432+0000] {dag.py:2429} INFO - Sync 1 DAGs
[2022-10-03T01:36:26.577+0000] {logging_mixin.py:115} INFO - [2022-10-03T01:36:26.577+0000] {dag.py:2981} INFO - Setting next_dagrun for example_complex to None, run_after=None
[2022-10-03T01:36:26.592+0000] {processor.py:161} INFO - Processing /home/airflow/.local/lib/python3.7/site-packages/airflow/example_dags/example_complex.py took 0.216 seconds
[2022-10-03T01:36:57.070+0000] {processor.py:153} INFO - Started process (PID=830) to work on /home/airflow/.local/lib/python3.7/site-packages/airflow/example_dags/example_complex.py
[2022-10-03T01:36:57.071+0000] {processor.py:640} INFO - Processing file /home/airflow/.local/lib/python3.7/site-packages/airflow/example_dags/example_complex.py for tasks to queue
[2022-10-03T01:36:57.072+0000] {logging_mixin.py:115} INFO - [2022-10-03T01:36:57.071+0000] {dagbag.py:508} INFO - Filling up the DagBag from /home/airflow/.local/lib/python3.7/site-packages/airflow/example_dags/example_complex.py
[2022-10-03T01:36:57.083+0000] {processor.py:650} INFO - DAG(s) dict_keys(['example_complex']) retrieved from /home/airflow/.local/lib/python3.7/site-packages/airflow/example_dags/example_complex.py
[2022-10-03T01:36:57.115+0000] {logging_mixin.py:115} INFO - [2022-10-03T01:36:57.115+0000] {dag.py:2429} INFO - Sync 1 DAGs
[2022-10-03T01:36:57.234+0000] {logging_mixin.py:115} INFO - [2022-10-03T01:36:57.234+0000] {dag.py:2981} INFO - Setting next_dagrun for example_complex to None, run_after=None
[2022-10-03T01:36:57.248+0000] {processor.py:161} INFO - Processing /home/airflow/.local/lib/python3.7/site-packages/airflow/example_dags/example_complex.py took 0.182 seconds
[2022-10-03T01:37:27.840+0000] {processor.py:153} INFO - Started process (PID=887) to work on /home/airflow/.local/lib/python3.7/site-packages/airflow/example_dags/example_complex.py
[2022-10-03T01:37:27.841+0000] {processor.py:640} INFO - Processing file /home/airflow/.local/lib/python3.7/site-packages/airflow/example_dags/example_complex.py for tasks to queue
[2022-10-03T01:37:27.841+0000] {logging_mixin.py:115} INFO - [2022-10-03T01:37:27.841+0000] {dagbag.py:508} INFO - Filling up the DagBag from /home/airflow/.local/lib/python3.7/site-packages/airflow/example_dags/example_complex.py
[2022-10-03T01:37:27.855+0000] {processor.py:650} INFO - DAG(s) dict_keys(['example_complex']) retrieved from /home/airflow/.local/lib/python3.7/site-packages/airflow/example_dags/example_complex.py
[2022-10-03T01:37:27.891+0000] {logging_mixin.py:115} INFO - [2022-10-03T01:37:27.891+0000] {dag.py:2429} INFO - Sync 1 DAGs
[2022-10-03T01:37:28.039+0000] {logging_mixin.py:115} INFO - [2022-10-03T01:37:28.039+0000] {dag.py:2981} INFO - Setting next_dagrun for example_complex to None, run_after=None
[2022-10-03T01:37:28.052+0000] {processor.py:161} INFO - Processing /home/airflow/.local/lib/python3.7/site-packages/airflow/example_dags/example_complex.py took 0.215 seconds
[2022-10-03T01:37:58.616+0000] {processor.py:153} INFO - Started process (PID=943) to work on /home/airflow/.local/lib/python3.7/site-packages/airflow/example_dags/example_complex.py
[2022-10-03T01:37:58.617+0000] {processor.py:640} INFO - Processing file /home/airflow/.local/lib/python3.7/site-packages/airflow/example_dags/example_complex.py for tasks to queue
[2022-10-03T01:37:58.618+0000] {logging_mixin.py:115} INFO - [2022-10-03T01:37:58.618+0000] {dagbag.py:508} INFO - Filling up the DagBag from /home/airflow/.local/lib/python3.7/site-packages/airflow/example_dags/example_complex.py
[2022-10-03T01:37:58.633+0000] {processor.py:650} INFO - DAG(s) dict_keys(['example_complex']) retrieved from /home/airflow/.local/lib/python3.7/site-packages/airflow/example_dags/example_complex.py
[2022-10-03T01:37:58.665+0000] {logging_mixin.py:115} INFO - [2022-10-03T01:37:58.664+0000] {dag.py:2429} INFO - Sync 1 DAGs
[2022-10-03T01:37:58.787+0000] {logging_mixin.py:115} INFO - [2022-10-03T01:37:58.787+0000] {dag.py:2981} INFO - Setting next_dagrun for example_complex to None, run_after=None
[2022-10-03T01:37:58.800+0000] {processor.py:161} INFO - Processing /home/airflow/.local/lib/python3.7/site-packages/airflow/example_dags/example_complex.py took 0.187 seconds
[2022-10-03T01:38:29.265+0000] {processor.py:153} INFO - Started process (PID=998) to work on /home/airflow/.local/lib/python3.7/site-packages/airflow/example_dags/example_complex.py
[2022-10-03T01:38:29.266+0000] {processor.py:640} INFO - Processing file /home/airflow/.local/lib/python3.7/site-packages/airflow/example_dags/example_complex.py for tasks to queue
[2022-10-03T01:38:29.266+0000] {logging_mixin.py:115} INFO - [2022-10-03T01:38:29.266+0000] {dagbag.py:508} INFO - Filling up the DagBag from /home/airflow/.local/lib/python3.7/site-packages/airflow/example_dags/example_complex.py
[2022-10-03T01:38:29.277+0000] {processor.py:650} INFO - DAG(s) dict_keys(['example_complex']) retrieved from /home/airflow/.local/lib/python3.7/site-packages/airflow/example_dags/example_complex.py
[2022-10-03T01:38:29.309+0000] {logging_mixin.py:115} INFO - [2022-10-03T01:38:29.308+0000] {dag.py:2429} INFO - Sync 1 DAGs
[2022-10-03T01:38:29.442+0000] {logging_mixin.py:115} INFO - [2022-10-03T01:38:29.442+0000] {dag.py:2981} INFO - Setting next_dagrun for example_complex to None, run_after=None
[2022-10-03T01:38:29.457+0000] {processor.py:161} INFO - Processing /home/airflow/.local/lib/python3.7/site-packages/airflow/example_dags/example_complex.py took 0.195 seconds
[2022-10-03T01:39:00.054+0000] {processor.py:153} INFO - Started process (PID=1053) to work on /home/airflow/.local/lib/python3.7/site-packages/airflow/example_dags/example_complex.py
[2022-10-03T01:39:00.055+0000] {processor.py:640} INFO - Processing file /home/airflow/.local/lib/python3.7/site-packages/airflow/example_dags/example_complex.py for tasks to queue
[2022-10-03T01:39:00.056+0000] {logging_mixin.py:115} INFO - [2022-10-03T01:39:00.056+0000] {dagbag.py:508} INFO - Filling up the DagBag from /home/airflow/.local/lib/python3.7/site-packages/airflow/example_dags/example_complex.py
[2022-10-03T01:39:00.068+0000] {processor.py:650} INFO - DAG(s) dict_keys(['example_complex']) retrieved from /home/airflow/.local/lib/python3.7/site-packages/airflow/example_dags/example_complex.py
[2022-10-03T01:39:00.103+0000] {logging_mixin.py:115} INFO - [2022-10-03T01:39:00.103+0000] {dag.py:2429} INFO - Sync 1 DAGs
[2022-10-03T01:39:00.242+0000] {logging_mixin.py:115} INFO - [2022-10-03T01:39:00.242+0000] {dag.py:2981} INFO - Setting next_dagrun for example_complex to None, run_after=None
[2022-10-03T01:39:00.256+0000] {processor.py:161} INFO - Processing /home/airflow/.local/lib/python3.7/site-packages/airflow/example_dags/example_complex.py took 0.204 seconds
[2022-10-03T01:39:30.875+0000] {processor.py:153} INFO - Started process (PID=1115) to work on /home/airflow/.local/lib/python3.7/site-packages/airflow/example_dags/example_complex.py
[2022-10-03T01:39:30.875+0000] {processor.py:640} INFO - Processing file /home/airflow/.local/lib/python3.7/site-packages/airflow/example_dags/example_complex.py for tasks to queue
[2022-10-03T01:39:30.877+0000] {logging_mixin.py:115} INFO - [2022-10-03T01:39:30.876+0000] {dagbag.py:508} INFO - Filling up the DagBag from /home/airflow/.local/lib/python3.7/site-packages/airflow/example_dags/example_complex.py
[2022-10-03T01:39:30.891+0000] {processor.py:650} INFO - DAG(s) dict_keys(['example_complex']) retrieved from /home/airflow/.local/lib/python3.7/site-packages/airflow/example_dags/example_complex.py
[2022-10-03T01:39:30.929+0000] {logging_mixin.py:115} INFO - [2022-10-03T01:39:30.929+0000] {dag.py:2429} INFO - Sync 1 DAGs
[2022-10-03T01:39:31.051+0000] {logging_mixin.py:115} INFO - [2022-10-03T01:39:31.051+0000] {dag.py:2981} INFO - Setting next_dagrun for example_complex to None, run_after=None
[2022-10-03T01:39:31.064+0000] {processor.py:161} INFO - Processing /home/airflow/.local/lib/python3.7/site-packages/airflow/example_dags/example_complex.py took 0.192 seconds
[2022-10-03T01:40:01.361+0000] {processor.py:153} INFO - Started process (PID=1170) to work on /home/airflow/.local/lib/python3.7/site-packages/airflow/example_dags/example_complex.py
[2022-10-03T01:40:01.362+0000] {processor.py:640} INFO - Processing file /home/airflow/.local/lib/python3.7/site-packages/airflow/example_dags/example_complex.py for tasks to queue
[2022-10-03T01:40:01.363+0000] {logging_mixin.py:115} INFO - [2022-10-03T01:40:01.363+0000] {dagbag.py:508} INFO - Filling up the DagBag from /home/airflow/.local/lib/python3.7/site-packages/airflow/example_dags/example_complex.py
[2022-10-03T01:40:01.374+0000] {processor.py:650} INFO - DAG(s) dict_keys(['example_complex']) retrieved from /home/airflow/.local/lib/python3.7/site-packages/airflow/example_dags/example_complex.py
[2022-10-03T01:40:01.417+0000] {logging_mixin.py:115} INFO - [2022-10-03T01:40:01.416+0000] {dag.py:2429} INFO - Sync 1 DAGs
[2022-10-03T01:40:01.567+0000] {logging_mixin.py:115} INFO - [2022-10-03T01:40:01.566+0000] {dag.py:2981} INFO - Setting next_dagrun for example_complex to None, run_after=None
[2022-10-03T01:40:01.581+0000] {processor.py:161} INFO - Processing /home/airflow/.local/lib/python3.7/site-packages/airflow/example_dags/example_complex.py took 0.222 seconds
[2022-10-03T01:40:32.080+0000] {processor.py:153} INFO - Started process (PID=1225) to work on /home/airflow/.local/lib/python3.7/site-packages/airflow/example_dags/example_complex.py
[2022-10-03T01:40:32.081+0000] {processor.py:640} INFO - Processing file /home/airflow/.local/lib/python3.7/site-packages/airflow/example_dags/example_complex.py for tasks to queue
[2022-10-03T01:40:32.082+0000] {logging_mixin.py:115} INFO - [2022-10-03T01:40:32.082+0000] {dagbag.py:508} INFO - Filling up the DagBag from /home/airflow/.local/lib/python3.7/site-packages/airflow/example_dags/example_complex.py
[2022-10-03T01:40:32.097+0000] {processor.py:650} INFO - DAG(s) dict_keys(['example_complex']) retrieved from /home/airflow/.local/lib/python3.7/site-packages/airflow/example_dags/example_complex.py
[2022-10-03T01:40:32.131+0000] {logging_mixin.py:115} INFO - [2022-10-03T01:40:32.131+0000] {dag.py:2429} INFO - Sync 1 DAGs
[2022-10-03T01:40:32.264+0000] {logging_mixin.py:115} INFO - [2022-10-03T01:40:32.263+0000] {dag.py:2981} INFO - Setting next_dagrun for example_complex to None, run_after=None
[2022-10-03T01:40:32.278+0000] {processor.py:161} INFO - Processing /home/airflow/.local/lib/python3.7/site-packages/airflow/example_dags/example_complex.py took 0.201 seconds
[2022-10-03T01:41:03.046+0000] {processor.py:153} INFO - Started process (PID=1280) to work on /home/airflow/.local/lib/python3.7/site-packages/airflow/example_dags/example_complex.py
[2022-10-03T01:41:03.047+0000] {processor.py:640} INFO - Processing file /home/airflow/.local/lib/python3.7/site-packages/airflow/example_dags/example_complex.py for tasks to queue
[2022-10-03T01:41:03.048+0000] {logging_mixin.py:115} INFO - [2022-10-03T01:41:03.048+0000] {dagbag.py:508} INFO - Filling up the DagBag from /home/airflow/.local/lib/python3.7/site-packages/airflow/example_dags/example_complex.py
[2022-10-03T01:41:03.062+0000] {processor.py:650} INFO - DAG(s) dict_keys(['example_complex']) retrieved from /home/airflow/.local/lib/python3.7/site-packages/airflow/example_dags/example_complex.py
[2022-10-03T01:41:03.107+0000] {logging_mixin.py:115} INFO - [2022-10-03T01:41:03.106+0000] {dag.py:2429} INFO - Sync 1 DAGs
[2022-10-03T01:41:03.224+0000] {logging_mixin.py:115} INFO - [2022-10-03T01:41:03.224+0000] {dag.py:2981} INFO - Setting next_dagrun for example_complex to None, run_after=None
[2022-10-03T01:41:03.238+0000] {processor.py:161} INFO - Processing /home/airflow/.local/lib/python3.7/site-packages/airflow/example_dags/example_complex.py took 0.195 seconds
[2022-10-03T01:41:33.854+0000] {processor.py:153} INFO - Started process (PID=1336) to work on /home/airflow/.local/lib/python3.7/site-packages/airflow/example_dags/example_complex.py
[2022-10-03T01:41:33.855+0000] {processor.py:640} INFO - Processing file /home/airflow/.local/lib/python3.7/site-packages/airflow/example_dags/example_complex.py for tasks to queue
[2022-10-03T01:41:33.856+0000] {logging_mixin.py:115} INFO - [2022-10-03T01:41:33.856+0000] {dagbag.py:508} INFO - Filling up the DagBag from /home/airflow/.local/lib/python3.7/site-packages/airflow/example_dags/example_complex.py
[2022-10-03T01:41:33.869+0000] {processor.py:650} INFO - DAG(s) dict_keys(['example_complex']) retrieved from /home/airflow/.local/lib/python3.7/site-packages/airflow/example_dags/example_complex.py
[2022-10-03T01:41:33.901+0000] {logging_mixin.py:115} INFO - [2022-10-03T01:41:33.900+0000] {dag.py:2429} INFO - Sync 1 DAGs
[2022-10-03T01:41:34.023+0000] {logging_mixin.py:115} INFO - [2022-10-03T01:41:34.023+0000] {dag.py:2981} INFO - Setting next_dagrun for example_complex to None, run_after=None
[2022-10-03T01:41:34.038+0000] {processor.py:161} INFO - Processing /home/airflow/.local/lib/python3.7/site-packages/airflow/example_dags/example_complex.py took 0.186 seconds
[2022-10-03T01:42:04.856+0000] {processor.py:153} INFO - Started process (PID=1391) to work on /home/airflow/.local/lib/python3.7/site-packages/airflow/example_dags/example_complex.py
[2022-10-03T01:42:04.857+0000] {processor.py:640} INFO - Processing file /home/airflow/.local/lib/python3.7/site-packages/airflow/example_dags/example_complex.py for tasks to queue
[2022-10-03T01:42:04.858+0000] {logging_mixin.py:115} INFO - [2022-10-03T01:42:04.858+0000] {dagbag.py:508} INFO - Filling up the DagBag from /home/airflow/.local/lib/python3.7/site-packages/airflow/example_dags/example_complex.py
[2022-10-03T01:42:04.879+0000] {processor.py:650} INFO - DAG(s) dict_keys(['example_complex']) retrieved from /home/airflow/.local/lib/python3.7/site-packages/airflow/example_dags/example_complex.py
[2022-10-03T01:42:04.938+0000] {logging_mixin.py:115} INFO - [2022-10-03T01:42:04.937+0000] {dag.py:2429} INFO - Sync 1 DAGs
[2022-10-03T01:42:05.077+0000] {logging_mixin.py:115} INFO - [2022-10-03T01:42:05.077+0000] {dag.py:2981} INFO - Setting next_dagrun for example_complex to None, run_after=None
[2022-10-03T01:42:05.091+0000] {processor.py:161} INFO - Processing /home/airflow/.local/lib/python3.7/site-packages/airflow/example_dags/example_complex.py took 0.237 seconds
[2022-10-03T01:42:35.599+0000] {processor.py:153} INFO - Started process (PID=1446) to work on /home/airflow/.local/lib/python3.7/site-packages/airflow/example_dags/example_complex.py
[2022-10-03T01:42:35.600+0000] {processor.py:640} INFO - Processing file /home/airflow/.local/lib/python3.7/site-packages/airflow/example_dags/example_complex.py for tasks to queue
[2022-10-03T01:42:35.602+0000] {logging_mixin.py:115} INFO - [2022-10-03T01:42:35.601+0000] {dagbag.py:508} INFO - Filling up the DagBag from /home/airflow/.local/lib/python3.7/site-packages/airflow/example_dags/example_complex.py
[2022-10-03T01:42:35.621+0000] {processor.py:650} INFO - DAG(s) dict_keys(['example_complex']) retrieved from /home/airflow/.local/lib/python3.7/site-packages/airflow/example_dags/example_complex.py
[2022-10-03T01:42:35.660+0000] {logging_mixin.py:115} INFO - [2022-10-03T01:42:35.660+0000] {dag.py:2429} INFO - Sync 1 DAGs
[2022-10-03T01:42:35.777+0000] {logging_mixin.py:115} INFO - [2022-10-03T01:42:35.777+0000] {dag.py:2981} INFO - Setting next_dagrun for example_complex to None, run_after=None
[2022-10-03T01:42:35.790+0000] {processor.py:161} INFO - Processing /home/airflow/.local/lib/python3.7/site-packages/airflow/example_dags/example_complex.py took 0.194 seconds
[2022-10-03T01:43:06.254+0000] {processor.py:153} INFO - Started process (PID=1502) to work on /home/airflow/.local/lib/python3.7/site-packages/airflow/example_dags/example_complex.py
[2022-10-03T01:43:06.255+0000] {processor.py:640} INFO - Processing file /home/airflow/.local/lib/python3.7/site-packages/airflow/example_dags/example_complex.py for tasks to queue
[2022-10-03T01:43:06.256+0000] {logging_mixin.py:115} INFO - [2022-10-03T01:43:06.255+0000] {dagbag.py:508} INFO - Filling up the DagBag from /home/airflow/.local/lib/python3.7/site-packages/airflow/example_dags/example_complex.py
[2022-10-03T01:43:06.275+0000] {processor.py:650} INFO - DAG(s) dict_keys(['example_complex']) retrieved from /home/airflow/.local/lib/python3.7/site-packages/airflow/example_dags/example_complex.py
[2022-10-03T01:43:06.308+0000] {logging_mixin.py:115} INFO - [2022-10-03T01:43:06.308+0000] {dag.py:2429} INFO - Sync 1 DAGs
[2022-10-03T01:43:06.430+0000] {logging_mixin.py:115} INFO - [2022-10-03T01:43:06.430+0000] {dag.py:2981} INFO - Setting next_dagrun for example_complex to None, run_after=None
[2022-10-03T01:43:06.448+0000] {processor.py:161} INFO - Processing /home/airflow/.local/lib/python3.7/site-packages/airflow/example_dags/example_complex.py took 0.198 seconds
[2022-10-03T01:43:36.922+0000] {processor.py:153} INFO - Started process (PID=1557) to work on /home/airflow/.local/lib/python3.7/site-packages/airflow/example_dags/example_complex.py
[2022-10-03T01:43:36.923+0000] {processor.py:640} INFO - Processing file /home/airflow/.local/lib/python3.7/site-packages/airflow/example_dags/example_complex.py for tasks to queue
[2022-10-03T01:43:36.925+0000] {logging_mixin.py:115} INFO - [2022-10-03T01:43:36.924+0000] {dagbag.py:508} INFO - Filling up the DagBag from /home/airflow/.local/lib/python3.7/site-packages/airflow/example_dags/example_complex.py
[2022-10-03T01:43:36.940+0000] {processor.py:650} INFO - DAG(s) dict_keys(['example_complex']) retrieved from /home/airflow/.local/lib/python3.7/site-packages/airflow/example_dags/example_complex.py
[2022-10-03T01:43:36.972+0000] {logging_mixin.py:115} INFO - [2022-10-03T01:43:36.971+0000] {dag.py:2429} INFO - Sync 1 DAGs
[2022-10-03T01:43:37.090+0000] {logging_mixin.py:115} INFO - [2022-10-03T01:43:37.090+0000] {dag.py:2981} INFO - Setting next_dagrun for example_complex to None, run_after=None
[2022-10-03T01:43:37.103+0000] {processor.py:161} INFO - Processing /home/airflow/.local/lib/python3.7/site-packages/airflow/example_dags/example_complex.py took 0.183 seconds
[2022-10-03T01:44:07.439+0000] {processor.py:153} INFO - Started process (PID=1612) to work on /home/airflow/.local/lib/python3.7/site-packages/airflow/example_dags/example_complex.py
[2022-10-03T01:44:07.441+0000] {processor.py:640} INFO - Processing file /home/airflow/.local/lib/python3.7/site-packages/airflow/example_dags/example_complex.py for tasks to queue
[2022-10-03T01:44:07.443+0000] {logging_mixin.py:115} INFO - [2022-10-03T01:44:07.442+0000] {dagbag.py:508} INFO - Filling up the DagBag from /home/airflow/.local/lib/python3.7/site-packages/airflow/example_dags/example_complex.py
[2022-10-03T01:44:07.457+0000] {processor.py:650} INFO - DAG(s) dict_keys(['example_complex']) retrieved from /home/airflow/.local/lib/python3.7/site-packages/airflow/example_dags/example_complex.py
[2022-10-03T01:44:07.491+0000] {logging_mixin.py:115} INFO - [2022-10-03T01:44:07.491+0000] {dag.py:2429} INFO - Sync 1 DAGs
[2022-10-03T01:44:07.629+0000] {logging_mixin.py:115} INFO - [2022-10-03T01:44:07.629+0000] {dag.py:2981} INFO - Setting next_dagrun for example_complex to None, run_after=None
[2022-10-03T01:44:07.644+0000] {processor.py:161} INFO - Processing /home/airflow/.local/lib/python3.7/site-packages/airflow/example_dags/example_complex.py took 0.208 seconds
[2022-10-03T01:44:38.291+0000] {processor.py:153} INFO - Started process (PID=1667) to work on /home/airflow/.local/lib/python3.7/site-packages/airflow/example_dags/example_complex.py
[2022-10-03T01:44:38.293+0000] {processor.py:640} INFO - Processing file /home/airflow/.local/lib/python3.7/site-packages/airflow/example_dags/example_complex.py for tasks to queue
[2022-10-03T01:44:38.294+0000] {logging_mixin.py:115} INFO - [2022-10-03T01:44:38.294+0000] {dagbag.py:508} INFO - Filling up the DagBag from /home/airflow/.local/lib/python3.7/site-packages/airflow/example_dags/example_complex.py
[2022-10-03T01:44:38.309+0000] {processor.py:650} INFO - DAG(s) dict_keys(['example_complex']) retrieved from /home/airflow/.local/lib/python3.7/site-packages/airflow/example_dags/example_complex.py
[2022-10-03T01:44:38.343+0000] {logging_mixin.py:115} INFO - [2022-10-03T01:44:38.342+0000] {dag.py:2429} INFO - Sync 1 DAGs
[2022-10-03T01:44:38.462+0000] {logging_mixin.py:115} INFO - [2022-10-03T01:44:38.462+0000] {dag.py:2981} INFO - Setting next_dagrun for example_complex to None, run_after=None
[2022-10-03T01:44:38.475+0000] {processor.py:161} INFO - Processing /home/airflow/.local/lib/python3.7/site-packages/airflow/example_dags/example_complex.py took 0.187 seconds
[2022-10-03T01:45:09.129+0000] {processor.py:153} INFO - Started process (PID=1722) to work on /home/airflow/.local/lib/python3.7/site-packages/airflow/example_dags/example_complex.py
[2022-10-03T01:45:09.130+0000] {processor.py:640} INFO - Processing file /home/airflow/.local/lib/python3.7/site-packages/airflow/example_dags/example_complex.py for tasks to queue
[2022-10-03T01:45:09.131+0000] {logging_mixin.py:115} INFO - [2022-10-03T01:45:09.131+0000] {dagbag.py:508} INFO - Filling up the DagBag from /home/airflow/.local/lib/python3.7/site-packages/airflow/example_dags/example_complex.py
[2022-10-03T01:45:09.144+0000] {processor.py:650} INFO - DAG(s) dict_keys(['example_complex']) retrieved from /home/airflow/.local/lib/python3.7/site-packages/airflow/example_dags/example_complex.py
[2022-10-03T01:45:09.172+0000] {logging_mixin.py:115} INFO - [2022-10-03T01:45:09.172+0000] {dag.py:2429} INFO - Sync 1 DAGs
[2022-10-03T01:45:09.285+0000] {logging_mixin.py:115} INFO - [2022-10-03T01:45:09.285+0000] {dag.py:2981} INFO - Setting next_dagrun for example_complex to None, run_after=None
[2022-10-03T01:45:09.297+0000] {processor.py:161} INFO - Processing /home/airflow/.local/lib/python3.7/site-packages/airflow/example_dags/example_complex.py took 0.170 seconds
[2022-10-03T01:45:39.846+0000] {processor.py:153} INFO - Started process (PID=1777) to work on /home/airflow/.local/lib/python3.7/site-packages/airflow/example_dags/example_complex.py
[2022-10-03T01:45:39.847+0000] {processor.py:640} INFO - Processing file /home/airflow/.local/lib/python3.7/site-packages/airflow/example_dags/example_complex.py for tasks to queue
[2022-10-03T01:45:39.848+0000] {logging_mixin.py:115} INFO - [2022-10-03T01:45:39.848+0000] {dagbag.py:508} INFO - Filling up the DagBag from /home/airflow/.local/lib/python3.7/site-packages/airflow/example_dags/example_complex.py
[2022-10-03T01:45:39.862+0000] {processor.py:650} INFO - DAG(s) dict_keys(['example_complex']) retrieved from /home/airflow/.local/lib/python3.7/site-packages/airflow/example_dags/example_complex.py
[2022-10-03T01:45:39.899+0000] {logging_mixin.py:115} INFO - [2022-10-03T01:45:39.899+0000] {dag.py:2429} INFO - Sync 1 DAGs
[2022-10-03T01:45:40.040+0000] {logging_mixin.py:115} INFO - [2022-10-03T01:45:40.040+0000] {dag.py:2981} INFO - Setting next_dagrun for example_complex to None, run_after=None
[2022-10-03T01:45:40.055+0000] {processor.py:161} INFO - Processing /home/airflow/.local/lib/python3.7/site-packages/airflow/example_dags/example_complex.py took 0.212 seconds
[2022-10-03T01:46:10.578+0000] {processor.py:153} INFO - Started process (PID=1832) to work on /home/airflow/.local/lib/python3.7/site-packages/airflow/example_dags/example_complex.py
[2022-10-03T01:46:10.580+0000] {processor.py:640} INFO - Processing file /home/airflow/.local/lib/python3.7/site-packages/airflow/example_dags/example_complex.py for tasks to queue
[2022-10-03T01:46:10.581+0000] {logging_mixin.py:115} INFO - [2022-10-03T01:46:10.581+0000] {dagbag.py:508} INFO - Filling up the DagBag from /home/airflow/.local/lib/python3.7/site-packages/airflow/example_dags/example_complex.py
[2022-10-03T01:46:10.593+0000] {processor.py:650} INFO - DAG(s) dict_keys(['example_complex']) retrieved from /home/airflow/.local/lib/python3.7/site-packages/airflow/example_dags/example_complex.py
[2022-10-03T01:46:10.626+0000] {logging_mixin.py:115} INFO - [2022-10-03T01:46:10.626+0000] {dag.py:2429} INFO - Sync 1 DAGs
[2022-10-03T01:46:10.744+0000] {logging_mixin.py:115} INFO - [2022-10-03T01:46:10.744+0000] {dag.py:2981} INFO - Setting next_dagrun for example_complex to None, run_after=None
[2022-10-03T01:46:10.758+0000] {processor.py:161} INFO - Processing /home/airflow/.local/lib/python3.7/site-packages/airflow/example_dags/example_complex.py took 0.183 seconds
[2022-10-03T01:46:41.299+0000] {processor.py:153} INFO - Started process (PID=1887) to work on /home/airflow/.local/lib/python3.7/site-packages/airflow/example_dags/example_complex.py
[2022-10-03T01:46:41.300+0000] {processor.py:640} INFO - Processing file /home/airflow/.local/lib/python3.7/site-packages/airflow/example_dags/example_complex.py for tasks to queue
[2022-10-03T01:46:41.301+0000] {logging_mixin.py:115} INFO - [2022-10-03T01:46:41.301+0000] {dagbag.py:508} INFO - Filling up the DagBag from /home/airflow/.local/lib/python3.7/site-packages/airflow/example_dags/example_complex.py
[2022-10-03T01:46:41.313+0000] {processor.py:650} INFO - DAG(s) dict_keys(['example_complex']) retrieved from /home/airflow/.local/lib/python3.7/site-packages/airflow/example_dags/example_complex.py
[2022-10-03T01:46:41.348+0000] {logging_mixin.py:115} INFO - [2022-10-03T01:46:41.348+0000] {dag.py:2429} INFO - Sync 1 DAGs
[2022-10-03T01:46:41.486+0000] {logging_mixin.py:115} INFO - [2022-10-03T01:46:41.486+0000] {dag.py:2981} INFO - Setting next_dagrun for example_complex to None, run_after=None
[2022-10-03T01:46:41.498+0000] {processor.py:161} INFO - Processing /home/airflow/.local/lib/python3.7/site-packages/airflow/example_dags/example_complex.py took 0.202 seconds
[2022-10-03T01:47:12.292+0000] {processor.py:153} INFO - Started process (PID=1942) to work on /home/airflow/.local/lib/python3.7/site-packages/airflow/example_dags/example_complex.py
[2022-10-03T01:47:12.293+0000] {processor.py:640} INFO - Processing file /home/airflow/.local/lib/python3.7/site-packages/airflow/example_dags/example_complex.py for tasks to queue
[2022-10-03T01:47:12.294+0000] {logging_mixin.py:115} INFO - [2022-10-03T01:47:12.294+0000] {dagbag.py:508} INFO - Filling up the DagBag from /home/airflow/.local/lib/python3.7/site-packages/airflow/example_dags/example_complex.py
[2022-10-03T01:47:12.308+0000] {processor.py:650} INFO - DAG(s) dict_keys(['example_complex']) retrieved from /home/airflow/.local/lib/python3.7/site-packages/airflow/example_dags/example_complex.py
[2022-10-03T01:47:12.350+0000] {logging_mixin.py:115} INFO - [2022-10-03T01:47:12.349+0000] {dag.py:2429} INFO - Sync 1 DAGs
[2022-10-03T01:47:12.502+0000] {logging_mixin.py:115} INFO - [2022-10-03T01:47:12.502+0000] {dag.py:2981} INFO - Setting next_dagrun for example_complex to None, run_after=None
[2022-10-03T01:47:12.517+0000] {processor.py:161} INFO - Processing /home/airflow/.local/lib/python3.7/site-packages/airflow/example_dags/example_complex.py took 0.227 seconds
[2022-10-03T01:47:43.076+0000] {processor.py:153} INFO - Started process (PID=1997) to work on /home/airflow/.local/lib/python3.7/site-packages/airflow/example_dags/example_complex.py
[2022-10-03T01:47:43.077+0000] {processor.py:640} INFO - Processing file /home/airflow/.local/lib/python3.7/site-packages/airflow/example_dags/example_complex.py for tasks to queue
[2022-10-03T01:47:43.078+0000] {logging_mixin.py:115} INFO - [2022-10-03T01:47:43.078+0000] {dagbag.py:508} INFO - Filling up the DagBag from /home/airflow/.local/lib/python3.7/site-packages/airflow/example_dags/example_complex.py
[2022-10-03T01:47:43.094+0000] {processor.py:650} INFO - DAG(s) dict_keys(['example_complex']) retrieved from /home/airflow/.local/lib/python3.7/site-packages/airflow/example_dags/example_complex.py
[2022-10-03T01:47:43.127+0000] {logging_mixin.py:115} INFO - [2022-10-03T01:47:43.127+0000] {dag.py:2429} INFO - Sync 1 DAGs
[2022-10-03T01:47:43.268+0000] {logging_mixin.py:115} INFO - [2022-10-03T01:47:43.268+0000] {dag.py:2981} INFO - Setting next_dagrun for example_complex to None, run_after=None
[2022-10-03T01:47:43.281+0000] {processor.py:161} INFO - Processing /home/airflow/.local/lib/python3.7/site-packages/airflow/example_dags/example_complex.py took 0.208 seconds
[2022-10-03T01:48:13.852+0000] {processor.py:153} INFO - Started process (PID=2058) to work on /home/airflow/.local/lib/python3.7/site-packages/airflow/example_dags/example_complex.py
[2022-10-03T01:48:13.853+0000] {processor.py:640} INFO - Processing file /home/airflow/.local/lib/python3.7/site-packages/airflow/example_dags/example_complex.py for tasks to queue
[2022-10-03T01:48:13.855+0000] {logging_mixin.py:115} INFO - [2022-10-03T01:48:13.855+0000] {dagbag.py:508} INFO - Filling up the DagBag from /home/airflow/.local/lib/python3.7/site-packages/airflow/example_dags/example_complex.py
[2022-10-03T01:48:13.873+0000] {processor.py:650} INFO - DAG(s) dict_keys(['example_complex']) retrieved from /home/airflow/.local/lib/python3.7/site-packages/airflow/example_dags/example_complex.py
[2022-10-03T01:48:13.926+0000] {logging_mixin.py:115} INFO - [2022-10-03T01:48:13.926+0000] {dag.py:2429} INFO - Sync 1 DAGs
[2022-10-03T01:48:14.050+0000] {logging_mixin.py:115} INFO - [2022-10-03T01:48:14.049+0000] {dag.py:2981} INFO - Setting next_dagrun for example_complex to None, run_after=None
[2022-10-03T01:48:14.063+0000] {processor.py:161} INFO - Processing /home/airflow/.local/lib/python3.7/site-packages/airflow/example_dags/example_complex.py took 0.214 seconds
[2022-10-03T01:48:44.699+0000] {processor.py:153} INFO - Started process (PID=2114) to work on /home/airflow/.local/lib/python3.7/site-packages/airflow/example_dags/example_complex.py
[2022-10-03T01:48:44.700+0000] {processor.py:640} INFO - Processing file /home/airflow/.local/lib/python3.7/site-packages/airflow/example_dags/example_complex.py for tasks to queue
[2022-10-03T01:48:44.700+0000] {logging_mixin.py:115} INFO - [2022-10-03T01:48:44.700+0000] {dagbag.py:508} INFO - Filling up the DagBag from /home/airflow/.local/lib/python3.7/site-packages/airflow/example_dags/example_complex.py
[2022-10-03T01:48:44.711+0000] {processor.py:650} INFO - DAG(s) dict_keys(['example_complex']) retrieved from /home/airflow/.local/lib/python3.7/site-packages/airflow/example_dags/example_complex.py
[2022-10-03T01:48:44.749+0000] {logging_mixin.py:115} INFO - [2022-10-03T01:48:44.749+0000] {dag.py:2429} INFO - Sync 1 DAGs
[2022-10-03T01:48:44.879+0000] {logging_mixin.py:115} INFO - [2022-10-03T01:48:44.879+0000] {dag.py:2981} INFO - Setting next_dagrun for example_complex to None, run_after=None
[2022-10-03T01:48:44.894+0000] {processor.py:161} INFO - Processing /home/airflow/.local/lib/python3.7/site-packages/airflow/example_dags/example_complex.py took 0.198 seconds
[2022-10-03T01:49:15.441+0000] {processor.py:153} INFO - Started process (PID=2169) to work on /home/airflow/.local/lib/python3.7/site-packages/airflow/example_dags/example_complex.py
[2022-10-03T01:49:15.442+0000] {processor.py:640} INFO - Processing file /home/airflow/.local/lib/python3.7/site-packages/airflow/example_dags/example_complex.py for tasks to queue
[2022-10-03T01:49:15.443+0000] {logging_mixin.py:115} INFO - [2022-10-03T01:49:15.443+0000] {dagbag.py:508} INFO - Filling up the DagBag from /home/airflow/.local/lib/python3.7/site-packages/airflow/example_dags/example_complex.py
[2022-10-03T01:49:15.455+0000] {processor.py:650} INFO - DAG(s) dict_keys(['example_complex']) retrieved from /home/airflow/.local/lib/python3.7/site-packages/airflow/example_dags/example_complex.py
[2022-10-03T01:49:15.495+0000] {logging_mixin.py:115} INFO - [2022-10-03T01:49:15.495+0000] {dag.py:2429} INFO - Sync 1 DAGs
[2022-10-03T01:49:15.622+0000] {logging_mixin.py:115} INFO - [2022-10-03T01:49:15.621+0000] {dag.py:2981} INFO - Setting next_dagrun for example_complex to None, run_after=None
[2022-10-03T01:49:15.636+0000] {processor.py:161} INFO - Processing /home/airflow/.local/lib/python3.7/site-packages/airflow/example_dags/example_complex.py took 0.197 seconds
[2022-10-03T01:52:30.877+0000] {processor.py:153} INFO - Started process (PID=60) to work on /home/airflow/.local/lib/python3.7/site-packages/airflow/example_dags/example_complex.py
[2022-10-03T01:52:30.878+0000] {processor.py:640} INFO - Processing file /home/airflow/.local/lib/python3.7/site-packages/airflow/example_dags/example_complex.py for tasks to queue
[2022-10-03T01:52:30.880+0000] {logging_mixin.py:115} INFO - [2022-10-03T01:52:30.880+0000] {dagbag.py:508} INFO - Filling up the DagBag from /home/airflow/.local/lib/python3.7/site-packages/airflow/example_dags/example_complex.py
[2022-10-03T01:52:30.904+0000] {processor.py:650} INFO - DAG(s) dict_keys(['example_complex']) retrieved from /home/airflow/.local/lib/python3.7/site-packages/airflow/example_dags/example_complex.py
[2022-10-03T01:52:30.954+0000] {logging_mixin.py:115} INFO - [2022-10-03T01:52:30.954+0000] {dag.py:2429} INFO - Sync 1 DAGs
[2022-10-03T01:52:31.179+0000] {logging_mixin.py:115} INFO - [2022-10-03T01:52:31.179+0000] {dag.py:2981} INFO - Setting next_dagrun for example_complex to None, run_after=None
[2022-10-03T01:52:31.202+0000] {processor.py:161} INFO - Processing /home/airflow/.local/lib/python3.7/site-packages/airflow/example_dags/example_complex.py took 0.330 seconds
[2022-10-03T01:53:02.035+0000] {processor.py:153} INFO - Started process (PID=116) to work on /home/airflow/.local/lib/python3.7/site-packages/airflow/example_dags/example_complex.py
[2022-10-03T01:53:02.036+0000] {processor.py:640} INFO - Processing file /home/airflow/.local/lib/python3.7/site-packages/airflow/example_dags/example_complex.py for tasks to queue
[2022-10-03T01:53:02.037+0000] {logging_mixin.py:115} INFO - [2022-10-03T01:53:02.037+0000] {dagbag.py:508} INFO - Filling up the DagBag from /home/airflow/.local/lib/python3.7/site-packages/airflow/example_dags/example_complex.py
[2022-10-03T01:53:02.050+0000] {processor.py:650} INFO - DAG(s) dict_keys(['example_complex']) retrieved from /home/airflow/.local/lib/python3.7/site-packages/airflow/example_dags/example_complex.py
[2022-10-03T01:53:02.080+0000] {logging_mixin.py:115} INFO - [2022-10-03T01:53:02.079+0000] {dag.py:2429} INFO - Sync 1 DAGs
[2022-10-03T01:53:02.224+0000] {logging_mixin.py:115} INFO - [2022-10-03T01:53:02.223+0000] {dag.py:2981} INFO - Setting next_dagrun for example_complex to None, run_after=None
[2022-10-03T01:53:02.257+0000] {processor.py:161} INFO - Processing /home/airflow/.local/lib/python3.7/site-packages/airflow/example_dags/example_complex.py took 0.225 seconds
[2022-10-03T01:53:32.869+0000] {processor.py:153} INFO - Started process (PID=171) to work on /home/airflow/.local/lib/python3.7/site-packages/airflow/example_dags/example_complex.py
[2022-10-03T01:53:32.870+0000] {processor.py:640} INFO - Processing file /home/airflow/.local/lib/python3.7/site-packages/airflow/example_dags/example_complex.py for tasks to queue
[2022-10-03T01:53:32.872+0000] {logging_mixin.py:115} INFO - [2022-10-03T01:53:32.871+0000] {dagbag.py:508} INFO - Filling up the DagBag from /home/airflow/.local/lib/python3.7/site-packages/airflow/example_dags/example_complex.py
[2022-10-03T01:53:32.888+0000] {processor.py:650} INFO - DAG(s) dict_keys(['example_complex']) retrieved from /home/airflow/.local/lib/python3.7/site-packages/airflow/example_dags/example_complex.py
[2022-10-03T01:53:32.922+0000] {logging_mixin.py:115} INFO - [2022-10-03T01:53:32.922+0000] {dag.py:2429} INFO - Sync 1 DAGs
[2022-10-03T01:53:33.078+0000] {logging_mixin.py:115} INFO - [2022-10-03T01:53:33.078+0000] {dag.py:2981} INFO - Setting next_dagrun for example_complex to None, run_after=None
[2022-10-03T01:53:33.093+0000] {processor.py:161} INFO - Processing /home/airflow/.local/lib/python3.7/site-packages/airflow/example_dags/example_complex.py took 0.228 seconds
[2022-10-03T01:54:03.755+0000] {processor.py:153} INFO - Started process (PID=226) to work on /home/airflow/.local/lib/python3.7/site-packages/airflow/example_dags/example_complex.py
[2022-10-03T01:54:03.756+0000] {processor.py:640} INFO - Processing file /home/airflow/.local/lib/python3.7/site-packages/airflow/example_dags/example_complex.py for tasks to queue
[2022-10-03T01:54:03.757+0000] {logging_mixin.py:115} INFO - [2022-10-03T01:54:03.757+0000] {dagbag.py:508} INFO - Filling up the DagBag from /home/airflow/.local/lib/python3.7/site-packages/airflow/example_dags/example_complex.py
[2022-10-03T01:54:03.770+0000] {processor.py:650} INFO - DAG(s) dict_keys(['example_complex']) retrieved from /home/airflow/.local/lib/python3.7/site-packages/airflow/example_dags/example_complex.py
[2022-10-03T01:54:03.795+0000] {logging_mixin.py:115} INFO - [2022-10-03T01:54:03.795+0000] {dag.py:2429} INFO - Sync 1 DAGs
[2022-10-03T01:54:03.928+0000] {logging_mixin.py:115} INFO - [2022-10-03T01:54:03.928+0000] {dag.py:2981} INFO - Setting next_dagrun for example_complex to None, run_after=None
[2022-10-03T01:54:03.942+0000] {processor.py:161} INFO - Processing /home/airflow/.local/lib/python3.7/site-packages/airflow/example_dags/example_complex.py took 0.191 seconds
[2022-10-03T01:54:34.687+0000] {processor.py:153} INFO - Started process (PID=282) to work on /home/airflow/.local/lib/python3.7/site-packages/airflow/example_dags/example_complex.py
[2022-10-03T01:54:34.687+0000] {processor.py:640} INFO - Processing file /home/airflow/.local/lib/python3.7/site-packages/airflow/example_dags/example_complex.py for tasks to queue
[2022-10-03T01:54:34.688+0000] {logging_mixin.py:115} INFO - [2022-10-03T01:54:34.688+0000] {dagbag.py:508} INFO - Filling up the DagBag from /home/airflow/.local/lib/python3.7/site-packages/airflow/example_dags/example_complex.py
[2022-10-03T01:54:34.699+0000] {processor.py:650} INFO - DAG(s) dict_keys(['example_complex']) retrieved from /home/airflow/.local/lib/python3.7/site-packages/airflow/example_dags/example_complex.py
[2022-10-03T01:54:34.736+0000] {logging_mixin.py:115} INFO - [2022-10-03T01:54:34.736+0000] {dag.py:2429} INFO - Sync 1 DAGs
[2022-10-03T01:54:34.861+0000] {logging_mixin.py:115} INFO - [2022-10-03T01:54:34.861+0000] {dag.py:2981} INFO - Setting next_dagrun for example_complex to None, run_after=None
[2022-10-03T01:54:34.875+0000] {processor.py:161} INFO - Processing /home/airflow/.local/lib/python3.7/site-packages/airflow/example_dags/example_complex.py took 0.191 seconds
[2022-10-03T01:55:05.106+0000] {processor.py:153} INFO - Started process (PID=337) to work on /home/airflow/.local/lib/python3.7/site-packages/airflow/example_dags/example_complex.py
[2022-10-03T01:55:05.107+0000] {processor.py:640} INFO - Processing file /home/airflow/.local/lib/python3.7/site-packages/airflow/example_dags/example_complex.py for tasks to queue
[2022-10-03T01:55:05.109+0000] {logging_mixin.py:115} INFO - [2022-10-03T01:55:05.109+0000] {dagbag.py:508} INFO - Filling up the DagBag from /home/airflow/.local/lib/python3.7/site-packages/airflow/example_dags/example_complex.py
[2022-10-03T01:55:05.124+0000] {processor.py:650} INFO - DAG(s) dict_keys(['example_complex']) retrieved from /home/airflow/.local/lib/python3.7/site-packages/airflow/example_dags/example_complex.py
[2022-10-03T01:55:05.155+0000] {logging_mixin.py:115} INFO - [2022-10-03T01:55:05.154+0000] {dag.py:2429} INFO - Sync 1 DAGs
[2022-10-03T01:55:05.307+0000] {logging_mixin.py:115} INFO - [2022-10-03T01:55:05.307+0000] {dag.py:2981} INFO - Setting next_dagrun for example_complex to None, run_after=None
[2022-10-03T01:55:05.322+0000] {processor.py:161} INFO - Processing /home/airflow/.local/lib/python3.7/site-packages/airflow/example_dags/example_complex.py took 0.219 seconds
[2022-10-03T01:55:35.917+0000] {processor.py:153} INFO - Started process (PID=392) to work on /home/airflow/.local/lib/python3.7/site-packages/airflow/example_dags/example_complex.py
[2022-10-03T01:55:35.918+0000] {processor.py:640} INFO - Processing file /home/airflow/.local/lib/python3.7/site-packages/airflow/example_dags/example_complex.py for tasks to queue
[2022-10-03T01:55:35.919+0000] {logging_mixin.py:115} INFO - [2022-10-03T01:55:35.919+0000] {dagbag.py:508} INFO - Filling up the DagBag from /home/airflow/.local/lib/python3.7/site-packages/airflow/example_dags/example_complex.py
[2022-10-03T01:55:35.930+0000] {processor.py:650} INFO - DAG(s) dict_keys(['example_complex']) retrieved from /home/airflow/.local/lib/python3.7/site-packages/airflow/example_dags/example_complex.py
[2022-10-03T01:55:35.958+0000] {logging_mixin.py:115} INFO - [2022-10-03T01:55:35.958+0000] {dag.py:2429} INFO - Sync 1 DAGs
[2022-10-03T01:55:36.090+0000] {logging_mixin.py:115} INFO - [2022-10-03T01:55:36.090+0000] {dag.py:2981} INFO - Setting next_dagrun for example_complex to None, run_after=None
[2022-10-03T01:55:36.104+0000] {processor.py:161} INFO - Processing /home/airflow/.local/lib/python3.7/site-packages/airflow/example_dags/example_complex.py took 0.190 seconds
[2022-10-03T01:56:06.453+0000] {processor.py:153} INFO - Started process (PID=447) to work on /home/airflow/.local/lib/python3.7/site-packages/airflow/example_dags/example_complex.py
[2022-10-03T01:56:06.454+0000] {processor.py:640} INFO - Processing file /home/airflow/.local/lib/python3.7/site-packages/airflow/example_dags/example_complex.py for tasks to queue
[2022-10-03T01:56:06.456+0000] {logging_mixin.py:115} INFO - [2022-10-03T01:56:06.455+0000] {dagbag.py:508} INFO - Filling up the DagBag from /home/airflow/.local/lib/python3.7/site-packages/airflow/example_dags/example_complex.py
[2022-10-03T01:56:06.473+0000] {processor.py:650} INFO - DAG(s) dict_keys(['example_complex']) retrieved from /home/airflow/.local/lib/python3.7/site-packages/airflow/example_dags/example_complex.py
[2022-10-03T01:56:06.520+0000] {logging_mixin.py:115} INFO - [2022-10-03T01:56:06.520+0000] {dag.py:2429} INFO - Sync 1 DAGs
[2022-10-03T01:56:06.653+0000] {logging_mixin.py:115} INFO - [2022-10-03T01:56:06.653+0000] {dag.py:2981} INFO - Setting next_dagrun for example_complex to None, run_after=None
[2022-10-03T01:56:06.668+0000] {processor.py:161} INFO - Processing /home/airflow/.local/lib/python3.7/site-packages/airflow/example_dags/example_complex.py took 0.218 seconds
[2022-10-03T01:56:37.285+0000] {processor.py:153} INFO - Started process (PID=502) to work on /home/airflow/.local/lib/python3.7/site-packages/airflow/example_dags/example_complex.py
[2022-10-03T01:56:37.286+0000] {processor.py:640} INFO - Processing file /home/airflow/.local/lib/python3.7/site-packages/airflow/example_dags/example_complex.py for tasks to queue
[2022-10-03T01:56:37.286+0000] {logging_mixin.py:115} INFO - [2022-10-03T01:56:37.286+0000] {dagbag.py:508} INFO - Filling up the DagBag from /home/airflow/.local/lib/python3.7/site-packages/airflow/example_dags/example_complex.py
[2022-10-03T01:56:37.299+0000] {processor.py:650} INFO - DAG(s) dict_keys(['example_complex']) retrieved from /home/airflow/.local/lib/python3.7/site-packages/airflow/example_dags/example_complex.py
[2022-10-03T01:56:37.325+0000] {logging_mixin.py:115} INFO - [2022-10-03T01:56:37.325+0000] {dag.py:2429} INFO - Sync 1 DAGs
[2022-10-03T01:56:37.481+0000] {logging_mixin.py:115} INFO - [2022-10-03T01:56:37.481+0000] {dag.py:2981} INFO - Setting next_dagrun for example_complex to None, run_after=None
[2022-10-03T01:56:37.496+0000] {processor.py:161} INFO - Processing /home/airflow/.local/lib/python3.7/site-packages/airflow/example_dags/example_complex.py took 0.214 seconds
[2022-10-03T01:57:07.829+0000] {processor.py:153} INFO - Started process (PID=557) to work on /home/airflow/.local/lib/python3.7/site-packages/airflow/example_dags/example_complex.py
[2022-10-03T01:57:07.830+0000] {processor.py:640} INFO - Processing file /home/airflow/.local/lib/python3.7/site-packages/airflow/example_dags/example_complex.py for tasks to queue
[2022-10-03T01:57:07.832+0000] {logging_mixin.py:115} INFO - [2022-10-03T01:57:07.832+0000] {dagbag.py:508} INFO - Filling up the DagBag from /home/airflow/.local/lib/python3.7/site-packages/airflow/example_dags/example_complex.py
[2022-10-03T01:57:07.850+0000] {processor.py:650} INFO - DAG(s) dict_keys(['example_complex']) retrieved from /home/airflow/.local/lib/python3.7/site-packages/airflow/example_dags/example_complex.py
[2022-10-03T01:57:07.880+0000] {logging_mixin.py:115} INFO - [2022-10-03T01:57:07.879+0000] {dag.py:2429} INFO - Sync 1 DAGs
[2022-10-03T01:57:08.014+0000] {logging_mixin.py:115} INFO - [2022-10-03T01:57:08.014+0000] {dag.py:2981} INFO - Setting next_dagrun for example_complex to None, run_after=None
[2022-10-03T01:57:08.028+0000] {processor.py:161} INFO - Processing /home/airflow/.local/lib/python3.7/site-packages/airflow/example_dags/example_complex.py took 0.203 seconds
[2022-10-03T01:57:38.329+0000] {processor.py:153} INFO - Started process (PID=612) to work on /home/airflow/.local/lib/python3.7/site-packages/airflow/example_dags/example_complex.py
[2022-10-03T01:57:38.330+0000] {processor.py:640} INFO - Processing file /home/airflow/.local/lib/python3.7/site-packages/airflow/example_dags/example_complex.py for tasks to queue
[2022-10-03T01:57:38.331+0000] {logging_mixin.py:115} INFO - [2022-10-03T01:57:38.330+0000] {dagbag.py:508} INFO - Filling up the DagBag from /home/airflow/.local/lib/python3.7/site-packages/airflow/example_dags/example_complex.py
[2022-10-03T01:57:38.344+0000] {processor.py:650} INFO - DAG(s) dict_keys(['example_complex']) retrieved from /home/airflow/.local/lib/python3.7/site-packages/airflow/example_dags/example_complex.py
[2022-10-03T01:57:38.375+0000] {logging_mixin.py:115} INFO - [2022-10-03T01:57:38.374+0000] {dag.py:2429} INFO - Sync 1 DAGs
[2022-10-03T01:57:38.531+0000] {logging_mixin.py:115} INFO - [2022-10-03T01:57:38.531+0000] {dag.py:2981} INFO - Setting next_dagrun for example_complex to None, run_after=None
[2022-10-03T01:57:38.547+0000] {processor.py:161} INFO - Processing /home/airflow/.local/lib/python3.7/site-packages/airflow/example_dags/example_complex.py took 0.221 seconds
[2022-10-03T01:58:09.137+0000] {processor.py:153} INFO - Started process (PID=667) to work on /home/airflow/.local/lib/python3.7/site-packages/airflow/example_dags/example_complex.py
[2022-10-03T01:58:09.138+0000] {processor.py:640} INFO - Processing file /home/airflow/.local/lib/python3.7/site-packages/airflow/example_dags/example_complex.py for tasks to queue
[2022-10-03T01:58:09.139+0000] {logging_mixin.py:115} INFO - [2022-10-03T01:58:09.139+0000] {dagbag.py:508} INFO - Filling up the DagBag from /home/airflow/.local/lib/python3.7/site-packages/airflow/example_dags/example_complex.py
[2022-10-03T01:58:09.150+0000] {processor.py:650} INFO - DAG(s) dict_keys(['example_complex']) retrieved from /home/airflow/.local/lib/python3.7/site-packages/airflow/example_dags/example_complex.py
[2022-10-03T01:58:09.180+0000] {logging_mixin.py:115} INFO - [2022-10-03T01:58:09.180+0000] {dag.py:2429} INFO - Sync 1 DAGs
[2022-10-03T01:58:09.313+0000] {logging_mixin.py:115} INFO - [2022-10-03T01:58:09.312+0000] {dag.py:2981} INFO - Setting next_dagrun for example_complex to None, run_after=None
[2022-10-03T01:58:09.327+0000] {processor.py:161} INFO - Processing /home/airflow/.local/lib/python3.7/site-packages/airflow/example_dags/example_complex.py took 0.193 seconds
[2022-10-03T01:58:39.580+0000] {processor.py:153} INFO - Started process (PID=722) to work on /home/airflow/.local/lib/python3.7/site-packages/airflow/example_dags/example_complex.py
[2022-10-03T01:58:39.580+0000] {processor.py:640} INFO - Processing file /home/airflow/.local/lib/python3.7/site-packages/airflow/example_dags/example_complex.py for tasks to queue
[2022-10-03T01:58:39.581+0000] {logging_mixin.py:115} INFO - [2022-10-03T01:58:39.581+0000] {dagbag.py:508} INFO - Filling up the DagBag from /home/airflow/.local/lib/python3.7/site-packages/airflow/example_dags/example_complex.py
[2022-10-03T01:58:39.592+0000] {processor.py:650} INFO - DAG(s) dict_keys(['example_complex']) retrieved from /home/airflow/.local/lib/python3.7/site-packages/airflow/example_dags/example_complex.py
[2022-10-03T01:58:39.620+0000] {logging_mixin.py:115} INFO - [2022-10-03T01:58:39.620+0000] {dag.py:2429} INFO - Sync 1 DAGs
[2022-10-03T01:58:39.741+0000] {logging_mixin.py:115} INFO - [2022-10-03T01:58:39.741+0000] {dag.py:2981} INFO - Setting next_dagrun for example_complex to None, run_after=None
[2022-10-03T01:58:39.754+0000] {processor.py:161} INFO - Processing /home/airflow/.local/lib/python3.7/site-packages/airflow/example_dags/example_complex.py took 0.177 seconds
[2022-10-03T01:59:10.251+0000] {processor.py:153} INFO - Started process (PID=777) to work on /home/airflow/.local/lib/python3.7/site-packages/airflow/example_dags/example_complex.py
[2022-10-03T01:59:10.252+0000] {processor.py:640} INFO - Processing file /home/airflow/.local/lib/python3.7/site-packages/airflow/example_dags/example_complex.py for tasks to queue
[2022-10-03T01:59:10.253+0000] {logging_mixin.py:115} INFO - [2022-10-03T01:59:10.253+0000] {dagbag.py:508} INFO - Filling up the DagBag from /home/airflow/.local/lib/python3.7/site-packages/airflow/example_dags/example_complex.py
[2022-10-03T01:59:10.263+0000] {processor.py:650} INFO - DAG(s) dict_keys(['example_complex']) retrieved from /home/airflow/.local/lib/python3.7/site-packages/airflow/example_dags/example_complex.py
[2022-10-03T01:59:10.290+0000] {logging_mixin.py:115} INFO - [2022-10-03T01:59:10.290+0000] {dag.py:2429} INFO - Sync 1 DAGs
[2022-10-03T01:59:10.414+0000] {logging_mixin.py:115} INFO - [2022-10-03T01:59:10.413+0000] {dag.py:2981} INFO - Setting next_dagrun for example_complex to None, run_after=None
[2022-10-03T01:59:10.431+0000] {processor.py:161} INFO - Processing /home/airflow/.local/lib/python3.7/site-packages/airflow/example_dags/example_complex.py took 0.182 seconds
[2022-10-03T01:59:40.924+0000] {processor.py:153} INFO - Started process (PID=833) to work on /home/airflow/.local/lib/python3.7/site-packages/airflow/example_dags/example_complex.py
[2022-10-03T01:59:40.924+0000] {processor.py:640} INFO - Processing file /home/airflow/.local/lib/python3.7/site-packages/airflow/example_dags/example_complex.py for tasks to queue
[2022-10-03T01:59:40.925+0000] {logging_mixin.py:115} INFO - [2022-10-03T01:59:40.925+0000] {dagbag.py:508} INFO - Filling up the DagBag from /home/airflow/.local/lib/python3.7/site-packages/airflow/example_dags/example_complex.py
[2022-10-03T01:59:40.937+0000] {processor.py:650} INFO - DAG(s) dict_keys(['example_complex']) retrieved from /home/airflow/.local/lib/python3.7/site-packages/airflow/example_dags/example_complex.py
[2022-10-03T01:59:40.962+0000] {logging_mixin.py:115} INFO - [2022-10-03T01:59:40.962+0000] {dag.py:2429} INFO - Sync 1 DAGs
[2022-10-03T01:59:41.085+0000] {logging_mixin.py:115} INFO - [2022-10-03T01:59:41.085+0000] {dag.py:2981} INFO - Setting next_dagrun for example_complex to None, run_after=None
[2022-10-03T01:59:41.098+0000] {processor.py:161} INFO - Processing /home/airflow/.local/lib/python3.7/site-packages/airflow/example_dags/example_complex.py took 0.177 seconds
