[2022-10-03T01:29:51.875+0000] {processor.py:153} INFO - Started process (PID=82) to work on /home/airflow/.local/lib/python3.7/site-packages/airflow/example_dags/example_xcomargs.py
[2022-10-03T01:29:51.877+0000] {processor.py:640} INFO - Processing file /home/airflow/.local/lib/python3.7/site-packages/airflow/example_dags/example_xcomargs.py for tasks to queue
[2022-10-03T01:29:51.877+0000] {logging_mixin.py:115} INFO - [2022-10-03T01:29:51.877+0000] {dagbag.py:508} INFO - Filling up the DagBag from /home/airflow/.local/lib/python3.7/site-packages/airflow/example_dags/example_xcomargs.py
[2022-10-03T01:29:51.903+0000] {processor.py:650} INFO - DAG(s) dict_keys(['example_xcom_args', 'example_xcom_args_with_operators']) retrieved from /home/airflow/.local/lib/python3.7/site-packages/airflow/example_dags/example_xcomargs.py
[2022-10-03T01:29:52.198+0000] {logging_mixin.py:115} INFO - [2022-10-03T01:29:52.198+0000] {manager.py:508} INFO - Created Permission View: can edit on DAG:example_xcom_args
[2022-10-03T01:29:52.224+0000] {logging_mixin.py:115} INFO - [2022-10-03T01:29:52.224+0000] {manager.py:508} INFO - Created Permission View: can read on DAG:example_xcom_args
[2022-10-03T01:29:52.243+0000] {logging_mixin.py:115} INFO - [2022-10-03T01:29:52.242+0000] {manager.py:508} INFO - Created Permission View: can delete on DAG:example_xcom_args
[2022-10-03T01:29:52.274+0000] {logging_mixin.py:115} INFO - [2022-10-03T01:29:52.274+0000] {manager.py:508} INFO - Created Permission View: can edit on DAG:example_xcom_args_with_operators
[2022-10-03T01:29:52.290+0000] {logging_mixin.py:115} INFO - [2022-10-03T01:29:52.290+0000] {manager.py:508} INFO - Created Permission View: can read on DAG:example_xcom_args_with_operators
[2022-10-03T01:29:52.312+0000] {logging_mixin.py:115} INFO - [2022-10-03T01:29:52.312+0000] {manager.py:508} INFO - Created Permission View: can delete on DAG:example_xcom_args_with_operators
[2022-10-03T01:29:52.313+0000] {logging_mixin.py:115} INFO - [2022-10-03T01:29:52.313+0000] {dag.py:2429} INFO - Sync 2 DAGs
[2022-10-03T01:29:52.328+0000] {logging_mixin.py:115} INFO - [2022-10-03T01:29:52.328+0000] {dag.py:2448} INFO - Creating ORM DAG for example_xcom_args_with_operators
[2022-10-03T01:29:52.329+0000] {logging_mixin.py:115} INFO - [2022-10-03T01:29:52.329+0000] {dag.py:2448} INFO - Creating ORM DAG for example_xcom_args
[2022-10-03T01:29:52.346+0000] {logging_mixin.py:115} INFO - [2022-10-03T01:29:52.345+0000] {dag.py:2981} INFO - Setting next_dagrun for example_xcom_args to None, run_after=None
[2022-10-03T01:29:52.347+0000] {logging_mixin.py:115} INFO - [2022-10-03T01:29:52.346+0000] {dag.py:2981} INFO - Setting next_dagrun for example_xcom_args_with_operators to None, run_after=None
[2022-10-03T01:29:52.374+0000] {processor.py:161} INFO - Processing /home/airflow/.local/lib/python3.7/site-packages/airflow/example_dags/example_xcomargs.py took 0.502 seconds
[2022-10-03T01:30:22.999+0000] {processor.py:153} INFO - Started process (PID=137) to work on /home/airflow/.local/lib/python3.7/site-packages/airflow/example_dags/example_xcomargs.py
[2022-10-03T01:30:23.000+0000] {processor.py:640} INFO - Processing file /home/airflow/.local/lib/python3.7/site-packages/airflow/example_dags/example_xcomargs.py for tasks to queue
[2022-10-03T01:30:23.001+0000] {logging_mixin.py:115} INFO - [2022-10-03T01:30:23.001+0000] {dagbag.py:508} INFO - Filling up the DagBag from /home/airflow/.local/lib/python3.7/site-packages/airflow/example_dags/example_xcomargs.py
[2022-10-03T01:30:23.026+0000] {processor.py:650} INFO - DAG(s) dict_keys(['example_xcom_args', 'example_xcom_args_with_operators']) retrieved from /home/airflow/.local/lib/python3.7/site-packages/airflow/example_dags/example_xcomargs.py
[2022-10-03T01:30:23.191+0000] {logging_mixin.py:115} INFO - [2022-10-03T01:30:23.190+0000] {dag.py:2429} INFO - Sync 2 DAGs
[2022-10-03T01:30:23.210+0000] {logging_mixin.py:115} INFO - [2022-10-03T01:30:23.210+0000] {dag.py:2981} INFO - Setting next_dagrun for example_xcom_args to None, run_after=None
[2022-10-03T01:30:23.211+0000] {logging_mixin.py:115} INFO - [2022-10-03T01:30:23.211+0000] {dag.py:2981} INFO - Setting next_dagrun for example_xcom_args_with_operators to None, run_after=None
[2022-10-03T01:30:23.233+0000] {processor.py:161} INFO - Processing /home/airflow/.local/lib/python3.7/site-packages/airflow/example_dags/example_xcomargs.py took 0.237 seconds
[2022-10-03T01:30:53.642+0000] {processor.py:153} INFO - Started process (PID=192) to work on /home/airflow/.local/lib/python3.7/site-packages/airflow/example_dags/example_xcomargs.py
[2022-10-03T01:30:53.643+0000] {processor.py:640} INFO - Processing file /home/airflow/.local/lib/python3.7/site-packages/airflow/example_dags/example_xcomargs.py for tasks to queue
[2022-10-03T01:30:53.644+0000] {logging_mixin.py:115} INFO - [2022-10-03T01:30:53.644+0000] {dagbag.py:508} INFO - Filling up the DagBag from /home/airflow/.local/lib/python3.7/site-packages/airflow/example_dags/example_xcomargs.py
[2022-10-03T01:30:53.661+0000] {processor.py:650} INFO - DAG(s) dict_keys(['example_xcom_args', 'example_xcom_args_with_operators']) retrieved from /home/airflow/.local/lib/python3.7/site-packages/airflow/example_dags/example_xcomargs.py
[2022-10-03T01:30:53.833+0000] {logging_mixin.py:115} INFO - [2022-10-03T01:30:53.833+0000] {dag.py:2429} INFO - Sync 2 DAGs
[2022-10-03T01:30:53.853+0000] {logging_mixin.py:115} INFO - [2022-10-03T01:30:53.853+0000] {dag.py:2981} INFO - Setting next_dagrun for example_xcom_args to None, run_after=None
[2022-10-03T01:30:53.854+0000] {logging_mixin.py:115} INFO - [2022-10-03T01:30:53.854+0000] {dag.py:2981} INFO - Setting next_dagrun for example_xcom_args_with_operators to None, run_after=None
[2022-10-03T01:30:53.870+0000] {processor.py:161} INFO - Processing /home/airflow/.local/lib/python3.7/site-packages/airflow/example_dags/example_xcomargs.py took 0.230 seconds
[2022-10-03T01:31:24.442+0000] {processor.py:153} INFO - Started process (PID=247) to work on /home/airflow/.local/lib/python3.7/site-packages/airflow/example_dags/example_xcomargs.py
[2022-10-03T01:31:24.443+0000] {processor.py:640} INFO - Processing file /home/airflow/.local/lib/python3.7/site-packages/airflow/example_dags/example_xcomargs.py for tasks to queue
[2022-10-03T01:31:24.444+0000] {logging_mixin.py:115} INFO - [2022-10-03T01:31:24.444+0000] {dagbag.py:508} INFO - Filling up the DagBag from /home/airflow/.local/lib/python3.7/site-packages/airflow/example_dags/example_xcomargs.py
[2022-10-03T01:31:24.467+0000] {processor.py:650} INFO - DAG(s) dict_keys(['example_xcom_args', 'example_xcom_args_with_operators']) retrieved from /home/airflow/.local/lib/python3.7/site-packages/airflow/example_dags/example_xcomargs.py
[2022-10-03T01:31:24.630+0000] {logging_mixin.py:115} INFO - [2022-10-03T01:31:24.630+0000] {dag.py:2429} INFO - Sync 2 DAGs
[2022-10-03T01:31:24.650+0000] {logging_mixin.py:115} INFO - [2022-10-03T01:31:24.650+0000] {dag.py:2981} INFO - Setting next_dagrun for example_xcom_args to None, run_after=None
[2022-10-03T01:31:24.651+0000] {logging_mixin.py:115} INFO - [2022-10-03T01:31:24.651+0000] {dag.py:2981} INFO - Setting next_dagrun for example_xcom_args_with_operators to None, run_after=None
[2022-10-03T01:31:24.666+0000] {processor.py:161} INFO - Processing /home/airflow/.local/lib/python3.7/site-packages/airflow/example_dags/example_xcomargs.py took 0.226 seconds
[2022-10-03T01:31:55.103+0000] {processor.py:153} INFO - Started process (PID=303) to work on /home/airflow/.local/lib/python3.7/site-packages/airflow/example_dags/example_xcomargs.py
[2022-10-03T01:31:55.104+0000] {processor.py:640} INFO - Processing file /home/airflow/.local/lib/python3.7/site-packages/airflow/example_dags/example_xcomargs.py for tasks to queue
[2022-10-03T01:31:55.105+0000] {logging_mixin.py:115} INFO - [2022-10-03T01:31:55.105+0000] {dagbag.py:508} INFO - Filling up the DagBag from /home/airflow/.local/lib/python3.7/site-packages/airflow/example_dags/example_xcomargs.py
[2022-10-03T01:31:55.126+0000] {processor.py:650} INFO - DAG(s) dict_keys(['example_xcom_args', 'example_xcom_args_with_operators']) retrieved from /home/airflow/.local/lib/python3.7/site-packages/airflow/example_dags/example_xcomargs.py
[2022-10-03T01:31:55.302+0000] {logging_mixin.py:115} INFO - [2022-10-03T01:31:55.302+0000] {dag.py:2429} INFO - Sync 2 DAGs
[2022-10-03T01:31:55.322+0000] {logging_mixin.py:115} INFO - [2022-10-03T01:31:55.322+0000] {dag.py:2981} INFO - Setting next_dagrun for example_xcom_args to None, run_after=None
[2022-10-03T01:31:55.323+0000] {logging_mixin.py:115} INFO - [2022-10-03T01:31:55.322+0000] {dag.py:2981} INFO - Setting next_dagrun for example_xcom_args_with_operators to None, run_after=None
[2022-10-03T01:31:55.338+0000] {processor.py:161} INFO - Processing /home/airflow/.local/lib/python3.7/site-packages/airflow/example_dags/example_xcomargs.py took 0.238 seconds
[2022-10-03T01:32:25.962+0000] {processor.py:153} INFO - Started process (PID=358) to work on /home/airflow/.local/lib/python3.7/site-packages/airflow/example_dags/example_xcomargs.py
[2022-10-03T01:32:25.962+0000] {processor.py:640} INFO - Processing file /home/airflow/.local/lib/python3.7/site-packages/airflow/example_dags/example_xcomargs.py for tasks to queue
[2022-10-03T01:32:25.963+0000] {logging_mixin.py:115} INFO - [2022-10-03T01:32:25.963+0000] {dagbag.py:508} INFO - Filling up the DagBag from /home/airflow/.local/lib/python3.7/site-packages/airflow/example_dags/example_xcomargs.py
[2022-10-03T01:32:25.983+0000] {processor.py:650} INFO - DAG(s) dict_keys(['example_xcom_args', 'example_xcom_args_with_operators']) retrieved from /home/airflow/.local/lib/python3.7/site-packages/airflow/example_dags/example_xcomargs.py
[2022-10-03T01:32:26.153+0000] {logging_mixin.py:115} INFO - [2022-10-03T01:32:26.153+0000] {dag.py:2429} INFO - Sync 2 DAGs
[2022-10-03T01:32:26.173+0000] {logging_mixin.py:115} INFO - [2022-10-03T01:32:26.173+0000] {dag.py:2981} INFO - Setting next_dagrun for example_xcom_args to None, run_after=None
[2022-10-03T01:32:26.174+0000] {logging_mixin.py:115} INFO - [2022-10-03T01:32:26.174+0000] {dag.py:2981} INFO - Setting next_dagrun for example_xcom_args_with_operators to None, run_after=None
[2022-10-03T01:32:26.194+0000] {processor.py:161} INFO - Processing /home/airflow/.local/lib/python3.7/site-packages/airflow/example_dags/example_xcomargs.py took 0.236 seconds
[2022-10-03T01:32:56.782+0000] {processor.py:153} INFO - Started process (PID=413) to work on /home/airflow/.local/lib/python3.7/site-packages/airflow/example_dags/example_xcomargs.py
[2022-10-03T01:32:56.783+0000] {processor.py:640} INFO - Processing file /home/airflow/.local/lib/python3.7/site-packages/airflow/example_dags/example_xcomargs.py for tasks to queue
[2022-10-03T01:32:56.785+0000] {logging_mixin.py:115} INFO - [2022-10-03T01:32:56.784+0000] {dagbag.py:508} INFO - Filling up the DagBag from /home/airflow/.local/lib/python3.7/site-packages/airflow/example_dags/example_xcomargs.py
[2022-10-03T01:32:56.805+0000] {processor.py:650} INFO - DAG(s) dict_keys(['example_xcom_args', 'example_xcom_args_with_operators']) retrieved from /home/airflow/.local/lib/python3.7/site-packages/airflow/example_dags/example_xcomargs.py
[2022-10-03T01:32:56.835+0000] {logging_mixin.py:115} INFO - [2022-10-03T01:32:56.835+0000] {dag.py:2429} INFO - Sync 2 DAGs
[2022-10-03T01:32:56.954+0000] {logging_mixin.py:115} INFO - [2022-10-03T01:32:56.954+0000] {dag.py:2981} INFO - Setting next_dagrun for example_xcom_args to None, run_after=None
[2022-10-03T01:32:56.955+0000] {logging_mixin.py:115} INFO - [2022-10-03T01:32:56.955+0000] {dag.py:2981} INFO - Setting next_dagrun for example_xcom_args_with_operators to None, run_after=None
[2022-10-03T01:32:56.968+0000] {processor.py:161} INFO - Processing /home/airflow/.local/lib/python3.7/site-packages/airflow/example_dags/example_xcomargs.py took 0.188 seconds
[2022-10-03T01:33:27.537+0000] {processor.py:153} INFO - Started process (PID=468) to work on /home/airflow/.local/lib/python3.7/site-packages/airflow/example_dags/example_xcomargs.py
[2022-10-03T01:33:27.538+0000] {processor.py:640} INFO - Processing file /home/airflow/.local/lib/python3.7/site-packages/airflow/example_dags/example_xcomargs.py for tasks to queue
[2022-10-03T01:33:27.539+0000] {logging_mixin.py:115} INFO - [2022-10-03T01:33:27.539+0000] {dagbag.py:508} INFO - Filling up the DagBag from /home/airflow/.local/lib/python3.7/site-packages/airflow/example_dags/example_xcomargs.py
[2022-10-03T01:33:27.563+0000] {processor.py:650} INFO - DAG(s) dict_keys(['example_xcom_args', 'example_xcom_args_with_operators']) retrieved from /home/airflow/.local/lib/python3.7/site-packages/airflow/example_dags/example_xcomargs.py
[2022-10-03T01:33:27.787+0000] {logging_mixin.py:115} INFO - [2022-10-03T01:33:27.786+0000] {dag.py:2429} INFO - Sync 2 DAGs
[2022-10-03T01:33:27.809+0000] {logging_mixin.py:115} INFO - [2022-10-03T01:33:27.808+0000] {dag.py:2981} INFO - Setting next_dagrun for example_xcom_args to None, run_after=None
[2022-10-03T01:33:27.810+0000] {logging_mixin.py:115} INFO - [2022-10-03T01:33:27.809+0000] {dag.py:2981} INFO - Setting next_dagrun for example_xcom_args_with_operators to None, run_after=None
[2022-10-03T01:33:27.826+0000] {processor.py:161} INFO - Processing /home/airflow/.local/lib/python3.7/site-packages/airflow/example_dags/example_xcomargs.py took 0.293 seconds
[2022-10-03T01:33:58.310+0000] {processor.py:153} INFO - Started process (PID=530) to work on /home/airflow/.local/lib/python3.7/site-packages/airflow/example_dags/example_xcomargs.py
[2022-10-03T01:33:58.311+0000] {processor.py:640} INFO - Processing file /home/airflow/.local/lib/python3.7/site-packages/airflow/example_dags/example_xcomargs.py for tasks to queue
[2022-10-03T01:33:58.312+0000] {logging_mixin.py:115} INFO - [2022-10-03T01:33:58.312+0000] {dagbag.py:508} INFO - Filling up the DagBag from /home/airflow/.local/lib/python3.7/site-packages/airflow/example_dags/example_xcomargs.py
[2022-10-03T01:33:58.328+0000] {processor.py:650} INFO - DAG(s) dict_keys(['example_xcom_args', 'example_xcom_args_with_operators']) retrieved from /home/airflow/.local/lib/python3.7/site-packages/airflow/example_dags/example_xcomargs.py
[2022-10-03T01:33:58.509+0000] {logging_mixin.py:115} INFO - [2022-10-03T01:33:58.509+0000] {dag.py:2429} INFO - Sync 2 DAGs
[2022-10-03T01:33:58.528+0000] {logging_mixin.py:115} INFO - [2022-10-03T01:33:58.528+0000] {dag.py:2981} INFO - Setting next_dagrun for example_xcom_args to None, run_after=None
[2022-10-03T01:33:58.528+0000] {logging_mixin.py:115} INFO - [2022-10-03T01:33:58.528+0000] {dag.py:2981} INFO - Setting next_dagrun for example_xcom_args_with_operators to None, run_after=None
[2022-10-03T01:33:58.551+0000] {processor.py:161} INFO - Processing /home/airflow/.local/lib/python3.7/site-packages/airflow/example_dags/example_xcomargs.py took 0.243 seconds
[2022-10-03T01:34:29.002+0000] {processor.py:153} INFO - Started process (PID=585) to work on /home/airflow/.local/lib/python3.7/site-packages/airflow/example_dags/example_xcomargs.py
[2022-10-03T01:34:29.003+0000] {processor.py:640} INFO - Processing file /home/airflow/.local/lib/python3.7/site-packages/airflow/example_dags/example_xcomargs.py for tasks to queue
[2022-10-03T01:34:29.004+0000] {logging_mixin.py:115} INFO - [2022-10-03T01:34:29.004+0000] {dagbag.py:508} INFO - Filling up the DagBag from /home/airflow/.local/lib/python3.7/site-packages/airflow/example_dags/example_xcomargs.py
[2022-10-03T01:34:29.024+0000] {processor.py:650} INFO - DAG(s) dict_keys(['example_xcom_args', 'example_xcom_args_with_operators']) retrieved from /home/airflow/.local/lib/python3.7/site-packages/airflow/example_dags/example_xcomargs.py
[2022-10-03T01:34:29.194+0000] {logging_mixin.py:115} INFO - [2022-10-03T01:34:29.194+0000] {dag.py:2429} INFO - Sync 2 DAGs
[2022-10-03T01:34:29.212+0000] {logging_mixin.py:115} INFO - [2022-10-03T01:34:29.212+0000] {dag.py:2981} INFO - Setting next_dagrun for example_xcom_args to None, run_after=None
[2022-10-03T01:34:29.213+0000] {logging_mixin.py:115} INFO - [2022-10-03T01:34:29.213+0000] {dag.py:2981} INFO - Setting next_dagrun for example_xcom_args_with_operators to None, run_after=None
[2022-10-03T01:34:29.229+0000] {processor.py:161} INFO - Processing /home/airflow/.local/lib/python3.7/site-packages/airflow/example_dags/example_xcomargs.py took 0.230 seconds
[2022-10-03T01:34:59.703+0000] {processor.py:153} INFO - Started process (PID=640) to work on /home/airflow/.local/lib/python3.7/site-packages/airflow/example_dags/example_xcomargs.py
[2022-10-03T01:34:59.704+0000] {processor.py:640} INFO - Processing file /home/airflow/.local/lib/python3.7/site-packages/airflow/example_dags/example_xcomargs.py for tasks to queue
[2022-10-03T01:34:59.705+0000] {logging_mixin.py:115} INFO - [2022-10-03T01:34:59.705+0000] {dagbag.py:508} INFO - Filling up the DagBag from /home/airflow/.local/lib/python3.7/site-packages/airflow/example_dags/example_xcomargs.py
[2022-10-03T01:34:59.726+0000] {processor.py:650} INFO - DAG(s) dict_keys(['example_xcom_args', 'example_xcom_args_with_operators']) retrieved from /home/airflow/.local/lib/python3.7/site-packages/airflow/example_dags/example_xcomargs.py
[2022-10-03T01:34:59.898+0000] {logging_mixin.py:115} INFO - [2022-10-03T01:34:59.897+0000] {dag.py:2429} INFO - Sync 2 DAGs
[2022-10-03T01:34:59.916+0000] {logging_mixin.py:115} INFO - [2022-10-03T01:34:59.915+0000] {dag.py:2981} INFO - Setting next_dagrun for example_xcom_args to None, run_after=None
[2022-10-03T01:34:59.916+0000] {logging_mixin.py:115} INFO - [2022-10-03T01:34:59.916+0000] {dag.py:2981} INFO - Setting next_dagrun for example_xcom_args_with_operators to None, run_after=None
[2022-10-03T01:34:59.937+0000] {processor.py:161} INFO - Processing /home/airflow/.local/lib/python3.7/site-packages/airflow/example_dags/example_xcomargs.py took 0.238 seconds
[2022-10-03T01:35:30.661+0000] {processor.py:153} INFO - Started process (PID=695) to work on /home/airflow/.local/lib/python3.7/site-packages/airflow/example_dags/example_xcomargs.py
[2022-10-03T01:35:30.662+0000] {processor.py:640} INFO - Processing file /home/airflow/.local/lib/python3.7/site-packages/airflow/example_dags/example_xcomargs.py for tasks to queue
[2022-10-03T01:35:30.663+0000] {logging_mixin.py:115} INFO - [2022-10-03T01:35:30.663+0000] {dagbag.py:508} INFO - Filling up the DagBag from /home/airflow/.local/lib/python3.7/site-packages/airflow/example_dags/example_xcomargs.py
[2022-10-03T01:35:30.685+0000] {processor.py:650} INFO - DAG(s) dict_keys(['example_xcom_args', 'example_xcom_args_with_operators']) retrieved from /home/airflow/.local/lib/python3.7/site-packages/airflow/example_dags/example_xcomargs.py
[2022-10-03T01:35:30.854+0000] {logging_mixin.py:115} INFO - [2022-10-03T01:35:30.854+0000] {dag.py:2429} INFO - Sync 2 DAGs
[2022-10-03T01:35:30.873+0000] {logging_mixin.py:115} INFO - [2022-10-03T01:35:30.873+0000] {dag.py:2981} INFO - Setting next_dagrun for example_xcom_args to None, run_after=None
[2022-10-03T01:35:30.874+0000] {logging_mixin.py:115} INFO - [2022-10-03T01:35:30.873+0000] {dag.py:2981} INFO - Setting next_dagrun for example_xcom_args_with_operators to None, run_after=None
[2022-10-03T01:35:30.890+0000] {processor.py:161} INFO - Processing /home/airflow/.local/lib/python3.7/site-packages/airflow/example_dags/example_xcomargs.py took 0.232 seconds
[2022-10-03T01:36:01.346+0000] {processor.py:153} INFO - Started process (PID=750) to work on /home/airflow/.local/lib/python3.7/site-packages/airflow/example_dags/example_xcomargs.py
[2022-10-03T01:36:01.347+0000] {processor.py:640} INFO - Processing file /home/airflow/.local/lib/python3.7/site-packages/airflow/example_dags/example_xcomargs.py for tasks to queue
[2022-10-03T01:36:01.348+0000] {logging_mixin.py:115} INFO - [2022-10-03T01:36:01.348+0000] {dagbag.py:508} INFO - Filling up the DagBag from /home/airflow/.local/lib/python3.7/site-packages/airflow/example_dags/example_xcomargs.py
[2022-10-03T01:36:01.367+0000] {processor.py:650} INFO - DAG(s) dict_keys(['example_xcom_args', 'example_xcom_args_with_operators']) retrieved from /home/airflow/.local/lib/python3.7/site-packages/airflow/example_dags/example_xcomargs.py
[2022-10-03T01:36:01.565+0000] {logging_mixin.py:115} INFO - [2022-10-03T01:36:01.565+0000] {dag.py:2429} INFO - Sync 2 DAGs
[2022-10-03T01:36:01.585+0000] {logging_mixin.py:115} INFO - [2022-10-03T01:36:01.585+0000] {dag.py:2981} INFO - Setting next_dagrun for example_xcom_args to None, run_after=None
[2022-10-03T01:36:01.586+0000] {logging_mixin.py:115} INFO - [2022-10-03T01:36:01.585+0000] {dag.py:2981} INFO - Setting next_dagrun for example_xcom_args_with_operators to None, run_after=None
[2022-10-03T01:36:01.600+0000] {processor.py:161} INFO - Processing /home/airflow/.local/lib/python3.7/site-packages/airflow/example_dags/example_xcomargs.py took 0.256 seconds
[2022-10-03T01:36:32.026+0000] {processor.py:153} INFO - Started process (PID=805) to work on /home/airflow/.local/lib/python3.7/site-packages/airflow/example_dags/example_xcomargs.py
[2022-10-03T01:36:32.027+0000] {processor.py:640} INFO - Processing file /home/airflow/.local/lib/python3.7/site-packages/airflow/example_dags/example_xcomargs.py for tasks to queue
[2022-10-03T01:36:32.028+0000] {logging_mixin.py:115} INFO - [2022-10-03T01:36:32.027+0000] {dagbag.py:508} INFO - Filling up the DagBag from /home/airflow/.local/lib/python3.7/site-packages/airflow/example_dags/example_xcomargs.py
[2022-10-03T01:36:32.049+0000] {processor.py:650} INFO - DAG(s) dict_keys(['example_xcom_args', 'example_xcom_args_with_operators']) retrieved from /home/airflow/.local/lib/python3.7/site-packages/airflow/example_dags/example_xcomargs.py
[2022-10-03T01:36:32.216+0000] {logging_mixin.py:115} INFO - [2022-10-03T01:36:32.216+0000] {dag.py:2429} INFO - Sync 2 DAGs
[2022-10-03T01:36:32.235+0000] {logging_mixin.py:115} INFO - [2022-10-03T01:36:32.235+0000] {dag.py:2981} INFO - Setting next_dagrun for example_xcom_args to None, run_after=None
[2022-10-03T01:36:32.236+0000] {logging_mixin.py:115} INFO - [2022-10-03T01:36:32.236+0000] {dag.py:2981} INFO - Setting next_dagrun for example_xcom_args_with_operators to None, run_after=None
[2022-10-03T01:36:32.258+0000] {processor.py:161} INFO - Processing /home/airflow/.local/lib/python3.7/site-packages/airflow/example_dags/example_xcomargs.py took 0.234 seconds
[2022-10-03T01:37:02.767+0000] {processor.py:153} INFO - Started process (PID=860) to work on /home/airflow/.local/lib/python3.7/site-packages/airflow/example_dags/example_xcomargs.py
[2022-10-03T01:37:02.768+0000] {processor.py:640} INFO - Processing file /home/airflow/.local/lib/python3.7/site-packages/airflow/example_dags/example_xcomargs.py for tasks to queue
[2022-10-03T01:37:02.769+0000] {logging_mixin.py:115} INFO - [2022-10-03T01:37:02.769+0000] {dagbag.py:508} INFO - Filling up the DagBag from /home/airflow/.local/lib/python3.7/site-packages/airflow/example_dags/example_xcomargs.py
[2022-10-03T01:37:02.796+0000] {processor.py:650} INFO - DAG(s) dict_keys(['example_xcom_args', 'example_xcom_args_with_operators']) retrieved from /home/airflow/.local/lib/python3.7/site-packages/airflow/example_dags/example_xcomargs.py
[2022-10-03T01:37:02.968+0000] {logging_mixin.py:115} INFO - [2022-10-03T01:37:02.968+0000] {dag.py:2429} INFO - Sync 2 DAGs
[2022-10-03T01:37:02.989+0000] {logging_mixin.py:115} INFO - [2022-10-03T01:37:02.989+0000] {dag.py:2981} INFO - Setting next_dagrun for example_xcom_args to None, run_after=None
[2022-10-03T01:37:02.990+0000] {logging_mixin.py:115} INFO - [2022-10-03T01:37:02.989+0000] {dag.py:2981} INFO - Setting next_dagrun for example_xcom_args_with_operators to None, run_after=None
[2022-10-03T01:37:03.014+0000] {processor.py:161} INFO - Processing /home/airflow/.local/lib/python3.7/site-packages/airflow/example_dags/example_xcomargs.py took 0.249 seconds
[2022-10-03T01:37:33.537+0000] {processor.py:153} INFO - Started process (PID=918) to work on /home/airflow/.local/lib/python3.7/site-packages/airflow/example_dags/example_xcomargs.py
[2022-10-03T01:37:33.538+0000] {processor.py:640} INFO - Processing file /home/airflow/.local/lib/python3.7/site-packages/airflow/example_dags/example_xcomargs.py for tasks to queue
[2022-10-03T01:37:33.539+0000] {logging_mixin.py:115} INFO - [2022-10-03T01:37:33.539+0000] {dagbag.py:508} INFO - Filling up the DagBag from /home/airflow/.local/lib/python3.7/site-packages/airflow/example_dags/example_xcomargs.py
[2022-10-03T01:37:33.562+0000] {processor.py:650} INFO - DAG(s) dict_keys(['example_xcom_args', 'example_xcom_args_with_operators']) retrieved from /home/airflow/.local/lib/python3.7/site-packages/airflow/example_dags/example_xcomargs.py
[2022-10-03T01:37:33.594+0000] {logging_mixin.py:115} INFO - [2022-10-03T01:37:33.593+0000] {dag.py:2429} INFO - Sync 2 DAGs
[2022-10-03T01:37:33.709+0000] {logging_mixin.py:115} INFO - [2022-10-03T01:37:33.709+0000] {dag.py:2981} INFO - Setting next_dagrun for example_xcom_args to None, run_after=None
[2022-10-03T01:37:33.710+0000] {logging_mixin.py:115} INFO - [2022-10-03T01:37:33.710+0000] {dag.py:2981} INFO - Setting next_dagrun for example_xcom_args_with_operators to None, run_after=None
[2022-10-03T01:37:33.724+0000] {processor.py:161} INFO - Processing /home/airflow/.local/lib/python3.7/site-packages/airflow/example_dags/example_xcomargs.py took 0.189 seconds
[2022-10-03T01:38:04.216+0000] {processor.py:153} INFO - Started process (PID=973) to work on /home/airflow/.local/lib/python3.7/site-packages/airflow/example_dags/example_xcomargs.py
[2022-10-03T01:38:04.216+0000] {processor.py:640} INFO - Processing file /home/airflow/.local/lib/python3.7/site-packages/airflow/example_dags/example_xcomargs.py for tasks to queue
[2022-10-03T01:38:04.217+0000] {logging_mixin.py:115} INFO - [2022-10-03T01:38:04.217+0000] {dagbag.py:508} INFO - Filling up the DagBag from /home/airflow/.local/lib/python3.7/site-packages/airflow/example_dags/example_xcomargs.py
[2022-10-03T01:38:04.239+0000] {processor.py:650} INFO - DAG(s) dict_keys(['example_xcom_args', 'example_xcom_args_with_operators']) retrieved from /home/airflow/.local/lib/python3.7/site-packages/airflow/example_dags/example_xcomargs.py
[2022-10-03T01:38:04.400+0000] {logging_mixin.py:115} INFO - [2022-10-03T01:38:04.400+0000] {dag.py:2429} INFO - Sync 2 DAGs
[2022-10-03T01:38:04.418+0000] {logging_mixin.py:115} INFO - [2022-10-03T01:38:04.418+0000] {dag.py:2981} INFO - Setting next_dagrun for example_xcom_args to None, run_after=None
[2022-10-03T01:38:04.419+0000] {logging_mixin.py:115} INFO - [2022-10-03T01:38:04.419+0000] {dag.py:2981} INFO - Setting next_dagrun for example_xcom_args_with_operators to None, run_after=None
[2022-10-03T01:38:04.436+0000] {processor.py:161} INFO - Processing /home/airflow/.local/lib/python3.7/site-packages/airflow/example_dags/example_xcomargs.py took 0.223 seconds
[2022-10-03T01:38:34.911+0000] {processor.py:153} INFO - Started process (PID=1028) to work on /home/airflow/.local/lib/python3.7/site-packages/airflow/example_dags/example_xcomargs.py
[2022-10-03T01:38:34.912+0000] {processor.py:640} INFO - Processing file /home/airflow/.local/lib/python3.7/site-packages/airflow/example_dags/example_xcomargs.py for tasks to queue
[2022-10-03T01:38:34.913+0000] {logging_mixin.py:115} INFO - [2022-10-03T01:38:34.913+0000] {dagbag.py:508} INFO - Filling up the DagBag from /home/airflow/.local/lib/python3.7/site-packages/airflow/example_dags/example_xcomargs.py
[2022-10-03T01:38:34.931+0000] {processor.py:650} INFO - DAG(s) dict_keys(['example_xcom_args', 'example_xcom_args_with_operators']) retrieved from /home/airflow/.local/lib/python3.7/site-packages/airflow/example_dags/example_xcomargs.py
[2022-10-03T01:38:35.113+0000] {logging_mixin.py:115} INFO - [2022-10-03T01:38:35.113+0000] {dag.py:2429} INFO - Sync 2 DAGs
[2022-10-03T01:38:35.135+0000] {logging_mixin.py:115} INFO - [2022-10-03T01:38:35.135+0000] {dag.py:2981} INFO - Setting next_dagrun for example_xcom_args to None, run_after=None
[2022-10-03T01:38:35.136+0000] {logging_mixin.py:115} INFO - [2022-10-03T01:38:35.136+0000] {dag.py:2981} INFO - Setting next_dagrun for example_xcom_args_with_operators to None, run_after=None
[2022-10-03T01:38:35.150+0000] {processor.py:161} INFO - Processing /home/airflow/.local/lib/python3.7/site-packages/airflow/example_dags/example_xcomargs.py took 0.241 seconds
[2022-10-03T01:39:05.779+0000] {processor.py:153} INFO - Started process (PID=1083) to work on /home/airflow/.local/lib/python3.7/site-packages/airflow/example_dags/example_xcomargs.py
[2022-10-03T01:39:05.780+0000] {processor.py:640} INFO - Processing file /home/airflow/.local/lib/python3.7/site-packages/airflow/example_dags/example_xcomargs.py for tasks to queue
[2022-10-03T01:39:05.781+0000] {logging_mixin.py:115} INFO - [2022-10-03T01:39:05.781+0000] {dagbag.py:508} INFO - Filling up the DagBag from /home/airflow/.local/lib/python3.7/site-packages/airflow/example_dags/example_xcomargs.py
[2022-10-03T01:39:05.800+0000] {processor.py:650} INFO - DAG(s) dict_keys(['example_xcom_args', 'example_xcom_args_with_operators']) retrieved from /home/airflow/.local/lib/python3.7/site-packages/airflow/example_dags/example_xcomargs.py
[2022-10-03T01:39:05.965+0000] {logging_mixin.py:115} INFO - [2022-10-03T01:39:05.964+0000] {dag.py:2429} INFO - Sync 2 DAGs
[2022-10-03T01:39:05.982+0000] {logging_mixin.py:115} INFO - [2022-10-03T01:39:05.982+0000] {dag.py:2981} INFO - Setting next_dagrun for example_xcom_args to None, run_after=None
[2022-10-03T01:39:05.983+0000] {logging_mixin.py:115} INFO - [2022-10-03T01:39:05.983+0000] {dag.py:2981} INFO - Setting next_dagrun for example_xcom_args_with_operators to None, run_after=None
[2022-10-03T01:39:06.001+0000] {processor.py:161} INFO - Processing /home/airflow/.local/lib/python3.7/site-packages/airflow/example_dags/example_xcomargs.py took 0.225 seconds
[2022-10-03T01:39:36.384+0000] {processor.py:153} INFO - Started process (PID=1140) to work on /home/airflow/.local/lib/python3.7/site-packages/airflow/example_dags/example_xcomargs.py
[2022-10-03T01:39:36.385+0000] {processor.py:640} INFO - Processing file /home/airflow/.local/lib/python3.7/site-packages/airflow/example_dags/example_xcomargs.py for tasks to queue
[2022-10-03T01:39:36.387+0000] {logging_mixin.py:115} INFO - [2022-10-03T01:39:36.386+0000] {dagbag.py:508} INFO - Filling up the DagBag from /home/airflow/.local/lib/python3.7/site-packages/airflow/example_dags/example_xcomargs.py
[2022-10-03T01:39:36.406+0000] {processor.py:650} INFO - DAG(s) dict_keys(['example_xcom_args', 'example_xcom_args_with_operators']) retrieved from /home/airflow/.local/lib/python3.7/site-packages/airflow/example_dags/example_xcomargs.py
[2022-10-03T01:39:36.570+0000] {logging_mixin.py:115} INFO - [2022-10-03T01:39:36.569+0000] {dag.py:2429} INFO - Sync 2 DAGs
[2022-10-03T01:39:36.588+0000] {logging_mixin.py:115} INFO - [2022-10-03T01:39:36.588+0000] {dag.py:2981} INFO - Setting next_dagrun for example_xcom_args to None, run_after=None
[2022-10-03T01:39:36.588+0000] {logging_mixin.py:115} INFO - [2022-10-03T01:39:36.588+0000] {dag.py:2981} INFO - Setting next_dagrun for example_xcom_args_with_operators to None, run_after=None
[2022-10-03T01:39:36.605+0000] {processor.py:161} INFO - Processing /home/airflow/.local/lib/python3.7/site-packages/airflow/example_dags/example_xcomargs.py took 0.224 seconds
[2022-10-03T01:40:06.968+0000] {processor.py:153} INFO - Started process (PID=1193) to work on /home/airflow/.local/lib/python3.7/site-packages/airflow/example_dags/example_xcomargs.py
[2022-10-03T01:40:06.969+0000] {processor.py:640} INFO - Processing file /home/airflow/.local/lib/python3.7/site-packages/airflow/example_dags/example_xcomargs.py for tasks to queue
[2022-10-03T01:40:06.970+0000] {logging_mixin.py:115} INFO - [2022-10-03T01:40:06.970+0000] {dagbag.py:508} INFO - Filling up the DagBag from /home/airflow/.local/lib/python3.7/site-packages/airflow/example_dags/example_xcomargs.py
[2022-10-03T01:40:06.990+0000] {processor.py:650} INFO - DAG(s) dict_keys(['example_xcom_args', 'example_xcom_args_with_operators']) retrieved from /home/airflow/.local/lib/python3.7/site-packages/airflow/example_dags/example_xcomargs.py
[2022-10-03T01:40:07.163+0000] {logging_mixin.py:115} INFO - [2022-10-03T01:40:07.163+0000] {dag.py:2429} INFO - Sync 2 DAGs
[2022-10-03T01:40:07.185+0000] {logging_mixin.py:115} INFO - [2022-10-03T01:40:07.185+0000] {dag.py:2981} INFO - Setting next_dagrun for example_xcom_args to None, run_after=None
[2022-10-03T01:40:07.185+0000] {logging_mixin.py:115} INFO - [2022-10-03T01:40:07.185+0000] {dag.py:2981} INFO - Setting next_dagrun for example_xcom_args_with_operators to None, run_after=None
[2022-10-03T01:40:07.202+0000] {processor.py:161} INFO - Processing /home/airflow/.local/lib/python3.7/site-packages/airflow/example_dags/example_xcomargs.py took 0.236 seconds
[2022-10-03T01:40:37.994+0000] {processor.py:153} INFO - Started process (PID=1248) to work on /home/airflow/.local/lib/python3.7/site-packages/airflow/example_dags/example_xcomargs.py
[2022-10-03T01:40:37.995+0000] {processor.py:640} INFO - Processing file /home/airflow/.local/lib/python3.7/site-packages/airflow/example_dags/example_xcomargs.py for tasks to queue
[2022-10-03T01:40:37.996+0000] {logging_mixin.py:115} INFO - [2022-10-03T01:40:37.996+0000] {dagbag.py:508} INFO - Filling up the DagBag from /home/airflow/.local/lib/python3.7/site-packages/airflow/example_dags/example_xcomargs.py
[2022-10-03T01:40:38.024+0000] {processor.py:650} INFO - DAG(s) dict_keys(['example_xcom_args', 'example_xcom_args_with_operators']) retrieved from /home/airflow/.local/lib/python3.7/site-packages/airflow/example_dags/example_xcomargs.py
[2022-10-03T01:40:38.166+0000] {logging_mixin.py:115} INFO - [2022-10-03T01:40:38.166+0000] {dag.py:2429} INFO - Sync 2 DAGs
[2022-10-03T01:40:38.187+0000] {logging_mixin.py:115} INFO - [2022-10-03T01:40:38.186+0000] {dag.py:2981} INFO - Setting next_dagrun for example_xcom_args to None, run_after=None
[2022-10-03T01:40:38.187+0000] {logging_mixin.py:115} INFO - [2022-10-03T01:40:38.187+0000] {dag.py:2981} INFO - Setting next_dagrun for example_xcom_args_with_operators to None, run_after=None
[2022-10-03T01:40:38.201+0000] {processor.py:161} INFO - Processing /home/airflow/.local/lib/python3.7/site-packages/airflow/example_dags/example_xcomargs.py took 0.211 seconds
[2022-10-03T01:41:08.838+0000] {processor.py:153} INFO - Started process (PID=1303) to work on /home/airflow/.local/lib/python3.7/site-packages/airflow/example_dags/example_xcomargs.py
[2022-10-03T01:41:08.839+0000] {processor.py:640} INFO - Processing file /home/airflow/.local/lib/python3.7/site-packages/airflow/example_dags/example_xcomargs.py for tasks to queue
[2022-10-03T01:41:08.840+0000] {logging_mixin.py:115} INFO - [2022-10-03T01:41:08.840+0000] {dagbag.py:508} INFO - Filling up the DagBag from /home/airflow/.local/lib/python3.7/site-packages/airflow/example_dags/example_xcomargs.py
[2022-10-03T01:41:08.861+0000] {processor.py:650} INFO - DAG(s) dict_keys(['example_xcom_args', 'example_xcom_args_with_operators']) retrieved from /home/airflow/.local/lib/python3.7/site-packages/airflow/example_dags/example_xcomargs.py
[2022-10-03T01:41:09.042+0000] {logging_mixin.py:115} INFO - [2022-10-03T01:41:09.042+0000] {dag.py:2429} INFO - Sync 2 DAGs
[2022-10-03T01:41:09.061+0000] {logging_mixin.py:115} INFO - [2022-10-03T01:41:09.061+0000] {dag.py:2981} INFO - Setting next_dagrun for example_xcom_args to None, run_after=None
[2022-10-03T01:41:09.062+0000] {logging_mixin.py:115} INFO - [2022-10-03T01:41:09.062+0000] {dag.py:2981} INFO - Setting next_dagrun for example_xcom_args_with_operators to None, run_after=None
[2022-10-03T01:41:09.079+0000] {processor.py:161} INFO - Processing /home/airflow/.local/lib/python3.7/site-packages/airflow/example_dags/example_xcomargs.py took 0.244 seconds
[2022-10-03T01:41:39.755+0000] {processor.py:153} INFO - Started process (PID=1359) to work on /home/airflow/.local/lib/python3.7/site-packages/airflow/example_dags/example_xcomargs.py
[2022-10-03T01:41:39.756+0000] {processor.py:640} INFO - Processing file /home/airflow/.local/lib/python3.7/site-packages/airflow/example_dags/example_xcomargs.py for tasks to queue
[2022-10-03T01:41:39.757+0000] {logging_mixin.py:115} INFO - [2022-10-03T01:41:39.757+0000] {dagbag.py:508} INFO - Filling up the DagBag from /home/airflow/.local/lib/python3.7/site-packages/airflow/example_dags/example_xcomargs.py
[2022-10-03T01:41:39.777+0000] {processor.py:650} INFO - DAG(s) dict_keys(['example_xcom_args', 'example_xcom_args_with_operators']) retrieved from /home/airflow/.local/lib/python3.7/site-packages/airflow/example_dags/example_xcomargs.py
[2022-10-03T01:41:39.952+0000] {logging_mixin.py:115} INFO - [2022-10-03T01:41:39.952+0000] {dag.py:2429} INFO - Sync 2 DAGs
[2022-10-03T01:41:39.971+0000] {logging_mixin.py:115} INFO - [2022-10-03T01:41:39.971+0000] {dag.py:2981} INFO - Setting next_dagrun for example_xcom_args to None, run_after=None
[2022-10-03T01:41:39.972+0000] {logging_mixin.py:115} INFO - [2022-10-03T01:41:39.972+0000] {dag.py:2981} INFO - Setting next_dagrun for example_xcom_args_with_operators to None, run_after=None
[2022-10-03T01:41:39.988+0000] {processor.py:161} INFO - Processing /home/airflow/.local/lib/python3.7/site-packages/airflow/example_dags/example_xcomargs.py took 0.236 seconds
[2022-10-03T01:42:10.558+0000] {processor.py:153} INFO - Started process (PID=1414) to work on /home/airflow/.local/lib/python3.7/site-packages/airflow/example_dags/example_xcomargs.py
[2022-10-03T01:42:10.559+0000] {processor.py:640} INFO - Processing file /home/airflow/.local/lib/python3.7/site-packages/airflow/example_dags/example_xcomargs.py for tasks to queue
[2022-10-03T01:42:10.561+0000] {logging_mixin.py:115} INFO - [2022-10-03T01:42:10.560+0000] {dagbag.py:508} INFO - Filling up the DagBag from /home/airflow/.local/lib/python3.7/site-packages/airflow/example_dags/example_xcomargs.py
[2022-10-03T01:42:10.580+0000] {processor.py:650} INFO - DAG(s) dict_keys(['example_xcom_args', 'example_xcom_args_with_operators']) retrieved from /home/airflow/.local/lib/python3.7/site-packages/airflow/example_dags/example_xcomargs.py
[2022-10-03T01:42:10.774+0000] {logging_mixin.py:115} INFO - [2022-10-03T01:42:10.774+0000] {dag.py:2429} INFO - Sync 2 DAGs
[2022-10-03T01:42:10.793+0000] {logging_mixin.py:115} INFO - [2022-10-03T01:42:10.793+0000] {dag.py:2981} INFO - Setting next_dagrun for example_xcom_args to None, run_after=None
[2022-10-03T01:42:10.794+0000] {logging_mixin.py:115} INFO - [2022-10-03T01:42:10.794+0000] {dag.py:2981} INFO - Setting next_dagrun for example_xcom_args_with_operators to None, run_after=None
[2022-10-03T01:42:10.809+0000] {processor.py:161} INFO - Processing /home/airflow/.local/lib/python3.7/site-packages/airflow/example_dags/example_xcomargs.py took 0.253 seconds
[2022-10-03T01:42:41.197+0000] {processor.py:153} INFO - Started process (PID=1469) to work on /home/airflow/.local/lib/python3.7/site-packages/airflow/example_dags/example_xcomargs.py
[2022-10-03T01:42:41.198+0000] {processor.py:640} INFO - Processing file /home/airflow/.local/lib/python3.7/site-packages/airflow/example_dags/example_xcomargs.py for tasks to queue
[2022-10-03T01:42:41.199+0000] {logging_mixin.py:115} INFO - [2022-10-03T01:42:41.199+0000] {dagbag.py:508} INFO - Filling up the DagBag from /home/airflow/.local/lib/python3.7/site-packages/airflow/example_dags/example_xcomargs.py
[2022-10-03T01:42:41.222+0000] {processor.py:650} INFO - DAG(s) dict_keys(['example_xcom_args', 'example_xcom_args_with_operators']) retrieved from /home/airflow/.local/lib/python3.7/site-packages/airflow/example_dags/example_xcomargs.py
[2022-10-03T01:42:41.429+0000] {logging_mixin.py:115} INFO - [2022-10-03T01:42:41.429+0000] {dag.py:2429} INFO - Sync 2 DAGs
[2022-10-03T01:42:41.448+0000] {logging_mixin.py:115} INFO - [2022-10-03T01:42:41.448+0000] {dag.py:2981} INFO - Setting next_dagrun for example_xcom_args to None, run_after=None
[2022-10-03T01:42:41.449+0000] {logging_mixin.py:115} INFO - [2022-10-03T01:42:41.449+0000] {dag.py:2981} INFO - Setting next_dagrun for example_xcom_args_with_operators to None, run_after=None
[2022-10-03T01:42:41.464+0000] {processor.py:161} INFO - Processing /home/airflow/.local/lib/python3.7/site-packages/airflow/example_dags/example_xcomargs.py took 0.270 seconds
[2022-10-03T01:43:11.938+0000] {processor.py:153} INFO - Started process (PID=1534) to work on /home/airflow/.local/lib/python3.7/site-packages/airflow/example_dags/example_xcomargs.py
[2022-10-03T01:43:11.939+0000] {processor.py:640} INFO - Processing file /home/airflow/.local/lib/python3.7/site-packages/airflow/example_dags/example_xcomargs.py for tasks to queue
[2022-10-03T01:43:11.940+0000] {logging_mixin.py:115} INFO - [2022-10-03T01:43:11.940+0000] {dagbag.py:508} INFO - Filling up the DagBag from /home/airflow/.local/lib/python3.7/site-packages/airflow/example_dags/example_xcomargs.py
[2022-10-03T01:43:11.958+0000] {processor.py:650} INFO - DAG(s) dict_keys(['example_xcom_args', 'example_xcom_args_with_operators']) retrieved from /home/airflow/.local/lib/python3.7/site-packages/airflow/example_dags/example_xcomargs.py
[2022-10-03T01:43:12.077+0000] {logging_mixin.py:115} INFO - [2022-10-03T01:43:12.077+0000] {dag.py:2429} INFO - Sync 2 DAGs
[2022-10-03T01:43:12.094+0000] {logging_mixin.py:115} INFO - [2022-10-03T01:43:12.094+0000] {dag.py:2981} INFO - Setting next_dagrun for example_xcom_args to None, run_after=None
[2022-10-03T01:43:12.095+0000] {logging_mixin.py:115} INFO - [2022-10-03T01:43:12.095+0000] {dag.py:2981} INFO - Setting next_dagrun for example_xcom_args_with_operators to None, run_after=None
[2022-10-03T01:43:12.115+0000] {processor.py:161} INFO - Processing /home/airflow/.local/lib/python3.7/site-packages/airflow/example_dags/example_xcomargs.py took 0.182 seconds
[2022-10-03T01:43:42.437+0000] {processor.py:153} INFO - Started process (PID=1589) to work on /home/airflow/.local/lib/python3.7/site-packages/airflow/example_dags/example_xcomargs.py
[2022-10-03T01:43:42.437+0000] {processor.py:640} INFO - Processing file /home/airflow/.local/lib/python3.7/site-packages/airflow/example_dags/example_xcomargs.py for tasks to queue
[2022-10-03T01:43:42.438+0000] {logging_mixin.py:115} INFO - [2022-10-03T01:43:42.438+0000] {dagbag.py:508} INFO - Filling up the DagBag from /home/airflow/.local/lib/python3.7/site-packages/airflow/example_dags/example_xcomargs.py
[2022-10-03T01:43:42.454+0000] {processor.py:650} INFO - DAG(s) dict_keys(['example_xcom_args', 'example_xcom_args_with_operators']) retrieved from /home/airflow/.local/lib/python3.7/site-packages/airflow/example_dags/example_xcomargs.py
[2022-10-03T01:43:42.617+0000] {logging_mixin.py:115} INFO - [2022-10-03T01:43:42.617+0000] {dag.py:2429} INFO - Sync 2 DAGs
[2022-10-03T01:43:42.639+0000] {logging_mixin.py:115} INFO - [2022-10-03T01:43:42.639+0000] {dag.py:2981} INFO - Setting next_dagrun for example_xcom_args to None, run_after=None
[2022-10-03T01:43:42.639+0000] {logging_mixin.py:115} INFO - [2022-10-03T01:43:42.639+0000] {dag.py:2981} INFO - Setting next_dagrun for example_xcom_args_with_operators to None, run_after=None
[2022-10-03T01:43:42.656+0000] {processor.py:161} INFO - Processing /home/airflow/.local/lib/python3.7/site-packages/airflow/example_dags/example_xcomargs.py took 0.221 seconds
[2022-10-03T01:44:13.211+0000] {processor.py:153} INFO - Started process (PID=1642) to work on /home/airflow/.local/lib/python3.7/site-packages/airflow/example_dags/example_xcomargs.py
[2022-10-03T01:44:13.212+0000] {processor.py:640} INFO - Processing file /home/airflow/.local/lib/python3.7/site-packages/airflow/example_dags/example_xcomargs.py for tasks to queue
[2022-10-03T01:44:13.213+0000] {logging_mixin.py:115} INFO - [2022-10-03T01:44:13.213+0000] {dagbag.py:508} INFO - Filling up the DagBag from /home/airflow/.local/lib/python3.7/site-packages/airflow/example_dags/example_xcomargs.py
[2022-10-03T01:44:13.240+0000] {processor.py:650} INFO - DAG(s) dict_keys(['example_xcom_args', 'example_xcom_args_with_operators']) retrieved from /home/airflow/.local/lib/python3.7/site-packages/airflow/example_dags/example_xcomargs.py
[2022-10-03T01:44:13.404+0000] {logging_mixin.py:115} INFO - [2022-10-03T01:44:13.404+0000] {dag.py:2429} INFO - Sync 2 DAGs
[2022-10-03T01:44:13.423+0000] {logging_mixin.py:115} INFO - [2022-10-03T01:44:13.423+0000] {dag.py:2981} INFO - Setting next_dagrun for example_xcom_args to None, run_after=None
[2022-10-03T01:44:13.424+0000] {logging_mixin.py:115} INFO - [2022-10-03T01:44:13.424+0000] {dag.py:2981} INFO - Setting next_dagrun for example_xcom_args_with_operators to None, run_after=None
[2022-10-03T01:44:13.448+0000] {processor.py:161} INFO - Processing /home/airflow/.local/lib/python3.7/site-packages/airflow/example_dags/example_xcomargs.py took 0.240 seconds
[2022-10-03T01:44:44.023+0000] {processor.py:153} INFO - Started process (PID=1697) to work on /home/airflow/.local/lib/python3.7/site-packages/airflow/example_dags/example_xcomargs.py
[2022-10-03T01:44:44.024+0000] {processor.py:640} INFO - Processing file /home/airflow/.local/lib/python3.7/site-packages/airflow/example_dags/example_xcomargs.py for tasks to queue
[2022-10-03T01:44:44.025+0000] {logging_mixin.py:115} INFO - [2022-10-03T01:44:44.025+0000] {dagbag.py:508} INFO - Filling up the DagBag from /home/airflow/.local/lib/python3.7/site-packages/airflow/example_dags/example_xcomargs.py
[2022-10-03T01:44:44.045+0000] {processor.py:650} INFO - DAG(s) dict_keys(['example_xcom_args', 'example_xcom_args_with_operators']) retrieved from /home/airflow/.local/lib/python3.7/site-packages/airflow/example_dags/example_xcomargs.py
[2022-10-03T01:44:44.236+0000] {logging_mixin.py:115} INFO - [2022-10-03T01:44:44.236+0000] {dag.py:2429} INFO - Sync 2 DAGs
[2022-10-03T01:44:44.255+0000] {logging_mixin.py:115} INFO - [2022-10-03T01:44:44.255+0000] {dag.py:2981} INFO - Setting next_dagrun for example_xcom_args to None, run_after=None
[2022-10-03T01:44:44.256+0000] {logging_mixin.py:115} INFO - [2022-10-03T01:44:44.256+0000] {dag.py:2981} INFO - Setting next_dagrun for example_xcom_args_with_operators to None, run_after=None
[2022-10-03T01:44:44.270+0000] {processor.py:161} INFO - Processing /home/airflow/.local/lib/python3.7/site-packages/airflow/example_dags/example_xcomargs.py took 0.249 seconds
[2022-10-03T01:45:14.816+0000] {processor.py:153} INFO - Started process (PID=1752) to work on /home/airflow/.local/lib/python3.7/site-packages/airflow/example_dags/example_xcomargs.py
[2022-10-03T01:45:14.817+0000] {processor.py:640} INFO - Processing file /home/airflow/.local/lib/python3.7/site-packages/airflow/example_dags/example_xcomargs.py for tasks to queue
[2022-10-03T01:45:14.818+0000] {logging_mixin.py:115} INFO - [2022-10-03T01:45:14.818+0000] {dagbag.py:508} INFO - Filling up the DagBag from /home/airflow/.local/lib/python3.7/site-packages/airflow/example_dags/example_xcomargs.py
[2022-10-03T01:45:14.835+0000] {processor.py:650} INFO - DAG(s) dict_keys(['example_xcom_args', 'example_xcom_args_with_operators']) retrieved from /home/airflow/.local/lib/python3.7/site-packages/airflow/example_dags/example_xcomargs.py
[2022-10-03T01:45:15.002+0000] {logging_mixin.py:115} INFO - [2022-10-03T01:45:15.002+0000] {dag.py:2429} INFO - Sync 2 DAGs
[2022-10-03T01:45:15.021+0000] {logging_mixin.py:115} INFO - [2022-10-03T01:45:15.021+0000] {dag.py:2981} INFO - Setting next_dagrun for example_xcom_args to None, run_after=None
[2022-10-03T01:45:15.022+0000] {logging_mixin.py:115} INFO - [2022-10-03T01:45:15.022+0000] {dag.py:2981} INFO - Setting next_dagrun for example_xcom_args_with_operators to None, run_after=None
[2022-10-03T01:45:15.044+0000] {processor.py:161} INFO - Processing /home/airflow/.local/lib/python3.7/site-packages/airflow/example_dags/example_xcomargs.py took 0.230 seconds
[2022-10-03T01:45:45.552+0000] {processor.py:153} INFO - Started process (PID=1807) to work on /home/airflow/.local/lib/python3.7/site-packages/airflow/example_dags/example_xcomargs.py
[2022-10-03T01:45:45.553+0000] {processor.py:640} INFO - Processing file /home/airflow/.local/lib/python3.7/site-packages/airflow/example_dags/example_xcomargs.py for tasks to queue
[2022-10-03T01:45:45.555+0000] {logging_mixin.py:115} INFO - [2022-10-03T01:45:45.554+0000] {dagbag.py:508} INFO - Filling up the DagBag from /home/airflow/.local/lib/python3.7/site-packages/airflow/example_dags/example_xcomargs.py
[2022-10-03T01:45:45.573+0000] {processor.py:650} INFO - DAG(s) dict_keys(['example_xcom_args', 'example_xcom_args_with_operators']) retrieved from /home/airflow/.local/lib/python3.7/site-packages/airflow/example_dags/example_xcomargs.py
[2022-10-03T01:45:45.742+0000] {logging_mixin.py:115} INFO - [2022-10-03T01:45:45.741+0000] {dag.py:2429} INFO - Sync 2 DAGs
[2022-10-03T01:45:45.760+0000] {logging_mixin.py:115} INFO - [2022-10-03T01:45:45.760+0000] {dag.py:2981} INFO - Setting next_dagrun for example_xcom_args to None, run_after=None
[2022-10-03T01:45:45.761+0000] {logging_mixin.py:115} INFO - [2022-10-03T01:45:45.761+0000] {dag.py:2981} INFO - Setting next_dagrun for example_xcom_args_with_operators to None, run_after=None
[2022-10-03T01:45:45.776+0000] {processor.py:161} INFO - Processing /home/airflow/.local/lib/python3.7/site-packages/airflow/example_dags/example_xcomargs.py took 0.226 seconds
[2022-10-03T01:46:16.252+0000] {processor.py:153} INFO - Started process (PID=1862) to work on /home/airflow/.local/lib/python3.7/site-packages/airflow/example_dags/example_xcomargs.py
[2022-10-03T01:46:16.253+0000] {processor.py:640} INFO - Processing file /home/airflow/.local/lib/python3.7/site-packages/airflow/example_dags/example_xcomargs.py for tasks to queue
[2022-10-03T01:46:16.254+0000] {logging_mixin.py:115} INFO - [2022-10-03T01:46:16.254+0000] {dagbag.py:508} INFO - Filling up the DagBag from /home/airflow/.local/lib/python3.7/site-packages/airflow/example_dags/example_xcomargs.py
[2022-10-03T01:46:16.274+0000] {processor.py:650} INFO - DAG(s) dict_keys(['example_xcom_args', 'example_xcom_args_with_operators']) retrieved from /home/airflow/.local/lib/python3.7/site-packages/airflow/example_dags/example_xcomargs.py
[2022-10-03T01:46:16.405+0000] {logging_mixin.py:115} INFO - [2022-10-03T01:46:16.405+0000] {dag.py:2429} INFO - Sync 2 DAGs
[2022-10-03T01:46:16.428+0000] {logging_mixin.py:115} INFO - [2022-10-03T01:46:16.428+0000] {dag.py:2981} INFO - Setting next_dagrun for example_xcom_args to None, run_after=None
[2022-10-03T01:46:16.429+0000] {logging_mixin.py:115} INFO - [2022-10-03T01:46:16.429+0000] {dag.py:2981} INFO - Setting next_dagrun for example_xcom_args_with_operators to None, run_after=None
[2022-10-03T01:46:16.444+0000] {processor.py:161} INFO - Processing /home/airflow/.local/lib/python3.7/site-packages/airflow/example_dags/example_xcomargs.py took 0.194 seconds
[2022-10-03T01:46:47.219+0000] {processor.py:153} INFO - Started process (PID=1917) to work on /home/airflow/.local/lib/python3.7/site-packages/airflow/example_dags/example_xcomargs.py
[2022-10-03T01:46:47.220+0000] {processor.py:640} INFO - Processing file /home/airflow/.local/lib/python3.7/site-packages/airflow/example_dags/example_xcomargs.py for tasks to queue
[2022-10-03T01:46:47.221+0000] {logging_mixin.py:115} INFO - [2022-10-03T01:46:47.221+0000] {dagbag.py:508} INFO - Filling up the DagBag from /home/airflow/.local/lib/python3.7/site-packages/airflow/example_dags/example_xcomargs.py
[2022-10-03T01:46:47.243+0000] {processor.py:650} INFO - DAG(s) dict_keys(['example_xcom_args', 'example_xcom_args_with_operators']) retrieved from /home/airflow/.local/lib/python3.7/site-packages/airflow/example_dags/example_xcomargs.py
[2022-10-03T01:46:47.422+0000] {logging_mixin.py:115} INFO - [2022-10-03T01:46:47.422+0000] {dag.py:2429} INFO - Sync 2 DAGs
[2022-10-03T01:46:47.443+0000] {logging_mixin.py:115} INFO - [2022-10-03T01:46:47.443+0000] {dag.py:2981} INFO - Setting next_dagrun for example_xcom_args to None, run_after=None
[2022-10-03T01:46:47.444+0000] {logging_mixin.py:115} INFO - [2022-10-03T01:46:47.444+0000] {dag.py:2981} INFO - Setting next_dagrun for example_xcom_args_with_operators to None, run_after=None
[2022-10-03T01:46:47.458+0000] {processor.py:161} INFO - Processing /home/airflow/.local/lib/python3.7/site-packages/airflow/example_dags/example_xcomargs.py took 0.242 seconds
[2022-10-03T01:47:17.969+0000] {processor.py:153} INFO - Started process (PID=1972) to work on /home/airflow/.local/lib/python3.7/site-packages/airflow/example_dags/example_xcomargs.py
[2022-10-03T01:47:17.969+0000] {processor.py:640} INFO - Processing file /home/airflow/.local/lib/python3.7/site-packages/airflow/example_dags/example_xcomargs.py for tasks to queue
[2022-10-03T01:47:17.970+0000] {logging_mixin.py:115} INFO - [2022-10-03T01:47:17.970+0000] {dagbag.py:508} INFO - Filling up the DagBag from /home/airflow/.local/lib/python3.7/site-packages/airflow/example_dags/example_xcomargs.py
[2022-10-03T01:47:17.990+0000] {processor.py:650} INFO - DAG(s) dict_keys(['example_xcom_args', 'example_xcom_args_with_operators']) retrieved from /home/airflow/.local/lib/python3.7/site-packages/airflow/example_dags/example_xcomargs.py
[2022-10-03T01:47:18.125+0000] {logging_mixin.py:115} INFO - [2022-10-03T01:47:18.124+0000] {dag.py:2429} INFO - Sync 2 DAGs
[2022-10-03T01:47:18.145+0000] {logging_mixin.py:115} INFO - [2022-10-03T01:47:18.145+0000] {dag.py:2981} INFO - Setting next_dagrun for example_xcom_args to None, run_after=None
[2022-10-03T01:47:18.146+0000] {logging_mixin.py:115} INFO - [2022-10-03T01:47:18.146+0000] {dag.py:2981} INFO - Setting next_dagrun for example_xcom_args_with_operators to None, run_after=None
[2022-10-03T01:47:18.159+0000] {processor.py:161} INFO - Processing /home/airflow/.local/lib/python3.7/site-packages/airflow/example_dags/example_xcomargs.py took 0.193 seconds
[2022-10-03T01:47:48.738+0000] {processor.py:153} INFO - Started process (PID=2027) to work on /home/airflow/.local/lib/python3.7/site-packages/airflow/example_dags/example_xcomargs.py
[2022-10-03T01:47:48.739+0000] {processor.py:640} INFO - Processing file /home/airflow/.local/lib/python3.7/site-packages/airflow/example_dags/example_xcomargs.py for tasks to queue
[2022-10-03T01:47:48.740+0000] {logging_mixin.py:115} INFO - [2022-10-03T01:47:48.740+0000] {dagbag.py:508} INFO - Filling up the DagBag from /home/airflow/.local/lib/python3.7/site-packages/airflow/example_dags/example_xcomargs.py
[2022-10-03T01:47:48.758+0000] {processor.py:650} INFO - DAG(s) dict_keys(['example_xcom_args', 'example_xcom_args_with_operators']) retrieved from /home/airflow/.local/lib/python3.7/site-packages/airflow/example_dags/example_xcomargs.py
[2022-10-03T01:47:48.938+0000] {logging_mixin.py:115} INFO - [2022-10-03T01:47:48.937+0000] {dag.py:2429} INFO - Sync 2 DAGs
[2022-10-03T01:47:48.956+0000] {logging_mixin.py:115} INFO - [2022-10-03T01:47:48.956+0000] {dag.py:2981} INFO - Setting next_dagrun for example_xcom_args to None, run_after=None
[2022-10-03T01:47:48.957+0000] {logging_mixin.py:115} INFO - [2022-10-03T01:47:48.957+0000] {dag.py:2981} INFO - Setting next_dagrun for example_xcom_args_with_operators to None, run_after=None
[2022-10-03T01:47:48.972+0000] {processor.py:161} INFO - Processing /home/airflow/.local/lib/python3.7/site-packages/airflow/example_dags/example_xcomargs.py took 0.237 seconds
[2022-10-03T01:48:19.599+0000] {processor.py:153} INFO - Started process (PID=2082) to work on /home/airflow/.local/lib/python3.7/site-packages/airflow/example_dags/example_xcomargs.py
[2022-10-03T01:48:19.600+0000] {processor.py:640} INFO - Processing file /home/airflow/.local/lib/python3.7/site-packages/airflow/example_dags/example_xcomargs.py for tasks to queue
[2022-10-03T01:48:19.601+0000] {logging_mixin.py:115} INFO - [2022-10-03T01:48:19.601+0000] {dagbag.py:508} INFO - Filling up the DagBag from /home/airflow/.local/lib/python3.7/site-packages/airflow/example_dags/example_xcomargs.py
[2022-10-03T01:48:19.622+0000] {processor.py:650} INFO - DAG(s) dict_keys(['example_xcom_args', 'example_xcom_args_with_operators']) retrieved from /home/airflow/.local/lib/python3.7/site-packages/airflow/example_dags/example_xcomargs.py
[2022-10-03T01:48:19.791+0000] {logging_mixin.py:115} INFO - [2022-10-03T01:48:19.791+0000] {dag.py:2429} INFO - Sync 2 DAGs
[2022-10-03T01:48:19.809+0000] {logging_mixin.py:115} INFO - [2022-10-03T01:48:19.809+0000] {dag.py:2981} INFO - Setting next_dagrun for example_xcom_args to None, run_after=None
[2022-10-03T01:48:19.810+0000] {logging_mixin.py:115} INFO - [2022-10-03T01:48:19.810+0000] {dag.py:2981} INFO - Setting next_dagrun for example_xcom_args_with_operators to None, run_after=None
[2022-10-03T01:48:19.832+0000] {processor.py:161} INFO - Processing /home/airflow/.local/lib/python3.7/site-packages/airflow/example_dags/example_xcomargs.py took 0.236 seconds
[2022-10-03T01:48:50.347+0000] {processor.py:153} INFO - Started process (PID=2137) to work on /home/airflow/.local/lib/python3.7/site-packages/airflow/example_dags/example_xcomargs.py
[2022-10-03T01:48:50.348+0000] {processor.py:640} INFO - Processing file /home/airflow/.local/lib/python3.7/site-packages/airflow/example_dags/example_xcomargs.py for tasks to queue
[2022-10-03T01:48:50.349+0000] {logging_mixin.py:115} INFO - [2022-10-03T01:48:50.349+0000] {dagbag.py:508} INFO - Filling up the DagBag from /home/airflow/.local/lib/python3.7/site-packages/airflow/example_dags/example_xcomargs.py
[2022-10-03T01:48:50.364+0000] {processor.py:650} INFO - DAG(s) dict_keys(['example_xcom_args', 'example_xcom_args_with_operators']) retrieved from /home/airflow/.local/lib/python3.7/site-packages/airflow/example_dags/example_xcomargs.py
[2022-10-03T01:48:50.503+0000] {logging_mixin.py:115} INFO - [2022-10-03T01:48:50.503+0000] {dag.py:2429} INFO - Sync 2 DAGs
[2022-10-03T01:48:50.525+0000] {logging_mixin.py:115} INFO - [2022-10-03T01:48:50.524+0000] {dag.py:2981} INFO - Setting next_dagrun for example_xcom_args to None, run_after=None
[2022-10-03T01:48:50.525+0000] {logging_mixin.py:115} INFO - [2022-10-03T01:48:50.525+0000] {dag.py:2981} INFO - Setting next_dagrun for example_xcom_args_with_operators to None, run_after=None
[2022-10-03T01:48:50.538+0000] {processor.py:161} INFO - Processing /home/airflow/.local/lib/python3.7/site-packages/airflow/example_dags/example_xcomargs.py took 0.194 seconds
[2022-10-03T01:49:21.179+0000] {processor.py:153} INFO - Started process (PID=2192) to work on /home/airflow/.local/lib/python3.7/site-packages/airflow/example_dags/example_xcomargs.py
[2022-10-03T01:49:21.179+0000] {processor.py:640} INFO - Processing file /home/airflow/.local/lib/python3.7/site-packages/airflow/example_dags/example_xcomargs.py for tasks to queue
[2022-10-03T01:49:21.180+0000] {logging_mixin.py:115} INFO - [2022-10-03T01:49:21.180+0000] {dagbag.py:508} INFO - Filling up the DagBag from /home/airflow/.local/lib/python3.7/site-packages/airflow/example_dags/example_xcomargs.py
[2022-10-03T01:49:21.201+0000] {processor.py:650} INFO - DAG(s) dict_keys(['example_xcom_args', 'example_xcom_args_with_operators']) retrieved from /home/airflow/.local/lib/python3.7/site-packages/airflow/example_dags/example_xcomargs.py
[2022-10-03T01:49:21.341+0000] {logging_mixin.py:115} INFO - [2022-10-03T01:49:21.341+0000] {dag.py:2429} INFO - Sync 2 DAGs
[2022-10-03T01:49:21.361+0000] {logging_mixin.py:115} INFO - [2022-10-03T01:49:21.361+0000] {dag.py:2981} INFO - Setting next_dagrun for example_xcom_args to None, run_after=None
[2022-10-03T01:49:21.362+0000] {logging_mixin.py:115} INFO - [2022-10-03T01:49:21.361+0000] {dag.py:2981} INFO - Setting next_dagrun for example_xcom_args_with_operators to None, run_after=None
[2022-10-03T01:49:21.376+0000] {processor.py:161} INFO - Processing /home/airflow/.local/lib/python3.7/site-packages/airflow/example_dags/example_xcomargs.py took 0.201 seconds
[2022-10-03T01:52:34.655+0000] {processor.py:153} INFO - Started process (PID=83) to work on /home/airflow/.local/lib/python3.7/site-packages/airflow/example_dags/example_xcomargs.py
[2022-10-03T01:52:34.656+0000] {processor.py:640} INFO - Processing file /home/airflow/.local/lib/python3.7/site-packages/airflow/example_dags/example_xcomargs.py for tasks to queue
[2022-10-03T01:52:34.657+0000] {logging_mixin.py:115} INFO - [2022-10-03T01:52:34.657+0000] {dagbag.py:508} INFO - Filling up the DagBag from /home/airflow/.local/lib/python3.7/site-packages/airflow/example_dags/example_xcomargs.py
[2022-10-03T01:52:34.683+0000] {processor.py:650} INFO - DAG(s) dict_keys(['example_xcom_args', 'example_xcom_args_with_operators']) retrieved from /home/airflow/.local/lib/python3.7/site-packages/airflow/example_dags/example_xcomargs.py
[2022-10-03T01:52:34.920+0000] {logging_mixin.py:115} INFO - [2022-10-03T01:52:34.920+0000] {dag.py:2429} INFO - Sync 2 DAGs
[2022-10-03T01:52:34.939+0000] {logging_mixin.py:115} INFO - [2022-10-03T01:52:34.939+0000] {dag.py:2981} INFO - Setting next_dagrun for example_xcom_args to None, run_after=None
[2022-10-03T01:52:34.940+0000] {logging_mixin.py:115} INFO - [2022-10-03T01:52:34.940+0000] {dag.py:2981} INFO - Setting next_dagrun for example_xcom_args_with_operators to None, run_after=None
[2022-10-03T01:52:34.955+0000] {processor.py:161} INFO - Processing /home/airflow/.local/lib/python3.7/site-packages/airflow/example_dags/example_xcomargs.py took 0.303 seconds
[2022-10-03T01:53:05.747+0000] {processor.py:153} INFO - Started process (PID=139) to work on /home/airflow/.local/lib/python3.7/site-packages/airflow/example_dags/example_xcomargs.py
[2022-10-03T01:53:05.748+0000] {processor.py:640} INFO - Processing file /home/airflow/.local/lib/python3.7/site-packages/airflow/example_dags/example_xcomargs.py for tasks to queue
[2022-10-03T01:53:05.749+0000] {logging_mixin.py:115} INFO - [2022-10-03T01:53:05.749+0000] {dagbag.py:508} INFO - Filling up the DagBag from /home/airflow/.local/lib/python3.7/site-packages/airflow/example_dags/example_xcomargs.py
[2022-10-03T01:53:05.767+0000] {processor.py:650} INFO - DAG(s) dict_keys(['example_xcom_args', 'example_xcom_args_with_operators']) retrieved from /home/airflow/.local/lib/python3.7/site-packages/airflow/example_dags/example_xcomargs.py
[2022-10-03T01:53:05.929+0000] {logging_mixin.py:115} INFO - [2022-10-03T01:53:05.929+0000] {dag.py:2429} INFO - Sync 2 DAGs
[2022-10-03T01:53:05.949+0000] {logging_mixin.py:115} INFO - [2022-10-03T01:53:05.948+0000] {dag.py:2981} INFO - Setting next_dagrun for example_xcom_args to None, run_after=None
[2022-10-03T01:53:05.949+0000] {logging_mixin.py:115} INFO - [2022-10-03T01:53:05.949+0000] {dag.py:2981} INFO - Setting next_dagrun for example_xcom_args_with_operators to None, run_after=None
[2022-10-03T01:53:05.965+0000] {processor.py:161} INFO - Processing /home/airflow/.local/lib/python3.7/site-packages/airflow/example_dags/example_xcomargs.py took 0.220 seconds
[2022-10-03T01:53:36.507+0000] {processor.py:153} INFO - Started process (PID=194) to work on /home/airflow/.local/lib/python3.7/site-packages/airflow/example_dags/example_xcomargs.py
[2022-10-03T01:53:36.508+0000] {processor.py:640} INFO - Processing file /home/airflow/.local/lib/python3.7/site-packages/airflow/example_dags/example_xcomargs.py for tasks to queue
[2022-10-03T01:53:36.510+0000] {logging_mixin.py:115} INFO - [2022-10-03T01:53:36.509+0000] {dagbag.py:508} INFO - Filling up the DagBag from /home/airflow/.local/lib/python3.7/site-packages/airflow/example_dags/example_xcomargs.py
[2022-10-03T01:53:36.533+0000] {processor.py:650} INFO - DAG(s) dict_keys(['example_xcom_args', 'example_xcom_args_with_operators']) retrieved from /home/airflow/.local/lib/python3.7/site-packages/airflow/example_dags/example_xcomargs.py
[2022-10-03T01:53:36.708+0000] {logging_mixin.py:115} INFO - [2022-10-03T01:53:36.708+0000] {dag.py:2429} INFO - Sync 2 DAGs
[2022-10-03T01:53:36.727+0000] {logging_mixin.py:115} INFO - [2022-10-03T01:53:36.727+0000] {dag.py:2981} INFO - Setting next_dagrun for example_xcom_args to None, run_after=None
[2022-10-03T01:53:36.728+0000] {logging_mixin.py:115} INFO - [2022-10-03T01:53:36.728+0000] {dag.py:2981} INFO - Setting next_dagrun for example_xcom_args_with_operators to None, run_after=None
[2022-10-03T01:53:36.744+0000] {processor.py:161} INFO - Processing /home/airflow/.local/lib/python3.7/site-packages/airflow/example_dags/example_xcomargs.py took 0.239 seconds
[2022-10-03T01:54:07.579+0000] {processor.py:153} INFO - Started process (PID=249) to work on /home/airflow/.local/lib/python3.7/site-packages/airflow/example_dags/example_xcomargs.py
[2022-10-03T01:54:07.580+0000] {processor.py:640} INFO - Processing file /home/airflow/.local/lib/python3.7/site-packages/airflow/example_dags/example_xcomargs.py for tasks to queue
[2022-10-03T01:54:07.581+0000] {logging_mixin.py:115} INFO - [2022-10-03T01:54:07.581+0000] {dagbag.py:508} INFO - Filling up the DagBag from /home/airflow/.local/lib/python3.7/site-packages/airflow/example_dags/example_xcomargs.py
[2022-10-03T01:54:07.601+0000] {processor.py:650} INFO - DAG(s) dict_keys(['example_xcom_args', 'example_xcom_args_with_operators']) retrieved from /home/airflow/.local/lib/python3.7/site-packages/airflow/example_dags/example_xcomargs.py
[2022-10-03T01:54:07.785+0000] {logging_mixin.py:115} INFO - [2022-10-03T01:54:07.785+0000] {dag.py:2429} INFO - Sync 2 DAGs
[2022-10-03T01:54:07.807+0000] {logging_mixin.py:115} INFO - [2022-10-03T01:54:07.807+0000] {dag.py:2981} INFO - Setting next_dagrun for example_xcom_args to None, run_after=None
[2022-10-03T01:54:07.808+0000] {logging_mixin.py:115} INFO - [2022-10-03T01:54:07.808+0000] {dag.py:2981} INFO - Setting next_dagrun for example_xcom_args_with_operators to None, run_after=None
[2022-10-03T01:54:07.824+0000] {processor.py:161} INFO - Processing /home/airflow/.local/lib/python3.7/site-packages/airflow/example_dags/example_xcomargs.py took 0.247 seconds
[2022-10-03T01:54:38.682+0000] {processor.py:153} INFO - Started process (PID=305) to work on /home/airflow/.local/lib/python3.7/site-packages/airflow/example_dags/example_xcomargs.py
[2022-10-03T01:54:38.683+0000] {processor.py:640} INFO - Processing file /home/airflow/.local/lib/python3.7/site-packages/airflow/example_dags/example_xcomargs.py for tasks to queue
[2022-10-03T01:54:38.684+0000] {logging_mixin.py:115} INFO - [2022-10-03T01:54:38.684+0000] {dagbag.py:508} INFO - Filling up the DagBag from /home/airflow/.local/lib/python3.7/site-packages/airflow/example_dags/example_xcomargs.py
[2022-10-03T01:54:38.706+0000] {processor.py:650} INFO - DAG(s) dict_keys(['example_xcom_args', 'example_xcom_args_with_operators']) retrieved from /home/airflow/.local/lib/python3.7/site-packages/airflow/example_dags/example_xcomargs.py
[2022-10-03T01:54:38.918+0000] {logging_mixin.py:115} INFO - [2022-10-03T01:54:38.918+0000] {dag.py:2429} INFO - Sync 2 DAGs
[2022-10-03T01:54:38.937+0000] {logging_mixin.py:115} INFO - [2022-10-03T01:54:38.937+0000] {dag.py:2981} INFO - Setting next_dagrun for example_xcom_args to None, run_after=None
[2022-10-03T01:54:38.938+0000] {logging_mixin.py:115} INFO - [2022-10-03T01:54:38.937+0000] {dag.py:2981} INFO - Setting next_dagrun for example_xcom_args_with_operators to None, run_after=None
[2022-10-03T01:54:38.951+0000] {processor.py:161} INFO - Processing /home/airflow/.local/lib/python3.7/site-packages/airflow/example_dags/example_xcomargs.py took 0.272 seconds
[2022-10-03T01:55:09.969+0000] {processor.py:153} INFO - Started process (PID=360) to work on /home/airflow/.local/lib/python3.7/site-packages/airflow/example_dags/example_xcomargs.py
[2022-10-03T01:55:09.970+0000] {processor.py:640} INFO - Processing file /home/airflow/.local/lib/python3.7/site-packages/airflow/example_dags/example_xcomargs.py for tasks to queue
[2022-10-03T01:55:09.971+0000] {logging_mixin.py:115} INFO - [2022-10-03T01:55:09.971+0000] {dagbag.py:508} INFO - Filling up the DagBag from /home/airflow/.local/lib/python3.7/site-packages/airflow/example_dags/example_xcomargs.py
[2022-10-03T01:55:09.990+0000] {processor.py:650} INFO - DAG(s) dict_keys(['example_xcom_args', 'example_xcom_args_with_operators']) retrieved from /home/airflow/.local/lib/python3.7/site-packages/airflow/example_dags/example_xcomargs.py
[2022-10-03T01:55:10.157+0000] {logging_mixin.py:115} INFO - [2022-10-03T01:55:10.157+0000] {dag.py:2429} INFO - Sync 2 DAGs
[2022-10-03T01:55:10.174+0000] {logging_mixin.py:115} INFO - [2022-10-03T01:55:10.174+0000] {dag.py:2981} INFO - Setting next_dagrun for example_xcom_args to None, run_after=None
[2022-10-03T01:55:10.175+0000] {logging_mixin.py:115} INFO - [2022-10-03T01:55:10.175+0000] {dag.py:2981} INFO - Setting next_dagrun for example_xcom_args_with_operators to None, run_after=None
[2022-10-03T01:55:10.190+0000] {processor.py:161} INFO - Processing /home/airflow/.local/lib/python3.7/site-packages/airflow/example_dags/example_xcomargs.py took 0.223 seconds
[2022-10-03T01:55:40.570+0000] {processor.py:153} INFO - Started process (PID=415) to work on /home/airflow/.local/lib/python3.7/site-packages/airflow/example_dags/example_xcomargs.py
[2022-10-03T01:55:40.571+0000] {processor.py:640} INFO - Processing file /home/airflow/.local/lib/python3.7/site-packages/airflow/example_dags/example_xcomargs.py for tasks to queue
[2022-10-03T01:55:40.572+0000] {logging_mixin.py:115} INFO - [2022-10-03T01:55:40.572+0000] {dagbag.py:508} INFO - Filling up the DagBag from /home/airflow/.local/lib/python3.7/site-packages/airflow/example_dags/example_xcomargs.py
[2022-10-03T01:55:40.591+0000] {processor.py:650} INFO - DAG(s) dict_keys(['example_xcom_args', 'example_xcom_args_with_operators']) retrieved from /home/airflow/.local/lib/python3.7/site-packages/airflow/example_dags/example_xcomargs.py
[2022-10-03T01:55:40.761+0000] {logging_mixin.py:115} INFO - [2022-10-03T01:55:40.761+0000] {dag.py:2429} INFO - Sync 2 DAGs
[2022-10-03T01:55:40.779+0000] {logging_mixin.py:115} INFO - [2022-10-03T01:55:40.779+0000] {dag.py:2981} INFO - Setting next_dagrun for example_xcom_args to None, run_after=None
[2022-10-03T01:55:40.780+0000] {logging_mixin.py:115} INFO - [2022-10-03T01:55:40.780+0000] {dag.py:2981} INFO - Setting next_dagrun for example_xcom_args_with_operators to None, run_after=None
[2022-10-03T01:55:40.795+0000] {processor.py:161} INFO - Processing /home/airflow/.local/lib/python3.7/site-packages/airflow/example_dags/example_xcomargs.py took 0.228 seconds
[2022-10-03T01:56:11.325+0000] {processor.py:153} INFO - Started process (PID=477) to work on /home/airflow/.local/lib/python3.7/site-packages/airflow/example_dags/example_xcomargs.py
[2022-10-03T01:56:11.326+0000] {processor.py:640} INFO - Processing file /home/airflow/.local/lib/python3.7/site-packages/airflow/example_dags/example_xcomargs.py for tasks to queue
[2022-10-03T01:56:11.327+0000] {logging_mixin.py:115} INFO - [2022-10-03T01:56:11.327+0000] {dagbag.py:508} INFO - Filling up the DagBag from /home/airflow/.local/lib/python3.7/site-packages/airflow/example_dags/example_xcomargs.py
[2022-10-03T01:56:11.354+0000] {processor.py:650} INFO - DAG(s) dict_keys(['example_xcom_args', 'example_xcom_args_with_operators']) retrieved from /home/airflow/.local/lib/python3.7/site-packages/airflow/example_dags/example_xcomargs.py
[2022-10-03T01:56:11.594+0000] {logging_mixin.py:115} INFO - [2022-10-03T01:56:11.594+0000] {dag.py:2429} INFO - Sync 2 DAGs
[2022-10-03T01:56:11.612+0000] {logging_mixin.py:115} INFO - [2022-10-03T01:56:11.612+0000] {dag.py:2981} INFO - Setting next_dagrun for example_xcom_args to None, run_after=None
[2022-10-03T01:56:11.613+0000] {logging_mixin.py:115} INFO - [2022-10-03T01:56:11.613+0000] {dag.py:2981} INFO - Setting next_dagrun for example_xcom_args_with_operators to None, run_after=None
[2022-10-03T01:56:11.628+0000] {processor.py:161} INFO - Processing /home/airflow/.local/lib/python3.7/site-packages/airflow/example_dags/example_xcomargs.py took 0.305 seconds
[2022-10-03T01:56:42.054+0000] {processor.py:153} INFO - Started process (PID=534) to work on /home/airflow/.local/lib/python3.7/site-packages/airflow/example_dags/example_xcomargs.py
[2022-10-03T01:56:42.055+0000] {processor.py:640} INFO - Processing file /home/airflow/.local/lib/python3.7/site-packages/airflow/example_dags/example_xcomargs.py for tasks to queue
[2022-10-03T01:56:42.056+0000] {logging_mixin.py:115} INFO - [2022-10-03T01:56:42.055+0000] {dagbag.py:508} INFO - Filling up the DagBag from /home/airflow/.local/lib/python3.7/site-packages/airflow/example_dags/example_xcomargs.py
[2022-10-03T01:56:42.071+0000] {processor.py:650} INFO - DAG(s) dict_keys(['example_xcom_args', 'example_xcom_args_with_operators']) retrieved from /home/airflow/.local/lib/python3.7/site-packages/airflow/example_dags/example_xcomargs.py
[2022-10-03T01:56:42.225+0000] {logging_mixin.py:115} INFO - [2022-10-03T01:56:42.225+0000] {dag.py:2429} INFO - Sync 2 DAGs
[2022-10-03T01:56:42.245+0000] {logging_mixin.py:115} INFO - [2022-10-03T01:56:42.245+0000] {dag.py:2981} INFO - Setting next_dagrun for example_xcom_args to None, run_after=None
[2022-10-03T01:56:42.246+0000] {logging_mixin.py:115} INFO - [2022-10-03T01:56:42.246+0000] {dag.py:2981} INFO - Setting next_dagrun for example_xcom_args_with_operators to None, run_after=None
[2022-10-03T01:56:42.261+0000] {processor.py:161} INFO - Processing /home/airflow/.local/lib/python3.7/site-packages/airflow/example_dags/example_xcomargs.py took 0.210 seconds
[2022-10-03T01:57:12.547+0000] {processor.py:153} INFO - Started process (PID=589) to work on /home/airflow/.local/lib/python3.7/site-packages/airflow/example_dags/example_xcomargs.py
[2022-10-03T01:57:12.548+0000] {processor.py:640} INFO - Processing file /home/airflow/.local/lib/python3.7/site-packages/airflow/example_dags/example_xcomargs.py for tasks to queue
[2022-10-03T01:57:12.548+0000] {logging_mixin.py:115} INFO - [2022-10-03T01:57:12.548+0000] {dagbag.py:508} INFO - Filling up the DagBag from /home/airflow/.local/lib/python3.7/site-packages/airflow/example_dags/example_xcomargs.py
[2022-10-03T01:57:12.565+0000] {processor.py:650} INFO - DAG(s) dict_keys(['example_xcom_args', 'example_xcom_args_with_operators']) retrieved from /home/airflow/.local/lib/python3.7/site-packages/airflow/example_dags/example_xcomargs.py
[2022-10-03T01:57:12.752+0000] {logging_mixin.py:115} INFO - [2022-10-03T01:57:12.752+0000] {dag.py:2429} INFO - Sync 2 DAGs
[2022-10-03T01:57:12.775+0000] {logging_mixin.py:115} INFO - [2022-10-03T01:57:12.775+0000] {dag.py:2981} INFO - Setting next_dagrun for example_xcom_args to None, run_after=None
[2022-10-03T01:57:12.777+0000] {logging_mixin.py:115} INFO - [2022-10-03T01:57:12.776+0000] {dag.py:2981} INFO - Setting next_dagrun for example_xcom_args_with_operators to None, run_after=None
[2022-10-03T01:57:12.795+0000] {processor.py:161} INFO - Processing /home/airflow/.local/lib/python3.7/site-packages/airflow/example_dags/example_xcomargs.py took 0.250 seconds
[2022-10-03T01:57:43.230+0000] {processor.py:153} INFO - Started process (PID=642) to work on /home/airflow/.local/lib/python3.7/site-packages/airflow/example_dags/example_xcomargs.py
[2022-10-03T01:57:43.230+0000] {processor.py:640} INFO - Processing file /home/airflow/.local/lib/python3.7/site-packages/airflow/example_dags/example_xcomargs.py for tasks to queue
[2022-10-03T01:57:43.231+0000] {logging_mixin.py:115} INFO - [2022-10-03T01:57:43.231+0000] {dagbag.py:508} INFO - Filling up the DagBag from /home/airflow/.local/lib/python3.7/site-packages/airflow/example_dags/example_xcomargs.py
[2022-10-03T01:57:43.248+0000] {processor.py:650} INFO - DAG(s) dict_keys(['example_xcom_args', 'example_xcom_args_with_operators']) retrieved from /home/airflow/.local/lib/python3.7/site-packages/airflow/example_dags/example_xcomargs.py
[2022-10-03T01:57:43.405+0000] {logging_mixin.py:115} INFO - [2022-10-03T01:57:43.405+0000] {dag.py:2429} INFO - Sync 2 DAGs
[2022-10-03T01:57:43.425+0000] {logging_mixin.py:115} INFO - [2022-10-03T01:57:43.425+0000] {dag.py:2981} INFO - Setting next_dagrun for example_xcom_args to None, run_after=None
[2022-10-03T01:57:43.426+0000] {logging_mixin.py:115} INFO - [2022-10-03T01:57:43.426+0000] {dag.py:2981} INFO - Setting next_dagrun for example_xcom_args_with_operators to None, run_after=None
[2022-10-03T01:57:43.442+0000] {processor.py:161} INFO - Processing /home/airflow/.local/lib/python3.7/site-packages/airflow/example_dags/example_xcomargs.py took 0.215 seconds
[2022-10-03T01:58:13.825+0000] {processor.py:153} INFO - Started process (PID=699) to work on /home/airflow/.local/lib/python3.7/site-packages/airflow/example_dags/example_xcomargs.py
[2022-10-03T01:58:13.826+0000] {processor.py:640} INFO - Processing file /home/airflow/.local/lib/python3.7/site-packages/airflow/example_dags/example_xcomargs.py for tasks to queue
[2022-10-03T01:58:13.827+0000] {logging_mixin.py:115} INFO - [2022-10-03T01:58:13.827+0000] {dagbag.py:508} INFO - Filling up the DagBag from /home/airflow/.local/lib/python3.7/site-packages/airflow/example_dags/example_xcomargs.py
[2022-10-03T01:58:13.842+0000] {processor.py:650} INFO - DAG(s) dict_keys(['example_xcom_args', 'example_xcom_args_with_operators']) retrieved from /home/airflow/.local/lib/python3.7/site-packages/airflow/example_dags/example_xcomargs.py
[2022-10-03T01:58:13.867+0000] {logging_mixin.py:115} INFO - [2022-10-03T01:58:13.867+0000] {dag.py:2429} INFO - Sync 2 DAGs
[2022-10-03T01:58:13.976+0000] {logging_mixin.py:115} INFO - [2022-10-03T01:58:13.976+0000] {dag.py:2981} INFO - Setting next_dagrun for example_xcom_args to None, run_after=None
[2022-10-03T01:58:13.977+0000] {logging_mixin.py:115} INFO - [2022-10-03T01:58:13.977+0000] {dag.py:2981} INFO - Setting next_dagrun for example_xcom_args_with_operators to None, run_after=None
[2022-10-03T01:58:13.990+0000] {processor.py:161} INFO - Processing /home/airflow/.local/lib/python3.7/site-packages/airflow/example_dags/example_xcomargs.py took 0.167 seconds
[2022-10-03T01:58:44.263+0000] {processor.py:153} INFO - Started process (PID=753) to work on /home/airflow/.local/lib/python3.7/site-packages/airflow/example_dags/example_xcomargs.py
[2022-10-03T01:58:44.263+0000] {processor.py:640} INFO - Processing file /home/airflow/.local/lib/python3.7/site-packages/airflow/example_dags/example_xcomargs.py for tasks to queue
[2022-10-03T01:58:44.264+0000] {logging_mixin.py:115} INFO - [2022-10-03T01:58:44.264+0000] {dagbag.py:508} INFO - Filling up the DagBag from /home/airflow/.local/lib/python3.7/site-packages/airflow/example_dags/example_xcomargs.py
[2022-10-03T01:58:44.279+0000] {processor.py:650} INFO - DAG(s) dict_keys(['example_xcom_args', 'example_xcom_args_with_operators']) retrieved from /home/airflow/.local/lib/python3.7/site-packages/airflow/example_dags/example_xcomargs.py
[2022-10-03T01:58:44.432+0000] {logging_mixin.py:115} INFO - [2022-10-03T01:58:44.431+0000] {dag.py:2429} INFO - Sync 2 DAGs
[2022-10-03T01:58:44.452+0000] {logging_mixin.py:115} INFO - [2022-10-03T01:58:44.452+0000] {dag.py:2981} INFO - Setting next_dagrun for example_xcom_args to None, run_after=None
[2022-10-03T01:58:44.452+0000] {logging_mixin.py:115} INFO - [2022-10-03T01:58:44.452+0000] {dag.py:2981} INFO - Setting next_dagrun for example_xcom_args_with_operators to None, run_after=None
[2022-10-03T01:58:44.474+0000] {processor.py:161} INFO - Processing /home/airflow/.local/lib/python3.7/site-packages/airflow/example_dags/example_xcomargs.py took 0.213 seconds
[2022-10-03T01:59:15.085+0000] {processor.py:153} INFO - Started process (PID=808) to work on /home/airflow/.local/lib/python3.7/site-packages/airflow/example_dags/example_xcomargs.py
[2022-10-03T01:59:15.086+0000] {processor.py:640} INFO - Processing file /home/airflow/.local/lib/python3.7/site-packages/airflow/example_dags/example_xcomargs.py for tasks to queue
[2022-10-03T01:59:15.087+0000] {logging_mixin.py:115} INFO - [2022-10-03T01:59:15.087+0000] {dagbag.py:508} INFO - Filling up the DagBag from /home/airflow/.local/lib/python3.7/site-packages/airflow/example_dags/example_xcomargs.py
[2022-10-03T01:59:15.103+0000] {processor.py:650} INFO - DAG(s) dict_keys(['example_xcom_args', 'example_xcom_args_with_operators']) retrieved from /home/airflow/.local/lib/python3.7/site-packages/airflow/example_dags/example_xcomargs.py
[2022-10-03T01:59:15.273+0000] {logging_mixin.py:115} INFO - [2022-10-03T01:59:15.273+0000] {dag.py:2429} INFO - Sync 2 DAGs
[2022-10-03T01:59:15.292+0000] {logging_mixin.py:115} INFO - [2022-10-03T01:59:15.292+0000] {dag.py:2981} INFO - Setting next_dagrun for example_xcom_args to None, run_after=None
[2022-10-03T01:59:15.293+0000] {logging_mixin.py:115} INFO - [2022-10-03T01:59:15.293+0000] {dag.py:2981} INFO - Setting next_dagrun for example_xcom_args_with_operators to None, run_after=None
[2022-10-03T01:59:15.309+0000] {processor.py:161} INFO - Processing /home/airflow/.local/lib/python3.7/site-packages/airflow/example_dags/example_xcomargs.py took 0.227 seconds
[2022-10-03T01:59:45.542+0000] {processor.py:153} INFO - Started process (PID=865) to work on /home/airflow/.local/lib/python3.7/site-packages/airflow/example_dags/example_xcomargs.py
[2022-10-03T01:59:45.543+0000] {processor.py:640} INFO - Processing file /home/airflow/.local/lib/python3.7/site-packages/airflow/example_dags/example_xcomargs.py for tasks to queue
[2022-10-03T01:59:45.544+0000] {logging_mixin.py:115} INFO - [2022-10-03T01:59:45.544+0000] {dagbag.py:508} INFO - Filling up the DagBag from /home/airflow/.local/lib/python3.7/site-packages/airflow/example_dags/example_xcomargs.py
[2022-10-03T01:59:45.559+0000] {processor.py:650} INFO - DAG(s) dict_keys(['example_xcom_args', 'example_xcom_args_with_operators']) retrieved from /home/airflow/.local/lib/python3.7/site-packages/airflow/example_dags/example_xcomargs.py
[2022-10-03T01:59:45.710+0000] {logging_mixin.py:115} INFO - [2022-10-03T01:59:45.710+0000] {dag.py:2429} INFO - Sync 2 DAGs
[2022-10-03T01:59:45.728+0000] {logging_mixin.py:115} INFO - [2022-10-03T01:59:45.728+0000] {dag.py:2981} INFO - Setting next_dagrun for example_xcom_args to None, run_after=None
[2022-10-03T01:59:45.729+0000] {logging_mixin.py:115} INFO - [2022-10-03T01:59:45.729+0000] {dag.py:2981} INFO - Setting next_dagrun for example_xcom_args_with_operators to None, run_after=None
[2022-10-03T01:59:45.743+0000] {processor.py:161} INFO - Processing /home/airflow/.local/lib/python3.7/site-packages/airflow/example_dags/example_xcomargs.py took 0.204 seconds
