[2022-10-03T01:29:46.408+0000] {processor.py:153} INFO - Started process (PID=57) to work on /home/airflow/.local/lib/python3.7/site-packages/airflow/example_dags/example_dag_decorator.py
[2022-10-03T01:29:46.410+0000] {processor.py:640} INFO - Processing file /home/airflow/.local/lib/python3.7/site-packages/airflow/example_dags/example_dag_decorator.py for tasks to queue
[2022-10-03T01:29:46.412+0000] {logging_mixin.py:115} INFO - [2022-10-03T01:29:46.411+0000] {dagbag.py:508} INFO - Filling up the DagBag from /home/airflow/.local/lib/python3.7/site-packages/airflow/example_dags/example_dag_decorator.py
[2022-10-03T01:29:46.468+0000] {processor.py:650} INFO - DAG(s) dict_keys(['example_dag_decorator']) retrieved from /home/airflow/.local/lib/python3.7/site-packages/airflow/example_dags/example_dag_decorator.py
[2022-10-03T01:29:46.812+0000] {logging_mixin.py:115} INFO - [2022-10-03T01:29:46.812+0000] {manager.py:508} INFO - Created Permission View: can edit on DAG:example_dag_decorator
[2022-10-03T01:29:46.829+0000] {logging_mixin.py:115} INFO - [2022-10-03T01:29:46.829+0000] {manager.py:508} INFO - Created Permission View: can read on DAG:example_dag_decorator
[2022-10-03T01:29:46.846+0000] {logging_mixin.py:115} INFO - [2022-10-03T01:29:46.845+0000] {manager.py:508} INFO - Created Permission View: can delete on DAG:example_dag_decorator
[2022-10-03T01:29:46.847+0000] {logging_mixin.py:115} INFO - [2022-10-03T01:29:46.847+0000] {dag.py:2429} INFO - Sync 1 DAGs
[2022-10-03T01:29:46.858+0000] {logging_mixin.py:115} INFO - [2022-10-03T01:29:46.857+0000] {dag.py:2448} INFO - Creating ORM DAG for example_dag_decorator
[2022-10-03T01:29:46.876+0000] {logging_mixin.py:115} INFO - [2022-10-03T01:29:46.876+0000] {dag.py:2981} INFO - Setting next_dagrun for example_dag_decorator to None, run_after=None
[2022-10-03T01:29:46.896+0000] {processor.py:161} INFO - Processing /home/airflow/.local/lib/python3.7/site-packages/airflow/example_dags/example_dag_decorator.py took 0.493 seconds
[2022-10-03T01:30:17.162+0000] {processor.py:153} INFO - Started process (PID=112) to work on /home/airflow/.local/lib/python3.7/site-packages/airflow/example_dags/example_dag_decorator.py
[2022-10-03T01:30:17.163+0000] {processor.py:640} INFO - Processing file /home/airflow/.local/lib/python3.7/site-packages/airflow/example_dags/example_dag_decorator.py for tasks to queue
[2022-10-03T01:30:17.164+0000] {logging_mixin.py:115} INFO - [2022-10-03T01:30:17.164+0000] {dagbag.py:508} INFO - Filling up the DagBag from /home/airflow/.local/lib/python3.7/site-packages/airflow/example_dags/example_dag_decorator.py
[2022-10-03T01:30:17.186+0000] {processor.py:650} INFO - DAG(s) dict_keys(['example_dag_decorator']) retrieved from /home/airflow/.local/lib/python3.7/site-packages/airflow/example_dags/example_dag_decorator.py
[2022-10-03T01:30:17.345+0000] {logging_mixin.py:115} INFO - [2022-10-03T01:30:17.344+0000] {dag.py:2429} INFO - Sync 1 DAGs
[2022-10-03T01:30:17.364+0000] {logging_mixin.py:115} INFO - [2022-10-03T01:30:17.364+0000] {dag.py:2981} INFO - Setting next_dagrun for example_dag_decorator to None, run_after=None
[2022-10-03T01:30:17.383+0000] {processor.py:161} INFO - Processing /home/airflow/.local/lib/python3.7/site-packages/airflow/example_dags/example_dag_decorator.py took 0.223 seconds
[2022-10-03T01:30:47.826+0000] {processor.py:153} INFO - Started process (PID=167) to work on /home/airflow/.local/lib/python3.7/site-packages/airflow/example_dags/example_dag_decorator.py
[2022-10-03T01:30:47.827+0000] {processor.py:640} INFO - Processing file /home/airflow/.local/lib/python3.7/site-packages/airflow/example_dags/example_dag_decorator.py for tasks to queue
[2022-10-03T01:30:47.827+0000] {logging_mixin.py:115} INFO - [2022-10-03T01:30:47.827+0000] {dagbag.py:508} INFO - Filling up the DagBag from /home/airflow/.local/lib/python3.7/site-packages/airflow/example_dags/example_dag_decorator.py
[2022-10-03T01:30:47.849+0000] {processor.py:650} INFO - DAG(s) dict_keys(['example_dag_decorator']) retrieved from /home/airflow/.local/lib/python3.7/site-packages/airflow/example_dags/example_dag_decorator.py
[2022-10-03T01:30:48.013+0000] {logging_mixin.py:115} INFO - [2022-10-03T01:30:48.013+0000] {dag.py:2429} INFO - Sync 1 DAGs
[2022-10-03T01:30:48.030+0000] {logging_mixin.py:115} INFO - [2022-10-03T01:30:48.030+0000] {dag.py:2981} INFO - Setting next_dagrun for example_dag_decorator to None, run_after=None
[2022-10-03T01:30:48.049+0000] {processor.py:161} INFO - Processing /home/airflow/.local/lib/python3.7/site-packages/airflow/example_dags/example_dag_decorator.py took 0.225 seconds
[2022-10-03T01:31:18.552+0000] {processor.py:153} INFO - Started process (PID=222) to work on /home/airflow/.local/lib/python3.7/site-packages/airflow/example_dags/example_dag_decorator.py
[2022-10-03T01:31:18.553+0000] {processor.py:640} INFO - Processing file /home/airflow/.local/lib/python3.7/site-packages/airflow/example_dags/example_dag_decorator.py for tasks to queue
[2022-10-03T01:31:18.554+0000] {logging_mixin.py:115} INFO - [2022-10-03T01:31:18.554+0000] {dagbag.py:508} INFO - Filling up the DagBag from /home/airflow/.local/lib/python3.7/site-packages/airflow/example_dags/example_dag_decorator.py
[2022-10-03T01:31:18.575+0000] {processor.py:650} INFO - DAG(s) dict_keys(['example_dag_decorator']) retrieved from /home/airflow/.local/lib/python3.7/site-packages/airflow/example_dags/example_dag_decorator.py
[2022-10-03T01:31:18.742+0000] {logging_mixin.py:115} INFO - [2022-10-03T01:31:18.742+0000] {dag.py:2429} INFO - Sync 1 DAGs
[2022-10-03T01:31:18.761+0000] {logging_mixin.py:115} INFO - [2022-10-03T01:31:18.761+0000] {dag.py:2981} INFO - Setting next_dagrun for example_dag_decorator to None, run_after=None
[2022-10-03T01:31:18.780+0000] {processor.py:161} INFO - Processing /home/airflow/.local/lib/python3.7/site-packages/airflow/example_dags/example_dag_decorator.py took 0.230 seconds
[2022-10-03T01:31:49.304+0000] {processor.py:153} INFO - Started process (PID=278) to work on /home/airflow/.local/lib/python3.7/site-packages/airflow/example_dags/example_dag_decorator.py
[2022-10-03T01:31:49.305+0000] {processor.py:640} INFO - Processing file /home/airflow/.local/lib/python3.7/site-packages/airflow/example_dags/example_dag_decorator.py for tasks to queue
[2022-10-03T01:31:49.306+0000] {logging_mixin.py:115} INFO - [2022-10-03T01:31:49.306+0000] {dagbag.py:508} INFO - Filling up the DagBag from /home/airflow/.local/lib/python3.7/site-packages/airflow/example_dags/example_dag_decorator.py
[2022-10-03T01:31:49.329+0000] {processor.py:650} INFO - DAG(s) dict_keys(['example_dag_decorator']) retrieved from /home/airflow/.local/lib/python3.7/site-packages/airflow/example_dags/example_dag_decorator.py
[2022-10-03T01:31:49.515+0000] {logging_mixin.py:115} INFO - [2022-10-03T01:31:49.515+0000] {dag.py:2429} INFO - Sync 1 DAGs
[2022-10-03T01:31:49.537+0000] {logging_mixin.py:115} INFO - [2022-10-03T01:31:49.536+0000] {dag.py:2981} INFO - Setting next_dagrun for example_dag_decorator to None, run_after=None
[2022-10-03T01:31:49.556+0000] {processor.py:161} INFO - Processing /home/airflow/.local/lib/python3.7/site-packages/airflow/example_dags/example_dag_decorator.py took 0.255 seconds
[2022-10-03T01:32:19.999+0000] {processor.py:153} INFO - Started process (PID=333) to work on /home/airflow/.local/lib/python3.7/site-packages/airflow/example_dags/example_dag_decorator.py
[2022-10-03T01:32:20.000+0000] {processor.py:640} INFO - Processing file /home/airflow/.local/lib/python3.7/site-packages/airflow/example_dags/example_dag_decorator.py for tasks to queue
[2022-10-03T01:32:20.000+0000] {logging_mixin.py:115} INFO - [2022-10-03T01:32:20.000+0000] {dagbag.py:508} INFO - Filling up the DagBag from /home/airflow/.local/lib/python3.7/site-packages/airflow/example_dags/example_dag_decorator.py
[2022-10-03T01:32:20.021+0000] {processor.py:650} INFO - DAG(s) dict_keys(['example_dag_decorator']) retrieved from /home/airflow/.local/lib/python3.7/site-packages/airflow/example_dags/example_dag_decorator.py
[2022-10-03T01:32:20.201+0000] {logging_mixin.py:115} INFO - [2022-10-03T01:32:20.201+0000] {dag.py:2429} INFO - Sync 1 DAGs
[2022-10-03T01:32:20.219+0000] {logging_mixin.py:115} INFO - [2022-10-03T01:32:20.218+0000] {dag.py:2981} INFO - Setting next_dagrun for example_dag_decorator to None, run_after=None
[2022-10-03T01:32:20.236+0000] {processor.py:161} INFO - Processing /home/airflow/.local/lib/python3.7/site-packages/airflow/example_dags/example_dag_decorator.py took 0.240 seconds
[2022-10-03T01:32:50.942+0000] {processor.py:153} INFO - Started process (PID=388) to work on /home/airflow/.local/lib/python3.7/site-packages/airflow/example_dags/example_dag_decorator.py
[2022-10-03T01:32:50.943+0000] {processor.py:640} INFO - Processing file /home/airflow/.local/lib/python3.7/site-packages/airflow/example_dags/example_dag_decorator.py for tasks to queue
[2022-10-03T01:32:50.944+0000] {logging_mixin.py:115} INFO - [2022-10-03T01:32:50.944+0000] {dagbag.py:508} INFO - Filling up the DagBag from /home/airflow/.local/lib/python3.7/site-packages/airflow/example_dags/example_dag_decorator.py
[2022-10-03T01:32:50.969+0000] {processor.py:650} INFO - DAG(s) dict_keys(['example_dag_decorator']) retrieved from /home/airflow/.local/lib/python3.7/site-packages/airflow/example_dags/example_dag_decorator.py
[2022-10-03T01:32:51.136+0000] {logging_mixin.py:115} INFO - [2022-10-03T01:32:51.136+0000] {dag.py:2429} INFO - Sync 1 DAGs
[2022-10-03T01:32:51.158+0000] {logging_mixin.py:115} INFO - [2022-10-03T01:32:51.158+0000] {dag.py:2981} INFO - Setting next_dagrun for example_dag_decorator to None, run_after=None
[2022-10-03T01:32:51.175+0000] {processor.py:161} INFO - Processing /home/airflow/.local/lib/python3.7/site-packages/airflow/example_dags/example_dag_decorator.py took 0.236 seconds
[2022-10-03T01:33:21.663+0000] {processor.py:153} INFO - Started process (PID=443) to work on /home/airflow/.local/lib/python3.7/site-packages/airflow/example_dags/example_dag_decorator.py
[2022-10-03T01:33:21.664+0000] {processor.py:640} INFO - Processing file /home/airflow/.local/lib/python3.7/site-packages/airflow/example_dags/example_dag_decorator.py for tasks to queue
[2022-10-03T01:33:21.665+0000] {logging_mixin.py:115} INFO - [2022-10-03T01:33:21.665+0000] {dagbag.py:508} INFO - Filling up the DagBag from /home/airflow/.local/lib/python3.7/site-packages/airflow/example_dags/example_dag_decorator.py
[2022-10-03T01:33:21.687+0000] {processor.py:650} INFO - DAG(s) dict_keys(['example_dag_decorator']) retrieved from /home/airflow/.local/lib/python3.7/site-packages/airflow/example_dags/example_dag_decorator.py
[2022-10-03T01:33:21.873+0000] {logging_mixin.py:115} INFO - [2022-10-03T01:33:21.873+0000] {dag.py:2429} INFO - Sync 1 DAGs
[2022-10-03T01:33:21.894+0000] {logging_mixin.py:115} INFO - [2022-10-03T01:33:21.894+0000] {dag.py:2981} INFO - Setting next_dagrun for example_dag_decorator to None, run_after=None
[2022-10-03T01:33:21.913+0000] {processor.py:161} INFO - Processing /home/airflow/.local/lib/python3.7/site-packages/airflow/example_dags/example_dag_decorator.py took 0.252 seconds
[2022-10-03T01:33:52.420+0000] {processor.py:153} INFO - Started process (PID=498) to work on /home/airflow/.local/lib/python3.7/site-packages/airflow/example_dags/example_dag_decorator.py
[2022-10-03T01:33:52.421+0000] {processor.py:640} INFO - Processing file /home/airflow/.local/lib/python3.7/site-packages/airflow/example_dags/example_dag_decorator.py for tasks to queue
[2022-10-03T01:33:52.422+0000] {logging_mixin.py:115} INFO - [2022-10-03T01:33:52.422+0000] {dagbag.py:508} INFO - Filling up the DagBag from /home/airflow/.local/lib/python3.7/site-packages/airflow/example_dags/example_dag_decorator.py
[2022-10-03T01:33:52.442+0000] {processor.py:650} INFO - DAG(s) dict_keys(['example_dag_decorator']) retrieved from /home/airflow/.local/lib/python3.7/site-packages/airflow/example_dags/example_dag_decorator.py
[2022-10-03T01:33:52.609+0000] {logging_mixin.py:115} INFO - [2022-10-03T01:33:52.608+0000] {dag.py:2429} INFO - Sync 1 DAGs
[2022-10-03T01:33:52.631+0000] {logging_mixin.py:115} INFO - [2022-10-03T01:33:52.631+0000] {dag.py:2981} INFO - Setting next_dagrun for example_dag_decorator to None, run_after=None
[2022-10-03T01:33:52.652+0000] {processor.py:161} INFO - Processing /home/airflow/.local/lib/python3.7/site-packages/airflow/example_dags/example_dag_decorator.py took 0.234 seconds
[2022-10-03T01:34:23.181+0000] {processor.py:153} INFO - Started process (PID=553) to work on /home/airflow/.local/lib/python3.7/site-packages/airflow/example_dags/example_dag_decorator.py
[2022-10-03T01:34:23.182+0000] {processor.py:640} INFO - Processing file /home/airflow/.local/lib/python3.7/site-packages/airflow/example_dags/example_dag_decorator.py for tasks to queue
[2022-10-03T01:34:23.183+0000] {logging_mixin.py:115} INFO - [2022-10-03T01:34:23.183+0000] {dagbag.py:508} INFO - Filling up the DagBag from /home/airflow/.local/lib/python3.7/site-packages/airflow/example_dags/example_dag_decorator.py
[2022-10-03T01:34:23.206+0000] {processor.py:650} INFO - DAG(s) dict_keys(['example_dag_decorator']) retrieved from /home/airflow/.local/lib/python3.7/site-packages/airflow/example_dags/example_dag_decorator.py
[2022-10-03T01:34:23.376+0000] {logging_mixin.py:115} INFO - [2022-10-03T01:34:23.376+0000] {dag.py:2429} INFO - Sync 1 DAGs
[2022-10-03T01:34:23.395+0000] {logging_mixin.py:115} INFO - [2022-10-03T01:34:23.395+0000] {dag.py:2981} INFO - Setting next_dagrun for example_dag_decorator to None, run_after=None
[2022-10-03T01:34:23.415+0000] {processor.py:161} INFO - Processing /home/airflow/.local/lib/python3.7/site-packages/airflow/example_dags/example_dag_decorator.py took 0.236 seconds
[2022-10-03T01:34:53.852+0000] {processor.py:153} INFO - Started process (PID=608) to work on /home/airflow/.local/lib/python3.7/site-packages/airflow/example_dags/example_dag_decorator.py
[2022-10-03T01:34:53.853+0000] {processor.py:640} INFO - Processing file /home/airflow/.local/lib/python3.7/site-packages/airflow/example_dags/example_dag_decorator.py for tasks to queue
[2022-10-03T01:34:53.854+0000] {logging_mixin.py:115} INFO - [2022-10-03T01:34:53.853+0000] {dagbag.py:508} INFO - Filling up the DagBag from /home/airflow/.local/lib/python3.7/site-packages/airflow/example_dags/example_dag_decorator.py
[2022-10-03T01:34:53.877+0000] {processor.py:650} INFO - DAG(s) dict_keys(['example_dag_decorator']) retrieved from /home/airflow/.local/lib/python3.7/site-packages/airflow/example_dags/example_dag_decorator.py
[2022-10-03T01:34:54.038+0000] {logging_mixin.py:115} INFO - [2022-10-03T01:34:54.038+0000] {dag.py:2429} INFO - Sync 1 DAGs
[2022-10-03T01:34:54.059+0000] {logging_mixin.py:115} INFO - [2022-10-03T01:34:54.059+0000] {dag.py:2981} INFO - Setting next_dagrun for example_dag_decorator to None, run_after=None
[2022-10-03T01:34:54.077+0000] {processor.py:161} INFO - Processing /home/airflow/.local/lib/python3.7/site-packages/airflow/example_dags/example_dag_decorator.py took 0.228 seconds
[2022-10-03T01:35:24.547+0000] {processor.py:153} INFO - Started process (PID=663) to work on /home/airflow/.local/lib/python3.7/site-packages/airflow/example_dags/example_dag_decorator.py
[2022-10-03T01:35:24.548+0000] {processor.py:640} INFO - Processing file /home/airflow/.local/lib/python3.7/site-packages/airflow/example_dags/example_dag_decorator.py for tasks to queue
[2022-10-03T01:35:24.548+0000] {logging_mixin.py:115} INFO - [2022-10-03T01:35:24.548+0000] {dagbag.py:508} INFO - Filling up the DagBag from /home/airflow/.local/lib/python3.7/site-packages/airflow/example_dags/example_dag_decorator.py
[2022-10-03T01:35:24.571+0000] {processor.py:650} INFO - DAG(s) dict_keys(['example_dag_decorator']) retrieved from /home/airflow/.local/lib/python3.7/site-packages/airflow/example_dags/example_dag_decorator.py
[2022-10-03T01:35:24.734+0000] {logging_mixin.py:115} INFO - [2022-10-03T01:35:24.734+0000] {dag.py:2429} INFO - Sync 1 DAGs
[2022-10-03T01:35:24.758+0000] {logging_mixin.py:115} INFO - [2022-10-03T01:35:24.757+0000] {dag.py:2981} INFO - Setting next_dagrun for example_dag_decorator to None, run_after=None
[2022-10-03T01:35:24.776+0000] {processor.py:161} INFO - Processing /home/airflow/.local/lib/python3.7/site-packages/airflow/example_dags/example_dag_decorator.py took 0.232 seconds
[2022-10-03T01:35:55.496+0000] {processor.py:153} INFO - Started process (PID=718) to work on /home/airflow/.local/lib/python3.7/site-packages/airflow/example_dags/example_dag_decorator.py
[2022-10-03T01:35:55.497+0000] {processor.py:640} INFO - Processing file /home/airflow/.local/lib/python3.7/site-packages/airflow/example_dags/example_dag_decorator.py for tasks to queue
[2022-10-03T01:35:55.498+0000] {logging_mixin.py:115} INFO - [2022-10-03T01:35:55.498+0000] {dagbag.py:508} INFO - Filling up the DagBag from /home/airflow/.local/lib/python3.7/site-packages/airflow/example_dags/example_dag_decorator.py
[2022-10-03T01:35:55.523+0000] {processor.py:650} INFO - DAG(s) dict_keys(['example_dag_decorator']) retrieved from /home/airflow/.local/lib/python3.7/site-packages/airflow/example_dags/example_dag_decorator.py
[2022-10-03T01:35:55.696+0000] {logging_mixin.py:115} INFO - [2022-10-03T01:35:55.696+0000] {dag.py:2429} INFO - Sync 1 DAGs
[2022-10-03T01:35:55.717+0000] {logging_mixin.py:115} INFO - [2022-10-03T01:35:55.717+0000] {dag.py:2981} INFO - Setting next_dagrun for example_dag_decorator to None, run_after=None
[2022-10-03T01:35:55.733+0000] {processor.py:161} INFO - Processing /home/airflow/.local/lib/python3.7/site-packages/airflow/example_dags/example_dag_decorator.py took 0.239 seconds
[2022-10-03T01:36:26.153+0000] {processor.py:153} INFO - Started process (PID=773) to work on /home/airflow/.local/lib/python3.7/site-packages/airflow/example_dags/example_dag_decorator.py
[2022-10-03T01:36:26.153+0000] {processor.py:640} INFO - Processing file /home/airflow/.local/lib/python3.7/site-packages/airflow/example_dags/example_dag_decorator.py for tasks to queue
[2022-10-03T01:36:26.155+0000] {logging_mixin.py:115} INFO - [2022-10-03T01:36:26.155+0000] {dagbag.py:508} INFO - Filling up the DagBag from /home/airflow/.local/lib/python3.7/site-packages/airflow/example_dags/example_dag_decorator.py
[2022-10-03T01:36:26.174+0000] {processor.py:650} INFO - DAG(s) dict_keys(['example_dag_decorator']) retrieved from /home/airflow/.local/lib/python3.7/site-packages/airflow/example_dags/example_dag_decorator.py
[2022-10-03T01:36:26.348+0000] {logging_mixin.py:115} INFO - [2022-10-03T01:36:26.348+0000] {dag.py:2429} INFO - Sync 1 DAGs
[2022-10-03T01:36:26.365+0000] {logging_mixin.py:115} INFO - [2022-10-03T01:36:26.365+0000] {dag.py:2981} INFO - Setting next_dagrun for example_dag_decorator to None, run_after=None
[2022-10-03T01:36:26.380+0000] {processor.py:161} INFO - Processing /home/airflow/.local/lib/python3.7/site-packages/airflow/example_dags/example_dag_decorator.py took 0.230 seconds
[2022-10-03T01:36:56.853+0000] {processor.py:153} INFO - Started process (PID=828) to work on /home/airflow/.local/lib/python3.7/site-packages/airflow/example_dags/example_dag_decorator.py
[2022-10-03T01:36:56.854+0000] {processor.py:640} INFO - Processing file /home/airflow/.local/lib/python3.7/site-packages/airflow/example_dags/example_dag_decorator.py for tasks to queue
[2022-10-03T01:36:56.855+0000] {logging_mixin.py:115} INFO - [2022-10-03T01:36:56.854+0000] {dagbag.py:508} INFO - Filling up the DagBag from /home/airflow/.local/lib/python3.7/site-packages/airflow/example_dags/example_dag_decorator.py
[2022-10-03T01:36:56.878+0000] {processor.py:650} INFO - DAG(s) dict_keys(['example_dag_decorator']) retrieved from /home/airflow/.local/lib/python3.7/site-packages/airflow/example_dags/example_dag_decorator.py
[2022-10-03T01:36:57.045+0000] {logging_mixin.py:115} INFO - [2022-10-03T01:36:57.045+0000] {dag.py:2429} INFO - Sync 1 DAGs
[2022-10-03T01:36:57.065+0000] {logging_mixin.py:115} INFO - [2022-10-03T01:36:57.064+0000] {dag.py:2981} INFO - Setting next_dagrun for example_dag_decorator to None, run_after=None
[2022-10-03T01:36:57.081+0000] {processor.py:161} INFO - Processing /home/airflow/.local/lib/python3.7/site-packages/airflow/example_dags/example_dag_decorator.py took 0.230 seconds
[2022-10-03T01:37:27.596+0000] {processor.py:153} INFO - Started process (PID=885) to work on /home/airflow/.local/lib/python3.7/site-packages/airflow/example_dags/example_dag_decorator.py
[2022-10-03T01:37:27.597+0000] {processor.py:640} INFO - Processing file /home/airflow/.local/lib/python3.7/site-packages/airflow/example_dags/example_dag_decorator.py for tasks to queue
[2022-10-03T01:37:27.598+0000] {logging_mixin.py:115} INFO - [2022-10-03T01:37:27.598+0000] {dagbag.py:508} INFO - Filling up the DagBag from /home/airflow/.local/lib/python3.7/site-packages/airflow/example_dags/example_dag_decorator.py
[2022-10-03T01:37:27.623+0000] {processor.py:650} INFO - DAG(s) dict_keys(['example_dag_decorator']) retrieved from /home/airflow/.local/lib/python3.7/site-packages/airflow/example_dags/example_dag_decorator.py
[2022-10-03T01:37:27.812+0000] {logging_mixin.py:115} INFO - [2022-10-03T01:37:27.812+0000] {dag.py:2429} INFO - Sync 1 DAGs
[2022-10-03T01:37:27.836+0000] {logging_mixin.py:115} INFO - [2022-10-03T01:37:27.836+0000] {dag.py:2981} INFO - Setting next_dagrun for example_dag_decorator to None, run_after=None
[2022-10-03T01:37:27.855+0000] {processor.py:161} INFO - Processing /home/airflow/.local/lib/python3.7/site-packages/airflow/example_dags/example_dag_decorator.py took 0.262 seconds
[2022-10-03T01:37:58.383+0000] {processor.py:153} INFO - Started process (PID=941) to work on /home/airflow/.local/lib/python3.7/site-packages/airflow/example_dags/example_dag_decorator.py
[2022-10-03T01:37:58.384+0000] {processor.py:640} INFO - Processing file /home/airflow/.local/lib/python3.7/site-packages/airflow/example_dags/example_dag_decorator.py for tasks to queue
[2022-10-03T01:37:58.385+0000] {logging_mixin.py:115} INFO - [2022-10-03T01:37:58.385+0000] {dagbag.py:508} INFO - Filling up the DagBag from /home/airflow/.local/lib/python3.7/site-packages/airflow/example_dags/example_dag_decorator.py
[2022-10-03T01:37:58.406+0000] {processor.py:650} INFO - DAG(s) dict_keys(['example_dag_decorator']) retrieved from /home/airflow/.local/lib/python3.7/site-packages/airflow/example_dags/example_dag_decorator.py
[2022-10-03T01:37:58.585+0000] {logging_mixin.py:115} INFO - [2022-10-03T01:37:58.585+0000] {dag.py:2429} INFO - Sync 1 DAGs
[2022-10-03T01:37:58.605+0000] {logging_mixin.py:115} INFO - [2022-10-03T01:37:58.605+0000] {dag.py:2981} INFO - Setting next_dagrun for example_dag_decorator to None, run_after=None
[2022-10-03T01:37:58.624+0000] {processor.py:161} INFO - Processing /home/airflow/.local/lib/python3.7/site-packages/airflow/example_dags/example_dag_decorator.py took 0.244 seconds
[2022-10-03T01:38:29.052+0000] {processor.py:153} INFO - Started process (PID=996) to work on /home/airflow/.local/lib/python3.7/site-packages/airflow/example_dags/example_dag_decorator.py
[2022-10-03T01:38:29.053+0000] {processor.py:640} INFO - Processing file /home/airflow/.local/lib/python3.7/site-packages/airflow/example_dags/example_dag_decorator.py for tasks to queue
[2022-10-03T01:38:29.054+0000] {logging_mixin.py:115} INFO - [2022-10-03T01:38:29.054+0000] {dagbag.py:508} INFO - Filling up the DagBag from /home/airflow/.local/lib/python3.7/site-packages/airflow/example_dags/example_dag_decorator.py
[2022-10-03T01:38:29.086+0000] {processor.py:650} INFO - DAG(s) dict_keys(['example_dag_decorator']) retrieved from /home/airflow/.local/lib/python3.7/site-packages/airflow/example_dags/example_dag_decorator.py
[2022-10-03T01:38:29.250+0000] {logging_mixin.py:115} INFO - [2022-10-03T01:38:29.250+0000] {dag.py:2429} INFO - Sync 1 DAGs
[2022-10-03T01:38:29.274+0000] {logging_mixin.py:115} INFO - [2022-10-03T01:38:29.273+0000] {dag.py:2981} INFO - Setting next_dagrun for example_dag_decorator to None, run_after=None
[2022-10-03T01:38:29.293+0000] {processor.py:161} INFO - Processing /home/airflow/.local/lib/python3.7/site-packages/airflow/example_dags/example_dag_decorator.py took 0.244 seconds
[2022-10-03T01:38:59.811+0000] {processor.py:153} INFO - Started process (PID=1051) to work on /home/airflow/.local/lib/python3.7/site-packages/airflow/example_dags/example_dag_decorator.py
[2022-10-03T01:38:59.812+0000] {processor.py:640} INFO - Processing file /home/airflow/.local/lib/python3.7/site-packages/airflow/example_dags/example_dag_decorator.py for tasks to queue
[2022-10-03T01:38:59.813+0000] {logging_mixin.py:115} INFO - [2022-10-03T01:38:59.813+0000] {dagbag.py:508} INFO - Filling up the DagBag from /home/airflow/.local/lib/python3.7/site-packages/airflow/example_dags/example_dag_decorator.py
[2022-10-03T01:38:59.841+0000] {processor.py:650} INFO - DAG(s) dict_keys(['example_dag_decorator']) retrieved from /home/airflow/.local/lib/python3.7/site-packages/airflow/example_dags/example_dag_decorator.py
[2022-10-03T01:39:00.020+0000] {logging_mixin.py:115} INFO - [2022-10-03T01:39:00.020+0000] {dag.py:2429} INFO - Sync 1 DAGs
[2022-10-03T01:39:00.039+0000] {logging_mixin.py:115} INFO - [2022-10-03T01:39:00.039+0000] {dag.py:2981} INFO - Setting next_dagrun for example_dag_decorator to None, run_after=None
[2022-10-03T01:39:00.059+0000] {processor.py:161} INFO - Processing /home/airflow/.local/lib/python3.7/site-packages/airflow/example_dags/example_dag_decorator.py took 0.251 seconds
[2022-10-03T01:39:30.641+0000] {processor.py:153} INFO - Started process (PID=1113) to work on /home/airflow/.local/lib/python3.7/site-packages/airflow/example_dags/example_dag_decorator.py
[2022-10-03T01:39:30.642+0000] {processor.py:640} INFO - Processing file /home/airflow/.local/lib/python3.7/site-packages/airflow/example_dags/example_dag_decorator.py for tasks to queue
[2022-10-03T01:39:30.643+0000] {logging_mixin.py:115} INFO - [2022-10-03T01:39:30.642+0000] {dagbag.py:508} INFO - Filling up the DagBag from /home/airflow/.local/lib/python3.7/site-packages/airflow/example_dags/example_dag_decorator.py
[2022-10-03T01:39:30.668+0000] {processor.py:650} INFO - DAG(s) dict_keys(['example_dag_decorator']) retrieved from /home/airflow/.local/lib/python3.7/site-packages/airflow/example_dags/example_dag_decorator.py
[2022-10-03T01:39:30.842+0000] {logging_mixin.py:115} INFO - [2022-10-03T01:39:30.841+0000] {dag.py:2429} INFO - Sync 1 DAGs
[2022-10-03T01:39:30.861+0000] {logging_mixin.py:115} INFO - [2022-10-03T01:39:30.860+0000] {dag.py:2981} INFO - Setting next_dagrun for example_dag_decorator to None, run_after=None
[2022-10-03T01:39:30.877+0000] {processor.py:161} INFO - Processing /home/airflow/.local/lib/python3.7/site-packages/airflow/example_dags/example_dag_decorator.py took 0.239 seconds
[2022-10-03T01:40:01.155+0000] {processor.py:153} INFO - Started process (PID=1168) to work on /home/airflow/.local/lib/python3.7/site-packages/airflow/example_dags/example_dag_decorator.py
[2022-10-03T01:40:01.156+0000] {processor.py:640} INFO - Processing file /home/airflow/.local/lib/python3.7/site-packages/airflow/example_dags/example_dag_decorator.py for tasks to queue
[2022-10-03T01:40:01.157+0000] {logging_mixin.py:115} INFO - [2022-10-03T01:40:01.157+0000] {dagbag.py:508} INFO - Filling up the DagBag from /home/airflow/.local/lib/python3.7/site-packages/airflow/example_dags/example_dag_decorator.py
[2022-10-03T01:40:01.184+0000] {processor.py:650} INFO - DAG(s) dict_keys(['example_dag_decorator']) retrieved from /home/airflow/.local/lib/python3.7/site-packages/airflow/example_dags/example_dag_decorator.py
[2022-10-03T01:40:01.341+0000] {logging_mixin.py:115} INFO - [2022-10-03T01:40:01.341+0000] {dag.py:2429} INFO - Sync 1 DAGs
[2022-10-03T01:40:01.361+0000] {logging_mixin.py:115} INFO - [2022-10-03T01:40:01.361+0000] {dag.py:2981} INFO - Setting next_dagrun for example_dag_decorator to None, run_after=None
[2022-10-03T01:40:01.378+0000] {processor.py:161} INFO - Processing /home/airflow/.local/lib/python3.7/site-packages/airflow/example_dags/example_dag_decorator.py took 0.225 seconds
[2022-10-03T01:40:31.846+0000] {processor.py:153} INFO - Started process (PID=1223) to work on /home/airflow/.local/lib/python3.7/site-packages/airflow/example_dags/example_dag_decorator.py
[2022-10-03T01:40:31.847+0000] {processor.py:640} INFO - Processing file /home/airflow/.local/lib/python3.7/site-packages/airflow/example_dags/example_dag_decorator.py for tasks to queue
[2022-10-03T01:40:31.848+0000] {logging_mixin.py:115} INFO - [2022-10-03T01:40:31.847+0000] {dagbag.py:508} INFO - Filling up the DagBag from /home/airflow/.local/lib/python3.7/site-packages/airflow/example_dags/example_dag_decorator.py
[2022-10-03T01:40:31.876+0000] {processor.py:650} INFO - DAG(s) dict_keys(['example_dag_decorator']) retrieved from /home/airflow/.local/lib/python3.7/site-packages/airflow/example_dags/example_dag_decorator.py
[2022-10-03T01:40:32.057+0000] {logging_mixin.py:115} INFO - [2022-10-03T01:40:32.056+0000] {dag.py:2429} INFO - Sync 1 DAGs
[2022-10-03T01:40:32.077+0000] {logging_mixin.py:115} INFO - [2022-10-03T01:40:32.077+0000] {dag.py:2981} INFO - Setting next_dagrun for example_dag_decorator to None, run_after=None
[2022-10-03T01:40:32.095+0000] {processor.py:161} INFO - Processing /home/airflow/.local/lib/python3.7/site-packages/airflow/example_dags/example_dag_decorator.py took 0.252 seconds
[2022-10-03T01:41:02.827+0000] {processor.py:153} INFO - Started process (PID=1278) to work on /home/airflow/.local/lib/python3.7/site-packages/airflow/example_dags/example_dag_decorator.py
[2022-10-03T01:41:02.828+0000] {processor.py:640} INFO - Processing file /home/airflow/.local/lib/python3.7/site-packages/airflow/example_dags/example_dag_decorator.py for tasks to queue
[2022-10-03T01:41:02.829+0000] {logging_mixin.py:115} INFO - [2022-10-03T01:41:02.829+0000] {dagbag.py:508} INFO - Filling up the DagBag from /home/airflow/.local/lib/python3.7/site-packages/airflow/example_dags/example_dag_decorator.py
[2022-10-03T01:41:02.851+0000] {processor.py:650} INFO - DAG(s) dict_keys(['example_dag_decorator']) retrieved from /home/airflow/.local/lib/python3.7/site-packages/airflow/example_dags/example_dag_decorator.py
[2022-10-03T01:41:03.015+0000] {logging_mixin.py:115} INFO - [2022-10-03T01:41:03.015+0000] {dag.py:2429} INFO - Sync 1 DAGs
[2022-10-03T01:41:03.031+0000] {logging_mixin.py:115} INFO - [2022-10-03T01:41:03.031+0000] {dag.py:2981} INFO - Setting next_dagrun for example_dag_decorator to None, run_after=None
[2022-10-03T01:41:03.049+0000] {processor.py:161} INFO - Processing /home/airflow/.local/lib/python3.7/site-packages/airflow/example_dags/example_dag_decorator.py took 0.225 seconds
[2022-10-03T01:41:33.630+0000] {processor.py:153} INFO - Started process (PID=1334) to work on /home/airflow/.local/lib/python3.7/site-packages/airflow/example_dags/example_dag_decorator.py
[2022-10-03T01:41:33.631+0000] {processor.py:640} INFO - Processing file /home/airflow/.local/lib/python3.7/site-packages/airflow/example_dags/example_dag_decorator.py for tasks to queue
[2022-10-03T01:41:33.632+0000] {logging_mixin.py:115} INFO - [2022-10-03T01:41:33.632+0000] {dagbag.py:508} INFO - Filling up the DagBag from /home/airflow/.local/lib/python3.7/site-packages/airflow/example_dags/example_dag_decorator.py
[2022-10-03T01:41:33.661+0000] {processor.py:650} INFO - DAG(s) dict_keys(['example_dag_decorator']) retrieved from /home/airflow/.local/lib/python3.7/site-packages/airflow/example_dags/example_dag_decorator.py
[2022-10-03T01:41:33.831+0000] {logging_mixin.py:115} INFO - [2022-10-03T01:41:33.831+0000] {dag.py:2429} INFO - Sync 1 DAGs
[2022-10-03T01:41:33.851+0000] {logging_mixin.py:115} INFO - [2022-10-03T01:41:33.850+0000] {dag.py:2981} INFO - Setting next_dagrun for example_dag_decorator to None, run_after=None
[2022-10-03T01:41:33.869+0000] {processor.py:161} INFO - Processing /home/airflow/.local/lib/python3.7/site-packages/airflow/example_dags/example_dag_decorator.py took 0.242 seconds
[2022-10-03T01:42:04.608+0000] {processor.py:153} INFO - Started process (PID=1389) to work on /home/airflow/.local/lib/python3.7/site-packages/airflow/example_dags/example_dag_decorator.py
[2022-10-03T01:42:04.609+0000] {processor.py:640} INFO - Processing file /home/airflow/.local/lib/python3.7/site-packages/airflow/example_dags/example_dag_decorator.py for tasks to queue
[2022-10-03T01:42:04.610+0000] {logging_mixin.py:115} INFO - [2022-10-03T01:42:04.610+0000] {dagbag.py:508} INFO - Filling up the DagBag from /home/airflow/.local/lib/python3.7/site-packages/airflow/example_dags/example_dag_decorator.py
[2022-10-03T01:42:04.636+0000] {processor.py:650} INFO - DAG(s) dict_keys(['example_dag_decorator']) retrieved from /home/airflow/.local/lib/python3.7/site-packages/airflow/example_dags/example_dag_decorator.py
[2022-10-03T01:42:04.830+0000] {logging_mixin.py:115} INFO - [2022-10-03T01:42:04.830+0000] {dag.py:2429} INFO - Sync 1 DAGs
[2022-10-03T01:42:04.853+0000] {logging_mixin.py:115} INFO - [2022-10-03T01:42:04.853+0000] {dag.py:2981} INFO - Setting next_dagrun for example_dag_decorator to None, run_after=None
[2022-10-03T01:42:04.876+0000] {processor.py:161} INFO - Processing /home/airflow/.local/lib/python3.7/site-packages/airflow/example_dags/example_dag_decorator.py took 0.270 seconds
[2022-10-03T01:42:35.376+0000] {processor.py:153} INFO - Started process (PID=1444) to work on /home/airflow/.local/lib/python3.7/site-packages/airflow/example_dags/example_dag_decorator.py
[2022-10-03T01:42:35.377+0000] {processor.py:640} INFO - Processing file /home/airflow/.local/lib/python3.7/site-packages/airflow/example_dags/example_dag_decorator.py for tasks to queue
[2022-10-03T01:42:35.378+0000] {logging_mixin.py:115} INFO - [2022-10-03T01:42:35.378+0000] {dagbag.py:508} INFO - Filling up the DagBag from /home/airflow/.local/lib/python3.7/site-packages/airflow/example_dags/example_dag_decorator.py
[2022-10-03T01:42:35.399+0000] {processor.py:650} INFO - DAG(s) dict_keys(['example_dag_decorator']) retrieved from /home/airflow/.local/lib/python3.7/site-packages/airflow/example_dags/example_dag_decorator.py
[2022-10-03T01:42:35.579+0000] {logging_mixin.py:115} INFO - [2022-10-03T01:42:35.579+0000] {dag.py:2429} INFO - Sync 1 DAGs
[2022-10-03T01:42:35.601+0000] {logging_mixin.py:115} INFO - [2022-10-03T01:42:35.601+0000] {dag.py:2981} INFO - Setting next_dagrun for example_dag_decorator to None, run_after=None
[2022-10-03T01:42:35.625+0000] {processor.py:161} INFO - Processing /home/airflow/.local/lib/python3.7/site-packages/airflow/example_dags/example_dag_decorator.py took 0.251 seconds
[2022-10-03T01:43:06.037+0000] {processor.py:153} INFO - Started process (PID=1500) to work on /home/airflow/.local/lib/python3.7/site-packages/airflow/example_dags/example_dag_decorator.py
[2022-10-03T01:43:06.038+0000] {processor.py:640} INFO - Processing file /home/airflow/.local/lib/python3.7/site-packages/airflow/example_dags/example_dag_decorator.py for tasks to queue
[2022-10-03T01:43:06.039+0000] {logging_mixin.py:115} INFO - [2022-10-03T01:43:06.039+0000] {dagbag.py:508} INFO - Filling up the DagBag from /home/airflow/.local/lib/python3.7/site-packages/airflow/example_dags/example_dag_decorator.py
[2022-10-03T01:43:06.060+0000] {processor.py:650} INFO - DAG(s) dict_keys(['example_dag_decorator']) retrieved from /home/airflow/.local/lib/python3.7/site-packages/airflow/example_dags/example_dag_decorator.py
[2022-10-03T01:43:06.188+0000] {logging_mixin.py:115} INFO - [2022-10-03T01:43:06.188+0000] {dag.py:2429} INFO - Sync 1 DAGs
[2022-10-03T01:43:06.210+0000] {logging_mixin.py:115} INFO - [2022-10-03T01:43:06.210+0000] {dag.py:2981} INFO - Setting next_dagrun for example_dag_decorator to None, run_after=None
[2022-10-03T01:43:06.227+0000] {processor.py:161} INFO - Processing /home/airflow/.local/lib/python3.7/site-packages/airflow/example_dags/example_dag_decorator.py took 0.193 seconds
[2022-10-03T01:43:36.698+0000] {processor.py:153} INFO - Started process (PID=1555) to work on /home/airflow/.local/lib/python3.7/site-packages/airflow/example_dags/example_dag_decorator.py
[2022-10-03T01:43:36.699+0000] {processor.py:640} INFO - Processing file /home/airflow/.local/lib/python3.7/site-packages/airflow/example_dags/example_dag_decorator.py for tasks to queue
[2022-10-03T01:43:36.700+0000] {logging_mixin.py:115} INFO - [2022-10-03T01:43:36.700+0000] {dagbag.py:508} INFO - Filling up the DagBag from /home/airflow/.local/lib/python3.7/site-packages/airflow/example_dags/example_dag_decorator.py
[2022-10-03T01:43:36.723+0000] {processor.py:650} INFO - DAG(s) dict_keys(['example_dag_decorator']) retrieved from /home/airflow/.local/lib/python3.7/site-packages/airflow/example_dags/example_dag_decorator.py
[2022-10-03T01:43:36.886+0000] {logging_mixin.py:115} INFO - [2022-10-03T01:43:36.886+0000] {dag.py:2429} INFO - Sync 1 DAGs
[2022-10-03T01:43:36.905+0000] {logging_mixin.py:115} INFO - [2022-10-03T01:43:36.905+0000] {dag.py:2981} INFO - Setting next_dagrun for example_dag_decorator to None, run_after=None
[2022-10-03T01:43:36.924+0000] {processor.py:161} INFO - Processing /home/airflow/.local/lib/python3.7/site-packages/airflow/example_dags/example_dag_decorator.py took 0.228 seconds
[2022-10-03T01:44:07.204+0000] {processor.py:153} INFO - Started process (PID=1610) to work on /home/airflow/.local/lib/python3.7/site-packages/airflow/example_dags/example_dag_decorator.py
[2022-10-03T01:44:07.205+0000] {processor.py:640} INFO - Processing file /home/airflow/.local/lib/python3.7/site-packages/airflow/example_dags/example_dag_decorator.py for tasks to queue
[2022-10-03T01:44:07.207+0000] {logging_mixin.py:115} INFO - [2022-10-03T01:44:07.206+0000] {dagbag.py:508} INFO - Filling up the DagBag from /home/airflow/.local/lib/python3.7/site-packages/airflow/example_dags/example_dag_decorator.py
[2022-10-03T01:44:07.231+0000] {processor.py:650} INFO - DAG(s) dict_keys(['example_dag_decorator']) retrieved from /home/airflow/.local/lib/python3.7/site-packages/airflow/example_dags/example_dag_decorator.py
[2022-10-03T01:44:07.412+0000] {logging_mixin.py:115} INFO - [2022-10-03T01:44:07.411+0000] {dag.py:2429} INFO - Sync 1 DAGs
[2022-10-03T01:44:07.433+0000] {logging_mixin.py:115} INFO - [2022-10-03T01:44:07.433+0000] {dag.py:2981} INFO - Setting next_dagrun for example_dag_decorator to None, run_after=None
[2022-10-03T01:44:07.452+0000] {processor.py:161} INFO - Processing /home/airflow/.local/lib/python3.7/site-packages/airflow/example_dags/example_dag_decorator.py took 0.250 seconds
[2022-10-03T01:44:38.042+0000] {processor.py:153} INFO - Started process (PID=1665) to work on /home/airflow/.local/lib/python3.7/site-packages/airflow/example_dags/example_dag_decorator.py
[2022-10-03T01:44:38.043+0000] {processor.py:640} INFO - Processing file /home/airflow/.local/lib/python3.7/site-packages/airflow/example_dags/example_dag_decorator.py for tasks to queue
[2022-10-03T01:44:38.044+0000] {logging_mixin.py:115} INFO - [2022-10-03T01:44:38.044+0000] {dagbag.py:508} INFO - Filling up the DagBag from /home/airflow/.local/lib/python3.7/site-packages/airflow/example_dags/example_dag_decorator.py
[2022-10-03T01:44:38.068+0000] {processor.py:650} INFO - DAG(s) dict_keys(['example_dag_decorator']) retrieved from /home/airflow/.local/lib/python3.7/site-packages/airflow/example_dags/example_dag_decorator.py
[2022-10-03T01:44:38.253+0000] {logging_mixin.py:115} INFO - [2022-10-03T01:44:38.253+0000] {dag.py:2429} INFO - Sync 1 DAGs
[2022-10-03T01:44:38.271+0000] {logging_mixin.py:115} INFO - [2022-10-03T01:44:38.271+0000] {dag.py:2981} INFO - Setting next_dagrun for example_dag_decorator to None, run_after=None
[2022-10-03T01:44:38.288+0000] {processor.py:161} INFO - Processing /home/airflow/.local/lib/python3.7/site-packages/airflow/example_dags/example_dag_decorator.py took 0.248 seconds
[2022-10-03T01:45:08.890+0000] {processor.py:153} INFO - Started process (PID=1720) to work on /home/airflow/.local/lib/python3.7/site-packages/airflow/example_dags/example_dag_decorator.py
[2022-10-03T01:45:08.891+0000] {processor.py:640} INFO - Processing file /home/airflow/.local/lib/python3.7/site-packages/airflow/example_dags/example_dag_decorator.py for tasks to queue
[2022-10-03T01:45:08.892+0000] {logging_mixin.py:115} INFO - [2022-10-03T01:45:08.891+0000] {dagbag.py:508} INFO - Filling up the DagBag from /home/airflow/.local/lib/python3.7/site-packages/airflow/example_dags/example_dag_decorator.py
[2022-10-03T01:45:08.914+0000] {processor.py:650} INFO - DAG(s) dict_keys(['example_dag_decorator']) retrieved from /home/airflow/.local/lib/python3.7/site-packages/airflow/example_dags/example_dag_decorator.py
[2022-10-03T01:45:09.070+0000] {logging_mixin.py:115} INFO - [2022-10-03T01:45:09.070+0000] {dag.py:2429} INFO - Sync 1 DAGs
[2022-10-03T01:45:09.094+0000] {logging_mixin.py:115} INFO - [2022-10-03T01:45:09.093+0000] {dag.py:2981} INFO - Setting next_dagrun for example_dag_decorator to None, run_after=None
[2022-10-03T01:45:09.108+0000] {processor.py:161} INFO - Processing /home/airflow/.local/lib/python3.7/site-packages/airflow/example_dags/example_dag_decorator.py took 0.222 seconds
[2022-10-03T01:45:39.627+0000] {processor.py:153} INFO - Started process (PID=1775) to work on /home/airflow/.local/lib/python3.7/site-packages/airflow/example_dags/example_dag_decorator.py
[2022-10-03T01:45:39.628+0000] {processor.py:640} INFO - Processing file /home/airflow/.local/lib/python3.7/site-packages/airflow/example_dags/example_dag_decorator.py for tasks to queue
[2022-10-03T01:45:39.629+0000] {logging_mixin.py:115} INFO - [2022-10-03T01:45:39.629+0000] {dagbag.py:508} INFO - Filling up the DagBag from /home/airflow/.local/lib/python3.7/site-packages/airflow/example_dags/example_dag_decorator.py
[2022-10-03T01:45:39.654+0000] {processor.py:650} INFO - DAG(s) dict_keys(['example_dag_decorator']) retrieved from /home/airflow/.local/lib/python3.7/site-packages/airflow/example_dags/example_dag_decorator.py
[2022-10-03T01:45:39.787+0000] {logging_mixin.py:115} INFO - [2022-10-03T01:45:39.787+0000] {dag.py:2429} INFO - Sync 1 DAGs
[2022-10-03T01:45:39.807+0000] {logging_mixin.py:115} INFO - [2022-10-03T01:45:39.806+0000] {dag.py:2981} INFO - Setting next_dagrun for example_dag_decorator to None, run_after=None
[2022-10-03T01:45:39.819+0000] {processor.py:161} INFO - Processing /home/airflow/.local/lib/python3.7/site-packages/airflow/example_dags/example_dag_decorator.py took 0.195 seconds
[2022-10-03T01:46:10.359+0000] {processor.py:153} INFO - Started process (PID=1830) to work on /home/airflow/.local/lib/python3.7/site-packages/airflow/example_dags/example_dag_decorator.py
[2022-10-03T01:46:10.360+0000] {processor.py:640} INFO - Processing file /home/airflow/.local/lib/python3.7/site-packages/airflow/example_dags/example_dag_decorator.py for tasks to queue
[2022-10-03T01:46:10.361+0000] {logging_mixin.py:115} INFO - [2022-10-03T01:46:10.361+0000] {dagbag.py:508} INFO - Filling up the DagBag from /home/airflow/.local/lib/python3.7/site-packages/airflow/example_dags/example_dag_decorator.py
[2022-10-03T01:46:10.395+0000] {processor.py:650} INFO - DAG(s) dict_keys(['example_dag_decorator']) retrieved from /home/airflow/.local/lib/python3.7/site-packages/airflow/example_dags/example_dag_decorator.py
[2022-10-03T01:46:10.552+0000] {logging_mixin.py:115} INFO - [2022-10-03T01:46:10.552+0000] {dag.py:2429} INFO - Sync 1 DAGs
[2022-10-03T01:46:10.570+0000] {logging_mixin.py:115} INFO - [2022-10-03T01:46:10.570+0000] {dag.py:2981} INFO - Setting next_dagrun for example_dag_decorator to None, run_after=None
[2022-10-03T01:46:10.589+0000] {processor.py:161} INFO - Processing /home/airflow/.local/lib/python3.7/site-packages/airflow/example_dags/example_dag_decorator.py took 0.232 seconds
[2022-10-03T01:46:41.072+0000] {processor.py:153} INFO - Started process (PID=1885) to work on /home/airflow/.local/lib/python3.7/site-packages/airflow/example_dags/example_dag_decorator.py
[2022-10-03T01:46:41.073+0000] {processor.py:640} INFO - Processing file /home/airflow/.local/lib/python3.7/site-packages/airflow/example_dags/example_dag_decorator.py for tasks to queue
[2022-10-03T01:46:41.074+0000] {logging_mixin.py:115} INFO - [2022-10-03T01:46:41.074+0000] {dagbag.py:508} INFO - Filling up the DagBag from /home/airflow/.local/lib/python3.7/site-packages/airflow/example_dags/example_dag_decorator.py
[2022-10-03T01:46:41.101+0000] {processor.py:650} INFO - DAG(s) dict_keys(['example_dag_decorator']) retrieved from /home/airflow/.local/lib/python3.7/site-packages/airflow/example_dags/example_dag_decorator.py
[2022-10-03T01:46:41.277+0000] {logging_mixin.py:115} INFO - [2022-10-03T01:46:41.277+0000] {dag.py:2429} INFO - Sync 1 DAGs
[2022-10-03T01:46:41.299+0000] {logging_mixin.py:115} INFO - [2022-10-03T01:46:41.299+0000] {dag.py:2981} INFO - Setting next_dagrun for example_dag_decorator to None, run_after=None
[2022-10-03T01:46:41.317+0000] {processor.py:161} INFO - Processing /home/airflow/.local/lib/python3.7/site-packages/airflow/example_dags/example_dag_decorator.py took 0.247 seconds
[2022-10-03T01:47:12.075+0000] {processor.py:153} INFO - Started process (PID=1940) to work on /home/airflow/.local/lib/python3.7/site-packages/airflow/example_dags/example_dag_decorator.py
[2022-10-03T01:47:12.076+0000] {processor.py:640} INFO - Processing file /home/airflow/.local/lib/python3.7/site-packages/airflow/example_dags/example_dag_decorator.py for tasks to queue
[2022-10-03T01:47:12.078+0000] {logging_mixin.py:115} INFO - [2022-10-03T01:47:12.077+0000] {dagbag.py:508} INFO - Filling up the DagBag from /home/airflow/.local/lib/python3.7/site-packages/airflow/example_dags/example_dag_decorator.py
[2022-10-03T01:47:12.100+0000] {processor.py:650} INFO - DAG(s) dict_keys(['example_dag_decorator']) retrieved from /home/airflow/.local/lib/python3.7/site-packages/airflow/example_dags/example_dag_decorator.py
[2022-10-03T01:47:12.263+0000] {logging_mixin.py:115} INFO - [2022-10-03T01:47:12.263+0000] {dag.py:2429} INFO - Sync 1 DAGs
[2022-10-03T01:47:12.280+0000] {logging_mixin.py:115} INFO - [2022-10-03T01:47:12.280+0000] {dag.py:2981} INFO - Setting next_dagrun for example_dag_decorator to None, run_after=None
[2022-10-03T01:47:12.296+0000] {processor.py:161} INFO - Processing /home/airflow/.local/lib/python3.7/site-packages/airflow/example_dags/example_dag_decorator.py took 0.223 seconds
[2022-10-03T01:47:42.856+0000] {processor.py:153} INFO - Started process (PID=1995) to work on /home/airflow/.local/lib/python3.7/site-packages/airflow/example_dags/example_dag_decorator.py
[2022-10-03T01:47:42.857+0000] {processor.py:640} INFO - Processing file /home/airflow/.local/lib/python3.7/site-packages/airflow/example_dags/example_dag_decorator.py for tasks to queue
[2022-10-03T01:47:42.859+0000] {logging_mixin.py:115} INFO - [2022-10-03T01:47:42.858+0000] {dagbag.py:508} INFO - Filling up the DagBag from /home/airflow/.local/lib/python3.7/site-packages/airflow/example_dags/example_dag_decorator.py
[2022-10-03T01:47:42.886+0000] {processor.py:650} INFO - DAG(s) dict_keys(['example_dag_decorator']) retrieved from /home/airflow/.local/lib/python3.7/site-packages/airflow/example_dags/example_dag_decorator.py
[2022-10-03T01:47:43.045+0000] {logging_mixin.py:115} INFO - [2022-10-03T01:47:43.045+0000] {dag.py:2429} INFO - Sync 1 DAGs
[2022-10-03T01:47:43.063+0000] {logging_mixin.py:115} INFO - [2022-10-03T01:47:43.063+0000] {dag.py:2981} INFO - Setting next_dagrun for example_dag_decorator to None, run_after=None
[2022-10-03T01:47:43.081+0000] {processor.py:161} INFO - Processing /home/airflow/.local/lib/python3.7/site-packages/airflow/example_dags/example_dag_decorator.py took 0.228 seconds
[2022-10-03T01:48:13.594+0000] {processor.py:153} INFO - Started process (PID=2050) to work on /home/airflow/.local/lib/python3.7/site-packages/airflow/example_dags/example_dag_decorator.py
[2022-10-03T01:48:13.595+0000] {processor.py:640} INFO - Processing file /home/airflow/.local/lib/python3.7/site-packages/airflow/example_dags/example_dag_decorator.py for tasks to queue
[2022-10-03T01:48:13.596+0000] {logging_mixin.py:115} INFO - [2022-10-03T01:48:13.596+0000] {dagbag.py:508} INFO - Filling up the DagBag from /home/airflow/.local/lib/python3.7/site-packages/airflow/example_dags/example_dag_decorator.py
[2022-10-03T01:48:13.619+0000] {processor.py:650} INFO - DAG(s) dict_keys(['example_dag_decorator']) retrieved from /home/airflow/.local/lib/python3.7/site-packages/airflow/example_dags/example_dag_decorator.py
[2022-10-03T01:48:13.820+0000] {logging_mixin.py:115} INFO - [2022-10-03T01:48:13.820+0000] {dag.py:2429} INFO - Sync 1 DAGs
[2022-10-03T01:48:13.842+0000] {logging_mixin.py:115} INFO - [2022-10-03T01:48:13.842+0000] {dag.py:2981} INFO - Setting next_dagrun for example_dag_decorator to None, run_after=None
[2022-10-03T01:48:13.865+0000] {processor.py:161} INFO - Processing /home/airflow/.local/lib/python3.7/site-packages/airflow/example_dags/example_dag_decorator.py took 0.273 seconds
[2022-10-03T01:48:44.464+0000] {processor.py:153} INFO - Started process (PID=2112) to work on /home/airflow/.local/lib/python3.7/site-packages/airflow/example_dags/example_dag_decorator.py
[2022-10-03T01:48:44.465+0000] {processor.py:640} INFO - Processing file /home/airflow/.local/lib/python3.7/site-packages/airflow/example_dags/example_dag_decorator.py for tasks to queue
[2022-10-03T01:48:44.466+0000] {logging_mixin.py:115} INFO - [2022-10-03T01:48:44.466+0000] {dagbag.py:508} INFO - Filling up the DagBag from /home/airflow/.local/lib/python3.7/site-packages/airflow/example_dags/example_dag_decorator.py
[2022-10-03T01:48:44.490+0000] {processor.py:650} INFO - DAG(s) dict_keys(['example_dag_decorator']) retrieved from /home/airflow/.local/lib/python3.7/site-packages/airflow/example_dags/example_dag_decorator.py
[2022-10-03T01:48:44.670+0000] {logging_mixin.py:115} INFO - [2022-10-03T01:48:44.670+0000] {dag.py:2429} INFO - Sync 1 DAGs
[2022-10-03T01:48:44.688+0000] {logging_mixin.py:115} INFO - [2022-10-03T01:48:44.687+0000] {dag.py:2981} INFO - Setting next_dagrun for example_dag_decorator to None, run_after=None
[2022-10-03T01:48:44.706+0000] {processor.py:161} INFO - Processing /home/airflow/.local/lib/python3.7/site-packages/airflow/example_dags/example_dag_decorator.py took 0.244 seconds
[2022-10-03T01:49:15.221+0000] {processor.py:153} INFO - Started process (PID=2167) to work on /home/airflow/.local/lib/python3.7/site-packages/airflow/example_dags/example_dag_decorator.py
[2022-10-03T01:49:15.222+0000] {processor.py:640} INFO - Processing file /home/airflow/.local/lib/python3.7/site-packages/airflow/example_dags/example_dag_decorator.py for tasks to queue
[2022-10-03T01:49:15.224+0000] {logging_mixin.py:115} INFO - [2022-10-03T01:49:15.224+0000] {dagbag.py:508} INFO - Filling up the DagBag from /home/airflow/.local/lib/python3.7/site-packages/airflow/example_dags/example_dag_decorator.py
[2022-10-03T01:49:15.256+0000] {processor.py:650} INFO - DAG(s) dict_keys(['example_dag_decorator']) retrieved from /home/airflow/.local/lib/python3.7/site-packages/airflow/example_dags/example_dag_decorator.py
[2022-10-03T01:49:15.390+0000] {logging_mixin.py:115} INFO - [2022-10-03T01:49:15.390+0000] {dag.py:2429} INFO - Sync 1 DAGs
[2022-10-03T01:49:15.408+0000] {logging_mixin.py:115} INFO - [2022-10-03T01:49:15.408+0000] {dag.py:2981} INFO - Setting next_dagrun for example_dag_decorator to None, run_after=None
[2022-10-03T01:49:15.420+0000] {processor.py:161} INFO - Processing /home/airflow/.local/lib/python3.7/site-packages/airflow/example_dags/example_dag_decorator.py took 0.202 seconds
[2022-10-03T01:52:30.325+0000] {processor.py:153} INFO - Started process (PID=58) to work on /home/airflow/.local/lib/python3.7/site-packages/airflow/example_dags/example_dag_decorator.py
[2022-10-03T01:52:30.327+0000] {processor.py:640} INFO - Processing file /home/airflow/.local/lib/python3.7/site-packages/airflow/example_dags/example_dag_decorator.py for tasks to queue
[2022-10-03T01:52:30.329+0000] {logging_mixin.py:115} INFO - [2022-10-03T01:52:30.329+0000] {dagbag.py:508} INFO - Filling up the DagBag from /home/airflow/.local/lib/python3.7/site-packages/airflow/example_dags/example_dag_decorator.py
[2022-10-03T01:52:30.415+0000] {processor.py:650} INFO - DAG(s) dict_keys(['example_dag_decorator']) retrieved from /home/airflow/.local/lib/python3.7/site-packages/airflow/example_dags/example_dag_decorator.py
[2022-10-03T01:52:30.779+0000] {logging_mixin.py:115} INFO - [2022-10-03T01:52:30.779+0000] {dag.py:2429} INFO - Sync 1 DAGs
[2022-10-03T01:52:30.822+0000] {logging_mixin.py:115} INFO - [2022-10-03T01:52:30.822+0000] {dag.py:2981} INFO - Setting next_dagrun for example_dag_decorator to None, run_after=None
[2022-10-03T01:52:30.866+0000] {processor.py:161} INFO - Processing /home/airflow/.local/lib/python3.7/site-packages/airflow/example_dags/example_dag_decorator.py took 0.546 seconds
[2022-10-03T01:53:01.815+0000] {processor.py:153} INFO - Started process (PID=114) to work on /home/airflow/.local/lib/python3.7/site-packages/airflow/example_dags/example_dag_decorator.py
[2022-10-03T01:53:01.815+0000] {processor.py:640} INFO - Processing file /home/airflow/.local/lib/python3.7/site-packages/airflow/example_dags/example_dag_decorator.py for tasks to queue
[2022-10-03T01:53:01.816+0000] {logging_mixin.py:115} INFO - [2022-10-03T01:53:01.816+0000] {dagbag.py:508} INFO - Filling up the DagBag from /home/airflow/.local/lib/python3.7/site-packages/airflow/example_dags/example_dag_decorator.py
[2022-10-03T01:53:01.838+0000] {processor.py:650} INFO - DAG(s) dict_keys(['example_dag_decorator']) retrieved from /home/airflow/.local/lib/python3.7/site-packages/airflow/example_dags/example_dag_decorator.py
[2022-10-03T01:53:02.006+0000] {logging_mixin.py:115} INFO - [2022-10-03T01:53:02.006+0000] {dag.py:2429} INFO - Sync 1 DAGs
[2022-10-03T01:53:02.025+0000] {logging_mixin.py:115} INFO - [2022-10-03T01:53:02.025+0000] {dag.py:2981} INFO - Setting next_dagrun for example_dag_decorator to None, run_after=None
[2022-10-03T01:53:02.061+0000] {processor.py:161} INFO - Processing /home/airflow/.local/lib/python3.7/site-packages/airflow/example_dags/example_dag_decorator.py took 0.249 seconds
[2022-10-03T01:53:32.648+0000] {processor.py:153} INFO - Started process (PID=169) to work on /home/airflow/.local/lib/python3.7/site-packages/airflow/example_dags/example_dag_decorator.py
[2022-10-03T01:53:32.649+0000] {processor.py:640} INFO - Processing file /home/airflow/.local/lib/python3.7/site-packages/airflow/example_dags/example_dag_decorator.py for tasks to queue
[2022-10-03T01:53:32.650+0000] {logging_mixin.py:115} INFO - [2022-10-03T01:53:32.650+0000] {dagbag.py:508} INFO - Filling up the DagBag from /home/airflow/.local/lib/python3.7/site-packages/airflow/example_dags/example_dag_decorator.py
[2022-10-03T01:53:32.678+0000] {processor.py:650} INFO - DAG(s) dict_keys(['example_dag_decorator']) retrieved from /home/airflow/.local/lib/python3.7/site-packages/airflow/example_dags/example_dag_decorator.py
[2022-10-03T01:53:32.900+0000] {logging_mixin.py:115} INFO - [2022-10-03T01:53:32.899+0000] {dag.py:2429} INFO - Sync 1 DAGs
[2022-10-03T01:53:32.921+0000] {logging_mixin.py:115} INFO - [2022-10-03T01:53:32.921+0000] {dag.py:2981} INFO - Setting next_dagrun for example_dag_decorator to None, run_after=None
[2022-10-03T01:53:32.936+0000] {processor.py:161} INFO - Processing /home/airflow/.local/lib/python3.7/site-packages/airflow/example_dags/example_dag_decorator.py took 0.290 seconds
[2022-10-03T01:54:03.531+0000] {processor.py:153} INFO - Started process (PID=224) to work on /home/airflow/.local/lib/python3.7/site-packages/airflow/example_dags/example_dag_decorator.py
[2022-10-03T01:54:03.532+0000] {processor.py:640} INFO - Processing file /home/airflow/.local/lib/python3.7/site-packages/airflow/example_dags/example_dag_decorator.py for tasks to queue
[2022-10-03T01:54:03.533+0000] {logging_mixin.py:115} INFO - [2022-10-03T01:54:03.532+0000] {dagbag.py:508} INFO - Filling up the DagBag from /home/airflow/.local/lib/python3.7/site-packages/airflow/example_dags/example_dag_decorator.py
[2022-10-03T01:54:03.557+0000] {processor.py:650} INFO - DAG(s) dict_keys(['example_dag_decorator']) retrieved from /home/airflow/.local/lib/python3.7/site-packages/airflow/example_dags/example_dag_decorator.py
[2022-10-03T01:54:03.760+0000] {logging_mixin.py:115} INFO - [2022-10-03T01:54:03.760+0000] {dag.py:2429} INFO - Sync 1 DAGs
[2022-10-03T01:54:03.782+0000] {logging_mixin.py:115} INFO - [2022-10-03T01:54:03.782+0000] {dag.py:2981} INFO - Setting next_dagrun for example_dag_decorator to None, run_after=None
[2022-10-03T01:54:03.798+0000] {processor.py:161} INFO - Processing /home/airflow/.local/lib/python3.7/site-packages/airflow/example_dags/example_dag_decorator.py took 0.270 seconds
[2022-10-03T01:54:34.478+0000] {processor.py:153} INFO - Started process (PID=280) to work on /home/airflow/.local/lib/python3.7/site-packages/airflow/example_dags/example_dag_decorator.py
[2022-10-03T01:54:34.479+0000] {processor.py:640} INFO - Processing file /home/airflow/.local/lib/python3.7/site-packages/airflow/example_dags/example_dag_decorator.py for tasks to queue
[2022-10-03T01:54:34.480+0000] {logging_mixin.py:115} INFO - [2022-10-03T01:54:34.480+0000] {dagbag.py:508} INFO - Filling up the DagBag from /home/airflow/.local/lib/python3.7/site-packages/airflow/example_dags/example_dag_decorator.py
[2022-10-03T01:54:34.499+0000] {processor.py:650} INFO - DAG(s) dict_keys(['example_dag_decorator']) retrieved from /home/airflow/.local/lib/python3.7/site-packages/airflow/example_dags/example_dag_decorator.py
[2022-10-03T01:54:34.680+0000] {logging_mixin.py:115} INFO - [2022-10-03T01:54:34.680+0000] {dag.py:2429} INFO - Sync 1 DAGs
[2022-10-03T01:54:34.700+0000] {logging_mixin.py:115} INFO - [2022-10-03T01:54:34.699+0000] {dag.py:2981} INFO - Setting next_dagrun for example_dag_decorator to None, run_after=None
[2022-10-03T01:54:34.718+0000] {processor.py:161} INFO - Processing /home/airflow/.local/lib/python3.7/site-packages/airflow/example_dags/example_dag_decorator.py took 0.242 seconds
[2022-10-03T01:55:04.906+0000] {processor.py:153} INFO - Started process (PID=335) to work on /home/airflow/.local/lib/python3.7/site-packages/airflow/example_dags/example_dag_decorator.py
[2022-10-03T01:55:04.907+0000] {processor.py:640} INFO - Processing file /home/airflow/.local/lib/python3.7/site-packages/airflow/example_dags/example_dag_decorator.py for tasks to queue
[2022-10-03T01:55:04.908+0000] {logging_mixin.py:115} INFO - [2022-10-03T01:55:04.908+0000] {dagbag.py:508} INFO - Filling up the DagBag from /home/airflow/.local/lib/python3.7/site-packages/airflow/example_dags/example_dag_decorator.py
[2022-10-03T01:55:04.928+0000] {processor.py:650} INFO - DAG(s) dict_keys(['example_dag_decorator']) retrieved from /home/airflow/.local/lib/python3.7/site-packages/airflow/example_dags/example_dag_decorator.py
[2022-10-03T01:55:05.117+0000] {logging_mixin.py:115} INFO - [2022-10-03T01:55:05.117+0000] {dag.py:2429} INFO - Sync 1 DAGs
[2022-10-03T01:55:05.139+0000] {logging_mixin.py:115} INFO - [2022-10-03T01:55:05.139+0000] {dag.py:2981} INFO - Setting next_dagrun for example_dag_decorator to None, run_after=None
[2022-10-03T01:55:05.155+0000] {processor.py:161} INFO - Processing /home/airflow/.local/lib/python3.7/site-packages/airflow/example_dags/example_dag_decorator.py took 0.252 seconds
[2022-10-03T01:55:35.699+0000] {processor.py:153} INFO - Started process (PID=390) to work on /home/airflow/.local/lib/python3.7/site-packages/airflow/example_dags/example_dag_decorator.py
[2022-10-03T01:55:35.700+0000] {processor.py:640} INFO - Processing file /home/airflow/.local/lib/python3.7/site-packages/airflow/example_dags/example_dag_decorator.py for tasks to queue
[2022-10-03T01:55:35.701+0000] {logging_mixin.py:115} INFO - [2022-10-03T01:55:35.701+0000] {dagbag.py:508} INFO - Filling up the DagBag from /home/airflow/.local/lib/python3.7/site-packages/airflow/example_dags/example_dag_decorator.py
[2022-10-03T01:55:35.723+0000] {processor.py:650} INFO - DAG(s) dict_keys(['example_dag_decorator']) retrieved from /home/airflow/.local/lib/python3.7/site-packages/airflow/example_dags/example_dag_decorator.py
[2022-10-03T01:55:35.920+0000] {logging_mixin.py:115} INFO - [2022-10-03T01:55:35.920+0000] {dag.py:2429} INFO - Sync 1 DAGs
[2022-10-03T01:55:35.940+0000] {logging_mixin.py:115} INFO - [2022-10-03T01:55:35.940+0000] {dag.py:2981} INFO - Setting next_dagrun for example_dag_decorator to None, run_after=None
[2022-10-03T01:55:35.957+0000] {processor.py:161} INFO - Processing /home/airflow/.local/lib/python3.7/site-packages/airflow/example_dags/example_dag_decorator.py took 0.261 seconds
[2022-10-03T01:56:06.253+0000] {processor.py:153} INFO - Started process (PID=445) to work on /home/airflow/.local/lib/python3.7/site-packages/airflow/example_dags/example_dag_decorator.py
[2022-10-03T01:56:06.254+0000] {processor.py:640} INFO - Processing file /home/airflow/.local/lib/python3.7/site-packages/airflow/example_dags/example_dag_decorator.py for tasks to queue
[2022-10-03T01:56:06.255+0000] {logging_mixin.py:115} INFO - [2022-10-03T01:56:06.255+0000] {dagbag.py:508} INFO - Filling up the DagBag from /home/airflow/.local/lib/python3.7/site-packages/airflow/example_dags/example_dag_decorator.py
[2022-10-03T01:56:06.275+0000] {processor.py:650} INFO - DAG(s) dict_keys(['example_dag_decorator']) retrieved from /home/airflow/.local/lib/python3.7/site-packages/airflow/example_dags/example_dag_decorator.py
[2022-10-03T01:56:06.408+0000] {logging_mixin.py:115} INFO - [2022-10-03T01:56:06.407+0000] {dag.py:2429} INFO - Sync 1 DAGs
[2022-10-03T01:56:06.427+0000] {logging_mixin.py:115} INFO - [2022-10-03T01:56:06.426+0000] {dag.py:2981} INFO - Setting next_dagrun for example_dag_decorator to None, run_after=None
[2022-10-03T01:56:06.443+0000] {processor.py:161} INFO - Processing /home/airflow/.local/lib/python3.7/site-packages/airflow/example_dags/example_dag_decorator.py took 0.192 seconds
[2022-10-03T01:56:37.086+0000] {processor.py:153} INFO - Started process (PID=500) to work on /home/airflow/.local/lib/python3.7/site-packages/airflow/example_dags/example_dag_decorator.py
[2022-10-03T01:56:37.087+0000] {processor.py:640} INFO - Processing file /home/airflow/.local/lib/python3.7/site-packages/airflow/example_dags/example_dag_decorator.py for tasks to queue
[2022-10-03T01:56:37.088+0000] {logging_mixin.py:115} INFO - [2022-10-03T01:56:37.088+0000] {dagbag.py:508} INFO - Filling up the DagBag from /home/airflow/.local/lib/python3.7/site-packages/airflow/example_dags/example_dag_decorator.py
[2022-10-03T01:56:37.109+0000] {processor.py:650} INFO - DAG(s) dict_keys(['example_dag_decorator']) retrieved from /home/airflow/.local/lib/python3.7/site-packages/airflow/example_dags/example_dag_decorator.py
[2022-10-03T01:56:37.282+0000] {logging_mixin.py:115} INFO - [2022-10-03T01:56:37.282+0000] {dag.py:2429} INFO - Sync 1 DAGs
[2022-10-03T01:56:37.306+0000] {logging_mixin.py:115} INFO - [2022-10-03T01:56:37.306+0000] {dag.py:2981} INFO - Setting next_dagrun for example_dag_decorator to None, run_after=None
[2022-10-03T01:56:37.321+0000] {processor.py:161} INFO - Processing /home/airflow/.local/lib/python3.7/site-packages/airflow/example_dags/example_dag_decorator.py took 0.237 seconds
[2022-10-03T01:57:07.615+0000] {processor.py:153} INFO - Started process (PID=555) to work on /home/airflow/.local/lib/python3.7/site-packages/airflow/example_dags/example_dag_decorator.py
[2022-10-03T01:57:07.616+0000] {processor.py:640} INFO - Processing file /home/airflow/.local/lib/python3.7/site-packages/airflow/example_dags/example_dag_decorator.py for tasks to queue
[2022-10-03T01:57:07.618+0000] {logging_mixin.py:115} INFO - [2022-10-03T01:57:07.617+0000] {dagbag.py:508} INFO - Filling up the DagBag from /home/airflow/.local/lib/python3.7/site-packages/airflow/example_dags/example_dag_decorator.py
[2022-10-03T01:57:07.642+0000] {processor.py:650} INFO - DAG(s) dict_keys(['example_dag_decorator']) retrieved from /home/airflow/.local/lib/python3.7/site-packages/airflow/example_dags/example_dag_decorator.py
[2022-10-03T01:57:07.821+0000] {logging_mixin.py:115} INFO - [2022-10-03T01:57:07.821+0000] {dag.py:2429} INFO - Sync 1 DAGs
[2022-10-03T01:57:07.851+0000] {logging_mixin.py:115} INFO - [2022-10-03T01:57:07.851+0000] {dag.py:2981} INFO - Setting next_dagrun for example_dag_decorator to None, run_after=None
[2022-10-03T01:57:07.869+0000] {processor.py:161} INFO - Processing /home/airflow/.local/lib/python3.7/site-packages/airflow/example_dags/example_dag_decorator.py took 0.256 seconds
[2022-10-03T01:57:38.120+0000] {processor.py:153} INFO - Started process (PID=610) to work on /home/airflow/.local/lib/python3.7/site-packages/airflow/example_dags/example_dag_decorator.py
[2022-10-03T01:57:38.121+0000] {processor.py:640} INFO - Processing file /home/airflow/.local/lib/python3.7/site-packages/airflow/example_dags/example_dag_decorator.py for tasks to queue
[2022-10-03T01:57:38.122+0000] {logging_mixin.py:115} INFO - [2022-10-03T01:57:38.122+0000] {dagbag.py:508} INFO - Filling up the DagBag from /home/airflow/.local/lib/python3.7/site-packages/airflow/example_dags/example_dag_decorator.py
[2022-10-03T01:57:38.145+0000] {processor.py:650} INFO - DAG(s) dict_keys(['example_dag_decorator']) retrieved from /home/airflow/.local/lib/python3.7/site-packages/airflow/example_dags/example_dag_decorator.py
[2022-10-03T01:57:38.325+0000] {logging_mixin.py:115} INFO - [2022-10-03T01:57:38.325+0000] {dag.py:2429} INFO - Sync 1 DAGs
[2022-10-03T01:57:38.348+0000] {logging_mixin.py:115} INFO - [2022-10-03T01:57:38.348+0000] {dag.py:2981} INFO - Setting next_dagrun for example_dag_decorator to None, run_after=None
[2022-10-03T01:57:38.364+0000] {processor.py:161} INFO - Processing /home/airflow/.local/lib/python3.7/site-packages/airflow/example_dags/example_dag_decorator.py took 0.247 seconds
[2022-10-03T01:58:08.944+0000] {processor.py:153} INFO - Started process (PID=665) to work on /home/airflow/.local/lib/python3.7/site-packages/airflow/example_dags/example_dag_decorator.py
[2022-10-03T01:58:08.945+0000] {processor.py:640} INFO - Processing file /home/airflow/.local/lib/python3.7/site-packages/airflow/example_dags/example_dag_decorator.py for tasks to queue
[2022-10-03T01:58:08.946+0000] {logging_mixin.py:115} INFO - [2022-10-03T01:58:08.946+0000] {dagbag.py:508} INFO - Filling up the DagBag from /home/airflow/.local/lib/python3.7/site-packages/airflow/example_dags/example_dag_decorator.py
[2022-10-03T01:58:08.964+0000] {processor.py:650} INFO - DAG(s) dict_keys(['example_dag_decorator']) retrieved from /home/airflow/.local/lib/python3.7/site-packages/airflow/example_dags/example_dag_decorator.py
[2022-10-03T01:58:09.132+0000] {logging_mixin.py:115} INFO - [2022-10-03T01:58:09.132+0000] {dag.py:2429} INFO - Sync 1 DAGs
[2022-10-03T01:58:09.152+0000] {logging_mixin.py:115} INFO - [2022-10-03T01:58:09.152+0000] {dag.py:2981} INFO - Setting next_dagrun for example_dag_decorator to None, run_after=None
[2022-10-03T01:58:09.169+0000] {processor.py:161} INFO - Processing /home/airflow/.local/lib/python3.7/site-packages/airflow/example_dags/example_dag_decorator.py took 0.227 seconds
[2022-10-03T01:58:39.379+0000] {processor.py:153} INFO - Started process (PID=720) to work on /home/airflow/.local/lib/python3.7/site-packages/airflow/example_dags/example_dag_decorator.py
[2022-10-03T01:58:39.380+0000] {processor.py:640} INFO - Processing file /home/airflow/.local/lib/python3.7/site-packages/airflow/example_dags/example_dag_decorator.py for tasks to queue
[2022-10-03T01:58:39.381+0000] {logging_mixin.py:115} INFO - [2022-10-03T01:58:39.381+0000] {dagbag.py:508} INFO - Filling up the DagBag from /home/airflow/.local/lib/python3.7/site-packages/airflow/example_dags/example_dag_decorator.py
[2022-10-03T01:58:39.399+0000] {processor.py:650} INFO - DAG(s) dict_keys(['example_dag_decorator']) retrieved from /home/airflow/.local/lib/python3.7/site-packages/airflow/example_dags/example_dag_decorator.py
[2022-10-03T01:58:39.564+0000] {logging_mixin.py:115} INFO - [2022-10-03T01:58:39.564+0000] {dag.py:2429} INFO - Sync 1 DAGs
[2022-10-03T01:58:39.582+0000] {logging_mixin.py:115} INFO - [2022-10-03T01:58:39.582+0000] {dag.py:2981} INFO - Setting next_dagrun for example_dag_decorator to None, run_after=None
[2022-10-03T01:58:39.598+0000] {processor.py:161} INFO - Processing /home/airflow/.local/lib/python3.7/site-packages/airflow/example_dags/example_dag_decorator.py took 0.222 seconds
[2022-10-03T01:59:10.058+0000] {processor.py:153} INFO - Started process (PID=775) to work on /home/airflow/.local/lib/python3.7/site-packages/airflow/example_dags/example_dag_decorator.py
[2022-10-03T01:59:10.059+0000] {processor.py:640} INFO - Processing file /home/airflow/.local/lib/python3.7/site-packages/airflow/example_dags/example_dag_decorator.py for tasks to queue
[2022-10-03T01:59:10.060+0000] {logging_mixin.py:115} INFO - [2022-10-03T01:59:10.060+0000] {dagbag.py:508} INFO - Filling up the DagBag from /home/airflow/.local/lib/python3.7/site-packages/airflow/example_dags/example_dag_decorator.py
[2022-10-03T01:59:10.078+0000] {processor.py:650} INFO - DAG(s) dict_keys(['example_dag_decorator']) retrieved from /home/airflow/.local/lib/python3.7/site-packages/airflow/example_dags/example_dag_decorator.py
[2022-10-03T01:59:10.244+0000] {logging_mixin.py:115} INFO - [2022-10-03T01:59:10.244+0000] {dag.py:2429} INFO - Sync 1 DAGs
[2022-10-03T01:59:10.263+0000] {logging_mixin.py:115} INFO - [2022-10-03T01:59:10.262+0000] {dag.py:2981} INFO - Setting next_dagrun for example_dag_decorator to None, run_after=None
[2022-10-03T01:59:10.281+0000] {processor.py:161} INFO - Processing /home/airflow/.local/lib/python3.7/site-packages/airflow/example_dags/example_dag_decorator.py took 0.226 seconds
[2022-10-03T01:59:40.735+0000] {processor.py:153} INFO - Started process (PID=831) to work on /home/airflow/.local/lib/python3.7/site-packages/airflow/example_dags/example_dag_decorator.py
[2022-10-03T01:59:40.736+0000] {processor.py:640} INFO - Processing file /home/airflow/.local/lib/python3.7/site-packages/airflow/example_dags/example_dag_decorator.py for tasks to queue
[2022-10-03T01:59:40.737+0000] {logging_mixin.py:115} INFO - [2022-10-03T01:59:40.736+0000] {dagbag.py:508} INFO - Filling up the DagBag from /home/airflow/.local/lib/python3.7/site-packages/airflow/example_dags/example_dag_decorator.py
[2022-10-03T01:59:40.754+0000] {processor.py:650} INFO - DAG(s) dict_keys(['example_dag_decorator']) retrieved from /home/airflow/.local/lib/python3.7/site-packages/airflow/example_dags/example_dag_decorator.py
[2022-10-03T01:59:40.923+0000] {logging_mixin.py:115} INFO - [2022-10-03T01:59:40.922+0000] {dag.py:2429} INFO - Sync 1 DAGs
[2022-10-03T01:59:40.942+0000] {logging_mixin.py:115} INFO - [2022-10-03T01:59:40.942+0000] {dag.py:2981} INFO - Setting next_dagrun for example_dag_decorator to None, run_after=None
[2022-10-03T01:59:40.956+0000] {processor.py:161} INFO - Processing /home/airflow/.local/lib/python3.7/site-packages/airflow/example_dags/example_dag_decorator.py took 0.224 seconds
