[2022-10-03T01:29:49.269+0000] {processor.py:153} INFO - Started process (PID=70) to work on /home/airflow/.local/lib/python3.7/site-packages/airflow/example_dags/example_nested_branch_dag.py
[2022-10-03T01:29:49.270+0000] {processor.py:640} INFO - Processing file /home/airflow/.local/lib/python3.7/site-packages/airflow/example_dags/example_nested_branch_dag.py for tasks to queue
[2022-10-03T01:29:49.271+0000] {logging_mixin.py:115} INFO - [2022-10-03T01:29:49.271+0000] {dagbag.py:508} INFO - Filling up the DagBag from /home/airflow/.local/lib/python3.7/site-packages/airflow/example_dags/example_nested_branch_dag.py
[2022-10-03T01:29:49.281+0000] {processor.py:650} INFO - DAG(s) dict_keys(['example_nested_branch_dag']) retrieved from /home/airflow/.local/lib/python3.7/site-packages/airflow/example_dags/example_nested_branch_dag.py
[2022-10-03T01:29:49.456+0000] {logging_mixin.py:115} INFO - [2022-10-03T01:29:49.456+0000] {manager.py:508} INFO - Created Permission View: can edit on DAG:example_nested_branch_dag
[2022-10-03T01:29:49.469+0000] {logging_mixin.py:115} INFO - [2022-10-03T01:29:49.468+0000] {manager.py:508} INFO - Created Permission View: can read on DAG:example_nested_branch_dag
[2022-10-03T01:29:49.479+0000] {logging_mixin.py:115} INFO - [2022-10-03T01:29:49.478+0000] {manager.py:508} INFO - Created Permission View: can delete on DAG:example_nested_branch_dag
[2022-10-03T01:29:49.479+0000] {logging_mixin.py:115} INFO - [2022-10-03T01:29:49.479+0000] {dag.py:2429} INFO - Sync 1 DAGs
[2022-10-03T01:29:49.491+0000] {logging_mixin.py:115} INFO - [2022-10-03T01:29:49.490+0000] {dag.py:2448} INFO - Creating ORM DAG for example_nested_branch_dag
[2022-10-03T01:29:49.504+0000] {logging_mixin.py:115} INFO - [2022-10-03T01:29:49.504+0000] {dag.py:2981} INFO - Setting next_dagrun for example_nested_branch_dag to 2022-10-02T00:00:00+00:00, run_after=2022-10-03T00:00:00+00:00
[2022-10-03T01:29:49.519+0000] {processor.py:161} INFO - Processing /home/airflow/.local/lib/python3.7/site-packages/airflow/example_dags/example_nested_branch_dag.py took 0.253 seconds
[2022-10-03T01:30:19.575+0000] {processor.py:153} INFO - Started process (PID=125) to work on /home/airflow/.local/lib/python3.7/site-packages/airflow/example_dags/example_nested_branch_dag.py
[2022-10-03T01:30:19.576+0000] {processor.py:640} INFO - Processing file /home/airflow/.local/lib/python3.7/site-packages/airflow/example_dags/example_nested_branch_dag.py for tasks to queue
[2022-10-03T01:30:19.577+0000] {logging_mixin.py:115} INFO - [2022-10-03T01:30:19.576+0000] {dagbag.py:508} INFO - Filling up the DagBag from /home/airflow/.local/lib/python3.7/site-packages/airflow/example_dags/example_nested_branch_dag.py
[2022-10-03T01:30:19.587+0000] {processor.py:650} INFO - DAG(s) dict_keys(['example_nested_branch_dag']) retrieved from /home/airflow/.local/lib/python3.7/site-packages/airflow/example_dags/example_nested_branch_dag.py
[2022-10-03T01:30:19.610+0000] {logging_mixin.py:115} INFO - [2022-10-03T01:30:19.610+0000] {dag.py:2429} INFO - Sync 1 DAGs
[2022-10-03T01:30:19.724+0000] {logging_mixin.py:115} INFO - [2022-10-03T01:30:19.724+0000] {dag.py:2981} INFO - Setting next_dagrun for example_nested_branch_dag to 2022-10-02T00:00:00+00:00, run_after=2022-10-03T00:00:00+00:00
[2022-10-03T01:30:19.736+0000] {processor.py:161} INFO - Processing /home/airflow/.local/lib/python3.7/site-packages/airflow/example_dags/example_nested_branch_dag.py took 0.164 seconds
[2022-10-03T01:30:50.163+0000] {processor.py:153} INFO - Started process (PID=180) to work on /home/airflow/.local/lib/python3.7/site-packages/airflow/example_dags/example_nested_branch_dag.py
[2022-10-03T01:30:50.164+0000] {processor.py:640} INFO - Processing file /home/airflow/.local/lib/python3.7/site-packages/airflow/example_dags/example_nested_branch_dag.py for tasks to queue
[2022-10-03T01:30:50.165+0000] {logging_mixin.py:115} INFO - [2022-10-03T01:30:50.165+0000] {dagbag.py:508} INFO - Filling up the DagBag from /home/airflow/.local/lib/python3.7/site-packages/airflow/example_dags/example_nested_branch_dag.py
[2022-10-03T01:30:50.175+0000] {processor.py:650} INFO - DAG(s) dict_keys(['example_nested_branch_dag']) retrieved from /home/airflow/.local/lib/python3.7/site-packages/airflow/example_dags/example_nested_branch_dag.py
[2022-10-03T01:30:50.200+0000] {logging_mixin.py:115} INFO - [2022-10-03T01:30:50.200+0000] {dag.py:2429} INFO - Sync 1 DAGs
[2022-10-03T01:30:50.334+0000] {logging_mixin.py:115} INFO - [2022-10-03T01:30:50.334+0000] {dag.py:2981} INFO - Setting next_dagrun for example_nested_branch_dag to 2022-10-02T00:00:00+00:00, run_after=2022-10-03T00:00:00+00:00
[2022-10-03T01:30:50.347+0000] {processor.py:161} INFO - Processing /home/airflow/.local/lib/python3.7/site-packages/airflow/example_dags/example_nested_branch_dag.py took 0.187 seconds
[2022-10-03T01:31:20.892+0000] {processor.py:153} INFO - Started process (PID=235) to work on /home/airflow/.local/lib/python3.7/site-packages/airflow/example_dags/example_nested_branch_dag.py
[2022-10-03T01:31:20.893+0000] {processor.py:640} INFO - Processing file /home/airflow/.local/lib/python3.7/site-packages/airflow/example_dags/example_nested_branch_dag.py for tasks to queue
[2022-10-03T01:31:20.894+0000] {logging_mixin.py:115} INFO - [2022-10-03T01:31:20.894+0000] {dagbag.py:508} INFO - Filling up the DagBag from /home/airflow/.local/lib/python3.7/site-packages/airflow/example_dags/example_nested_branch_dag.py
[2022-10-03T01:31:20.905+0000] {processor.py:650} INFO - DAG(s) dict_keys(['example_nested_branch_dag']) retrieved from /home/airflow/.local/lib/python3.7/site-packages/airflow/example_dags/example_nested_branch_dag.py
[2022-10-03T01:31:20.932+0000] {logging_mixin.py:115} INFO - [2022-10-03T01:31:20.932+0000] {dag.py:2429} INFO - Sync 1 DAGs
[2022-10-03T01:31:21.056+0000] {logging_mixin.py:115} INFO - [2022-10-03T01:31:21.055+0000] {dag.py:2981} INFO - Setting next_dagrun for example_nested_branch_dag to 2022-10-02T00:00:00+00:00, run_after=2022-10-03T00:00:00+00:00
[2022-10-03T01:31:21.070+0000] {processor.py:161} INFO - Processing /home/airflow/.local/lib/python3.7/site-packages/airflow/example_dags/example_nested_branch_dag.py took 0.180 seconds
[2022-10-03T01:31:51.646+0000] {processor.py:153} INFO - Started process (PID=291) to work on /home/airflow/.local/lib/python3.7/site-packages/airflow/example_dags/example_nested_branch_dag.py
[2022-10-03T01:31:51.647+0000] {processor.py:640} INFO - Processing file /home/airflow/.local/lib/python3.7/site-packages/airflow/example_dags/example_nested_branch_dag.py for tasks to queue
[2022-10-03T01:31:51.648+0000] {logging_mixin.py:115} INFO - [2022-10-03T01:31:51.648+0000] {dagbag.py:508} INFO - Filling up the DagBag from /home/airflow/.local/lib/python3.7/site-packages/airflow/example_dags/example_nested_branch_dag.py
[2022-10-03T01:31:51.658+0000] {processor.py:650} INFO - DAG(s) dict_keys(['example_nested_branch_dag']) retrieved from /home/airflow/.local/lib/python3.7/site-packages/airflow/example_dags/example_nested_branch_dag.py
[2022-10-03T01:31:51.682+0000] {logging_mixin.py:115} INFO - [2022-10-03T01:31:51.682+0000] {dag.py:2429} INFO - Sync 1 DAGs
[2022-10-03T01:31:51.799+0000] {logging_mixin.py:115} INFO - [2022-10-03T01:31:51.799+0000] {dag.py:2981} INFO - Setting next_dagrun for example_nested_branch_dag to 2022-10-02T00:00:00+00:00, run_after=2022-10-03T00:00:00+00:00
[2022-10-03T01:31:51.814+0000] {processor.py:161} INFO - Processing /home/airflow/.local/lib/python3.7/site-packages/airflow/example_dags/example_nested_branch_dag.py took 0.170 seconds
[2022-10-03T01:32:22.356+0000] {processor.py:153} INFO - Started process (PID=346) to work on /home/airflow/.local/lib/python3.7/site-packages/airflow/example_dags/example_nested_branch_dag.py
[2022-10-03T01:32:22.357+0000] {processor.py:640} INFO - Processing file /home/airflow/.local/lib/python3.7/site-packages/airflow/example_dags/example_nested_branch_dag.py for tasks to queue
[2022-10-03T01:32:22.358+0000] {logging_mixin.py:115} INFO - [2022-10-03T01:32:22.357+0000] {dagbag.py:508} INFO - Filling up the DagBag from /home/airflow/.local/lib/python3.7/site-packages/airflow/example_dags/example_nested_branch_dag.py
[2022-10-03T01:32:22.371+0000] {processor.py:650} INFO - DAG(s) dict_keys(['example_nested_branch_dag']) retrieved from /home/airflow/.local/lib/python3.7/site-packages/airflow/example_dags/example_nested_branch_dag.py
[2022-10-03T01:32:22.394+0000] {logging_mixin.py:115} INFO - [2022-10-03T01:32:22.394+0000] {dag.py:2429} INFO - Sync 1 DAGs
[2022-10-03T01:32:22.513+0000] {logging_mixin.py:115} INFO - [2022-10-03T01:32:22.513+0000] {dag.py:2981} INFO - Setting next_dagrun for example_nested_branch_dag to 2022-10-02T00:00:00+00:00, run_after=2022-10-03T00:00:00+00:00
[2022-10-03T01:32:22.526+0000] {processor.py:161} INFO - Processing /home/airflow/.local/lib/python3.7/site-packages/airflow/example_dags/example_nested_branch_dag.py took 0.173 seconds
[2022-10-03T01:32:53.254+0000] {processor.py:153} INFO - Started process (PID=401) to work on /home/airflow/.local/lib/python3.7/site-packages/airflow/example_dags/example_nested_branch_dag.py
[2022-10-03T01:32:53.255+0000] {processor.py:640} INFO - Processing file /home/airflow/.local/lib/python3.7/site-packages/airflow/example_dags/example_nested_branch_dag.py for tasks to queue
[2022-10-03T01:32:53.256+0000] {logging_mixin.py:115} INFO - [2022-10-03T01:32:53.256+0000] {dagbag.py:508} INFO - Filling up the DagBag from /home/airflow/.local/lib/python3.7/site-packages/airflow/example_dags/example_nested_branch_dag.py
[2022-10-03T01:32:53.265+0000] {processor.py:650} INFO - DAG(s) dict_keys(['example_nested_branch_dag']) retrieved from /home/airflow/.local/lib/python3.7/site-packages/airflow/example_dags/example_nested_branch_dag.py
[2022-10-03T01:32:53.290+0000] {logging_mixin.py:115} INFO - [2022-10-03T01:32:53.290+0000] {dag.py:2429} INFO - Sync 1 DAGs
[2022-10-03T01:32:53.412+0000] {logging_mixin.py:115} INFO - [2022-10-03T01:32:53.412+0000] {dag.py:2981} INFO - Setting next_dagrun for example_nested_branch_dag to 2022-10-02T00:00:00+00:00, run_after=2022-10-03T00:00:00+00:00
[2022-10-03T01:32:53.425+0000] {processor.py:161} INFO - Processing /home/airflow/.local/lib/python3.7/site-packages/airflow/example_dags/example_nested_branch_dag.py took 0.174 seconds
[2022-10-03T01:33:24.021+0000] {processor.py:153} INFO - Started process (PID=456) to work on /home/airflow/.local/lib/python3.7/site-packages/airflow/example_dags/example_nested_branch_dag.py
[2022-10-03T01:33:24.022+0000] {processor.py:640} INFO - Processing file /home/airflow/.local/lib/python3.7/site-packages/airflow/example_dags/example_nested_branch_dag.py for tasks to queue
[2022-10-03T01:33:24.023+0000] {logging_mixin.py:115} INFO - [2022-10-03T01:33:24.023+0000] {dagbag.py:508} INFO - Filling up the DagBag from /home/airflow/.local/lib/python3.7/site-packages/airflow/example_dags/example_nested_branch_dag.py
[2022-10-03T01:33:24.037+0000] {processor.py:650} INFO - DAG(s) dict_keys(['example_nested_branch_dag']) retrieved from /home/airflow/.local/lib/python3.7/site-packages/airflow/example_dags/example_nested_branch_dag.py
[2022-10-03T01:33:24.062+0000] {logging_mixin.py:115} INFO - [2022-10-03T01:33:24.061+0000] {dag.py:2429} INFO - Sync 1 DAGs
[2022-10-03T01:33:24.176+0000] {logging_mixin.py:115} INFO - [2022-10-03T01:33:24.176+0000] {dag.py:2981} INFO - Setting next_dagrun for example_nested_branch_dag to 2022-10-02T00:00:00+00:00, run_after=2022-10-03T00:00:00+00:00
[2022-10-03T01:33:24.188+0000] {processor.py:161} INFO - Processing /home/airflow/.local/lib/python3.7/site-packages/airflow/example_dags/example_nested_branch_dag.py took 0.171 seconds
[2022-10-03T01:33:54.775+0000] {processor.py:153} INFO - Started process (PID=511) to work on /home/airflow/.local/lib/python3.7/site-packages/airflow/example_dags/example_nested_branch_dag.py
[2022-10-03T01:33:54.776+0000] {processor.py:640} INFO - Processing file /home/airflow/.local/lib/python3.7/site-packages/airflow/example_dags/example_nested_branch_dag.py for tasks to queue
[2022-10-03T01:33:54.777+0000] {logging_mixin.py:115} INFO - [2022-10-03T01:33:54.776+0000] {dagbag.py:508} INFO - Filling up the DagBag from /home/airflow/.local/lib/python3.7/site-packages/airflow/example_dags/example_nested_branch_dag.py
[2022-10-03T01:33:54.787+0000] {processor.py:650} INFO - DAG(s) dict_keys(['example_nested_branch_dag']) retrieved from /home/airflow/.local/lib/python3.7/site-packages/airflow/example_dags/example_nested_branch_dag.py
[2022-10-03T01:33:54.808+0000] {logging_mixin.py:115} INFO - [2022-10-03T01:33:54.808+0000] {dag.py:2429} INFO - Sync 1 DAGs
[2022-10-03T01:33:54.926+0000] {logging_mixin.py:115} INFO - [2022-10-03T01:33:54.926+0000] {dag.py:2981} INFO - Setting next_dagrun for example_nested_branch_dag to 2022-10-02T00:00:00+00:00, run_after=2022-10-03T00:00:00+00:00
[2022-10-03T01:33:54.939+0000] {processor.py:161} INFO - Processing /home/airflow/.local/lib/python3.7/site-packages/airflow/example_dags/example_nested_branch_dag.py took 0.166 seconds
[2022-10-03T01:34:25.500+0000] {processor.py:153} INFO - Started process (PID=566) to work on /home/airflow/.local/lib/python3.7/site-packages/airflow/example_dags/example_nested_branch_dag.py
[2022-10-03T01:34:25.501+0000] {processor.py:640} INFO - Processing file /home/airflow/.local/lib/python3.7/site-packages/airflow/example_dags/example_nested_branch_dag.py for tasks to queue
[2022-10-03T01:34:25.502+0000] {logging_mixin.py:115} INFO - [2022-10-03T01:34:25.502+0000] {dagbag.py:508} INFO - Filling up the DagBag from /home/airflow/.local/lib/python3.7/site-packages/airflow/example_dags/example_nested_branch_dag.py
[2022-10-03T01:34:25.512+0000] {processor.py:650} INFO - DAG(s) dict_keys(['example_nested_branch_dag']) retrieved from /home/airflow/.local/lib/python3.7/site-packages/airflow/example_dags/example_nested_branch_dag.py
[2022-10-03T01:34:25.536+0000] {logging_mixin.py:115} INFO - [2022-10-03T01:34:25.536+0000] {dag.py:2429} INFO - Sync 1 DAGs
[2022-10-03T01:34:25.651+0000] {logging_mixin.py:115} INFO - [2022-10-03T01:34:25.651+0000] {dag.py:2981} INFO - Setting next_dagrun for example_nested_branch_dag to 2022-10-02T00:00:00+00:00, run_after=2022-10-03T00:00:00+00:00
[2022-10-03T01:34:25.663+0000] {processor.py:161} INFO - Processing /home/airflow/.local/lib/python3.7/site-packages/airflow/example_dags/example_nested_branch_dag.py took 0.166 seconds
[2022-10-03T01:34:56.161+0000] {processor.py:153} INFO - Started process (PID=621) to work on /home/airflow/.local/lib/python3.7/site-packages/airflow/example_dags/example_nested_branch_dag.py
[2022-10-03T01:34:56.162+0000] {processor.py:640} INFO - Processing file /home/airflow/.local/lib/python3.7/site-packages/airflow/example_dags/example_nested_branch_dag.py for tasks to queue
[2022-10-03T01:34:56.163+0000] {logging_mixin.py:115} INFO - [2022-10-03T01:34:56.163+0000] {dagbag.py:508} INFO - Filling up the DagBag from /home/airflow/.local/lib/python3.7/site-packages/airflow/example_dags/example_nested_branch_dag.py
[2022-10-03T01:34:56.172+0000] {processor.py:650} INFO - DAG(s) dict_keys(['example_nested_branch_dag']) retrieved from /home/airflow/.local/lib/python3.7/site-packages/airflow/example_dags/example_nested_branch_dag.py
[2022-10-03T01:34:56.200+0000] {logging_mixin.py:115} INFO - [2022-10-03T01:34:56.200+0000] {dag.py:2429} INFO - Sync 1 DAGs
[2022-10-03T01:34:56.317+0000] {logging_mixin.py:115} INFO - [2022-10-03T01:34:56.316+0000] {dag.py:2981} INFO - Setting next_dagrun for example_nested_branch_dag to 2022-10-02T00:00:00+00:00, run_after=2022-10-03T00:00:00+00:00
[2022-10-03T01:34:56.333+0000] {processor.py:161} INFO - Processing /home/airflow/.local/lib/python3.7/site-packages/airflow/example_dags/example_nested_branch_dag.py took 0.174 seconds
[2022-10-03T01:35:27.041+0000] {processor.py:153} INFO - Started process (PID=676) to work on /home/airflow/.local/lib/python3.7/site-packages/airflow/example_dags/example_nested_branch_dag.py
[2022-10-03T01:35:27.042+0000] {processor.py:640} INFO - Processing file /home/airflow/.local/lib/python3.7/site-packages/airflow/example_dags/example_nested_branch_dag.py for tasks to queue
[2022-10-03T01:35:27.044+0000] {logging_mixin.py:115} INFO - [2022-10-03T01:35:27.043+0000] {dagbag.py:508} INFO - Filling up the DagBag from /home/airflow/.local/lib/python3.7/site-packages/airflow/example_dags/example_nested_branch_dag.py
[2022-10-03T01:35:27.052+0000] {processor.py:650} INFO - DAG(s) dict_keys(['example_nested_branch_dag']) retrieved from /home/airflow/.local/lib/python3.7/site-packages/airflow/example_dags/example_nested_branch_dag.py
[2022-10-03T01:35:27.080+0000] {logging_mixin.py:115} INFO - [2022-10-03T01:35:27.080+0000] {dag.py:2429} INFO - Sync 1 DAGs
[2022-10-03T01:35:27.197+0000] {logging_mixin.py:115} INFO - [2022-10-03T01:35:27.197+0000] {dag.py:2981} INFO - Setting next_dagrun for example_nested_branch_dag to 2022-10-02T00:00:00+00:00, run_after=2022-10-03T00:00:00+00:00
[2022-10-03T01:35:27.212+0000] {processor.py:161} INFO - Processing /home/airflow/.local/lib/python3.7/site-packages/airflow/example_dags/example_nested_branch_dag.py took 0.173 seconds
[2022-10-03T01:35:57.835+0000] {processor.py:153} INFO - Started process (PID=731) to work on /home/airflow/.local/lib/python3.7/site-packages/airflow/example_dags/example_nested_branch_dag.py
[2022-10-03T01:35:57.837+0000] {processor.py:640} INFO - Processing file /home/airflow/.local/lib/python3.7/site-packages/airflow/example_dags/example_nested_branch_dag.py for tasks to queue
[2022-10-03T01:35:57.838+0000] {logging_mixin.py:115} INFO - [2022-10-03T01:35:57.838+0000] {dagbag.py:508} INFO - Filling up the DagBag from /home/airflow/.local/lib/python3.7/site-packages/airflow/example_dags/example_nested_branch_dag.py
[2022-10-03T01:35:57.847+0000] {processor.py:650} INFO - DAG(s) dict_keys(['example_nested_branch_dag']) retrieved from /home/airflow/.local/lib/python3.7/site-packages/airflow/example_dags/example_nested_branch_dag.py
[2022-10-03T01:35:57.879+0000] {logging_mixin.py:115} INFO - [2022-10-03T01:35:57.878+0000] {dag.py:2429} INFO - Sync 1 DAGs
[2022-10-03T01:35:57.994+0000] {logging_mixin.py:115} INFO - [2022-10-03T01:35:57.994+0000] {dag.py:2981} INFO - Setting next_dagrun for example_nested_branch_dag to 2022-10-02T00:00:00+00:00, run_after=2022-10-03T00:00:00+00:00
[2022-10-03T01:35:58.006+0000] {processor.py:161} INFO - Processing /home/airflow/.local/lib/python3.7/site-packages/airflow/example_dags/example_nested_branch_dag.py took 0.174 seconds
[2022-10-03T01:36:28.535+0000] {processor.py:153} INFO - Started process (PID=786) to work on /home/airflow/.local/lib/python3.7/site-packages/airflow/example_dags/example_nested_branch_dag.py
[2022-10-03T01:36:28.536+0000] {processor.py:640} INFO - Processing file /home/airflow/.local/lib/python3.7/site-packages/airflow/example_dags/example_nested_branch_dag.py for tasks to queue
[2022-10-03T01:36:28.537+0000] {logging_mixin.py:115} INFO - [2022-10-03T01:36:28.537+0000] {dagbag.py:508} INFO - Filling up the DagBag from /home/airflow/.local/lib/python3.7/site-packages/airflow/example_dags/example_nested_branch_dag.py
[2022-10-03T01:36:28.548+0000] {processor.py:650} INFO - DAG(s) dict_keys(['example_nested_branch_dag']) retrieved from /home/airflow/.local/lib/python3.7/site-packages/airflow/example_dags/example_nested_branch_dag.py
[2022-10-03T01:36:28.578+0000] {logging_mixin.py:115} INFO - [2022-10-03T01:36:28.578+0000] {dag.py:2429} INFO - Sync 1 DAGs
[2022-10-03T01:36:28.696+0000] {logging_mixin.py:115} INFO - [2022-10-03T01:36:28.696+0000] {dag.py:2981} INFO - Setting next_dagrun for example_nested_branch_dag to 2022-10-02T00:00:00+00:00, run_after=2022-10-03T00:00:00+00:00
[2022-10-03T01:36:28.709+0000] {processor.py:161} INFO - Processing /home/airflow/.local/lib/python3.7/site-packages/airflow/example_dags/example_nested_branch_dag.py took 0.177 seconds
[2022-10-03T01:36:59.229+0000] {processor.py:153} INFO - Started process (PID=841) to work on /home/airflow/.local/lib/python3.7/site-packages/airflow/example_dags/example_nested_branch_dag.py
[2022-10-03T01:36:59.230+0000] {processor.py:640} INFO - Processing file /home/airflow/.local/lib/python3.7/site-packages/airflow/example_dags/example_nested_branch_dag.py for tasks to queue
[2022-10-03T01:36:59.231+0000] {logging_mixin.py:115} INFO - [2022-10-03T01:36:59.231+0000] {dagbag.py:508} INFO - Filling up the DagBag from /home/airflow/.local/lib/python3.7/site-packages/airflow/example_dags/example_nested_branch_dag.py
[2022-10-03T01:36:59.241+0000] {processor.py:650} INFO - DAG(s) dict_keys(['example_nested_branch_dag']) retrieved from /home/airflow/.local/lib/python3.7/site-packages/airflow/example_dags/example_nested_branch_dag.py
[2022-10-03T01:36:59.270+0000] {logging_mixin.py:115} INFO - [2022-10-03T01:36:59.270+0000] {dag.py:2429} INFO - Sync 1 DAGs
[2022-10-03T01:36:59.397+0000] {logging_mixin.py:115} INFO - [2022-10-03T01:36:59.397+0000] {dag.py:2981} INFO - Setting next_dagrun for example_nested_branch_dag to 2022-10-02T00:00:00+00:00, run_after=2022-10-03T00:00:00+00:00
[2022-10-03T01:36:59.409+0000] {processor.py:161} INFO - Processing /home/airflow/.local/lib/python3.7/site-packages/airflow/example_dags/example_nested_branch_dag.py took 0.183 seconds
[2022-10-03T01:37:30.019+0000] {processor.py:153} INFO - Started process (PID=906) to work on /home/airflow/.local/lib/python3.7/site-packages/airflow/example_dags/example_nested_branch_dag.py
[2022-10-03T01:37:30.021+0000] {processor.py:640} INFO - Processing file /home/airflow/.local/lib/python3.7/site-packages/airflow/example_dags/example_nested_branch_dag.py for tasks to queue
[2022-10-03T01:37:30.021+0000] {logging_mixin.py:115} INFO - [2022-10-03T01:37:30.021+0000] {dagbag.py:508} INFO - Filling up the DagBag from /home/airflow/.local/lib/python3.7/site-packages/airflow/example_dags/example_nested_branch_dag.py
[2022-10-03T01:37:30.032+0000] {processor.py:650} INFO - DAG(s) dict_keys(['example_nested_branch_dag']) retrieved from /home/airflow/.local/lib/python3.7/site-packages/airflow/example_dags/example_nested_branch_dag.py
[2022-10-03T01:37:30.057+0000] {logging_mixin.py:115} INFO - [2022-10-03T01:37:30.057+0000] {dag.py:2429} INFO - Sync 1 DAGs
[2022-10-03T01:37:30.181+0000] {logging_mixin.py:115} INFO - [2022-10-03T01:37:30.181+0000] {dag.py:2981} INFO - Setting next_dagrun for example_nested_branch_dag to 2022-10-02T00:00:00+00:00, run_after=2022-10-03T00:00:00+00:00
[2022-10-03T01:37:30.196+0000] {processor.py:161} INFO - Processing /home/airflow/.local/lib/python3.7/site-packages/airflow/example_dags/example_nested_branch_dag.py took 0.179 seconds
[2022-10-03T01:38:00.716+0000] {processor.py:153} INFO - Started process (PID=961) to work on /home/airflow/.local/lib/python3.7/site-packages/airflow/example_dags/example_nested_branch_dag.py
[2022-10-03T01:38:00.717+0000] {processor.py:640} INFO - Processing file /home/airflow/.local/lib/python3.7/site-packages/airflow/example_dags/example_nested_branch_dag.py for tasks to queue
[2022-10-03T01:38:00.718+0000] {logging_mixin.py:115} INFO - [2022-10-03T01:38:00.718+0000] {dagbag.py:508} INFO - Filling up the DagBag from /home/airflow/.local/lib/python3.7/site-packages/airflow/example_dags/example_nested_branch_dag.py
[2022-10-03T01:38:00.729+0000] {processor.py:650} INFO - DAG(s) dict_keys(['example_nested_branch_dag']) retrieved from /home/airflow/.local/lib/python3.7/site-packages/airflow/example_dags/example_nested_branch_dag.py
[2022-10-03T01:38:00.754+0000] {logging_mixin.py:115} INFO - [2022-10-03T01:38:00.754+0000] {dag.py:2429} INFO - Sync 1 DAGs
[2022-10-03T01:38:00.871+0000] {logging_mixin.py:115} INFO - [2022-10-03T01:38:00.871+0000] {dag.py:2981} INFO - Setting next_dagrun for example_nested_branch_dag to 2022-10-02T00:00:00+00:00, run_after=2022-10-03T00:00:00+00:00
[2022-10-03T01:38:00.885+0000] {processor.py:161} INFO - Processing /home/airflow/.local/lib/python3.7/site-packages/airflow/example_dags/example_nested_branch_dag.py took 0.172 seconds
[2022-10-03T01:38:31.389+0000] {processor.py:153} INFO - Started process (PID=1016) to work on /home/airflow/.local/lib/python3.7/site-packages/airflow/example_dags/example_nested_branch_dag.py
[2022-10-03T01:38:31.390+0000] {processor.py:640} INFO - Processing file /home/airflow/.local/lib/python3.7/site-packages/airflow/example_dags/example_nested_branch_dag.py for tasks to queue
[2022-10-03T01:38:31.392+0000] {logging_mixin.py:115} INFO - [2022-10-03T01:38:31.392+0000] {dagbag.py:508} INFO - Filling up the DagBag from /home/airflow/.local/lib/python3.7/site-packages/airflow/example_dags/example_nested_branch_dag.py
[2022-10-03T01:38:31.402+0000] {processor.py:650} INFO - DAG(s) dict_keys(['example_nested_branch_dag']) retrieved from /home/airflow/.local/lib/python3.7/site-packages/airflow/example_dags/example_nested_branch_dag.py
[2022-10-03T01:38:31.430+0000] {logging_mixin.py:115} INFO - [2022-10-03T01:38:31.430+0000] {dag.py:2429} INFO - Sync 1 DAGs
[2022-10-03T01:38:31.570+0000] {logging_mixin.py:115} INFO - [2022-10-03T01:38:31.570+0000] {dag.py:2981} INFO - Setting next_dagrun for example_nested_branch_dag to 2022-10-02T00:00:00+00:00, run_after=2022-10-03T00:00:00+00:00
[2022-10-03T01:38:31.589+0000] {processor.py:161} INFO - Processing /home/airflow/.local/lib/python3.7/site-packages/airflow/example_dags/example_nested_branch_dag.py took 0.203 seconds
[2022-10-03T01:39:02.178+0000] {processor.py:153} INFO - Started process (PID=1071) to work on /home/airflow/.local/lib/python3.7/site-packages/airflow/example_dags/example_nested_branch_dag.py
[2022-10-03T01:39:02.179+0000] {processor.py:640} INFO - Processing file /home/airflow/.local/lib/python3.7/site-packages/airflow/example_dags/example_nested_branch_dag.py for tasks to queue
[2022-10-03T01:39:02.180+0000] {logging_mixin.py:115} INFO - [2022-10-03T01:39:02.180+0000] {dagbag.py:508} INFO - Filling up the DagBag from /home/airflow/.local/lib/python3.7/site-packages/airflow/example_dags/example_nested_branch_dag.py
[2022-10-03T01:39:02.189+0000] {processor.py:650} INFO - DAG(s) dict_keys(['example_nested_branch_dag']) retrieved from /home/airflow/.local/lib/python3.7/site-packages/airflow/example_dags/example_nested_branch_dag.py
[2022-10-03T01:39:02.217+0000] {logging_mixin.py:115} INFO - [2022-10-03T01:39:02.216+0000] {dag.py:2429} INFO - Sync 1 DAGs
[2022-10-03T01:39:02.339+0000] {logging_mixin.py:115} INFO - [2022-10-03T01:39:02.338+0000] {dag.py:2981} INFO - Setting next_dagrun for example_nested_branch_dag to 2022-10-02T00:00:00+00:00, run_after=2022-10-03T00:00:00+00:00
[2022-10-03T01:39:02.352+0000] {processor.py:161} INFO - Processing /home/airflow/.local/lib/python3.7/site-packages/airflow/example_dags/example_nested_branch_dag.py took 0.176 seconds
[2022-10-03T01:39:32.863+0000] {processor.py:153} INFO - Started process (PID=1126) to work on /home/airflow/.local/lib/python3.7/site-packages/airflow/example_dags/example_nested_branch_dag.py
[2022-10-03T01:39:32.864+0000] {processor.py:640} INFO - Processing file /home/airflow/.local/lib/python3.7/site-packages/airflow/example_dags/example_nested_branch_dag.py for tasks to queue
[2022-10-03T01:39:32.865+0000] {logging_mixin.py:115} INFO - [2022-10-03T01:39:32.864+0000] {dagbag.py:508} INFO - Filling up the DagBag from /home/airflow/.local/lib/python3.7/site-packages/airflow/example_dags/example_nested_branch_dag.py
[2022-10-03T01:39:32.875+0000] {processor.py:650} INFO - DAG(s) dict_keys(['example_nested_branch_dag']) retrieved from /home/airflow/.local/lib/python3.7/site-packages/airflow/example_dags/example_nested_branch_dag.py
[2022-10-03T01:39:32.900+0000] {logging_mixin.py:115} INFO - [2022-10-03T01:39:32.900+0000] {dag.py:2429} INFO - Sync 1 DAGs
[2022-10-03T01:39:33.024+0000] {logging_mixin.py:115} INFO - [2022-10-03T01:39:33.023+0000] {dag.py:2981} INFO - Setting next_dagrun for example_nested_branch_dag to 2022-10-02T00:00:00+00:00, run_after=2022-10-03T00:00:00+00:00
[2022-10-03T01:39:33.036+0000] {processor.py:161} INFO - Processing /home/airflow/.local/lib/python3.7/site-packages/airflow/example_dags/example_nested_branch_dag.py took 0.176 seconds
[2022-10-03T01:40:03.542+0000] {processor.py:153} INFO - Started process (PID=1181) to work on /home/airflow/.local/lib/python3.7/site-packages/airflow/example_dags/example_nested_branch_dag.py
[2022-10-03T01:40:03.543+0000] {processor.py:640} INFO - Processing file /home/airflow/.local/lib/python3.7/site-packages/airflow/example_dags/example_nested_branch_dag.py for tasks to queue
[2022-10-03T01:40:03.544+0000] {logging_mixin.py:115} INFO - [2022-10-03T01:40:03.544+0000] {dagbag.py:508} INFO - Filling up the DagBag from /home/airflow/.local/lib/python3.7/site-packages/airflow/example_dags/example_nested_branch_dag.py
[2022-10-03T01:40:03.553+0000] {processor.py:650} INFO - DAG(s) dict_keys(['example_nested_branch_dag']) retrieved from /home/airflow/.local/lib/python3.7/site-packages/airflow/example_dags/example_nested_branch_dag.py
[2022-10-03T01:40:03.580+0000] {logging_mixin.py:115} INFO - [2022-10-03T01:40:03.579+0000] {dag.py:2429} INFO - Sync 1 DAGs
[2022-10-03T01:40:03.697+0000] {logging_mixin.py:115} INFO - [2022-10-03T01:40:03.697+0000] {dag.py:2981} INFO - Setting next_dagrun for example_nested_branch_dag to 2022-10-02T00:00:00+00:00, run_after=2022-10-03T00:00:00+00:00
[2022-10-03T01:40:03.710+0000] {processor.py:161} INFO - Processing /home/airflow/.local/lib/python3.7/site-packages/airflow/example_dags/example_nested_branch_dag.py took 0.171 seconds
[2022-10-03T01:40:34.342+0000] {processor.py:153} INFO - Started process (PID=1236) to work on /home/airflow/.local/lib/python3.7/site-packages/airflow/example_dags/example_nested_branch_dag.py
[2022-10-03T01:40:34.342+0000] {processor.py:640} INFO - Processing file /home/airflow/.local/lib/python3.7/site-packages/airflow/example_dags/example_nested_branch_dag.py for tasks to queue
[2022-10-03T01:40:34.343+0000] {logging_mixin.py:115} INFO - [2022-10-03T01:40:34.343+0000] {dagbag.py:508} INFO - Filling up the DagBag from /home/airflow/.local/lib/python3.7/site-packages/airflow/example_dags/example_nested_branch_dag.py
[2022-10-03T01:40:34.353+0000] {processor.py:650} INFO - DAG(s) dict_keys(['example_nested_branch_dag']) retrieved from /home/airflow/.local/lib/python3.7/site-packages/airflow/example_dags/example_nested_branch_dag.py
[2022-10-03T01:40:34.384+0000] {logging_mixin.py:115} INFO - [2022-10-03T01:40:34.383+0000] {dag.py:2429} INFO - Sync 1 DAGs
[2022-10-03T01:40:34.530+0000] {logging_mixin.py:115} INFO - [2022-10-03T01:40:34.530+0000] {dag.py:2981} INFO - Setting next_dagrun for example_nested_branch_dag to 2022-10-02T00:00:00+00:00, run_after=2022-10-03T00:00:00+00:00
[2022-10-03T01:40:34.544+0000] {processor.py:161} INFO - Processing /home/airflow/.local/lib/python3.7/site-packages/airflow/example_dags/example_nested_branch_dag.py took 0.205 seconds
[2022-10-03T01:41:05.236+0000] {processor.py:153} INFO - Started process (PID=1291) to work on /home/airflow/.local/lib/python3.7/site-packages/airflow/example_dags/example_nested_branch_dag.py
[2022-10-03T01:41:05.237+0000] {processor.py:640} INFO - Processing file /home/airflow/.local/lib/python3.7/site-packages/airflow/example_dags/example_nested_branch_dag.py for tasks to queue
[2022-10-03T01:41:05.239+0000] {logging_mixin.py:115} INFO - [2022-10-03T01:41:05.238+0000] {dagbag.py:508} INFO - Filling up the DagBag from /home/airflow/.local/lib/python3.7/site-packages/airflow/example_dags/example_nested_branch_dag.py
[2022-10-03T01:41:05.253+0000] {processor.py:650} INFO - DAG(s) dict_keys(['example_nested_branch_dag']) retrieved from /home/airflow/.local/lib/python3.7/site-packages/airflow/example_dags/example_nested_branch_dag.py
[2022-10-03T01:41:05.283+0000] {logging_mixin.py:115} INFO - [2022-10-03T01:41:05.283+0000] {dag.py:2429} INFO - Sync 1 DAGs
[2022-10-03T01:41:05.429+0000] {logging_mixin.py:115} INFO - [2022-10-03T01:41:05.429+0000] {dag.py:2981} INFO - Setting next_dagrun for example_nested_branch_dag to 2022-10-02T00:00:00+00:00, run_after=2022-10-03T00:00:00+00:00
[2022-10-03T01:41:05.445+0000] {processor.py:161} INFO - Processing /home/airflow/.local/lib/python3.7/site-packages/airflow/example_dags/example_nested_branch_dag.py took 0.212 seconds
[2022-10-03T01:41:36.128+0000] {processor.py:153} INFO - Started process (PID=1347) to work on /home/airflow/.local/lib/python3.7/site-packages/airflow/example_dags/example_nested_branch_dag.py
[2022-10-03T01:41:36.129+0000] {processor.py:640} INFO - Processing file /home/airflow/.local/lib/python3.7/site-packages/airflow/example_dags/example_nested_branch_dag.py for tasks to queue
[2022-10-03T01:41:36.129+0000] {logging_mixin.py:115} INFO - [2022-10-03T01:41:36.129+0000] {dagbag.py:508} INFO - Filling up the DagBag from /home/airflow/.local/lib/python3.7/site-packages/airflow/example_dags/example_nested_branch_dag.py
[2022-10-03T01:41:36.139+0000] {processor.py:650} INFO - DAG(s) dict_keys(['example_nested_branch_dag']) retrieved from /home/airflow/.local/lib/python3.7/site-packages/airflow/example_dags/example_nested_branch_dag.py
[2022-10-03T01:41:36.164+0000] {logging_mixin.py:115} INFO - [2022-10-03T01:41:36.164+0000] {dag.py:2429} INFO - Sync 1 DAGs
[2022-10-03T01:41:36.283+0000] {logging_mixin.py:115} INFO - [2022-10-03T01:41:36.283+0000] {dag.py:2981} INFO - Setting next_dagrun for example_nested_branch_dag to 2022-10-02T00:00:00+00:00, run_after=2022-10-03T00:00:00+00:00
[2022-10-03T01:41:36.296+0000] {processor.py:161} INFO - Processing /home/airflow/.local/lib/python3.7/site-packages/airflow/example_dags/example_nested_branch_dag.py took 0.171 seconds
[2022-10-03T01:42:07.070+0000] {processor.py:153} INFO - Started process (PID=1402) to work on /home/airflow/.local/lib/python3.7/site-packages/airflow/example_dags/example_nested_branch_dag.py
[2022-10-03T01:42:07.070+0000] {processor.py:640} INFO - Processing file /home/airflow/.local/lib/python3.7/site-packages/airflow/example_dags/example_nested_branch_dag.py for tasks to queue
[2022-10-03T01:42:07.072+0000] {logging_mixin.py:115} INFO - [2022-10-03T01:42:07.071+0000] {dagbag.py:508} INFO - Filling up the DagBag from /home/airflow/.local/lib/python3.7/site-packages/airflow/example_dags/example_nested_branch_dag.py
[2022-10-03T01:42:07.083+0000] {processor.py:650} INFO - DAG(s) dict_keys(['example_nested_branch_dag']) retrieved from /home/airflow/.local/lib/python3.7/site-packages/airflow/example_dags/example_nested_branch_dag.py
[2022-10-03T01:42:07.109+0000] {logging_mixin.py:115} INFO - [2022-10-03T01:42:07.108+0000] {dag.py:2429} INFO - Sync 1 DAGs
[2022-10-03T01:42:07.232+0000] {logging_mixin.py:115} INFO - [2022-10-03T01:42:07.232+0000] {dag.py:2981} INFO - Setting next_dagrun for example_nested_branch_dag to 2022-10-02T00:00:00+00:00, run_after=2022-10-03T00:00:00+00:00
[2022-10-03T01:42:07.245+0000] {processor.py:161} INFO - Processing /home/airflow/.local/lib/python3.7/site-packages/airflow/example_dags/example_nested_branch_dag.py took 0.178 seconds
[2022-10-03T01:42:37.723+0000] {processor.py:153} INFO - Started process (PID=1457) to work on /home/airflow/.local/lib/python3.7/site-packages/airflow/example_dags/example_nested_branch_dag.py
[2022-10-03T01:42:37.723+0000] {processor.py:640} INFO - Processing file /home/airflow/.local/lib/python3.7/site-packages/airflow/example_dags/example_nested_branch_dag.py for tasks to queue
[2022-10-03T01:42:37.725+0000] {logging_mixin.py:115} INFO - [2022-10-03T01:42:37.724+0000] {dagbag.py:508} INFO - Filling up the DagBag from /home/airflow/.local/lib/python3.7/site-packages/airflow/example_dags/example_nested_branch_dag.py
[2022-10-03T01:42:37.737+0000] {processor.py:650} INFO - DAG(s) dict_keys(['example_nested_branch_dag']) retrieved from /home/airflow/.local/lib/python3.7/site-packages/airflow/example_dags/example_nested_branch_dag.py
[2022-10-03T01:42:37.770+0000] {logging_mixin.py:115} INFO - [2022-10-03T01:42:37.770+0000] {dag.py:2429} INFO - Sync 1 DAGs
[2022-10-03T01:42:37.898+0000] {logging_mixin.py:115} INFO - [2022-10-03T01:42:37.897+0000] {dag.py:2981} INFO - Setting next_dagrun for example_nested_branch_dag to 2022-10-02T00:00:00+00:00, run_after=2022-10-03T00:00:00+00:00
[2022-10-03T01:42:37.911+0000] {processor.py:161} INFO - Processing /home/airflow/.local/lib/python3.7/site-packages/airflow/example_dags/example_nested_branch_dag.py took 0.191 seconds
[2022-10-03T01:43:08.308+0000] {processor.py:153} INFO - Started process (PID=1513) to work on /home/airflow/.local/lib/python3.7/site-packages/airflow/example_dags/example_nested_branch_dag.py
[2022-10-03T01:43:08.309+0000] {processor.py:640} INFO - Processing file /home/airflow/.local/lib/python3.7/site-packages/airflow/example_dags/example_nested_branch_dag.py for tasks to queue
[2022-10-03T01:43:08.310+0000] {logging_mixin.py:115} INFO - [2022-10-03T01:43:08.310+0000] {dagbag.py:508} INFO - Filling up the DagBag from /home/airflow/.local/lib/python3.7/site-packages/airflow/example_dags/example_nested_branch_dag.py
[2022-10-03T01:43:08.321+0000] {processor.py:650} INFO - DAG(s) dict_keys(['example_nested_branch_dag']) retrieved from /home/airflow/.local/lib/python3.7/site-packages/airflow/example_dags/example_nested_branch_dag.py
[2022-10-03T01:43:08.349+0000] {logging_mixin.py:115} INFO - [2022-10-03T01:43:08.349+0000] {dag.py:2429} INFO - Sync 1 DAGs
[2022-10-03T01:43:08.484+0000] {logging_mixin.py:115} INFO - [2022-10-03T01:43:08.484+0000] {dag.py:2981} INFO - Setting next_dagrun for example_nested_branch_dag to 2022-10-02T00:00:00+00:00, run_after=2022-10-03T00:00:00+00:00
[2022-10-03T01:43:08.497+0000] {processor.py:161} INFO - Processing /home/airflow/.local/lib/python3.7/site-packages/airflow/example_dags/example_nested_branch_dag.py took 0.191 seconds
[2022-10-03T01:43:38.855+0000] {processor.py:153} INFO - Started process (PID=1568) to work on /home/airflow/.local/lib/python3.7/site-packages/airflow/example_dags/example_nested_branch_dag.py
[2022-10-03T01:43:38.856+0000] {processor.py:640} INFO - Processing file /home/airflow/.local/lib/python3.7/site-packages/airflow/example_dags/example_nested_branch_dag.py for tasks to queue
[2022-10-03T01:43:38.857+0000] {logging_mixin.py:115} INFO - [2022-10-03T01:43:38.857+0000] {dagbag.py:508} INFO - Filling up the DagBag from /home/airflow/.local/lib/python3.7/site-packages/airflow/example_dags/example_nested_branch_dag.py
[2022-10-03T01:43:38.870+0000] {processor.py:650} INFO - DAG(s) dict_keys(['example_nested_branch_dag']) retrieved from /home/airflow/.local/lib/python3.7/site-packages/airflow/example_dags/example_nested_branch_dag.py
[2022-10-03T01:43:38.895+0000] {logging_mixin.py:115} INFO - [2022-10-03T01:43:38.895+0000] {dag.py:2429} INFO - Sync 1 DAGs
[2022-10-03T01:43:39.019+0000] {logging_mixin.py:115} INFO - [2022-10-03T01:43:39.019+0000] {dag.py:2981} INFO - Setting next_dagrun for example_nested_branch_dag to 2022-10-02T00:00:00+00:00, run_after=2022-10-03T00:00:00+00:00
[2022-10-03T01:43:39.033+0000] {processor.py:161} INFO - Processing /home/airflow/.local/lib/python3.7/site-packages/airflow/example_dags/example_nested_branch_dag.py took 0.181 seconds
[2022-10-03T01:44:09.545+0000] {processor.py:153} INFO - Started process (PID=1623) to work on /home/airflow/.local/lib/python3.7/site-packages/airflow/example_dags/example_nested_branch_dag.py
[2022-10-03T01:44:09.546+0000] {processor.py:640} INFO - Processing file /home/airflow/.local/lib/python3.7/site-packages/airflow/example_dags/example_nested_branch_dag.py for tasks to queue
[2022-10-03T01:44:09.547+0000] {logging_mixin.py:115} INFO - [2022-10-03T01:44:09.547+0000] {dagbag.py:508} INFO - Filling up the DagBag from /home/airflow/.local/lib/python3.7/site-packages/airflow/example_dags/example_nested_branch_dag.py
[2022-10-03T01:44:09.557+0000] {processor.py:650} INFO - DAG(s) dict_keys(['example_nested_branch_dag']) retrieved from /home/airflow/.local/lib/python3.7/site-packages/airflow/example_dags/example_nested_branch_dag.py
[2022-10-03T01:44:09.579+0000] {logging_mixin.py:115} INFO - [2022-10-03T01:44:09.578+0000] {dag.py:2429} INFO - Sync 1 DAGs
[2022-10-03T01:44:09.694+0000] {logging_mixin.py:115} INFO - [2022-10-03T01:44:09.694+0000] {dag.py:2981} INFO - Setting next_dagrun for example_nested_branch_dag to 2022-10-02T00:00:00+00:00, run_after=2022-10-03T00:00:00+00:00
[2022-10-03T01:44:09.706+0000] {processor.py:161} INFO - Processing /home/airflow/.local/lib/python3.7/site-packages/airflow/example_dags/example_nested_branch_dag.py took 0.164 seconds
[2022-10-03T01:44:40.376+0000] {processor.py:153} INFO - Started process (PID=1678) to work on /home/airflow/.local/lib/python3.7/site-packages/airflow/example_dags/example_nested_branch_dag.py
[2022-10-03T01:44:40.377+0000] {processor.py:640} INFO - Processing file /home/airflow/.local/lib/python3.7/site-packages/airflow/example_dags/example_nested_branch_dag.py for tasks to queue
[2022-10-03T01:44:40.378+0000] {logging_mixin.py:115} INFO - [2022-10-03T01:44:40.378+0000] {dagbag.py:508} INFO - Filling up the DagBag from /home/airflow/.local/lib/python3.7/site-packages/airflow/example_dags/example_nested_branch_dag.py
[2022-10-03T01:44:40.389+0000] {processor.py:650} INFO - DAG(s) dict_keys(['example_nested_branch_dag']) retrieved from /home/airflow/.local/lib/python3.7/site-packages/airflow/example_dags/example_nested_branch_dag.py
[2022-10-03T01:44:40.415+0000] {logging_mixin.py:115} INFO - [2022-10-03T01:44:40.414+0000] {dag.py:2429} INFO - Sync 1 DAGs
[2022-10-03T01:44:40.529+0000] {logging_mixin.py:115} INFO - [2022-10-03T01:44:40.529+0000] {dag.py:2981} INFO - Setting next_dagrun for example_nested_branch_dag to 2022-10-02T00:00:00+00:00, run_after=2022-10-03T00:00:00+00:00
[2022-10-03T01:44:40.541+0000] {processor.py:161} INFO - Processing /home/airflow/.local/lib/python3.7/site-packages/airflow/example_dags/example_nested_branch_dag.py took 0.168 seconds
[2022-10-03T01:45:11.209+0000] {processor.py:153} INFO - Started process (PID=1733) to work on /home/airflow/.local/lib/python3.7/site-packages/airflow/example_dags/example_nested_branch_dag.py
[2022-10-03T01:45:11.210+0000] {processor.py:640} INFO - Processing file /home/airflow/.local/lib/python3.7/site-packages/airflow/example_dags/example_nested_branch_dag.py for tasks to queue
[2022-10-03T01:45:11.211+0000] {logging_mixin.py:115} INFO - [2022-10-03T01:45:11.211+0000] {dagbag.py:508} INFO - Filling up the DagBag from /home/airflow/.local/lib/python3.7/site-packages/airflow/example_dags/example_nested_branch_dag.py
[2022-10-03T01:45:11.221+0000] {processor.py:650} INFO - DAG(s) dict_keys(['example_nested_branch_dag']) retrieved from /home/airflow/.local/lib/python3.7/site-packages/airflow/example_dags/example_nested_branch_dag.py
[2022-10-03T01:45:11.250+0000] {logging_mixin.py:115} INFO - [2022-10-03T01:45:11.250+0000] {dag.py:2429} INFO - Sync 1 DAGs
[2022-10-03T01:45:11.367+0000] {logging_mixin.py:115} INFO - [2022-10-03T01:45:11.367+0000] {dag.py:2981} INFO - Setting next_dagrun for example_nested_branch_dag to 2022-10-02T00:00:00+00:00, run_after=2022-10-03T00:00:00+00:00
[2022-10-03T01:45:11.379+0000] {processor.py:161} INFO - Processing /home/airflow/.local/lib/python3.7/site-packages/airflow/example_dags/example_nested_branch_dag.py took 0.173 seconds
[2022-10-03T01:45:41.963+0000] {processor.py:153} INFO - Started process (PID=1788) to work on /home/airflow/.local/lib/python3.7/site-packages/airflow/example_dags/example_nested_branch_dag.py
[2022-10-03T01:45:41.965+0000] {processor.py:640} INFO - Processing file /home/airflow/.local/lib/python3.7/site-packages/airflow/example_dags/example_nested_branch_dag.py for tasks to queue
[2022-10-03T01:45:41.966+0000] {logging_mixin.py:115} INFO - [2022-10-03T01:45:41.966+0000] {dagbag.py:508} INFO - Filling up the DagBag from /home/airflow/.local/lib/python3.7/site-packages/airflow/example_dags/example_nested_branch_dag.py
[2022-10-03T01:45:41.977+0000] {processor.py:650} INFO - DAG(s) dict_keys(['example_nested_branch_dag']) retrieved from /home/airflow/.local/lib/python3.7/site-packages/airflow/example_dags/example_nested_branch_dag.py
[2022-10-03T01:45:42.003+0000] {logging_mixin.py:115} INFO - [2022-10-03T01:45:42.003+0000] {dag.py:2429} INFO - Sync 1 DAGs
[2022-10-03T01:45:42.149+0000] {logging_mixin.py:115} INFO - [2022-10-03T01:45:42.149+0000] {dag.py:2981} INFO - Setting next_dagrun for example_nested_branch_dag to 2022-10-02T00:00:00+00:00, run_after=2022-10-03T00:00:00+00:00
[2022-10-03T01:45:42.165+0000] {processor.py:161} INFO - Processing /home/airflow/.local/lib/python3.7/site-packages/airflow/example_dags/example_nested_branch_dag.py took 0.205 seconds
[2022-10-03T01:46:12.690+0000] {processor.py:153} INFO - Started process (PID=1843) to work on /home/airflow/.local/lib/python3.7/site-packages/airflow/example_dags/example_nested_branch_dag.py
[2022-10-03T01:46:12.692+0000] {processor.py:640} INFO - Processing file /home/airflow/.local/lib/python3.7/site-packages/airflow/example_dags/example_nested_branch_dag.py for tasks to queue
[2022-10-03T01:46:12.693+0000] {logging_mixin.py:115} INFO - [2022-10-03T01:46:12.692+0000] {dagbag.py:508} INFO - Filling up the DagBag from /home/airflow/.local/lib/python3.7/site-packages/airflow/example_dags/example_nested_branch_dag.py
[2022-10-03T01:46:12.707+0000] {processor.py:650} INFO - DAG(s) dict_keys(['example_nested_branch_dag']) retrieved from /home/airflow/.local/lib/python3.7/site-packages/airflow/example_dags/example_nested_branch_dag.py
[2022-10-03T01:46:12.742+0000] {logging_mixin.py:115} INFO - [2022-10-03T01:46:12.742+0000] {dag.py:2429} INFO - Sync 1 DAGs
[2022-10-03T01:46:12.889+0000] {logging_mixin.py:115} INFO - [2022-10-03T01:46:12.889+0000] {dag.py:2981} INFO - Setting next_dagrun for example_nested_branch_dag to 2022-10-02T00:00:00+00:00, run_after=2022-10-03T00:00:00+00:00
[2022-10-03T01:46:12.903+0000] {processor.py:161} INFO - Processing /home/airflow/.local/lib/python3.7/site-packages/airflow/example_dags/example_nested_branch_dag.py took 0.215 seconds
[2022-10-03T01:46:43.524+0000] {processor.py:153} INFO - Started process (PID=1905) to work on /home/airflow/.local/lib/python3.7/site-packages/airflow/example_dags/example_nested_branch_dag.py
[2022-10-03T01:46:43.525+0000] {processor.py:640} INFO - Processing file /home/airflow/.local/lib/python3.7/site-packages/airflow/example_dags/example_nested_branch_dag.py for tasks to queue
[2022-10-03T01:46:43.527+0000] {logging_mixin.py:115} INFO - [2022-10-03T01:46:43.526+0000] {dagbag.py:508} INFO - Filling up the DagBag from /home/airflow/.local/lib/python3.7/site-packages/airflow/example_dags/example_nested_branch_dag.py
[2022-10-03T01:46:43.538+0000] {processor.py:650} INFO - DAG(s) dict_keys(['example_nested_branch_dag']) retrieved from /home/airflow/.local/lib/python3.7/site-packages/airflow/example_dags/example_nested_branch_dag.py
[2022-10-03T01:46:43.564+0000] {logging_mixin.py:115} INFO - [2022-10-03T01:46:43.564+0000] {dag.py:2429} INFO - Sync 1 DAGs
[2022-10-03T01:46:43.676+0000] {logging_mixin.py:115} INFO - [2022-10-03T01:46:43.676+0000] {dag.py:2981} INFO - Setting next_dagrun for example_nested_branch_dag to 2022-10-02T00:00:00+00:00, run_after=2022-10-03T00:00:00+00:00
[2022-10-03T01:46:43.689+0000] {processor.py:161} INFO - Processing /home/airflow/.local/lib/python3.7/site-packages/airflow/example_dags/example_nested_branch_dag.py took 0.169 seconds
[2022-10-03T01:47:14.411+0000] {processor.py:153} INFO - Started process (PID=1960) to work on /home/airflow/.local/lib/python3.7/site-packages/airflow/example_dags/example_nested_branch_dag.py
[2022-10-03T01:47:14.412+0000] {processor.py:640} INFO - Processing file /home/airflow/.local/lib/python3.7/site-packages/airflow/example_dags/example_nested_branch_dag.py for tasks to queue
[2022-10-03T01:47:14.413+0000] {logging_mixin.py:115} INFO - [2022-10-03T01:47:14.413+0000] {dagbag.py:508} INFO - Filling up the DagBag from /home/airflow/.local/lib/python3.7/site-packages/airflow/example_dags/example_nested_branch_dag.py
[2022-10-03T01:47:14.424+0000] {processor.py:650} INFO - DAG(s) dict_keys(['example_nested_branch_dag']) retrieved from /home/airflow/.local/lib/python3.7/site-packages/airflow/example_dags/example_nested_branch_dag.py
[2022-10-03T01:47:14.453+0000] {logging_mixin.py:115} INFO - [2022-10-03T01:47:14.453+0000] {dag.py:2429} INFO - Sync 1 DAGs
[2022-10-03T01:47:14.591+0000] {logging_mixin.py:115} INFO - [2022-10-03T01:47:14.591+0000] {dag.py:2981} INFO - Setting next_dagrun for example_nested_branch_dag to 2022-10-02T00:00:00+00:00, run_after=2022-10-03T00:00:00+00:00
[2022-10-03T01:47:14.607+0000] {processor.py:161} INFO - Processing /home/airflow/.local/lib/python3.7/site-packages/airflow/example_dags/example_nested_branch_dag.py took 0.199 seconds
[2022-10-03T01:47:45.265+0000] {processor.py:153} INFO - Started process (PID=2015) to work on /home/airflow/.local/lib/python3.7/site-packages/airflow/example_dags/example_nested_branch_dag.py
[2022-10-03T01:47:45.266+0000] {processor.py:640} INFO - Processing file /home/airflow/.local/lib/python3.7/site-packages/airflow/example_dags/example_nested_branch_dag.py for tasks to queue
[2022-10-03T01:47:45.266+0000] {logging_mixin.py:115} INFO - [2022-10-03T01:47:45.266+0000] {dagbag.py:508} INFO - Filling up the DagBag from /home/airflow/.local/lib/python3.7/site-packages/airflow/example_dags/example_nested_branch_dag.py
[2022-10-03T01:47:45.276+0000] {processor.py:650} INFO - DAG(s) dict_keys(['example_nested_branch_dag']) retrieved from /home/airflow/.local/lib/python3.7/site-packages/airflow/example_dags/example_nested_branch_dag.py
[2022-10-03T01:47:45.304+0000] {logging_mixin.py:115} INFO - [2022-10-03T01:47:45.303+0000] {dag.py:2429} INFO - Sync 1 DAGs
[2022-10-03T01:47:45.414+0000] {logging_mixin.py:115} INFO - [2022-10-03T01:47:45.414+0000] {dag.py:2981} INFO - Setting next_dagrun for example_nested_branch_dag to 2022-10-02T00:00:00+00:00, run_after=2022-10-03T00:00:00+00:00
[2022-10-03T01:47:45.427+0000] {processor.py:161} INFO - Processing /home/airflow/.local/lib/python3.7/site-packages/airflow/example_dags/example_nested_branch_dag.py took 0.165 seconds
[2022-10-03T01:48:16.062+0000] {processor.py:153} INFO - Started process (PID=2070) to work on /home/airflow/.local/lib/python3.7/site-packages/airflow/example_dags/example_nested_branch_dag.py
[2022-10-03T01:48:16.063+0000] {processor.py:640} INFO - Processing file /home/airflow/.local/lib/python3.7/site-packages/airflow/example_dags/example_nested_branch_dag.py for tasks to queue
[2022-10-03T01:48:16.064+0000] {logging_mixin.py:115} INFO - [2022-10-03T01:48:16.064+0000] {dagbag.py:508} INFO - Filling up the DagBag from /home/airflow/.local/lib/python3.7/site-packages/airflow/example_dags/example_nested_branch_dag.py
[2022-10-03T01:48:16.075+0000] {processor.py:650} INFO - DAG(s) dict_keys(['example_nested_branch_dag']) retrieved from /home/airflow/.local/lib/python3.7/site-packages/airflow/example_dags/example_nested_branch_dag.py
[2022-10-03T01:48:16.101+0000] {logging_mixin.py:115} INFO - [2022-10-03T01:48:16.100+0000] {dag.py:2429} INFO - Sync 1 DAGs
[2022-10-03T01:48:16.220+0000] {logging_mixin.py:115} INFO - [2022-10-03T01:48:16.220+0000] {dag.py:2981} INFO - Setting next_dagrun for example_nested_branch_dag to 2022-10-02T00:00:00+00:00, run_after=2022-10-03T00:00:00+00:00
[2022-10-03T01:48:16.233+0000] {processor.py:161} INFO - Processing /home/airflow/.local/lib/python3.7/site-packages/airflow/example_dags/example_nested_branch_dag.py took 0.174 seconds
[2022-10-03T01:48:46.798+0000] {processor.py:153} INFO - Started process (PID=2125) to work on /home/airflow/.local/lib/python3.7/site-packages/airflow/example_dags/example_nested_branch_dag.py
[2022-10-03T01:48:46.799+0000] {processor.py:640} INFO - Processing file /home/airflow/.local/lib/python3.7/site-packages/airflow/example_dags/example_nested_branch_dag.py for tasks to queue
[2022-10-03T01:48:46.800+0000] {logging_mixin.py:115} INFO - [2022-10-03T01:48:46.800+0000] {dagbag.py:508} INFO - Filling up the DagBag from /home/airflow/.local/lib/python3.7/site-packages/airflow/example_dags/example_nested_branch_dag.py
[2022-10-03T01:48:46.809+0000] {processor.py:650} INFO - DAG(s) dict_keys(['example_nested_branch_dag']) retrieved from /home/airflow/.local/lib/python3.7/site-packages/airflow/example_dags/example_nested_branch_dag.py
[2022-10-03T01:48:46.841+0000] {logging_mixin.py:115} INFO - [2022-10-03T01:48:46.841+0000] {dag.py:2429} INFO - Sync 1 DAGs
[2022-10-03T01:48:46.957+0000] {logging_mixin.py:115} INFO - [2022-10-03T01:48:46.956+0000] {dag.py:2981} INFO - Setting next_dagrun for example_nested_branch_dag to 2022-10-02T00:00:00+00:00, run_after=2022-10-03T00:00:00+00:00
[2022-10-03T01:48:46.971+0000] {processor.py:161} INFO - Processing /home/airflow/.local/lib/python3.7/site-packages/airflow/example_dags/example_nested_branch_dag.py took 0.175 seconds
[2022-10-03T01:49:17.575+0000] {processor.py:153} INFO - Started process (PID=2180) to work on /home/airflow/.local/lib/python3.7/site-packages/airflow/example_dags/example_nested_branch_dag.py
[2022-10-03T01:49:17.576+0000] {processor.py:640} INFO - Processing file /home/airflow/.local/lib/python3.7/site-packages/airflow/example_dags/example_nested_branch_dag.py for tasks to queue
[2022-10-03T01:49:17.577+0000] {logging_mixin.py:115} INFO - [2022-10-03T01:49:17.577+0000] {dagbag.py:508} INFO - Filling up the DagBag from /home/airflow/.local/lib/python3.7/site-packages/airflow/example_dags/example_nested_branch_dag.py
[2022-10-03T01:49:17.593+0000] {processor.py:650} INFO - DAG(s) dict_keys(['example_nested_branch_dag']) retrieved from /home/airflow/.local/lib/python3.7/site-packages/airflow/example_dags/example_nested_branch_dag.py
[2022-10-03T01:49:17.625+0000] {logging_mixin.py:115} INFO - [2022-10-03T01:49:17.624+0000] {dag.py:2429} INFO - Sync 1 DAGs
[2022-10-03T01:49:17.760+0000] {logging_mixin.py:115} INFO - [2022-10-03T01:49:17.760+0000] {dag.py:2981} INFO - Setting next_dagrun for example_nested_branch_dag to 2022-10-02T00:00:00+00:00, run_after=2022-10-03T00:00:00+00:00
[2022-10-03T01:49:17.777+0000] {processor.py:161} INFO - Processing /home/airflow/.local/lib/python3.7/site-packages/airflow/example_dags/example_nested_branch_dag.py took 0.205 seconds
[2022-10-03T01:52:32.946+0000] {processor.py:153} INFO - Started process (PID=71) to work on /home/airflow/.local/lib/python3.7/site-packages/airflow/example_dags/example_nested_branch_dag.py
[2022-10-03T01:52:32.947+0000] {processor.py:640} INFO - Processing file /home/airflow/.local/lib/python3.7/site-packages/airflow/example_dags/example_nested_branch_dag.py for tasks to queue
[2022-10-03T01:52:32.949+0000] {logging_mixin.py:115} INFO - [2022-10-03T01:52:32.949+0000] {dagbag.py:508} INFO - Filling up the DagBag from /home/airflow/.local/lib/python3.7/site-packages/airflow/example_dags/example_nested_branch_dag.py
[2022-10-03T01:52:32.966+0000] {processor.py:650} INFO - DAG(s) dict_keys(['example_nested_branch_dag']) retrieved from /home/airflow/.local/lib/python3.7/site-packages/airflow/example_dags/example_nested_branch_dag.py
[2022-10-03T01:52:33.007+0000] {logging_mixin.py:115} INFO - [2022-10-03T01:52:33.007+0000] {dag.py:2429} INFO - Sync 1 DAGs
[2022-10-03T01:52:33.182+0000] {logging_mixin.py:115} INFO - [2022-10-03T01:52:33.182+0000] {dag.py:2981} INFO - Setting next_dagrun for example_nested_branch_dag to 2022-10-02T00:00:00+00:00, run_after=2022-10-03T00:00:00+00:00
[2022-10-03T01:52:33.199+0000] {processor.py:161} INFO - Processing /home/airflow/.local/lib/python3.7/site-packages/airflow/example_dags/example_nested_branch_dag.py took 0.256 seconds
[2022-10-03T01:53:03.224+0000] {processor.py:153} INFO - Started process (PID=127) to work on /home/airflow/.local/lib/python3.7/site-packages/airflow/example_dags/example_nested_branch_dag.py
[2022-10-03T01:53:03.225+0000] {processor.py:640} INFO - Processing file /home/airflow/.local/lib/python3.7/site-packages/airflow/example_dags/example_nested_branch_dag.py for tasks to queue
[2022-10-03T01:53:03.226+0000] {logging_mixin.py:115} INFO - [2022-10-03T01:53:03.226+0000] {dagbag.py:508} INFO - Filling up the DagBag from /home/airflow/.local/lib/python3.7/site-packages/airflow/example_dags/example_nested_branch_dag.py
[2022-10-03T01:53:03.237+0000] {processor.py:650} INFO - DAG(s) dict_keys(['example_nested_branch_dag']) retrieved from /home/airflow/.local/lib/python3.7/site-packages/airflow/example_dags/example_nested_branch_dag.py
[2022-10-03T01:53:03.264+0000] {logging_mixin.py:115} INFO - [2022-10-03T01:53:03.264+0000] {dag.py:2429} INFO - Sync 1 DAGs
[2022-10-03T01:53:03.383+0000] {logging_mixin.py:115} INFO - [2022-10-03T01:53:03.383+0000] {dag.py:2981} INFO - Setting next_dagrun for example_nested_branch_dag to 2022-10-02T00:00:00+00:00, run_after=2022-10-03T00:00:00+00:00
[2022-10-03T01:53:03.397+0000] {processor.py:161} INFO - Processing /home/airflow/.local/lib/python3.7/site-packages/airflow/example_dags/example_nested_branch_dag.py took 0.176 seconds
[2022-10-03T01:53:34.055+0000] {processor.py:153} INFO - Started process (PID=182) to work on /home/airflow/.local/lib/python3.7/site-packages/airflow/example_dags/example_nested_branch_dag.py
[2022-10-03T01:53:34.056+0000] {processor.py:640} INFO - Processing file /home/airflow/.local/lib/python3.7/site-packages/airflow/example_dags/example_nested_branch_dag.py for tasks to queue
[2022-10-03T01:53:34.057+0000] {logging_mixin.py:115} INFO - [2022-10-03T01:53:34.057+0000] {dagbag.py:508} INFO - Filling up the DagBag from /home/airflow/.local/lib/python3.7/site-packages/airflow/example_dags/example_nested_branch_dag.py
[2022-10-03T01:53:34.065+0000] {processor.py:650} INFO - DAG(s) dict_keys(['example_nested_branch_dag']) retrieved from /home/airflow/.local/lib/python3.7/site-packages/airflow/example_dags/example_nested_branch_dag.py
[2022-10-03T01:53:34.090+0000] {logging_mixin.py:115} INFO - [2022-10-03T01:53:34.090+0000] {dag.py:2429} INFO - Sync 1 DAGs
[2022-10-03T01:53:34.207+0000] {logging_mixin.py:115} INFO - [2022-10-03T01:53:34.207+0000] {dag.py:2981} INFO - Setting next_dagrun for example_nested_branch_dag to 2022-10-02T00:00:00+00:00, run_after=2022-10-03T00:00:00+00:00
[2022-10-03T01:53:34.224+0000] {processor.py:161} INFO - Processing /home/airflow/.local/lib/python3.7/site-packages/airflow/example_dags/example_nested_branch_dag.py took 0.171 seconds
[2022-10-03T01:54:04.906+0000] {processor.py:153} INFO - Started process (PID=237) to work on /home/airflow/.local/lib/python3.7/site-packages/airflow/example_dags/example_nested_branch_dag.py
[2022-10-03T01:54:04.907+0000] {processor.py:640} INFO - Processing file /home/airflow/.local/lib/python3.7/site-packages/airflow/example_dags/example_nested_branch_dag.py for tasks to queue
[2022-10-03T01:54:04.908+0000] {logging_mixin.py:115} INFO - [2022-10-03T01:54:04.908+0000] {dagbag.py:508} INFO - Filling up the DagBag from /home/airflow/.local/lib/python3.7/site-packages/airflow/example_dags/example_nested_branch_dag.py
[2022-10-03T01:54:04.921+0000] {processor.py:650} INFO - DAG(s) dict_keys(['example_nested_branch_dag']) retrieved from /home/airflow/.local/lib/python3.7/site-packages/airflow/example_dags/example_nested_branch_dag.py
[2022-10-03T01:54:04.949+0000] {logging_mixin.py:115} INFO - [2022-10-03T01:54:04.949+0000] {dag.py:2429} INFO - Sync 1 DAGs
[2022-10-03T01:54:05.074+0000] {logging_mixin.py:115} INFO - [2022-10-03T01:54:05.074+0000] {dag.py:2981} INFO - Setting next_dagrun for example_nested_branch_dag to 2022-10-02T00:00:00+00:00, run_after=2022-10-03T00:00:00+00:00
[2022-10-03T01:54:05.090+0000] {processor.py:161} INFO - Processing /home/airflow/.local/lib/python3.7/site-packages/airflow/example_dags/example_nested_branch_dag.py took 0.187 seconds
[2022-10-03T01:54:36.037+0000] {processor.py:153} INFO - Started process (PID=293) to work on /home/airflow/.local/lib/python3.7/site-packages/airflow/example_dags/example_nested_branch_dag.py
[2022-10-03T01:54:36.038+0000] {processor.py:640} INFO - Processing file /home/airflow/.local/lib/python3.7/site-packages/airflow/example_dags/example_nested_branch_dag.py for tasks to queue
[2022-10-03T01:54:36.039+0000] {logging_mixin.py:115} INFO - [2022-10-03T01:54:36.038+0000] {dagbag.py:508} INFO - Filling up the DagBag from /home/airflow/.local/lib/python3.7/site-packages/airflow/example_dags/example_nested_branch_dag.py
[2022-10-03T01:54:36.047+0000] {processor.py:650} INFO - DAG(s) dict_keys(['example_nested_branch_dag']) retrieved from /home/airflow/.local/lib/python3.7/site-packages/airflow/example_dags/example_nested_branch_dag.py
[2022-10-03T01:54:36.073+0000] {logging_mixin.py:115} INFO - [2022-10-03T01:54:36.072+0000] {dag.py:2429} INFO - Sync 1 DAGs
[2022-10-03T01:54:36.192+0000] {logging_mixin.py:115} INFO - [2022-10-03T01:54:36.192+0000] {dag.py:2981} INFO - Setting next_dagrun for example_nested_branch_dag to 2022-10-02T00:00:00+00:00, run_after=2022-10-03T00:00:00+00:00
[2022-10-03T01:54:36.206+0000] {processor.py:161} INFO - Processing /home/airflow/.local/lib/python3.7/site-packages/airflow/example_dags/example_nested_branch_dag.py took 0.171 seconds
[2022-10-03T01:55:06.361+0000] {processor.py:153} INFO - Started process (PID=348) to work on /home/airflow/.local/lib/python3.7/site-packages/airflow/example_dags/example_nested_branch_dag.py
[2022-10-03T01:55:06.362+0000] {processor.py:640} INFO - Processing file /home/airflow/.local/lib/python3.7/site-packages/airflow/example_dags/example_nested_branch_dag.py for tasks to queue
[2022-10-03T01:55:06.364+0000] {logging_mixin.py:115} INFO - [2022-10-03T01:55:06.363+0000] {dagbag.py:508} INFO - Filling up the DagBag from /home/airflow/.local/lib/python3.7/site-packages/airflow/example_dags/example_nested_branch_dag.py
[2022-10-03T01:55:06.375+0000] {processor.py:650} INFO - DAG(s) dict_keys(['example_nested_branch_dag']) retrieved from /home/airflow/.local/lib/python3.7/site-packages/airflow/example_dags/example_nested_branch_dag.py
[2022-10-03T01:55:06.407+0000] {logging_mixin.py:115} INFO - [2022-10-03T01:55:06.407+0000] {dag.py:2429} INFO - Sync 1 DAGs
[2022-10-03T01:55:06.546+0000] {logging_mixin.py:115} INFO - [2022-10-03T01:55:06.546+0000] {dag.py:2981} INFO - Setting next_dagrun for example_nested_branch_dag to 2022-10-02T00:00:00+00:00, run_after=2022-10-03T00:00:00+00:00
[2022-10-03T01:55:06.559+0000] {processor.py:161} INFO - Processing /home/airflow/.local/lib/python3.7/site-packages/airflow/example_dags/example_nested_branch_dag.py took 0.201 seconds
[2022-10-03T01:55:37.044+0000] {processor.py:153} INFO - Started process (PID=403) to work on /home/airflow/.local/lib/python3.7/site-packages/airflow/example_dags/example_nested_branch_dag.py
[2022-10-03T01:55:37.044+0000] {processor.py:640} INFO - Processing file /home/airflow/.local/lib/python3.7/site-packages/airflow/example_dags/example_nested_branch_dag.py for tasks to queue
[2022-10-03T01:55:37.046+0000] {logging_mixin.py:115} INFO - [2022-10-03T01:55:37.045+0000] {dagbag.py:508} INFO - Filling up the DagBag from /home/airflow/.local/lib/python3.7/site-packages/airflow/example_dags/example_nested_branch_dag.py
[2022-10-03T01:55:37.057+0000] {processor.py:650} INFO - DAG(s) dict_keys(['example_nested_branch_dag']) retrieved from /home/airflow/.local/lib/python3.7/site-packages/airflow/example_dags/example_nested_branch_dag.py
[2022-10-03T01:55:37.090+0000] {logging_mixin.py:115} INFO - [2022-10-03T01:55:37.090+0000] {dag.py:2429} INFO - Sync 1 DAGs
[2022-10-03T01:55:37.212+0000] {logging_mixin.py:115} INFO - [2022-10-03T01:55:37.212+0000] {dag.py:2981} INFO - Setting next_dagrun for example_nested_branch_dag to 2022-10-02T00:00:00+00:00, run_after=2022-10-03T00:00:00+00:00
[2022-10-03T01:55:37.226+0000] {processor.py:161} INFO - Processing /home/airflow/.local/lib/python3.7/site-packages/airflow/example_dags/example_nested_branch_dag.py took 0.185 seconds
[2022-10-03T01:56:07.710+0000] {processor.py:153} INFO - Started process (PID=458) to work on /home/airflow/.local/lib/python3.7/site-packages/airflow/example_dags/example_nested_branch_dag.py
[2022-10-03T01:56:07.711+0000] {processor.py:640} INFO - Processing file /home/airflow/.local/lib/python3.7/site-packages/airflow/example_dags/example_nested_branch_dag.py for tasks to queue
[2022-10-03T01:56:07.713+0000] {logging_mixin.py:115} INFO - [2022-10-03T01:56:07.713+0000] {dagbag.py:508} INFO - Filling up the DagBag from /home/airflow/.local/lib/python3.7/site-packages/airflow/example_dags/example_nested_branch_dag.py
[2022-10-03T01:56:07.724+0000] {processor.py:650} INFO - DAG(s) dict_keys(['example_nested_branch_dag']) retrieved from /home/airflow/.local/lib/python3.7/site-packages/airflow/example_dags/example_nested_branch_dag.py
[2022-10-03T01:56:07.750+0000] {logging_mixin.py:115} INFO - [2022-10-03T01:56:07.749+0000] {dag.py:2429} INFO - Sync 1 DAGs
[2022-10-03T01:56:07.872+0000] {logging_mixin.py:115} INFO - [2022-10-03T01:56:07.872+0000] {dag.py:2981} INFO - Setting next_dagrun for example_nested_branch_dag to 2022-10-02T00:00:00+00:00, run_after=2022-10-03T00:00:00+00:00
[2022-10-03T01:56:07.884+0000] {processor.py:161} INFO - Processing /home/airflow/.local/lib/python3.7/site-packages/airflow/example_dags/example_nested_branch_dag.py took 0.178 seconds
[2022-10-03T01:56:38.488+0000] {processor.py:153} INFO - Started process (PID=513) to work on /home/airflow/.local/lib/python3.7/site-packages/airflow/example_dags/example_nested_branch_dag.py
[2022-10-03T01:56:38.489+0000] {processor.py:640} INFO - Processing file /home/airflow/.local/lib/python3.7/site-packages/airflow/example_dags/example_nested_branch_dag.py for tasks to queue
[2022-10-03T01:56:38.490+0000] {logging_mixin.py:115} INFO - [2022-10-03T01:56:38.490+0000] {dagbag.py:508} INFO - Filling up the DagBag from /home/airflow/.local/lib/python3.7/site-packages/airflow/example_dags/example_nested_branch_dag.py
[2022-10-03T01:56:38.503+0000] {processor.py:650} INFO - DAG(s) dict_keys(['example_nested_branch_dag']) retrieved from /home/airflow/.local/lib/python3.7/site-packages/airflow/example_dags/example_nested_branch_dag.py
[2022-10-03T01:56:38.530+0000] {logging_mixin.py:115} INFO - [2022-10-03T01:56:38.530+0000] {dag.py:2429} INFO - Sync 1 DAGs
[2022-10-03T01:56:38.656+0000] {logging_mixin.py:115} INFO - [2022-10-03T01:56:38.656+0000] {dag.py:2981} INFO - Setting next_dagrun for example_nested_branch_dag to 2022-10-02T00:00:00+00:00, run_after=2022-10-03T00:00:00+00:00
[2022-10-03T01:56:38.669+0000] {processor.py:161} INFO - Processing /home/airflow/.local/lib/python3.7/site-packages/airflow/example_dags/example_nested_branch_dag.py took 0.183 seconds
[2022-10-03T01:57:08.946+0000] {processor.py:153} INFO - Started process (PID=568) to work on /home/airflow/.local/lib/python3.7/site-packages/airflow/example_dags/example_nested_branch_dag.py
[2022-10-03T01:57:08.947+0000] {processor.py:640} INFO - Processing file /home/airflow/.local/lib/python3.7/site-packages/airflow/example_dags/example_nested_branch_dag.py for tasks to queue
[2022-10-03T01:57:08.948+0000] {logging_mixin.py:115} INFO - [2022-10-03T01:57:08.948+0000] {dagbag.py:508} INFO - Filling up the DagBag from /home/airflow/.local/lib/python3.7/site-packages/airflow/example_dags/example_nested_branch_dag.py
[2022-10-03T01:57:08.957+0000] {processor.py:650} INFO - DAG(s) dict_keys(['example_nested_branch_dag']) retrieved from /home/airflow/.local/lib/python3.7/site-packages/airflow/example_dags/example_nested_branch_dag.py
[2022-10-03T01:57:08.982+0000] {logging_mixin.py:115} INFO - [2022-10-03T01:57:08.982+0000] {dag.py:2429} INFO - Sync 1 DAGs
[2022-10-03T01:57:09.101+0000] {logging_mixin.py:115} INFO - [2022-10-03T01:57:09.101+0000] {dag.py:2981} INFO - Setting next_dagrun for example_nested_branch_dag to 2022-10-02T00:00:00+00:00, run_after=2022-10-03T00:00:00+00:00
[2022-10-03T01:57:09.113+0000] {processor.py:161} INFO - Processing /home/airflow/.local/lib/python3.7/site-packages/airflow/example_dags/example_nested_branch_dag.py took 0.172 seconds
[2022-10-03T01:57:39.513+0000] {processor.py:153} INFO - Started process (PID=623) to work on /home/airflow/.local/lib/python3.7/site-packages/airflow/example_dags/example_nested_branch_dag.py
[2022-10-03T01:57:39.514+0000] {processor.py:640} INFO - Processing file /home/airflow/.local/lib/python3.7/site-packages/airflow/example_dags/example_nested_branch_dag.py for tasks to queue
[2022-10-03T01:57:39.515+0000] {logging_mixin.py:115} INFO - [2022-10-03T01:57:39.515+0000] {dagbag.py:508} INFO - Filling up the DagBag from /home/airflow/.local/lib/python3.7/site-packages/airflow/example_dags/example_nested_branch_dag.py
[2022-10-03T01:57:39.523+0000] {processor.py:650} INFO - DAG(s) dict_keys(['example_nested_branch_dag']) retrieved from /home/airflow/.local/lib/python3.7/site-packages/airflow/example_dags/example_nested_branch_dag.py
[2022-10-03T01:57:39.548+0000] {logging_mixin.py:115} INFO - [2022-10-03T01:57:39.548+0000] {dag.py:2429} INFO - Sync 1 DAGs
[2022-10-03T01:57:39.667+0000] {logging_mixin.py:115} INFO - [2022-10-03T01:57:39.667+0000] {dag.py:2981} INFO - Setting next_dagrun for example_nested_branch_dag to 2022-10-02T00:00:00+00:00, run_after=2022-10-03T00:00:00+00:00
[2022-10-03T01:57:39.682+0000] {processor.py:161} INFO - Processing /home/airflow/.local/lib/python3.7/site-packages/airflow/example_dags/example_nested_branch_dag.py took 0.172 seconds
[2022-10-03T01:58:10.265+0000] {processor.py:153} INFO - Started process (PID=678) to work on /home/airflow/.local/lib/python3.7/site-packages/airflow/example_dags/example_nested_branch_dag.py
[2022-10-03T01:58:10.267+0000] {processor.py:640} INFO - Processing file /home/airflow/.local/lib/python3.7/site-packages/airflow/example_dags/example_nested_branch_dag.py for tasks to queue
[2022-10-03T01:58:10.268+0000] {logging_mixin.py:115} INFO - [2022-10-03T01:58:10.268+0000] {dagbag.py:508} INFO - Filling up the DagBag from /home/airflow/.local/lib/python3.7/site-packages/airflow/example_dags/example_nested_branch_dag.py
[2022-10-03T01:58:10.278+0000] {processor.py:650} INFO - DAG(s) dict_keys(['example_nested_branch_dag']) retrieved from /home/airflow/.local/lib/python3.7/site-packages/airflow/example_dags/example_nested_branch_dag.py
[2022-10-03T01:58:10.312+0000] {logging_mixin.py:115} INFO - [2022-10-03T01:58:10.311+0000] {dag.py:2429} INFO - Sync 1 DAGs
[2022-10-03T01:58:10.450+0000] {logging_mixin.py:115} INFO - [2022-10-03T01:58:10.450+0000] {dag.py:2981} INFO - Setting next_dagrun for example_nested_branch_dag to 2022-10-02T00:00:00+00:00, run_after=2022-10-03T00:00:00+00:00
[2022-10-03T01:58:10.464+0000] {processor.py:161} INFO - Processing /home/airflow/.local/lib/python3.7/site-packages/airflow/example_dags/example_nested_branch_dag.py took 0.202 seconds
[2022-10-03T01:58:40.601+0000] {processor.py:153} INFO - Started process (PID=733) to work on /home/airflow/.local/lib/python3.7/site-packages/airflow/example_dags/example_nested_branch_dag.py
[2022-10-03T01:58:40.602+0000] {processor.py:640} INFO - Processing file /home/airflow/.local/lib/python3.7/site-packages/airflow/example_dags/example_nested_branch_dag.py for tasks to queue
[2022-10-03T01:58:40.604+0000] {logging_mixin.py:115} INFO - [2022-10-03T01:58:40.603+0000] {dagbag.py:508} INFO - Filling up the DagBag from /home/airflow/.local/lib/python3.7/site-packages/airflow/example_dags/example_nested_branch_dag.py
[2022-10-03T01:58:40.613+0000] {processor.py:650} INFO - DAG(s) dict_keys(['example_nested_branch_dag']) retrieved from /home/airflow/.local/lib/python3.7/site-packages/airflow/example_dags/example_nested_branch_dag.py
[2022-10-03T01:58:40.641+0000] {logging_mixin.py:115} INFO - [2022-10-03T01:58:40.641+0000] {dag.py:2429} INFO - Sync 1 DAGs
[2022-10-03T01:58:40.758+0000] {logging_mixin.py:115} INFO - [2022-10-03T01:58:40.758+0000] {dag.py:2981} INFO - Setting next_dagrun for example_nested_branch_dag to 2022-10-02T00:00:00+00:00, run_after=2022-10-03T00:00:00+00:00
[2022-10-03T01:58:40.772+0000] {processor.py:161} INFO - Processing /home/airflow/.local/lib/python3.7/site-packages/airflow/example_dags/example_nested_branch_dag.py took 0.175 seconds
[2022-10-03T01:59:11.332+0000] {processor.py:153} INFO - Started process (PID=788) to work on /home/airflow/.local/lib/python3.7/site-packages/airflow/example_dags/example_nested_branch_dag.py
[2022-10-03T01:59:11.333+0000] {processor.py:640} INFO - Processing file /home/airflow/.local/lib/python3.7/site-packages/airflow/example_dags/example_nested_branch_dag.py for tasks to queue
[2022-10-03T01:59:11.334+0000] {logging_mixin.py:115} INFO - [2022-10-03T01:59:11.334+0000] {dagbag.py:508} INFO - Filling up the DagBag from /home/airflow/.local/lib/python3.7/site-packages/airflow/example_dags/example_nested_branch_dag.py
[2022-10-03T01:59:11.343+0000] {processor.py:650} INFO - DAG(s) dict_keys(['example_nested_branch_dag']) retrieved from /home/airflow/.local/lib/python3.7/site-packages/airflow/example_dags/example_nested_branch_dag.py
[2022-10-03T01:59:11.366+0000] {logging_mixin.py:115} INFO - [2022-10-03T01:59:11.366+0000] {dag.py:2429} INFO - Sync 1 DAGs
[2022-10-03T01:59:11.495+0000] {logging_mixin.py:115} INFO - [2022-10-03T01:59:11.494+0000] {dag.py:2981} INFO - Setting next_dagrun for example_nested_branch_dag to 2022-10-02T00:00:00+00:00, run_after=2022-10-03T00:00:00+00:00
[2022-10-03T01:59:11.510+0000] {processor.py:161} INFO - Processing /home/airflow/.local/lib/python3.7/site-packages/airflow/example_dags/example_nested_branch_dag.py took 0.181 seconds
[2022-10-03T01:59:42.108+0000] {processor.py:153} INFO - Started process (PID=844) to work on /home/airflow/.local/lib/python3.7/site-packages/airflow/example_dags/example_nested_branch_dag.py
[2022-10-03T01:59:42.109+0000] {processor.py:640} INFO - Processing file /home/airflow/.local/lib/python3.7/site-packages/airflow/example_dags/example_nested_branch_dag.py for tasks to queue
[2022-10-03T01:59:42.110+0000] {logging_mixin.py:115} INFO - [2022-10-03T01:59:42.110+0000] {dagbag.py:508} INFO - Filling up the DagBag from /home/airflow/.local/lib/python3.7/site-packages/airflow/example_dags/example_nested_branch_dag.py
[2022-10-03T01:59:42.119+0000] {processor.py:650} INFO - DAG(s) dict_keys(['example_nested_branch_dag']) retrieved from /home/airflow/.local/lib/python3.7/site-packages/airflow/example_dags/example_nested_branch_dag.py
[2022-10-03T01:59:42.142+0000] {logging_mixin.py:115} INFO - [2022-10-03T01:59:42.142+0000] {dag.py:2429} INFO - Sync 1 DAGs
[2022-10-03T01:59:42.258+0000] {logging_mixin.py:115} INFO - [2022-10-03T01:59:42.258+0000] {dag.py:2981} INFO - Setting next_dagrun for example_nested_branch_dag to 2022-10-02T00:00:00+00:00, run_after=2022-10-03T00:00:00+00:00
[2022-10-03T01:59:42.272+0000] {processor.py:161} INFO - Processing /home/airflow/.local/lib/python3.7/site-packages/airflow/example_dags/example_nested_branch_dag.py took 0.166 seconds
