[2022-10-03T01:29:49.548+0000] {processor.py:153} INFO - Started process (PID=71) to work on /home/airflow/.local/lib/python3.7/site-packages/airflow/example_dags/example_time_delta_sensor_async.py
[2022-10-03T01:29:49.549+0000] {processor.py:640} INFO - Processing file /home/airflow/.local/lib/python3.7/site-packages/airflow/example_dags/example_time_delta_sensor_async.py for tasks to queue
[2022-10-03T01:29:49.550+0000] {logging_mixin.py:115} INFO - [2022-10-03T01:29:49.549+0000] {dagbag.py:508} INFO - Filling up the DagBag from /home/airflow/.local/lib/python3.7/site-packages/airflow/example_dags/example_time_delta_sensor_async.py
[2022-10-03T01:29:49.557+0000] {processor.py:650} INFO - DAG(s) dict_keys(['example_time_delta_sensor_async']) retrieved from /home/airflow/.local/lib/python3.7/site-packages/airflow/example_dags/example_time_delta_sensor_async.py
[2022-10-03T01:29:49.970+0000] {logging_mixin.py:115} INFO - [2022-10-03T01:29:49.970+0000] {manager.py:508} INFO - Created Permission View: can edit on DAG:example_time_delta_sensor_async
[2022-10-03T01:29:49.989+0000] {logging_mixin.py:115} INFO - [2022-10-03T01:29:49.989+0000] {manager.py:508} INFO - Created Permission View: can read on DAG:example_time_delta_sensor_async
[2022-10-03T01:29:50.000+0000] {logging_mixin.py:115} INFO - [2022-10-03T01:29:50.000+0000] {manager.py:508} INFO - Created Permission View: can delete on DAG:example_time_delta_sensor_async
[2022-10-03T01:29:50.001+0000] {logging_mixin.py:115} INFO - [2022-10-03T01:29:50.001+0000] {dag.py:2429} INFO - Sync 1 DAGs
[2022-10-03T01:29:50.015+0000] {logging_mixin.py:115} INFO - [2022-10-03T01:29:50.014+0000] {dag.py:2448} INFO - Creating ORM DAG for example_time_delta_sensor_async
[2022-10-03T01:29:50.030+0000] {logging_mixin.py:115} INFO - [2022-10-03T01:29:50.030+0000] {dag.py:2981} INFO - Setting next_dagrun for example_time_delta_sensor_async to None, run_after=None
[2022-10-03T01:29:50.059+0000] {processor.py:161} INFO - Processing /home/airflow/.local/lib/python3.7/site-packages/airflow/example_dags/example_time_delta_sensor_async.py took 0.514 seconds
[2022-10-03T01:30:20.619+0000] {processor.py:153} INFO - Started process (PID=126) to work on /home/airflow/.local/lib/python3.7/site-packages/airflow/example_dags/example_time_delta_sensor_async.py
[2022-10-03T01:30:20.620+0000] {processor.py:640} INFO - Processing file /home/airflow/.local/lib/python3.7/site-packages/airflow/example_dags/example_time_delta_sensor_async.py for tasks to queue
[2022-10-03T01:30:20.621+0000] {logging_mixin.py:115} INFO - [2022-10-03T01:30:20.621+0000] {dagbag.py:508} INFO - Filling up the DagBag from /home/airflow/.local/lib/python3.7/site-packages/airflow/example_dags/example_time_delta_sensor_async.py
[2022-10-03T01:30:20.626+0000] {processor.py:650} INFO - DAG(s) dict_keys(['example_time_delta_sensor_async']) retrieved from /home/airflow/.local/lib/python3.7/site-packages/airflow/example_dags/example_time_delta_sensor_async.py
[2022-10-03T01:30:20.900+0000] {logging_mixin.py:115} INFO - [2022-10-03T01:30:20.900+0000] {dag.py:2429} INFO - Sync 1 DAGs
[2022-10-03T01:30:20.920+0000] {logging_mixin.py:115} INFO - [2022-10-03T01:30:20.920+0000] {dag.py:2981} INFO - Setting next_dagrun for example_time_delta_sensor_async to None, run_after=None
[2022-10-03T01:30:20.934+0000] {processor.py:161} INFO - Processing /home/airflow/.local/lib/python3.7/site-packages/airflow/example_dags/example_time_delta_sensor_async.py took 0.317 seconds
[2022-10-03T01:30:51.297+0000] {processor.py:153} INFO - Started process (PID=181) to work on /home/airflow/.local/lib/python3.7/site-packages/airflow/example_dags/example_time_delta_sensor_async.py
[2022-10-03T01:30:51.298+0000] {processor.py:640} INFO - Processing file /home/airflow/.local/lib/python3.7/site-packages/airflow/example_dags/example_time_delta_sensor_async.py for tasks to queue
[2022-10-03T01:30:51.299+0000] {logging_mixin.py:115} INFO - [2022-10-03T01:30:51.299+0000] {dagbag.py:508} INFO - Filling up the DagBag from /home/airflow/.local/lib/python3.7/site-packages/airflow/example_dags/example_time_delta_sensor_async.py
[2022-10-03T01:30:51.304+0000] {processor.py:650} INFO - DAG(s) dict_keys(['example_time_delta_sensor_async']) retrieved from /home/airflow/.local/lib/python3.7/site-packages/airflow/example_dags/example_time_delta_sensor_async.py
[2022-10-03T01:30:51.618+0000] {logging_mixin.py:115} INFO - [2022-10-03T01:30:51.618+0000] {dag.py:2429} INFO - Sync 1 DAGs
[2022-10-03T01:30:51.636+0000] {logging_mixin.py:115} INFO - [2022-10-03T01:30:51.636+0000] {dag.py:2981} INFO - Setting next_dagrun for example_time_delta_sensor_async to None, run_after=None
[2022-10-03T01:30:51.648+0000] {processor.py:161} INFO - Processing /home/airflow/.local/lib/python3.7/site-packages/airflow/example_dags/example_time_delta_sensor_async.py took 0.354 seconds
[2022-10-03T01:31:22.056+0000] {processor.py:153} INFO - Started process (PID=236) to work on /home/airflow/.local/lib/python3.7/site-packages/airflow/example_dags/example_time_delta_sensor_async.py
[2022-10-03T01:31:22.057+0000] {processor.py:640} INFO - Processing file /home/airflow/.local/lib/python3.7/site-packages/airflow/example_dags/example_time_delta_sensor_async.py for tasks to queue
[2022-10-03T01:31:22.058+0000] {logging_mixin.py:115} INFO - [2022-10-03T01:31:22.058+0000] {dagbag.py:508} INFO - Filling up the DagBag from /home/airflow/.local/lib/python3.7/site-packages/airflow/example_dags/example_time_delta_sensor_async.py
[2022-10-03T01:31:22.064+0000] {processor.py:650} INFO - DAG(s) dict_keys(['example_time_delta_sensor_async']) retrieved from /home/airflow/.local/lib/python3.7/site-packages/airflow/example_dags/example_time_delta_sensor_async.py
[2022-10-03T01:31:22.343+0000] {logging_mixin.py:115} INFO - [2022-10-03T01:31:22.343+0000] {dag.py:2429} INFO - Sync 1 DAGs
[2022-10-03T01:31:22.370+0000] {logging_mixin.py:115} INFO - [2022-10-03T01:31:22.370+0000] {dag.py:2981} INFO - Setting next_dagrun for example_time_delta_sensor_async to None, run_after=None
[2022-10-03T01:31:22.386+0000] {processor.py:161} INFO - Processing /home/airflow/.local/lib/python3.7/site-packages/airflow/example_dags/example_time_delta_sensor_async.py took 0.333 seconds
[2022-10-03T01:31:52.780+0000] {processor.py:153} INFO - Started process (PID=292) to work on /home/airflow/.local/lib/python3.7/site-packages/airflow/example_dags/example_time_delta_sensor_async.py
[2022-10-03T01:31:52.781+0000] {processor.py:640} INFO - Processing file /home/airflow/.local/lib/python3.7/site-packages/airflow/example_dags/example_time_delta_sensor_async.py for tasks to queue
[2022-10-03T01:31:52.782+0000] {logging_mixin.py:115} INFO - [2022-10-03T01:31:52.782+0000] {dagbag.py:508} INFO - Filling up the DagBag from /home/airflow/.local/lib/python3.7/site-packages/airflow/example_dags/example_time_delta_sensor_async.py
[2022-10-03T01:31:52.788+0000] {processor.py:650} INFO - DAG(s) dict_keys(['example_time_delta_sensor_async']) retrieved from /home/airflow/.local/lib/python3.7/site-packages/airflow/example_dags/example_time_delta_sensor_async.py
[2022-10-03T01:31:53.057+0000] {logging_mixin.py:115} INFO - [2022-10-03T01:31:53.057+0000] {dag.py:2429} INFO - Sync 1 DAGs
[2022-10-03T01:31:53.079+0000] {logging_mixin.py:115} INFO - [2022-10-03T01:31:53.079+0000] {dag.py:2981} INFO - Setting next_dagrun for example_time_delta_sensor_async to None, run_after=None
[2022-10-03T01:31:53.095+0000] {processor.py:161} INFO - Processing /home/airflow/.local/lib/python3.7/site-packages/airflow/example_dags/example_time_delta_sensor_async.py took 0.316 seconds
[2022-10-03T01:32:23.509+0000] {processor.py:153} INFO - Started process (PID=347) to work on /home/airflow/.local/lib/python3.7/site-packages/airflow/example_dags/example_time_delta_sensor_async.py
[2022-10-03T01:32:23.510+0000] {processor.py:640} INFO - Processing file /home/airflow/.local/lib/python3.7/site-packages/airflow/example_dags/example_time_delta_sensor_async.py for tasks to queue
[2022-10-03T01:32:23.511+0000] {logging_mixin.py:115} INFO - [2022-10-03T01:32:23.511+0000] {dagbag.py:508} INFO - Filling up the DagBag from /home/airflow/.local/lib/python3.7/site-packages/airflow/example_dags/example_time_delta_sensor_async.py
[2022-10-03T01:32:23.517+0000] {processor.py:650} INFO - DAG(s) dict_keys(['example_time_delta_sensor_async']) retrieved from /home/airflow/.local/lib/python3.7/site-packages/airflow/example_dags/example_time_delta_sensor_async.py
[2022-10-03T01:32:23.865+0000] {logging_mixin.py:115} INFO - [2022-10-03T01:32:23.864+0000] {dag.py:2429} INFO - Sync 1 DAGs
[2022-10-03T01:32:23.884+0000] {logging_mixin.py:115} INFO - [2022-10-03T01:32:23.884+0000] {dag.py:2981} INFO - Setting next_dagrun for example_time_delta_sensor_async to None, run_after=None
[2022-10-03T01:32:23.898+0000] {processor.py:161} INFO - Processing /home/airflow/.local/lib/python3.7/site-packages/airflow/example_dags/example_time_delta_sensor_async.py took 0.392 seconds
[2022-10-03T01:32:54.436+0000] {processor.py:153} INFO - Started process (PID=402) to work on /home/airflow/.local/lib/python3.7/site-packages/airflow/example_dags/example_time_delta_sensor_async.py
[2022-10-03T01:32:54.437+0000] {processor.py:640} INFO - Processing file /home/airflow/.local/lib/python3.7/site-packages/airflow/example_dags/example_time_delta_sensor_async.py for tasks to queue
[2022-10-03T01:32:54.438+0000] {logging_mixin.py:115} INFO - [2022-10-03T01:32:54.438+0000] {dagbag.py:508} INFO - Filling up the DagBag from /home/airflow/.local/lib/python3.7/site-packages/airflow/example_dags/example_time_delta_sensor_async.py
[2022-10-03T01:32:54.443+0000] {processor.py:650} INFO - DAG(s) dict_keys(['example_time_delta_sensor_async']) retrieved from /home/airflow/.local/lib/python3.7/site-packages/airflow/example_dags/example_time_delta_sensor_async.py
[2022-10-03T01:32:54.726+0000] {logging_mixin.py:115} INFO - [2022-10-03T01:32:54.726+0000] {dag.py:2429} INFO - Sync 1 DAGs
[2022-10-03T01:32:54.745+0000] {logging_mixin.py:115} INFO - [2022-10-03T01:32:54.745+0000] {dag.py:2981} INFO - Setting next_dagrun for example_time_delta_sensor_async to None, run_after=None
[2022-10-03T01:32:54.758+0000] {processor.py:161} INFO - Processing /home/airflow/.local/lib/python3.7/site-packages/airflow/example_dags/example_time_delta_sensor_async.py took 0.324 seconds
[2022-10-03T01:33:25.166+0000] {processor.py:153} INFO - Started process (PID=457) to work on /home/airflow/.local/lib/python3.7/site-packages/airflow/example_dags/example_time_delta_sensor_async.py
[2022-10-03T01:33:25.167+0000] {processor.py:640} INFO - Processing file /home/airflow/.local/lib/python3.7/site-packages/airflow/example_dags/example_time_delta_sensor_async.py for tasks to queue
[2022-10-03T01:33:25.168+0000] {logging_mixin.py:115} INFO - [2022-10-03T01:33:25.167+0000] {dagbag.py:508} INFO - Filling up the DagBag from /home/airflow/.local/lib/python3.7/site-packages/airflow/example_dags/example_time_delta_sensor_async.py
[2022-10-03T01:33:25.172+0000] {processor.py:650} INFO - DAG(s) dict_keys(['example_time_delta_sensor_async']) retrieved from /home/airflow/.local/lib/python3.7/site-packages/airflow/example_dags/example_time_delta_sensor_async.py
[2022-10-03T01:33:25.448+0000] {logging_mixin.py:115} INFO - [2022-10-03T01:33:25.448+0000] {dag.py:2429} INFO - Sync 1 DAGs
[2022-10-03T01:33:25.470+0000] {logging_mixin.py:115} INFO - [2022-10-03T01:33:25.470+0000] {dag.py:2981} INFO - Setting next_dagrun for example_time_delta_sensor_async to None, run_after=None
[2022-10-03T01:33:25.484+0000] {processor.py:161} INFO - Processing /home/airflow/.local/lib/python3.7/site-packages/airflow/example_dags/example_time_delta_sensor_async.py took 0.321 seconds
[2022-10-03T01:33:55.909+0000] {processor.py:153} INFO - Started process (PID=512) to work on /home/airflow/.local/lib/python3.7/site-packages/airflow/example_dags/example_time_delta_sensor_async.py
[2022-10-03T01:33:55.910+0000] {processor.py:640} INFO - Processing file /home/airflow/.local/lib/python3.7/site-packages/airflow/example_dags/example_time_delta_sensor_async.py for tasks to queue
[2022-10-03T01:33:55.911+0000] {logging_mixin.py:115} INFO - [2022-10-03T01:33:55.911+0000] {dagbag.py:508} INFO - Filling up the DagBag from /home/airflow/.local/lib/python3.7/site-packages/airflow/example_dags/example_time_delta_sensor_async.py
[2022-10-03T01:33:55.916+0000] {processor.py:650} INFO - DAG(s) dict_keys(['example_time_delta_sensor_async']) retrieved from /home/airflow/.local/lib/python3.7/site-packages/airflow/example_dags/example_time_delta_sensor_async.py
[2022-10-03T01:33:56.210+0000] {logging_mixin.py:115} INFO - [2022-10-03T01:33:56.210+0000] {dag.py:2429} INFO - Sync 1 DAGs
[2022-10-03T01:33:56.230+0000] {logging_mixin.py:115} INFO - [2022-10-03T01:33:56.230+0000] {dag.py:2981} INFO - Setting next_dagrun for example_time_delta_sensor_async to None, run_after=None
[2022-10-03T01:33:56.243+0000] {processor.py:161} INFO - Processing /home/airflow/.local/lib/python3.7/site-packages/airflow/example_dags/example_time_delta_sensor_async.py took 0.337 seconds
[2022-10-03T01:34:26.643+0000] {processor.py:153} INFO - Started process (PID=567) to work on /home/airflow/.local/lib/python3.7/site-packages/airflow/example_dags/example_time_delta_sensor_async.py
[2022-10-03T01:34:26.643+0000] {processor.py:640} INFO - Processing file /home/airflow/.local/lib/python3.7/site-packages/airflow/example_dags/example_time_delta_sensor_async.py for tasks to queue
[2022-10-03T01:34:26.644+0000] {logging_mixin.py:115} INFO - [2022-10-03T01:34:26.644+0000] {dagbag.py:508} INFO - Filling up the DagBag from /home/airflow/.local/lib/python3.7/site-packages/airflow/example_dags/example_time_delta_sensor_async.py
[2022-10-03T01:34:26.648+0000] {processor.py:650} INFO - DAG(s) dict_keys(['example_time_delta_sensor_async']) retrieved from /home/airflow/.local/lib/python3.7/site-packages/airflow/example_dags/example_time_delta_sensor_async.py
[2022-10-03T01:34:26.946+0000] {logging_mixin.py:115} INFO - [2022-10-03T01:34:26.945+0000] {dag.py:2429} INFO - Sync 1 DAGs
[2022-10-03T01:34:26.965+0000] {logging_mixin.py:115} INFO - [2022-10-03T01:34:26.965+0000] {dag.py:2981} INFO - Setting next_dagrun for example_time_delta_sensor_async to None, run_after=None
[2022-10-03T01:34:26.978+0000] {processor.py:161} INFO - Processing /home/airflow/.local/lib/python3.7/site-packages/airflow/example_dags/example_time_delta_sensor_async.py took 0.338 seconds
[2022-10-03T01:34:57.297+0000] {processor.py:153} INFO - Started process (PID=622) to work on /home/airflow/.local/lib/python3.7/site-packages/airflow/example_dags/example_time_delta_sensor_async.py
[2022-10-03T01:34:57.298+0000] {processor.py:640} INFO - Processing file /home/airflow/.local/lib/python3.7/site-packages/airflow/example_dags/example_time_delta_sensor_async.py for tasks to queue
[2022-10-03T01:34:57.299+0000] {logging_mixin.py:115} INFO - [2022-10-03T01:34:57.299+0000] {dagbag.py:508} INFO - Filling up the DagBag from /home/airflow/.local/lib/python3.7/site-packages/airflow/example_dags/example_time_delta_sensor_async.py
[2022-10-03T01:34:57.305+0000] {processor.py:650} INFO - DAG(s) dict_keys(['example_time_delta_sensor_async']) retrieved from /home/airflow/.local/lib/python3.7/site-packages/airflow/example_dags/example_time_delta_sensor_async.py
[2022-10-03T01:34:57.585+0000] {logging_mixin.py:115} INFO - [2022-10-03T01:34:57.585+0000] {dag.py:2429} INFO - Sync 1 DAGs
[2022-10-03T01:34:57.608+0000] {logging_mixin.py:115} INFO - [2022-10-03T01:34:57.608+0000] {dag.py:2981} INFO - Setting next_dagrun for example_time_delta_sensor_async to None, run_after=None
[2022-10-03T01:34:57.624+0000] {processor.py:161} INFO - Processing /home/airflow/.local/lib/python3.7/site-packages/airflow/example_dags/example_time_delta_sensor_async.py took 0.329 seconds
[2022-10-03T01:35:28.211+0000] {processor.py:153} INFO - Started process (PID=677) to work on /home/airflow/.local/lib/python3.7/site-packages/airflow/example_dags/example_time_delta_sensor_async.py
[2022-10-03T01:35:28.212+0000] {processor.py:640} INFO - Processing file /home/airflow/.local/lib/python3.7/site-packages/airflow/example_dags/example_time_delta_sensor_async.py for tasks to queue
[2022-10-03T01:35:28.212+0000] {logging_mixin.py:115} INFO - [2022-10-03T01:35:28.212+0000] {dagbag.py:508} INFO - Filling up the DagBag from /home/airflow/.local/lib/python3.7/site-packages/airflow/example_dags/example_time_delta_sensor_async.py
[2022-10-03T01:35:28.216+0000] {processor.py:650} INFO - DAG(s) dict_keys(['example_time_delta_sensor_async']) retrieved from /home/airflow/.local/lib/python3.7/site-packages/airflow/example_dags/example_time_delta_sensor_async.py
[2022-10-03T01:35:28.554+0000] {logging_mixin.py:115} INFO - [2022-10-03T01:35:28.554+0000] {dag.py:2429} INFO - Sync 1 DAGs
[2022-10-03T01:35:28.574+0000] {logging_mixin.py:115} INFO - [2022-10-03T01:35:28.574+0000] {dag.py:2981} INFO - Setting next_dagrun for example_time_delta_sensor_async to None, run_after=None
[2022-10-03T01:35:28.589+0000] {processor.py:161} INFO - Processing /home/airflow/.local/lib/python3.7/site-packages/airflow/example_dags/example_time_delta_sensor_async.py took 0.381 seconds
[2022-10-03T01:35:59.003+0000] {processor.py:153} INFO - Started process (PID=739) to work on /home/airflow/.local/lib/python3.7/site-packages/airflow/example_dags/example_time_delta_sensor_async.py
[2022-10-03T01:35:59.004+0000] {processor.py:640} INFO - Processing file /home/airflow/.local/lib/python3.7/site-packages/airflow/example_dags/example_time_delta_sensor_async.py for tasks to queue
[2022-10-03T01:35:59.004+0000] {logging_mixin.py:115} INFO - [2022-10-03T01:35:59.004+0000] {dagbag.py:508} INFO - Filling up the DagBag from /home/airflow/.local/lib/python3.7/site-packages/airflow/example_dags/example_time_delta_sensor_async.py
[2022-10-03T01:35:59.008+0000] {processor.py:650} INFO - DAG(s) dict_keys(['example_time_delta_sensor_async']) retrieved from /home/airflow/.local/lib/python3.7/site-packages/airflow/example_dags/example_time_delta_sensor_async.py
[2022-10-03T01:35:59.313+0000] {logging_mixin.py:115} INFO - [2022-10-03T01:35:59.313+0000] {dag.py:2429} INFO - Sync 1 DAGs
[2022-10-03T01:35:59.336+0000] {logging_mixin.py:115} INFO - [2022-10-03T01:35:59.336+0000] {dag.py:2981} INFO - Setting next_dagrun for example_time_delta_sensor_async to None, run_after=None
[2022-10-03T01:35:59.351+0000] {processor.py:161} INFO - Processing /home/airflow/.local/lib/python3.7/site-packages/airflow/example_dags/example_time_delta_sensor_async.py took 0.351 seconds
[2022-10-03T01:36:29.692+0000] {processor.py:153} INFO - Started process (PID=794) to work on /home/airflow/.local/lib/python3.7/site-packages/airflow/example_dags/example_time_delta_sensor_async.py
[2022-10-03T01:36:29.693+0000] {processor.py:640} INFO - Processing file /home/airflow/.local/lib/python3.7/site-packages/airflow/example_dags/example_time_delta_sensor_async.py for tasks to queue
[2022-10-03T01:36:29.694+0000] {logging_mixin.py:115} INFO - [2022-10-03T01:36:29.694+0000] {dagbag.py:508} INFO - Filling up the DagBag from /home/airflow/.local/lib/python3.7/site-packages/airflow/example_dags/example_time_delta_sensor_async.py
[2022-10-03T01:36:29.697+0000] {processor.py:650} INFO - DAG(s) dict_keys(['example_time_delta_sensor_async']) retrieved from /home/airflow/.local/lib/python3.7/site-packages/airflow/example_dags/example_time_delta_sensor_async.py
[2022-10-03T01:36:29.970+0000] {logging_mixin.py:115} INFO - [2022-10-03T01:36:29.970+0000] {dag.py:2429} INFO - Sync 1 DAGs
[2022-10-03T01:36:29.990+0000] {logging_mixin.py:115} INFO - [2022-10-03T01:36:29.990+0000] {dag.py:2981} INFO - Setting next_dagrun for example_time_delta_sensor_async to None, run_after=None
[2022-10-03T01:36:30.006+0000] {processor.py:161} INFO - Processing /home/airflow/.local/lib/python3.7/site-packages/airflow/example_dags/example_time_delta_sensor_async.py took 0.316 seconds
[2022-10-03T01:37:00.380+0000] {processor.py:153} INFO - Started process (PID=849) to work on /home/airflow/.local/lib/python3.7/site-packages/airflow/example_dags/example_time_delta_sensor_async.py
[2022-10-03T01:37:00.381+0000] {processor.py:640} INFO - Processing file /home/airflow/.local/lib/python3.7/site-packages/airflow/example_dags/example_time_delta_sensor_async.py for tasks to queue
[2022-10-03T01:37:00.382+0000] {logging_mixin.py:115} INFO - [2022-10-03T01:37:00.382+0000] {dagbag.py:508} INFO - Filling up the DagBag from /home/airflow/.local/lib/python3.7/site-packages/airflow/example_dags/example_time_delta_sensor_async.py
[2022-10-03T01:37:00.388+0000] {processor.py:650} INFO - DAG(s) dict_keys(['example_time_delta_sensor_async']) retrieved from /home/airflow/.local/lib/python3.7/site-packages/airflow/example_dags/example_time_delta_sensor_async.py
[2022-10-03T01:37:00.653+0000] {logging_mixin.py:115} INFO - [2022-10-03T01:37:00.653+0000] {dag.py:2429} INFO - Sync 1 DAGs
[2022-10-03T01:37:00.671+0000] {logging_mixin.py:115} INFO - [2022-10-03T01:37:00.671+0000] {dag.py:2981} INFO - Setting next_dagrun for example_time_delta_sensor_async to None, run_after=None
[2022-10-03T01:37:00.685+0000] {processor.py:161} INFO - Processing /home/airflow/.local/lib/python3.7/site-packages/airflow/example_dags/example_time_delta_sensor_async.py took 0.308 seconds
[2022-10-03T01:37:31.159+0000] {processor.py:153} INFO - Started process (PID=907) to work on /home/airflow/.local/lib/python3.7/site-packages/airflow/example_dags/example_time_delta_sensor_async.py
[2022-10-03T01:37:31.160+0000] {processor.py:640} INFO - Processing file /home/airflow/.local/lib/python3.7/site-packages/airflow/example_dags/example_time_delta_sensor_async.py for tasks to queue
[2022-10-03T01:37:31.162+0000] {logging_mixin.py:115} INFO - [2022-10-03T01:37:31.162+0000] {dagbag.py:508} INFO - Filling up the DagBag from /home/airflow/.local/lib/python3.7/site-packages/airflow/example_dags/example_time_delta_sensor_async.py
[2022-10-03T01:37:31.166+0000] {processor.py:650} INFO - DAG(s) dict_keys(['example_time_delta_sensor_async']) retrieved from /home/airflow/.local/lib/python3.7/site-packages/airflow/example_dags/example_time_delta_sensor_async.py
[2022-10-03T01:37:31.456+0000] {logging_mixin.py:115} INFO - [2022-10-03T01:37:31.455+0000] {dag.py:2429} INFO - Sync 1 DAGs
[2022-10-03T01:37:31.478+0000] {logging_mixin.py:115} INFO - [2022-10-03T01:37:31.478+0000] {dag.py:2981} INFO - Setting next_dagrun for example_time_delta_sensor_async to None, run_after=None
[2022-10-03T01:37:31.492+0000] {processor.py:161} INFO - Processing /home/airflow/.local/lib/python3.7/site-packages/airflow/example_dags/example_time_delta_sensor_async.py took 0.335 seconds
[2022-10-03T01:38:01.868+0000] {processor.py:153} INFO - Started process (PID=962) to work on /home/airflow/.local/lib/python3.7/site-packages/airflow/example_dags/example_time_delta_sensor_async.py
[2022-10-03T01:38:01.869+0000] {processor.py:640} INFO - Processing file /home/airflow/.local/lib/python3.7/site-packages/airflow/example_dags/example_time_delta_sensor_async.py for tasks to queue
[2022-10-03T01:38:01.869+0000] {logging_mixin.py:115} INFO - [2022-10-03T01:38:01.869+0000] {dagbag.py:508} INFO - Filling up the DagBag from /home/airflow/.local/lib/python3.7/site-packages/airflow/example_dags/example_time_delta_sensor_async.py
[2022-10-03T01:38:01.873+0000] {processor.py:650} INFO - DAG(s) dict_keys(['example_time_delta_sensor_async']) retrieved from /home/airflow/.local/lib/python3.7/site-packages/airflow/example_dags/example_time_delta_sensor_async.py
[2022-10-03T01:38:02.136+0000] {logging_mixin.py:115} INFO - [2022-10-03T01:38:02.136+0000] {dag.py:2429} INFO - Sync 1 DAGs
[2022-10-03T01:38:02.155+0000] {logging_mixin.py:115} INFO - [2022-10-03T01:38:02.155+0000] {dag.py:2981} INFO - Setting next_dagrun for example_time_delta_sensor_async to None, run_after=None
[2022-10-03T01:38:02.169+0000] {processor.py:161} INFO - Processing /home/airflow/.local/lib/python3.7/site-packages/airflow/example_dags/example_time_delta_sensor_async.py took 0.304 seconds
[2022-10-03T01:38:32.542+0000] {processor.py:153} INFO - Started process (PID=1017) to work on /home/airflow/.local/lib/python3.7/site-packages/airflow/example_dags/example_time_delta_sensor_async.py
[2022-10-03T01:38:32.543+0000] {processor.py:640} INFO - Processing file /home/airflow/.local/lib/python3.7/site-packages/airflow/example_dags/example_time_delta_sensor_async.py for tasks to queue
[2022-10-03T01:38:32.543+0000] {logging_mixin.py:115} INFO - [2022-10-03T01:38:32.543+0000] {dagbag.py:508} INFO - Filling up the DagBag from /home/airflow/.local/lib/python3.7/site-packages/airflow/example_dags/example_time_delta_sensor_async.py
[2022-10-03T01:38:32.547+0000] {processor.py:650} INFO - DAG(s) dict_keys(['example_time_delta_sensor_async']) retrieved from /home/airflow/.local/lib/python3.7/site-packages/airflow/example_dags/example_time_delta_sensor_async.py
[2022-10-03T01:38:32.847+0000] {logging_mixin.py:115} INFO - [2022-10-03T01:38:32.847+0000] {dag.py:2429} INFO - Sync 1 DAGs
[2022-10-03T01:38:32.869+0000] {logging_mixin.py:115} INFO - [2022-10-03T01:38:32.869+0000] {dag.py:2981} INFO - Setting next_dagrun for example_time_delta_sensor_async to None, run_after=None
[2022-10-03T01:38:32.885+0000] {processor.py:161} INFO - Processing /home/airflow/.local/lib/python3.7/site-packages/airflow/example_dags/example_time_delta_sensor_async.py took 0.345 seconds
[2022-10-03T01:39:03.357+0000] {processor.py:153} INFO - Started process (PID=1072) to work on /home/airflow/.local/lib/python3.7/site-packages/airflow/example_dags/example_time_delta_sensor_async.py
[2022-10-03T01:39:03.358+0000] {processor.py:640} INFO - Processing file /home/airflow/.local/lib/python3.7/site-packages/airflow/example_dags/example_time_delta_sensor_async.py for tasks to queue
[2022-10-03T01:39:03.358+0000] {logging_mixin.py:115} INFO - [2022-10-03T01:39:03.358+0000] {dagbag.py:508} INFO - Filling up the DagBag from /home/airflow/.local/lib/python3.7/site-packages/airflow/example_dags/example_time_delta_sensor_async.py
[2022-10-03T01:39:03.362+0000] {processor.py:650} INFO - DAG(s) dict_keys(['example_time_delta_sensor_async']) retrieved from /home/airflow/.local/lib/python3.7/site-packages/airflow/example_dags/example_time_delta_sensor_async.py
[2022-10-03T01:39:03.639+0000] {logging_mixin.py:115} INFO - [2022-10-03T01:39:03.639+0000] {dag.py:2429} INFO - Sync 1 DAGs
[2022-10-03T01:39:03.660+0000] {logging_mixin.py:115} INFO - [2022-10-03T01:39:03.660+0000] {dag.py:2981} INFO - Setting next_dagrun for example_time_delta_sensor_async to None, run_after=None
[2022-10-03T01:39:03.676+0000] {processor.py:161} INFO - Processing /home/airflow/.local/lib/python3.7/site-packages/airflow/example_dags/example_time_delta_sensor_async.py took 0.322 seconds
[2022-10-03T01:39:34.006+0000] {processor.py:153} INFO - Started process (PID=1127) to work on /home/airflow/.local/lib/python3.7/site-packages/airflow/example_dags/example_time_delta_sensor_async.py
[2022-10-03T01:39:34.007+0000] {processor.py:640} INFO - Processing file /home/airflow/.local/lib/python3.7/site-packages/airflow/example_dags/example_time_delta_sensor_async.py for tasks to queue
[2022-10-03T01:39:34.007+0000] {logging_mixin.py:115} INFO - [2022-10-03T01:39:34.007+0000] {dagbag.py:508} INFO - Filling up the DagBag from /home/airflow/.local/lib/python3.7/site-packages/airflow/example_dags/example_time_delta_sensor_async.py
[2022-10-03T01:39:34.011+0000] {processor.py:650} INFO - DAG(s) dict_keys(['example_time_delta_sensor_async']) retrieved from /home/airflow/.local/lib/python3.7/site-packages/airflow/example_dags/example_time_delta_sensor_async.py
[2022-10-03T01:39:34.295+0000] {logging_mixin.py:115} INFO - [2022-10-03T01:39:34.295+0000] {dag.py:2429} INFO - Sync 1 DAGs
[2022-10-03T01:39:34.316+0000] {logging_mixin.py:115} INFO - [2022-10-03T01:39:34.315+0000] {dag.py:2981} INFO - Setting next_dagrun for example_time_delta_sensor_async to None, run_after=None
[2022-10-03T01:39:34.329+0000] {processor.py:161} INFO - Processing /home/airflow/.local/lib/python3.7/site-packages/airflow/example_dags/example_time_delta_sensor_async.py took 0.326 seconds
[2022-10-03T01:40:04.665+0000] {processor.py:153} INFO - Started process (PID=1182) to work on /home/airflow/.local/lib/python3.7/site-packages/airflow/example_dags/example_time_delta_sensor_async.py
[2022-10-03T01:40:04.666+0000] {processor.py:640} INFO - Processing file /home/airflow/.local/lib/python3.7/site-packages/airflow/example_dags/example_time_delta_sensor_async.py for tasks to queue
[2022-10-03T01:40:04.666+0000] {logging_mixin.py:115} INFO - [2022-10-03T01:40:04.666+0000] {dagbag.py:508} INFO - Filling up the DagBag from /home/airflow/.local/lib/python3.7/site-packages/airflow/example_dags/example_time_delta_sensor_async.py
[2022-10-03T01:40:04.670+0000] {processor.py:650} INFO - DAG(s) dict_keys(['example_time_delta_sensor_async']) retrieved from /home/airflow/.local/lib/python3.7/site-packages/airflow/example_dags/example_time_delta_sensor_async.py
[2022-10-03T01:40:04.926+0000] {logging_mixin.py:115} INFO - [2022-10-03T01:40:04.926+0000] {dag.py:2429} INFO - Sync 1 DAGs
[2022-10-03T01:40:04.948+0000] {logging_mixin.py:115} INFO - [2022-10-03T01:40:04.948+0000] {dag.py:2981} INFO - Setting next_dagrun for example_time_delta_sensor_async to None, run_after=None
[2022-10-03T01:40:04.963+0000] {processor.py:161} INFO - Processing /home/airflow/.local/lib/python3.7/site-packages/airflow/example_dags/example_time_delta_sensor_async.py took 0.300 seconds
[2022-10-03T01:40:35.573+0000] {processor.py:153} INFO - Started process (PID=1237) to work on /home/airflow/.local/lib/python3.7/site-packages/airflow/example_dags/example_time_delta_sensor_async.py
[2022-10-03T01:40:35.574+0000] {processor.py:640} INFO - Processing file /home/airflow/.local/lib/python3.7/site-packages/airflow/example_dags/example_time_delta_sensor_async.py for tasks to queue
[2022-10-03T01:40:35.575+0000] {logging_mixin.py:115} INFO - [2022-10-03T01:40:35.574+0000] {dagbag.py:508} INFO - Filling up the DagBag from /home/airflow/.local/lib/python3.7/site-packages/airflow/example_dags/example_time_delta_sensor_async.py
[2022-10-03T01:40:35.578+0000] {processor.py:650} INFO - DAG(s) dict_keys(['example_time_delta_sensor_async']) retrieved from /home/airflow/.local/lib/python3.7/site-packages/airflow/example_dags/example_time_delta_sensor_async.py
[2022-10-03T01:40:35.845+0000] {logging_mixin.py:115} INFO - [2022-10-03T01:40:35.845+0000] {dag.py:2429} INFO - Sync 1 DAGs
[2022-10-03T01:40:35.867+0000] {logging_mixin.py:115} INFO - [2022-10-03T01:40:35.867+0000] {dag.py:2981} INFO - Setting next_dagrun for example_time_delta_sensor_async to None, run_after=None
[2022-10-03T01:40:35.884+0000] {processor.py:161} INFO - Processing /home/airflow/.local/lib/python3.7/site-packages/airflow/example_dags/example_time_delta_sensor_async.py took 0.314 seconds
[2022-10-03T01:41:06.416+0000] {processor.py:153} INFO - Started process (PID=1292) to work on /home/airflow/.local/lib/python3.7/site-packages/airflow/example_dags/example_time_delta_sensor_async.py
[2022-10-03T01:41:06.417+0000] {processor.py:640} INFO - Processing file /home/airflow/.local/lib/python3.7/site-packages/airflow/example_dags/example_time_delta_sensor_async.py for tasks to queue
[2022-10-03T01:41:06.418+0000] {logging_mixin.py:115} INFO - [2022-10-03T01:41:06.418+0000] {dagbag.py:508} INFO - Filling up the DagBag from /home/airflow/.local/lib/python3.7/site-packages/airflow/example_dags/example_time_delta_sensor_async.py
[2022-10-03T01:41:06.426+0000] {processor.py:650} INFO - DAG(s) dict_keys(['example_time_delta_sensor_async']) retrieved from /home/airflow/.local/lib/python3.7/site-packages/airflow/example_dags/example_time_delta_sensor_async.py
[2022-10-03T01:41:06.808+0000] {logging_mixin.py:115} INFO - [2022-10-03T01:41:06.808+0000] {dag.py:2429} INFO - Sync 1 DAGs
[2022-10-03T01:41:06.827+0000] {logging_mixin.py:115} INFO - [2022-10-03T01:41:06.827+0000] {dag.py:2981} INFO - Setting next_dagrun for example_time_delta_sensor_async to None, run_after=None
[2022-10-03T01:41:06.842+0000] {processor.py:161} INFO - Processing /home/airflow/.local/lib/python3.7/site-packages/airflow/example_dags/example_time_delta_sensor_async.py took 0.430 seconds
[2022-10-03T01:41:37.309+0000] {processor.py:153} INFO - Started process (PID=1348) to work on /home/airflow/.local/lib/python3.7/site-packages/airflow/example_dags/example_time_delta_sensor_async.py
[2022-10-03T01:41:37.309+0000] {processor.py:640} INFO - Processing file /home/airflow/.local/lib/python3.7/site-packages/airflow/example_dags/example_time_delta_sensor_async.py for tasks to queue
[2022-10-03T01:41:37.310+0000] {logging_mixin.py:115} INFO - [2022-10-03T01:41:37.310+0000] {dagbag.py:508} INFO - Filling up the DagBag from /home/airflow/.local/lib/python3.7/site-packages/airflow/example_dags/example_time_delta_sensor_async.py
[2022-10-03T01:41:37.315+0000] {processor.py:650} INFO - DAG(s) dict_keys(['example_time_delta_sensor_async']) retrieved from /home/airflow/.local/lib/python3.7/site-packages/airflow/example_dags/example_time_delta_sensor_async.py
[2022-10-03T01:41:37.621+0000] {logging_mixin.py:115} INFO - [2022-10-03T01:41:37.621+0000] {dag.py:2429} INFO - Sync 1 DAGs
[2022-10-03T01:41:37.643+0000] {logging_mixin.py:115} INFO - [2022-10-03T01:41:37.643+0000] {dag.py:2981} INFO - Setting next_dagrun for example_time_delta_sensor_async to None, run_after=None
[2022-10-03T01:41:37.658+0000] {processor.py:161} INFO - Processing /home/airflow/.local/lib/python3.7/site-packages/airflow/example_dags/example_time_delta_sensor_async.py took 0.352 seconds
[2022-10-03T01:42:08.211+0000] {processor.py:153} INFO - Started process (PID=1403) to work on /home/airflow/.local/lib/python3.7/site-packages/airflow/example_dags/example_time_delta_sensor_async.py
[2022-10-03T01:42:08.212+0000] {processor.py:640} INFO - Processing file /home/airflow/.local/lib/python3.7/site-packages/airflow/example_dags/example_time_delta_sensor_async.py for tasks to queue
[2022-10-03T01:42:08.213+0000] {logging_mixin.py:115} INFO - [2022-10-03T01:42:08.213+0000] {dagbag.py:508} INFO - Filling up the DagBag from /home/airflow/.local/lib/python3.7/site-packages/airflow/example_dags/example_time_delta_sensor_async.py
[2022-10-03T01:42:08.217+0000] {processor.py:650} INFO - DAG(s) dict_keys(['example_time_delta_sensor_async']) retrieved from /home/airflow/.local/lib/python3.7/site-packages/airflow/example_dags/example_time_delta_sensor_async.py
[2022-10-03T01:42:08.498+0000] {logging_mixin.py:115} INFO - [2022-10-03T01:42:08.498+0000] {dag.py:2429} INFO - Sync 1 DAGs
[2022-10-03T01:42:08.518+0000] {logging_mixin.py:115} INFO - [2022-10-03T01:42:08.518+0000] {dag.py:2981} INFO - Setting next_dagrun for example_time_delta_sensor_async to None, run_after=None
[2022-10-03T01:42:08.533+0000] {processor.py:161} INFO - Processing /home/airflow/.local/lib/python3.7/site-packages/airflow/example_dags/example_time_delta_sensor_async.py took 0.324 seconds
[2022-10-03T01:42:38.853+0000] {processor.py:153} INFO - Started process (PID=1458) to work on /home/airflow/.local/lib/python3.7/site-packages/airflow/example_dags/example_time_delta_sensor_async.py
[2022-10-03T01:42:38.854+0000] {processor.py:640} INFO - Processing file /home/airflow/.local/lib/python3.7/site-packages/airflow/example_dags/example_time_delta_sensor_async.py for tasks to queue
[2022-10-03T01:42:38.855+0000] {logging_mixin.py:115} INFO - [2022-10-03T01:42:38.855+0000] {dagbag.py:508} INFO - Filling up the DagBag from /home/airflow/.local/lib/python3.7/site-packages/airflow/example_dags/example_time_delta_sensor_async.py
[2022-10-03T01:42:38.860+0000] {processor.py:650} INFO - DAG(s) dict_keys(['example_time_delta_sensor_async']) retrieved from /home/airflow/.local/lib/python3.7/site-packages/airflow/example_dags/example_time_delta_sensor_async.py
[2022-10-03T01:42:39.151+0000] {logging_mixin.py:115} INFO - [2022-10-03T01:42:39.151+0000] {dag.py:2429} INFO - Sync 1 DAGs
[2022-10-03T01:42:39.171+0000] {logging_mixin.py:115} INFO - [2022-10-03T01:42:39.171+0000] {dag.py:2981} INFO - Setting next_dagrun for example_time_delta_sensor_async to None, run_after=None
[2022-10-03T01:42:39.183+0000] {processor.py:161} INFO - Processing /home/airflow/.local/lib/python3.7/site-packages/airflow/example_dags/example_time_delta_sensor_async.py took 0.332 seconds
[2022-10-03T01:43:09.520+0000] {processor.py:153} INFO - Started process (PID=1514) to work on /home/airflow/.local/lib/python3.7/site-packages/airflow/example_dags/example_time_delta_sensor_async.py
[2022-10-03T01:43:09.521+0000] {processor.py:640} INFO - Processing file /home/airflow/.local/lib/python3.7/site-packages/airflow/example_dags/example_time_delta_sensor_async.py for tasks to queue
[2022-10-03T01:43:09.522+0000] {logging_mixin.py:115} INFO - [2022-10-03T01:43:09.522+0000] {dagbag.py:508} INFO - Filling up the DagBag from /home/airflow/.local/lib/python3.7/site-packages/airflow/example_dags/example_time_delta_sensor_async.py
[2022-10-03T01:43:09.528+0000] {processor.py:650} INFO - DAG(s) dict_keys(['example_time_delta_sensor_async']) retrieved from /home/airflow/.local/lib/python3.7/site-packages/airflow/example_dags/example_time_delta_sensor_async.py
[2022-10-03T01:43:09.788+0000] {logging_mixin.py:115} INFO - [2022-10-03T01:43:09.788+0000] {dag.py:2429} INFO - Sync 1 DAGs
[2022-10-03T01:43:09.811+0000] {logging_mixin.py:115} INFO - [2022-10-03T01:43:09.811+0000] {dag.py:2981} INFO - Setting next_dagrun for example_time_delta_sensor_async to None, run_after=None
[2022-10-03T01:43:09.828+0000] {processor.py:161} INFO - Processing /home/airflow/.local/lib/python3.7/site-packages/airflow/example_dags/example_time_delta_sensor_async.py took 0.310 seconds
[2022-10-03T01:43:40.005+0000] {processor.py:153} INFO - Started process (PID=1569) to work on /home/airflow/.local/lib/python3.7/site-packages/airflow/example_dags/example_time_delta_sensor_async.py
[2022-10-03T01:43:40.006+0000] {processor.py:640} INFO - Processing file /home/airflow/.local/lib/python3.7/site-packages/airflow/example_dags/example_time_delta_sensor_async.py for tasks to queue
[2022-10-03T01:43:40.007+0000] {logging_mixin.py:115} INFO - [2022-10-03T01:43:40.007+0000] {dagbag.py:508} INFO - Filling up the DagBag from /home/airflow/.local/lib/python3.7/site-packages/airflow/example_dags/example_time_delta_sensor_async.py
[2022-10-03T01:43:40.012+0000] {processor.py:650} INFO - DAG(s) dict_keys(['example_time_delta_sensor_async']) retrieved from /home/airflow/.local/lib/python3.7/site-packages/airflow/example_dags/example_time_delta_sensor_async.py
[2022-10-03T01:43:40.276+0000] {logging_mixin.py:115} INFO - [2022-10-03T01:43:40.276+0000] {dag.py:2429} INFO - Sync 1 DAGs
[2022-10-03T01:43:40.299+0000] {logging_mixin.py:115} INFO - [2022-10-03T01:43:40.299+0000] {dag.py:2981} INFO - Setting next_dagrun for example_time_delta_sensor_async to None, run_after=None
[2022-10-03T01:43:40.314+0000] {processor.py:161} INFO - Processing /home/airflow/.local/lib/python3.7/site-packages/airflow/example_dags/example_time_delta_sensor_async.py took 0.311 seconds
[2022-10-03T01:44:10.681+0000] {processor.py:153} INFO - Started process (PID=1624) to work on /home/airflow/.local/lib/python3.7/site-packages/airflow/example_dags/example_time_delta_sensor_async.py
[2022-10-03T01:44:10.681+0000] {processor.py:640} INFO - Processing file /home/airflow/.local/lib/python3.7/site-packages/airflow/example_dags/example_time_delta_sensor_async.py for tasks to queue
[2022-10-03T01:44:10.682+0000] {logging_mixin.py:115} INFO - [2022-10-03T01:44:10.682+0000] {dagbag.py:508} INFO - Filling up the DagBag from /home/airflow/.local/lib/python3.7/site-packages/airflow/example_dags/example_time_delta_sensor_async.py
[2022-10-03T01:44:10.688+0000] {processor.py:650} INFO - DAG(s) dict_keys(['example_time_delta_sensor_async']) retrieved from /home/airflow/.local/lib/python3.7/site-packages/airflow/example_dags/example_time_delta_sensor_async.py
[2022-10-03T01:44:10.990+0000] {logging_mixin.py:115} INFO - [2022-10-03T01:44:10.990+0000] {dag.py:2429} INFO - Sync 1 DAGs
[2022-10-03T01:44:11.010+0000] {logging_mixin.py:115} INFO - [2022-10-03T01:44:11.009+0000] {dag.py:2981} INFO - Setting next_dagrun for example_time_delta_sensor_async to None, run_after=None
[2022-10-03T01:44:11.022+0000] {processor.py:161} INFO - Processing /home/airflow/.local/lib/python3.7/site-packages/airflow/example_dags/example_time_delta_sensor_async.py took 0.345 seconds
[2022-10-03T01:44:41.534+0000] {processor.py:153} INFO - Started process (PID=1679) to work on /home/airflow/.local/lib/python3.7/site-packages/airflow/example_dags/example_time_delta_sensor_async.py
[2022-10-03T01:44:41.535+0000] {processor.py:640} INFO - Processing file /home/airflow/.local/lib/python3.7/site-packages/airflow/example_dags/example_time_delta_sensor_async.py for tasks to queue
[2022-10-03T01:44:41.537+0000] {logging_mixin.py:115} INFO - [2022-10-03T01:44:41.536+0000] {dagbag.py:508} INFO - Filling up the DagBag from /home/airflow/.local/lib/python3.7/site-packages/airflow/example_dags/example_time_delta_sensor_async.py
[2022-10-03T01:44:41.542+0000] {processor.py:650} INFO - DAG(s) dict_keys(['example_time_delta_sensor_async']) retrieved from /home/airflow/.local/lib/python3.7/site-packages/airflow/example_dags/example_time_delta_sensor_async.py
[2022-10-03T01:44:41.881+0000] {logging_mixin.py:115} INFO - [2022-10-03T01:44:41.881+0000] {dag.py:2429} INFO - Sync 1 DAGs
[2022-10-03T01:44:41.900+0000] {logging_mixin.py:115} INFO - [2022-10-03T01:44:41.900+0000] {dag.py:2981} INFO - Setting next_dagrun for example_time_delta_sensor_async to None, run_after=None
[2022-10-03T01:44:41.914+0000] {processor.py:161} INFO - Processing /home/airflow/.local/lib/python3.7/site-packages/airflow/example_dags/example_time_delta_sensor_async.py took 0.383 seconds
[2022-10-03T01:45:12.368+0000] {processor.py:153} INFO - Started process (PID=1734) to work on /home/airflow/.local/lib/python3.7/site-packages/airflow/example_dags/example_time_delta_sensor_async.py
[2022-10-03T01:45:12.369+0000] {processor.py:640} INFO - Processing file /home/airflow/.local/lib/python3.7/site-packages/airflow/example_dags/example_time_delta_sensor_async.py for tasks to queue
[2022-10-03T01:45:12.370+0000] {logging_mixin.py:115} INFO - [2022-10-03T01:45:12.369+0000] {dagbag.py:508} INFO - Filling up the DagBag from /home/airflow/.local/lib/python3.7/site-packages/airflow/example_dags/example_time_delta_sensor_async.py
[2022-10-03T01:45:12.374+0000] {processor.py:650} INFO - DAG(s) dict_keys(['example_time_delta_sensor_async']) retrieved from /home/airflow/.local/lib/python3.7/site-packages/airflow/example_dags/example_time_delta_sensor_async.py
[2022-10-03T01:45:12.746+0000] {logging_mixin.py:115} INFO - [2022-10-03T01:45:12.745+0000] {dag.py:2429} INFO - Sync 1 DAGs
[2022-10-03T01:45:12.776+0000] {logging_mixin.py:115} INFO - [2022-10-03T01:45:12.775+0000] {dag.py:2981} INFO - Setting next_dagrun for example_time_delta_sensor_async to None, run_after=None
[2022-10-03T01:45:12.790+0000] {processor.py:161} INFO - Processing /home/airflow/.local/lib/python3.7/site-packages/airflow/example_dags/example_time_delta_sensor_async.py took 0.426 seconds
[2022-10-03T01:45:43.189+0000] {processor.py:153} INFO - Started process (PID=1796) to work on /home/airflow/.local/lib/python3.7/site-packages/airflow/example_dags/example_time_delta_sensor_async.py
[2022-10-03T01:45:43.190+0000] {processor.py:640} INFO - Processing file /home/airflow/.local/lib/python3.7/site-packages/airflow/example_dags/example_time_delta_sensor_async.py for tasks to queue
[2022-10-03T01:45:43.192+0000] {logging_mixin.py:115} INFO - [2022-10-03T01:45:43.191+0000] {dagbag.py:508} INFO - Filling up the DagBag from /home/airflow/.local/lib/python3.7/site-packages/airflow/example_dags/example_time_delta_sensor_async.py
[2022-10-03T01:45:43.200+0000] {processor.py:650} INFO - DAG(s) dict_keys(['example_time_delta_sensor_async']) retrieved from /home/airflow/.local/lib/python3.7/site-packages/airflow/example_dags/example_time_delta_sensor_async.py
[2022-10-03T01:45:43.499+0000] {logging_mixin.py:115} INFO - [2022-10-03T01:45:43.499+0000] {dag.py:2429} INFO - Sync 1 DAGs
[2022-10-03T01:45:43.518+0000] {logging_mixin.py:115} INFO - [2022-10-03T01:45:43.518+0000] {dag.py:2981} INFO - Setting next_dagrun for example_time_delta_sensor_async to None, run_after=None
[2022-10-03T01:45:43.532+0000] {processor.py:161} INFO - Processing /home/airflow/.local/lib/python3.7/site-packages/airflow/example_dags/example_time_delta_sensor_async.py took 0.346 seconds
[2022-10-03T01:46:13.841+0000] {processor.py:153} INFO - Started process (PID=1851) to work on /home/airflow/.local/lib/python3.7/site-packages/airflow/example_dags/example_time_delta_sensor_async.py
[2022-10-03T01:46:13.842+0000] {processor.py:640} INFO - Processing file /home/airflow/.local/lib/python3.7/site-packages/airflow/example_dags/example_time_delta_sensor_async.py for tasks to queue
[2022-10-03T01:46:13.843+0000] {logging_mixin.py:115} INFO - [2022-10-03T01:46:13.843+0000] {dagbag.py:508} INFO - Filling up the DagBag from /home/airflow/.local/lib/python3.7/site-packages/airflow/example_dags/example_time_delta_sensor_async.py
[2022-10-03T01:46:13.848+0000] {processor.py:650} INFO - DAG(s) dict_keys(['example_time_delta_sensor_async']) retrieved from /home/airflow/.local/lib/python3.7/site-packages/airflow/example_dags/example_time_delta_sensor_async.py
[2022-10-03T01:46:14.176+0000] {logging_mixin.py:115} INFO - [2022-10-03T01:46:14.176+0000] {dag.py:2429} INFO - Sync 1 DAGs
[2022-10-03T01:46:14.199+0000] {logging_mixin.py:115} INFO - [2022-10-03T01:46:14.199+0000] {dag.py:2981} INFO - Setting next_dagrun for example_time_delta_sensor_async to None, run_after=None
[2022-10-03T01:46:14.214+0000] {processor.py:161} INFO - Processing /home/airflow/.local/lib/python3.7/site-packages/airflow/example_dags/example_time_delta_sensor_async.py took 0.375 seconds
[2022-10-03T01:46:44.678+0000] {processor.py:153} INFO - Started process (PID=1906) to work on /home/airflow/.local/lib/python3.7/site-packages/airflow/example_dags/example_time_delta_sensor_async.py
[2022-10-03T01:46:44.679+0000] {processor.py:640} INFO - Processing file /home/airflow/.local/lib/python3.7/site-packages/airflow/example_dags/example_time_delta_sensor_async.py for tasks to queue
[2022-10-03T01:46:44.681+0000] {logging_mixin.py:115} INFO - [2022-10-03T01:46:44.681+0000] {dagbag.py:508} INFO - Filling up the DagBag from /home/airflow/.local/lib/python3.7/site-packages/airflow/example_dags/example_time_delta_sensor_async.py
[2022-10-03T01:46:44.688+0000] {processor.py:650} INFO - DAG(s) dict_keys(['example_time_delta_sensor_async']) retrieved from /home/airflow/.local/lib/python3.7/site-packages/airflow/example_dags/example_time_delta_sensor_async.py
[2022-10-03T01:46:45.016+0000] {logging_mixin.py:115} INFO - [2022-10-03T01:46:45.016+0000] {dag.py:2429} INFO - Sync 1 DAGs
[2022-10-03T01:46:45.036+0000] {logging_mixin.py:115} INFO - [2022-10-03T01:46:45.036+0000] {dag.py:2981} INFO - Setting next_dagrun for example_time_delta_sensor_async to None, run_after=None
[2022-10-03T01:46:45.051+0000] {processor.py:161} INFO - Processing /home/airflow/.local/lib/python3.7/site-packages/airflow/example_dags/example_time_delta_sensor_async.py took 0.375 seconds
[2022-10-03T01:47:15.612+0000] {processor.py:153} INFO - Started process (PID=1961) to work on /home/airflow/.local/lib/python3.7/site-packages/airflow/example_dags/example_time_delta_sensor_async.py
[2022-10-03T01:47:15.613+0000] {processor.py:640} INFO - Processing file /home/airflow/.local/lib/python3.7/site-packages/airflow/example_dags/example_time_delta_sensor_async.py for tasks to queue
[2022-10-03T01:47:15.614+0000] {logging_mixin.py:115} INFO - [2022-10-03T01:47:15.614+0000] {dagbag.py:508} INFO - Filling up the DagBag from /home/airflow/.local/lib/python3.7/site-packages/airflow/example_dags/example_time_delta_sensor_async.py
[2022-10-03T01:47:15.618+0000] {processor.py:650} INFO - DAG(s) dict_keys(['example_time_delta_sensor_async']) retrieved from /home/airflow/.local/lib/python3.7/site-packages/airflow/example_dags/example_time_delta_sensor_async.py
[2022-10-03T01:47:15.887+0000] {logging_mixin.py:115} INFO - [2022-10-03T01:47:15.887+0000] {dag.py:2429} INFO - Sync 1 DAGs
[2022-10-03T01:47:15.906+0000] {logging_mixin.py:115} INFO - [2022-10-03T01:47:15.906+0000] {dag.py:2981} INFO - Setting next_dagrun for example_time_delta_sensor_async to None, run_after=None
[2022-10-03T01:47:15.919+0000] {processor.py:161} INFO - Processing /home/airflow/.local/lib/python3.7/site-packages/airflow/example_dags/example_time_delta_sensor_async.py took 0.309 seconds
[2022-10-03T01:47:46.399+0000] {processor.py:153} INFO - Started process (PID=2016) to work on /home/airflow/.local/lib/python3.7/site-packages/airflow/example_dags/example_time_delta_sensor_async.py
[2022-10-03T01:47:46.400+0000] {processor.py:640} INFO - Processing file /home/airflow/.local/lib/python3.7/site-packages/airflow/example_dags/example_time_delta_sensor_async.py for tasks to queue
[2022-10-03T01:47:46.402+0000] {logging_mixin.py:115} INFO - [2022-10-03T01:47:46.401+0000] {dagbag.py:508} INFO - Filling up the DagBag from /home/airflow/.local/lib/python3.7/site-packages/airflow/example_dags/example_time_delta_sensor_async.py
[2022-10-03T01:47:46.408+0000] {processor.py:650} INFO - DAG(s) dict_keys(['example_time_delta_sensor_async']) retrieved from /home/airflow/.local/lib/python3.7/site-packages/airflow/example_dags/example_time_delta_sensor_async.py
[2022-10-03T01:47:46.695+0000] {logging_mixin.py:115} INFO - [2022-10-03T01:47:46.695+0000] {dag.py:2429} INFO - Sync 1 DAGs
[2022-10-03T01:47:46.717+0000] {logging_mixin.py:115} INFO - [2022-10-03T01:47:46.716+0000] {dag.py:2981} INFO - Setting next_dagrun for example_time_delta_sensor_async to None, run_after=None
[2022-10-03T01:47:46.732+0000] {processor.py:161} INFO - Processing /home/airflow/.local/lib/python3.7/site-packages/airflow/example_dags/example_time_delta_sensor_async.py took 0.336 seconds
[2022-10-03T01:48:17.200+0000] {processor.py:153} INFO - Started process (PID=2071) to work on /home/airflow/.local/lib/python3.7/site-packages/airflow/example_dags/example_time_delta_sensor_async.py
[2022-10-03T01:48:17.202+0000] {processor.py:640} INFO - Processing file /home/airflow/.local/lib/python3.7/site-packages/airflow/example_dags/example_time_delta_sensor_async.py for tasks to queue
[2022-10-03T01:48:17.202+0000] {logging_mixin.py:115} INFO - [2022-10-03T01:48:17.202+0000] {dagbag.py:508} INFO - Filling up the DagBag from /home/airflow/.local/lib/python3.7/site-packages/airflow/example_dags/example_time_delta_sensor_async.py
[2022-10-03T01:48:17.207+0000] {processor.py:650} INFO - DAG(s) dict_keys(['example_time_delta_sensor_async']) retrieved from /home/airflow/.local/lib/python3.7/site-packages/airflow/example_dags/example_time_delta_sensor_async.py
[2022-10-03T01:48:17.486+0000] {logging_mixin.py:115} INFO - [2022-10-03T01:48:17.486+0000] {dag.py:2429} INFO - Sync 1 DAGs
[2022-10-03T01:48:17.507+0000] {logging_mixin.py:115} INFO - [2022-10-03T01:48:17.507+0000] {dag.py:2981} INFO - Setting next_dagrun for example_time_delta_sensor_async to None, run_after=None
[2022-10-03T01:48:17.523+0000] {processor.py:161} INFO - Processing /home/airflow/.local/lib/python3.7/site-packages/airflow/example_dags/example_time_delta_sensor_async.py took 0.325 seconds
[2022-10-03T01:48:47.991+0000] {processor.py:153} INFO - Started process (PID=2126) to work on /home/airflow/.local/lib/python3.7/site-packages/airflow/example_dags/example_time_delta_sensor_async.py
[2022-10-03T01:48:47.992+0000] {processor.py:640} INFO - Processing file /home/airflow/.local/lib/python3.7/site-packages/airflow/example_dags/example_time_delta_sensor_async.py for tasks to queue
[2022-10-03T01:48:47.992+0000] {logging_mixin.py:115} INFO - [2022-10-03T01:48:47.992+0000] {dagbag.py:508} INFO - Filling up the DagBag from /home/airflow/.local/lib/python3.7/site-packages/airflow/example_dags/example_time_delta_sensor_async.py
[2022-10-03T01:48:47.996+0000] {processor.py:650} INFO - DAG(s) dict_keys(['example_time_delta_sensor_async']) retrieved from /home/airflow/.local/lib/python3.7/site-packages/airflow/example_dags/example_time_delta_sensor_async.py
[2022-10-03T01:48:48.282+0000] {logging_mixin.py:115} INFO - [2022-10-03T01:48:48.281+0000] {dag.py:2429} INFO - Sync 1 DAGs
[2022-10-03T01:48:48.303+0000] {logging_mixin.py:115} INFO - [2022-10-03T01:48:48.303+0000] {dag.py:2981} INFO - Setting next_dagrun for example_time_delta_sensor_async to None, run_after=None
[2022-10-03T01:48:48.318+0000] {processor.py:161} INFO - Processing /home/airflow/.local/lib/python3.7/site-packages/airflow/example_dags/example_time_delta_sensor_async.py took 0.330 seconds
[2022-10-03T01:49:18.797+0000] {processor.py:153} INFO - Started process (PID=2181) to work on /home/airflow/.local/lib/python3.7/site-packages/airflow/example_dags/example_time_delta_sensor_async.py
[2022-10-03T01:49:18.798+0000] {processor.py:640} INFO - Processing file /home/airflow/.local/lib/python3.7/site-packages/airflow/example_dags/example_time_delta_sensor_async.py for tasks to queue
[2022-10-03T01:49:18.799+0000] {logging_mixin.py:115} INFO - [2022-10-03T01:49:18.799+0000] {dagbag.py:508} INFO - Filling up the DagBag from /home/airflow/.local/lib/python3.7/site-packages/airflow/example_dags/example_time_delta_sensor_async.py
[2022-10-03T01:49:18.804+0000] {processor.py:650} INFO - DAG(s) dict_keys(['example_time_delta_sensor_async']) retrieved from /home/airflow/.local/lib/python3.7/site-packages/airflow/example_dags/example_time_delta_sensor_async.py
[2022-10-03T01:49:19.071+0000] {logging_mixin.py:115} INFO - [2022-10-03T01:49:19.071+0000] {dag.py:2429} INFO - Sync 1 DAGs
[2022-10-03T01:49:19.091+0000] {logging_mixin.py:115} INFO - [2022-10-03T01:49:19.090+0000] {dag.py:2981} INFO - Setting next_dagrun for example_time_delta_sensor_async to None, run_after=None
[2022-10-03T01:49:19.104+0000] {processor.py:161} INFO - Processing /home/airflow/.local/lib/python3.7/site-packages/airflow/example_dags/example_time_delta_sensor_async.py took 0.310 seconds
[2022-10-03T01:52:32.957+0000] {processor.py:153} INFO - Started process (PID=72) to work on /home/airflow/.local/lib/python3.7/site-packages/airflow/example_dags/example_time_delta_sensor_async.py
[2022-10-03T01:52:32.958+0000] {processor.py:640} INFO - Processing file /home/airflow/.local/lib/python3.7/site-packages/airflow/example_dags/example_time_delta_sensor_async.py for tasks to queue
[2022-10-03T01:52:32.959+0000] {logging_mixin.py:115} INFO - [2022-10-03T01:52:32.959+0000] {dagbag.py:508} INFO - Filling up the DagBag from /home/airflow/.local/lib/python3.7/site-packages/airflow/example_dags/example_time_delta_sensor_async.py
[2022-10-03T01:52:32.971+0000] {processor.py:650} INFO - DAG(s) dict_keys(['example_time_delta_sensor_async']) retrieved from /home/airflow/.local/lib/python3.7/site-packages/airflow/example_dags/example_time_delta_sensor_async.py
[2022-10-03T01:52:33.407+0000] {logging_mixin.py:115} INFO - [2022-10-03T01:52:33.407+0000] {dag.py:2429} INFO - Sync 1 DAGs
[2022-10-03T01:52:33.426+0000] {logging_mixin.py:115} INFO - [2022-10-03T01:52:33.426+0000] {dag.py:2981} INFO - Setting next_dagrun for example_time_delta_sensor_async to None, run_after=None
[2022-10-03T01:52:33.441+0000] {processor.py:161} INFO - Processing /home/airflow/.local/lib/python3.7/site-packages/airflow/example_dags/example_time_delta_sensor_async.py took 0.488 seconds
[2022-10-03T01:53:04.367+0000] {processor.py:153} INFO - Started process (PID=128) to work on /home/airflow/.local/lib/python3.7/site-packages/airflow/example_dags/example_time_delta_sensor_async.py
[2022-10-03T01:53:04.368+0000] {processor.py:640} INFO - Processing file /home/airflow/.local/lib/python3.7/site-packages/airflow/example_dags/example_time_delta_sensor_async.py for tasks to queue
[2022-10-03T01:53:04.369+0000] {logging_mixin.py:115} INFO - [2022-10-03T01:53:04.369+0000] {dagbag.py:508} INFO - Filling up the DagBag from /home/airflow/.local/lib/python3.7/site-packages/airflow/example_dags/example_time_delta_sensor_async.py
[2022-10-03T01:53:04.373+0000] {processor.py:650} INFO - DAG(s) dict_keys(['example_time_delta_sensor_async']) retrieved from /home/airflow/.local/lib/python3.7/site-packages/airflow/example_dags/example_time_delta_sensor_async.py
[2022-10-03T01:53:04.688+0000] {logging_mixin.py:115} INFO - [2022-10-03T01:53:04.688+0000] {dag.py:2429} INFO - Sync 1 DAGs
[2022-10-03T01:53:04.710+0000] {logging_mixin.py:115} INFO - [2022-10-03T01:53:04.710+0000] {dag.py:2981} INFO - Setting next_dagrun for example_time_delta_sensor_async to None, run_after=None
[2022-10-03T01:53:04.725+0000] {processor.py:161} INFO - Processing /home/airflow/.local/lib/python3.7/site-packages/airflow/example_dags/example_time_delta_sensor_async.py took 0.361 seconds
[2022-10-03T01:53:35.156+0000] {processor.py:153} INFO - Started process (PID=183) to work on /home/airflow/.local/lib/python3.7/site-packages/airflow/example_dags/example_time_delta_sensor_async.py
[2022-10-03T01:53:35.157+0000] {processor.py:640} INFO - Processing file /home/airflow/.local/lib/python3.7/site-packages/airflow/example_dags/example_time_delta_sensor_async.py for tasks to queue
[2022-10-03T01:53:35.158+0000] {logging_mixin.py:115} INFO - [2022-10-03T01:53:35.158+0000] {dagbag.py:508} INFO - Filling up the DagBag from /home/airflow/.local/lib/python3.7/site-packages/airflow/example_dags/example_time_delta_sensor_async.py
[2022-10-03T01:53:35.162+0000] {processor.py:650} INFO - DAG(s) dict_keys(['example_time_delta_sensor_async']) retrieved from /home/airflow/.local/lib/python3.7/site-packages/airflow/example_dags/example_time_delta_sensor_async.py
[2022-10-03T01:53:35.436+0000] {logging_mixin.py:115} INFO - [2022-10-03T01:53:35.436+0000] {dag.py:2429} INFO - Sync 1 DAGs
[2022-10-03T01:53:35.456+0000] {logging_mixin.py:115} INFO - [2022-10-03T01:53:35.456+0000] {dag.py:2981} INFO - Setting next_dagrun for example_time_delta_sensor_async to None, run_after=None
[2022-10-03T01:53:35.471+0000] {processor.py:161} INFO - Processing /home/airflow/.local/lib/python3.7/site-packages/airflow/example_dags/example_time_delta_sensor_async.py took 0.317 seconds
[2022-10-03T01:54:06.015+0000] {processor.py:153} INFO - Started process (PID=238) to work on /home/airflow/.local/lib/python3.7/site-packages/airflow/example_dags/example_time_delta_sensor_async.py
[2022-10-03T01:54:06.016+0000] {processor.py:640} INFO - Processing file /home/airflow/.local/lib/python3.7/site-packages/airflow/example_dags/example_time_delta_sensor_async.py for tasks to queue
[2022-10-03T01:54:06.017+0000] {logging_mixin.py:115} INFO - [2022-10-03T01:54:06.017+0000] {dagbag.py:508} INFO - Filling up the DagBag from /home/airflow/.local/lib/python3.7/site-packages/airflow/example_dags/example_time_delta_sensor_async.py
[2022-10-03T01:54:06.021+0000] {processor.py:650} INFO - DAG(s) dict_keys(['example_time_delta_sensor_async']) retrieved from /home/airflow/.local/lib/python3.7/site-packages/airflow/example_dags/example_time_delta_sensor_async.py
[2022-10-03T01:54:06.315+0000] {logging_mixin.py:115} INFO - [2022-10-03T01:54:06.315+0000] {dag.py:2429} INFO - Sync 1 DAGs
[2022-10-03T01:54:06.336+0000] {logging_mixin.py:115} INFO - [2022-10-03T01:54:06.335+0000] {dag.py:2981} INFO - Setting next_dagrun for example_time_delta_sensor_async to None, run_after=None
[2022-10-03T01:54:06.352+0000] {processor.py:161} INFO - Processing /home/airflow/.local/lib/python3.7/site-packages/airflow/example_dags/example_time_delta_sensor_async.py took 0.339 seconds
[2022-10-03T01:54:37.113+0000] {processor.py:153} INFO - Started process (PID=294) to work on /home/airflow/.local/lib/python3.7/site-packages/airflow/example_dags/example_time_delta_sensor_async.py
[2022-10-03T01:54:37.114+0000] {processor.py:640} INFO - Processing file /home/airflow/.local/lib/python3.7/site-packages/airflow/example_dags/example_time_delta_sensor_async.py for tasks to queue
[2022-10-03T01:54:37.115+0000] {logging_mixin.py:115} INFO - [2022-10-03T01:54:37.115+0000] {dagbag.py:508} INFO - Filling up the DagBag from /home/airflow/.local/lib/python3.7/site-packages/airflow/example_dags/example_time_delta_sensor_async.py
[2022-10-03T01:54:37.123+0000] {processor.py:650} INFO - DAG(s) dict_keys(['example_time_delta_sensor_async']) retrieved from /home/airflow/.local/lib/python3.7/site-packages/airflow/example_dags/example_time_delta_sensor_async.py
[2022-10-03T01:54:37.500+0000] {logging_mixin.py:115} INFO - [2022-10-03T01:54:37.500+0000] {dag.py:2429} INFO - Sync 1 DAGs
[2022-10-03T01:54:37.522+0000] {logging_mixin.py:115} INFO - [2022-10-03T01:54:37.522+0000] {dag.py:2981} INFO - Setting next_dagrun for example_time_delta_sensor_async to None, run_after=None
[2022-10-03T01:54:37.535+0000] {processor.py:161} INFO - Processing /home/airflow/.local/lib/python3.7/site-packages/airflow/example_dags/example_time_delta_sensor_async.py took 0.425 seconds
[2022-10-03T01:55:07.587+0000] {processor.py:153} INFO - Started process (PID=350) to work on /home/airflow/.local/lib/python3.7/site-packages/airflow/example_dags/example_time_delta_sensor_async.py
[2022-10-03T01:55:07.588+0000] {processor.py:640} INFO - Processing file /home/airflow/.local/lib/python3.7/site-packages/airflow/example_dags/example_time_delta_sensor_async.py for tasks to queue
[2022-10-03T01:55:07.589+0000] {logging_mixin.py:115} INFO - [2022-10-03T01:55:07.589+0000] {dagbag.py:508} INFO - Filling up the DagBag from /home/airflow/.local/lib/python3.7/site-packages/airflow/example_dags/example_time_delta_sensor_async.py
[2022-10-03T01:55:07.594+0000] {processor.py:650} INFO - DAG(s) dict_keys(['example_time_delta_sensor_async']) retrieved from /home/airflow/.local/lib/python3.7/site-packages/airflow/example_dags/example_time_delta_sensor_async.py
[2022-10-03T01:55:07.920+0000] {logging_mixin.py:115} INFO - [2022-10-03T01:55:07.920+0000] {dag.py:2429} INFO - Sync 1 DAGs
[2022-10-03T01:55:07.940+0000] {logging_mixin.py:115} INFO - [2022-10-03T01:55:07.940+0000] {dag.py:2981} INFO - Setting next_dagrun for example_time_delta_sensor_async to None, run_after=None
[2022-10-03T01:55:07.955+0000] {processor.py:161} INFO - Processing /home/airflow/.local/lib/python3.7/site-packages/airflow/example_dags/example_time_delta_sensor_async.py took 0.371 seconds
[2022-10-03T01:55:38.212+0000] {processor.py:153} INFO - Started process (PID=404) to work on /home/airflow/.local/lib/python3.7/site-packages/airflow/example_dags/example_time_delta_sensor_async.py
[2022-10-03T01:55:38.213+0000] {processor.py:640} INFO - Processing file /home/airflow/.local/lib/python3.7/site-packages/airflow/example_dags/example_time_delta_sensor_async.py for tasks to queue
[2022-10-03T01:55:38.214+0000] {logging_mixin.py:115} INFO - [2022-10-03T01:55:38.213+0000] {dagbag.py:508} INFO - Filling up the DagBag from /home/airflow/.local/lib/python3.7/site-packages/airflow/example_dags/example_time_delta_sensor_async.py
[2022-10-03T01:55:38.218+0000] {processor.py:650} INFO - DAG(s) dict_keys(['example_time_delta_sensor_async']) retrieved from /home/airflow/.local/lib/python3.7/site-packages/airflow/example_dags/example_time_delta_sensor_async.py
[2022-10-03T01:55:38.490+0000] {logging_mixin.py:115} INFO - [2022-10-03T01:55:38.489+0000] {dag.py:2429} INFO - Sync 1 DAGs
[2022-10-03T01:55:38.510+0000] {logging_mixin.py:115} INFO - [2022-10-03T01:55:38.510+0000] {dag.py:2981} INFO - Setting next_dagrun for example_time_delta_sensor_async to None, run_after=None
[2022-10-03T01:55:38.526+0000] {processor.py:161} INFO - Processing /home/airflow/.local/lib/python3.7/site-packages/airflow/example_dags/example_time_delta_sensor_async.py took 0.317 seconds
[2022-10-03T01:56:08.736+0000] {processor.py:153} INFO - Started process (PID=459) to work on /home/airflow/.local/lib/python3.7/site-packages/airflow/example_dags/example_time_delta_sensor_async.py
[2022-10-03T01:56:08.737+0000] {processor.py:640} INFO - Processing file /home/airflow/.local/lib/python3.7/site-packages/airflow/example_dags/example_time_delta_sensor_async.py for tasks to queue
[2022-10-03T01:56:08.738+0000] {logging_mixin.py:115} INFO - [2022-10-03T01:56:08.738+0000] {dagbag.py:508} INFO - Filling up the DagBag from /home/airflow/.local/lib/python3.7/site-packages/airflow/example_dags/example_time_delta_sensor_async.py
[2022-10-03T01:56:08.742+0000] {processor.py:650} INFO - DAG(s) dict_keys(['example_time_delta_sensor_async']) retrieved from /home/airflow/.local/lib/python3.7/site-packages/airflow/example_dags/example_time_delta_sensor_async.py
[2022-10-03T01:56:09.003+0000] {logging_mixin.py:115} INFO - [2022-10-03T01:56:09.003+0000] {dag.py:2429} INFO - Sync 1 DAGs
[2022-10-03T01:56:09.024+0000] {logging_mixin.py:115} INFO - [2022-10-03T01:56:09.024+0000] {dag.py:2981} INFO - Setting next_dagrun for example_time_delta_sensor_async to None, run_after=None
[2022-10-03T01:56:09.039+0000] {processor.py:161} INFO - Processing /home/airflow/.local/lib/python3.7/site-packages/airflow/example_dags/example_time_delta_sensor_async.py took 0.305 seconds
[2022-10-03T01:56:39.635+0000] {processor.py:153} INFO - Started process (PID=514) to work on /home/airflow/.local/lib/python3.7/site-packages/airflow/example_dags/example_time_delta_sensor_async.py
[2022-10-03T01:56:39.636+0000] {processor.py:640} INFO - Processing file /home/airflow/.local/lib/python3.7/site-packages/airflow/example_dags/example_time_delta_sensor_async.py for tasks to queue
[2022-10-03T01:56:39.638+0000] {logging_mixin.py:115} INFO - [2022-10-03T01:56:39.637+0000] {dagbag.py:508} INFO - Filling up the DagBag from /home/airflow/.local/lib/python3.7/site-packages/airflow/example_dags/example_time_delta_sensor_async.py
[2022-10-03T01:56:39.643+0000] {processor.py:650} INFO - DAG(s) dict_keys(['example_time_delta_sensor_async']) retrieved from /home/airflow/.local/lib/python3.7/site-packages/airflow/example_dags/example_time_delta_sensor_async.py
[2022-10-03T01:56:39.911+0000] {logging_mixin.py:115} INFO - [2022-10-03T01:56:39.910+0000] {dag.py:2429} INFO - Sync 1 DAGs
[2022-10-03T01:56:39.931+0000] {logging_mixin.py:115} INFO - [2022-10-03T01:56:39.931+0000] {dag.py:2981} INFO - Setting next_dagrun for example_time_delta_sensor_async to None, run_after=None
[2022-10-03T01:56:39.943+0000] {processor.py:161} INFO - Processing /home/airflow/.local/lib/python3.7/site-packages/airflow/example_dags/example_time_delta_sensor_async.py took 0.310 seconds
[2022-10-03T01:57:10.085+0000] {processor.py:153} INFO - Started process (PID=569) to work on /home/airflow/.local/lib/python3.7/site-packages/airflow/example_dags/example_time_delta_sensor_async.py
[2022-10-03T01:57:10.086+0000] {processor.py:640} INFO - Processing file /home/airflow/.local/lib/python3.7/site-packages/airflow/example_dags/example_time_delta_sensor_async.py for tasks to queue
[2022-10-03T01:57:10.087+0000] {logging_mixin.py:115} INFO - [2022-10-03T01:57:10.087+0000] {dagbag.py:508} INFO - Filling up the DagBag from /home/airflow/.local/lib/python3.7/site-packages/airflow/example_dags/example_time_delta_sensor_async.py
[2022-10-03T01:57:10.092+0000] {processor.py:650} INFO - DAG(s) dict_keys(['example_time_delta_sensor_async']) retrieved from /home/airflow/.local/lib/python3.7/site-packages/airflow/example_dags/example_time_delta_sensor_async.py
[2022-10-03T01:57:10.373+0000] {logging_mixin.py:115} INFO - [2022-10-03T01:57:10.373+0000] {dag.py:2429} INFO - Sync 1 DAGs
[2022-10-03T01:57:10.395+0000] {logging_mixin.py:115} INFO - [2022-10-03T01:57:10.395+0000] {dag.py:2981} INFO - Setting next_dagrun for example_time_delta_sensor_async to None, run_after=None
[2022-10-03T01:57:10.410+0000] {processor.py:161} INFO - Processing /home/airflow/.local/lib/python3.7/site-packages/airflow/example_dags/example_time_delta_sensor_async.py took 0.328 seconds
[2022-10-03T01:57:40.617+0000] {processor.py:153} INFO - Started process (PID=624) to work on /home/airflow/.local/lib/python3.7/site-packages/airflow/example_dags/example_time_delta_sensor_async.py
[2022-10-03T01:57:40.617+0000] {processor.py:640} INFO - Processing file /home/airflow/.local/lib/python3.7/site-packages/airflow/example_dags/example_time_delta_sensor_async.py for tasks to queue
[2022-10-03T01:57:40.618+0000] {logging_mixin.py:115} INFO - [2022-10-03T01:57:40.618+0000] {dagbag.py:508} INFO - Filling up the DagBag from /home/airflow/.local/lib/python3.7/site-packages/airflow/example_dags/example_time_delta_sensor_async.py
[2022-10-03T01:57:40.622+0000] {processor.py:650} INFO - DAG(s) dict_keys(['example_time_delta_sensor_async']) retrieved from /home/airflow/.local/lib/python3.7/site-packages/airflow/example_dags/example_time_delta_sensor_async.py
[2022-10-03T01:57:40.931+0000] {logging_mixin.py:115} INFO - [2022-10-03T01:57:40.931+0000] {dag.py:2429} INFO - Sync 1 DAGs
[2022-10-03T01:57:40.957+0000] {logging_mixin.py:115} INFO - [2022-10-03T01:57:40.956+0000] {dag.py:2981} INFO - Setting next_dagrun for example_time_delta_sensor_async to None, run_after=None
[2022-10-03T01:57:40.973+0000] {processor.py:161} INFO - Processing /home/airflow/.local/lib/python3.7/site-packages/airflow/example_dags/example_time_delta_sensor_async.py took 0.359 seconds
[2022-10-03T01:58:11.355+0000] {processor.py:153} INFO - Started process (PID=679) to work on /home/airflow/.local/lib/python3.7/site-packages/airflow/example_dags/example_time_delta_sensor_async.py
[2022-10-03T01:58:11.356+0000] {processor.py:640} INFO - Processing file /home/airflow/.local/lib/python3.7/site-packages/airflow/example_dags/example_time_delta_sensor_async.py for tasks to queue
[2022-10-03T01:58:11.357+0000] {logging_mixin.py:115} INFO - [2022-10-03T01:58:11.357+0000] {dagbag.py:508} INFO - Filling up the DagBag from /home/airflow/.local/lib/python3.7/site-packages/airflow/example_dags/example_time_delta_sensor_async.py
[2022-10-03T01:58:11.361+0000] {processor.py:650} INFO - DAG(s) dict_keys(['example_time_delta_sensor_async']) retrieved from /home/airflow/.local/lib/python3.7/site-packages/airflow/example_dags/example_time_delta_sensor_async.py
[2022-10-03T01:58:11.661+0000] {logging_mixin.py:115} INFO - [2022-10-03T01:58:11.661+0000] {dag.py:2429} INFO - Sync 1 DAGs
[2022-10-03T01:58:11.680+0000] {logging_mixin.py:115} INFO - [2022-10-03T01:58:11.680+0000] {dag.py:2981} INFO - Setting next_dagrun for example_time_delta_sensor_async to None, run_after=None
[2022-10-03T01:58:11.694+0000] {processor.py:161} INFO - Processing /home/airflow/.local/lib/python3.7/site-packages/airflow/example_dags/example_time_delta_sensor_async.py took 0.342 seconds
[2022-10-03T01:58:41.756+0000] {processor.py:153} INFO - Started process (PID=734) to work on /home/airflow/.local/lib/python3.7/site-packages/airflow/example_dags/example_time_delta_sensor_async.py
[2022-10-03T01:58:41.757+0000] {processor.py:640} INFO - Processing file /home/airflow/.local/lib/python3.7/site-packages/airflow/example_dags/example_time_delta_sensor_async.py for tasks to queue
[2022-10-03T01:58:41.758+0000] {logging_mixin.py:115} INFO - [2022-10-03T01:58:41.758+0000] {dagbag.py:508} INFO - Filling up the DagBag from /home/airflow/.local/lib/python3.7/site-packages/airflow/example_dags/example_time_delta_sensor_async.py
[2022-10-03T01:58:41.762+0000] {processor.py:650} INFO - DAG(s) dict_keys(['example_time_delta_sensor_async']) retrieved from /home/airflow/.local/lib/python3.7/site-packages/airflow/example_dags/example_time_delta_sensor_async.py
[2022-10-03T01:58:42.015+0000] {logging_mixin.py:115} INFO - [2022-10-03T01:58:42.015+0000] {dag.py:2429} INFO - Sync 1 DAGs
[2022-10-03T01:58:42.035+0000] {logging_mixin.py:115} INFO - [2022-10-03T01:58:42.035+0000] {dag.py:2981} INFO - Setting next_dagrun for example_time_delta_sensor_async to None, run_after=None
[2022-10-03T01:58:42.048+0000] {processor.py:161} INFO - Processing /home/airflow/.local/lib/python3.7/site-packages/airflow/example_dags/example_time_delta_sensor_async.py took 0.295 seconds
[2022-10-03T01:59:12.467+0000] {processor.py:153} INFO - Started process (PID=789) to work on /home/airflow/.local/lib/python3.7/site-packages/airflow/example_dags/example_time_delta_sensor_async.py
[2022-10-03T01:59:12.468+0000] {processor.py:640} INFO - Processing file /home/airflow/.local/lib/python3.7/site-packages/airflow/example_dags/example_time_delta_sensor_async.py for tasks to queue
[2022-10-03T01:59:12.468+0000] {logging_mixin.py:115} INFO - [2022-10-03T01:59:12.468+0000] {dagbag.py:508} INFO - Filling up the DagBag from /home/airflow/.local/lib/python3.7/site-packages/airflow/example_dags/example_time_delta_sensor_async.py
[2022-10-03T01:59:12.474+0000] {processor.py:650} INFO - DAG(s) dict_keys(['example_time_delta_sensor_async']) retrieved from /home/airflow/.local/lib/python3.7/site-packages/airflow/example_dags/example_time_delta_sensor_async.py
[2022-10-03T01:59:12.861+0000] {logging_mixin.py:115} INFO - [2022-10-03T01:59:12.861+0000] {dag.py:2429} INFO - Sync 1 DAGs
[2022-10-03T01:59:12.887+0000] {logging_mixin.py:115} INFO - [2022-10-03T01:59:12.886+0000] {dag.py:2981} INFO - Setting next_dagrun for example_time_delta_sensor_async to None, run_after=None
[2022-10-03T01:59:12.903+0000] {processor.py:161} INFO - Processing /home/airflow/.local/lib/python3.7/site-packages/airflow/example_dags/example_time_delta_sensor_async.py took 0.438 seconds
[2022-10-03T01:59:43.196+0000] {processor.py:153} INFO - Started process (PID=852) to work on /home/airflow/.local/lib/python3.7/site-packages/airflow/example_dags/example_time_delta_sensor_async.py
[2022-10-03T01:59:43.197+0000] {processor.py:640} INFO - Processing file /home/airflow/.local/lib/python3.7/site-packages/airflow/example_dags/example_time_delta_sensor_async.py for tasks to queue
[2022-10-03T01:59:43.198+0000] {logging_mixin.py:115} INFO - [2022-10-03T01:59:43.198+0000] {dagbag.py:508} INFO - Filling up the DagBag from /home/airflow/.local/lib/python3.7/site-packages/airflow/example_dags/example_time_delta_sensor_async.py
[2022-10-03T01:59:43.202+0000] {processor.py:650} INFO - DAG(s) dict_keys(['example_time_delta_sensor_async']) retrieved from /home/airflow/.local/lib/python3.7/site-packages/airflow/example_dags/example_time_delta_sensor_async.py
[2022-10-03T01:59:43.473+0000] {logging_mixin.py:115} INFO - [2022-10-03T01:59:43.472+0000] {dag.py:2429} INFO - Sync 1 DAGs
[2022-10-03T01:59:43.495+0000] {logging_mixin.py:115} INFO - [2022-10-03T01:59:43.495+0000] {dag.py:2981} INFO - Setting next_dagrun for example_time_delta_sensor_async to None, run_after=None
[2022-10-03T01:59:43.513+0000] {processor.py:161} INFO - Processing /home/airflow/.local/lib/python3.7/site-packages/airflow/example_dags/example_time_delta_sensor_async.py took 0.320 seconds
