[2022-10-03T01:29:50.400+0000] {processor.py:153} INFO - Started process (PID=75) to work on /home/airflow/.local/lib/python3.7/site-packages/airflow/example_dags/example_branch_python_dop_operator_3.py
[2022-10-03T01:29:50.401+0000] {processor.py:640} INFO - Processing file /home/airflow/.local/lib/python3.7/site-packages/airflow/example_dags/example_branch_python_dop_operator_3.py for tasks to queue
[2022-10-03T01:29:50.403+0000] {logging_mixin.py:115} INFO - [2022-10-03T01:29:50.403+0000] {dagbag.py:508} INFO - Filling up the DagBag from /home/airflow/.local/lib/python3.7/site-packages/airflow/example_dags/example_branch_python_dop_operator_3.py
[2022-10-03T01:29:50.417+0000] {processor.py:650} INFO - DAG(s) dict_keys(['example_branch_dop_operator_v3']) retrieved from /home/airflow/.local/lib/python3.7/site-packages/airflow/example_dags/example_branch_python_dop_operator_3.py
[2022-10-03T01:29:50.702+0000] {logging_mixin.py:115} INFO - [2022-10-03T01:29:50.702+0000] {manager.py:508} INFO - Created Permission View: can edit on DAG:example_branch_dop_operator_v3
[2022-10-03T01:29:50.719+0000] {logging_mixin.py:115} INFO - [2022-10-03T01:29:50.718+0000] {manager.py:508} INFO - Created Permission View: can read on DAG:example_branch_dop_operator_v3
[2022-10-03T01:29:50.732+0000] {logging_mixin.py:115} INFO - [2022-10-03T01:29:50.732+0000] {manager.py:508} INFO - Created Permission View: can delete on DAG:example_branch_dop_operator_v3
[2022-10-03T01:29:50.733+0000] {logging_mixin.py:115} INFO - [2022-10-03T01:29:50.733+0000] {dag.py:2429} INFO - Sync 1 DAGs
[2022-10-03T01:29:50.745+0000] {logging_mixin.py:115} INFO - [2022-10-03T01:29:50.745+0000] {dag.py:2448} INFO - Creating ORM DAG for example_branch_dop_operator_v3
[2022-10-03T01:29:50.764+0000] {logging_mixin.py:115} INFO - [2022-10-03T01:29:50.764+0000] {dag.py:2981} INFO - Setting next_dagrun for example_branch_dop_operator_v3 to 2022-10-03T01:28:00+00:00, run_after=2022-10-03T01:29:00+00:00
[2022-10-03T01:29:50.783+0000] {processor.py:161} INFO - Processing /home/airflow/.local/lib/python3.7/site-packages/airflow/example_dags/example_branch_python_dop_operator_3.py took 0.386 seconds
[2022-10-03T01:30:21.031+0000] {processor.py:153} INFO - Started process (PID=130) to work on /home/airflow/.local/lib/python3.7/site-packages/airflow/example_dags/example_branch_python_dop_operator_3.py
[2022-10-03T01:30:21.032+0000] {processor.py:640} INFO - Processing file /home/airflow/.local/lib/python3.7/site-packages/airflow/example_dags/example_branch_python_dop_operator_3.py for tasks to queue
[2022-10-03T01:30:21.033+0000] {logging_mixin.py:115} INFO - [2022-10-03T01:30:21.033+0000] {dagbag.py:508} INFO - Filling up the DagBag from /home/airflow/.local/lib/python3.7/site-packages/airflow/example_dags/example_branch_python_dop_operator_3.py
[2022-10-03T01:30:21.045+0000] {processor.py:650} INFO - DAG(s) dict_keys(['example_branch_dop_operator_v3']) retrieved from /home/airflow/.local/lib/python3.7/site-packages/airflow/example_dags/example_branch_python_dop_operator_3.py
[2022-10-03T01:30:21.067+0000] {logging_mixin.py:115} INFO - [2022-10-03T01:30:21.067+0000] {dag.py:2429} INFO - Sync 1 DAGs
[2022-10-03T01:30:21.193+0000] {logging_mixin.py:115} INFO - [2022-10-03T01:30:21.193+0000] {dag.py:2981} INFO - Setting next_dagrun for example_branch_dop_operator_v3 to 2022-10-03T01:29:00+00:00, run_after=2022-10-03T01:30:00+00:00
[2022-10-03T01:30:21.206+0000] {processor.py:161} INFO - Processing /home/airflow/.local/lib/python3.7/site-packages/airflow/example_dags/example_branch_python_dop_operator_3.py took 0.177 seconds
[2022-10-03T01:30:51.732+0000] {processor.py:153} INFO - Started process (PID=185) to work on /home/airflow/.local/lib/python3.7/site-packages/airflow/example_dags/example_branch_python_dop_operator_3.py
[2022-10-03T01:30:51.733+0000] {processor.py:640} INFO - Processing file /home/airflow/.local/lib/python3.7/site-packages/airflow/example_dags/example_branch_python_dop_operator_3.py for tasks to queue
[2022-10-03T01:30:51.734+0000] {logging_mixin.py:115} INFO - [2022-10-03T01:30:51.734+0000] {dagbag.py:508} INFO - Filling up the DagBag from /home/airflow/.local/lib/python3.7/site-packages/airflow/example_dags/example_branch_python_dop_operator_3.py
[2022-10-03T01:30:51.746+0000] {processor.py:650} INFO - DAG(s) dict_keys(['example_branch_dop_operator_v3']) retrieved from /home/airflow/.local/lib/python3.7/site-packages/airflow/example_dags/example_branch_python_dop_operator_3.py
[2022-10-03T01:30:51.769+0000] {logging_mixin.py:115} INFO - [2022-10-03T01:30:51.768+0000] {dag.py:2429} INFO - Sync 1 DAGs
[2022-10-03T01:30:51.887+0000] {logging_mixin.py:115} INFO - [2022-10-03T01:30:51.887+0000] {dag.py:2981} INFO - Setting next_dagrun for example_branch_dop_operator_v3 to 2022-10-03T01:29:00+00:00, run_after=2022-10-03T01:30:00+00:00
[2022-10-03T01:30:51.898+0000] {processor.py:161} INFO - Processing /home/airflow/.local/lib/python3.7/site-packages/airflow/example_dags/example_branch_python_dop_operator_3.py took 0.169 seconds
[2022-10-03T01:31:22.468+0000] {processor.py:153} INFO - Started process (PID=240) to work on /home/airflow/.local/lib/python3.7/site-packages/airflow/example_dags/example_branch_python_dop_operator_3.py
[2022-10-03T01:31:22.468+0000] {processor.py:640} INFO - Processing file /home/airflow/.local/lib/python3.7/site-packages/airflow/example_dags/example_branch_python_dop_operator_3.py for tasks to queue
[2022-10-03T01:31:22.469+0000] {logging_mixin.py:115} INFO - [2022-10-03T01:31:22.469+0000] {dagbag.py:508} INFO - Filling up the DagBag from /home/airflow/.local/lib/python3.7/site-packages/airflow/example_dags/example_branch_python_dop_operator_3.py
[2022-10-03T01:31:22.480+0000] {processor.py:650} INFO - DAG(s) dict_keys(['example_branch_dop_operator_v3']) retrieved from /home/airflow/.local/lib/python3.7/site-packages/airflow/example_dags/example_branch_python_dop_operator_3.py
[2022-10-03T01:31:22.502+0000] {logging_mixin.py:115} INFO - [2022-10-03T01:31:22.502+0000] {dag.py:2429} INFO - Sync 1 DAGs
[2022-10-03T01:31:22.624+0000] {logging_mixin.py:115} INFO - [2022-10-03T01:31:22.624+0000] {dag.py:2981} INFO - Setting next_dagrun for example_branch_dop_operator_v3 to 2022-10-03T01:30:00+00:00, run_after=2022-10-03T01:31:00+00:00
[2022-10-03T01:31:22.640+0000] {processor.py:161} INFO - Processing /home/airflow/.local/lib/python3.7/site-packages/airflow/example_dags/example_branch_python_dop_operator_3.py took 0.175 seconds
[2022-10-03T01:31:53.188+0000] {processor.py:153} INFO - Started process (PID=296) to work on /home/airflow/.local/lib/python3.7/site-packages/airflow/example_dags/example_branch_python_dop_operator_3.py
[2022-10-03T01:31:53.189+0000] {processor.py:640} INFO - Processing file /home/airflow/.local/lib/python3.7/site-packages/airflow/example_dags/example_branch_python_dop_operator_3.py for tasks to queue
[2022-10-03T01:31:53.190+0000] {logging_mixin.py:115} INFO - [2022-10-03T01:31:53.190+0000] {dagbag.py:508} INFO - Filling up the DagBag from /home/airflow/.local/lib/python3.7/site-packages/airflow/example_dags/example_branch_python_dop_operator_3.py
[2022-10-03T01:31:53.199+0000] {processor.py:650} INFO - DAG(s) dict_keys(['example_branch_dop_operator_v3']) retrieved from /home/airflow/.local/lib/python3.7/site-packages/airflow/example_dags/example_branch_python_dop_operator_3.py
[2022-10-03T01:31:53.225+0000] {logging_mixin.py:115} INFO - [2022-10-03T01:31:53.224+0000] {dag.py:2429} INFO - Sync 1 DAGs
[2022-10-03T01:31:53.341+0000] {logging_mixin.py:115} INFO - [2022-10-03T01:31:53.341+0000] {dag.py:2981} INFO - Setting next_dagrun for example_branch_dop_operator_v3 to 2022-10-03T01:30:00+00:00, run_after=2022-10-03T01:31:00+00:00
[2022-10-03T01:31:53.355+0000] {processor.py:161} INFO - Processing /home/airflow/.local/lib/python3.7/site-packages/airflow/example_dags/example_branch_python_dop_operator_3.py took 0.169 seconds
[2022-10-03T01:32:23.950+0000] {processor.py:153} INFO - Started process (PID=351) to work on /home/airflow/.local/lib/python3.7/site-packages/airflow/example_dags/example_branch_python_dop_operator_3.py
[2022-10-03T01:32:23.951+0000] {processor.py:640} INFO - Processing file /home/airflow/.local/lib/python3.7/site-packages/airflow/example_dags/example_branch_python_dop_operator_3.py for tasks to queue
[2022-10-03T01:32:23.952+0000] {logging_mixin.py:115} INFO - [2022-10-03T01:32:23.952+0000] {dagbag.py:508} INFO - Filling up the DagBag from /home/airflow/.local/lib/python3.7/site-packages/airflow/example_dags/example_branch_python_dop_operator_3.py
[2022-10-03T01:32:23.962+0000] {processor.py:650} INFO - DAG(s) dict_keys(['example_branch_dop_operator_v3']) retrieved from /home/airflow/.local/lib/python3.7/site-packages/airflow/example_dags/example_branch_python_dop_operator_3.py
[2022-10-03T01:32:23.987+0000] {logging_mixin.py:115} INFO - [2022-10-03T01:32:23.987+0000] {dag.py:2429} INFO - Sync 1 DAGs
[2022-10-03T01:32:24.136+0000] {logging_mixin.py:115} INFO - [2022-10-03T01:32:24.136+0000] {dag.py:2981} INFO - Setting next_dagrun for example_branch_dop_operator_v3 to 2022-10-03T01:31:00+00:00, run_after=2022-10-03T01:32:00+00:00
[2022-10-03T01:32:24.154+0000] {processor.py:161} INFO - Processing /home/airflow/.local/lib/python3.7/site-packages/airflow/example_dags/example_branch_python_dop_operator_3.py took 0.207 seconds
[2022-10-03T01:32:54.847+0000] {processor.py:153} INFO - Started process (PID=406) to work on /home/airflow/.local/lib/python3.7/site-packages/airflow/example_dags/example_branch_python_dop_operator_3.py
[2022-10-03T01:32:54.847+0000] {processor.py:640} INFO - Processing file /home/airflow/.local/lib/python3.7/site-packages/airflow/example_dags/example_branch_python_dop_operator_3.py for tasks to queue
[2022-10-03T01:32:54.848+0000] {logging_mixin.py:115} INFO - [2022-10-03T01:32:54.848+0000] {dagbag.py:508} INFO - Filling up the DagBag from /home/airflow/.local/lib/python3.7/site-packages/airflow/example_dags/example_branch_python_dop_operator_3.py
[2022-10-03T01:32:54.858+0000] {processor.py:650} INFO - DAG(s) dict_keys(['example_branch_dop_operator_v3']) retrieved from /home/airflow/.local/lib/python3.7/site-packages/airflow/example_dags/example_branch_python_dop_operator_3.py
[2022-10-03T01:32:54.881+0000] {logging_mixin.py:115} INFO - [2022-10-03T01:32:54.881+0000] {dag.py:2429} INFO - Sync 1 DAGs
[2022-10-03T01:32:54.996+0000] {logging_mixin.py:115} INFO - [2022-10-03T01:32:54.996+0000] {dag.py:2981} INFO - Setting next_dagrun for example_branch_dop_operator_v3 to 2022-10-03T01:31:00+00:00, run_after=2022-10-03T01:32:00+00:00
[2022-10-03T01:32:55.008+0000] {processor.py:161} INFO - Processing /home/airflow/.local/lib/python3.7/site-packages/airflow/example_dags/example_branch_python_dop_operator_3.py took 0.164 seconds
[2022-10-03T01:33:25.583+0000] {processor.py:153} INFO - Started process (PID=461) to work on /home/airflow/.local/lib/python3.7/site-packages/airflow/example_dags/example_branch_python_dop_operator_3.py
[2022-10-03T01:33:25.584+0000] {processor.py:640} INFO - Processing file /home/airflow/.local/lib/python3.7/site-packages/airflow/example_dags/example_branch_python_dop_operator_3.py for tasks to queue
[2022-10-03T01:33:25.587+0000] {logging_mixin.py:115} INFO - [2022-10-03T01:33:25.586+0000] {dagbag.py:508} INFO - Filling up the DagBag from /home/airflow/.local/lib/python3.7/site-packages/airflow/example_dags/example_branch_python_dop_operator_3.py
[2022-10-03T01:33:25.599+0000] {processor.py:650} INFO - DAG(s) dict_keys(['example_branch_dop_operator_v3']) retrieved from /home/airflow/.local/lib/python3.7/site-packages/airflow/example_dags/example_branch_python_dop_operator_3.py
[2022-10-03T01:33:25.622+0000] {logging_mixin.py:115} INFO - [2022-10-03T01:33:25.622+0000] {dag.py:2429} INFO - Sync 1 DAGs
[2022-10-03T01:33:25.739+0000] {logging_mixin.py:115} INFO - [2022-10-03T01:33:25.739+0000] {dag.py:2981} INFO - Setting next_dagrun for example_branch_dop_operator_v3 to 2022-10-03T01:32:00+00:00, run_after=2022-10-03T01:33:00+00:00
[2022-10-03T01:33:25.752+0000] {processor.py:161} INFO - Processing /home/airflow/.local/lib/python3.7/site-packages/airflow/example_dags/example_branch_python_dop_operator_3.py took 0.172 seconds
[2022-10-03T01:33:56.351+0000] {processor.py:153} INFO - Started process (PID=516) to work on /home/airflow/.local/lib/python3.7/site-packages/airflow/example_dags/example_branch_python_dop_operator_3.py
[2022-10-03T01:33:56.352+0000] {processor.py:640} INFO - Processing file /home/airflow/.local/lib/python3.7/site-packages/airflow/example_dags/example_branch_python_dop_operator_3.py for tasks to queue
[2022-10-03T01:33:56.353+0000] {logging_mixin.py:115} INFO - [2022-10-03T01:33:56.353+0000] {dagbag.py:508} INFO - Filling up the DagBag from /home/airflow/.local/lib/python3.7/site-packages/airflow/example_dags/example_branch_python_dop_operator_3.py
[2022-10-03T01:33:56.363+0000] {processor.py:650} INFO - DAG(s) dict_keys(['example_branch_dop_operator_v3']) retrieved from /home/airflow/.local/lib/python3.7/site-packages/airflow/example_dags/example_branch_python_dop_operator_3.py
[2022-10-03T01:33:56.389+0000] {logging_mixin.py:115} INFO - [2022-10-03T01:33:56.389+0000] {dag.py:2429} INFO - Sync 1 DAGs
[2022-10-03T01:33:56.523+0000] {logging_mixin.py:115} INFO - [2022-10-03T01:33:56.523+0000] {dag.py:2981} INFO - Setting next_dagrun for example_branch_dop_operator_v3 to 2022-10-03T01:32:00+00:00, run_after=2022-10-03T01:33:00+00:00
[2022-10-03T01:33:56.539+0000] {processor.py:161} INFO - Processing /home/airflow/.local/lib/python3.7/site-packages/airflow/example_dags/example_branch_python_dop_operator_3.py took 0.190 seconds
[2022-10-03T01:34:27.055+0000] {processor.py:153} INFO - Started process (PID=571) to work on /home/airflow/.local/lib/python3.7/site-packages/airflow/example_dags/example_branch_python_dop_operator_3.py
[2022-10-03T01:34:27.056+0000] {processor.py:640} INFO - Processing file /home/airflow/.local/lib/python3.7/site-packages/airflow/example_dags/example_branch_python_dop_operator_3.py for tasks to queue
[2022-10-03T01:34:27.057+0000] {logging_mixin.py:115} INFO - [2022-10-03T01:34:27.057+0000] {dagbag.py:508} INFO - Filling up the DagBag from /home/airflow/.local/lib/python3.7/site-packages/airflow/example_dags/example_branch_python_dop_operator_3.py
[2022-10-03T01:34:27.065+0000] {processor.py:650} INFO - DAG(s) dict_keys(['example_branch_dop_operator_v3']) retrieved from /home/airflow/.local/lib/python3.7/site-packages/airflow/example_dags/example_branch_python_dop_operator_3.py
[2022-10-03T01:34:27.091+0000] {logging_mixin.py:115} INFO - [2022-10-03T01:34:27.091+0000] {dag.py:2429} INFO - Sync 1 DAGs
[2022-10-03T01:34:27.215+0000] {logging_mixin.py:115} INFO - [2022-10-03T01:34:27.215+0000] {dag.py:2981} INFO - Setting next_dagrun for example_branch_dop_operator_v3 to 2022-10-03T01:33:00+00:00, run_after=2022-10-03T01:34:00+00:00
[2022-10-03T01:34:27.228+0000] {processor.py:161} INFO - Processing /home/airflow/.local/lib/python3.7/site-packages/airflow/example_dags/example_branch_python_dop_operator_3.py took 0.176 seconds
[2022-10-03T01:34:57.717+0000] {processor.py:153} INFO - Started process (PID=626) to work on /home/airflow/.local/lib/python3.7/site-packages/airflow/example_dags/example_branch_python_dop_operator_3.py
[2022-10-03T01:34:57.718+0000] {processor.py:640} INFO - Processing file /home/airflow/.local/lib/python3.7/site-packages/airflow/example_dags/example_branch_python_dop_operator_3.py for tasks to queue
[2022-10-03T01:34:57.719+0000] {logging_mixin.py:115} INFO - [2022-10-03T01:34:57.718+0000] {dagbag.py:508} INFO - Filling up the DagBag from /home/airflow/.local/lib/python3.7/site-packages/airflow/example_dags/example_branch_python_dop_operator_3.py
[2022-10-03T01:34:57.731+0000] {processor.py:650} INFO - DAG(s) dict_keys(['example_branch_dop_operator_v3']) retrieved from /home/airflow/.local/lib/python3.7/site-packages/airflow/example_dags/example_branch_python_dop_operator_3.py
[2022-10-03T01:34:57.764+0000] {logging_mixin.py:115} INFO - [2022-10-03T01:34:57.764+0000] {dag.py:2429} INFO - Sync 1 DAGs
[2022-10-03T01:34:57.894+0000] {logging_mixin.py:115} INFO - [2022-10-03T01:34:57.894+0000] {dag.py:2981} INFO - Setting next_dagrun for example_branch_dop_operator_v3 to 2022-10-03T01:33:00+00:00, run_after=2022-10-03T01:34:00+00:00
[2022-10-03T01:34:57.907+0000] {processor.py:161} INFO - Processing /home/airflow/.local/lib/python3.7/site-packages/airflow/example_dags/example_branch_python_dop_operator_3.py took 0.193 seconds
[2022-10-03T01:35:28.710+0000] {processor.py:153} INFO - Started process (PID=687) to work on /home/airflow/.local/lib/python3.7/site-packages/airflow/example_dags/example_branch_python_dop_operator_3.py
[2022-10-03T01:35:28.711+0000] {processor.py:640} INFO - Processing file /home/airflow/.local/lib/python3.7/site-packages/airflow/example_dags/example_branch_python_dop_operator_3.py for tasks to queue
[2022-10-03T01:35:28.712+0000] {logging_mixin.py:115} INFO - [2022-10-03T01:35:28.712+0000] {dagbag.py:508} INFO - Filling up the DagBag from /home/airflow/.local/lib/python3.7/site-packages/airflow/example_dags/example_branch_python_dop_operator_3.py
[2022-10-03T01:35:28.723+0000] {processor.py:650} INFO - DAG(s) dict_keys(['example_branch_dop_operator_v3']) retrieved from /home/airflow/.local/lib/python3.7/site-packages/airflow/example_dags/example_branch_python_dop_operator_3.py
[2022-10-03T01:35:28.751+0000] {logging_mixin.py:115} INFO - [2022-10-03T01:35:28.751+0000] {dag.py:2429} INFO - Sync 1 DAGs
[2022-10-03T01:35:28.890+0000] {logging_mixin.py:115} INFO - [2022-10-03T01:35:28.890+0000] {dag.py:2981} INFO - Setting next_dagrun for example_branch_dop_operator_v3 to 2022-10-03T01:34:00+00:00, run_after=2022-10-03T01:35:00+00:00
[2022-10-03T01:35:28.904+0000] {processor.py:161} INFO - Processing /home/airflow/.local/lib/python3.7/site-packages/airflow/example_dags/example_branch_python_dop_operator_3.py took 0.197 seconds
[2022-10-03T01:35:59.434+0000] {processor.py:153} INFO - Started process (PID=743) to work on /home/airflow/.local/lib/python3.7/site-packages/airflow/example_dags/example_branch_python_dop_operator_3.py
[2022-10-03T01:35:59.435+0000] {processor.py:640} INFO - Processing file /home/airflow/.local/lib/python3.7/site-packages/airflow/example_dags/example_branch_python_dop_operator_3.py for tasks to queue
[2022-10-03T01:35:59.436+0000] {logging_mixin.py:115} INFO - [2022-10-03T01:35:59.436+0000] {dagbag.py:508} INFO - Filling up the DagBag from /home/airflow/.local/lib/python3.7/site-packages/airflow/example_dags/example_branch_python_dop_operator_3.py
[2022-10-03T01:35:59.446+0000] {processor.py:650} INFO - DAG(s) dict_keys(['example_branch_dop_operator_v3']) retrieved from /home/airflow/.local/lib/python3.7/site-packages/airflow/example_dags/example_branch_python_dop_operator_3.py
[2022-10-03T01:35:59.472+0000] {logging_mixin.py:115} INFO - [2022-10-03T01:35:59.471+0000] {dag.py:2429} INFO - Sync 1 DAGs
[2022-10-03T01:35:59.593+0000] {logging_mixin.py:115} INFO - [2022-10-03T01:35:59.593+0000] {dag.py:2981} INFO - Setting next_dagrun for example_branch_dop_operator_v3 to 2022-10-03T01:34:00+00:00, run_after=2022-10-03T01:35:00+00:00
[2022-10-03T01:35:59.607+0000] {processor.py:161} INFO - Processing /home/airflow/.local/lib/python3.7/site-packages/airflow/example_dags/example_branch_python_dop_operator_3.py took 0.176 seconds
[2022-10-03T01:36:30.108+0000] {processor.py:153} INFO - Started process (PID=798) to work on /home/airflow/.local/lib/python3.7/site-packages/airflow/example_dags/example_branch_python_dop_operator_3.py
[2022-10-03T01:36:30.109+0000] {processor.py:640} INFO - Processing file /home/airflow/.local/lib/python3.7/site-packages/airflow/example_dags/example_branch_python_dop_operator_3.py for tasks to queue
[2022-10-03T01:36:30.109+0000] {logging_mixin.py:115} INFO - [2022-10-03T01:36:30.109+0000] {dagbag.py:508} INFO - Filling up the DagBag from /home/airflow/.local/lib/python3.7/site-packages/airflow/example_dags/example_branch_python_dop_operator_3.py
[2022-10-03T01:36:30.119+0000] {processor.py:650} INFO - DAG(s) dict_keys(['example_branch_dop_operator_v3']) retrieved from /home/airflow/.local/lib/python3.7/site-packages/airflow/example_dags/example_branch_python_dop_operator_3.py
[2022-10-03T01:36:30.147+0000] {logging_mixin.py:115} INFO - [2022-10-03T01:36:30.147+0000] {dag.py:2429} INFO - Sync 1 DAGs
[2022-10-03T01:36:30.300+0000] {logging_mixin.py:115} INFO - [2022-10-03T01:36:30.300+0000] {dag.py:2981} INFO - Setting next_dagrun for example_branch_dop_operator_v3 to 2022-10-03T01:35:00+00:00, run_after=2022-10-03T01:36:00+00:00
[2022-10-03T01:36:30.318+0000] {processor.py:161} INFO - Processing /home/airflow/.local/lib/python3.7/site-packages/airflow/example_dags/example_branch_python_dop_operator_3.py took 0.213 seconds
[2022-10-03T01:37:00.783+0000] {processor.py:153} INFO - Started process (PID=853) to work on /home/airflow/.local/lib/python3.7/site-packages/airflow/example_dags/example_branch_python_dop_operator_3.py
[2022-10-03T01:37:00.783+0000] {processor.py:640} INFO - Processing file /home/airflow/.local/lib/python3.7/site-packages/airflow/example_dags/example_branch_python_dop_operator_3.py for tasks to queue
[2022-10-03T01:37:00.784+0000] {logging_mixin.py:115} INFO - [2022-10-03T01:37:00.784+0000] {dagbag.py:508} INFO - Filling up the DagBag from /home/airflow/.local/lib/python3.7/site-packages/airflow/example_dags/example_branch_python_dop_operator_3.py
[2022-10-03T01:37:00.792+0000] {processor.py:650} INFO - DAG(s) dict_keys(['example_branch_dop_operator_v3']) retrieved from /home/airflow/.local/lib/python3.7/site-packages/airflow/example_dags/example_branch_python_dop_operator_3.py
[2022-10-03T01:37:00.824+0000] {logging_mixin.py:115} INFO - [2022-10-03T01:37:00.824+0000] {dag.py:2429} INFO - Sync 1 DAGs
[2022-10-03T01:37:00.956+0000] {logging_mixin.py:115} INFO - [2022-10-03T01:37:00.956+0000] {dag.py:2981} INFO - Setting next_dagrun for example_branch_dop_operator_v3 to 2022-10-03T01:36:00+00:00, run_after=2022-10-03T01:37:00+00:00
[2022-10-03T01:37:00.969+0000] {processor.py:161} INFO - Processing /home/airflow/.local/lib/python3.7/site-packages/airflow/example_dags/example_branch_python_dop_operator_3.py took 0.189 seconds
[2022-10-03T01:37:31.609+0000] {processor.py:153} INFO - Started process (PID=911) to work on /home/airflow/.local/lib/python3.7/site-packages/airflow/example_dags/example_branch_python_dop_operator_3.py
[2022-10-03T01:37:31.610+0000] {processor.py:640} INFO - Processing file /home/airflow/.local/lib/python3.7/site-packages/airflow/example_dags/example_branch_python_dop_operator_3.py for tasks to queue
[2022-10-03T01:37:31.611+0000] {logging_mixin.py:115} INFO - [2022-10-03T01:37:31.611+0000] {dagbag.py:508} INFO - Filling up the DagBag from /home/airflow/.local/lib/python3.7/site-packages/airflow/example_dags/example_branch_python_dop_operator_3.py
[2022-10-03T01:37:31.623+0000] {processor.py:650} INFO - DAG(s) dict_keys(['example_branch_dop_operator_v3']) retrieved from /home/airflow/.local/lib/python3.7/site-packages/airflow/example_dags/example_branch_python_dop_operator_3.py
[2022-10-03T01:37:31.652+0000] {logging_mixin.py:115} INFO - [2022-10-03T01:37:31.652+0000] {dag.py:2429} INFO - Sync 1 DAGs
[2022-10-03T01:37:31.782+0000] {logging_mixin.py:115} INFO - [2022-10-03T01:37:31.782+0000] {dag.py:2981} INFO - Setting next_dagrun for example_branch_dop_operator_v3 to 2022-10-03T01:36:00+00:00, run_after=2022-10-03T01:37:00+00:00
[2022-10-03T01:37:31.796+0000] {processor.py:161} INFO - Processing /home/airflow/.local/lib/python3.7/site-packages/airflow/example_dags/example_branch_python_dop_operator_3.py took 0.190 seconds
[2022-10-03T01:38:02.269+0000] {processor.py:153} INFO - Started process (PID=966) to work on /home/airflow/.local/lib/python3.7/site-packages/airflow/example_dags/example_branch_python_dop_operator_3.py
[2022-10-03T01:38:02.270+0000] {processor.py:640} INFO - Processing file /home/airflow/.local/lib/python3.7/site-packages/airflow/example_dags/example_branch_python_dop_operator_3.py for tasks to queue
[2022-10-03T01:38:02.271+0000] {logging_mixin.py:115} INFO - [2022-10-03T01:38:02.271+0000] {dagbag.py:508} INFO - Filling up the DagBag from /home/airflow/.local/lib/python3.7/site-packages/airflow/example_dags/example_branch_python_dop_operator_3.py
[2022-10-03T01:38:02.278+0000] {processor.py:650} INFO - DAG(s) dict_keys(['example_branch_dop_operator_v3']) retrieved from /home/airflow/.local/lib/python3.7/site-packages/airflow/example_dags/example_branch_python_dop_operator_3.py
[2022-10-03T01:38:02.311+0000] {logging_mixin.py:115} INFO - [2022-10-03T01:38:02.311+0000] {dag.py:2429} INFO - Sync 1 DAGs
[2022-10-03T01:38:02.431+0000] {logging_mixin.py:115} INFO - [2022-10-03T01:38:02.431+0000] {dag.py:2981} INFO - Setting next_dagrun for example_branch_dop_operator_v3 to 2022-10-03T01:37:00+00:00, run_after=2022-10-03T01:38:00+00:00
[2022-10-03T01:38:02.445+0000] {processor.py:161} INFO - Processing /home/airflow/.local/lib/python3.7/site-packages/airflow/example_dags/example_branch_python_dop_operator_3.py took 0.178 seconds
[2022-10-03T01:38:32.981+0000] {processor.py:153} INFO - Started process (PID=1021) to work on /home/airflow/.local/lib/python3.7/site-packages/airflow/example_dags/example_branch_python_dop_operator_3.py
[2022-10-03T01:38:32.982+0000] {processor.py:640} INFO - Processing file /home/airflow/.local/lib/python3.7/site-packages/airflow/example_dags/example_branch_python_dop_operator_3.py for tasks to queue
[2022-10-03T01:38:32.983+0000] {logging_mixin.py:115} INFO - [2022-10-03T01:38:32.983+0000] {dagbag.py:508} INFO - Filling up the DagBag from /home/airflow/.local/lib/python3.7/site-packages/airflow/example_dags/example_branch_python_dop_operator_3.py
[2022-10-03T01:38:32.994+0000] {processor.py:650} INFO - DAG(s) dict_keys(['example_branch_dop_operator_v3']) retrieved from /home/airflow/.local/lib/python3.7/site-packages/airflow/example_dags/example_branch_python_dop_operator_3.py
[2022-10-03T01:38:33.017+0000] {logging_mixin.py:115} INFO - [2022-10-03T01:38:33.017+0000] {dag.py:2429} INFO - Sync 1 DAGs
[2022-10-03T01:38:33.137+0000] {logging_mixin.py:115} INFO - [2022-10-03T01:38:33.137+0000] {dag.py:2981} INFO - Setting next_dagrun for example_branch_dop_operator_v3 to 2022-10-03T01:37:00+00:00, run_after=2022-10-03T01:38:00+00:00
[2022-10-03T01:38:33.152+0000] {processor.py:161} INFO - Processing /home/airflow/.local/lib/python3.7/site-packages/airflow/example_dags/example_branch_python_dop_operator_3.py took 0.173 seconds
[2022-10-03T01:39:03.779+0000] {processor.py:153} INFO - Started process (PID=1076) to work on /home/airflow/.local/lib/python3.7/site-packages/airflow/example_dags/example_branch_python_dop_operator_3.py
[2022-10-03T01:39:03.780+0000] {processor.py:640} INFO - Processing file /home/airflow/.local/lib/python3.7/site-packages/airflow/example_dags/example_branch_python_dop_operator_3.py for tasks to queue
[2022-10-03T01:39:03.781+0000] {logging_mixin.py:115} INFO - [2022-10-03T01:39:03.781+0000] {dagbag.py:508} INFO - Filling up the DagBag from /home/airflow/.local/lib/python3.7/site-packages/airflow/example_dags/example_branch_python_dop_operator_3.py
[2022-10-03T01:39:03.790+0000] {processor.py:650} INFO - DAG(s) dict_keys(['example_branch_dop_operator_v3']) retrieved from /home/airflow/.local/lib/python3.7/site-packages/airflow/example_dags/example_branch_python_dop_operator_3.py
[2022-10-03T01:39:03.814+0000] {logging_mixin.py:115} INFO - [2022-10-03T01:39:03.814+0000] {dag.py:2429} INFO - Sync 1 DAGs
[2022-10-03T01:39:03.953+0000] {logging_mixin.py:115} INFO - [2022-10-03T01:39:03.953+0000] {dag.py:2981} INFO - Setting next_dagrun for example_branch_dop_operator_v3 to 2022-10-03T01:38:00+00:00, run_after=2022-10-03T01:39:00+00:00
[2022-10-03T01:39:03.967+0000] {processor.py:161} INFO - Processing /home/airflow/.local/lib/python3.7/site-packages/airflow/example_dags/example_branch_python_dop_operator_3.py took 0.190 seconds
[2022-10-03T01:39:34.427+0000] {processor.py:153} INFO - Started process (PID=1131) to work on /home/airflow/.local/lib/python3.7/site-packages/airflow/example_dags/example_branch_python_dop_operator_3.py
[2022-10-03T01:39:34.428+0000] {processor.py:640} INFO - Processing file /home/airflow/.local/lib/python3.7/site-packages/airflow/example_dags/example_branch_python_dop_operator_3.py for tasks to queue
[2022-10-03T01:39:34.429+0000] {logging_mixin.py:115} INFO - [2022-10-03T01:39:34.429+0000] {dagbag.py:508} INFO - Filling up the DagBag from /home/airflow/.local/lib/python3.7/site-packages/airflow/example_dags/example_branch_python_dop_operator_3.py
[2022-10-03T01:39:34.437+0000] {processor.py:650} INFO - DAG(s) dict_keys(['example_branch_dop_operator_v3']) retrieved from /home/airflow/.local/lib/python3.7/site-packages/airflow/example_dags/example_branch_python_dop_operator_3.py
[2022-10-03T01:39:34.471+0000] {logging_mixin.py:115} INFO - [2022-10-03T01:39:34.471+0000] {dag.py:2429} INFO - Sync 1 DAGs
[2022-10-03T01:39:34.598+0000] {logging_mixin.py:115} INFO - [2022-10-03T01:39:34.598+0000] {dag.py:2981} INFO - Setting next_dagrun for example_branch_dop_operator_v3 to 2022-10-03T01:38:00+00:00, run_after=2022-10-03T01:39:00+00:00
[2022-10-03T01:39:34.611+0000] {processor.py:161} INFO - Processing /home/airflow/.local/lib/python3.7/site-packages/airflow/example_dags/example_branch_python_dop_operator_3.py took 0.188 seconds
[2022-10-03T01:40:05.068+0000] {processor.py:153} INFO - Started process (PID=1186) to work on /home/airflow/.local/lib/python3.7/site-packages/airflow/example_dags/example_branch_python_dop_operator_3.py
[2022-10-03T01:40:05.068+0000] {processor.py:640} INFO - Processing file /home/airflow/.local/lib/python3.7/site-packages/airflow/example_dags/example_branch_python_dop_operator_3.py for tasks to queue
[2022-10-03T01:40:05.069+0000] {logging_mixin.py:115} INFO - [2022-10-03T01:40:05.069+0000] {dagbag.py:508} INFO - Filling up the DagBag from /home/airflow/.local/lib/python3.7/site-packages/airflow/example_dags/example_branch_python_dop_operator_3.py
[2022-10-03T01:40:05.077+0000] {processor.py:650} INFO - DAG(s) dict_keys(['example_branch_dop_operator_v3']) retrieved from /home/airflow/.local/lib/python3.7/site-packages/airflow/example_dags/example_branch_python_dop_operator_3.py
[2022-10-03T01:40:05.099+0000] {logging_mixin.py:115} INFO - [2022-10-03T01:40:05.099+0000] {dag.py:2429} INFO - Sync 1 DAGs
[2022-10-03T01:40:05.218+0000] {logging_mixin.py:115} INFO - [2022-10-03T01:40:05.218+0000] {dag.py:2981} INFO - Setting next_dagrun for example_branch_dop_operator_v3 to 2022-10-03T01:39:00+00:00, run_after=2022-10-03T01:40:00+00:00
[2022-10-03T01:40:05.231+0000] {processor.py:161} INFO - Processing /home/airflow/.local/lib/python3.7/site-packages/airflow/example_dags/example_branch_python_dop_operator_3.py took 0.166 seconds
[2022-10-03T01:40:35.986+0000] {processor.py:153} INFO - Started process (PID=1241) to work on /home/airflow/.local/lib/python3.7/site-packages/airflow/example_dags/example_branch_python_dop_operator_3.py
[2022-10-03T01:40:35.987+0000] {processor.py:640} INFO - Processing file /home/airflow/.local/lib/python3.7/site-packages/airflow/example_dags/example_branch_python_dop_operator_3.py for tasks to queue
[2022-10-03T01:40:35.988+0000] {logging_mixin.py:115} INFO - [2022-10-03T01:40:35.988+0000] {dagbag.py:508} INFO - Filling up the DagBag from /home/airflow/.local/lib/python3.7/site-packages/airflow/example_dags/example_branch_python_dop_operator_3.py
[2022-10-03T01:40:35.999+0000] {processor.py:650} INFO - DAG(s) dict_keys(['example_branch_dop_operator_v3']) retrieved from /home/airflow/.local/lib/python3.7/site-packages/airflow/example_dags/example_branch_python_dop_operator_3.py
[2022-10-03T01:40:36.022+0000] {logging_mixin.py:115} INFO - [2022-10-03T01:40:36.022+0000] {dag.py:2429} INFO - Sync 1 DAGs
[2022-10-03T01:40:36.142+0000] {logging_mixin.py:115} INFO - [2022-10-03T01:40:36.142+0000] {dag.py:2981} INFO - Setting next_dagrun for example_branch_dop_operator_v3 to 2022-10-03T01:39:00+00:00, run_after=2022-10-03T01:40:00+00:00
[2022-10-03T01:40:36.157+0000] {processor.py:161} INFO - Processing /home/airflow/.local/lib/python3.7/site-packages/airflow/example_dags/example_branch_python_dop_operator_3.py took 0.173 seconds
[2022-10-03T01:41:06.905+0000] {processor.py:153} INFO - Started process (PID=1296) to work on /home/airflow/.local/lib/python3.7/site-packages/airflow/example_dags/example_branch_python_dop_operator_3.py
[2022-10-03T01:41:06.906+0000] {processor.py:640} INFO - Processing file /home/airflow/.local/lib/python3.7/site-packages/airflow/example_dags/example_branch_python_dop_operator_3.py for tasks to queue
[2022-10-03T01:41:06.907+0000] {logging_mixin.py:115} INFO - [2022-10-03T01:41:06.907+0000] {dagbag.py:508} INFO - Filling up the DagBag from /home/airflow/.local/lib/python3.7/site-packages/airflow/example_dags/example_branch_python_dop_operator_3.py
[2022-10-03T01:41:06.915+0000] {processor.py:650} INFO - DAG(s) dict_keys(['example_branch_dop_operator_v3']) retrieved from /home/airflow/.local/lib/python3.7/site-packages/airflow/example_dags/example_branch_python_dop_operator_3.py
[2022-10-03T01:41:06.941+0000] {logging_mixin.py:115} INFO - [2022-10-03T01:41:06.941+0000] {dag.py:2429} INFO - Sync 1 DAGs
[2022-10-03T01:41:07.065+0000] {logging_mixin.py:115} INFO - [2022-10-03T01:41:07.065+0000] {dag.py:2981} INFO - Setting next_dagrun for example_branch_dop_operator_v3 to 2022-10-03T01:40:00+00:00, run_after=2022-10-03T01:41:00+00:00
[2022-10-03T01:41:07.080+0000] {processor.py:161} INFO - Processing /home/airflow/.local/lib/python3.7/site-packages/airflow/example_dags/example_branch_python_dop_operator_3.py took 0.178 seconds
[2022-10-03T01:41:37.766+0000] {processor.py:153} INFO - Started process (PID=1352) to work on /home/airflow/.local/lib/python3.7/site-packages/airflow/example_dags/example_branch_python_dop_operator_3.py
[2022-10-03T01:41:37.767+0000] {processor.py:640} INFO - Processing file /home/airflow/.local/lib/python3.7/site-packages/airflow/example_dags/example_branch_python_dop_operator_3.py for tasks to queue
[2022-10-03T01:41:37.769+0000] {logging_mixin.py:115} INFO - [2022-10-03T01:41:37.769+0000] {dagbag.py:508} INFO - Filling up the DagBag from /home/airflow/.local/lib/python3.7/site-packages/airflow/example_dags/example_branch_python_dop_operator_3.py
[2022-10-03T01:41:37.785+0000] {processor.py:650} INFO - DAG(s) dict_keys(['example_branch_dop_operator_v3']) retrieved from /home/airflow/.local/lib/python3.7/site-packages/airflow/example_dags/example_branch_python_dop_operator_3.py
[2022-10-03T01:41:37.810+0000] {logging_mixin.py:115} INFO - [2022-10-03T01:41:37.810+0000] {dag.py:2429} INFO - Sync 1 DAGs
[2022-10-03T01:41:37.932+0000] {logging_mixin.py:115} INFO - [2022-10-03T01:41:37.932+0000] {dag.py:2981} INFO - Setting next_dagrun for example_branch_dop_operator_v3 to 2022-10-03T01:40:00+00:00, run_after=2022-10-03T01:41:00+00:00
[2022-10-03T01:41:37.947+0000] {processor.py:161} INFO - Processing /home/airflow/.local/lib/python3.7/site-packages/airflow/example_dags/example_branch_python_dop_operator_3.py took 0.184 seconds
[2022-10-03T01:42:08.620+0000] {processor.py:153} INFO - Started process (PID=1407) to work on /home/airflow/.local/lib/python3.7/site-packages/airflow/example_dags/example_branch_python_dop_operator_3.py
[2022-10-03T01:42:08.621+0000] {processor.py:640} INFO - Processing file /home/airflow/.local/lib/python3.7/site-packages/airflow/example_dags/example_branch_python_dop_operator_3.py for tasks to queue
[2022-10-03T01:42:08.622+0000] {logging_mixin.py:115} INFO - [2022-10-03T01:42:08.622+0000] {dagbag.py:508} INFO - Filling up the DagBag from /home/airflow/.local/lib/python3.7/site-packages/airflow/example_dags/example_branch_python_dop_operator_3.py
[2022-10-03T01:42:08.632+0000] {processor.py:650} INFO - DAG(s) dict_keys(['example_branch_dop_operator_v3']) retrieved from /home/airflow/.local/lib/python3.7/site-packages/airflow/example_dags/example_branch_python_dop_operator_3.py
[2022-10-03T01:42:08.653+0000] {logging_mixin.py:115} INFO - [2022-10-03T01:42:08.653+0000] {dag.py:2429} INFO - Sync 1 DAGs
[2022-10-03T01:42:08.771+0000] {logging_mixin.py:115} INFO - [2022-10-03T01:42:08.771+0000] {dag.py:2981} INFO - Setting next_dagrun for example_branch_dop_operator_v3 to 2022-10-03T01:41:00+00:00, run_after=2022-10-03T01:42:00+00:00
[2022-10-03T01:42:08.784+0000] {processor.py:161} INFO - Processing /home/airflow/.local/lib/python3.7/site-packages/airflow/example_dags/example_branch_python_dop_operator_3.py took 0.166 seconds
[2022-10-03T01:42:39.280+0000] {processor.py:153} INFO - Started process (PID=1462) to work on /home/airflow/.local/lib/python3.7/site-packages/airflow/example_dags/example_branch_python_dop_operator_3.py
[2022-10-03T01:42:39.281+0000] {processor.py:640} INFO - Processing file /home/airflow/.local/lib/python3.7/site-packages/airflow/example_dags/example_branch_python_dop_operator_3.py for tasks to queue
[2022-10-03T01:42:39.282+0000] {logging_mixin.py:115} INFO - [2022-10-03T01:42:39.282+0000] {dagbag.py:508} INFO - Filling up the DagBag from /home/airflow/.local/lib/python3.7/site-packages/airflow/example_dags/example_branch_python_dop_operator_3.py
[2022-10-03T01:42:39.294+0000] {processor.py:650} INFO - DAG(s) dict_keys(['example_branch_dop_operator_v3']) retrieved from /home/airflow/.local/lib/python3.7/site-packages/airflow/example_dags/example_branch_python_dop_operator_3.py
[2022-10-03T01:42:39.315+0000] {logging_mixin.py:115} INFO - [2022-10-03T01:42:39.315+0000] {dag.py:2429} INFO - Sync 1 DAGs
[2022-10-03T01:42:39.440+0000] {logging_mixin.py:115} INFO - [2022-10-03T01:42:39.439+0000] {dag.py:2981} INFO - Setting next_dagrun for example_branch_dop_operator_v3 to 2022-10-03T01:41:00+00:00, run_after=2022-10-03T01:42:00+00:00
[2022-10-03T01:42:39.452+0000] {processor.py:161} INFO - Processing /home/airflow/.local/lib/python3.7/site-packages/airflow/example_dags/example_branch_python_dop_operator_3.py took 0.174 seconds
[2022-10-03T01:43:09.913+0000] {processor.py:153} INFO - Started process (PID=1518) to work on /home/airflow/.local/lib/python3.7/site-packages/airflow/example_dags/example_branch_python_dop_operator_3.py
[2022-10-03T01:43:09.914+0000] {processor.py:640} INFO - Processing file /home/airflow/.local/lib/python3.7/site-packages/airflow/example_dags/example_branch_python_dop_operator_3.py for tasks to queue
[2022-10-03T01:43:09.916+0000] {logging_mixin.py:115} INFO - [2022-10-03T01:43:09.916+0000] {dagbag.py:508} INFO - Filling up the DagBag from /home/airflow/.local/lib/python3.7/site-packages/airflow/example_dags/example_branch_python_dop_operator_3.py
[2022-10-03T01:43:09.926+0000] {processor.py:650} INFO - DAG(s) dict_keys(['example_branch_dop_operator_v3']) retrieved from /home/airflow/.local/lib/python3.7/site-packages/airflow/example_dags/example_branch_python_dop_operator_3.py
[2022-10-03T01:43:09.947+0000] {logging_mixin.py:115} INFO - [2022-10-03T01:43:09.947+0000] {dag.py:2429} INFO - Sync 1 DAGs
[2022-10-03T01:43:10.067+0000] {logging_mixin.py:115} INFO - [2022-10-03T01:43:10.067+0000] {dag.py:2981} INFO - Setting next_dagrun for example_branch_dop_operator_v3 to 2022-10-03T01:42:00+00:00, run_after=2022-10-03T01:43:00+00:00
[2022-10-03T01:43:10.081+0000] {processor.py:161} INFO - Processing /home/airflow/.local/lib/python3.7/site-packages/airflow/example_dags/example_branch_python_dop_operator_3.py took 0.170 seconds
[2022-10-03T01:43:40.411+0000] {processor.py:153} INFO - Started process (PID=1573) to work on /home/airflow/.local/lib/python3.7/site-packages/airflow/example_dags/example_branch_python_dop_operator_3.py
[2022-10-03T01:43:40.412+0000] {processor.py:640} INFO - Processing file /home/airflow/.local/lib/python3.7/site-packages/airflow/example_dags/example_branch_python_dop_operator_3.py for tasks to queue
[2022-10-03T01:43:40.412+0000] {logging_mixin.py:115} INFO - [2022-10-03T01:43:40.412+0000] {dagbag.py:508} INFO - Filling up the DagBag from /home/airflow/.local/lib/python3.7/site-packages/airflow/example_dags/example_branch_python_dop_operator_3.py
[2022-10-03T01:43:40.422+0000] {processor.py:650} INFO - DAG(s) dict_keys(['example_branch_dop_operator_v3']) retrieved from /home/airflow/.local/lib/python3.7/site-packages/airflow/example_dags/example_branch_python_dop_operator_3.py
[2022-10-03T01:43:40.444+0000] {logging_mixin.py:115} INFO - [2022-10-03T01:43:40.444+0000] {dag.py:2429} INFO - Sync 1 DAGs
[2022-10-03T01:43:40.559+0000] {logging_mixin.py:115} INFO - [2022-10-03T01:43:40.559+0000] {dag.py:2981} INFO - Setting next_dagrun for example_branch_dop_operator_v3 to 2022-10-03T01:42:00+00:00, run_after=2022-10-03T01:43:00+00:00
[2022-10-03T01:43:40.573+0000] {processor.py:161} INFO - Processing /home/airflow/.local/lib/python3.7/site-packages/airflow/example_dags/example_branch_python_dop_operator_3.py took 0.165 seconds
[2022-10-03T01:44:11.128+0000] {processor.py:153} INFO - Started process (PID=1628) to work on /home/airflow/.local/lib/python3.7/site-packages/airflow/example_dags/example_branch_python_dop_operator_3.py
[2022-10-03T01:44:11.129+0000] {processor.py:640} INFO - Processing file /home/airflow/.local/lib/python3.7/site-packages/airflow/example_dags/example_branch_python_dop_operator_3.py for tasks to queue
[2022-10-03T01:44:11.131+0000] {logging_mixin.py:115} INFO - [2022-10-03T01:44:11.131+0000] {dagbag.py:508} INFO - Filling up the DagBag from /home/airflow/.local/lib/python3.7/site-packages/airflow/example_dags/example_branch_python_dop_operator_3.py
[2022-10-03T01:44:11.147+0000] {processor.py:650} INFO - DAG(s) dict_keys(['example_branch_dop_operator_v3']) retrieved from /home/airflow/.local/lib/python3.7/site-packages/airflow/example_dags/example_branch_python_dop_operator_3.py
[2022-10-03T01:44:11.177+0000] {logging_mixin.py:115} INFO - [2022-10-03T01:44:11.177+0000] {dag.py:2429} INFO - Sync 1 DAGs
[2022-10-03T01:44:11.304+0000] {logging_mixin.py:115} INFO - [2022-10-03T01:44:11.304+0000] {dag.py:2981} INFO - Setting next_dagrun for example_branch_dop_operator_v3 to 2022-10-03T01:43:00+00:00, run_after=2022-10-03T01:44:00+00:00
[2022-10-03T01:44:11.326+0000] {processor.py:161} INFO - Processing /home/airflow/.local/lib/python3.7/site-packages/airflow/example_dags/example_branch_python_dop_operator_3.py took 0.201 seconds
[2022-10-03T01:44:42.004+0000] {processor.py:153} INFO - Started process (PID=1683) to work on /home/airflow/.local/lib/python3.7/site-packages/airflow/example_dags/example_branch_python_dop_operator_3.py
[2022-10-03T01:44:42.005+0000] {processor.py:640} INFO - Processing file /home/airflow/.local/lib/python3.7/site-packages/airflow/example_dags/example_branch_python_dop_operator_3.py for tasks to queue
[2022-10-03T01:44:42.006+0000] {logging_mixin.py:115} INFO - [2022-10-03T01:44:42.006+0000] {dagbag.py:508} INFO - Filling up the DagBag from /home/airflow/.local/lib/python3.7/site-packages/airflow/example_dags/example_branch_python_dop_operator_3.py
[2022-10-03T01:44:42.016+0000] {processor.py:650} INFO - DAG(s) dict_keys(['example_branch_dop_operator_v3']) retrieved from /home/airflow/.local/lib/python3.7/site-packages/airflow/example_dags/example_branch_python_dop_operator_3.py
[2022-10-03T01:44:42.038+0000] {logging_mixin.py:115} INFO - [2022-10-03T01:44:42.038+0000] {dag.py:2429} INFO - Sync 1 DAGs
[2022-10-03T01:44:42.163+0000] {logging_mixin.py:115} INFO - [2022-10-03T01:44:42.162+0000] {dag.py:2981} INFO - Setting next_dagrun for example_branch_dop_operator_v3 to 2022-10-03T01:43:00+00:00, run_after=2022-10-03T01:44:00+00:00
[2022-10-03T01:44:42.181+0000] {processor.py:161} INFO - Processing /home/airflow/.local/lib/python3.7/site-packages/airflow/example_dags/example_branch_python_dop_operator_3.py took 0.179 seconds
[2022-10-03T01:45:12.886+0000] {processor.py:153} INFO - Started process (PID=1745) to work on /home/airflow/.local/lib/python3.7/site-packages/airflow/example_dags/example_branch_python_dop_operator_3.py
[2022-10-03T01:45:12.887+0000] {processor.py:640} INFO - Processing file /home/airflow/.local/lib/python3.7/site-packages/airflow/example_dags/example_branch_python_dop_operator_3.py for tasks to queue
[2022-10-03T01:45:12.888+0000] {logging_mixin.py:115} INFO - [2022-10-03T01:45:12.888+0000] {dagbag.py:508} INFO - Filling up the DagBag from /home/airflow/.local/lib/python3.7/site-packages/airflow/example_dags/example_branch_python_dop_operator_3.py
[2022-10-03T01:45:12.898+0000] {processor.py:650} INFO - DAG(s) dict_keys(['example_branch_dop_operator_v3']) retrieved from /home/airflow/.local/lib/python3.7/site-packages/airflow/example_dags/example_branch_python_dop_operator_3.py
[2022-10-03T01:45:12.920+0000] {logging_mixin.py:115} INFO - [2022-10-03T01:45:12.920+0000] {dag.py:2429} INFO - Sync 1 DAGs
[2022-10-03T01:45:13.036+0000] {logging_mixin.py:115} INFO - [2022-10-03T01:45:13.036+0000] {dag.py:2981} INFO - Setting next_dagrun for example_branch_dop_operator_v3 to 2022-10-03T01:44:00+00:00, run_after=2022-10-03T01:45:00+00:00
[2022-10-03T01:45:13.048+0000] {processor.py:161} INFO - Processing /home/airflow/.local/lib/python3.7/site-packages/airflow/example_dags/example_branch_python_dop_operator_3.py took 0.165 seconds
[2022-10-03T01:45:43.626+0000] {processor.py:153} INFO - Started process (PID=1800) to work on /home/airflow/.local/lib/python3.7/site-packages/airflow/example_dags/example_branch_python_dop_operator_3.py
[2022-10-03T01:45:43.627+0000] {processor.py:640} INFO - Processing file /home/airflow/.local/lib/python3.7/site-packages/airflow/example_dags/example_branch_python_dop_operator_3.py for tasks to queue
[2022-10-03T01:45:43.628+0000] {logging_mixin.py:115} INFO - [2022-10-03T01:45:43.627+0000] {dagbag.py:508} INFO - Filling up the DagBag from /home/airflow/.local/lib/python3.7/site-packages/airflow/example_dags/example_branch_python_dop_operator_3.py
[2022-10-03T01:45:43.640+0000] {processor.py:650} INFO - DAG(s) dict_keys(['example_branch_dop_operator_v3']) retrieved from /home/airflow/.local/lib/python3.7/site-packages/airflow/example_dags/example_branch_python_dop_operator_3.py
[2022-10-03T01:45:43.663+0000] {logging_mixin.py:115} INFO - [2022-10-03T01:45:43.663+0000] {dag.py:2429} INFO - Sync 1 DAGs
[2022-10-03T01:45:43.790+0000] {logging_mixin.py:115} INFO - [2022-10-03T01:45:43.790+0000] {dag.py:2981} INFO - Setting next_dagrun for example_branch_dop_operator_v3 to 2022-10-03T01:44:00+00:00, run_after=2022-10-03T01:45:00+00:00
[2022-10-03T01:45:43.804+0000] {processor.py:161} INFO - Processing /home/airflow/.local/lib/python3.7/site-packages/airflow/example_dags/example_branch_python_dop_operator_3.py took 0.181 seconds
[2022-10-03T01:46:14.305+0000] {processor.py:153} INFO - Started process (PID=1855) to work on /home/airflow/.local/lib/python3.7/site-packages/airflow/example_dags/example_branch_python_dop_operator_3.py
[2022-10-03T01:46:14.306+0000] {processor.py:640} INFO - Processing file /home/airflow/.local/lib/python3.7/site-packages/airflow/example_dags/example_branch_python_dop_operator_3.py for tasks to queue
[2022-10-03T01:46:14.307+0000] {logging_mixin.py:115} INFO - [2022-10-03T01:46:14.306+0000] {dagbag.py:508} INFO - Filling up the DagBag from /home/airflow/.local/lib/python3.7/site-packages/airflow/example_dags/example_branch_python_dop_operator_3.py
[2022-10-03T01:46:14.319+0000] {processor.py:650} INFO - DAG(s) dict_keys(['example_branch_dop_operator_v3']) retrieved from /home/airflow/.local/lib/python3.7/site-packages/airflow/example_dags/example_branch_python_dop_operator_3.py
[2022-10-03T01:46:14.344+0000] {logging_mixin.py:115} INFO - [2022-10-03T01:46:14.344+0000] {dag.py:2429} INFO - Sync 1 DAGs
[2022-10-03T01:46:14.466+0000] {logging_mixin.py:115} INFO - [2022-10-03T01:46:14.465+0000] {dag.py:2981} INFO - Setting next_dagrun for example_branch_dop_operator_v3 to 2022-10-03T01:45:00+00:00, run_after=2022-10-03T01:46:00+00:00
[2022-10-03T01:46:14.478+0000] {processor.py:161} INFO - Processing /home/airflow/.local/lib/python3.7/site-packages/airflow/example_dags/example_branch_python_dop_operator_3.py took 0.176 seconds
[2022-10-03T01:46:45.153+0000] {processor.py:153} INFO - Started process (PID=1910) to work on /home/airflow/.local/lib/python3.7/site-packages/airflow/example_dags/example_branch_python_dop_operator_3.py
[2022-10-03T01:46:45.154+0000] {processor.py:640} INFO - Processing file /home/airflow/.local/lib/python3.7/site-packages/airflow/example_dags/example_branch_python_dop_operator_3.py for tasks to queue
[2022-10-03T01:46:45.155+0000] {logging_mixin.py:115} INFO - [2022-10-03T01:46:45.155+0000] {dagbag.py:508} INFO - Filling up the DagBag from /home/airflow/.local/lib/python3.7/site-packages/airflow/example_dags/example_branch_python_dop_operator_3.py
[2022-10-03T01:46:45.166+0000] {processor.py:650} INFO - DAG(s) dict_keys(['example_branch_dop_operator_v3']) retrieved from /home/airflow/.local/lib/python3.7/site-packages/airflow/example_dags/example_branch_python_dop_operator_3.py
[2022-10-03T01:46:45.190+0000] {logging_mixin.py:115} INFO - [2022-10-03T01:46:45.190+0000] {dag.py:2429} INFO - Sync 1 DAGs
[2022-10-03T01:46:45.326+0000] {logging_mixin.py:115} INFO - [2022-10-03T01:46:45.326+0000] {dag.py:2981} INFO - Setting next_dagrun for example_branch_dop_operator_v3 to 2022-10-03T01:45:00+00:00, run_after=2022-10-03T01:46:00+00:00
[2022-10-03T01:46:45.339+0000] {processor.py:161} INFO - Processing /home/airflow/.local/lib/python3.7/site-packages/airflow/example_dags/example_branch_python_dop_operator_3.py took 0.189 seconds
[2022-10-03T01:47:16.017+0000] {processor.py:153} INFO - Started process (PID=1965) to work on /home/airflow/.local/lib/python3.7/site-packages/airflow/example_dags/example_branch_python_dop_operator_3.py
[2022-10-03T01:47:16.017+0000] {processor.py:640} INFO - Processing file /home/airflow/.local/lib/python3.7/site-packages/airflow/example_dags/example_branch_python_dop_operator_3.py for tasks to queue
[2022-10-03T01:47:16.018+0000] {logging_mixin.py:115} INFO - [2022-10-03T01:47:16.018+0000] {dagbag.py:508} INFO - Filling up the DagBag from /home/airflow/.local/lib/python3.7/site-packages/airflow/example_dags/example_branch_python_dop_operator_3.py
[2022-10-03T01:47:16.027+0000] {processor.py:650} INFO - DAG(s) dict_keys(['example_branch_dop_operator_v3']) retrieved from /home/airflow/.local/lib/python3.7/site-packages/airflow/example_dags/example_branch_python_dop_operator_3.py
[2022-10-03T01:47:16.050+0000] {logging_mixin.py:115} INFO - [2022-10-03T01:47:16.049+0000] {dag.py:2429} INFO - Sync 1 DAGs
[2022-10-03T01:47:16.171+0000] {logging_mixin.py:115} INFO - [2022-10-03T01:47:16.171+0000] {dag.py:2981} INFO - Setting next_dagrun for example_branch_dop_operator_v3 to 2022-10-03T01:46:00+00:00, run_after=2022-10-03T01:47:00+00:00
[2022-10-03T01:47:16.187+0000] {processor.py:161} INFO - Processing /home/airflow/.local/lib/python3.7/site-packages/airflow/example_dags/example_branch_python_dop_operator_3.py took 0.173 seconds
[2022-10-03T01:47:46.834+0000] {processor.py:153} INFO - Started process (PID=2020) to work on /home/airflow/.local/lib/python3.7/site-packages/airflow/example_dags/example_branch_python_dop_operator_3.py
[2022-10-03T01:47:46.835+0000] {processor.py:640} INFO - Processing file /home/airflow/.local/lib/python3.7/site-packages/airflow/example_dags/example_branch_python_dop_operator_3.py for tasks to queue
[2022-10-03T01:47:46.836+0000] {logging_mixin.py:115} INFO - [2022-10-03T01:47:46.836+0000] {dagbag.py:508} INFO - Filling up the DagBag from /home/airflow/.local/lib/python3.7/site-packages/airflow/example_dags/example_branch_python_dop_operator_3.py
[2022-10-03T01:47:46.844+0000] {processor.py:650} INFO - DAG(s) dict_keys(['example_branch_dop_operator_v3']) retrieved from /home/airflow/.local/lib/python3.7/site-packages/airflow/example_dags/example_branch_python_dop_operator_3.py
[2022-10-03T01:47:46.866+0000] {logging_mixin.py:115} INFO - [2022-10-03T01:47:46.866+0000] {dag.py:2429} INFO - Sync 1 DAGs
[2022-10-03T01:47:46.982+0000] {logging_mixin.py:115} INFO - [2022-10-03T01:47:46.982+0000] {dag.py:2981} INFO - Setting next_dagrun for example_branch_dop_operator_v3 to 2022-10-03T01:46:00+00:00, run_after=2022-10-03T01:47:00+00:00
[2022-10-03T01:47:46.995+0000] {processor.py:161} INFO - Processing /home/airflow/.local/lib/python3.7/site-packages/airflow/example_dags/example_branch_python_dop_operator_3.py took 0.164 seconds
[2022-10-03T01:48:17.613+0000] {processor.py:153} INFO - Started process (PID=2075) to work on /home/airflow/.local/lib/python3.7/site-packages/airflow/example_dags/example_branch_python_dop_operator_3.py
[2022-10-03T01:48:17.614+0000] {processor.py:640} INFO - Processing file /home/airflow/.local/lib/python3.7/site-packages/airflow/example_dags/example_branch_python_dop_operator_3.py for tasks to queue
[2022-10-03T01:48:17.616+0000] {logging_mixin.py:115} INFO - [2022-10-03T01:48:17.615+0000] {dagbag.py:508} INFO - Filling up the DagBag from /home/airflow/.local/lib/python3.7/site-packages/airflow/example_dags/example_branch_python_dop_operator_3.py
[2022-10-03T01:48:17.630+0000] {processor.py:650} INFO - DAG(s) dict_keys(['example_branch_dop_operator_v3']) retrieved from /home/airflow/.local/lib/python3.7/site-packages/airflow/example_dags/example_branch_python_dop_operator_3.py
[2022-10-03T01:48:17.657+0000] {logging_mixin.py:115} INFO - [2022-10-03T01:48:17.656+0000] {dag.py:2429} INFO - Sync 1 DAGs
[2022-10-03T01:48:17.794+0000] {logging_mixin.py:115} INFO - [2022-10-03T01:48:17.794+0000] {dag.py:2981} INFO - Setting next_dagrun for example_branch_dop_operator_v3 to 2022-10-03T01:47:00+00:00, run_after=2022-10-03T01:48:00+00:00
[2022-10-03T01:48:17.808+0000] {processor.py:161} INFO - Processing /home/airflow/.local/lib/python3.7/site-packages/airflow/example_dags/example_branch_python_dop_operator_3.py took 0.198 seconds
[2022-10-03T01:48:48.407+0000] {processor.py:153} INFO - Started process (PID=2130) to work on /home/airflow/.local/lib/python3.7/site-packages/airflow/example_dags/example_branch_python_dop_operator_3.py
[2022-10-03T01:48:48.408+0000] {processor.py:640} INFO - Processing file /home/airflow/.local/lib/python3.7/site-packages/airflow/example_dags/example_branch_python_dop_operator_3.py for tasks to queue
[2022-10-03T01:48:48.409+0000] {logging_mixin.py:115} INFO - [2022-10-03T01:48:48.408+0000] {dagbag.py:508} INFO - Filling up the DagBag from /home/airflow/.local/lib/python3.7/site-packages/airflow/example_dags/example_branch_python_dop_operator_3.py
[2022-10-03T01:48:48.417+0000] {processor.py:650} INFO - DAG(s) dict_keys(['example_branch_dop_operator_v3']) retrieved from /home/airflow/.local/lib/python3.7/site-packages/airflow/example_dags/example_branch_python_dop_operator_3.py
[2022-10-03T01:48:48.444+0000] {logging_mixin.py:115} INFO - [2022-10-03T01:48:48.444+0000] {dag.py:2429} INFO - Sync 1 DAGs
[2022-10-03T01:48:48.562+0000] {logging_mixin.py:115} INFO - [2022-10-03T01:48:48.562+0000] {dag.py:2981} INFO - Setting next_dagrun for example_branch_dop_operator_v3 to 2022-10-03T01:47:00+00:00, run_after=2022-10-03T01:48:00+00:00
[2022-10-03T01:48:48.575+0000] {processor.py:161} INFO - Processing /home/airflow/.local/lib/python3.7/site-packages/airflow/example_dags/example_branch_python_dop_operator_3.py took 0.171 seconds
[2022-10-03T01:49:19.234+0000] {processor.py:153} INFO - Started process (PID=2185) to work on /home/airflow/.local/lib/python3.7/site-packages/airflow/example_dags/example_branch_python_dop_operator_3.py
[2022-10-03T01:49:19.235+0000] {processor.py:640} INFO - Processing file /home/airflow/.local/lib/python3.7/site-packages/airflow/example_dags/example_branch_python_dop_operator_3.py for tasks to queue
[2022-10-03T01:49:19.235+0000] {logging_mixin.py:115} INFO - [2022-10-03T01:49:19.235+0000] {dagbag.py:508} INFO - Filling up the DagBag from /home/airflow/.local/lib/python3.7/site-packages/airflow/example_dags/example_branch_python_dop_operator_3.py
[2022-10-03T01:49:19.244+0000] {processor.py:650} INFO - DAG(s) dict_keys(['example_branch_dop_operator_v3']) retrieved from /home/airflow/.local/lib/python3.7/site-packages/airflow/example_dags/example_branch_python_dop_operator_3.py
[2022-10-03T01:49:19.267+0000] {logging_mixin.py:115} INFO - [2022-10-03T01:49:19.267+0000] {dag.py:2429} INFO - Sync 1 DAGs
[2022-10-03T01:49:19.386+0000] {logging_mixin.py:115} INFO - [2022-10-03T01:49:19.386+0000] {dag.py:2981} INFO - Setting next_dagrun for example_branch_dop_operator_v3 to 2022-10-03T01:48:00+00:00, run_after=2022-10-03T01:49:00+00:00
[2022-10-03T01:49:19.404+0000] {processor.py:161} INFO - Processing /home/airflow/.local/lib/python3.7/site-packages/airflow/example_dags/example_branch_python_dop_operator_3.py took 0.172 seconds
[2022-10-03T01:52:33.695+0000] {processor.py:153} INFO - Started process (PID=76) to work on /home/airflow/.local/lib/python3.7/site-packages/airflow/example_dags/example_branch_python_dop_operator_3.py
[2022-10-03T01:52:33.697+0000] {processor.py:640} INFO - Processing file /home/airflow/.local/lib/python3.7/site-packages/airflow/example_dags/example_branch_python_dop_operator_3.py for tasks to queue
[2022-10-03T01:52:33.699+0000] {logging_mixin.py:115} INFO - [2022-10-03T01:52:33.699+0000] {dagbag.py:508} INFO - Filling up the DagBag from /home/airflow/.local/lib/python3.7/site-packages/airflow/example_dags/example_branch_python_dop_operator_3.py
[2022-10-03T01:52:33.712+0000] {processor.py:650} INFO - DAG(s) dict_keys(['example_branch_dop_operator_v3']) retrieved from /home/airflow/.local/lib/python3.7/site-packages/airflow/example_dags/example_branch_python_dop_operator_3.py
[2022-10-03T01:52:33.737+0000] {logging_mixin.py:115} INFO - [2022-10-03T01:52:33.737+0000] {dag.py:2429} INFO - Sync 1 DAGs
[2022-10-03T01:52:33.914+0000] {logging_mixin.py:115} INFO - [2022-10-03T01:52:33.913+0000] {dag.py:2981} INFO - Setting next_dagrun for example_branch_dop_operator_v3 to 2022-10-03T01:51:00+00:00, run_after=2022-10-03T01:52:00+00:00
[2022-10-03T01:52:33.928+0000] {processor.py:161} INFO - Processing /home/airflow/.local/lib/python3.7/site-packages/airflow/example_dags/example_branch_python_dop_operator_3.py took 0.238 seconds
[2022-10-03T01:53:04.814+0000] {processor.py:153} INFO - Started process (PID=132) to work on /home/airflow/.local/lib/python3.7/site-packages/airflow/example_dags/example_branch_python_dop_operator_3.py
[2022-10-03T01:53:04.815+0000] {processor.py:640} INFO - Processing file /home/airflow/.local/lib/python3.7/site-packages/airflow/example_dags/example_branch_python_dop_operator_3.py for tasks to queue
[2022-10-03T01:53:04.816+0000] {logging_mixin.py:115} INFO - [2022-10-03T01:53:04.815+0000] {dagbag.py:508} INFO - Filling up the DagBag from /home/airflow/.local/lib/python3.7/site-packages/airflow/example_dags/example_branch_python_dop_operator_3.py
[2022-10-03T01:53:04.824+0000] {processor.py:650} INFO - DAG(s) dict_keys(['example_branch_dop_operator_v3']) retrieved from /home/airflow/.local/lib/python3.7/site-packages/airflow/example_dags/example_branch_python_dop_operator_3.py
[2022-10-03T01:53:04.852+0000] {logging_mixin.py:115} INFO - [2022-10-03T01:53:04.852+0000] {dag.py:2429} INFO - Sync 1 DAGs
[2022-10-03T01:53:04.975+0000] {logging_mixin.py:115} INFO - [2022-10-03T01:53:04.975+0000] {dag.py:2981} INFO - Setting next_dagrun for example_branch_dop_operator_v3 to 2022-10-03T01:52:00+00:00, run_after=2022-10-03T01:53:00+00:00
[2022-10-03T01:53:04.989+0000] {processor.py:161} INFO - Processing /home/airflow/.local/lib/python3.7/site-packages/airflow/example_dags/example_branch_python_dop_operator_3.py took 0.179 seconds
[2022-10-03T01:53:35.561+0000] {processor.py:153} INFO - Started process (PID=187) to work on /home/airflow/.local/lib/python3.7/site-packages/airflow/example_dags/example_branch_python_dop_operator_3.py
[2022-10-03T01:53:35.562+0000] {processor.py:640} INFO - Processing file /home/airflow/.local/lib/python3.7/site-packages/airflow/example_dags/example_branch_python_dop_operator_3.py for tasks to queue
[2022-10-03T01:53:35.563+0000] {logging_mixin.py:115} INFO - [2022-10-03T01:53:35.563+0000] {dagbag.py:508} INFO - Filling up the DagBag from /home/airflow/.local/lib/python3.7/site-packages/airflow/example_dags/example_branch_python_dop_operator_3.py
[2022-10-03T01:53:35.570+0000] {processor.py:650} INFO - DAG(s) dict_keys(['example_branch_dop_operator_v3']) retrieved from /home/airflow/.local/lib/python3.7/site-packages/airflow/example_dags/example_branch_python_dop_operator_3.py
[2022-10-03T01:53:35.600+0000] {logging_mixin.py:115} INFO - [2022-10-03T01:53:35.600+0000] {dag.py:2429} INFO - Sync 1 DAGs
[2022-10-03T01:53:35.724+0000] {logging_mixin.py:115} INFO - [2022-10-03T01:53:35.724+0000] {dag.py:2981} INFO - Setting next_dagrun for example_branch_dop_operator_v3 to 2022-10-03T01:52:00+00:00, run_after=2022-10-03T01:53:00+00:00
[2022-10-03T01:53:35.736+0000] {processor.py:161} INFO - Processing /home/airflow/.local/lib/python3.7/site-packages/airflow/example_dags/example_branch_python_dop_operator_3.py took 0.178 seconds
[2022-10-03T01:54:06.451+0000] {processor.py:153} INFO - Started process (PID=242) to work on /home/airflow/.local/lib/python3.7/site-packages/airflow/example_dags/example_branch_python_dop_operator_3.py
[2022-10-03T01:54:06.452+0000] {processor.py:640} INFO - Processing file /home/airflow/.local/lib/python3.7/site-packages/airflow/example_dags/example_branch_python_dop_operator_3.py for tasks to queue
[2022-10-03T01:54:06.454+0000] {logging_mixin.py:115} INFO - [2022-10-03T01:54:06.453+0000] {dagbag.py:508} INFO - Filling up the DagBag from /home/airflow/.local/lib/python3.7/site-packages/airflow/example_dags/example_branch_python_dop_operator_3.py
[2022-10-03T01:54:06.463+0000] {processor.py:650} INFO - DAG(s) dict_keys(['example_branch_dop_operator_v3']) retrieved from /home/airflow/.local/lib/python3.7/site-packages/airflow/example_dags/example_branch_python_dop_operator_3.py
[2022-10-03T01:54:06.493+0000] {logging_mixin.py:115} INFO - [2022-10-03T01:54:06.493+0000] {dag.py:2429} INFO - Sync 1 DAGs
[2022-10-03T01:54:06.625+0000] {logging_mixin.py:115} INFO - [2022-10-03T01:54:06.625+0000] {dag.py:2981} INFO - Setting next_dagrun for example_branch_dop_operator_v3 to 2022-10-03T01:53:00+00:00, run_after=2022-10-03T01:54:00+00:00
[2022-10-03T01:54:06.638+0000] {processor.py:161} INFO - Processing /home/airflow/.local/lib/python3.7/site-packages/airflow/example_dags/example_branch_python_dop_operator_3.py took 0.190 seconds
[2022-10-03T01:54:37.613+0000] {processor.py:153} INFO - Started process (PID=298) to work on /home/airflow/.local/lib/python3.7/site-packages/airflow/example_dags/example_branch_python_dop_operator_3.py
[2022-10-03T01:54:37.614+0000] {processor.py:640} INFO - Processing file /home/airflow/.local/lib/python3.7/site-packages/airflow/example_dags/example_branch_python_dop_operator_3.py for tasks to queue
[2022-10-03T01:54:37.616+0000] {logging_mixin.py:115} INFO - [2022-10-03T01:54:37.615+0000] {dagbag.py:508} INFO - Filling up the DagBag from /home/airflow/.local/lib/python3.7/site-packages/airflow/example_dags/example_branch_python_dop_operator_3.py
[2022-10-03T01:54:37.629+0000] {processor.py:650} INFO - DAG(s) dict_keys(['example_branch_dop_operator_v3']) retrieved from /home/airflow/.local/lib/python3.7/site-packages/airflow/example_dags/example_branch_python_dop_operator_3.py
[2022-10-03T01:54:37.654+0000] {logging_mixin.py:115} INFO - [2022-10-03T01:54:37.654+0000] {dag.py:2429} INFO - Sync 1 DAGs
[2022-10-03T01:54:37.794+0000] {logging_mixin.py:115} INFO - [2022-10-03T01:54:37.794+0000] {dag.py:2981} INFO - Setting next_dagrun for example_branch_dop_operator_v3 to 2022-10-03T01:53:00+00:00, run_after=2022-10-03T01:54:00+00:00
[2022-10-03T01:54:37.808+0000] {processor.py:161} INFO - Processing /home/airflow/.local/lib/python3.7/site-packages/airflow/example_dags/example_branch_python_dop_operator_3.py took 0.198 seconds
[2022-10-03T01:55:07.982+0000] {processor.py:153} INFO - Started process (PID=353) to work on /home/airflow/.local/lib/python3.7/site-packages/airflow/example_dags/example_branch_python_dop_operator_3.py
[2022-10-03T01:55:07.983+0000] {processor.py:640} INFO - Processing file /home/airflow/.local/lib/python3.7/site-packages/airflow/example_dags/example_branch_python_dop_operator_3.py for tasks to queue
[2022-10-03T01:55:07.984+0000] {logging_mixin.py:115} INFO - [2022-10-03T01:55:07.984+0000] {dagbag.py:508} INFO - Filling up the DagBag from /home/airflow/.local/lib/python3.7/site-packages/airflow/example_dags/example_branch_python_dop_operator_3.py
[2022-10-03T01:55:07.996+0000] {processor.py:650} INFO - DAG(s) dict_keys(['example_branch_dop_operator_v3']) retrieved from /home/airflow/.local/lib/python3.7/site-packages/airflow/example_dags/example_branch_python_dop_operator_3.py
[2022-10-03T01:55:08.023+0000] {logging_mixin.py:115} INFO - [2022-10-03T01:55:08.023+0000] {dag.py:2429} INFO - Sync 1 DAGs
[2022-10-03T01:55:08.178+0000] {logging_mixin.py:115} INFO - [2022-10-03T01:55:08.177+0000] {dag.py:2981} INFO - Setting next_dagrun for example_branch_dop_operator_v3 to 2022-10-03T01:54:00+00:00, run_after=2022-10-03T01:55:00+00:00
[2022-10-03T01:55:08.192+0000] {processor.py:161} INFO - Processing /home/airflow/.local/lib/python3.7/site-packages/airflow/example_dags/example_branch_python_dop_operator_3.py took 0.213 seconds
[2022-10-03T01:55:38.621+0000] {processor.py:153} INFO - Started process (PID=408) to work on /home/airflow/.local/lib/python3.7/site-packages/airflow/example_dags/example_branch_python_dop_operator_3.py
[2022-10-03T01:55:38.622+0000] {processor.py:640} INFO - Processing file /home/airflow/.local/lib/python3.7/site-packages/airflow/example_dags/example_branch_python_dop_operator_3.py for tasks to queue
[2022-10-03T01:55:38.623+0000] {logging_mixin.py:115} INFO - [2022-10-03T01:55:38.623+0000] {dagbag.py:508} INFO - Filling up the DagBag from /home/airflow/.local/lib/python3.7/site-packages/airflow/example_dags/example_branch_python_dop_operator_3.py
[2022-10-03T01:55:38.634+0000] {processor.py:650} INFO - DAG(s) dict_keys(['example_branch_dop_operator_v3']) retrieved from /home/airflow/.local/lib/python3.7/site-packages/airflow/example_dags/example_branch_python_dop_operator_3.py
[2022-10-03T01:55:38.660+0000] {logging_mixin.py:115} INFO - [2022-10-03T01:55:38.660+0000] {dag.py:2429} INFO - Sync 1 DAGs
[2022-10-03T01:55:38.786+0000] {logging_mixin.py:115} INFO - [2022-10-03T01:55:38.786+0000] {dag.py:2981} INFO - Setting next_dagrun for example_branch_dop_operator_v3 to 2022-10-03T01:54:00+00:00, run_after=2022-10-03T01:55:00+00:00
[2022-10-03T01:55:38.803+0000] {processor.py:161} INFO - Processing /home/airflow/.local/lib/python3.7/site-packages/airflow/example_dags/example_branch_python_dop_operator_3.py took 0.185 seconds
[2022-10-03T01:56:09.154+0000] {processor.py:153} INFO - Started process (PID=463) to work on /home/airflow/.local/lib/python3.7/site-packages/airflow/example_dags/example_branch_python_dop_operator_3.py
[2022-10-03T01:56:09.155+0000] {processor.py:640} INFO - Processing file /home/airflow/.local/lib/python3.7/site-packages/airflow/example_dags/example_branch_python_dop_operator_3.py for tasks to queue
[2022-10-03T01:56:09.156+0000] {logging_mixin.py:115} INFO - [2022-10-03T01:56:09.156+0000] {dagbag.py:508} INFO - Filling up the DagBag from /home/airflow/.local/lib/python3.7/site-packages/airflow/example_dags/example_branch_python_dop_operator_3.py
[2022-10-03T01:56:09.166+0000] {processor.py:650} INFO - DAG(s) dict_keys(['example_branch_dop_operator_v3']) retrieved from /home/airflow/.local/lib/python3.7/site-packages/airflow/example_dags/example_branch_python_dop_operator_3.py
[2022-10-03T01:56:09.188+0000] {logging_mixin.py:115} INFO - [2022-10-03T01:56:09.188+0000] {dag.py:2429} INFO - Sync 1 DAGs
[2022-10-03T01:56:09.313+0000] {logging_mixin.py:115} INFO - [2022-10-03T01:56:09.313+0000] {dag.py:2981} INFO - Setting next_dagrun for example_branch_dop_operator_v3 to 2022-10-03T01:55:00+00:00, run_after=2022-10-03T01:56:00+00:00
[2022-10-03T01:56:09.326+0000] {processor.py:161} INFO - Processing /home/airflow/.local/lib/python3.7/site-packages/airflow/example_dags/example_branch_python_dop_operator_3.py took 0.175 seconds
[2022-10-03T01:56:40.055+0000] {processor.py:153} INFO - Started process (PID=518) to work on /home/airflow/.local/lib/python3.7/site-packages/airflow/example_dags/example_branch_python_dop_operator_3.py
[2022-10-03T01:56:40.056+0000] {processor.py:640} INFO - Processing file /home/airflow/.local/lib/python3.7/site-packages/airflow/example_dags/example_branch_python_dop_operator_3.py for tasks to queue
[2022-10-03T01:56:40.057+0000] {logging_mixin.py:115} INFO - [2022-10-03T01:56:40.057+0000] {dagbag.py:508} INFO - Filling up the DagBag from /home/airflow/.local/lib/python3.7/site-packages/airflow/example_dags/example_branch_python_dop_operator_3.py
[2022-10-03T01:56:40.067+0000] {processor.py:650} INFO - DAG(s) dict_keys(['example_branch_dop_operator_v3']) retrieved from /home/airflow/.local/lib/python3.7/site-packages/airflow/example_dags/example_branch_python_dop_operator_3.py
[2022-10-03T01:56:40.091+0000] {logging_mixin.py:115} INFO - [2022-10-03T01:56:40.090+0000] {dag.py:2429} INFO - Sync 1 DAGs
[2022-10-03T01:56:40.209+0000] {logging_mixin.py:115} INFO - [2022-10-03T01:56:40.209+0000] {dag.py:2981} INFO - Setting next_dagrun for example_branch_dop_operator_v3 to 2022-10-03T01:55:00+00:00, run_after=2022-10-03T01:56:00+00:00
[2022-10-03T01:56:40.227+0000] {processor.py:161} INFO - Processing /home/airflow/.local/lib/python3.7/site-packages/airflow/example_dags/example_branch_python_dop_operator_3.py took 0.175 seconds
[2022-10-03T01:57:10.504+0000] {processor.py:153} INFO - Started process (PID=573) to work on /home/airflow/.local/lib/python3.7/site-packages/airflow/example_dags/example_branch_python_dop_operator_3.py
[2022-10-03T01:57:10.505+0000] {processor.py:640} INFO - Processing file /home/airflow/.local/lib/python3.7/site-packages/airflow/example_dags/example_branch_python_dop_operator_3.py for tasks to queue
[2022-10-03T01:57:10.506+0000] {logging_mixin.py:115} INFO - [2022-10-03T01:57:10.506+0000] {dagbag.py:508} INFO - Filling up the DagBag from /home/airflow/.local/lib/python3.7/site-packages/airflow/example_dags/example_branch_python_dop_operator_3.py
[2022-10-03T01:57:10.515+0000] {processor.py:650} INFO - DAG(s) dict_keys(['example_branch_dop_operator_v3']) retrieved from /home/airflow/.local/lib/python3.7/site-packages/airflow/example_dags/example_branch_python_dop_operator_3.py
[2022-10-03T01:57:10.541+0000] {logging_mixin.py:115} INFO - [2022-10-03T01:57:10.541+0000] {dag.py:2429} INFO - Sync 1 DAGs
[2022-10-03T01:57:10.687+0000] {logging_mixin.py:115} INFO - [2022-10-03T01:57:10.687+0000] {dag.py:2981} INFO - Setting next_dagrun for example_branch_dop_operator_v3 to 2022-10-03T01:56:00+00:00, run_after=2022-10-03T01:57:00+00:00
[2022-10-03T01:57:10.703+0000] {processor.py:161} INFO - Processing /home/airflow/.local/lib/python3.7/site-packages/airflow/example_dags/example_branch_python_dop_operator_3.py took 0.203 seconds
[2022-10-03T01:57:41.051+0000] {processor.py:153} INFO - Started process (PID=628) to work on /home/airflow/.local/lib/python3.7/site-packages/airflow/example_dags/example_branch_python_dop_operator_3.py
[2022-10-03T01:57:41.052+0000] {processor.py:640} INFO - Processing file /home/airflow/.local/lib/python3.7/site-packages/airflow/example_dags/example_branch_python_dop_operator_3.py for tasks to queue
[2022-10-03T01:57:41.053+0000] {logging_mixin.py:115} INFO - [2022-10-03T01:57:41.053+0000] {dagbag.py:508} INFO - Filling up the DagBag from /home/airflow/.local/lib/python3.7/site-packages/airflow/example_dags/example_branch_python_dop_operator_3.py
[2022-10-03T01:57:41.061+0000] {processor.py:650} INFO - DAG(s) dict_keys(['example_branch_dop_operator_v3']) retrieved from /home/airflow/.local/lib/python3.7/site-packages/airflow/example_dags/example_branch_python_dop_operator_3.py
[2022-10-03T01:57:41.085+0000] {logging_mixin.py:115} INFO - [2022-10-03T01:57:41.085+0000] {dag.py:2429} INFO - Sync 1 DAGs
[2022-10-03T01:57:41.209+0000] {logging_mixin.py:115} INFO - [2022-10-03T01:57:41.209+0000] {dag.py:2981} INFO - Setting next_dagrun for example_branch_dop_operator_v3 to 2022-10-03T01:56:00+00:00, run_after=2022-10-03T01:57:00+00:00
[2022-10-03T01:57:41.223+0000] {processor.py:161} INFO - Processing /home/airflow/.local/lib/python3.7/site-packages/airflow/example_dags/example_branch_python_dop_operator_3.py took 0.174 seconds
[2022-10-03T01:58:11.776+0000] {processor.py:153} INFO - Started process (PID=683) to work on /home/airflow/.local/lib/python3.7/site-packages/airflow/example_dags/example_branch_python_dop_operator_3.py
[2022-10-03T01:58:11.777+0000] {processor.py:640} INFO - Processing file /home/airflow/.local/lib/python3.7/site-packages/airflow/example_dags/example_branch_python_dop_operator_3.py for tasks to queue
[2022-10-03T01:58:11.778+0000] {logging_mixin.py:115} INFO - [2022-10-03T01:58:11.778+0000] {dagbag.py:508} INFO - Filling up the DagBag from /home/airflow/.local/lib/python3.7/site-packages/airflow/example_dags/example_branch_python_dop_operator_3.py
[2022-10-03T01:58:11.788+0000] {processor.py:650} INFO - DAG(s) dict_keys(['example_branch_dop_operator_v3']) retrieved from /home/airflow/.local/lib/python3.7/site-packages/airflow/example_dags/example_branch_python_dop_operator_3.py
[2022-10-03T01:58:11.816+0000] {logging_mixin.py:115} INFO - [2022-10-03T01:58:11.816+0000] {dag.py:2429} INFO - Sync 1 DAGs
[2022-10-03T01:58:11.942+0000] {logging_mixin.py:115} INFO - [2022-10-03T01:58:11.942+0000] {dag.py:2981} INFO - Setting next_dagrun for example_branch_dop_operator_v3 to 2022-10-03T01:57:00+00:00, run_after=2022-10-03T01:58:00+00:00
[2022-10-03T01:58:11.955+0000] {processor.py:161} INFO - Processing /home/airflow/.local/lib/python3.7/site-packages/airflow/example_dags/example_branch_python_dop_operator_3.py took 0.182 seconds
[2022-10-03T01:58:42.166+0000] {processor.py:153} INFO - Started process (PID=738) to work on /home/airflow/.local/lib/python3.7/site-packages/airflow/example_dags/example_branch_python_dop_operator_3.py
[2022-10-03T01:58:42.168+0000] {processor.py:640} INFO - Processing file /home/airflow/.local/lib/python3.7/site-packages/airflow/example_dags/example_branch_python_dop_operator_3.py for tasks to queue
[2022-10-03T01:58:42.169+0000] {logging_mixin.py:115} INFO - [2022-10-03T01:58:42.169+0000] {dagbag.py:508} INFO - Filling up the DagBag from /home/airflow/.local/lib/python3.7/site-packages/airflow/example_dags/example_branch_python_dop_operator_3.py
[2022-10-03T01:58:42.181+0000] {processor.py:650} INFO - DAG(s) dict_keys(['example_branch_dop_operator_v3']) retrieved from /home/airflow/.local/lib/python3.7/site-packages/airflow/example_dags/example_branch_python_dop_operator_3.py
[2022-10-03T01:58:42.204+0000] {logging_mixin.py:115} INFO - [2022-10-03T01:58:42.203+0000] {dag.py:2429} INFO - Sync 1 DAGs
[2022-10-03T01:58:42.357+0000] {logging_mixin.py:115} INFO - [2022-10-03T01:58:42.357+0000] {dag.py:2981} INFO - Setting next_dagrun for example_branch_dop_operator_v3 to 2022-10-03T01:57:00+00:00, run_after=2022-10-03T01:58:00+00:00
[2022-10-03T01:58:42.373+0000] {processor.py:161} INFO - Processing /home/airflow/.local/lib/python3.7/site-packages/airflow/example_dags/example_branch_python_dop_operator_3.py took 0.210 seconds
[2022-10-03T01:59:12.991+0000] {processor.py:153} INFO - Started process (PID=801) to work on /home/airflow/.local/lib/python3.7/site-packages/airflow/example_dags/example_branch_python_dop_operator_3.py
[2022-10-03T01:59:12.992+0000] {processor.py:640} INFO - Processing file /home/airflow/.local/lib/python3.7/site-packages/airflow/example_dags/example_branch_python_dop_operator_3.py for tasks to queue
[2022-10-03T01:59:12.993+0000] {logging_mixin.py:115} INFO - [2022-10-03T01:59:12.993+0000] {dagbag.py:508} INFO - Filling up the DagBag from /home/airflow/.local/lib/python3.7/site-packages/airflow/example_dags/example_branch_python_dop_operator_3.py
[2022-10-03T01:59:13.008+0000] {processor.py:650} INFO - DAG(s) dict_keys(['example_branch_dop_operator_v3']) retrieved from /home/airflow/.local/lib/python3.7/site-packages/airflow/example_dags/example_branch_python_dop_operator_3.py
[2022-10-03T01:59:13.041+0000] {logging_mixin.py:115} INFO - [2022-10-03T01:59:13.041+0000] {dag.py:2429} INFO - Sync 1 DAGs
[2022-10-03T01:59:13.180+0000] {logging_mixin.py:115} INFO - [2022-10-03T01:59:13.180+0000] {dag.py:2981} INFO - Setting next_dagrun for example_branch_dop_operator_v3 to 2022-10-03T01:58:00+00:00, run_after=2022-10-03T01:59:00+00:00
[2022-10-03T01:59:13.193+0000] {processor.py:161} INFO - Processing /home/airflow/.local/lib/python3.7/site-packages/airflow/example_dags/example_branch_python_dop_operator_3.py took 0.206 seconds
[2022-10-03T01:59:43.625+0000] {processor.py:153} INFO - Started process (PID=856) to work on /home/airflow/.local/lib/python3.7/site-packages/airflow/example_dags/example_branch_python_dop_operator_3.py
[2022-10-03T01:59:43.626+0000] {processor.py:640} INFO - Processing file /home/airflow/.local/lib/python3.7/site-packages/airflow/example_dags/example_branch_python_dop_operator_3.py for tasks to queue
[2022-10-03T01:59:43.627+0000] {logging_mixin.py:115} INFO - [2022-10-03T01:59:43.627+0000] {dagbag.py:508} INFO - Filling up the DagBag from /home/airflow/.local/lib/python3.7/site-packages/airflow/example_dags/example_branch_python_dop_operator_3.py
[2022-10-03T01:59:43.636+0000] {processor.py:650} INFO - DAG(s) dict_keys(['example_branch_dop_operator_v3']) retrieved from /home/airflow/.local/lib/python3.7/site-packages/airflow/example_dags/example_branch_python_dop_operator_3.py
[2022-10-03T01:59:43.659+0000] {logging_mixin.py:115} INFO - [2022-10-03T01:59:43.659+0000] {dag.py:2429} INFO - Sync 1 DAGs
[2022-10-03T01:59:43.780+0000] {logging_mixin.py:115} INFO - [2022-10-03T01:59:43.780+0000] {dag.py:2981} INFO - Setting next_dagrun for example_branch_dop_operator_v3 to 2022-10-03T01:58:00+00:00, run_after=2022-10-03T01:59:00+00:00
[2022-10-03T01:59:43.793+0000] {processor.py:161} INFO - Processing /home/airflow/.local/lib/python3.7/site-packages/airflow/example_dags/example_branch_python_dop_operator_3.py took 0.171 seconds
