[2022-10-03T01:29:50.087+0000] {processor.py:153} INFO - Started process (PID=74) to work on /home/airflow/.local/lib/python3.7/site-packages/airflow/example_dags/example_task_group_decorator.py
[2022-10-03T01:29:50.088+0000] {processor.py:640} INFO - Processing file /home/airflow/.local/lib/python3.7/site-packages/airflow/example_dags/example_task_group_decorator.py for tasks to queue
[2022-10-03T01:29:50.089+0000] {logging_mixin.py:115} INFO - [2022-10-03T01:29:50.089+0000] {dagbag.py:508} INFO - Filling up the DagBag from /home/airflow/.local/lib/python3.7/site-packages/airflow/example_dags/example_task_group_decorator.py
[2022-10-03T01:29:50.126+0000] {processor.py:650} INFO - DAG(s) dict_keys(['example_task_group_decorator']) retrieved from /home/airflow/.local/lib/python3.7/site-packages/airflow/example_dags/example_task_group_decorator.py
[2022-10-03T01:29:50.403+0000] {logging_mixin.py:115} INFO - [2022-10-03T01:29:50.403+0000] {manager.py:508} INFO - Created Permission View: can edit on DAG:example_task_group_decorator
[2022-10-03T01:29:50.421+0000] {logging_mixin.py:115} INFO - [2022-10-03T01:29:50.421+0000] {manager.py:508} INFO - Created Permission View: can read on DAG:example_task_group_decorator
[2022-10-03T01:29:50.434+0000] {logging_mixin.py:115} INFO - [2022-10-03T01:29:50.433+0000] {manager.py:508} INFO - Created Permission View: can delete on DAG:example_task_group_decorator
[2022-10-03T01:29:50.435+0000] {logging_mixin.py:115} INFO - [2022-10-03T01:29:50.434+0000] {dag.py:2429} INFO - Sync 1 DAGs
[2022-10-03T01:29:50.445+0000] {logging_mixin.py:115} INFO - [2022-10-03T01:29:50.445+0000] {dag.py:2448} INFO - Creating ORM DAG for example_task_group_decorator
[2022-10-03T01:29:50.461+0000] {logging_mixin.py:115} INFO - [2022-10-03T01:29:50.461+0000] {dag.py:2981} INFO - Setting next_dagrun for example_task_group_decorator to 2022-10-02T01:29:50.460883+00:00, run_after=2022-10-03T01:29:50.460883+00:00
[2022-10-03T01:29:50.482+0000] {processor.py:161} INFO - Processing /home/airflow/.local/lib/python3.7/site-packages/airflow/example_dags/example_task_group_decorator.py took 0.399 seconds
[2022-10-03T01:30:20.956+0000] {processor.py:153} INFO - Started process (PID=129) to work on /home/airflow/.local/lib/python3.7/site-packages/airflow/example_dags/example_task_group_decorator.py
[2022-10-03T01:30:20.957+0000] {processor.py:640} INFO - Processing file /home/airflow/.local/lib/python3.7/site-packages/airflow/example_dags/example_task_group_decorator.py for tasks to queue
[2022-10-03T01:30:20.958+0000] {logging_mixin.py:115} INFO - [2022-10-03T01:30:20.958+0000] {dagbag.py:508} INFO - Filling up the DagBag from /home/airflow/.local/lib/python3.7/site-packages/airflow/example_dags/example_task_group_decorator.py
[2022-10-03T01:30:20.983+0000] {processor.py:650} INFO - DAG(s) dict_keys(['example_task_group_decorator']) retrieved from /home/airflow/.local/lib/python3.7/site-packages/airflow/example_dags/example_task_group_decorator.py
[2022-10-03T01:30:21.160+0000] {logging_mixin.py:115} INFO - [2022-10-03T01:30:21.160+0000] {dag.py:2429} INFO - Sync 1 DAGs
[2022-10-03T01:30:21.179+0000] {logging_mixin.py:115} INFO - [2022-10-03T01:30:21.179+0000] {dag.py:2981} INFO - Setting next_dagrun for example_task_group_decorator to 2022-10-02T01:30:21.178888+00:00, run_after=2022-10-03T01:30:21.178888+00:00
[2022-10-03T01:30:21.195+0000] {processor.py:161} INFO - Processing /home/airflow/.local/lib/python3.7/site-packages/airflow/example_dags/example_task_group_decorator.py took 0.242 seconds
[2022-10-03T01:30:51.669+0000] {processor.py:153} INFO - Started process (PID=184) to work on /home/airflow/.local/lib/python3.7/site-packages/airflow/example_dags/example_task_group_decorator.py
[2022-10-03T01:30:51.670+0000] {processor.py:640} INFO - Processing file /home/airflow/.local/lib/python3.7/site-packages/airflow/example_dags/example_task_group_decorator.py for tasks to queue
[2022-10-03T01:30:51.671+0000] {logging_mixin.py:115} INFO - [2022-10-03T01:30:51.671+0000] {dagbag.py:508} INFO - Filling up the DagBag from /home/airflow/.local/lib/python3.7/site-packages/airflow/example_dags/example_task_group_decorator.py
[2022-10-03T01:30:51.694+0000] {processor.py:650} INFO - DAG(s) dict_keys(['example_task_group_decorator']) retrieved from /home/airflow/.local/lib/python3.7/site-packages/airflow/example_dags/example_task_group_decorator.py
[2022-10-03T01:30:51.862+0000] {logging_mixin.py:115} INFO - [2022-10-03T01:30:51.861+0000] {dag.py:2429} INFO - Sync 1 DAGs
[2022-10-03T01:30:51.882+0000] {logging_mixin.py:115} INFO - [2022-10-03T01:30:51.882+0000] {dag.py:2981} INFO - Setting next_dagrun for example_task_group_decorator to 2022-10-02T01:30:51.881916+00:00, run_after=2022-10-03T01:30:51.881916+00:00
[2022-10-03T01:30:51.896+0000] {processor.py:161} INFO - Processing /home/airflow/.local/lib/python3.7/site-packages/airflow/example_dags/example_task_group_decorator.py took 0.229 seconds
[2022-10-03T01:31:22.410+0000] {processor.py:153} INFO - Started process (PID=239) to work on /home/airflow/.local/lib/python3.7/site-packages/airflow/example_dags/example_task_group_decorator.py
[2022-10-03T01:31:22.410+0000] {processor.py:640} INFO - Processing file /home/airflow/.local/lib/python3.7/site-packages/airflow/example_dags/example_task_group_decorator.py for tasks to queue
[2022-10-03T01:31:22.412+0000] {logging_mixin.py:115} INFO - [2022-10-03T01:31:22.411+0000] {dagbag.py:508} INFO - Filling up the DagBag from /home/airflow/.local/lib/python3.7/site-packages/airflow/example_dags/example_task_group_decorator.py
[2022-10-03T01:31:22.441+0000] {processor.py:650} INFO - DAG(s) dict_keys(['example_task_group_decorator']) retrieved from /home/airflow/.local/lib/python3.7/site-packages/airflow/example_dags/example_task_group_decorator.py
[2022-10-03T01:31:22.610+0000] {logging_mixin.py:115} INFO - [2022-10-03T01:31:22.610+0000] {dag.py:2429} INFO - Sync 1 DAGs
[2022-10-03T01:31:22.632+0000] {logging_mixin.py:115} INFO - [2022-10-03T01:31:22.632+0000] {dag.py:2981} INFO - Setting next_dagrun for example_task_group_decorator to 2022-10-02T01:31:22.632003+00:00, run_after=2022-10-03T01:31:22.632003+00:00
[2022-10-03T01:31:22.650+0000] {processor.py:161} INFO - Processing /home/airflow/.local/lib/python3.7/site-packages/airflow/example_dags/example_task_group_decorator.py took 0.243 seconds
[2022-10-03T01:31:53.119+0000] {processor.py:153} INFO - Started process (PID=295) to work on /home/airflow/.local/lib/python3.7/site-packages/airflow/example_dags/example_task_group_decorator.py
[2022-10-03T01:31:53.120+0000] {processor.py:640} INFO - Processing file /home/airflow/.local/lib/python3.7/site-packages/airflow/example_dags/example_task_group_decorator.py for tasks to queue
[2022-10-03T01:31:53.121+0000] {logging_mixin.py:115} INFO - [2022-10-03T01:31:53.120+0000] {dagbag.py:508} INFO - Filling up the DagBag from /home/airflow/.local/lib/python3.7/site-packages/airflow/example_dags/example_task_group_decorator.py
[2022-10-03T01:31:53.146+0000] {processor.py:650} INFO - DAG(s) dict_keys(['example_task_group_decorator']) retrieved from /home/airflow/.local/lib/python3.7/site-packages/airflow/example_dags/example_task_group_decorator.py
[2022-10-03T01:31:53.311+0000] {logging_mixin.py:115} INFO - [2022-10-03T01:31:53.311+0000] {dag.py:2429} INFO - Sync 1 DAGs
[2022-10-03T01:31:53.330+0000] {logging_mixin.py:115} INFO - [2022-10-03T01:31:53.330+0000] {dag.py:2981} INFO - Setting next_dagrun for example_task_group_decorator to 2022-10-02T01:31:53.329950+00:00, run_after=2022-10-03T01:31:53.329950+00:00
[2022-10-03T01:31:53.344+0000] {processor.py:161} INFO - Processing /home/airflow/.local/lib/python3.7/site-packages/airflow/example_dags/example_task_group_decorator.py took 0.228 seconds
[2022-10-03T01:32:23.920+0000] {processor.py:153} INFO - Started process (PID=350) to work on /home/airflow/.local/lib/python3.7/site-packages/airflow/example_dags/example_task_group_decorator.py
[2022-10-03T01:32:23.921+0000] {processor.py:640} INFO - Processing file /home/airflow/.local/lib/python3.7/site-packages/airflow/example_dags/example_task_group_decorator.py for tasks to queue
[2022-10-03T01:32:23.922+0000] {logging_mixin.py:115} INFO - [2022-10-03T01:32:23.922+0000] {dagbag.py:508} INFO - Filling up the DagBag from /home/airflow/.local/lib/python3.7/site-packages/airflow/example_dags/example_task_group_decorator.py
[2022-10-03T01:32:23.955+0000] {processor.py:650} INFO - DAG(s) dict_keys(['example_task_group_decorator']) retrieved from /home/airflow/.local/lib/python3.7/site-packages/airflow/example_dags/example_task_group_decorator.py
[2022-10-03T01:32:24.144+0000] {logging_mixin.py:115} INFO - [2022-10-03T01:32:24.144+0000] {dag.py:2429} INFO - Sync 1 DAGs
[2022-10-03T01:32:24.166+0000] {logging_mixin.py:115} INFO - [2022-10-03T01:32:24.166+0000] {dag.py:2981} INFO - Setting next_dagrun for example_task_group_decorator to 2022-10-02T01:32:24.166630+00:00, run_after=2022-10-03T01:32:24.166630+00:00
[2022-10-03T01:32:24.186+0000] {processor.py:161} INFO - Processing /home/airflow/.local/lib/python3.7/site-packages/airflow/example_dags/example_task_group_decorator.py took 0.269 seconds
[2022-10-03T01:32:54.778+0000] {processor.py:153} INFO - Started process (PID=405) to work on /home/airflow/.local/lib/python3.7/site-packages/airflow/example_dags/example_task_group_decorator.py
[2022-10-03T01:32:54.778+0000] {processor.py:640} INFO - Processing file /home/airflow/.local/lib/python3.7/site-packages/airflow/example_dags/example_task_group_decorator.py for tasks to queue
[2022-10-03T01:32:54.779+0000] {logging_mixin.py:115} INFO - [2022-10-03T01:32:54.779+0000] {dagbag.py:508} INFO - Filling up the DagBag from /home/airflow/.local/lib/python3.7/site-packages/airflow/example_dags/example_task_group_decorator.py
[2022-10-03T01:32:54.803+0000] {processor.py:650} INFO - DAG(s) dict_keys(['example_task_group_decorator']) retrieved from /home/airflow/.local/lib/python3.7/site-packages/airflow/example_dags/example_task_group_decorator.py
[2022-10-03T01:32:54.966+0000] {logging_mixin.py:115} INFO - [2022-10-03T01:32:54.966+0000] {dag.py:2429} INFO - Sync 1 DAGs
[2022-10-03T01:32:54.983+0000] {logging_mixin.py:115} INFO - [2022-10-03T01:32:54.983+0000] {dag.py:2981} INFO - Setting next_dagrun for example_task_group_decorator to 2022-10-02T01:32:54.983541+00:00, run_after=2022-10-03T01:32:54.983541+00:00
[2022-10-03T01:32:54.999+0000] {processor.py:161} INFO - Processing /home/airflow/.local/lib/python3.7/site-packages/airflow/example_dags/example_task_group_decorator.py took 0.224 seconds
[2022-10-03T01:33:25.507+0000] {processor.py:153} INFO - Started process (PID=460) to work on /home/airflow/.local/lib/python3.7/site-packages/airflow/example_dags/example_task_group_decorator.py
[2022-10-03T01:33:25.507+0000] {processor.py:640} INFO - Processing file /home/airflow/.local/lib/python3.7/site-packages/airflow/example_dags/example_task_group_decorator.py for tasks to queue
[2022-10-03T01:33:25.509+0000] {logging_mixin.py:115} INFO - [2022-10-03T01:33:25.508+0000] {dagbag.py:508} INFO - Filling up the DagBag from /home/airflow/.local/lib/python3.7/site-packages/airflow/example_dags/example_task_group_decorator.py
[2022-10-03T01:33:25.535+0000] {processor.py:650} INFO - DAG(s) dict_keys(['example_task_group_decorator']) retrieved from /home/airflow/.local/lib/python3.7/site-packages/airflow/example_dags/example_task_group_decorator.py
[2022-10-03T01:33:25.711+0000] {logging_mixin.py:115} INFO - [2022-10-03T01:33:25.711+0000] {dag.py:2429} INFO - Sync 1 DAGs
[2022-10-03T01:33:25.728+0000] {logging_mixin.py:115} INFO - [2022-10-03T01:33:25.728+0000] {dag.py:2981} INFO - Setting next_dagrun for example_task_group_decorator to 2022-10-02T01:33:25.728395+00:00, run_after=2022-10-03T01:33:25.728395+00:00
[2022-10-03T01:33:25.742+0000] {processor.py:161} INFO - Processing /home/airflow/.local/lib/python3.7/site-packages/airflow/example_dags/example_task_group_decorator.py took 0.238 seconds
[2022-10-03T01:33:56.268+0000] {processor.py:153} INFO - Started process (PID=515) to work on /home/airflow/.local/lib/python3.7/site-packages/airflow/example_dags/example_task_group_decorator.py
[2022-10-03T01:33:56.269+0000] {processor.py:640} INFO - Processing file /home/airflow/.local/lib/python3.7/site-packages/airflow/example_dags/example_task_group_decorator.py for tasks to queue
[2022-10-03T01:33:56.271+0000] {logging_mixin.py:115} INFO - [2022-10-03T01:33:56.270+0000] {dagbag.py:508} INFO - Filling up the DagBag from /home/airflow/.local/lib/python3.7/site-packages/airflow/example_dags/example_task_group_decorator.py
[2022-10-03T01:33:56.295+0000] {processor.py:650} INFO - DAG(s) dict_keys(['example_task_group_decorator']) retrieved from /home/airflow/.local/lib/python3.7/site-packages/airflow/example_dags/example_task_group_decorator.py
[2022-10-03T01:33:56.478+0000] {logging_mixin.py:115} INFO - [2022-10-03T01:33:56.478+0000] {dag.py:2429} INFO - Sync 1 DAGs
[2022-10-03T01:33:56.499+0000] {logging_mixin.py:115} INFO - [2022-10-03T01:33:56.499+0000] {dag.py:2981} INFO - Setting next_dagrun for example_task_group_decorator to 2022-10-02T01:33:56.499105+00:00, run_after=2022-10-03T01:33:56.499105+00:00
[2022-10-03T01:33:56.518+0000] {processor.py:161} INFO - Processing /home/airflow/.local/lib/python3.7/site-packages/airflow/example_dags/example_task_group_decorator.py took 0.252 seconds
[2022-10-03T01:34:27.002+0000] {processor.py:153} INFO - Started process (PID=570) to work on /home/airflow/.local/lib/python3.7/site-packages/airflow/example_dags/example_task_group_decorator.py
[2022-10-03T01:34:27.003+0000] {processor.py:640} INFO - Processing file /home/airflow/.local/lib/python3.7/site-packages/airflow/example_dags/example_task_group_decorator.py for tasks to queue
[2022-10-03T01:34:27.004+0000] {logging_mixin.py:115} INFO - [2022-10-03T01:34:27.003+0000] {dagbag.py:508} INFO - Filling up the DagBag from /home/airflow/.local/lib/python3.7/site-packages/airflow/example_dags/example_task_group_decorator.py
[2022-10-03T01:34:27.029+0000] {processor.py:650} INFO - DAG(s) dict_keys(['example_task_group_decorator']) retrieved from /home/airflow/.local/lib/python3.7/site-packages/airflow/example_dags/example_task_group_decorator.py
[2022-10-03T01:34:27.204+0000] {logging_mixin.py:115} INFO - [2022-10-03T01:34:27.204+0000] {dag.py:2429} INFO - Sync 1 DAGs
[2022-10-03T01:34:27.224+0000] {logging_mixin.py:115} INFO - [2022-10-03T01:34:27.224+0000] {dag.py:2981} INFO - Setting next_dagrun for example_task_group_decorator to 2022-10-02T01:34:27.224172+00:00, run_after=2022-10-03T01:34:27.224172+00:00
[2022-10-03T01:34:27.239+0000] {processor.py:161} INFO - Processing /home/airflow/.local/lib/python3.7/site-packages/airflow/example_dags/example_task_group_decorator.py took 0.240 seconds
[2022-10-03T01:34:57.647+0000] {processor.py:153} INFO - Started process (PID=625) to work on /home/airflow/.local/lib/python3.7/site-packages/airflow/example_dags/example_task_group_decorator.py
[2022-10-03T01:34:57.648+0000] {processor.py:640} INFO - Processing file /home/airflow/.local/lib/python3.7/site-packages/airflow/example_dags/example_task_group_decorator.py for tasks to queue
[2022-10-03T01:34:57.649+0000] {logging_mixin.py:115} INFO - [2022-10-03T01:34:57.648+0000] {dagbag.py:508} INFO - Filling up the DagBag from /home/airflow/.local/lib/python3.7/site-packages/airflow/example_dags/example_task_group_decorator.py
[2022-10-03T01:34:57.675+0000] {processor.py:650} INFO - DAG(s) dict_keys(['example_task_group_decorator']) retrieved from /home/airflow/.local/lib/python3.7/site-packages/airflow/example_dags/example_task_group_decorator.py
[2022-10-03T01:34:57.870+0000] {logging_mixin.py:115} INFO - [2022-10-03T01:34:57.870+0000] {dag.py:2429} INFO - Sync 1 DAGs
[2022-10-03T01:34:57.887+0000] {logging_mixin.py:115} INFO - [2022-10-03T01:34:57.887+0000] {dag.py:2981} INFO - Setting next_dagrun for example_task_group_decorator to 2022-10-02T01:34:57.887086+00:00, run_after=2022-10-03T01:34:57.887086+00:00
[2022-10-03T01:34:57.901+0000] {processor.py:161} INFO - Processing /home/airflow/.local/lib/python3.7/site-packages/airflow/example_dags/example_task_group_decorator.py took 0.258 seconds
[2022-10-03T01:35:28.612+0000] {processor.py:153} INFO - Started process (PID=680) to work on /home/airflow/.local/lib/python3.7/site-packages/airflow/example_dags/example_task_group_decorator.py
[2022-10-03T01:35:28.613+0000] {processor.py:640} INFO - Processing file /home/airflow/.local/lib/python3.7/site-packages/airflow/example_dags/example_task_group_decorator.py for tasks to queue
[2022-10-03T01:35:28.614+0000] {logging_mixin.py:115} INFO - [2022-10-03T01:35:28.613+0000] {dagbag.py:508} INFO - Filling up the DagBag from /home/airflow/.local/lib/python3.7/site-packages/airflow/example_dags/example_task_group_decorator.py
[2022-10-03T01:35:28.648+0000] {processor.py:650} INFO - DAG(s) dict_keys(['example_task_group_decorator']) retrieved from /home/airflow/.local/lib/python3.7/site-packages/airflow/example_dags/example_task_group_decorator.py
[2022-10-03T01:35:28.855+0000] {logging_mixin.py:115} INFO - [2022-10-03T01:35:28.855+0000] {dag.py:2429} INFO - Sync 1 DAGs
[2022-10-03T01:35:28.876+0000] {logging_mixin.py:115} INFO - [2022-10-03T01:35:28.876+0000] {dag.py:2981} INFO - Setting next_dagrun for example_task_group_decorator to 2022-10-02T01:35:28.875841+00:00, run_after=2022-10-03T01:35:28.875841+00:00
[2022-10-03T01:35:28.891+0000] {processor.py:161} INFO - Processing /home/airflow/.local/lib/python3.7/site-packages/airflow/example_dags/example_task_group_decorator.py took 0.282 seconds
[2022-10-03T01:35:59.373+0000] {processor.py:153} INFO - Started process (PID=742) to work on /home/airflow/.local/lib/python3.7/site-packages/airflow/example_dags/example_task_group_decorator.py
[2022-10-03T01:35:59.374+0000] {processor.py:640} INFO - Processing file /home/airflow/.local/lib/python3.7/site-packages/airflow/example_dags/example_task_group_decorator.py for tasks to queue
[2022-10-03T01:35:59.375+0000] {logging_mixin.py:115} INFO - [2022-10-03T01:35:59.375+0000] {dagbag.py:508} INFO - Filling up the DagBag from /home/airflow/.local/lib/python3.7/site-packages/airflow/example_dags/example_task_group_decorator.py
[2022-10-03T01:35:59.396+0000] {processor.py:650} INFO - DAG(s) dict_keys(['example_task_group_decorator']) retrieved from /home/airflow/.local/lib/python3.7/site-packages/airflow/example_dags/example_task_group_decorator.py
[2022-10-03T01:35:59.561+0000] {logging_mixin.py:115} INFO - [2022-10-03T01:35:59.561+0000] {dag.py:2429} INFO - Sync 1 DAGs
[2022-10-03T01:35:59.581+0000] {logging_mixin.py:115} INFO - [2022-10-03T01:35:59.581+0000] {dag.py:2981} INFO - Setting next_dagrun for example_task_group_decorator to 2022-10-02T01:35:59.581650+00:00, run_after=2022-10-03T01:35:59.581650+00:00
[2022-10-03T01:35:59.597+0000] {processor.py:161} INFO - Processing /home/airflow/.local/lib/python3.7/site-packages/airflow/example_dags/example_task_group_decorator.py took 0.226 seconds
[2022-10-03T01:36:30.029+0000] {processor.py:153} INFO - Started process (PID=797) to work on /home/airflow/.local/lib/python3.7/site-packages/airflow/example_dags/example_task_group_decorator.py
[2022-10-03T01:36:30.030+0000] {processor.py:640} INFO - Processing file /home/airflow/.local/lib/python3.7/site-packages/airflow/example_dags/example_task_group_decorator.py for tasks to queue
[2022-10-03T01:36:30.031+0000] {logging_mixin.py:115} INFO - [2022-10-03T01:36:30.031+0000] {dagbag.py:508} INFO - Filling up the DagBag from /home/airflow/.local/lib/python3.7/site-packages/airflow/example_dags/example_task_group_decorator.py
[2022-10-03T01:36:30.055+0000] {processor.py:650} INFO - DAG(s) dict_keys(['example_task_group_decorator']) retrieved from /home/airflow/.local/lib/python3.7/site-packages/airflow/example_dags/example_task_group_decorator.py
[2022-10-03T01:36:30.218+0000] {logging_mixin.py:115} INFO - [2022-10-03T01:36:30.217+0000] {dag.py:2429} INFO - Sync 1 DAGs
[2022-10-03T01:36:30.235+0000] {logging_mixin.py:115} INFO - [2022-10-03T01:36:30.235+0000] {dag.py:2981} INFO - Setting next_dagrun for example_task_group_decorator to 2022-10-02T01:36:30.235551+00:00, run_after=2022-10-03T01:36:30.235551+00:00
[2022-10-03T01:36:30.251+0000] {processor.py:161} INFO - Processing /home/airflow/.local/lib/python3.7/site-packages/airflow/example_dags/example_task_group_decorator.py took 0.225 seconds
[2022-10-03T01:37:00.707+0000] {processor.py:153} INFO - Started process (PID=852) to work on /home/airflow/.local/lib/python3.7/site-packages/airflow/example_dags/example_task_group_decorator.py
[2022-10-03T01:37:00.708+0000] {processor.py:640} INFO - Processing file /home/airflow/.local/lib/python3.7/site-packages/airflow/example_dags/example_task_group_decorator.py for tasks to queue
[2022-10-03T01:37:00.709+0000] {logging_mixin.py:115} INFO - [2022-10-03T01:37:00.709+0000] {dagbag.py:508} INFO - Filling up the DagBag from /home/airflow/.local/lib/python3.7/site-packages/airflow/example_dags/example_task_group_decorator.py
[2022-10-03T01:37:00.737+0000] {processor.py:650} INFO - DAG(s) dict_keys(['example_task_group_decorator']) retrieved from /home/airflow/.local/lib/python3.7/site-packages/airflow/example_dags/example_task_group_decorator.py
[2022-10-03T01:37:00.929+0000] {logging_mixin.py:115} INFO - [2022-10-03T01:37:00.929+0000] {dag.py:2429} INFO - Sync 1 DAGs
[2022-10-03T01:37:00.947+0000] {logging_mixin.py:115} INFO - [2022-10-03T01:37:00.946+0000] {dag.py:2981} INFO - Setting next_dagrun for example_task_group_decorator to 2022-10-02T01:37:00.946761+00:00, run_after=2022-10-03T01:37:00.946761+00:00
[2022-10-03T01:37:00.961+0000] {processor.py:161} INFO - Processing /home/airflow/.local/lib/python3.7/site-packages/airflow/example_dags/example_task_group_decorator.py took 0.257 seconds
[2022-10-03T01:37:31.517+0000] {processor.py:153} INFO - Started process (PID=910) to work on /home/airflow/.local/lib/python3.7/site-packages/airflow/example_dags/example_task_group_decorator.py
[2022-10-03T01:37:31.518+0000] {processor.py:640} INFO - Processing file /home/airflow/.local/lib/python3.7/site-packages/airflow/example_dags/example_task_group_decorator.py for tasks to queue
[2022-10-03T01:37:31.519+0000] {logging_mixin.py:115} INFO - [2022-10-03T01:37:31.519+0000] {dagbag.py:508} INFO - Filling up the DagBag from /home/airflow/.local/lib/python3.7/site-packages/airflow/example_dags/example_task_group_decorator.py
[2022-10-03T01:37:31.550+0000] {processor.py:650} INFO - DAG(s) dict_keys(['example_task_group_decorator']) retrieved from /home/airflow/.local/lib/python3.7/site-packages/airflow/example_dags/example_task_group_decorator.py
[2022-10-03T01:37:31.728+0000] {logging_mixin.py:115} INFO - [2022-10-03T01:37:31.728+0000] {dag.py:2429} INFO - Sync 1 DAGs
[2022-10-03T01:37:31.750+0000] {logging_mixin.py:115} INFO - [2022-10-03T01:37:31.750+0000] {dag.py:2981} INFO - Setting next_dagrun for example_task_group_decorator to 2022-10-02T01:37:31.750007+00:00, run_after=2022-10-03T01:37:31.750007+00:00
[2022-10-03T01:37:31.766+0000] {processor.py:161} INFO - Processing /home/airflow/.local/lib/python3.7/site-packages/airflow/example_dags/example_task_group_decorator.py took 0.252 seconds
[2022-10-03T01:38:02.192+0000] {processor.py:153} INFO - Started process (PID=965) to work on /home/airflow/.local/lib/python3.7/site-packages/airflow/example_dags/example_task_group_decorator.py
[2022-10-03T01:38:02.193+0000] {processor.py:640} INFO - Processing file /home/airflow/.local/lib/python3.7/site-packages/airflow/example_dags/example_task_group_decorator.py for tasks to queue
[2022-10-03T01:38:02.194+0000] {logging_mixin.py:115} INFO - [2022-10-03T01:38:02.194+0000] {dagbag.py:508} INFO - Filling up the DagBag from /home/airflow/.local/lib/python3.7/site-packages/airflow/example_dags/example_task_group_decorator.py
[2022-10-03T01:38:02.218+0000] {processor.py:650} INFO - DAG(s) dict_keys(['example_task_group_decorator']) retrieved from /home/airflow/.local/lib/python3.7/site-packages/airflow/example_dags/example_task_group_decorator.py
[2022-10-03T01:38:02.397+0000] {logging_mixin.py:115} INFO - [2022-10-03T01:38:02.396+0000] {dag.py:2429} INFO - Sync 1 DAGs
[2022-10-03T01:38:02.414+0000] {logging_mixin.py:115} INFO - [2022-10-03T01:38:02.414+0000] {dag.py:2981} INFO - Setting next_dagrun for example_task_group_decorator to 2022-10-02T01:38:02.414049+00:00, run_after=2022-10-03T01:38:02.414049+00:00
[2022-10-03T01:38:02.429+0000] {processor.py:161} INFO - Processing /home/airflow/.local/lib/python3.7/site-packages/airflow/example_dags/example_task_group_decorator.py took 0.240 seconds
[2022-10-03T01:38:32.908+0000] {processor.py:153} INFO - Started process (PID=1020) to work on /home/airflow/.local/lib/python3.7/site-packages/airflow/example_dags/example_task_group_decorator.py
[2022-10-03T01:38:32.909+0000] {processor.py:640} INFO - Processing file /home/airflow/.local/lib/python3.7/site-packages/airflow/example_dags/example_task_group_decorator.py for tasks to queue
[2022-10-03T01:38:32.910+0000] {logging_mixin.py:115} INFO - [2022-10-03T01:38:32.910+0000] {dagbag.py:508} INFO - Filling up the DagBag from /home/airflow/.local/lib/python3.7/site-packages/airflow/example_dags/example_task_group_decorator.py
[2022-10-03T01:38:32.931+0000] {processor.py:650} INFO - DAG(s) dict_keys(['example_task_group_decorator']) retrieved from /home/airflow/.local/lib/python3.7/site-packages/airflow/example_dags/example_task_group_decorator.py
[2022-10-03T01:38:33.107+0000] {logging_mixin.py:115} INFO - [2022-10-03T01:38:33.107+0000] {dag.py:2429} INFO - Sync 1 DAGs
[2022-10-03T01:38:33.126+0000] {logging_mixin.py:115} INFO - [2022-10-03T01:38:33.125+0000] {dag.py:2981} INFO - Setting next_dagrun for example_task_group_decorator to 2022-10-02T01:38:33.125821+00:00, run_after=2022-10-03T01:38:33.125821+00:00
[2022-10-03T01:38:33.141+0000] {processor.py:161} INFO - Processing /home/airflow/.local/lib/python3.7/site-packages/airflow/example_dags/example_task_group_decorator.py took 0.235 seconds
[2022-10-03T01:39:03.698+0000] {processor.py:153} INFO - Started process (PID=1075) to work on /home/airflow/.local/lib/python3.7/site-packages/airflow/example_dags/example_task_group_decorator.py
[2022-10-03T01:39:03.699+0000] {processor.py:640} INFO - Processing file /home/airflow/.local/lib/python3.7/site-packages/airflow/example_dags/example_task_group_decorator.py for tasks to queue
[2022-10-03T01:39:03.700+0000] {logging_mixin.py:115} INFO - [2022-10-03T01:39:03.700+0000] {dagbag.py:508} INFO - Filling up the DagBag from /home/airflow/.local/lib/python3.7/site-packages/airflow/example_dags/example_task_group_decorator.py
[2022-10-03T01:39:03.722+0000] {processor.py:650} INFO - DAG(s) dict_keys(['example_task_group_decorator']) retrieved from /home/airflow/.local/lib/python3.7/site-packages/airflow/example_dags/example_task_group_decorator.py
[2022-10-03T01:39:03.758+0000] {logging_mixin.py:115} INFO - [2022-10-03T01:39:03.758+0000] {dag.py:2429} INFO - Sync 1 DAGs
[2022-10-03T01:39:03.900+0000] {logging_mixin.py:115} INFO - [2022-10-03T01:39:03.900+0000] {dag.py:2981} INFO - Setting next_dagrun for example_task_group_decorator to 2022-10-02T01:39:03.900357+00:00, run_after=2022-10-03T01:39:03.900357+00:00
[2022-10-03T01:39:03.912+0000] {processor.py:161} INFO - Processing /home/airflow/.local/lib/python3.7/site-packages/airflow/example_dags/example_task_group_decorator.py took 0.217 seconds
[2022-10-03T01:39:34.353+0000] {processor.py:153} INFO - Started process (PID=1130) to work on /home/airflow/.local/lib/python3.7/site-packages/airflow/example_dags/example_task_group_decorator.py
[2022-10-03T01:39:34.354+0000] {processor.py:640} INFO - Processing file /home/airflow/.local/lib/python3.7/site-packages/airflow/example_dags/example_task_group_decorator.py for tasks to queue
[2022-10-03T01:39:34.355+0000] {logging_mixin.py:115} INFO - [2022-10-03T01:39:34.355+0000] {dagbag.py:508} INFO - Filling up the DagBag from /home/airflow/.local/lib/python3.7/site-packages/airflow/example_dags/example_task_group_decorator.py
[2022-10-03T01:39:34.378+0000] {processor.py:650} INFO - DAG(s) dict_keys(['example_task_group_decorator']) retrieved from /home/airflow/.local/lib/python3.7/site-packages/airflow/example_dags/example_task_group_decorator.py
[2022-10-03T01:39:34.557+0000] {logging_mixin.py:115} INFO - [2022-10-03T01:39:34.557+0000] {dag.py:2429} INFO - Sync 1 DAGs
[2022-10-03T01:39:34.577+0000] {logging_mixin.py:115} INFO - [2022-10-03T01:39:34.576+0000] {dag.py:2981} INFO - Setting next_dagrun for example_task_group_decorator to 2022-10-02T01:39:34.576820+00:00, run_after=2022-10-03T01:39:34.576820+00:00
[2022-10-03T01:39:34.592+0000] {processor.py:161} INFO - Processing /home/airflow/.local/lib/python3.7/site-packages/airflow/example_dags/example_task_group_decorator.py took 0.242 seconds
[2022-10-03T01:40:04.985+0000] {processor.py:153} INFO - Started process (PID=1185) to work on /home/airflow/.local/lib/python3.7/site-packages/airflow/example_dags/example_task_group_decorator.py
[2022-10-03T01:40:04.986+0000] {processor.py:640} INFO - Processing file /home/airflow/.local/lib/python3.7/site-packages/airflow/example_dags/example_task_group_decorator.py for tasks to queue
[2022-10-03T01:40:04.986+0000] {logging_mixin.py:115} INFO - [2022-10-03T01:40:04.986+0000] {dagbag.py:508} INFO - Filling up the DagBag from /home/airflow/.local/lib/python3.7/site-packages/airflow/example_dags/example_task_group_decorator.py
[2022-10-03T01:40:05.011+0000] {processor.py:650} INFO - DAG(s) dict_keys(['example_task_group_decorator']) retrieved from /home/airflow/.local/lib/python3.7/site-packages/airflow/example_dags/example_task_group_decorator.py
[2022-10-03T01:40:05.173+0000] {logging_mixin.py:115} INFO - [2022-10-03T01:40:05.173+0000] {dag.py:2429} INFO - Sync 1 DAGs
[2022-10-03T01:40:05.194+0000] {logging_mixin.py:115} INFO - [2022-10-03T01:40:05.194+0000] {dag.py:2981} INFO - Setting next_dagrun for example_task_group_decorator to 2022-10-02T01:40:05.194570+00:00, run_after=2022-10-03T01:40:05.194570+00:00
[2022-10-03T01:40:05.209+0000] {processor.py:161} INFO - Processing /home/airflow/.local/lib/python3.7/site-packages/airflow/example_dags/example_task_group_decorator.py took 0.227 seconds
[2022-10-03T01:40:35.907+0000] {processor.py:153} INFO - Started process (PID=1240) to work on /home/airflow/.local/lib/python3.7/site-packages/airflow/example_dags/example_task_group_decorator.py
[2022-10-03T01:40:35.908+0000] {processor.py:640} INFO - Processing file /home/airflow/.local/lib/python3.7/site-packages/airflow/example_dags/example_task_group_decorator.py for tasks to queue
[2022-10-03T01:40:35.908+0000] {logging_mixin.py:115} INFO - [2022-10-03T01:40:35.908+0000] {dagbag.py:508} INFO - Filling up the DagBag from /home/airflow/.local/lib/python3.7/site-packages/airflow/example_dags/example_task_group_decorator.py
[2022-10-03T01:40:35.934+0000] {processor.py:650} INFO - DAG(s) dict_keys(['example_task_group_decorator']) retrieved from /home/airflow/.local/lib/python3.7/site-packages/airflow/example_dags/example_task_group_decorator.py
[2022-10-03T01:40:36.106+0000] {logging_mixin.py:115} INFO - [2022-10-03T01:40:36.106+0000] {dag.py:2429} INFO - Sync 1 DAGs
[2022-10-03T01:40:36.126+0000] {logging_mixin.py:115} INFO - [2022-10-03T01:40:36.126+0000] {dag.py:2981} INFO - Setting next_dagrun for example_task_group_decorator to 2022-10-02T01:40:36.126148+00:00, run_after=2022-10-03T01:40:36.126148+00:00
[2022-10-03T01:40:36.142+0000] {processor.py:161} INFO - Processing /home/airflow/.local/lib/python3.7/site-packages/airflow/example_dags/example_task_group_decorator.py took 0.238 seconds
[2022-10-03T01:41:06.864+0000] {processor.py:153} INFO - Started process (PID=1295) to work on /home/airflow/.local/lib/python3.7/site-packages/airflow/example_dags/example_task_group_decorator.py
[2022-10-03T01:41:06.865+0000] {processor.py:640} INFO - Processing file /home/airflow/.local/lib/python3.7/site-packages/airflow/example_dags/example_task_group_decorator.py for tasks to queue
[2022-10-03T01:41:06.866+0000] {logging_mixin.py:115} INFO - [2022-10-03T01:41:06.866+0000] {dagbag.py:508} INFO - Filling up the DagBag from /home/airflow/.local/lib/python3.7/site-packages/airflow/example_dags/example_task_group_decorator.py
[2022-10-03T01:41:06.889+0000] {processor.py:650} INFO - DAG(s) dict_keys(['example_task_group_decorator']) retrieved from /home/airflow/.local/lib/python3.7/site-packages/airflow/example_dags/example_task_group_decorator.py
[2022-10-03T01:41:07.025+0000] {logging_mixin.py:115} INFO - [2022-10-03T01:41:07.024+0000] {dag.py:2429} INFO - Sync 1 DAGs
[2022-10-03T01:41:07.045+0000] {logging_mixin.py:115} INFO - [2022-10-03T01:41:07.044+0000] {dag.py:2981} INFO - Setting next_dagrun for example_task_group_decorator to 2022-10-02T01:41:07.044754+00:00, run_after=2022-10-03T01:41:07.044754+00:00
[2022-10-03T01:41:07.058+0000] {processor.py:161} INFO - Processing /home/airflow/.local/lib/python3.7/site-packages/airflow/example_dags/example_task_group_decorator.py took 0.197 seconds
[2022-10-03T01:41:37.683+0000] {processor.py:153} INFO - Started process (PID=1351) to work on /home/airflow/.local/lib/python3.7/site-packages/airflow/example_dags/example_task_group_decorator.py
[2022-10-03T01:41:37.684+0000] {processor.py:640} INFO - Processing file /home/airflow/.local/lib/python3.7/site-packages/airflow/example_dags/example_task_group_decorator.py for tasks to queue
[2022-10-03T01:41:37.684+0000] {logging_mixin.py:115} INFO - [2022-10-03T01:41:37.684+0000] {dagbag.py:508} INFO - Filling up the DagBag from /home/airflow/.local/lib/python3.7/site-packages/airflow/example_dags/example_task_group_decorator.py
[2022-10-03T01:41:37.710+0000] {processor.py:650} INFO - DAG(s) dict_keys(['example_task_group_decorator']) retrieved from /home/airflow/.local/lib/python3.7/site-packages/airflow/example_dags/example_task_group_decorator.py
[2022-10-03T01:41:37.896+0000] {logging_mixin.py:115} INFO - [2022-10-03T01:41:37.896+0000] {dag.py:2429} INFO - Sync 1 DAGs
[2022-10-03T01:41:37.919+0000] {logging_mixin.py:115} INFO - [2022-10-03T01:41:37.919+0000] {dag.py:2981} INFO - Setting next_dagrun for example_task_group_decorator to 2022-10-02T01:41:37.918967+00:00, run_after=2022-10-03T01:41:37.918967+00:00
[2022-10-03T01:41:37.935+0000] {processor.py:161} INFO - Processing /home/airflow/.local/lib/python3.7/site-packages/airflow/example_dags/example_task_group_decorator.py took 0.255 seconds
[2022-10-03T01:42:08.555+0000] {processor.py:153} INFO - Started process (PID=1406) to work on /home/airflow/.local/lib/python3.7/site-packages/airflow/example_dags/example_task_group_decorator.py
[2022-10-03T01:42:08.556+0000] {processor.py:640} INFO - Processing file /home/airflow/.local/lib/python3.7/site-packages/airflow/example_dags/example_task_group_decorator.py for tasks to queue
[2022-10-03T01:42:08.557+0000] {logging_mixin.py:115} INFO - [2022-10-03T01:42:08.557+0000] {dagbag.py:508} INFO - Filling up the DagBag from /home/airflow/.local/lib/python3.7/site-packages/airflow/example_dags/example_task_group_decorator.py
[2022-10-03T01:42:08.581+0000] {processor.py:650} INFO - DAG(s) dict_keys(['example_task_group_decorator']) retrieved from /home/airflow/.local/lib/python3.7/site-packages/airflow/example_dags/example_task_group_decorator.py
[2022-10-03T01:42:08.746+0000] {logging_mixin.py:115} INFO - [2022-10-03T01:42:08.745+0000] {dag.py:2429} INFO - Sync 1 DAGs
[2022-10-03T01:42:08.765+0000] {logging_mixin.py:115} INFO - [2022-10-03T01:42:08.765+0000] {dag.py:2981} INFO - Setting next_dagrun for example_task_group_decorator to 2022-10-02T01:42:08.765232+00:00, run_after=2022-10-03T01:42:08.765232+00:00
[2022-10-03T01:42:08.780+0000] {processor.py:161} INFO - Processing /home/airflow/.local/lib/python3.7/site-packages/airflow/example_dags/example_task_group_decorator.py took 0.227 seconds
[2022-10-03T01:42:39.205+0000] {processor.py:153} INFO - Started process (PID=1461) to work on /home/airflow/.local/lib/python3.7/site-packages/airflow/example_dags/example_task_group_decorator.py
[2022-10-03T01:42:39.206+0000] {processor.py:640} INFO - Processing file /home/airflow/.local/lib/python3.7/site-packages/airflow/example_dags/example_task_group_decorator.py for tasks to queue
[2022-10-03T01:42:39.207+0000] {logging_mixin.py:115} INFO - [2022-10-03T01:42:39.207+0000] {dagbag.py:508} INFO - Filling up the DagBag from /home/airflow/.local/lib/python3.7/site-packages/airflow/example_dags/example_task_group_decorator.py
[2022-10-03T01:42:39.233+0000] {processor.py:650} INFO - DAG(s) dict_keys(['example_task_group_decorator']) retrieved from /home/airflow/.local/lib/python3.7/site-packages/airflow/example_dags/example_task_group_decorator.py
[2022-10-03T01:42:39.365+0000] {logging_mixin.py:115} INFO - [2022-10-03T01:42:39.365+0000] {dag.py:2429} INFO - Sync 1 DAGs
[2022-10-03T01:42:39.387+0000] {logging_mixin.py:115} INFO - [2022-10-03T01:42:39.387+0000] {dag.py:2981} INFO - Setting next_dagrun for example_task_group_decorator to 2022-10-02T01:42:39.387489+00:00, run_after=2022-10-03T01:42:39.387489+00:00
[2022-10-03T01:42:39.401+0000] {processor.py:161} INFO - Processing /home/airflow/.local/lib/python3.7/site-packages/airflow/example_dags/example_task_group_decorator.py took 0.199 seconds
[2022-10-03T01:43:09.849+0000] {processor.py:153} INFO - Started process (PID=1517) to work on /home/airflow/.local/lib/python3.7/site-packages/airflow/example_dags/example_task_group_decorator.py
[2022-10-03T01:43:09.850+0000] {processor.py:640} INFO - Processing file /home/airflow/.local/lib/python3.7/site-packages/airflow/example_dags/example_task_group_decorator.py for tasks to queue
[2022-10-03T01:43:09.851+0000] {logging_mixin.py:115} INFO - [2022-10-03T01:43:09.850+0000] {dagbag.py:508} INFO - Filling up the DagBag from /home/airflow/.local/lib/python3.7/site-packages/airflow/example_dags/example_task_group_decorator.py
[2022-10-03T01:43:09.874+0000] {processor.py:650} INFO - DAG(s) dict_keys(['example_task_group_decorator']) retrieved from /home/airflow/.local/lib/python3.7/site-packages/airflow/example_dags/example_task_group_decorator.py
[2022-10-03T01:43:10.006+0000] {logging_mixin.py:115} INFO - [2022-10-03T01:43:10.006+0000] {dag.py:2429} INFO - Sync 1 DAGs
[2022-10-03T01:43:10.026+0000] {logging_mixin.py:115} INFO - [2022-10-03T01:43:10.026+0000] {dag.py:2981} INFO - Setting next_dagrun for example_task_group_decorator to 2022-10-02T01:43:10.025870+00:00, run_after=2022-10-03T01:43:10.025870+00:00
[2022-10-03T01:43:10.039+0000] {processor.py:161} INFO - Processing /home/airflow/.local/lib/python3.7/site-packages/airflow/example_dags/example_task_group_decorator.py took 0.193 seconds
[2022-10-03T01:43:40.337+0000] {processor.py:153} INFO - Started process (PID=1572) to work on /home/airflow/.local/lib/python3.7/site-packages/airflow/example_dags/example_task_group_decorator.py
[2022-10-03T01:43:40.338+0000] {processor.py:640} INFO - Processing file /home/airflow/.local/lib/python3.7/site-packages/airflow/example_dags/example_task_group_decorator.py for tasks to queue
[2022-10-03T01:43:40.338+0000] {logging_mixin.py:115} INFO - [2022-10-03T01:43:40.338+0000] {dagbag.py:508} INFO - Filling up the DagBag from /home/airflow/.local/lib/python3.7/site-packages/airflow/example_dags/example_task_group_decorator.py
[2022-10-03T01:43:40.361+0000] {processor.py:650} INFO - DAG(s) dict_keys(['example_task_group_decorator']) retrieved from /home/airflow/.local/lib/python3.7/site-packages/airflow/example_dags/example_task_group_decorator.py
[2022-10-03T01:43:40.527+0000] {logging_mixin.py:115} INFO - [2022-10-03T01:43:40.527+0000] {dag.py:2429} INFO - Sync 1 DAGs
[2022-10-03T01:43:40.545+0000] {logging_mixin.py:115} INFO - [2022-10-03T01:43:40.545+0000] {dag.py:2981} INFO - Setting next_dagrun for example_task_group_decorator to 2022-10-02T01:43:40.545318+00:00, run_after=2022-10-03T01:43:40.545318+00:00
[2022-10-03T01:43:40.560+0000] {processor.py:161} INFO - Processing /home/airflow/.local/lib/python3.7/site-packages/airflow/example_dags/example_task_group_decorator.py took 0.226 seconds
[2022-10-03T01:44:11.045+0000] {processor.py:153} INFO - Started process (PID=1627) to work on /home/airflow/.local/lib/python3.7/site-packages/airflow/example_dags/example_task_group_decorator.py
[2022-10-03T01:44:11.047+0000] {processor.py:640} INFO - Processing file /home/airflow/.local/lib/python3.7/site-packages/airflow/example_dags/example_task_group_decorator.py for tasks to queue
[2022-10-03T01:44:11.048+0000] {logging_mixin.py:115} INFO - [2022-10-03T01:44:11.047+0000] {dagbag.py:508} INFO - Filling up the DagBag from /home/airflow/.local/lib/python3.7/site-packages/airflow/example_dags/example_task_group_decorator.py
[2022-10-03T01:44:11.076+0000] {processor.py:650} INFO - DAG(s) dict_keys(['example_task_group_decorator']) retrieved from /home/airflow/.local/lib/python3.7/site-packages/airflow/example_dags/example_task_group_decorator.py
[2022-10-03T01:44:11.282+0000] {logging_mixin.py:115} INFO - [2022-10-03T01:44:11.281+0000] {dag.py:2429} INFO - Sync 1 DAGs
[2022-10-03T01:44:11.302+0000] {logging_mixin.py:115} INFO - [2022-10-03T01:44:11.302+0000] {dag.py:2981} INFO - Setting next_dagrun for example_task_group_decorator to 2022-10-02T01:44:11.302627+00:00, run_after=2022-10-03T01:44:11.302627+00:00
[2022-10-03T01:44:11.327+0000] {processor.py:161} INFO - Processing /home/airflow/.local/lib/python3.7/site-packages/airflow/example_dags/example_task_group_decorator.py took 0.285 seconds
[2022-10-03T01:44:41.934+0000] {processor.py:153} INFO - Started process (PID=1682) to work on /home/airflow/.local/lib/python3.7/site-packages/airflow/example_dags/example_task_group_decorator.py
[2022-10-03T01:44:41.935+0000] {processor.py:640} INFO - Processing file /home/airflow/.local/lib/python3.7/site-packages/airflow/example_dags/example_task_group_decorator.py for tasks to queue
[2022-10-03T01:44:41.936+0000] {logging_mixin.py:115} INFO - [2022-10-03T01:44:41.935+0000] {dagbag.py:508} INFO - Filling up the DagBag from /home/airflow/.local/lib/python3.7/site-packages/airflow/example_dags/example_task_group_decorator.py
[2022-10-03T01:44:41.958+0000] {processor.py:650} INFO - DAG(s) dict_keys(['example_task_group_decorator']) retrieved from /home/airflow/.local/lib/python3.7/site-packages/airflow/example_dags/example_task_group_decorator.py
[2022-10-03T01:44:42.136+0000] {logging_mixin.py:115} INFO - [2022-10-03T01:44:42.136+0000] {dag.py:2429} INFO - Sync 1 DAGs
[2022-10-03T01:44:42.158+0000] {logging_mixin.py:115} INFO - [2022-10-03T01:44:42.158+0000] {dag.py:2981} INFO - Setting next_dagrun for example_task_group_decorator to 2022-10-02T01:44:42.158372+00:00, run_after=2022-10-03T01:44:42.158372+00:00
[2022-10-03T01:44:42.179+0000] {processor.py:161} INFO - Processing /home/airflow/.local/lib/python3.7/site-packages/airflow/example_dags/example_task_group_decorator.py took 0.247 seconds
[2022-10-03T01:45:12.813+0000] {processor.py:153} INFO - Started process (PID=1744) to work on /home/airflow/.local/lib/python3.7/site-packages/airflow/example_dags/example_task_group_decorator.py
[2022-10-03T01:45:12.815+0000] {processor.py:640} INFO - Processing file /home/airflow/.local/lib/python3.7/site-packages/airflow/example_dags/example_task_group_decorator.py for tasks to queue
[2022-10-03T01:45:12.817+0000] {logging_mixin.py:115} INFO - [2022-10-03T01:45:12.816+0000] {dagbag.py:508} INFO - Filling up the DagBag from /home/airflow/.local/lib/python3.7/site-packages/airflow/example_dags/example_task_group_decorator.py
[2022-10-03T01:45:12.865+0000] {processor.py:650} INFO - DAG(s) dict_keys(['example_task_group_decorator']) retrieved from /home/airflow/.local/lib/python3.7/site-packages/airflow/example_dags/example_task_group_decorator.py
[2022-10-03T01:45:13.028+0000] {logging_mixin.py:115} INFO - [2022-10-03T01:45:13.028+0000] {dag.py:2429} INFO - Sync 1 DAGs
[2022-10-03T01:45:13.046+0000] {logging_mixin.py:115} INFO - [2022-10-03T01:45:13.046+0000] {dag.py:2981} INFO - Setting next_dagrun for example_task_group_decorator to 2022-10-02T01:45:13.045980+00:00, run_after=2022-10-03T01:45:13.045980+00:00
[2022-10-03T01:45:13.062+0000] {processor.py:161} INFO - Processing /home/airflow/.local/lib/python3.7/site-packages/airflow/example_dags/example_task_group_decorator.py took 0.253 seconds
[2022-10-03T01:45:43.553+0000] {processor.py:153} INFO - Started process (PID=1799) to work on /home/airflow/.local/lib/python3.7/site-packages/airflow/example_dags/example_task_group_decorator.py
[2022-10-03T01:45:43.554+0000] {processor.py:640} INFO - Processing file /home/airflow/.local/lib/python3.7/site-packages/airflow/example_dags/example_task_group_decorator.py for tasks to queue
[2022-10-03T01:45:43.555+0000] {logging_mixin.py:115} INFO - [2022-10-03T01:45:43.555+0000] {dagbag.py:508} INFO - Filling up the DagBag from /home/airflow/.local/lib/python3.7/site-packages/airflow/example_dags/example_task_group_decorator.py
[2022-10-03T01:45:43.584+0000] {processor.py:650} INFO - DAG(s) dict_keys(['example_task_group_decorator']) retrieved from /home/airflow/.local/lib/python3.7/site-packages/airflow/example_dags/example_task_group_decorator.py
[2022-10-03T01:45:43.718+0000] {logging_mixin.py:115} INFO - [2022-10-03T01:45:43.718+0000] {dag.py:2429} INFO - Sync 1 DAGs
[2022-10-03T01:45:43.738+0000] {logging_mixin.py:115} INFO - [2022-10-03T01:45:43.737+0000] {dag.py:2981} INFO - Setting next_dagrun for example_task_group_decorator to 2022-10-02T01:45:43.737829+00:00, run_after=2022-10-03T01:45:43.737829+00:00
[2022-10-03T01:45:43.751+0000] {processor.py:161} INFO - Processing /home/airflow/.local/lib/python3.7/site-packages/airflow/example_dags/example_task_group_decorator.py took 0.201 seconds
[2022-10-03T01:46:14.237+0000] {processor.py:153} INFO - Started process (PID=1854) to work on /home/airflow/.local/lib/python3.7/site-packages/airflow/example_dags/example_task_group_decorator.py
[2022-10-03T01:46:14.238+0000] {processor.py:640} INFO - Processing file /home/airflow/.local/lib/python3.7/site-packages/airflow/example_dags/example_task_group_decorator.py for tasks to queue
[2022-10-03T01:46:14.239+0000] {logging_mixin.py:115} INFO - [2022-10-03T01:46:14.239+0000] {dagbag.py:508} INFO - Filling up the DagBag from /home/airflow/.local/lib/python3.7/site-packages/airflow/example_dags/example_task_group_decorator.py
[2022-10-03T01:46:14.267+0000] {processor.py:650} INFO - DAG(s) dict_keys(['example_task_group_decorator']) retrieved from /home/airflow/.local/lib/python3.7/site-packages/airflow/example_dags/example_task_group_decorator.py
[2022-10-03T01:46:14.399+0000] {logging_mixin.py:115} INFO - [2022-10-03T01:46:14.399+0000] {dag.py:2429} INFO - Sync 1 DAGs
[2022-10-03T01:46:14.419+0000] {logging_mixin.py:115} INFO - [2022-10-03T01:46:14.418+0000] {dag.py:2981} INFO - Setting next_dagrun for example_task_group_decorator to 2022-10-02T01:46:14.418707+00:00, run_after=2022-10-03T01:46:14.418707+00:00
[2022-10-03T01:46:14.432+0000] {processor.py:161} INFO - Processing /home/airflow/.local/lib/python3.7/site-packages/airflow/example_dags/example_task_group_decorator.py took 0.198 seconds
[2022-10-03T01:46:45.073+0000] {processor.py:153} INFO - Started process (PID=1909) to work on /home/airflow/.local/lib/python3.7/site-packages/airflow/example_dags/example_task_group_decorator.py
[2022-10-03T01:46:45.074+0000] {processor.py:640} INFO - Processing file /home/airflow/.local/lib/python3.7/site-packages/airflow/example_dags/example_task_group_decorator.py for tasks to queue
[2022-10-03T01:46:45.075+0000] {logging_mixin.py:115} INFO - [2022-10-03T01:46:45.075+0000] {dagbag.py:508} INFO - Filling up the DagBag from /home/airflow/.local/lib/python3.7/site-packages/airflow/example_dags/example_task_group_decorator.py
[2022-10-03T01:46:45.102+0000] {processor.py:650} INFO - DAG(s) dict_keys(['example_task_group_decorator']) retrieved from /home/airflow/.local/lib/python3.7/site-packages/airflow/example_dags/example_task_group_decorator.py
[2022-10-03T01:46:45.241+0000] {logging_mixin.py:115} INFO - [2022-10-03T01:46:45.241+0000] {dag.py:2429} INFO - Sync 1 DAGs
[2022-10-03T01:46:45.262+0000] {logging_mixin.py:115} INFO - [2022-10-03T01:46:45.262+0000] {dag.py:2981} INFO - Setting next_dagrun for example_task_group_decorator to 2022-10-02T01:46:45.262224+00:00, run_after=2022-10-03T01:46:45.262224+00:00
[2022-10-03T01:46:45.278+0000] {processor.py:161} INFO - Processing /home/airflow/.local/lib/python3.7/site-packages/airflow/example_dags/example_task_group_decorator.py took 0.207 seconds
[2022-10-03T01:47:15.941+0000] {processor.py:153} INFO - Started process (PID=1964) to work on /home/airflow/.local/lib/python3.7/site-packages/airflow/example_dags/example_task_group_decorator.py
[2022-10-03T01:47:15.942+0000] {processor.py:640} INFO - Processing file /home/airflow/.local/lib/python3.7/site-packages/airflow/example_dags/example_task_group_decorator.py for tasks to queue
[2022-10-03T01:47:15.943+0000] {logging_mixin.py:115} INFO - [2022-10-03T01:47:15.943+0000] {dagbag.py:508} INFO - Filling up the DagBag from /home/airflow/.local/lib/python3.7/site-packages/airflow/example_dags/example_task_group_decorator.py
[2022-10-03T01:47:15.979+0000] {processor.py:650} INFO - DAG(s) dict_keys(['example_task_group_decorator']) retrieved from /home/airflow/.local/lib/python3.7/site-packages/airflow/example_dags/example_task_group_decorator.py
[2022-10-03T01:47:16.113+0000] {logging_mixin.py:115} INFO - [2022-10-03T01:47:16.113+0000] {dag.py:2429} INFO - Sync 1 DAGs
[2022-10-03T01:47:16.135+0000] {logging_mixin.py:115} INFO - [2022-10-03T01:47:16.135+0000] {dag.py:2981} INFO - Setting next_dagrun for example_task_group_decorator to 2022-10-02T01:47:16.135590+00:00, run_after=2022-10-03T01:47:16.135590+00:00
[2022-10-03T01:47:16.151+0000] {processor.py:161} INFO - Processing /home/airflow/.local/lib/python3.7/site-packages/airflow/example_dags/example_task_group_decorator.py took 0.212 seconds
[2022-10-03T01:47:46.756+0000] {processor.py:153} INFO - Started process (PID=2019) to work on /home/airflow/.local/lib/python3.7/site-packages/airflow/example_dags/example_task_group_decorator.py
[2022-10-03T01:47:46.757+0000] {processor.py:640} INFO - Processing file /home/airflow/.local/lib/python3.7/site-packages/airflow/example_dags/example_task_group_decorator.py for tasks to queue
[2022-10-03T01:47:46.758+0000] {logging_mixin.py:115} INFO - [2022-10-03T01:47:46.758+0000] {dagbag.py:508} INFO - Filling up the DagBag from /home/airflow/.local/lib/python3.7/site-packages/airflow/example_dags/example_task_group_decorator.py
[2022-10-03T01:47:46.783+0000] {processor.py:650} INFO - DAG(s) dict_keys(['example_task_group_decorator']) retrieved from /home/airflow/.local/lib/python3.7/site-packages/airflow/example_dags/example_task_group_decorator.py
[2022-10-03T01:47:46.955+0000] {logging_mixin.py:115} INFO - [2022-10-03T01:47:46.955+0000] {dag.py:2429} INFO - Sync 1 DAGs
[2022-10-03T01:47:46.975+0000] {logging_mixin.py:115} INFO - [2022-10-03T01:47:46.975+0000] {dag.py:2981} INFO - Setting next_dagrun for example_task_group_decorator to 2022-10-02T01:47:46.975132+00:00, run_after=2022-10-03T01:47:46.975132+00:00
[2022-10-03T01:47:46.990+0000] {processor.py:161} INFO - Processing /home/airflow/.local/lib/python3.7/site-packages/airflow/example_dags/example_task_group_decorator.py took 0.236 seconds
[2022-10-03T01:48:17.546+0000] {processor.py:153} INFO - Started process (PID=2074) to work on /home/airflow/.local/lib/python3.7/site-packages/airflow/example_dags/example_task_group_decorator.py
[2022-10-03T01:48:17.547+0000] {processor.py:640} INFO - Processing file /home/airflow/.local/lib/python3.7/site-packages/airflow/example_dags/example_task_group_decorator.py for tasks to queue
[2022-10-03T01:48:17.548+0000] {logging_mixin.py:115} INFO - [2022-10-03T01:48:17.548+0000] {dagbag.py:508} INFO - Filling up the DagBag from /home/airflow/.local/lib/python3.7/site-packages/airflow/example_dags/example_task_group_decorator.py
[2022-10-03T01:48:17.577+0000] {processor.py:650} INFO - DAG(s) dict_keys(['example_task_group_decorator']) retrieved from /home/airflow/.local/lib/python3.7/site-packages/airflow/example_dags/example_task_group_decorator.py
[2022-10-03T01:48:17.772+0000] {logging_mixin.py:115} INFO - [2022-10-03T01:48:17.772+0000] {dag.py:2429} INFO - Sync 1 DAGs
[2022-10-03T01:48:17.790+0000] {logging_mixin.py:115} INFO - [2022-10-03T01:48:17.790+0000] {dag.py:2981} INFO - Setting next_dagrun for example_task_group_decorator to 2022-10-02T01:48:17.790131+00:00, run_after=2022-10-03T01:48:17.790131+00:00
[2022-10-03T01:48:17.806+0000] {processor.py:161} INFO - Processing /home/airflow/.local/lib/python3.7/site-packages/airflow/example_dags/example_task_group_decorator.py took 0.262 seconds
[2022-10-03T01:48:48.341+0000] {processor.py:153} INFO - Started process (PID=2129) to work on /home/airflow/.local/lib/python3.7/site-packages/airflow/example_dags/example_task_group_decorator.py
[2022-10-03T01:48:48.342+0000] {processor.py:640} INFO - Processing file /home/airflow/.local/lib/python3.7/site-packages/airflow/example_dags/example_task_group_decorator.py for tasks to queue
[2022-10-03T01:48:48.342+0000] {logging_mixin.py:115} INFO - [2022-10-03T01:48:48.342+0000] {dagbag.py:508} INFO - Filling up the DagBag from /home/airflow/.local/lib/python3.7/site-packages/airflow/example_dags/example_task_group_decorator.py
[2022-10-03T01:48:48.370+0000] {processor.py:650} INFO - DAG(s) dict_keys(['example_task_group_decorator']) retrieved from /home/airflow/.local/lib/python3.7/site-packages/airflow/example_dags/example_task_group_decorator.py
[2022-10-03T01:48:48.541+0000] {logging_mixin.py:115} INFO - [2022-10-03T01:48:48.541+0000] {dag.py:2429} INFO - Sync 1 DAGs
[2022-10-03T01:48:48.558+0000] {logging_mixin.py:115} INFO - [2022-10-03T01:48:48.558+0000] {dag.py:2981} INFO - Setting next_dagrun for example_task_group_decorator to 2022-10-02T01:48:48.558093+00:00, run_after=2022-10-03T01:48:48.558093+00:00
[2022-10-03T01:48:48.573+0000] {processor.py:161} INFO - Processing /home/airflow/.local/lib/python3.7/site-packages/airflow/example_dags/example_task_group_decorator.py took 0.235 seconds
[2022-10-03T01:49:19.125+0000] {processor.py:153} INFO - Started process (PID=2184) to work on /home/airflow/.local/lib/python3.7/site-packages/airflow/example_dags/example_task_group_decorator.py
[2022-10-03T01:49:19.126+0000] {processor.py:640} INFO - Processing file /home/airflow/.local/lib/python3.7/site-packages/airflow/example_dags/example_task_group_decorator.py for tasks to queue
[2022-10-03T01:49:19.127+0000] {logging_mixin.py:115} INFO - [2022-10-03T01:49:19.127+0000] {dagbag.py:508} INFO - Filling up the DagBag from /home/airflow/.local/lib/python3.7/site-packages/airflow/example_dags/example_task_group_decorator.py
[2022-10-03T01:49:19.163+0000] {processor.py:650} INFO - DAG(s) dict_keys(['example_task_group_decorator']) retrieved from /home/airflow/.local/lib/python3.7/site-packages/airflow/example_dags/example_task_group_decorator.py
[2022-10-03T01:49:19.332+0000] {logging_mixin.py:115} INFO - [2022-10-03T01:49:19.332+0000] {dag.py:2429} INFO - Sync 1 DAGs
[2022-10-03T01:49:19.353+0000] {logging_mixin.py:115} INFO - [2022-10-03T01:49:19.353+0000] {dag.py:2981} INFO - Setting next_dagrun for example_task_group_decorator to 2022-10-02T01:49:19.353569+00:00, run_after=2022-10-03T01:49:19.353569+00:00
[2022-10-03T01:49:19.370+0000] {processor.py:161} INFO - Processing /home/airflow/.local/lib/python3.7/site-packages/airflow/example_dags/example_task_group_decorator.py took 0.247 seconds
[2022-10-03T01:52:33.498+0000] {processor.py:153} INFO - Started process (PID=75) to work on /home/airflow/.local/lib/python3.7/site-packages/airflow/example_dags/example_task_group_decorator.py
[2022-10-03T01:52:33.499+0000] {processor.py:640} INFO - Processing file /home/airflow/.local/lib/python3.7/site-packages/airflow/example_dags/example_task_group_decorator.py for tasks to queue
[2022-10-03T01:52:33.500+0000] {logging_mixin.py:115} INFO - [2022-10-03T01:52:33.500+0000] {dagbag.py:508} INFO - Filling up the DagBag from /home/airflow/.local/lib/python3.7/site-packages/airflow/example_dags/example_task_group_decorator.py
[2022-10-03T01:52:33.529+0000] {processor.py:650} INFO - DAG(s) dict_keys(['example_task_group_decorator']) retrieved from /home/airflow/.local/lib/python3.7/site-packages/airflow/example_dags/example_task_group_decorator.py
[2022-10-03T01:52:33.711+0000] {logging_mixin.py:115} INFO - [2022-10-03T01:52:33.710+0000] {dag.py:2429} INFO - Sync 1 DAGs
[2022-10-03T01:52:33.734+0000] {logging_mixin.py:115} INFO - [2022-10-03T01:52:33.734+0000] {dag.py:2981} INFO - Setting next_dagrun for example_task_group_decorator to 2022-10-02T01:52:33.733818+00:00, run_after=2022-10-03T01:52:33.733818+00:00
[2022-10-03T01:52:33.751+0000] {processor.py:161} INFO - Processing /home/airflow/.local/lib/python3.7/site-packages/airflow/example_dags/example_task_group_decorator.py took 0.257 seconds
[2022-10-03T01:53:04.748+0000] {processor.py:153} INFO - Started process (PID=131) to work on /home/airflow/.local/lib/python3.7/site-packages/airflow/example_dags/example_task_group_decorator.py
[2022-10-03T01:53:04.749+0000] {processor.py:640} INFO - Processing file /home/airflow/.local/lib/python3.7/site-packages/airflow/example_dags/example_task_group_decorator.py for tasks to queue
[2022-10-03T01:53:04.750+0000] {logging_mixin.py:115} INFO - [2022-10-03T01:53:04.750+0000] {dagbag.py:508} INFO - Filling up the DagBag from /home/airflow/.local/lib/python3.7/site-packages/airflow/example_dags/example_task_group_decorator.py
[2022-10-03T01:53:04.775+0000] {processor.py:650} INFO - DAG(s) dict_keys(['example_task_group_decorator']) retrieved from /home/airflow/.local/lib/python3.7/site-packages/airflow/example_dags/example_task_group_decorator.py
[2022-10-03T01:53:04.948+0000] {logging_mixin.py:115} INFO - [2022-10-03T01:53:04.948+0000] {dag.py:2429} INFO - Sync 1 DAGs
[2022-10-03T01:53:04.967+0000] {logging_mixin.py:115} INFO - [2022-10-03T01:53:04.967+0000] {dag.py:2981} INFO - Setting next_dagrun for example_task_group_decorator to 2022-10-02T01:53:04.967259+00:00, run_after=2022-10-03T01:53:04.967259+00:00
[2022-10-03T01:53:04.983+0000] {processor.py:161} INFO - Processing /home/airflow/.local/lib/python3.7/site-packages/airflow/example_dags/example_task_group_decorator.py took 0.238 seconds
[2022-10-03T01:53:35.496+0000] {processor.py:153} INFO - Started process (PID=186) to work on /home/airflow/.local/lib/python3.7/site-packages/airflow/example_dags/example_task_group_decorator.py
[2022-10-03T01:53:35.497+0000] {processor.py:640} INFO - Processing file /home/airflow/.local/lib/python3.7/site-packages/airflow/example_dags/example_task_group_decorator.py for tasks to queue
[2022-10-03T01:53:35.499+0000] {logging_mixin.py:115} INFO - [2022-10-03T01:53:35.498+0000] {dagbag.py:508} INFO - Filling up the DagBag from /home/airflow/.local/lib/python3.7/site-packages/airflow/example_dags/example_task_group_decorator.py
[2022-10-03T01:53:35.523+0000] {processor.py:650} INFO - DAG(s) dict_keys(['example_task_group_decorator']) retrieved from /home/airflow/.local/lib/python3.7/site-packages/airflow/example_dags/example_task_group_decorator.py
[2022-10-03T01:53:35.705+0000] {logging_mixin.py:115} INFO - [2022-10-03T01:53:35.705+0000] {dag.py:2429} INFO - Sync 1 DAGs
[2022-10-03T01:53:35.725+0000] {logging_mixin.py:115} INFO - [2022-10-03T01:53:35.725+0000] {dag.py:2981} INFO - Setting next_dagrun for example_task_group_decorator to 2022-10-02T01:53:35.724868+00:00, run_after=2022-10-03T01:53:35.724868+00:00
[2022-10-03T01:53:35.740+0000] {processor.py:161} INFO - Processing /home/airflow/.local/lib/python3.7/site-packages/airflow/example_dags/example_task_group_decorator.py took 0.246 seconds
[2022-10-03T01:54:06.375+0000] {processor.py:153} INFO - Started process (PID=241) to work on /home/airflow/.local/lib/python3.7/site-packages/airflow/example_dags/example_task_group_decorator.py
[2022-10-03T01:54:06.376+0000] {processor.py:640} INFO - Processing file /home/airflow/.local/lib/python3.7/site-packages/airflow/example_dags/example_task_group_decorator.py for tasks to queue
[2022-10-03T01:54:06.377+0000] {logging_mixin.py:115} INFO - [2022-10-03T01:54:06.377+0000] {dagbag.py:508} INFO - Filling up the DagBag from /home/airflow/.local/lib/python3.7/site-packages/airflow/example_dags/example_task_group_decorator.py
[2022-10-03T01:54:06.408+0000] {processor.py:650} INFO - DAG(s) dict_keys(['example_task_group_decorator']) retrieved from /home/airflow/.local/lib/python3.7/site-packages/airflow/example_dags/example_task_group_decorator.py
[2022-10-03T01:54:06.599+0000] {logging_mixin.py:115} INFO - [2022-10-03T01:54:06.599+0000] {dag.py:2429} INFO - Sync 1 DAGs
[2022-10-03T01:54:06.617+0000] {logging_mixin.py:115} INFO - [2022-10-03T01:54:06.617+0000] {dag.py:2981} INFO - Setting next_dagrun for example_task_group_decorator to 2022-10-02T01:54:06.616907+00:00, run_after=2022-10-03T01:54:06.616907+00:00
[2022-10-03T01:54:06.633+0000] {processor.py:161} INFO - Processing /home/airflow/.local/lib/python3.7/site-packages/airflow/example_dags/example_task_group_decorator.py took 0.260 seconds
[2022-10-03T01:54:37.555+0000] {processor.py:153} INFO - Started process (PID=297) to work on /home/airflow/.local/lib/python3.7/site-packages/airflow/example_dags/example_task_group_decorator.py
[2022-10-03T01:54:37.556+0000] {processor.py:640} INFO - Processing file /home/airflow/.local/lib/python3.7/site-packages/airflow/example_dags/example_task_group_decorator.py for tasks to queue
[2022-10-03T01:54:37.556+0000] {logging_mixin.py:115} INFO - [2022-10-03T01:54:37.556+0000] {dagbag.py:508} INFO - Filling up the DagBag from /home/airflow/.local/lib/python3.7/site-packages/airflow/example_dags/example_task_group_decorator.py
[2022-10-03T01:54:37.581+0000] {processor.py:650} INFO - DAG(s) dict_keys(['example_task_group_decorator']) retrieved from /home/airflow/.local/lib/python3.7/site-packages/airflow/example_dags/example_task_group_decorator.py
[2022-10-03T01:54:37.799+0000] {logging_mixin.py:115} INFO - [2022-10-03T01:54:37.799+0000] {dag.py:2429} INFO - Sync 1 DAGs
[2022-10-03T01:54:37.820+0000] {logging_mixin.py:115} INFO - [2022-10-03T01:54:37.820+0000] {dag.py:2981} INFO - Setting next_dagrun for example_task_group_decorator to 2022-10-02T01:54:37.820564+00:00, run_after=2022-10-03T01:54:37.820564+00:00
[2022-10-03T01:54:37.842+0000] {processor.py:161} INFO - Processing /home/airflow/.local/lib/python3.7/site-packages/airflow/example_dags/example_task_group_decorator.py took 0.290 seconds
[2022-10-03T01:55:07.882+0000] {processor.py:153} INFO - Started process (PID=352) to work on /home/airflow/.local/lib/python3.7/site-packages/airflow/example_dags/example_task_group_decorator.py
[2022-10-03T01:55:07.883+0000] {processor.py:640} INFO - Processing file /home/airflow/.local/lib/python3.7/site-packages/airflow/example_dags/example_task_group_decorator.py for tasks to queue
[2022-10-03T01:55:07.884+0000] {logging_mixin.py:115} INFO - [2022-10-03T01:55:07.884+0000] {dagbag.py:508} INFO - Filling up the DagBag from /home/airflow/.local/lib/python3.7/site-packages/airflow/example_dags/example_task_group_decorator.py
[2022-10-03T01:55:07.909+0000] {processor.py:650} INFO - DAG(s) dict_keys(['example_task_group_decorator']) retrieved from /home/airflow/.local/lib/python3.7/site-packages/airflow/example_dags/example_task_group_decorator.py
[2022-10-03T01:55:08.085+0000] {logging_mixin.py:115} INFO - [2022-10-03T01:55:08.085+0000] {dag.py:2429} INFO - Sync 1 DAGs
[2022-10-03T01:55:08.105+0000] {logging_mixin.py:115} INFO - [2022-10-03T01:55:08.105+0000] {dag.py:2981} INFO - Setting next_dagrun for example_task_group_decorator to 2022-10-02T01:55:08.105242+00:00, run_after=2022-10-03T01:55:08.105242+00:00
[2022-10-03T01:55:08.123+0000] {processor.py:161} INFO - Processing /home/airflow/.local/lib/python3.7/site-packages/airflow/example_dags/example_task_group_decorator.py took 0.244 seconds
[2022-10-03T01:55:38.551+0000] {processor.py:153} INFO - Started process (PID=407) to work on /home/airflow/.local/lib/python3.7/site-packages/airflow/example_dags/example_task_group_decorator.py
[2022-10-03T01:55:38.551+0000] {processor.py:640} INFO - Processing file /home/airflow/.local/lib/python3.7/site-packages/airflow/example_dags/example_task_group_decorator.py for tasks to queue
[2022-10-03T01:55:38.553+0000] {logging_mixin.py:115} INFO - [2022-10-03T01:55:38.552+0000] {dagbag.py:508} INFO - Filling up the DagBag from /home/airflow/.local/lib/python3.7/site-packages/airflow/example_dags/example_task_group_decorator.py
[2022-10-03T01:55:38.578+0000] {processor.py:650} INFO - DAG(s) dict_keys(['example_task_group_decorator']) retrieved from /home/airflow/.local/lib/python3.7/site-packages/airflow/example_dags/example_task_group_decorator.py
[2022-10-03T01:55:38.757+0000] {logging_mixin.py:115} INFO - [2022-10-03T01:55:38.757+0000] {dag.py:2429} INFO - Sync 1 DAGs
[2022-10-03T01:55:38.779+0000] {logging_mixin.py:115} INFO - [2022-10-03T01:55:38.779+0000] {dag.py:2981} INFO - Setting next_dagrun for example_task_group_decorator to 2022-10-02T01:55:38.778757+00:00, run_after=2022-10-03T01:55:38.778757+00:00
[2022-10-03T01:55:38.798+0000] {processor.py:161} INFO - Processing /home/airflow/.local/lib/python3.7/site-packages/airflow/example_dags/example_task_group_decorator.py took 0.249 seconds
[2022-10-03T01:56:09.062+0000] {processor.py:153} INFO - Started process (PID=462) to work on /home/airflow/.local/lib/python3.7/site-packages/airflow/example_dags/example_task_group_decorator.py
[2022-10-03T01:56:09.063+0000] {processor.py:640} INFO - Processing file /home/airflow/.local/lib/python3.7/site-packages/airflow/example_dags/example_task_group_decorator.py for tasks to queue
[2022-10-03T01:56:09.064+0000] {logging_mixin.py:115} INFO - [2022-10-03T01:56:09.063+0000] {dagbag.py:508} INFO - Filling up the DagBag from /home/airflow/.local/lib/python3.7/site-packages/airflow/example_dags/example_task_group_decorator.py
[2022-10-03T01:56:09.103+0000] {processor.py:650} INFO - DAG(s) dict_keys(['example_task_group_decorator']) retrieved from /home/airflow/.local/lib/python3.7/site-packages/airflow/example_dags/example_task_group_decorator.py
[2022-10-03T01:56:09.288+0000] {logging_mixin.py:115} INFO - [2022-10-03T01:56:09.288+0000] {dag.py:2429} INFO - Sync 1 DAGs
[2022-10-03T01:56:09.307+0000] {logging_mixin.py:115} INFO - [2022-10-03T01:56:09.307+0000] {dag.py:2981} INFO - Setting next_dagrun for example_task_group_decorator to 2022-10-02T01:56:09.306924+00:00, run_after=2022-10-03T01:56:09.306924+00:00
[2022-10-03T01:56:09.321+0000] {processor.py:161} INFO - Processing /home/airflow/.local/lib/python3.7/site-packages/airflow/example_dags/example_task_group_decorator.py took 0.262 seconds
[2022-10-03T01:56:39.967+0000] {processor.py:153} INFO - Started process (PID=517) to work on /home/airflow/.local/lib/python3.7/site-packages/airflow/example_dags/example_task_group_decorator.py
[2022-10-03T01:56:39.968+0000] {processor.py:640} INFO - Processing file /home/airflow/.local/lib/python3.7/site-packages/airflow/example_dags/example_task_group_decorator.py for tasks to queue
[2022-10-03T01:56:39.969+0000] {logging_mixin.py:115} INFO - [2022-10-03T01:56:39.969+0000] {dagbag.py:508} INFO - Filling up the DagBag from /home/airflow/.local/lib/python3.7/site-packages/airflow/example_dags/example_task_group_decorator.py
[2022-10-03T01:56:39.994+0000] {processor.py:650} INFO - DAG(s) dict_keys(['example_task_group_decorator']) retrieved from /home/airflow/.local/lib/python3.7/site-packages/airflow/example_dags/example_task_group_decorator.py
[2022-10-03T01:56:40.164+0000] {logging_mixin.py:115} INFO - [2022-10-03T01:56:40.164+0000] {dag.py:2429} INFO - Sync 1 DAGs
[2022-10-03T01:56:40.181+0000] {logging_mixin.py:115} INFO - [2022-10-03T01:56:40.181+0000] {dag.py:2981} INFO - Setting next_dagrun for example_task_group_decorator to 2022-10-02T01:56:40.181193+00:00, run_after=2022-10-03T01:56:40.181193+00:00
[2022-10-03T01:56:40.198+0000] {processor.py:161} INFO - Processing /home/airflow/.local/lib/python3.7/site-packages/airflow/example_dags/example_task_group_decorator.py took 0.234 seconds
[2022-10-03T01:57:10.434+0000] {processor.py:153} INFO - Started process (PID=572) to work on /home/airflow/.local/lib/python3.7/site-packages/airflow/example_dags/example_task_group_decorator.py
[2022-10-03T01:57:10.436+0000] {processor.py:640} INFO - Processing file /home/airflow/.local/lib/python3.7/site-packages/airflow/example_dags/example_task_group_decorator.py for tasks to queue
[2022-10-03T01:57:10.436+0000] {logging_mixin.py:115} INFO - [2022-10-03T01:57:10.436+0000] {dagbag.py:508} INFO - Filling up the DagBag from /home/airflow/.local/lib/python3.7/site-packages/airflow/example_dags/example_task_group_decorator.py
[2022-10-03T01:57:10.460+0000] {processor.py:650} INFO - DAG(s) dict_keys(['example_task_group_decorator']) retrieved from /home/airflow/.local/lib/python3.7/site-packages/airflow/example_dags/example_task_group_decorator.py
[2022-10-03T01:57:10.637+0000] {logging_mixin.py:115} INFO - [2022-10-03T01:57:10.637+0000] {dag.py:2429} INFO - Sync 1 DAGs
[2022-10-03T01:57:10.658+0000] {logging_mixin.py:115} INFO - [2022-10-03T01:57:10.658+0000] {dag.py:2981} INFO - Setting next_dagrun for example_task_group_decorator to 2022-10-02T01:57:10.658085+00:00, run_after=2022-10-03T01:57:10.658085+00:00
[2022-10-03T01:57:10.678+0000] {processor.py:161} INFO - Processing /home/airflow/.local/lib/python3.7/site-packages/airflow/example_dags/example_task_group_decorator.py took 0.246 seconds
[2022-10-03T01:57:40.996+0000] {processor.py:153} INFO - Started process (PID=627) to work on /home/airflow/.local/lib/python3.7/site-packages/airflow/example_dags/example_task_group_decorator.py
[2022-10-03T01:57:40.997+0000] {processor.py:640} INFO - Processing file /home/airflow/.local/lib/python3.7/site-packages/airflow/example_dags/example_task_group_decorator.py for tasks to queue
[2022-10-03T01:57:40.998+0000] {logging_mixin.py:115} INFO - [2022-10-03T01:57:40.998+0000] {dagbag.py:508} INFO - Filling up the DagBag from /home/airflow/.local/lib/python3.7/site-packages/airflow/example_dags/example_task_group_decorator.py
[2022-10-03T01:57:41.023+0000] {processor.py:650} INFO - DAG(s) dict_keys(['example_task_group_decorator']) retrieved from /home/airflow/.local/lib/python3.7/site-packages/airflow/example_dags/example_task_group_decorator.py
[2022-10-03T01:57:41.192+0000] {logging_mixin.py:115} INFO - [2022-10-03T01:57:41.191+0000] {dag.py:2429} INFO - Sync 1 DAGs
[2022-10-03T01:57:41.211+0000] {logging_mixin.py:115} INFO - [2022-10-03T01:57:41.210+0000] {dag.py:2981} INFO - Setting next_dagrun for example_task_group_decorator to 2022-10-02T01:57:41.210764+00:00, run_after=2022-10-03T01:57:41.210764+00:00
[2022-10-03T01:57:41.224+0000] {processor.py:161} INFO - Processing /home/airflow/.local/lib/python3.7/site-packages/airflow/example_dags/example_task_group_decorator.py took 0.232 seconds
[2022-10-03T01:58:11.716+0000] {processor.py:153} INFO - Started process (PID=682) to work on /home/airflow/.local/lib/python3.7/site-packages/airflow/example_dags/example_task_group_decorator.py
[2022-10-03T01:58:11.717+0000] {processor.py:640} INFO - Processing file /home/airflow/.local/lib/python3.7/site-packages/airflow/example_dags/example_task_group_decorator.py for tasks to queue
[2022-10-03T01:58:11.718+0000] {logging_mixin.py:115} INFO - [2022-10-03T01:58:11.718+0000] {dagbag.py:508} INFO - Filling up the DagBag from /home/airflow/.local/lib/python3.7/site-packages/airflow/example_dags/example_task_group_decorator.py
[2022-10-03T01:58:11.743+0000] {processor.py:650} INFO - DAG(s) dict_keys(['example_task_group_decorator']) retrieved from /home/airflow/.local/lib/python3.7/site-packages/airflow/example_dags/example_task_group_decorator.py
[2022-10-03T01:58:11.914+0000] {logging_mixin.py:115} INFO - [2022-10-03T01:58:11.914+0000] {dag.py:2429} INFO - Sync 1 DAGs
[2022-10-03T01:58:11.933+0000] {logging_mixin.py:115} INFO - [2022-10-03T01:58:11.932+0000] {dag.py:2981} INFO - Setting next_dagrun for example_task_group_decorator to 2022-10-02T01:58:11.932801+00:00, run_after=2022-10-03T01:58:11.932801+00:00
[2022-10-03T01:58:11.949+0000] {processor.py:161} INFO - Processing /home/airflow/.local/lib/python3.7/site-packages/airflow/example_dags/example_task_group_decorator.py took 0.236 seconds
[2022-10-03T01:58:42.069+0000] {processor.py:153} INFO - Started process (PID=737) to work on /home/airflow/.local/lib/python3.7/site-packages/airflow/example_dags/example_task_group_decorator.py
[2022-10-03T01:58:42.070+0000] {processor.py:640} INFO - Processing file /home/airflow/.local/lib/python3.7/site-packages/airflow/example_dags/example_task_group_decorator.py for tasks to queue
[2022-10-03T01:58:42.071+0000] {logging_mixin.py:115} INFO - [2022-10-03T01:58:42.071+0000] {dagbag.py:508} INFO - Filling up the DagBag from /home/airflow/.local/lib/python3.7/site-packages/airflow/example_dags/example_task_group_decorator.py
[2022-10-03T01:58:42.092+0000] {processor.py:650} INFO - DAG(s) dict_keys(['example_task_group_decorator']) retrieved from /home/airflow/.local/lib/python3.7/site-packages/airflow/example_dags/example_task_group_decorator.py
[2022-10-03T01:58:42.296+0000] {logging_mixin.py:115} INFO - [2022-10-03T01:58:42.296+0000] {dag.py:2429} INFO - Sync 1 DAGs
[2022-10-03T01:58:42.317+0000] {logging_mixin.py:115} INFO - [2022-10-03T01:58:42.317+0000] {dag.py:2981} INFO - Setting next_dagrun for example_task_group_decorator to 2022-10-02T01:58:42.317413+00:00, run_after=2022-10-03T01:58:42.317413+00:00
[2022-10-03T01:58:42.336+0000] {processor.py:161} INFO - Processing /home/airflow/.local/lib/python3.7/site-packages/airflow/example_dags/example_task_group_decorator.py took 0.269 seconds
[2022-10-03T01:59:12.924+0000] {processor.py:153} INFO - Started process (PID=800) to work on /home/airflow/.local/lib/python3.7/site-packages/airflow/example_dags/example_task_group_decorator.py
[2022-10-03T01:59:12.925+0000] {processor.py:640} INFO - Processing file /home/airflow/.local/lib/python3.7/site-packages/airflow/example_dags/example_task_group_decorator.py for tasks to queue
[2022-10-03T01:59:12.926+0000] {logging_mixin.py:115} INFO - [2022-10-03T01:59:12.926+0000] {dagbag.py:508} INFO - Filling up the DagBag from /home/airflow/.local/lib/python3.7/site-packages/airflow/example_dags/example_task_group_decorator.py
[2022-10-03T01:59:12.949+0000] {processor.py:650} INFO - DAG(s) dict_keys(['example_task_group_decorator']) retrieved from /home/airflow/.local/lib/python3.7/site-packages/airflow/example_dags/example_task_group_decorator.py
[2022-10-03T01:59:13.160+0000] {logging_mixin.py:115} INFO - [2022-10-03T01:59:13.160+0000] {dag.py:2429} INFO - Sync 1 DAGs
[2022-10-03T01:59:13.180+0000] {logging_mixin.py:115} INFO - [2022-10-03T01:59:13.180+0000] {dag.py:2981} INFO - Setting next_dagrun for example_task_group_decorator to 2022-10-02T01:59:13.180228+00:00, run_after=2022-10-03T01:59:13.180228+00:00
[2022-10-03T01:59:13.195+0000] {processor.py:161} INFO - Processing /home/airflow/.local/lib/python3.7/site-packages/airflow/example_dags/example_task_group_decorator.py took 0.274 seconds
[2022-10-03T01:59:43.539+0000] {processor.py:153} INFO - Started process (PID=855) to work on /home/airflow/.local/lib/python3.7/site-packages/airflow/example_dags/example_task_group_decorator.py
[2022-10-03T01:59:43.540+0000] {processor.py:640} INFO - Processing file /home/airflow/.local/lib/python3.7/site-packages/airflow/example_dags/example_task_group_decorator.py for tasks to queue
[2022-10-03T01:59:43.543+0000] {logging_mixin.py:115} INFO - [2022-10-03T01:59:43.542+0000] {dagbag.py:508} INFO - Filling up the DagBag from /home/airflow/.local/lib/python3.7/site-packages/airflow/example_dags/example_task_group_decorator.py
[2022-10-03T01:59:43.569+0000] {processor.py:650} INFO - DAG(s) dict_keys(['example_task_group_decorator']) retrieved from /home/airflow/.local/lib/python3.7/site-packages/airflow/example_dags/example_task_group_decorator.py
[2022-10-03T01:59:43.741+0000] {logging_mixin.py:115} INFO - [2022-10-03T01:59:43.741+0000] {dag.py:2429} INFO - Sync 1 DAGs
[2022-10-03T01:59:43.763+0000] {logging_mixin.py:115} INFO - [2022-10-03T01:59:43.763+0000] {dag.py:2981} INFO - Setting next_dagrun for example_task_group_decorator to 2022-10-02T01:59:43.763361+00:00, run_after=2022-10-03T01:59:43.763361+00:00
[2022-10-03T01:59:43.779+0000] {processor.py:161} INFO - Processing /home/airflow/.local/lib/python3.7/site-packages/airflow/example_dags/example_task_group_decorator.py took 0.242 seconds
