[2022-10-03T01:29:49.548+0000] {processor.py:153} INFO - Started process (PID=72) to work on /home/airflow/.local/lib/python3.7/site-packages/airflow/example_dags/example_bash_operator.py
[2022-10-03T01:29:49.549+0000] {processor.py:640} INFO - Processing file /home/airflow/.local/lib/python3.7/site-packages/airflow/example_dags/example_bash_operator.py for tasks to queue
[2022-10-03T01:29:49.550+0000] {logging_mixin.py:115} INFO - [2022-10-03T01:29:49.550+0000] {dagbag.py:508} INFO - Filling up the DagBag from /home/airflow/.local/lib/python3.7/site-packages/airflow/example_dags/example_bash_operator.py
[2022-10-03T01:29:49.567+0000] {processor.py:650} INFO - DAG(s) dict_keys(['example_bash_operator']) retrieved from /home/airflow/.local/lib/python3.7/site-packages/airflow/example_dags/example_bash_operator.py
[2022-10-03T01:29:49.812+0000] {logging_mixin.py:115} INFO - [2022-10-03T01:29:49.812+0000] {manager.py:508} INFO - Created Permission View: can edit on DAG:example_bash_operator
[2022-10-03T01:29:49.831+0000] {logging_mixin.py:115} INFO - [2022-10-03T01:29:49.830+0000] {manager.py:508} INFO - Created Permission View: can read on DAG:example_bash_operator
[2022-10-03T01:29:49.849+0000] {logging_mixin.py:115} INFO - [2022-10-03T01:29:49.849+0000] {manager.py:508} INFO - Created Permission View: can delete on DAG:example_bash_operator
[2022-10-03T01:29:49.850+0000] {logging_mixin.py:115} INFO - [2022-10-03T01:29:49.850+0000] {dag.py:2429} INFO - Sync 1 DAGs
[2022-10-03T01:29:49.861+0000] {logging_mixin.py:115} INFO - [2022-10-03T01:29:49.861+0000] {dag.py:2448} INFO - Creating ORM DAG for example_bash_operator
[2022-10-03T01:29:49.879+0000] {logging_mixin.py:115} INFO - [2022-10-03T01:29:49.879+0000] {dag.py:2981} INFO - Setting next_dagrun for example_bash_operator to 2022-10-02T00:00:00+00:00, run_after=2022-10-03T00:00:00+00:00
[2022-10-03T01:29:49.902+0000] {processor.py:161} INFO - Processing /home/airflow/.local/lib/python3.7/site-packages/airflow/example_dags/example_bash_operator.py took 0.357 seconds
[2022-10-03T01:30:20.619+0000] {processor.py:153} INFO - Started process (PID=127) to work on /home/airflow/.local/lib/python3.7/site-packages/airflow/example_dags/example_bash_operator.py
[2022-10-03T01:30:20.620+0000] {processor.py:640} INFO - Processing file /home/airflow/.local/lib/python3.7/site-packages/airflow/example_dags/example_bash_operator.py for tasks to queue
[2022-10-03T01:30:20.621+0000] {logging_mixin.py:115} INFO - [2022-10-03T01:30:20.621+0000] {dagbag.py:508} INFO - Filling up the DagBag from /home/airflow/.local/lib/python3.7/site-packages/airflow/example_dags/example_bash_operator.py
[2022-10-03T01:30:20.636+0000] {processor.py:650} INFO - DAG(s) dict_keys(['example_bash_operator']) retrieved from /home/airflow/.local/lib/python3.7/site-packages/airflow/example_dags/example_bash_operator.py
[2022-10-03T01:30:20.673+0000] {logging_mixin.py:115} INFO - [2022-10-03T01:30:20.673+0000] {dag.py:2429} INFO - Sync 1 DAGs
[2022-10-03T01:30:20.791+0000] {logging_mixin.py:115} INFO - [2022-10-03T01:30:20.791+0000] {dag.py:2981} INFO - Setting next_dagrun for example_bash_operator to 2022-10-02T00:00:00+00:00, run_after=2022-10-03T00:00:00+00:00
[2022-10-03T01:30:20.811+0000] {processor.py:161} INFO - Processing /home/airflow/.local/lib/python3.7/site-packages/airflow/example_dags/example_bash_operator.py took 0.195 seconds
[2022-10-03T01:30:51.296+0000] {processor.py:153} INFO - Started process (PID=182) to work on /home/airflow/.local/lib/python3.7/site-packages/airflow/example_dags/example_bash_operator.py
[2022-10-03T01:30:51.297+0000] {processor.py:640} INFO - Processing file /home/airflow/.local/lib/python3.7/site-packages/airflow/example_dags/example_bash_operator.py for tasks to queue
[2022-10-03T01:30:51.298+0000] {logging_mixin.py:115} INFO - [2022-10-03T01:30:51.298+0000] {dagbag.py:508} INFO - Filling up the DagBag from /home/airflow/.local/lib/python3.7/site-packages/airflow/example_dags/example_bash_operator.py
[2022-10-03T01:30:51.310+0000] {processor.py:650} INFO - DAG(s) dict_keys(['example_bash_operator']) retrieved from /home/airflow/.local/lib/python3.7/site-packages/airflow/example_dags/example_bash_operator.py
[2022-10-03T01:30:51.341+0000] {logging_mixin.py:115} INFO - [2022-10-03T01:30:51.341+0000] {dag.py:2429} INFO - Sync 1 DAGs
[2022-10-03T01:30:51.472+0000] {logging_mixin.py:115} INFO - [2022-10-03T01:30:51.472+0000] {dag.py:2981} INFO - Setting next_dagrun for example_bash_operator to 2022-10-02T00:00:00+00:00, run_after=2022-10-03T00:00:00+00:00
[2022-10-03T01:30:51.487+0000] {processor.py:161} INFO - Processing /home/airflow/.local/lib/python3.7/site-packages/airflow/example_dags/example_bash_operator.py took 0.193 seconds
[2022-10-03T01:31:22.057+0000] {processor.py:153} INFO - Started process (PID=237) to work on /home/airflow/.local/lib/python3.7/site-packages/airflow/example_dags/example_bash_operator.py
[2022-10-03T01:31:22.058+0000] {processor.py:640} INFO - Processing file /home/airflow/.local/lib/python3.7/site-packages/airflow/example_dags/example_bash_operator.py for tasks to queue
[2022-10-03T01:31:22.059+0000] {logging_mixin.py:115} INFO - [2022-10-03T01:31:22.059+0000] {dagbag.py:508} INFO - Filling up the DagBag from /home/airflow/.local/lib/python3.7/site-packages/airflow/example_dags/example_bash_operator.py
[2022-10-03T01:31:22.070+0000] {processor.py:650} INFO - DAG(s) dict_keys(['example_bash_operator']) retrieved from /home/airflow/.local/lib/python3.7/site-packages/airflow/example_dags/example_bash_operator.py
[2022-10-03T01:31:22.101+0000] {logging_mixin.py:115} INFO - [2022-10-03T01:31:22.101+0000] {dag.py:2429} INFO - Sync 1 DAGs
[2022-10-03T01:31:22.222+0000] {logging_mixin.py:115} INFO - [2022-10-03T01:31:22.222+0000] {dag.py:2981} INFO - Setting next_dagrun for example_bash_operator to 2022-10-02T00:00:00+00:00, run_after=2022-10-03T00:00:00+00:00
[2022-10-03T01:31:22.235+0000] {processor.py:161} INFO - Processing /home/airflow/.local/lib/python3.7/site-packages/airflow/example_dags/example_bash_operator.py took 0.181 seconds
[2022-10-03T01:31:52.781+0000] {processor.py:153} INFO - Started process (PID=293) to work on /home/airflow/.local/lib/python3.7/site-packages/airflow/example_dags/example_bash_operator.py
[2022-10-03T01:31:52.782+0000] {processor.py:640} INFO - Processing file /home/airflow/.local/lib/python3.7/site-packages/airflow/example_dags/example_bash_operator.py for tasks to queue
[2022-10-03T01:31:52.784+0000] {logging_mixin.py:115} INFO - [2022-10-03T01:31:52.783+0000] {dagbag.py:508} INFO - Filling up the DagBag from /home/airflow/.local/lib/python3.7/site-packages/airflow/example_dags/example_bash_operator.py
[2022-10-03T01:31:52.795+0000] {processor.py:650} INFO - DAG(s) dict_keys(['example_bash_operator']) retrieved from /home/airflow/.local/lib/python3.7/site-packages/airflow/example_dags/example_bash_operator.py
[2022-10-03T01:31:52.831+0000] {logging_mixin.py:115} INFO - [2022-10-03T01:31:52.830+0000] {dag.py:2429} INFO - Sync 1 DAGs
[2022-10-03T01:31:52.948+0000] {logging_mixin.py:115} INFO - [2022-10-03T01:31:52.948+0000] {dag.py:2981} INFO - Setting next_dagrun for example_bash_operator to 2022-10-02T00:00:00+00:00, run_after=2022-10-03T00:00:00+00:00
[2022-10-03T01:31:52.961+0000] {processor.py:161} INFO - Processing /home/airflow/.local/lib/python3.7/site-packages/airflow/example_dags/example_bash_operator.py took 0.183 seconds
[2022-10-03T01:32:23.509+0000] {processor.py:153} INFO - Started process (PID=348) to work on /home/airflow/.local/lib/python3.7/site-packages/airflow/example_dags/example_bash_operator.py
[2022-10-03T01:32:23.510+0000] {processor.py:640} INFO - Processing file /home/airflow/.local/lib/python3.7/site-packages/airflow/example_dags/example_bash_operator.py for tasks to queue
[2022-10-03T01:32:23.511+0000] {logging_mixin.py:115} INFO - [2022-10-03T01:32:23.511+0000] {dagbag.py:508} INFO - Filling up the DagBag from /home/airflow/.local/lib/python3.7/site-packages/airflow/example_dags/example_bash_operator.py
[2022-10-03T01:32:23.527+0000] {processor.py:650} INFO - DAG(s) dict_keys(['example_bash_operator']) retrieved from /home/airflow/.local/lib/python3.7/site-packages/airflow/example_dags/example_bash_operator.py
[2022-10-03T01:32:23.576+0000] {logging_mixin.py:115} INFO - [2022-10-03T01:32:23.576+0000] {dag.py:2429} INFO - Sync 1 DAGs
[2022-10-03T01:32:23.709+0000] {logging_mixin.py:115} INFO - [2022-10-03T01:32:23.709+0000] {dag.py:2981} INFO - Setting next_dagrun for example_bash_operator to 2022-10-02T00:00:00+00:00, run_after=2022-10-03T00:00:00+00:00
[2022-10-03T01:32:23.722+0000] {processor.py:161} INFO - Processing /home/airflow/.local/lib/python3.7/site-packages/airflow/example_dags/example_bash_operator.py took 0.216 seconds
[2022-10-03T01:32:54.436+0000] {processor.py:153} INFO - Started process (PID=403) to work on /home/airflow/.local/lib/python3.7/site-packages/airflow/example_dags/example_bash_operator.py
[2022-10-03T01:32:54.437+0000] {processor.py:640} INFO - Processing file /home/airflow/.local/lib/python3.7/site-packages/airflow/example_dags/example_bash_operator.py for tasks to queue
[2022-10-03T01:32:54.438+0000] {logging_mixin.py:115} INFO - [2022-10-03T01:32:54.438+0000] {dagbag.py:508} INFO - Filling up the DagBag from /home/airflow/.local/lib/python3.7/site-packages/airflow/example_dags/example_bash_operator.py
[2022-10-03T01:32:54.448+0000] {processor.py:650} INFO - DAG(s) dict_keys(['example_bash_operator']) retrieved from /home/airflow/.local/lib/python3.7/site-packages/airflow/example_dags/example_bash_operator.py
[2022-10-03T01:32:54.486+0000] {logging_mixin.py:115} INFO - [2022-10-03T01:32:54.486+0000] {dag.py:2429} INFO - Sync 1 DAGs
[2022-10-03T01:32:54.608+0000] {logging_mixin.py:115} INFO - [2022-10-03T01:32:54.608+0000] {dag.py:2981} INFO - Setting next_dagrun for example_bash_operator to 2022-10-02T00:00:00+00:00, run_after=2022-10-03T00:00:00+00:00
[2022-10-03T01:32:54.622+0000] {processor.py:161} INFO - Processing /home/airflow/.local/lib/python3.7/site-packages/airflow/example_dags/example_bash_operator.py took 0.188 seconds
[2022-10-03T01:33:25.167+0000] {processor.py:153} INFO - Started process (PID=458) to work on /home/airflow/.local/lib/python3.7/site-packages/airflow/example_dags/example_bash_operator.py
[2022-10-03T01:33:25.168+0000] {processor.py:640} INFO - Processing file /home/airflow/.local/lib/python3.7/site-packages/airflow/example_dags/example_bash_operator.py for tasks to queue
[2022-10-03T01:33:25.168+0000] {logging_mixin.py:115} INFO - [2022-10-03T01:33:25.168+0000] {dagbag.py:508} INFO - Filling up the DagBag from /home/airflow/.local/lib/python3.7/site-packages/airflow/example_dags/example_bash_operator.py
[2022-10-03T01:33:25.180+0000] {processor.py:650} INFO - DAG(s) dict_keys(['example_bash_operator']) retrieved from /home/airflow/.local/lib/python3.7/site-packages/airflow/example_dags/example_bash_operator.py
[2022-10-03T01:33:25.212+0000] {logging_mixin.py:115} INFO - [2022-10-03T01:33:25.212+0000] {dag.py:2429} INFO - Sync 1 DAGs
[2022-10-03T01:33:25.331+0000] {logging_mixin.py:115} INFO - [2022-10-03T01:33:25.330+0000] {dag.py:2981} INFO - Setting next_dagrun for example_bash_operator to 2022-10-02T00:00:00+00:00, run_after=2022-10-03T00:00:00+00:00
[2022-10-03T01:33:25.344+0000] {processor.py:161} INFO - Processing /home/airflow/.local/lib/python3.7/site-packages/airflow/example_dags/example_bash_operator.py took 0.180 seconds
[2022-10-03T01:33:55.909+0000] {processor.py:153} INFO - Started process (PID=513) to work on /home/airflow/.local/lib/python3.7/site-packages/airflow/example_dags/example_bash_operator.py
[2022-10-03T01:33:55.910+0000] {processor.py:640} INFO - Processing file /home/airflow/.local/lib/python3.7/site-packages/airflow/example_dags/example_bash_operator.py for tasks to queue
[2022-10-03T01:33:55.911+0000] {logging_mixin.py:115} INFO - [2022-10-03T01:33:55.911+0000] {dagbag.py:508} INFO - Filling up the DagBag from /home/airflow/.local/lib/python3.7/site-packages/airflow/example_dags/example_bash_operator.py
[2022-10-03T01:33:55.922+0000] {processor.py:650} INFO - DAG(s) dict_keys(['example_bash_operator']) retrieved from /home/airflow/.local/lib/python3.7/site-packages/airflow/example_dags/example_bash_operator.py
[2022-10-03T01:33:55.955+0000] {logging_mixin.py:115} INFO - [2022-10-03T01:33:55.955+0000] {dag.py:2429} INFO - Sync 1 DAGs
[2022-10-03T01:33:56.103+0000] {logging_mixin.py:115} INFO - [2022-10-03T01:33:56.103+0000] {dag.py:2981} INFO - Setting next_dagrun for example_bash_operator to 2022-10-02T00:00:00+00:00, run_after=2022-10-03T00:00:00+00:00
[2022-10-03T01:33:56.126+0000] {processor.py:161} INFO - Processing /home/airflow/.local/lib/python3.7/site-packages/airflow/example_dags/example_bash_operator.py took 0.219 seconds
[2022-10-03T01:34:26.642+0000] {processor.py:153} INFO - Started process (PID=568) to work on /home/airflow/.local/lib/python3.7/site-packages/airflow/example_dags/example_bash_operator.py
[2022-10-03T01:34:26.643+0000] {processor.py:640} INFO - Processing file /home/airflow/.local/lib/python3.7/site-packages/airflow/example_dags/example_bash_operator.py for tasks to queue
[2022-10-03T01:34:26.644+0000] {logging_mixin.py:115} INFO - [2022-10-03T01:34:26.644+0000] {dagbag.py:508} INFO - Filling up the DagBag from /home/airflow/.local/lib/python3.7/site-packages/airflow/example_dags/example_bash_operator.py
[2022-10-03T01:34:26.655+0000] {processor.py:650} INFO - DAG(s) dict_keys(['example_bash_operator']) retrieved from /home/airflow/.local/lib/python3.7/site-packages/airflow/example_dags/example_bash_operator.py
[2022-10-03T01:34:26.688+0000] {logging_mixin.py:115} INFO - [2022-10-03T01:34:26.688+0000] {dag.py:2429} INFO - Sync 1 DAGs
[2022-10-03T01:34:26.808+0000] {logging_mixin.py:115} INFO - [2022-10-03T01:34:26.808+0000] {dag.py:2981} INFO - Setting next_dagrun for example_bash_operator to 2022-10-02T00:00:00+00:00, run_after=2022-10-03T00:00:00+00:00
[2022-10-03T01:34:26.822+0000] {processor.py:161} INFO - Processing /home/airflow/.local/lib/python3.7/site-packages/airflow/example_dags/example_bash_operator.py took 0.182 seconds
[2022-10-03T01:34:57.297+0000] {processor.py:153} INFO - Started process (PID=623) to work on /home/airflow/.local/lib/python3.7/site-packages/airflow/example_dags/example_bash_operator.py
[2022-10-03T01:34:57.298+0000] {processor.py:640} INFO - Processing file /home/airflow/.local/lib/python3.7/site-packages/airflow/example_dags/example_bash_operator.py for tasks to queue
[2022-10-03T01:34:57.299+0000] {logging_mixin.py:115} INFO - [2022-10-03T01:34:57.299+0000] {dagbag.py:508} INFO - Filling up the DagBag from /home/airflow/.local/lib/python3.7/site-packages/airflow/example_dags/example_bash_operator.py
[2022-10-03T01:34:57.310+0000] {processor.py:650} INFO - DAG(s) dict_keys(['example_bash_operator']) retrieved from /home/airflow/.local/lib/python3.7/site-packages/airflow/example_dags/example_bash_operator.py
[2022-10-03T01:34:57.344+0000] {logging_mixin.py:115} INFO - [2022-10-03T01:34:57.344+0000] {dag.py:2429} INFO - Sync 1 DAGs
[2022-10-03T01:34:57.469+0000] {logging_mixin.py:115} INFO - [2022-10-03T01:34:57.469+0000] {dag.py:2981} INFO - Setting next_dagrun for example_bash_operator to 2022-10-02T00:00:00+00:00, run_after=2022-10-03T00:00:00+00:00
[2022-10-03T01:34:57.485+0000] {processor.py:161} INFO - Processing /home/airflow/.local/lib/python3.7/site-packages/airflow/example_dags/example_bash_operator.py took 0.191 seconds
[2022-10-03T01:35:28.211+0000] {processor.py:153} INFO - Started process (PID=678) to work on /home/airflow/.local/lib/python3.7/site-packages/airflow/example_dags/example_bash_operator.py
[2022-10-03T01:35:28.211+0000] {processor.py:640} INFO - Processing file /home/airflow/.local/lib/python3.7/site-packages/airflow/example_dags/example_bash_operator.py for tasks to queue
[2022-10-03T01:35:28.212+0000] {logging_mixin.py:115} INFO - [2022-10-03T01:35:28.212+0000] {dagbag.py:508} INFO - Filling up the DagBag from /home/airflow/.local/lib/python3.7/site-packages/airflow/example_dags/example_bash_operator.py
[2022-10-03T01:35:28.221+0000] {processor.py:650} INFO - DAG(s) dict_keys(['example_bash_operator']) retrieved from /home/airflow/.local/lib/python3.7/site-packages/airflow/example_dags/example_bash_operator.py
[2022-10-03T01:35:28.260+0000] {logging_mixin.py:115} INFO - [2022-10-03T01:35:28.260+0000] {dag.py:2429} INFO - Sync 1 DAGs
[2022-10-03T01:35:28.411+0000] {logging_mixin.py:115} INFO - [2022-10-03T01:35:28.411+0000] {dag.py:2981} INFO - Setting next_dagrun for example_bash_operator to 2022-10-02T00:00:00+00:00, run_after=2022-10-03T00:00:00+00:00
[2022-10-03T01:35:28.432+0000] {processor.py:161} INFO - Processing /home/airflow/.local/lib/python3.7/site-packages/airflow/example_dags/example_bash_operator.py took 0.224 seconds
[2022-10-03T01:35:59.003+0000] {processor.py:153} INFO - Started process (PID=740) to work on /home/airflow/.local/lib/python3.7/site-packages/airflow/example_dags/example_bash_operator.py
[2022-10-03T01:35:59.004+0000] {processor.py:640} INFO - Processing file /home/airflow/.local/lib/python3.7/site-packages/airflow/example_dags/example_bash_operator.py for tasks to queue
[2022-10-03T01:35:59.004+0000] {logging_mixin.py:115} INFO - [2022-10-03T01:35:59.004+0000] {dagbag.py:508} INFO - Filling up the DagBag from /home/airflow/.local/lib/python3.7/site-packages/airflow/example_dags/example_bash_operator.py
[2022-10-03T01:35:59.015+0000] {processor.py:650} INFO - DAG(s) dict_keys(['example_bash_operator']) retrieved from /home/airflow/.local/lib/python3.7/site-packages/airflow/example_dags/example_bash_operator.py
[2022-10-03T01:35:59.052+0000] {logging_mixin.py:115} INFO - [2022-10-03T01:35:59.052+0000] {dag.py:2429} INFO - Sync 1 DAGs
[2022-10-03T01:35:59.170+0000] {logging_mixin.py:115} INFO - [2022-10-03T01:35:59.170+0000] {dag.py:2981} INFO - Setting next_dagrun for example_bash_operator to 2022-10-02T00:00:00+00:00, run_after=2022-10-03T00:00:00+00:00
[2022-10-03T01:35:59.182+0000] {processor.py:161} INFO - Processing /home/airflow/.local/lib/python3.7/site-packages/airflow/example_dags/example_bash_operator.py took 0.182 seconds
[2022-10-03T01:36:29.693+0000] {processor.py:153} INFO - Started process (PID=795) to work on /home/airflow/.local/lib/python3.7/site-packages/airflow/example_dags/example_bash_operator.py
[2022-10-03T01:36:29.694+0000] {processor.py:640} INFO - Processing file /home/airflow/.local/lib/python3.7/site-packages/airflow/example_dags/example_bash_operator.py for tasks to queue
[2022-10-03T01:36:29.695+0000] {logging_mixin.py:115} INFO - [2022-10-03T01:36:29.694+0000] {dagbag.py:508} INFO - Filling up the DagBag from /home/airflow/.local/lib/python3.7/site-packages/airflow/example_dags/example_bash_operator.py
[2022-10-03T01:36:29.708+0000] {processor.py:650} INFO - DAG(s) dict_keys(['example_bash_operator']) retrieved from /home/airflow/.local/lib/python3.7/site-packages/airflow/example_dags/example_bash_operator.py
[2022-10-03T01:36:29.750+0000] {logging_mixin.py:115} INFO - [2022-10-03T01:36:29.750+0000] {dag.py:2429} INFO - Sync 1 DAGs
[2022-10-03T01:36:29.873+0000] {logging_mixin.py:115} INFO - [2022-10-03T01:36:29.872+0000] {dag.py:2981} INFO - Setting next_dagrun for example_bash_operator to 2022-10-02T00:00:00+00:00, run_after=2022-10-03T00:00:00+00:00
[2022-10-03T01:36:29.888+0000] {processor.py:161} INFO - Processing /home/airflow/.local/lib/python3.7/site-packages/airflow/example_dags/example_bash_operator.py took 0.197 seconds
[2022-10-03T01:37:00.381+0000] {processor.py:153} INFO - Started process (PID=850) to work on /home/airflow/.local/lib/python3.7/site-packages/airflow/example_dags/example_bash_operator.py
[2022-10-03T01:37:00.382+0000] {processor.py:640} INFO - Processing file /home/airflow/.local/lib/python3.7/site-packages/airflow/example_dags/example_bash_operator.py for tasks to queue
[2022-10-03T01:37:00.383+0000] {logging_mixin.py:115} INFO - [2022-10-03T01:37:00.382+0000] {dagbag.py:508} INFO - Filling up the DagBag from /home/airflow/.local/lib/python3.7/site-packages/airflow/example_dags/example_bash_operator.py
[2022-10-03T01:37:00.397+0000] {processor.py:650} INFO - DAG(s) dict_keys(['example_bash_operator']) retrieved from /home/airflow/.local/lib/python3.7/site-packages/airflow/example_dags/example_bash_operator.py
[2022-10-03T01:37:00.432+0000] {logging_mixin.py:115} INFO - [2022-10-03T01:37:00.432+0000] {dag.py:2429} INFO - Sync 1 DAGs
[2022-10-03T01:37:00.549+0000] {logging_mixin.py:115} INFO - [2022-10-03T01:37:00.549+0000] {dag.py:2981} INFO - Setting next_dagrun for example_bash_operator to 2022-10-02T00:00:00+00:00, run_after=2022-10-03T00:00:00+00:00
[2022-10-03T01:37:00.563+0000] {processor.py:161} INFO - Processing /home/airflow/.local/lib/python3.7/site-packages/airflow/example_dags/example_bash_operator.py took 0.185 seconds
[2022-10-03T01:37:31.159+0000] {processor.py:153} INFO - Started process (PID=908) to work on /home/airflow/.local/lib/python3.7/site-packages/airflow/example_dags/example_bash_operator.py
[2022-10-03T01:37:31.160+0000] {processor.py:640} INFO - Processing file /home/airflow/.local/lib/python3.7/site-packages/airflow/example_dags/example_bash_operator.py for tasks to queue
[2022-10-03T01:37:31.162+0000] {logging_mixin.py:115} INFO - [2022-10-03T01:37:31.162+0000] {dagbag.py:508} INFO - Filling up the DagBag from /home/airflow/.local/lib/python3.7/site-packages/airflow/example_dags/example_bash_operator.py
[2022-10-03T01:37:31.176+0000] {processor.py:650} INFO - DAG(s) dict_keys(['example_bash_operator']) retrieved from /home/airflow/.local/lib/python3.7/site-packages/airflow/example_dags/example_bash_operator.py
[2022-10-03T01:37:31.219+0000] {logging_mixin.py:115} INFO - [2022-10-03T01:37:31.219+0000] {dag.py:2429} INFO - Sync 1 DAGs
[2022-10-03T01:37:31.333+0000] {logging_mixin.py:115} INFO - [2022-10-03T01:37:31.333+0000] {dag.py:2981} INFO - Setting next_dagrun for example_bash_operator to 2022-10-02T00:00:00+00:00, run_after=2022-10-03T00:00:00+00:00
[2022-10-03T01:37:31.355+0000] {processor.py:161} INFO - Processing /home/airflow/.local/lib/python3.7/site-packages/airflow/example_dags/example_bash_operator.py took 0.198 seconds
[2022-10-03T01:38:01.868+0000] {processor.py:153} INFO - Started process (PID=963) to work on /home/airflow/.local/lib/python3.7/site-packages/airflow/example_dags/example_bash_operator.py
[2022-10-03T01:38:01.869+0000] {processor.py:640} INFO - Processing file /home/airflow/.local/lib/python3.7/site-packages/airflow/example_dags/example_bash_operator.py for tasks to queue
[2022-10-03T01:38:01.869+0000] {logging_mixin.py:115} INFO - [2022-10-03T01:38:01.869+0000] {dagbag.py:508} INFO - Filling up the DagBag from /home/airflow/.local/lib/python3.7/site-packages/airflow/example_dags/example_bash_operator.py
[2022-10-03T01:38:01.879+0000] {processor.py:650} INFO - DAG(s) dict_keys(['example_bash_operator']) retrieved from /home/airflow/.local/lib/python3.7/site-packages/airflow/example_dags/example_bash_operator.py
[2022-10-03T01:38:01.916+0000] {logging_mixin.py:115} INFO - [2022-10-03T01:38:01.916+0000] {dag.py:2429} INFO - Sync 1 DAGs
[2022-10-03T01:38:02.031+0000] {logging_mixin.py:115} INFO - [2022-10-03T01:38:02.031+0000] {dag.py:2981} INFO - Setting next_dagrun for example_bash_operator to 2022-10-02T00:00:00+00:00, run_after=2022-10-03T00:00:00+00:00
[2022-10-03T01:38:02.044+0000] {processor.py:161} INFO - Processing /home/airflow/.local/lib/python3.7/site-packages/airflow/example_dags/example_bash_operator.py took 0.179 seconds
[2022-10-03T01:38:32.542+0000] {processor.py:153} INFO - Started process (PID=1018) to work on /home/airflow/.local/lib/python3.7/site-packages/airflow/example_dags/example_bash_operator.py
[2022-10-03T01:38:32.543+0000] {processor.py:640} INFO - Processing file /home/airflow/.local/lib/python3.7/site-packages/airflow/example_dags/example_bash_operator.py for tasks to queue
[2022-10-03T01:38:32.544+0000] {logging_mixin.py:115} INFO - [2022-10-03T01:38:32.544+0000] {dagbag.py:508} INFO - Filling up the DagBag from /home/airflow/.local/lib/python3.7/site-packages/airflow/example_dags/example_bash_operator.py
[2022-10-03T01:38:32.553+0000] {processor.py:650} INFO - DAG(s) dict_keys(['example_bash_operator']) retrieved from /home/airflow/.local/lib/python3.7/site-packages/airflow/example_dags/example_bash_operator.py
[2022-10-03T01:38:32.590+0000] {logging_mixin.py:115} INFO - [2022-10-03T01:38:32.590+0000] {dag.py:2429} INFO - Sync 1 DAGs
[2022-10-03T01:38:32.722+0000] {logging_mixin.py:115} INFO - [2022-10-03T01:38:32.722+0000] {dag.py:2981} INFO - Setting next_dagrun for example_bash_operator to 2022-10-02T00:00:00+00:00, run_after=2022-10-03T00:00:00+00:00
[2022-10-03T01:38:32.737+0000] {processor.py:161} INFO - Processing /home/airflow/.local/lib/python3.7/site-packages/airflow/example_dags/example_bash_operator.py took 0.197 seconds
[2022-10-03T01:39:03.357+0000] {processor.py:153} INFO - Started process (PID=1073) to work on /home/airflow/.local/lib/python3.7/site-packages/airflow/example_dags/example_bash_operator.py
[2022-10-03T01:39:03.358+0000] {processor.py:640} INFO - Processing file /home/airflow/.local/lib/python3.7/site-packages/airflow/example_dags/example_bash_operator.py for tasks to queue
[2022-10-03T01:39:03.359+0000] {logging_mixin.py:115} INFO - [2022-10-03T01:39:03.359+0000] {dagbag.py:508} INFO - Filling up the DagBag from /home/airflow/.local/lib/python3.7/site-packages/airflow/example_dags/example_bash_operator.py
[2022-10-03T01:39:03.368+0000] {processor.py:650} INFO - DAG(s) dict_keys(['example_bash_operator']) retrieved from /home/airflow/.local/lib/python3.7/site-packages/airflow/example_dags/example_bash_operator.py
[2022-10-03T01:39:03.404+0000] {logging_mixin.py:115} INFO - [2022-10-03T01:39:03.404+0000] {dag.py:2429} INFO - Sync 1 DAGs
[2022-10-03T01:39:03.523+0000] {logging_mixin.py:115} INFO - [2022-10-03T01:39:03.522+0000] {dag.py:2981} INFO - Setting next_dagrun for example_bash_operator to 2022-10-02T00:00:00+00:00, run_after=2022-10-03T00:00:00+00:00
[2022-10-03T01:39:03.545+0000] {processor.py:161} INFO - Processing /home/airflow/.local/lib/python3.7/site-packages/airflow/example_dags/example_bash_operator.py took 0.191 seconds
[2022-10-03T01:39:34.007+0000] {processor.py:153} INFO - Started process (PID=1128) to work on /home/airflow/.local/lib/python3.7/site-packages/airflow/example_dags/example_bash_operator.py
[2022-10-03T01:39:34.008+0000] {processor.py:640} INFO - Processing file /home/airflow/.local/lib/python3.7/site-packages/airflow/example_dags/example_bash_operator.py for tasks to queue
[2022-10-03T01:39:34.009+0000] {logging_mixin.py:115} INFO - [2022-10-03T01:39:34.009+0000] {dagbag.py:508} INFO - Filling up the DagBag from /home/airflow/.local/lib/python3.7/site-packages/airflow/example_dags/example_bash_operator.py
[2022-10-03T01:39:34.020+0000] {processor.py:650} INFO - DAG(s) dict_keys(['example_bash_operator']) retrieved from /home/airflow/.local/lib/python3.7/site-packages/airflow/example_dags/example_bash_operator.py
[2022-10-03T01:39:34.055+0000] {logging_mixin.py:115} INFO - [2022-10-03T01:39:34.055+0000] {dag.py:2429} INFO - Sync 1 DAGs
[2022-10-03T01:39:34.192+0000] {logging_mixin.py:115} INFO - [2022-10-03T01:39:34.192+0000] {dag.py:2981} INFO - Setting next_dagrun for example_bash_operator to 2022-10-02T00:00:00+00:00, run_after=2022-10-03T00:00:00+00:00
[2022-10-03T01:39:34.204+0000] {processor.py:161} INFO - Processing /home/airflow/.local/lib/python3.7/site-packages/airflow/example_dags/example_bash_operator.py took 0.200 seconds
[2022-10-03T01:40:04.665+0000] {processor.py:153} INFO - Started process (PID=1183) to work on /home/airflow/.local/lib/python3.7/site-packages/airflow/example_dags/example_bash_operator.py
[2022-10-03T01:40:04.666+0000] {processor.py:640} INFO - Processing file /home/airflow/.local/lib/python3.7/site-packages/airflow/example_dags/example_bash_operator.py for tasks to queue
[2022-10-03T01:40:04.666+0000] {logging_mixin.py:115} INFO - [2022-10-03T01:40:04.666+0000] {dagbag.py:508} INFO - Filling up the DagBag from /home/airflow/.local/lib/python3.7/site-packages/airflow/example_dags/example_bash_operator.py
[2022-10-03T01:40:04.675+0000] {processor.py:650} INFO - DAG(s) dict_keys(['example_bash_operator']) retrieved from /home/airflow/.local/lib/python3.7/site-packages/airflow/example_dags/example_bash_operator.py
[2022-10-03T01:40:04.713+0000] {logging_mixin.py:115} INFO - [2022-10-03T01:40:04.713+0000] {dag.py:2429} INFO - Sync 1 DAGs
[2022-10-03T01:40:04.831+0000] {logging_mixin.py:115} INFO - [2022-10-03T01:40:04.830+0000] {dag.py:2981} INFO - Setting next_dagrun for example_bash_operator to 2022-10-02T00:00:00+00:00, run_after=2022-10-03T00:00:00+00:00
[2022-10-03T01:40:04.843+0000] {processor.py:161} INFO - Processing /home/airflow/.local/lib/python3.7/site-packages/airflow/example_dags/example_bash_operator.py took 0.180 seconds
[2022-10-03T01:40:35.573+0000] {processor.py:153} INFO - Started process (PID=1238) to work on /home/airflow/.local/lib/python3.7/site-packages/airflow/example_dags/example_bash_operator.py
[2022-10-03T01:40:35.574+0000] {processor.py:640} INFO - Processing file /home/airflow/.local/lib/python3.7/site-packages/airflow/example_dags/example_bash_operator.py for tasks to queue
[2022-10-03T01:40:35.575+0000] {logging_mixin.py:115} INFO - [2022-10-03T01:40:35.575+0000] {dagbag.py:508} INFO - Filling up the DagBag from /home/airflow/.local/lib/python3.7/site-packages/airflow/example_dags/example_bash_operator.py
[2022-10-03T01:40:35.584+0000] {processor.py:650} INFO - DAG(s) dict_keys(['example_bash_operator']) retrieved from /home/airflow/.local/lib/python3.7/site-packages/airflow/example_dags/example_bash_operator.py
[2022-10-03T01:40:35.622+0000] {logging_mixin.py:115} INFO - [2022-10-03T01:40:35.622+0000] {dag.py:2429} INFO - Sync 1 DAGs
[2022-10-03T01:40:35.744+0000] {logging_mixin.py:115} INFO - [2022-10-03T01:40:35.744+0000] {dag.py:2981} INFO - Setting next_dagrun for example_bash_operator to 2022-10-02T00:00:00+00:00, run_after=2022-10-03T00:00:00+00:00
[2022-10-03T01:40:35.756+0000] {processor.py:161} INFO - Processing /home/airflow/.local/lib/python3.7/site-packages/airflow/example_dags/example_bash_operator.py took 0.185 seconds
[2022-10-03T01:41:06.416+0000] {processor.py:153} INFO - Started process (PID=1293) to work on /home/airflow/.local/lib/python3.7/site-packages/airflow/example_dags/example_bash_operator.py
[2022-10-03T01:41:06.417+0000] {processor.py:640} INFO - Processing file /home/airflow/.local/lib/python3.7/site-packages/airflow/example_dags/example_bash_operator.py for tasks to queue
[2022-10-03T01:41:06.418+0000] {logging_mixin.py:115} INFO - [2022-10-03T01:41:06.418+0000] {dagbag.py:508} INFO - Filling up the DagBag from /home/airflow/.local/lib/python3.7/site-packages/airflow/example_dags/example_bash_operator.py
[2022-10-03T01:41:06.433+0000] {processor.py:650} INFO - DAG(s) dict_keys(['example_bash_operator']) retrieved from /home/airflow/.local/lib/python3.7/site-packages/airflow/example_dags/example_bash_operator.py
[2022-10-03T01:41:06.484+0000] {logging_mixin.py:115} INFO - [2022-10-03T01:41:06.483+0000] {dag.py:2429} INFO - Sync 1 DAGs
[2022-10-03T01:41:06.639+0000] {logging_mixin.py:115} INFO - [2022-10-03T01:41:06.638+0000] {dag.py:2981} INFO - Setting next_dagrun for example_bash_operator to 2022-10-02T00:00:00+00:00, run_after=2022-10-03T00:00:00+00:00
[2022-10-03T01:41:06.654+0000] {processor.py:161} INFO - Processing /home/airflow/.local/lib/python3.7/site-packages/airflow/example_dags/example_bash_operator.py took 0.242 seconds
[2022-10-03T01:41:37.309+0000] {processor.py:153} INFO - Started process (PID=1349) to work on /home/airflow/.local/lib/python3.7/site-packages/airflow/example_dags/example_bash_operator.py
[2022-10-03T01:41:37.309+0000] {processor.py:640} INFO - Processing file /home/airflow/.local/lib/python3.7/site-packages/airflow/example_dags/example_bash_operator.py for tasks to queue
[2022-10-03T01:41:37.310+0000] {logging_mixin.py:115} INFO - [2022-10-03T01:41:37.310+0000] {dagbag.py:508} INFO - Filling up the DagBag from /home/airflow/.local/lib/python3.7/site-packages/airflow/example_dags/example_bash_operator.py
[2022-10-03T01:41:37.322+0000] {processor.py:650} INFO - DAG(s) dict_keys(['example_bash_operator']) retrieved from /home/airflow/.local/lib/python3.7/site-packages/airflow/example_dags/example_bash_operator.py
[2022-10-03T01:41:37.371+0000] {logging_mixin.py:115} INFO - [2022-10-03T01:41:37.371+0000] {dag.py:2429} INFO - Sync 1 DAGs
[2022-10-03T01:41:37.507+0000] {logging_mixin.py:115} INFO - [2022-10-03T01:41:37.507+0000] {dag.py:2981} INFO - Setting next_dagrun for example_bash_operator to 2022-10-02T00:00:00+00:00, run_after=2022-10-03T00:00:00+00:00
[2022-10-03T01:41:37.520+0000] {processor.py:161} INFO - Processing /home/airflow/.local/lib/python3.7/site-packages/airflow/example_dags/example_bash_operator.py took 0.215 seconds
[2022-10-03T01:42:08.211+0000] {processor.py:153} INFO - Started process (PID=1404) to work on /home/airflow/.local/lib/python3.7/site-packages/airflow/example_dags/example_bash_operator.py
[2022-10-03T01:42:08.212+0000] {processor.py:640} INFO - Processing file /home/airflow/.local/lib/python3.7/site-packages/airflow/example_dags/example_bash_operator.py for tasks to queue
[2022-10-03T01:42:08.213+0000] {logging_mixin.py:115} INFO - [2022-10-03T01:42:08.213+0000] {dagbag.py:508} INFO - Filling up the DagBag from /home/airflow/.local/lib/python3.7/site-packages/airflow/example_dags/example_bash_operator.py
[2022-10-03T01:42:08.224+0000] {processor.py:650} INFO - DAG(s) dict_keys(['example_bash_operator']) retrieved from /home/airflow/.local/lib/python3.7/site-packages/airflow/example_dags/example_bash_operator.py
[2022-10-03T01:42:08.259+0000] {logging_mixin.py:115} INFO - [2022-10-03T01:42:08.258+0000] {dag.py:2429} INFO - Sync 1 DAGs
[2022-10-03T01:42:08.379+0000] {logging_mixin.py:115} INFO - [2022-10-03T01:42:08.379+0000] {dag.py:2981} INFO - Setting next_dagrun for example_bash_operator to 2022-10-02T00:00:00+00:00, run_after=2022-10-03T00:00:00+00:00
[2022-10-03T01:42:08.393+0000] {processor.py:161} INFO - Processing /home/airflow/.local/lib/python3.7/site-packages/airflow/example_dags/example_bash_operator.py took 0.184 seconds
[2022-10-03T01:42:38.853+0000] {processor.py:153} INFO - Started process (PID=1459) to work on /home/airflow/.local/lib/python3.7/site-packages/airflow/example_dags/example_bash_operator.py
[2022-10-03T01:42:38.854+0000] {processor.py:640} INFO - Processing file /home/airflow/.local/lib/python3.7/site-packages/airflow/example_dags/example_bash_operator.py for tasks to queue
[2022-10-03T01:42:38.855+0000] {logging_mixin.py:115} INFO - [2022-10-03T01:42:38.855+0000] {dagbag.py:508} INFO - Filling up the DagBag from /home/airflow/.local/lib/python3.7/site-packages/airflow/example_dags/example_bash_operator.py
[2022-10-03T01:42:38.867+0000] {processor.py:650} INFO - DAG(s) dict_keys(['example_bash_operator']) retrieved from /home/airflow/.local/lib/python3.7/site-packages/airflow/example_dags/example_bash_operator.py
[2022-10-03T01:42:38.900+0000] {logging_mixin.py:115} INFO - [2022-10-03T01:42:38.900+0000] {dag.py:2429} INFO - Sync 1 DAGs
[2022-10-03T01:42:39.036+0000] {logging_mixin.py:115} INFO - [2022-10-03T01:42:39.036+0000] {dag.py:2981} INFO - Setting next_dagrun for example_bash_operator to 2022-10-02T00:00:00+00:00, run_after=2022-10-03T00:00:00+00:00
[2022-10-03T01:42:39.048+0000] {processor.py:161} INFO - Processing /home/airflow/.local/lib/python3.7/site-packages/airflow/example_dags/example_bash_operator.py took 0.197 seconds
[2022-10-03T01:43:09.520+0000] {processor.py:153} INFO - Started process (PID=1515) to work on /home/airflow/.local/lib/python3.7/site-packages/airflow/example_dags/example_bash_operator.py
[2022-10-03T01:43:09.521+0000] {processor.py:640} INFO - Processing file /home/airflow/.local/lib/python3.7/site-packages/airflow/example_dags/example_bash_operator.py for tasks to queue
[2022-10-03T01:43:09.523+0000] {logging_mixin.py:115} INFO - [2022-10-03T01:43:09.522+0000] {dagbag.py:508} INFO - Filling up the DagBag from /home/airflow/.local/lib/python3.7/site-packages/airflow/example_dags/example_bash_operator.py
[2022-10-03T01:43:09.533+0000] {processor.py:650} INFO - DAG(s) dict_keys(['example_bash_operator']) retrieved from /home/airflow/.local/lib/python3.7/site-packages/airflow/example_dags/example_bash_operator.py
[2022-10-03T01:43:09.567+0000] {logging_mixin.py:115} INFO - [2022-10-03T01:43:09.567+0000] {dag.py:2429} INFO - Sync 1 DAGs
[2022-10-03T01:43:09.685+0000] {logging_mixin.py:115} INFO - [2022-10-03T01:43:09.685+0000] {dag.py:2981} INFO - Setting next_dagrun for example_bash_operator to 2022-10-02T00:00:00+00:00, run_after=2022-10-03T00:00:00+00:00
[2022-10-03T01:43:09.697+0000] {processor.py:161} INFO - Processing /home/airflow/.local/lib/python3.7/site-packages/airflow/example_dags/example_bash_operator.py took 0.179 seconds
[2022-10-03T01:43:40.005+0000] {processor.py:153} INFO - Started process (PID=1570) to work on /home/airflow/.local/lib/python3.7/site-packages/airflow/example_dags/example_bash_operator.py
[2022-10-03T01:43:40.006+0000] {processor.py:640} INFO - Processing file /home/airflow/.local/lib/python3.7/site-packages/airflow/example_dags/example_bash_operator.py for tasks to queue
[2022-10-03T01:43:40.007+0000] {logging_mixin.py:115} INFO - [2022-10-03T01:43:40.007+0000] {dagbag.py:508} INFO - Filling up the DagBag from /home/airflow/.local/lib/python3.7/site-packages/airflow/example_dags/example_bash_operator.py
[2022-10-03T01:43:40.019+0000] {processor.py:650} INFO - DAG(s) dict_keys(['example_bash_operator']) retrieved from /home/airflow/.local/lib/python3.7/site-packages/airflow/example_dags/example_bash_operator.py
[2022-10-03T01:43:40.055+0000] {logging_mixin.py:115} INFO - [2022-10-03T01:43:40.055+0000] {dag.py:2429} INFO - Sync 1 DAGs
[2022-10-03T01:43:40.176+0000] {logging_mixin.py:115} INFO - [2022-10-03T01:43:40.176+0000] {dag.py:2981} INFO - Setting next_dagrun for example_bash_operator to 2022-10-02T00:00:00+00:00, run_after=2022-10-03T00:00:00+00:00
[2022-10-03T01:43:40.195+0000] {processor.py:161} INFO - Processing /home/airflow/.local/lib/python3.7/site-packages/airflow/example_dags/example_bash_operator.py took 0.193 seconds
[2022-10-03T01:44:10.680+0000] {processor.py:153} INFO - Started process (PID=1625) to work on /home/airflow/.local/lib/python3.7/site-packages/airflow/example_dags/example_bash_operator.py
[2022-10-03T01:44:10.681+0000] {processor.py:640} INFO - Processing file /home/airflow/.local/lib/python3.7/site-packages/airflow/example_dags/example_bash_operator.py for tasks to queue
[2022-10-03T01:44:10.682+0000] {logging_mixin.py:115} INFO - [2022-10-03T01:44:10.682+0000] {dagbag.py:508} INFO - Filling up the DagBag from /home/airflow/.local/lib/python3.7/site-packages/airflow/example_dags/example_bash_operator.py
[2022-10-03T01:44:10.695+0000] {processor.py:650} INFO - DAG(s) dict_keys(['example_bash_operator']) retrieved from /home/airflow/.local/lib/python3.7/site-packages/airflow/example_dags/example_bash_operator.py
[2022-10-03T01:44:10.731+0000] {logging_mixin.py:115} INFO - [2022-10-03T01:44:10.730+0000] {dag.py:2429} INFO - Sync 1 DAGs
[2022-10-03T01:44:10.877+0000] {logging_mixin.py:115} INFO - [2022-10-03T01:44:10.877+0000] {dag.py:2981} INFO - Setting next_dagrun for example_bash_operator to 2022-10-02T00:00:00+00:00, run_after=2022-10-03T00:00:00+00:00
[2022-10-03T01:44:10.899+0000] {processor.py:161} INFO - Processing /home/airflow/.local/lib/python3.7/site-packages/airflow/example_dags/example_bash_operator.py took 0.221 seconds
[2022-10-03T01:44:41.535+0000] {processor.py:153} INFO - Started process (PID=1680) to work on /home/airflow/.local/lib/python3.7/site-packages/airflow/example_dags/example_bash_operator.py
[2022-10-03T01:44:41.537+0000] {processor.py:640} INFO - Processing file /home/airflow/.local/lib/python3.7/site-packages/airflow/example_dags/example_bash_operator.py for tasks to queue
[2022-10-03T01:44:41.538+0000] {logging_mixin.py:115} INFO - [2022-10-03T01:44:41.538+0000] {dagbag.py:508} INFO - Filling up the DagBag from /home/airflow/.local/lib/python3.7/site-packages/airflow/example_dags/example_bash_operator.py
[2022-10-03T01:44:41.555+0000] {processor.py:650} INFO - DAG(s) dict_keys(['example_bash_operator']) retrieved from /home/airflow/.local/lib/python3.7/site-packages/airflow/example_dags/example_bash_operator.py
[2022-10-03T01:44:41.597+0000] {logging_mixin.py:115} INFO - [2022-10-03T01:44:41.596+0000] {dag.py:2429} INFO - Sync 1 DAGs
[2022-10-03T01:44:41.775+0000] {logging_mixin.py:115} INFO - [2022-10-03T01:44:41.775+0000] {dag.py:2981} INFO - Setting next_dagrun for example_bash_operator to 2022-10-02T00:00:00+00:00, run_after=2022-10-03T00:00:00+00:00
[2022-10-03T01:44:41.788+0000] {processor.py:161} INFO - Processing /home/airflow/.local/lib/python3.7/site-packages/airflow/example_dags/example_bash_operator.py took 0.257 seconds
[2022-10-03T01:45:12.367+0000] {processor.py:153} INFO - Started process (PID=1735) to work on /home/airflow/.local/lib/python3.7/site-packages/airflow/example_dags/example_bash_operator.py
[2022-10-03T01:45:12.368+0000] {processor.py:640} INFO - Processing file /home/airflow/.local/lib/python3.7/site-packages/airflow/example_dags/example_bash_operator.py for tasks to queue
[2022-10-03T01:45:12.370+0000] {logging_mixin.py:115} INFO - [2022-10-03T01:45:12.369+0000] {dagbag.py:508} INFO - Filling up the DagBag from /home/airflow/.local/lib/python3.7/site-packages/airflow/example_dags/example_bash_operator.py
[2022-10-03T01:45:12.382+0000] {processor.py:650} INFO - DAG(s) dict_keys(['example_bash_operator']) retrieved from /home/airflow/.local/lib/python3.7/site-packages/airflow/example_dags/example_bash_operator.py
[2022-10-03T01:45:12.430+0000] {logging_mixin.py:115} INFO - [2022-10-03T01:45:12.430+0000] {dag.py:2429} INFO - Sync 1 DAGs
[2022-10-03T01:45:12.582+0000] {logging_mixin.py:115} INFO - [2022-10-03T01:45:12.582+0000] {dag.py:2981} INFO - Setting next_dagrun for example_bash_operator to 2022-10-02T00:00:00+00:00, run_after=2022-10-03T00:00:00+00:00
[2022-10-03T01:45:12.598+0000] {processor.py:161} INFO - Processing /home/airflow/.local/lib/python3.7/site-packages/airflow/example_dags/example_bash_operator.py took 0.234 seconds
[2022-10-03T01:45:43.189+0000] {processor.py:153} INFO - Started process (PID=1797) to work on /home/airflow/.local/lib/python3.7/site-packages/airflow/example_dags/example_bash_operator.py
[2022-10-03T01:45:43.190+0000] {processor.py:640} INFO - Processing file /home/airflow/.local/lib/python3.7/site-packages/airflow/example_dags/example_bash_operator.py for tasks to queue
[2022-10-03T01:45:43.192+0000] {logging_mixin.py:115} INFO - [2022-10-03T01:45:43.191+0000] {dagbag.py:508} INFO - Filling up the DagBag from /home/airflow/.local/lib/python3.7/site-packages/airflow/example_dags/example_bash_operator.py
[2022-10-03T01:45:43.209+0000] {processor.py:650} INFO - DAG(s) dict_keys(['example_bash_operator']) retrieved from /home/airflow/.local/lib/python3.7/site-packages/airflow/example_dags/example_bash_operator.py
[2022-10-03T01:45:43.250+0000] {logging_mixin.py:115} INFO - [2022-10-03T01:45:43.250+0000] {dag.py:2429} INFO - Sync 1 DAGs
[2022-10-03T01:45:43.371+0000] {logging_mixin.py:115} INFO - [2022-10-03T01:45:43.371+0000] {dag.py:2981} INFO - Setting next_dagrun for example_bash_operator to 2022-10-02T00:00:00+00:00, run_after=2022-10-03T00:00:00+00:00
[2022-10-03T01:45:43.385+0000] {processor.py:161} INFO - Processing /home/airflow/.local/lib/python3.7/site-packages/airflow/example_dags/example_bash_operator.py took 0.199 seconds
[2022-10-03T01:46:13.841+0000] {processor.py:153} INFO - Started process (PID=1852) to work on /home/airflow/.local/lib/python3.7/site-packages/airflow/example_dags/example_bash_operator.py
[2022-10-03T01:46:13.842+0000] {processor.py:640} INFO - Processing file /home/airflow/.local/lib/python3.7/site-packages/airflow/example_dags/example_bash_operator.py for tasks to queue
[2022-10-03T01:46:13.843+0000] {logging_mixin.py:115} INFO - [2022-10-03T01:46:13.843+0000] {dagbag.py:508} INFO - Filling up the DagBag from /home/airflow/.local/lib/python3.7/site-packages/airflow/example_dags/example_bash_operator.py
[2022-10-03T01:46:13.858+0000] {processor.py:650} INFO - DAG(s) dict_keys(['example_bash_operator']) retrieved from /home/airflow/.local/lib/python3.7/site-packages/airflow/example_dags/example_bash_operator.py
[2022-10-03T01:46:13.912+0000] {logging_mixin.py:115} INFO - [2022-10-03T01:46:13.912+0000] {dag.py:2429} INFO - Sync 1 DAGs
[2022-10-03T01:46:14.046+0000] {logging_mixin.py:115} INFO - [2022-10-03T01:46:14.045+0000] {dag.py:2981} INFO - Setting next_dagrun for example_bash_operator to 2022-10-02T00:00:00+00:00, run_after=2022-10-03T00:00:00+00:00
[2022-10-03T01:46:14.061+0000] {processor.py:161} INFO - Processing /home/airflow/.local/lib/python3.7/site-packages/airflow/example_dags/example_bash_operator.py took 0.222 seconds
[2022-10-03T01:46:44.679+0000] {processor.py:153} INFO - Started process (PID=1907) to work on /home/airflow/.local/lib/python3.7/site-packages/airflow/example_dags/example_bash_operator.py
[2022-10-03T01:46:44.681+0000] {processor.py:640} INFO - Processing file /home/airflow/.local/lib/python3.7/site-packages/airflow/example_dags/example_bash_operator.py for tasks to queue
[2022-10-03T01:46:44.682+0000] {logging_mixin.py:115} INFO - [2022-10-03T01:46:44.682+0000] {dagbag.py:508} INFO - Filling up the DagBag from /home/airflow/.local/lib/python3.7/site-packages/airflow/example_dags/example_bash_operator.py
[2022-10-03T01:46:44.696+0000] {processor.py:650} INFO - DAG(s) dict_keys(['example_bash_operator']) retrieved from /home/airflow/.local/lib/python3.7/site-packages/airflow/example_dags/example_bash_operator.py
[2022-10-03T01:46:44.731+0000] {logging_mixin.py:115} INFO - [2022-10-03T01:46:44.731+0000] {dag.py:2429} INFO - Sync 1 DAGs
[2022-10-03T01:46:44.893+0000] {logging_mixin.py:115} INFO - [2022-10-03T01:46:44.892+0000] {dag.py:2981} INFO - Setting next_dagrun for example_bash_operator to 2022-10-02T00:00:00+00:00, run_after=2022-10-03T00:00:00+00:00
[2022-10-03T01:46:44.912+0000] {processor.py:161} INFO - Processing /home/airflow/.local/lib/python3.7/site-packages/airflow/example_dags/example_bash_operator.py took 0.236 seconds
[2022-10-03T01:47:15.613+0000] {processor.py:153} INFO - Started process (PID=1962) to work on /home/airflow/.local/lib/python3.7/site-packages/airflow/example_dags/example_bash_operator.py
[2022-10-03T01:47:15.614+0000] {processor.py:640} INFO - Processing file /home/airflow/.local/lib/python3.7/site-packages/airflow/example_dags/example_bash_operator.py for tasks to queue
[2022-10-03T01:47:15.615+0000] {logging_mixin.py:115} INFO - [2022-10-03T01:47:15.615+0000] {dagbag.py:508} INFO - Filling up the DagBag from /home/airflow/.local/lib/python3.7/site-packages/airflow/example_dags/example_bash_operator.py
[2022-10-03T01:47:15.627+0000] {processor.py:650} INFO - DAG(s) dict_keys(['example_bash_operator']) retrieved from /home/airflow/.local/lib/python3.7/site-packages/airflow/example_dags/example_bash_operator.py
[2022-10-03T01:47:15.660+0000] {logging_mixin.py:115} INFO - [2022-10-03T01:47:15.660+0000] {dag.py:2429} INFO - Sync 1 DAGs
[2022-10-03T01:47:15.780+0000] {logging_mixin.py:115} INFO - [2022-10-03T01:47:15.780+0000] {dag.py:2981} INFO - Setting next_dagrun for example_bash_operator to 2022-10-02T00:00:00+00:00, run_after=2022-10-03T00:00:00+00:00
[2022-10-03T01:47:15.792+0000] {processor.py:161} INFO - Processing /home/airflow/.local/lib/python3.7/site-packages/airflow/example_dags/example_bash_operator.py took 0.181 seconds
[2022-10-03T01:47:46.400+0000] {processor.py:153} INFO - Started process (PID=2017) to work on /home/airflow/.local/lib/python3.7/site-packages/airflow/example_dags/example_bash_operator.py
[2022-10-03T01:47:46.401+0000] {processor.py:640} INFO - Processing file /home/airflow/.local/lib/python3.7/site-packages/airflow/example_dags/example_bash_operator.py for tasks to queue
[2022-10-03T01:47:46.403+0000] {logging_mixin.py:115} INFO - [2022-10-03T01:47:46.402+0000] {dagbag.py:508} INFO - Filling up the DagBag from /home/airflow/.local/lib/python3.7/site-packages/airflow/example_dags/example_bash_operator.py
[2022-10-03T01:47:46.415+0000] {processor.py:650} INFO - DAG(s) dict_keys(['example_bash_operator']) retrieved from /home/airflow/.local/lib/python3.7/site-packages/airflow/example_dags/example_bash_operator.py
[2022-10-03T01:47:46.455+0000] {logging_mixin.py:115} INFO - [2022-10-03T01:47:46.455+0000] {dag.py:2429} INFO - Sync 1 DAGs
[2022-10-03T01:47:46.590+0000] {logging_mixin.py:115} INFO - [2022-10-03T01:47:46.589+0000] {dag.py:2981} INFO - Setting next_dagrun for example_bash_operator to 2022-10-02T00:00:00+00:00, run_after=2022-10-03T00:00:00+00:00
[2022-10-03T01:47:46.605+0000] {processor.py:161} INFO - Processing /home/airflow/.local/lib/python3.7/site-packages/airflow/example_dags/example_bash_operator.py took 0.208 seconds
[2022-10-03T01:48:17.200+0000] {processor.py:153} INFO - Started process (PID=2072) to work on /home/airflow/.local/lib/python3.7/site-packages/airflow/example_dags/example_bash_operator.py
[2022-10-03T01:48:17.201+0000] {processor.py:640} INFO - Processing file /home/airflow/.local/lib/python3.7/site-packages/airflow/example_dags/example_bash_operator.py for tasks to queue
[2022-10-03T01:48:17.202+0000] {logging_mixin.py:115} INFO - [2022-10-03T01:48:17.202+0000] {dagbag.py:508} INFO - Filling up the DagBag from /home/airflow/.local/lib/python3.7/site-packages/airflow/example_dags/example_bash_operator.py
[2022-10-03T01:48:17.214+0000] {processor.py:650} INFO - DAG(s) dict_keys(['example_bash_operator']) retrieved from /home/airflow/.local/lib/python3.7/site-packages/airflow/example_dags/example_bash_operator.py
[2022-10-03T01:48:17.251+0000] {logging_mixin.py:115} INFO - [2022-10-03T01:48:17.251+0000] {dag.py:2429} INFO - Sync 1 DAGs
[2022-10-03T01:48:17.376+0000] {logging_mixin.py:115} INFO - [2022-10-03T01:48:17.376+0000] {dag.py:2981} INFO - Setting next_dagrun for example_bash_operator to 2022-10-02T00:00:00+00:00, run_after=2022-10-03T00:00:00+00:00
[2022-10-03T01:48:17.389+0000] {processor.py:161} INFO - Processing /home/airflow/.local/lib/python3.7/site-packages/airflow/example_dags/example_bash_operator.py took 0.192 seconds
[2022-10-03T01:48:47.990+0000] {processor.py:153} INFO - Started process (PID=2127) to work on /home/airflow/.local/lib/python3.7/site-packages/airflow/example_dags/example_bash_operator.py
[2022-10-03T01:48:47.991+0000] {processor.py:640} INFO - Processing file /home/airflow/.local/lib/python3.7/site-packages/airflow/example_dags/example_bash_operator.py for tasks to queue
[2022-10-03T01:48:47.992+0000] {logging_mixin.py:115} INFO - [2022-10-03T01:48:47.992+0000] {dagbag.py:508} INFO - Filling up the DagBag from /home/airflow/.local/lib/python3.7/site-packages/airflow/example_dags/example_bash_operator.py
[2022-10-03T01:48:48.002+0000] {processor.py:650} INFO - DAG(s) dict_keys(['example_bash_operator']) retrieved from /home/airflow/.local/lib/python3.7/site-packages/airflow/example_dags/example_bash_operator.py
[2022-10-03T01:48:48.040+0000] {logging_mixin.py:115} INFO - [2022-10-03T01:48:48.039+0000] {dag.py:2429} INFO - Sync 1 DAGs
[2022-10-03T01:48:48.161+0000] {logging_mixin.py:115} INFO - [2022-10-03T01:48:48.161+0000] {dag.py:2981} INFO - Setting next_dagrun for example_bash_operator to 2022-10-02T00:00:00+00:00, run_after=2022-10-03T00:00:00+00:00
[2022-10-03T01:48:48.176+0000] {processor.py:161} INFO - Processing /home/airflow/.local/lib/python3.7/site-packages/airflow/example_dags/example_bash_operator.py took 0.188 seconds
[2022-10-03T01:49:18.797+0000] {processor.py:153} INFO - Started process (PID=2182) to work on /home/airflow/.local/lib/python3.7/site-packages/airflow/example_dags/example_bash_operator.py
[2022-10-03T01:49:18.798+0000] {processor.py:640} INFO - Processing file /home/airflow/.local/lib/python3.7/site-packages/airflow/example_dags/example_bash_operator.py for tasks to queue
[2022-10-03T01:49:18.799+0000] {logging_mixin.py:115} INFO - [2022-10-03T01:49:18.799+0000] {dagbag.py:508} INFO - Filling up the DagBag from /home/airflow/.local/lib/python3.7/site-packages/airflow/example_dags/example_bash_operator.py
[2022-10-03T01:49:18.811+0000] {processor.py:650} INFO - DAG(s) dict_keys(['example_bash_operator']) retrieved from /home/airflow/.local/lib/python3.7/site-packages/airflow/example_dags/example_bash_operator.py
[2022-10-03T01:49:18.853+0000] {logging_mixin.py:115} INFO - [2022-10-03T01:49:18.853+0000] {dag.py:2429} INFO - Sync 1 DAGs
[2022-10-03T01:49:18.976+0000] {logging_mixin.py:115} INFO - [2022-10-03T01:49:18.975+0000] {dag.py:2981} INFO - Setting next_dagrun for example_bash_operator to 2022-10-02T00:00:00+00:00, run_after=2022-10-03T00:00:00+00:00
[2022-10-03T01:49:18.990+0000] {processor.py:161} INFO - Processing /home/airflow/.local/lib/python3.7/site-packages/airflow/example_dags/example_bash_operator.py took 0.195 seconds
[2022-10-03T01:52:33.221+0000] {processor.py:153} INFO - Started process (PID=73) to work on /home/airflow/.local/lib/python3.7/site-packages/airflow/example_dags/example_bash_operator.py
[2022-10-03T01:52:33.222+0000] {processor.py:640} INFO - Processing file /home/airflow/.local/lib/python3.7/site-packages/airflow/example_dags/example_bash_operator.py for tasks to queue
[2022-10-03T01:52:33.223+0000] {logging_mixin.py:115} INFO - [2022-10-03T01:52:33.223+0000] {dagbag.py:508} INFO - Filling up the DagBag from /home/airflow/.local/lib/python3.7/site-packages/airflow/example_dags/example_bash_operator.py
[2022-10-03T01:52:33.238+0000] {processor.py:650} INFO - DAG(s) dict_keys(['example_bash_operator']) retrieved from /home/airflow/.local/lib/python3.7/site-packages/airflow/example_dags/example_bash_operator.py
[2022-10-03T01:52:33.299+0000] {logging_mixin.py:115} INFO - [2022-10-03T01:52:33.299+0000] {dag.py:2429} INFO - Sync 1 DAGs
[2022-10-03T01:52:33.458+0000] {logging_mixin.py:115} INFO - [2022-10-03T01:52:33.457+0000] {dag.py:2981} INFO - Setting next_dagrun for example_bash_operator to 2022-10-02T00:00:00+00:00, run_after=2022-10-03T00:00:00+00:00
[2022-10-03T01:52:33.474+0000] {processor.py:161} INFO - Processing /home/airflow/.local/lib/python3.7/site-packages/airflow/example_dags/example_bash_operator.py took 0.256 seconds
[2022-10-03T01:53:04.367+0000] {processor.py:153} INFO - Started process (PID=129) to work on /home/airflow/.local/lib/python3.7/site-packages/airflow/example_dags/example_bash_operator.py
[2022-10-03T01:53:04.368+0000] {processor.py:640} INFO - Processing file /home/airflow/.local/lib/python3.7/site-packages/airflow/example_dags/example_bash_operator.py for tasks to queue
[2022-10-03T01:53:04.369+0000] {logging_mixin.py:115} INFO - [2022-10-03T01:53:04.369+0000] {dagbag.py:508} INFO - Filling up the DagBag from /home/airflow/.local/lib/python3.7/site-packages/airflow/example_dags/example_bash_operator.py
[2022-10-03T01:53:04.379+0000] {processor.py:650} INFO - DAG(s) dict_keys(['example_bash_operator']) retrieved from /home/airflow/.local/lib/python3.7/site-packages/airflow/example_dags/example_bash_operator.py
[2022-10-03T01:53:04.421+0000] {logging_mixin.py:115} INFO - [2022-10-03T01:53:04.421+0000] {dag.py:2429} INFO - Sync 1 DAGs
[2022-10-03T01:53:04.569+0000] {logging_mixin.py:115} INFO - [2022-10-03T01:53:04.568+0000] {dag.py:2981} INFO - Setting next_dagrun for example_bash_operator to 2022-10-02T00:00:00+00:00, run_after=2022-10-03T00:00:00+00:00
[2022-10-03T01:53:04.584+0000] {processor.py:161} INFO - Processing /home/airflow/.local/lib/python3.7/site-packages/airflow/example_dags/example_bash_operator.py took 0.220 seconds
[2022-10-03T01:53:35.156+0000] {processor.py:153} INFO - Started process (PID=184) to work on /home/airflow/.local/lib/python3.7/site-packages/airflow/example_dags/example_bash_operator.py
[2022-10-03T01:53:35.157+0000] {processor.py:640} INFO - Processing file /home/airflow/.local/lib/python3.7/site-packages/airflow/example_dags/example_bash_operator.py for tasks to queue
[2022-10-03T01:53:35.158+0000] {logging_mixin.py:115} INFO - [2022-10-03T01:53:35.158+0000] {dagbag.py:508} INFO - Filling up the DagBag from /home/airflow/.local/lib/python3.7/site-packages/airflow/example_dags/example_bash_operator.py
[2022-10-03T01:53:35.167+0000] {processor.py:650} INFO - DAG(s) dict_keys(['example_bash_operator']) retrieved from /home/airflow/.local/lib/python3.7/site-packages/airflow/example_dags/example_bash_operator.py
[2022-10-03T01:53:35.197+0000] {logging_mixin.py:115} INFO - [2022-10-03T01:53:35.196+0000] {dag.py:2429} INFO - Sync 1 DAGs
[2022-10-03T01:53:35.319+0000] {logging_mixin.py:115} INFO - [2022-10-03T01:53:35.319+0000] {dag.py:2981} INFO - Setting next_dagrun for example_bash_operator to 2022-10-02T00:00:00+00:00, run_after=2022-10-03T00:00:00+00:00
[2022-10-03T01:53:35.333+0000] {processor.py:161} INFO - Processing /home/airflow/.local/lib/python3.7/site-packages/airflow/example_dags/example_bash_operator.py took 0.179 seconds
[2022-10-03T01:54:06.015+0000] {processor.py:153} INFO - Started process (PID=239) to work on /home/airflow/.local/lib/python3.7/site-packages/airflow/example_dags/example_bash_operator.py
[2022-10-03T01:54:06.016+0000] {processor.py:640} INFO - Processing file /home/airflow/.local/lib/python3.7/site-packages/airflow/example_dags/example_bash_operator.py for tasks to queue
[2022-10-03T01:54:06.016+0000] {logging_mixin.py:115} INFO - [2022-10-03T01:54:06.016+0000] {dagbag.py:508} INFO - Filling up the DagBag from /home/airflow/.local/lib/python3.7/site-packages/airflow/example_dags/example_bash_operator.py
[2022-10-03T01:54:06.027+0000] {processor.py:650} INFO - DAG(s) dict_keys(['example_bash_operator']) retrieved from /home/airflow/.local/lib/python3.7/site-packages/airflow/example_dags/example_bash_operator.py
[2022-10-03T01:54:06.066+0000] {logging_mixin.py:115} INFO - [2022-10-03T01:54:06.066+0000] {dag.py:2429} INFO - Sync 1 DAGs
[2022-10-03T01:54:06.198+0000] {logging_mixin.py:115} INFO - [2022-10-03T01:54:06.198+0000] {dag.py:2981} INFO - Setting next_dagrun for example_bash_operator to 2022-10-02T00:00:00+00:00, run_after=2022-10-03T00:00:00+00:00
[2022-10-03T01:54:06.219+0000] {processor.py:161} INFO - Processing /home/airflow/.local/lib/python3.7/site-packages/airflow/example_dags/example_bash_operator.py took 0.207 seconds
[2022-10-03T01:54:37.112+0000] {processor.py:153} INFO - Started process (PID=295) to work on /home/airflow/.local/lib/python3.7/site-packages/airflow/example_dags/example_bash_operator.py
[2022-10-03T01:54:37.113+0000] {processor.py:640} INFO - Processing file /home/airflow/.local/lib/python3.7/site-packages/airflow/example_dags/example_bash_operator.py for tasks to queue
[2022-10-03T01:54:37.115+0000] {logging_mixin.py:115} INFO - [2022-10-03T01:54:37.114+0000] {dagbag.py:508} INFO - Filling up the DagBag from /home/airflow/.local/lib/python3.7/site-packages/airflow/example_dags/example_bash_operator.py
[2022-10-03T01:54:37.131+0000] {processor.py:650} INFO - DAG(s) dict_keys(['example_bash_operator']) retrieved from /home/airflow/.local/lib/python3.7/site-packages/airflow/example_dags/example_bash_operator.py
[2022-10-03T01:54:37.184+0000] {logging_mixin.py:115} INFO - [2022-10-03T01:54:37.183+0000] {dag.py:2429} INFO - Sync 1 DAGs
[2022-10-03T01:54:37.326+0000] {logging_mixin.py:115} INFO - [2022-10-03T01:54:37.326+0000] {dag.py:2981} INFO - Setting next_dagrun for example_bash_operator to 2022-10-02T00:00:00+00:00, run_after=2022-10-03T00:00:00+00:00
[2022-10-03T01:54:37.343+0000] {processor.py:161} INFO - Processing /home/airflow/.local/lib/python3.7/site-packages/airflow/example_dags/example_bash_operator.py took 0.233 seconds
[2022-10-03T01:55:07.423+0000] {processor.py:153} INFO - Started process (PID=349) to work on /home/airflow/.local/lib/python3.7/site-packages/airflow/example_dags/example_bash_operator.py
[2022-10-03T01:55:07.424+0000] {processor.py:640} INFO - Processing file /home/airflow/.local/lib/python3.7/site-packages/airflow/example_dags/example_bash_operator.py for tasks to queue
[2022-10-03T01:55:07.425+0000] {logging_mixin.py:115} INFO - [2022-10-03T01:55:07.425+0000] {dagbag.py:508} INFO - Filling up the DagBag from /home/airflow/.local/lib/python3.7/site-packages/airflow/example_dags/example_bash_operator.py
[2022-10-03T01:55:07.438+0000] {processor.py:650} INFO - DAG(s) dict_keys(['example_bash_operator']) retrieved from /home/airflow/.local/lib/python3.7/site-packages/airflow/example_dags/example_bash_operator.py
[2022-10-03T01:55:07.477+0000] {logging_mixin.py:115} INFO - [2022-10-03T01:55:07.476+0000] {dag.py:2429} INFO - Sync 1 DAGs
[2022-10-03T01:55:07.623+0000] {logging_mixin.py:115} INFO - [2022-10-03T01:55:07.623+0000] {dag.py:2981} INFO - Setting next_dagrun for example_bash_operator to 2022-10-02T00:00:00+00:00, run_after=2022-10-03T00:00:00+00:00
[2022-10-03T01:55:07.638+0000] {processor.py:161} INFO - Processing /home/airflow/.local/lib/python3.7/site-packages/airflow/example_dags/example_bash_operator.py took 0.217 seconds
[2022-10-03T01:55:38.212+0000] {processor.py:153} INFO - Started process (PID=405) to work on /home/airflow/.local/lib/python3.7/site-packages/airflow/example_dags/example_bash_operator.py
[2022-10-03T01:55:38.213+0000] {processor.py:640} INFO - Processing file /home/airflow/.local/lib/python3.7/site-packages/airflow/example_dags/example_bash_operator.py for tasks to queue
[2022-10-03T01:55:38.214+0000] {logging_mixin.py:115} INFO - [2022-10-03T01:55:38.213+0000] {dagbag.py:508} INFO - Filling up the DagBag from /home/airflow/.local/lib/python3.7/site-packages/airflow/example_dags/example_bash_operator.py
[2022-10-03T01:55:38.224+0000] {processor.py:650} INFO - DAG(s) dict_keys(['example_bash_operator']) retrieved from /home/airflow/.local/lib/python3.7/site-packages/airflow/example_dags/example_bash_operator.py
[2022-10-03T01:55:38.256+0000] {logging_mixin.py:115} INFO - [2022-10-03T01:55:38.256+0000] {dag.py:2429} INFO - Sync 1 DAGs
[2022-10-03T01:55:38.380+0000] {logging_mixin.py:115} INFO - [2022-10-03T01:55:38.379+0000] {dag.py:2981} INFO - Setting next_dagrun for example_bash_operator to 2022-10-02T00:00:00+00:00, run_after=2022-10-03T00:00:00+00:00
[2022-10-03T01:55:38.393+0000] {processor.py:161} INFO - Processing /home/airflow/.local/lib/python3.7/site-packages/airflow/example_dags/example_bash_operator.py took 0.184 seconds
[2022-10-03T01:56:08.736+0000] {processor.py:153} INFO - Started process (PID=460) to work on /home/airflow/.local/lib/python3.7/site-packages/airflow/example_dags/example_bash_operator.py
[2022-10-03T01:56:08.737+0000] {processor.py:640} INFO - Processing file /home/airflow/.local/lib/python3.7/site-packages/airflow/example_dags/example_bash_operator.py for tasks to queue
[2022-10-03T01:56:08.738+0000] {logging_mixin.py:115} INFO - [2022-10-03T01:56:08.737+0000] {dagbag.py:508} INFO - Filling up the DagBag from /home/airflow/.local/lib/python3.7/site-packages/airflow/example_dags/example_bash_operator.py
[2022-10-03T01:56:08.748+0000] {processor.py:650} INFO - DAG(s) dict_keys(['example_bash_operator']) retrieved from /home/airflow/.local/lib/python3.7/site-packages/airflow/example_dags/example_bash_operator.py
[2022-10-03T01:56:08.781+0000] {logging_mixin.py:115} INFO - [2022-10-03T01:56:08.781+0000] {dag.py:2429} INFO - Sync 1 DAGs
[2022-10-03T01:56:08.900+0000] {logging_mixin.py:115} INFO - [2022-10-03T01:56:08.900+0000] {dag.py:2981} INFO - Setting next_dagrun for example_bash_operator to 2022-10-02T00:00:00+00:00, run_after=2022-10-03T00:00:00+00:00
[2022-10-03T01:56:08.913+0000] {processor.py:161} INFO - Processing /home/airflow/.local/lib/python3.7/site-packages/airflow/example_dags/example_bash_operator.py took 0.180 seconds
[2022-10-03T01:56:39.636+0000] {processor.py:153} INFO - Started process (PID=515) to work on /home/airflow/.local/lib/python3.7/site-packages/airflow/example_dags/example_bash_operator.py
[2022-10-03T01:56:39.637+0000] {processor.py:640} INFO - Processing file /home/airflow/.local/lib/python3.7/site-packages/airflow/example_dags/example_bash_operator.py for tasks to queue
[2022-10-03T01:56:39.638+0000] {logging_mixin.py:115} INFO - [2022-10-03T01:56:39.637+0000] {dagbag.py:508} INFO - Filling up the DagBag from /home/airflow/.local/lib/python3.7/site-packages/airflow/example_dags/example_bash_operator.py
[2022-10-03T01:56:39.649+0000] {processor.py:650} INFO - DAG(s) dict_keys(['example_bash_operator']) retrieved from /home/airflow/.local/lib/python3.7/site-packages/airflow/example_dags/example_bash_operator.py
[2022-10-03T01:56:39.681+0000] {logging_mixin.py:115} INFO - [2022-10-03T01:56:39.681+0000] {dag.py:2429} INFO - Sync 1 DAGs
[2022-10-03T01:56:39.807+0000] {logging_mixin.py:115} INFO - [2022-10-03T01:56:39.807+0000] {dag.py:2981} INFO - Setting next_dagrun for example_bash_operator to 2022-10-02T00:00:00+00:00, run_after=2022-10-03T00:00:00+00:00
[2022-10-03T01:56:39.821+0000] {processor.py:161} INFO - Processing /home/airflow/.local/lib/python3.7/site-packages/airflow/example_dags/example_bash_operator.py took 0.188 seconds
[2022-10-03T01:57:10.086+0000] {processor.py:153} INFO - Started process (PID=570) to work on /home/airflow/.local/lib/python3.7/site-packages/airflow/example_dags/example_bash_operator.py
[2022-10-03T01:57:10.087+0000] {processor.py:640} INFO - Processing file /home/airflow/.local/lib/python3.7/site-packages/airflow/example_dags/example_bash_operator.py for tasks to queue
[2022-10-03T01:57:10.088+0000] {logging_mixin.py:115} INFO - [2022-10-03T01:57:10.088+0000] {dagbag.py:508} INFO - Filling up the DagBag from /home/airflow/.local/lib/python3.7/site-packages/airflow/example_dags/example_bash_operator.py
[2022-10-03T01:57:10.099+0000] {processor.py:650} INFO - DAG(s) dict_keys(['example_bash_operator']) retrieved from /home/airflow/.local/lib/python3.7/site-packages/airflow/example_dags/example_bash_operator.py
[2022-10-03T01:57:10.133+0000] {logging_mixin.py:115} INFO - [2022-10-03T01:57:10.133+0000] {dag.py:2429} INFO - Sync 1 DAGs
[2022-10-03T01:57:10.259+0000] {logging_mixin.py:115} INFO - [2022-10-03T01:57:10.259+0000] {dag.py:2981} INFO - Setting next_dagrun for example_bash_operator to 2022-10-02T00:00:00+00:00, run_after=2022-10-03T00:00:00+00:00
[2022-10-03T01:57:10.273+0000] {processor.py:161} INFO - Processing /home/airflow/.local/lib/python3.7/site-packages/airflow/example_dags/example_bash_operator.py took 0.190 seconds
[2022-10-03T01:57:40.617+0000] {processor.py:153} INFO - Started process (PID=625) to work on /home/airflow/.local/lib/python3.7/site-packages/airflow/example_dags/example_bash_operator.py
[2022-10-03T01:57:40.618+0000] {processor.py:640} INFO - Processing file /home/airflow/.local/lib/python3.7/site-packages/airflow/example_dags/example_bash_operator.py for tasks to queue
[2022-10-03T01:57:40.619+0000] {logging_mixin.py:115} INFO - [2022-10-03T01:57:40.619+0000] {dagbag.py:508} INFO - Filling up the DagBag from /home/airflow/.local/lib/python3.7/site-packages/airflow/example_dags/example_bash_operator.py
[2022-10-03T01:57:40.628+0000] {processor.py:650} INFO - DAG(s) dict_keys(['example_bash_operator']) retrieved from /home/airflow/.local/lib/python3.7/site-packages/airflow/example_dags/example_bash_operator.py
[2022-10-03T01:57:40.659+0000] {logging_mixin.py:115} INFO - [2022-10-03T01:57:40.658+0000] {dag.py:2429} INFO - Sync 1 DAGs
[2022-10-03T01:57:40.795+0000] {logging_mixin.py:115} INFO - [2022-10-03T01:57:40.795+0000] {dag.py:2981} INFO - Setting next_dagrun for example_bash_operator to 2022-10-02T00:00:00+00:00, run_after=2022-10-03T00:00:00+00:00
[2022-10-03T01:57:40.809+0000] {processor.py:161} INFO - Processing /home/airflow/.local/lib/python3.7/site-packages/airflow/example_dags/example_bash_operator.py took 0.194 seconds
[2022-10-03T01:58:11.355+0000] {processor.py:153} INFO - Started process (PID=680) to work on /home/airflow/.local/lib/python3.7/site-packages/airflow/example_dags/example_bash_operator.py
[2022-10-03T01:58:11.356+0000] {processor.py:640} INFO - Processing file /home/airflow/.local/lib/python3.7/site-packages/airflow/example_dags/example_bash_operator.py for tasks to queue
[2022-10-03T01:58:11.357+0000] {logging_mixin.py:115} INFO - [2022-10-03T01:58:11.357+0000] {dagbag.py:508} INFO - Filling up the DagBag from /home/airflow/.local/lib/python3.7/site-packages/airflow/example_dags/example_bash_operator.py
[2022-10-03T01:58:11.366+0000] {processor.py:650} INFO - DAG(s) dict_keys(['example_bash_operator']) retrieved from /home/airflow/.local/lib/python3.7/site-packages/airflow/example_dags/example_bash_operator.py
[2022-10-03T01:58:11.400+0000] {logging_mixin.py:115} INFO - [2022-10-03T01:58:11.400+0000] {dag.py:2429} INFO - Sync 1 DAGs
[2022-10-03T01:58:11.539+0000] {logging_mixin.py:115} INFO - [2022-10-03T01:58:11.539+0000] {dag.py:2981} INFO - Setting next_dagrun for example_bash_operator to 2022-10-02T00:00:00+00:00, run_after=2022-10-03T00:00:00+00:00
[2022-10-03T01:58:11.555+0000] {processor.py:161} INFO - Processing /home/airflow/.local/lib/python3.7/site-packages/airflow/example_dags/example_bash_operator.py took 0.202 seconds
[2022-10-03T01:58:41.758+0000] {processor.py:153} INFO - Started process (PID=735) to work on /home/airflow/.local/lib/python3.7/site-packages/airflow/example_dags/example_bash_operator.py
[2022-10-03T01:58:41.759+0000] {processor.py:640} INFO - Processing file /home/airflow/.local/lib/python3.7/site-packages/airflow/example_dags/example_bash_operator.py for tasks to queue
[2022-10-03T01:58:41.759+0000] {logging_mixin.py:115} INFO - [2022-10-03T01:58:41.759+0000] {dagbag.py:508} INFO - Filling up the DagBag from /home/airflow/.local/lib/python3.7/site-packages/airflow/example_dags/example_bash_operator.py
[2022-10-03T01:58:41.770+0000] {processor.py:650} INFO - DAG(s) dict_keys(['example_bash_operator']) retrieved from /home/airflow/.local/lib/python3.7/site-packages/airflow/example_dags/example_bash_operator.py
[2022-10-03T01:58:41.803+0000] {logging_mixin.py:115} INFO - [2022-10-03T01:58:41.803+0000] {dag.py:2429} INFO - Sync 1 DAGs
[2022-10-03T01:58:41.922+0000] {logging_mixin.py:115} INFO - [2022-10-03T01:58:41.922+0000] {dag.py:2981} INFO - Setting next_dagrun for example_bash_operator to 2022-10-02T00:00:00+00:00, run_after=2022-10-03T00:00:00+00:00
[2022-10-03T01:58:41.942+0000] {processor.py:161} INFO - Processing /home/airflow/.local/lib/python3.7/site-packages/airflow/example_dags/example_bash_operator.py took 0.187 seconds
[2022-10-03T01:59:12.467+0000] {processor.py:153} INFO - Started process (PID=790) to work on /home/airflow/.local/lib/python3.7/site-packages/airflow/example_dags/example_bash_operator.py
[2022-10-03T01:59:12.468+0000] {processor.py:640} INFO - Processing file /home/airflow/.local/lib/python3.7/site-packages/airflow/example_dags/example_bash_operator.py for tasks to queue
[2022-10-03T01:59:12.468+0000] {logging_mixin.py:115} INFO - [2022-10-03T01:59:12.468+0000] {dagbag.py:508} INFO - Filling up the DagBag from /home/airflow/.local/lib/python3.7/site-packages/airflow/example_dags/example_bash_operator.py
[2022-10-03T01:59:12.479+0000] {processor.py:650} INFO - DAG(s) dict_keys(['example_bash_operator']) retrieved from /home/airflow/.local/lib/python3.7/site-packages/airflow/example_dags/example_bash_operator.py
[2022-10-03T01:59:12.512+0000] {logging_mixin.py:115} INFO - [2022-10-03T01:59:12.511+0000] {dag.py:2429} INFO - Sync 1 DAGs
[2022-10-03T01:59:12.670+0000] {logging_mixin.py:115} INFO - [2022-10-03T01:59:12.670+0000] {dag.py:2981} INFO - Setting next_dagrun for example_bash_operator to 2022-10-02T00:00:00+00:00, run_after=2022-10-03T00:00:00+00:00
[2022-10-03T01:59:12.693+0000] {processor.py:161} INFO - Processing /home/airflow/.local/lib/python3.7/site-packages/airflow/example_dags/example_bash_operator.py took 0.229 seconds
[2022-10-03T01:59:43.196+0000] {processor.py:153} INFO - Started process (PID=853) to work on /home/airflow/.local/lib/python3.7/site-packages/airflow/example_dags/example_bash_operator.py
[2022-10-03T01:59:43.197+0000] {processor.py:640} INFO - Processing file /home/airflow/.local/lib/python3.7/site-packages/airflow/example_dags/example_bash_operator.py for tasks to queue
[2022-10-03T01:59:43.198+0000] {logging_mixin.py:115} INFO - [2022-10-03T01:59:43.198+0000] {dagbag.py:508} INFO - Filling up the DagBag from /home/airflow/.local/lib/python3.7/site-packages/airflow/example_dags/example_bash_operator.py
[2022-10-03T01:59:43.207+0000] {processor.py:650} INFO - DAG(s) dict_keys(['example_bash_operator']) retrieved from /home/airflow/.local/lib/python3.7/site-packages/airflow/example_dags/example_bash_operator.py
[2022-10-03T01:59:43.238+0000] {logging_mixin.py:115} INFO - [2022-10-03T01:59:43.238+0000] {dag.py:2429} INFO - Sync 1 DAGs
[2022-10-03T01:59:43.369+0000] {logging_mixin.py:115} INFO - [2022-10-03T01:59:43.368+0000] {dag.py:2981} INFO - Setting next_dagrun for example_bash_operator to 2022-10-02T00:00:00+00:00, run_after=2022-10-03T00:00:00+00:00
[2022-10-03T01:59:43.383+0000] {processor.py:161} INFO - Processing /home/airflow/.local/lib/python3.7/site-packages/airflow/example_dags/example_bash_operator.py took 0.189 seconds
