[2022-10-03T01:29:47.355+0000] {processor.py:153} INFO - Started process (PID=61) to work on /home/airflow/.local/lib/python3.7/site-packages/airflow/example_dags/example_skip_dag.py
[2022-10-03T01:29:47.356+0000] {processor.py:640} INFO - Processing file /home/airflow/.local/lib/python3.7/site-packages/airflow/example_dags/example_skip_dag.py for tasks to queue
[2022-10-03T01:29:47.359+0000] {logging_mixin.py:115} INFO - [2022-10-03T01:29:47.359+0000] {dagbag.py:508} INFO - Filling up the DagBag from /home/airflow/.local/lib/python3.7/site-packages/airflow/example_dags/example_skip_dag.py
[2022-10-03T01:29:47.372+0000] {processor.py:650} INFO - DAG(s) dict_keys(['example_skip_dag']) retrieved from /home/airflow/.local/lib/python3.7/site-packages/airflow/example_dags/example_skip_dag.py
[2022-10-03T01:29:47.670+0000] {logging_mixin.py:115} INFO - [2022-10-03T01:29:47.670+0000] {manager.py:508} INFO - Created Permission View: can edit on DAG:example_skip_dag
[2022-10-03T01:29:47.690+0000] {logging_mixin.py:115} INFO - [2022-10-03T01:29:47.690+0000] {manager.py:508} INFO - Created Permission View: can read on DAG:example_skip_dag
[2022-10-03T01:29:47.706+0000] {logging_mixin.py:115} INFO - [2022-10-03T01:29:47.706+0000] {manager.py:508} INFO - Created Permission View: can delete on DAG:example_skip_dag
[2022-10-03T01:29:47.707+0000] {logging_mixin.py:115} INFO - [2022-10-03T01:29:47.706+0000] {dag.py:2429} INFO - Sync 1 DAGs
[2022-10-03T01:29:47.719+0000] {logging_mixin.py:115} INFO - [2022-10-03T01:29:47.719+0000] {dag.py:2448} INFO - Creating ORM DAG for example_skip_dag
[2022-10-03T01:29:47.741+0000] {logging_mixin.py:115} INFO - [2022-10-03T01:29:47.741+0000] {dag.py:2981} INFO - Setting next_dagrun for example_skip_dag to 2022-10-02T01:29:47.741016+00:00, run_after=2022-10-03T01:29:47.741016+00:00
[2022-10-03T01:29:47.763+0000] {processor.py:161} INFO - Processing /home/airflow/.local/lib/python3.7/site-packages/airflow/example_dags/example_skip_dag.py took 0.414 seconds
[2022-10-03T01:30:18.576+0000] {processor.py:153} INFO - Started process (PID=116) to work on /home/airflow/.local/lib/python3.7/site-packages/airflow/example_dags/example_skip_dag.py
[2022-10-03T01:30:18.577+0000] {processor.py:640} INFO - Processing file /home/airflow/.local/lib/python3.7/site-packages/airflow/example_dags/example_skip_dag.py for tasks to queue
[2022-10-03T01:30:18.578+0000] {logging_mixin.py:115} INFO - [2022-10-03T01:30:18.578+0000] {dagbag.py:508} INFO - Filling up the DagBag from /home/airflow/.local/lib/python3.7/site-packages/airflow/example_dags/example_skip_dag.py
[2022-10-03T01:30:18.583+0000] {processor.py:650} INFO - DAG(s) dict_keys(['example_skip_dag']) retrieved from /home/airflow/.local/lib/python3.7/site-packages/airflow/example_dags/example_skip_dag.py
[2022-10-03T01:30:18.613+0000] {logging_mixin.py:115} INFO - [2022-10-03T01:30:18.613+0000] {dag.py:2429} INFO - Sync 1 DAGs
[2022-10-03T01:30:18.728+0000] {logging_mixin.py:115} INFO - [2022-10-03T01:30:18.727+0000] {dag.py:2981} INFO - Setting next_dagrun for example_skip_dag to 2022-10-02T01:30:18.727762+00:00, run_after=2022-10-03T01:30:18.727762+00:00
[2022-10-03T01:30:18.740+0000] {processor.py:161} INFO - Processing /home/airflow/.local/lib/python3.7/site-packages/airflow/example_dags/example_skip_dag.py took 0.167 seconds
[2022-10-03T01:30:49.268+0000] {processor.py:153} INFO - Started process (PID=171) to work on /home/airflow/.local/lib/python3.7/site-packages/airflow/example_dags/example_skip_dag.py
[2022-10-03T01:30:49.269+0000] {processor.py:640} INFO - Processing file /home/airflow/.local/lib/python3.7/site-packages/airflow/example_dags/example_skip_dag.py for tasks to queue
[2022-10-03T01:30:49.270+0000] {logging_mixin.py:115} INFO - [2022-10-03T01:30:49.270+0000] {dagbag.py:508} INFO - Filling up the DagBag from /home/airflow/.local/lib/python3.7/site-packages/airflow/example_dags/example_skip_dag.py
[2022-10-03T01:30:49.275+0000] {processor.py:650} INFO - DAG(s) dict_keys(['example_skip_dag']) retrieved from /home/airflow/.local/lib/python3.7/site-packages/airflow/example_dags/example_skip_dag.py
[2022-10-03T01:30:49.301+0000] {logging_mixin.py:115} INFO - [2022-10-03T01:30:49.301+0000] {dag.py:2429} INFO - Sync 1 DAGs
[2022-10-03T01:30:49.446+0000] {logging_mixin.py:115} INFO - [2022-10-03T01:30:49.446+0000] {dag.py:2981} INFO - Setting next_dagrun for example_skip_dag to 2022-10-02T01:30:49.446303+00:00, run_after=2022-10-03T01:30:49.446303+00:00
[2022-10-03T01:30:49.459+0000] {processor.py:161} INFO - Processing /home/airflow/.local/lib/python3.7/site-packages/airflow/example_dags/example_skip_dag.py took 0.194 seconds
[2022-10-03T01:31:19.998+0000] {processor.py:153} INFO - Started process (PID=226) to work on /home/airflow/.local/lib/python3.7/site-packages/airflow/example_dags/example_skip_dag.py
[2022-10-03T01:31:19.999+0000] {processor.py:640} INFO - Processing file /home/airflow/.local/lib/python3.7/site-packages/airflow/example_dags/example_skip_dag.py for tasks to queue
[2022-10-03T01:31:20.000+0000] {logging_mixin.py:115} INFO - [2022-10-03T01:31:20.000+0000] {dagbag.py:508} INFO - Filling up the DagBag from /home/airflow/.local/lib/python3.7/site-packages/airflow/example_dags/example_skip_dag.py
[2022-10-03T01:31:20.005+0000] {processor.py:650} INFO - DAG(s) dict_keys(['example_skip_dag']) retrieved from /home/airflow/.local/lib/python3.7/site-packages/airflow/example_dags/example_skip_dag.py
[2022-10-03T01:31:20.033+0000] {logging_mixin.py:115} INFO - [2022-10-03T01:31:20.032+0000] {dag.py:2429} INFO - Sync 1 DAGs
[2022-10-03T01:31:20.173+0000] {logging_mixin.py:115} INFO - [2022-10-03T01:31:20.173+0000] {dag.py:2981} INFO - Setting next_dagrun for example_skip_dag to 2022-10-02T01:31:20.172952+00:00, run_after=2022-10-03T01:31:20.172952+00:00
[2022-10-03T01:31:20.187+0000] {processor.py:161} INFO - Processing /home/airflow/.local/lib/python3.7/site-packages/airflow/example_dags/example_skip_dag.py took 0.191 seconds
[2022-10-03T01:31:50.741+0000] {processor.py:153} INFO - Started process (PID=282) to work on /home/airflow/.local/lib/python3.7/site-packages/airflow/example_dags/example_skip_dag.py
[2022-10-03T01:31:50.742+0000] {processor.py:640} INFO - Processing file /home/airflow/.local/lib/python3.7/site-packages/airflow/example_dags/example_skip_dag.py for tasks to queue
[2022-10-03T01:31:50.743+0000] {logging_mixin.py:115} INFO - [2022-10-03T01:31:50.743+0000] {dagbag.py:508} INFO - Filling up the DagBag from /home/airflow/.local/lib/python3.7/site-packages/airflow/example_dags/example_skip_dag.py
[2022-10-03T01:31:50.748+0000] {processor.py:650} INFO - DAG(s) dict_keys(['example_skip_dag']) retrieved from /home/airflow/.local/lib/python3.7/site-packages/airflow/example_dags/example_skip_dag.py
[2022-10-03T01:31:50.774+0000] {logging_mixin.py:115} INFO - [2022-10-03T01:31:50.773+0000] {dag.py:2429} INFO - Sync 1 DAGs
[2022-10-03T01:31:50.892+0000] {logging_mixin.py:115} INFO - [2022-10-03T01:31:50.891+0000] {dag.py:2981} INFO - Setting next_dagrun for example_skip_dag to 2022-10-02T01:31:50.891702+00:00, run_after=2022-10-03T01:31:50.891702+00:00
[2022-10-03T01:31:50.905+0000] {processor.py:161} INFO - Processing /home/airflow/.local/lib/python3.7/site-packages/airflow/example_dags/example_skip_dag.py took 0.167 seconds
[2022-10-03T01:32:21.458+0000] {processor.py:153} INFO - Started process (PID=337) to work on /home/airflow/.local/lib/python3.7/site-packages/airflow/example_dags/example_skip_dag.py
[2022-10-03T01:32:21.459+0000] {processor.py:640} INFO - Processing file /home/airflow/.local/lib/python3.7/site-packages/airflow/example_dags/example_skip_dag.py for tasks to queue
[2022-10-03T01:32:21.460+0000] {logging_mixin.py:115} INFO - [2022-10-03T01:32:21.460+0000] {dagbag.py:508} INFO - Filling up the DagBag from /home/airflow/.local/lib/python3.7/site-packages/airflow/example_dags/example_skip_dag.py
[2022-10-03T01:32:21.467+0000] {processor.py:650} INFO - DAG(s) dict_keys(['example_skip_dag']) retrieved from /home/airflow/.local/lib/python3.7/site-packages/airflow/example_dags/example_skip_dag.py
[2022-10-03T01:32:21.500+0000] {logging_mixin.py:115} INFO - [2022-10-03T01:32:21.500+0000] {dag.py:2429} INFO - Sync 1 DAGs
[2022-10-03T01:32:21.632+0000] {logging_mixin.py:115} INFO - [2022-10-03T01:32:21.632+0000] {dag.py:2981} INFO - Setting next_dagrun for example_skip_dag to 2022-10-02T01:32:21.632330+00:00, run_after=2022-10-03T01:32:21.632330+00:00
[2022-10-03T01:32:21.645+0000] {processor.py:161} INFO - Processing /home/airflow/.local/lib/python3.7/site-packages/airflow/example_dags/example_skip_dag.py took 0.190 seconds
[2022-10-03T01:32:52.392+0000] {processor.py:153} INFO - Started process (PID=392) to work on /home/airflow/.local/lib/python3.7/site-packages/airflow/example_dags/example_skip_dag.py
[2022-10-03T01:32:52.393+0000] {processor.py:640} INFO - Processing file /home/airflow/.local/lib/python3.7/site-packages/airflow/example_dags/example_skip_dag.py for tasks to queue
[2022-10-03T01:32:52.394+0000] {logging_mixin.py:115} INFO - [2022-10-03T01:32:52.394+0000] {dagbag.py:508} INFO - Filling up the DagBag from /home/airflow/.local/lib/python3.7/site-packages/airflow/example_dags/example_skip_dag.py
[2022-10-03T01:32:52.399+0000] {processor.py:650} INFO - DAG(s) dict_keys(['example_skip_dag']) retrieved from /home/airflow/.local/lib/python3.7/site-packages/airflow/example_dags/example_skip_dag.py
[2022-10-03T01:32:52.426+0000] {logging_mixin.py:115} INFO - [2022-10-03T01:32:52.426+0000] {dag.py:2429} INFO - Sync 1 DAGs
[2022-10-03T01:32:52.542+0000] {logging_mixin.py:115} INFO - [2022-10-03T01:32:52.542+0000] {dag.py:2981} INFO - Setting next_dagrun for example_skip_dag to 2022-10-02T01:32:52.542353+00:00, run_after=2022-10-03T01:32:52.542353+00:00
[2022-10-03T01:32:52.555+0000] {processor.py:161} INFO - Processing /home/airflow/.local/lib/python3.7/site-packages/airflow/example_dags/example_skip_dag.py took 0.165 seconds
[2022-10-03T01:33:23.153+0000] {processor.py:153} INFO - Started process (PID=447) to work on /home/airflow/.local/lib/python3.7/site-packages/airflow/example_dags/example_skip_dag.py
[2022-10-03T01:33:23.154+0000] {processor.py:640} INFO - Processing file /home/airflow/.local/lib/python3.7/site-packages/airflow/example_dags/example_skip_dag.py for tasks to queue
[2022-10-03T01:33:23.155+0000] {logging_mixin.py:115} INFO - [2022-10-03T01:33:23.155+0000] {dagbag.py:508} INFO - Filling up the DagBag from /home/airflow/.local/lib/python3.7/site-packages/airflow/example_dags/example_skip_dag.py
[2022-10-03T01:33:23.162+0000] {processor.py:650} INFO - DAG(s) dict_keys(['example_skip_dag']) retrieved from /home/airflow/.local/lib/python3.7/site-packages/airflow/example_dags/example_skip_dag.py
[2022-10-03T01:33:23.187+0000] {logging_mixin.py:115} INFO - [2022-10-03T01:33:23.186+0000] {dag.py:2429} INFO - Sync 1 DAGs
[2022-10-03T01:33:23.306+0000] {logging_mixin.py:115} INFO - [2022-10-03T01:33:23.306+0000] {dag.py:2981} INFO - Setting next_dagrun for example_skip_dag to 2022-10-02T01:33:23.306513+00:00, run_after=2022-10-03T01:33:23.306513+00:00
[2022-10-03T01:33:23.320+0000] {processor.py:161} INFO - Processing /home/airflow/.local/lib/python3.7/site-packages/airflow/example_dags/example_skip_dag.py took 0.170 seconds
[2022-10-03T01:33:53.890+0000] {processor.py:153} INFO - Started process (PID=502) to work on /home/airflow/.local/lib/python3.7/site-packages/airflow/example_dags/example_skip_dag.py
[2022-10-03T01:33:53.890+0000] {processor.py:640} INFO - Processing file /home/airflow/.local/lib/python3.7/site-packages/airflow/example_dags/example_skip_dag.py for tasks to queue
[2022-10-03T01:33:53.891+0000] {logging_mixin.py:115} INFO - [2022-10-03T01:33:53.891+0000] {dagbag.py:508} INFO - Filling up the DagBag from /home/airflow/.local/lib/python3.7/site-packages/airflow/example_dags/example_skip_dag.py
[2022-10-03T01:33:53.896+0000] {processor.py:650} INFO - DAG(s) dict_keys(['example_skip_dag']) retrieved from /home/airflow/.local/lib/python3.7/site-packages/airflow/example_dags/example_skip_dag.py
[2022-10-03T01:33:53.930+0000] {logging_mixin.py:115} INFO - [2022-10-03T01:33:53.929+0000] {dag.py:2429} INFO - Sync 1 DAGs
[2022-10-03T01:33:54.052+0000] {logging_mixin.py:115} INFO - [2022-10-03T01:33:54.052+0000] {dag.py:2981} INFO - Setting next_dagrun for example_skip_dag to 2022-10-02T01:33:54.051970+00:00, run_after=2022-10-03T01:33:54.051970+00:00
[2022-10-03T01:33:54.071+0000] {processor.py:161} INFO - Processing /home/airflow/.local/lib/python3.7/site-packages/airflow/example_dags/example_skip_dag.py took 0.183 seconds
[2022-10-03T01:34:24.632+0000] {processor.py:153} INFO - Started process (PID=557) to work on /home/airflow/.local/lib/python3.7/site-packages/airflow/example_dags/example_skip_dag.py
[2022-10-03T01:34:24.633+0000] {processor.py:640} INFO - Processing file /home/airflow/.local/lib/python3.7/site-packages/airflow/example_dags/example_skip_dag.py for tasks to queue
[2022-10-03T01:34:24.634+0000] {logging_mixin.py:115} INFO - [2022-10-03T01:34:24.634+0000] {dagbag.py:508} INFO - Filling up the DagBag from /home/airflow/.local/lib/python3.7/site-packages/airflow/example_dags/example_skip_dag.py
[2022-10-03T01:34:24.639+0000] {processor.py:650} INFO - DAG(s) dict_keys(['example_skip_dag']) retrieved from /home/airflow/.local/lib/python3.7/site-packages/airflow/example_dags/example_skip_dag.py
[2022-10-03T01:34:24.669+0000] {logging_mixin.py:115} INFO - [2022-10-03T01:34:24.668+0000] {dag.py:2429} INFO - Sync 1 DAGs
[2022-10-03T01:34:24.791+0000] {logging_mixin.py:115} INFO - [2022-10-03T01:34:24.791+0000] {dag.py:2981} INFO - Setting next_dagrun for example_skip_dag to 2022-10-02T01:34:24.791283+00:00, run_after=2022-10-03T01:34:24.791283+00:00
[2022-10-03T01:34:24.806+0000] {processor.py:161} INFO - Processing /home/airflow/.local/lib/python3.7/site-packages/airflow/example_dags/example_skip_dag.py took 0.177 seconds
[2022-10-03T01:34:55.275+0000] {processor.py:153} INFO - Started process (PID=612) to work on /home/airflow/.local/lib/python3.7/site-packages/airflow/example_dags/example_skip_dag.py
[2022-10-03T01:34:55.276+0000] {processor.py:640} INFO - Processing file /home/airflow/.local/lib/python3.7/site-packages/airflow/example_dags/example_skip_dag.py for tasks to queue
[2022-10-03T01:34:55.277+0000] {logging_mixin.py:115} INFO - [2022-10-03T01:34:55.276+0000] {dagbag.py:508} INFO - Filling up the DagBag from /home/airflow/.local/lib/python3.7/site-packages/airflow/example_dags/example_skip_dag.py
[2022-10-03T01:34:55.281+0000] {processor.py:650} INFO - DAG(s) dict_keys(['example_skip_dag']) retrieved from /home/airflow/.local/lib/python3.7/site-packages/airflow/example_dags/example_skip_dag.py
[2022-10-03T01:34:55.311+0000] {logging_mixin.py:115} INFO - [2022-10-03T01:34:55.311+0000] {dag.py:2429} INFO - Sync 1 DAGs
[2022-10-03T01:34:55.444+0000] {logging_mixin.py:115} INFO - [2022-10-03T01:34:55.444+0000] {dag.py:2981} INFO - Setting next_dagrun for example_skip_dag to 2022-10-02T01:34:55.443836+00:00, run_after=2022-10-03T01:34:55.443836+00:00
[2022-10-03T01:34:55.458+0000] {processor.py:161} INFO - Processing /home/airflow/.local/lib/python3.7/site-packages/airflow/example_dags/example_skip_dag.py took 0.186 seconds
[2022-10-03T01:35:25.982+0000] {processor.py:153} INFO - Started process (PID=667) to work on /home/airflow/.local/lib/python3.7/site-packages/airflow/example_dags/example_skip_dag.py
[2022-10-03T01:35:25.983+0000] {processor.py:640} INFO - Processing file /home/airflow/.local/lib/python3.7/site-packages/airflow/example_dags/example_skip_dag.py for tasks to queue
[2022-10-03T01:35:25.984+0000] {logging_mixin.py:115} INFO - [2022-10-03T01:35:25.984+0000] {dagbag.py:508} INFO - Filling up the DagBag from /home/airflow/.local/lib/python3.7/site-packages/airflow/example_dags/example_skip_dag.py
[2022-10-03T01:35:25.988+0000] {processor.py:650} INFO - DAG(s) dict_keys(['example_skip_dag']) retrieved from /home/airflow/.local/lib/python3.7/site-packages/airflow/example_dags/example_skip_dag.py
[2022-10-03T01:35:26.016+0000] {logging_mixin.py:115} INFO - [2022-10-03T01:35:26.015+0000] {dag.py:2429} INFO - Sync 1 DAGs
[2022-10-03T01:35:26.135+0000] {logging_mixin.py:115} INFO - [2022-10-03T01:35:26.135+0000] {dag.py:2981} INFO - Setting next_dagrun for example_skip_dag to 2022-10-02T01:35:26.134923+00:00, run_after=2022-10-03T01:35:26.134923+00:00
[2022-10-03T01:35:26.155+0000] {processor.py:161} INFO - Processing /home/airflow/.local/lib/python3.7/site-packages/airflow/example_dags/example_skip_dag.py took 0.175 seconds
[2022-10-03T01:35:56.930+0000] {processor.py:153} INFO - Started process (PID=722) to work on /home/airflow/.local/lib/python3.7/site-packages/airflow/example_dags/example_skip_dag.py
[2022-10-03T01:35:56.931+0000] {processor.py:640} INFO - Processing file /home/airflow/.local/lib/python3.7/site-packages/airflow/example_dags/example_skip_dag.py for tasks to queue
[2022-10-03T01:35:56.932+0000] {logging_mixin.py:115} INFO - [2022-10-03T01:35:56.932+0000] {dagbag.py:508} INFO - Filling up the DagBag from /home/airflow/.local/lib/python3.7/site-packages/airflow/example_dags/example_skip_dag.py
[2022-10-03T01:35:56.936+0000] {processor.py:650} INFO - DAG(s) dict_keys(['example_skip_dag']) retrieved from /home/airflow/.local/lib/python3.7/site-packages/airflow/example_dags/example_skip_dag.py
[2022-10-03T01:35:56.967+0000] {logging_mixin.py:115} INFO - [2022-10-03T01:35:56.967+0000] {dag.py:2429} INFO - Sync 1 DAGs
[2022-10-03T01:35:57.110+0000] {logging_mixin.py:115} INFO - [2022-10-03T01:35:57.109+0000] {dag.py:2981} INFO - Setting next_dagrun for example_skip_dag to 2022-10-02T01:35:57.109717+00:00, run_after=2022-10-03T01:35:57.109717+00:00
[2022-10-03T01:35:57.123+0000] {processor.py:161} INFO - Processing /home/airflow/.local/lib/python3.7/site-packages/airflow/example_dags/example_skip_dag.py took 0.195 seconds
[2022-10-03T01:36:27.622+0000] {processor.py:153} INFO - Started process (PID=777) to work on /home/airflow/.local/lib/python3.7/site-packages/airflow/example_dags/example_skip_dag.py
[2022-10-03T01:36:27.623+0000] {processor.py:640} INFO - Processing file /home/airflow/.local/lib/python3.7/site-packages/airflow/example_dags/example_skip_dag.py for tasks to queue
[2022-10-03T01:36:27.624+0000] {logging_mixin.py:115} INFO - [2022-10-03T01:36:27.624+0000] {dagbag.py:508} INFO - Filling up the DagBag from /home/airflow/.local/lib/python3.7/site-packages/airflow/example_dags/example_skip_dag.py
[2022-10-03T01:36:27.629+0000] {processor.py:650} INFO - DAG(s) dict_keys(['example_skip_dag']) retrieved from /home/airflow/.local/lib/python3.7/site-packages/airflow/example_dags/example_skip_dag.py
[2022-10-03T01:36:27.663+0000] {logging_mixin.py:115} INFO - [2022-10-03T01:36:27.663+0000] {dag.py:2429} INFO - Sync 1 DAGs
[2022-10-03T01:36:27.810+0000] {logging_mixin.py:115} INFO - [2022-10-03T01:36:27.810+0000] {dag.py:2981} INFO - Setting next_dagrun for example_skip_dag to 2022-10-02T01:36:27.810526+00:00, run_after=2022-10-03T01:36:27.810526+00:00
[2022-10-03T01:36:27.825+0000] {processor.py:161} INFO - Processing /home/airflow/.local/lib/python3.7/site-packages/airflow/example_dags/example_skip_dag.py took 0.205 seconds
[2022-10-03T01:36:58.280+0000] {processor.py:153} INFO - Started process (PID=832) to work on /home/airflow/.local/lib/python3.7/site-packages/airflow/example_dags/example_skip_dag.py
[2022-10-03T01:36:58.281+0000] {processor.py:640} INFO - Processing file /home/airflow/.local/lib/python3.7/site-packages/airflow/example_dags/example_skip_dag.py for tasks to queue
[2022-10-03T01:36:58.282+0000] {logging_mixin.py:115} INFO - [2022-10-03T01:36:58.282+0000] {dagbag.py:508} INFO - Filling up the DagBag from /home/airflow/.local/lib/python3.7/site-packages/airflow/example_dags/example_skip_dag.py
[2022-10-03T01:36:58.287+0000] {processor.py:650} INFO - DAG(s) dict_keys(['example_skip_dag']) retrieved from /home/airflow/.local/lib/python3.7/site-packages/airflow/example_dags/example_skip_dag.py
[2022-10-03T01:36:58.316+0000] {logging_mixin.py:115} INFO - [2022-10-03T01:36:58.316+0000] {dag.py:2429} INFO - Sync 1 DAGs
[2022-10-03T01:36:58.446+0000] {logging_mixin.py:115} INFO - [2022-10-03T01:36:58.445+0000] {dag.py:2981} INFO - Setting next_dagrun for example_skip_dag to 2022-10-02T01:36:58.445754+00:00, run_after=2022-10-03T01:36:58.445754+00:00
[2022-10-03T01:36:58.468+0000] {processor.py:161} INFO - Processing /home/airflow/.local/lib/python3.7/site-packages/airflow/example_dags/example_skip_dag.py took 0.190 seconds
[2022-10-03T01:37:29.085+0000] {processor.py:153} INFO - Started process (PID=889) to work on /home/airflow/.local/lib/python3.7/site-packages/airflow/example_dags/example_skip_dag.py
[2022-10-03T01:37:29.086+0000] {processor.py:640} INFO - Processing file /home/airflow/.local/lib/python3.7/site-packages/airflow/example_dags/example_skip_dag.py for tasks to queue
[2022-10-03T01:37:29.087+0000] {logging_mixin.py:115} INFO - [2022-10-03T01:37:29.087+0000] {dagbag.py:508} INFO - Filling up the DagBag from /home/airflow/.local/lib/python3.7/site-packages/airflow/example_dags/example_skip_dag.py
[2022-10-03T01:37:29.091+0000] {processor.py:650} INFO - DAG(s) dict_keys(['example_skip_dag']) retrieved from /home/airflow/.local/lib/python3.7/site-packages/airflow/example_dags/example_skip_dag.py
[2022-10-03T01:37:29.126+0000] {logging_mixin.py:115} INFO - [2022-10-03T01:37:29.125+0000] {dag.py:2429} INFO - Sync 1 DAGs
[2022-10-03T01:37:29.285+0000] {logging_mixin.py:115} INFO - [2022-10-03T01:37:29.285+0000] {dag.py:2981} INFO - Setting next_dagrun for example_skip_dag to 2022-10-02T01:37:29.285584+00:00, run_after=2022-10-03T01:37:29.285584+00:00
[2022-10-03T01:37:29.299+0000] {processor.py:161} INFO - Processing /home/airflow/.local/lib/python3.7/site-packages/airflow/example_dags/example_skip_dag.py took 0.217 seconds
[2022-10-03T01:37:59.829+0000] {processor.py:153} INFO - Started process (PID=952) to work on /home/airflow/.local/lib/python3.7/site-packages/airflow/example_dags/example_skip_dag.py
[2022-10-03T01:37:59.829+0000] {processor.py:640} INFO - Processing file /home/airflow/.local/lib/python3.7/site-packages/airflow/example_dags/example_skip_dag.py for tasks to queue
[2022-10-03T01:37:59.830+0000] {logging_mixin.py:115} INFO - [2022-10-03T01:37:59.830+0000] {dagbag.py:508} INFO - Filling up the DagBag from /home/airflow/.local/lib/python3.7/site-packages/airflow/example_dags/example_skip_dag.py
[2022-10-03T01:37:59.834+0000] {processor.py:650} INFO - DAG(s) dict_keys(['example_skip_dag']) retrieved from /home/airflow/.local/lib/python3.7/site-packages/airflow/example_dags/example_skip_dag.py
[2022-10-03T01:37:59.865+0000] {logging_mixin.py:115} INFO - [2022-10-03T01:37:59.865+0000] {dag.py:2429} INFO - Sync 1 DAGs
[2022-10-03T01:37:59.982+0000] {logging_mixin.py:115} INFO - [2022-10-03T01:37:59.982+0000] {dag.py:2981} INFO - Setting next_dagrun for example_skip_dag to 2022-10-02T01:37:59.982623+00:00, run_after=2022-10-03T01:37:59.982623+00:00
[2022-10-03T01:38:00.005+0000] {processor.py:161} INFO - Processing /home/airflow/.local/lib/python3.7/site-packages/airflow/example_dags/example_skip_dag.py took 0.179 seconds
[2022-10-03T01:38:30.488+0000] {processor.py:153} INFO - Started process (PID=1007) to work on /home/airflow/.local/lib/python3.7/site-packages/airflow/example_dags/example_skip_dag.py
[2022-10-03T01:38:30.488+0000] {processor.py:640} INFO - Processing file /home/airflow/.local/lib/python3.7/site-packages/airflow/example_dags/example_skip_dag.py for tasks to queue
[2022-10-03T01:38:30.489+0000] {logging_mixin.py:115} INFO - [2022-10-03T01:38:30.489+0000] {dagbag.py:508} INFO - Filling up the DagBag from /home/airflow/.local/lib/python3.7/site-packages/airflow/example_dags/example_skip_dag.py
[2022-10-03T01:38:30.494+0000] {processor.py:650} INFO - DAG(s) dict_keys(['example_skip_dag']) retrieved from /home/airflow/.local/lib/python3.7/site-packages/airflow/example_dags/example_skip_dag.py
[2022-10-03T01:38:30.520+0000] {logging_mixin.py:115} INFO - [2022-10-03T01:38:30.520+0000] {dag.py:2429} INFO - Sync 1 DAGs
[2022-10-03T01:38:30.667+0000] {logging_mixin.py:115} INFO - [2022-10-03T01:38:30.667+0000] {dag.py:2981} INFO - Setting next_dagrun for example_skip_dag to 2022-10-02T01:38:30.667645+00:00, run_after=2022-10-03T01:38:30.667645+00:00
[2022-10-03T01:38:30.681+0000] {processor.py:161} INFO - Processing /home/airflow/.local/lib/python3.7/site-packages/airflow/example_dags/example_skip_dag.py took 0.196 seconds
[2022-10-03T01:39:01.286+0000] {processor.py:153} INFO - Started process (PID=1062) to work on /home/airflow/.local/lib/python3.7/site-packages/airflow/example_dags/example_skip_dag.py
[2022-10-03T01:39:01.287+0000] {processor.py:640} INFO - Processing file /home/airflow/.local/lib/python3.7/site-packages/airflow/example_dags/example_skip_dag.py for tasks to queue
[2022-10-03T01:39:01.288+0000] {logging_mixin.py:115} INFO - [2022-10-03T01:39:01.288+0000] {dagbag.py:508} INFO - Filling up the DagBag from /home/airflow/.local/lib/python3.7/site-packages/airflow/example_dags/example_skip_dag.py
[2022-10-03T01:39:01.292+0000] {processor.py:650} INFO - DAG(s) dict_keys(['example_skip_dag']) retrieved from /home/airflow/.local/lib/python3.7/site-packages/airflow/example_dags/example_skip_dag.py
[2022-10-03T01:39:01.320+0000] {logging_mixin.py:115} INFO - [2022-10-03T01:39:01.320+0000] {dag.py:2429} INFO - Sync 1 DAGs
[2022-10-03T01:39:01.468+0000] {logging_mixin.py:115} INFO - [2022-10-03T01:39:01.468+0000] {dag.py:2981} INFO - Setting next_dagrun for example_skip_dag to 2022-10-02T01:39:01.468024+00:00, run_after=2022-10-03T01:39:01.468024+00:00
[2022-10-03T01:39:01.482+0000] {processor.py:161} INFO - Processing /home/airflow/.local/lib/python3.7/site-packages/airflow/example_dags/example_skip_dag.py took 0.199 seconds
[2022-10-03T01:39:31.915+0000] {processor.py:153} INFO - Started process (PID=1117) to work on /home/airflow/.local/lib/python3.7/site-packages/airflow/example_dags/example_skip_dag.py
[2022-10-03T01:39:31.916+0000] {processor.py:640} INFO - Processing file /home/airflow/.local/lib/python3.7/site-packages/airflow/example_dags/example_skip_dag.py for tasks to queue
[2022-10-03T01:39:31.917+0000] {logging_mixin.py:115} INFO - [2022-10-03T01:39:31.916+0000] {dagbag.py:508} INFO - Filling up the DagBag from /home/airflow/.local/lib/python3.7/site-packages/airflow/example_dags/example_skip_dag.py
[2022-10-03T01:39:31.921+0000] {processor.py:650} INFO - DAG(s) dict_keys(['example_skip_dag']) retrieved from /home/airflow/.local/lib/python3.7/site-packages/airflow/example_dags/example_skip_dag.py
[2022-10-03T01:39:31.950+0000] {logging_mixin.py:115} INFO - [2022-10-03T01:39:31.950+0000] {dag.py:2429} INFO - Sync 1 DAGs
[2022-10-03T01:39:32.083+0000] {logging_mixin.py:115} INFO - [2022-10-03T01:39:32.082+0000] {dag.py:2981} INFO - Setting next_dagrun for example_skip_dag to 2022-10-02T01:39:32.082709+00:00, run_after=2022-10-03T01:39:32.082709+00:00
[2022-10-03T01:39:32.104+0000] {processor.py:161} INFO - Processing /home/airflow/.local/lib/python3.7/site-packages/airflow/example_dags/example_skip_dag.py took 0.192 seconds
[2022-10-03T01:40:02.609+0000] {processor.py:153} INFO - Started process (PID=1172) to work on /home/airflow/.local/lib/python3.7/site-packages/airflow/example_dags/example_skip_dag.py
[2022-10-03T01:40:02.610+0000] {processor.py:640} INFO - Processing file /home/airflow/.local/lib/python3.7/site-packages/airflow/example_dags/example_skip_dag.py for tasks to queue
[2022-10-03T01:40:02.611+0000] {logging_mixin.py:115} INFO - [2022-10-03T01:40:02.611+0000] {dagbag.py:508} INFO - Filling up the DagBag from /home/airflow/.local/lib/python3.7/site-packages/airflow/example_dags/example_skip_dag.py
[2022-10-03T01:40:02.615+0000] {processor.py:650} INFO - DAG(s) dict_keys(['example_skip_dag']) retrieved from /home/airflow/.local/lib/python3.7/site-packages/airflow/example_dags/example_skip_dag.py
[2022-10-03T01:40:02.645+0000] {logging_mixin.py:115} INFO - [2022-10-03T01:40:02.645+0000] {dag.py:2429} INFO - Sync 1 DAGs
[2022-10-03T01:40:02.780+0000] {logging_mixin.py:115} INFO - [2022-10-03T01:40:02.780+0000] {dag.py:2981} INFO - Setting next_dagrun for example_skip_dag to 2022-10-02T01:40:02.780176+00:00, run_after=2022-10-03T01:40:02.780176+00:00
[2022-10-03T01:40:02.795+0000] {processor.py:161} INFO - Processing /home/airflow/.local/lib/python3.7/site-packages/airflow/example_dags/example_skip_dag.py took 0.188 seconds
[2022-10-03T01:40:33.308+0000] {processor.py:153} INFO - Started process (PID=1227) to work on /home/airflow/.local/lib/python3.7/site-packages/airflow/example_dags/example_skip_dag.py
[2022-10-03T01:40:33.309+0000] {processor.py:640} INFO - Processing file /home/airflow/.local/lib/python3.7/site-packages/airflow/example_dags/example_skip_dag.py for tasks to queue
[2022-10-03T01:40:33.310+0000] {logging_mixin.py:115} INFO - [2022-10-03T01:40:33.310+0000] {dagbag.py:508} INFO - Filling up the DagBag from /home/airflow/.local/lib/python3.7/site-packages/airflow/example_dags/example_skip_dag.py
[2022-10-03T01:40:33.314+0000] {processor.py:650} INFO - DAG(s) dict_keys(['example_skip_dag']) retrieved from /home/airflow/.local/lib/python3.7/site-packages/airflow/example_dags/example_skip_dag.py
[2022-10-03T01:40:33.343+0000] {logging_mixin.py:115} INFO - [2022-10-03T01:40:33.343+0000] {dag.py:2429} INFO - Sync 1 DAGs
[2022-10-03T01:40:33.479+0000] {logging_mixin.py:115} INFO - [2022-10-03T01:40:33.479+0000] {dag.py:2981} INFO - Setting next_dagrun for example_skip_dag to 2022-10-02T01:40:33.479086+00:00, run_after=2022-10-03T01:40:33.479086+00:00
[2022-10-03T01:40:33.492+0000] {processor.py:161} INFO - Processing /home/airflow/.local/lib/python3.7/site-packages/airflow/example_dags/example_skip_dag.py took 0.187 seconds
[2022-10-03T01:41:04.271+0000] {processor.py:153} INFO - Started process (PID=1282) to work on /home/airflow/.local/lib/python3.7/site-packages/airflow/example_dags/example_skip_dag.py
[2022-10-03T01:41:04.272+0000] {processor.py:640} INFO - Processing file /home/airflow/.local/lib/python3.7/site-packages/airflow/example_dags/example_skip_dag.py for tasks to queue
[2022-10-03T01:41:04.273+0000] {logging_mixin.py:115} INFO - [2022-10-03T01:41:04.273+0000] {dagbag.py:508} INFO - Filling up the DagBag from /home/airflow/.local/lib/python3.7/site-packages/airflow/example_dags/example_skip_dag.py
[2022-10-03T01:41:04.280+0000] {processor.py:650} INFO - DAG(s) dict_keys(['example_skip_dag']) retrieved from /home/airflow/.local/lib/python3.7/site-packages/airflow/example_dags/example_skip_dag.py
[2022-10-03T01:41:04.306+0000] {logging_mixin.py:115} INFO - [2022-10-03T01:41:04.306+0000] {dag.py:2429} INFO - Sync 1 DAGs
[2022-10-03T01:41:04.428+0000] {logging_mixin.py:115} INFO - [2022-10-03T01:41:04.428+0000] {dag.py:2981} INFO - Setting next_dagrun for example_skip_dag to 2022-10-02T01:41:04.427940+00:00, run_after=2022-10-03T01:41:04.427940+00:00
[2022-10-03T01:41:04.441+0000] {processor.py:161} INFO - Processing /home/airflow/.local/lib/python3.7/site-packages/airflow/example_dags/example_skip_dag.py took 0.173 seconds
[2022-10-03T01:41:35.067+0000] {processor.py:153} INFO - Started process (PID=1338) to work on /home/airflow/.local/lib/python3.7/site-packages/airflow/example_dags/example_skip_dag.py
[2022-10-03T01:41:35.068+0000] {processor.py:640} INFO - Processing file /home/airflow/.local/lib/python3.7/site-packages/airflow/example_dags/example_skip_dag.py for tasks to queue
[2022-10-03T01:41:35.068+0000] {logging_mixin.py:115} INFO - [2022-10-03T01:41:35.068+0000] {dagbag.py:508} INFO - Filling up the DagBag from /home/airflow/.local/lib/python3.7/site-packages/airflow/example_dags/example_skip_dag.py
[2022-10-03T01:41:35.074+0000] {processor.py:650} INFO - DAG(s) dict_keys(['example_skip_dag']) retrieved from /home/airflow/.local/lib/python3.7/site-packages/airflow/example_dags/example_skip_dag.py
[2022-10-03T01:41:35.101+0000] {logging_mixin.py:115} INFO - [2022-10-03T01:41:35.101+0000] {dag.py:2429} INFO - Sync 1 DAGs
[2022-10-03T01:41:35.226+0000] {logging_mixin.py:115} INFO - [2022-10-03T01:41:35.226+0000] {dag.py:2981} INFO - Setting next_dagrun for example_skip_dag to 2022-10-02T01:41:35.226240+00:00, run_after=2022-10-03T01:41:35.226240+00:00
[2022-10-03T01:41:35.240+0000] {processor.py:161} INFO - Processing /home/airflow/.local/lib/python3.7/site-packages/airflow/example_dags/example_skip_dag.py took 0.176 seconds
[2022-10-03T01:42:06.119+0000] {processor.py:153} INFO - Started process (PID=1393) to work on /home/airflow/.local/lib/python3.7/site-packages/airflow/example_dags/example_skip_dag.py
[2022-10-03T01:42:06.120+0000] {processor.py:640} INFO - Processing file /home/airflow/.local/lib/python3.7/site-packages/airflow/example_dags/example_skip_dag.py for tasks to queue
[2022-10-03T01:42:06.121+0000] {logging_mixin.py:115} INFO - [2022-10-03T01:42:06.121+0000] {dagbag.py:508} INFO - Filling up the DagBag from /home/airflow/.local/lib/python3.7/site-packages/airflow/example_dags/example_skip_dag.py
[2022-10-03T01:42:06.126+0000] {processor.py:650} INFO - DAG(s) dict_keys(['example_skip_dag']) retrieved from /home/airflow/.local/lib/python3.7/site-packages/airflow/example_dags/example_skip_dag.py
[2022-10-03T01:42:06.154+0000] {logging_mixin.py:115} INFO - [2022-10-03T01:42:06.154+0000] {dag.py:2429} INFO - Sync 1 DAGs
[2022-10-03T01:42:06.277+0000] {logging_mixin.py:115} INFO - [2022-10-03T01:42:06.277+0000] {dag.py:2981} INFO - Setting next_dagrun for example_skip_dag to 2022-10-02T01:42:06.277409+00:00, run_after=2022-10-03T01:42:06.277409+00:00
[2022-10-03T01:42:06.291+0000] {processor.py:161} INFO - Processing /home/airflow/.local/lib/python3.7/site-packages/airflow/example_dags/example_skip_dag.py took 0.175 seconds
[2022-10-03T01:42:36.822+0000] {processor.py:153} INFO - Started process (PID=1448) to work on /home/airflow/.local/lib/python3.7/site-packages/airflow/example_dags/example_skip_dag.py
[2022-10-03T01:42:36.823+0000] {processor.py:640} INFO - Processing file /home/airflow/.local/lib/python3.7/site-packages/airflow/example_dags/example_skip_dag.py for tasks to queue
[2022-10-03T01:42:36.824+0000] {logging_mixin.py:115} INFO - [2022-10-03T01:42:36.824+0000] {dagbag.py:508} INFO - Filling up the DagBag from /home/airflow/.local/lib/python3.7/site-packages/airflow/example_dags/example_skip_dag.py
[2022-10-03T01:42:36.830+0000] {processor.py:650} INFO - DAG(s) dict_keys(['example_skip_dag']) retrieved from /home/airflow/.local/lib/python3.7/site-packages/airflow/example_dags/example_skip_dag.py
[2022-10-03T01:42:36.857+0000] {logging_mixin.py:115} INFO - [2022-10-03T01:42:36.857+0000] {dag.py:2429} INFO - Sync 1 DAGs
[2022-10-03T01:42:36.978+0000] {logging_mixin.py:115} INFO - [2022-10-03T01:42:36.978+0000] {dag.py:2981} INFO - Setting next_dagrun for example_skip_dag to 2022-10-02T01:42:36.978023+00:00, run_after=2022-10-03T01:42:36.978023+00:00
[2022-10-03T01:42:36.992+0000] {processor.py:161} INFO - Processing /home/airflow/.local/lib/python3.7/site-packages/airflow/example_dags/example_skip_dag.py took 0.174 seconds
[2022-10-03T01:43:07.477+0000] {processor.py:153} INFO - Started process (PID=1504) to work on /home/airflow/.local/lib/python3.7/site-packages/airflow/example_dags/example_skip_dag.py
[2022-10-03T01:43:07.478+0000] {processor.py:640} INFO - Processing file /home/airflow/.local/lib/python3.7/site-packages/airflow/example_dags/example_skip_dag.py for tasks to queue
[2022-10-03T01:43:07.479+0000] {logging_mixin.py:115} INFO - [2022-10-03T01:43:07.479+0000] {dagbag.py:508} INFO - Filling up the DagBag from /home/airflow/.local/lib/python3.7/site-packages/airflow/example_dags/example_skip_dag.py
[2022-10-03T01:43:07.483+0000] {processor.py:650} INFO - DAG(s) dict_keys(['example_skip_dag']) retrieved from /home/airflow/.local/lib/python3.7/site-packages/airflow/example_dags/example_skip_dag.py
[2022-10-03T01:43:07.508+0000] {logging_mixin.py:115} INFO - [2022-10-03T01:43:07.508+0000] {dag.py:2429} INFO - Sync 1 DAGs
[2022-10-03T01:43:07.630+0000] {logging_mixin.py:115} INFO - [2022-10-03T01:43:07.630+0000] {dag.py:2981} INFO - Setting next_dagrun for example_skip_dag to 2022-10-02T01:43:07.630161+00:00, run_after=2022-10-03T01:43:07.630161+00:00
[2022-10-03T01:43:07.646+0000] {processor.py:161} INFO - Processing /home/airflow/.local/lib/python3.7/site-packages/airflow/example_dags/example_skip_dag.py took 0.171 seconds
[2022-10-03T01:43:37.958+0000] {processor.py:153} INFO - Started process (PID=1559) to work on /home/airflow/.local/lib/python3.7/site-packages/airflow/example_dags/example_skip_dag.py
[2022-10-03T01:43:37.959+0000] {processor.py:640} INFO - Processing file /home/airflow/.local/lib/python3.7/site-packages/airflow/example_dags/example_skip_dag.py for tasks to queue
[2022-10-03T01:43:37.960+0000] {logging_mixin.py:115} INFO - [2022-10-03T01:43:37.960+0000] {dagbag.py:508} INFO - Filling up the DagBag from /home/airflow/.local/lib/python3.7/site-packages/airflow/example_dags/example_skip_dag.py
[2022-10-03T01:43:37.965+0000] {processor.py:650} INFO - DAG(s) dict_keys(['example_skip_dag']) retrieved from /home/airflow/.local/lib/python3.7/site-packages/airflow/example_dags/example_skip_dag.py
[2022-10-03T01:43:37.989+0000] {logging_mixin.py:115} INFO - [2022-10-03T01:43:37.989+0000] {dag.py:2429} INFO - Sync 1 DAGs
[2022-10-03T01:43:38.125+0000] {logging_mixin.py:115} INFO - [2022-10-03T01:43:38.124+0000] {dag.py:2981} INFO - Setting next_dagrun for example_skip_dag to 2022-10-02T01:43:38.124481+00:00, run_after=2022-10-03T01:43:38.124481+00:00
[2022-10-03T01:43:38.148+0000] {processor.py:161} INFO - Processing /home/airflow/.local/lib/python3.7/site-packages/airflow/example_dags/example_skip_dag.py took 0.192 seconds
[2022-10-03T01:44:08.674+0000] {processor.py:153} INFO - Started process (PID=1614) to work on /home/airflow/.local/lib/python3.7/site-packages/airflow/example_dags/example_skip_dag.py
[2022-10-03T01:44:08.675+0000] {processor.py:640} INFO - Processing file /home/airflow/.local/lib/python3.7/site-packages/airflow/example_dags/example_skip_dag.py for tasks to queue
[2022-10-03T01:44:08.676+0000] {logging_mixin.py:115} INFO - [2022-10-03T01:44:08.675+0000] {dagbag.py:508} INFO - Filling up the DagBag from /home/airflow/.local/lib/python3.7/site-packages/airflow/example_dags/example_skip_dag.py
[2022-10-03T01:44:08.680+0000] {processor.py:650} INFO - DAG(s) dict_keys(['example_skip_dag']) retrieved from /home/airflow/.local/lib/python3.7/site-packages/airflow/example_dags/example_skip_dag.py
[2022-10-03T01:44:08.707+0000] {logging_mixin.py:115} INFO - [2022-10-03T01:44:08.707+0000] {dag.py:2429} INFO - Sync 1 DAGs
[2022-10-03T01:44:08.828+0000] {logging_mixin.py:115} INFO - [2022-10-03T01:44:08.828+0000] {dag.py:2981} INFO - Setting next_dagrun for example_skip_dag to 2022-10-02T01:44:08.828358+00:00, run_after=2022-10-03T01:44:08.828358+00:00
[2022-10-03T01:44:08.842+0000] {processor.py:161} INFO - Processing /home/airflow/.local/lib/python3.7/site-packages/airflow/example_dags/example_skip_dag.py took 0.170 seconds
[2022-10-03T01:44:39.506+0000] {processor.py:153} INFO - Started process (PID=1669) to work on /home/airflow/.local/lib/python3.7/site-packages/airflow/example_dags/example_skip_dag.py
[2022-10-03T01:44:39.507+0000] {processor.py:640} INFO - Processing file /home/airflow/.local/lib/python3.7/site-packages/airflow/example_dags/example_skip_dag.py for tasks to queue
[2022-10-03T01:44:39.508+0000] {logging_mixin.py:115} INFO - [2022-10-03T01:44:39.508+0000] {dagbag.py:508} INFO - Filling up the DagBag from /home/airflow/.local/lib/python3.7/site-packages/airflow/example_dags/example_skip_dag.py
[2022-10-03T01:44:39.513+0000] {processor.py:650} INFO - DAG(s) dict_keys(['example_skip_dag']) retrieved from /home/airflow/.local/lib/python3.7/site-packages/airflow/example_dags/example_skip_dag.py
[2022-10-03T01:44:39.540+0000] {logging_mixin.py:115} INFO - [2022-10-03T01:44:39.540+0000] {dag.py:2429} INFO - Sync 1 DAGs
[2022-10-03T01:44:39.666+0000] {logging_mixin.py:115} INFO - [2022-10-03T01:44:39.666+0000] {dag.py:2981} INFO - Setting next_dagrun for example_skip_dag to 2022-10-02T01:44:39.666271+00:00, run_after=2022-10-03T01:44:39.666271+00:00
[2022-10-03T01:44:39.681+0000] {processor.py:161} INFO - Processing /home/airflow/.local/lib/python3.7/site-packages/airflow/example_dags/example_skip_dag.py took 0.178 seconds
[2022-10-03T01:45:10.326+0000] {processor.py:153} INFO - Started process (PID=1724) to work on /home/airflow/.local/lib/python3.7/site-packages/airflow/example_dags/example_skip_dag.py
[2022-10-03T01:45:10.327+0000] {processor.py:640} INFO - Processing file /home/airflow/.local/lib/python3.7/site-packages/airflow/example_dags/example_skip_dag.py for tasks to queue
[2022-10-03T01:45:10.328+0000] {logging_mixin.py:115} INFO - [2022-10-03T01:45:10.328+0000] {dagbag.py:508} INFO - Filling up the DagBag from /home/airflow/.local/lib/python3.7/site-packages/airflow/example_dags/example_skip_dag.py
[2022-10-03T01:45:10.332+0000] {processor.py:650} INFO - DAG(s) dict_keys(['example_skip_dag']) retrieved from /home/airflow/.local/lib/python3.7/site-packages/airflow/example_dags/example_skip_dag.py
[2022-10-03T01:45:10.365+0000] {logging_mixin.py:115} INFO - [2022-10-03T01:45:10.365+0000] {dag.py:2429} INFO - Sync 1 DAGs
[2022-10-03T01:45:10.493+0000] {logging_mixin.py:115} INFO - [2022-10-03T01:45:10.493+0000] {dag.py:2981} INFO - Setting next_dagrun for example_skip_dag to 2022-10-02T01:45:10.493269+00:00, run_after=2022-10-03T01:45:10.493269+00:00
[2022-10-03T01:45:10.507+0000] {processor.py:161} INFO - Processing /home/airflow/.local/lib/python3.7/site-packages/airflow/example_dags/example_skip_dag.py took 0.183 seconds
[2022-10-03T01:45:41.073+0000] {processor.py:153} INFO - Started process (PID=1779) to work on /home/airflow/.local/lib/python3.7/site-packages/airflow/example_dags/example_skip_dag.py
[2022-10-03T01:45:41.074+0000] {processor.py:640} INFO - Processing file /home/airflow/.local/lib/python3.7/site-packages/airflow/example_dags/example_skip_dag.py for tasks to queue
[2022-10-03T01:45:41.075+0000] {logging_mixin.py:115} INFO - [2022-10-03T01:45:41.075+0000] {dagbag.py:508} INFO - Filling up the DagBag from /home/airflow/.local/lib/python3.7/site-packages/airflow/example_dags/example_skip_dag.py
[2022-10-03T01:45:41.080+0000] {processor.py:650} INFO - DAG(s) dict_keys(['example_skip_dag']) retrieved from /home/airflow/.local/lib/python3.7/site-packages/airflow/example_dags/example_skip_dag.py
[2022-10-03T01:45:41.112+0000] {logging_mixin.py:115} INFO - [2022-10-03T01:45:41.111+0000] {dag.py:2429} INFO - Sync 1 DAGs
[2022-10-03T01:45:41.255+0000] {logging_mixin.py:115} INFO - [2022-10-03T01:45:41.254+0000] {dag.py:2981} INFO - Setting next_dagrun for example_skip_dag to 2022-10-02T01:45:41.254785+00:00, run_after=2022-10-03T01:45:41.254785+00:00
[2022-10-03T01:45:41.268+0000] {processor.py:161} INFO - Processing /home/airflow/.local/lib/python3.7/site-packages/airflow/example_dags/example_skip_dag.py took 0.197 seconds
[2022-10-03T01:46:11.788+0000] {processor.py:153} INFO - Started process (PID=1834) to work on /home/airflow/.local/lib/python3.7/site-packages/airflow/example_dags/example_skip_dag.py
[2022-10-03T01:46:11.789+0000] {processor.py:640} INFO - Processing file /home/airflow/.local/lib/python3.7/site-packages/airflow/example_dags/example_skip_dag.py for tasks to queue
[2022-10-03T01:46:11.790+0000] {logging_mixin.py:115} INFO - [2022-10-03T01:46:11.790+0000] {dagbag.py:508} INFO - Filling up the DagBag from /home/airflow/.local/lib/python3.7/site-packages/airflow/example_dags/example_skip_dag.py
[2022-10-03T01:46:11.795+0000] {processor.py:650} INFO - DAG(s) dict_keys(['example_skip_dag']) retrieved from /home/airflow/.local/lib/python3.7/site-packages/airflow/example_dags/example_skip_dag.py
[2022-10-03T01:46:11.820+0000] {logging_mixin.py:115} INFO - [2022-10-03T01:46:11.820+0000] {dag.py:2429} INFO - Sync 1 DAGs
[2022-10-03T01:46:11.942+0000] {logging_mixin.py:115} INFO - [2022-10-03T01:46:11.942+0000] {dag.py:2981} INFO - Setting next_dagrun for example_skip_dag to 2022-10-02T01:46:11.941981+00:00, run_after=2022-10-03T01:46:11.941981+00:00
[2022-10-03T01:46:11.955+0000] {processor.py:161} INFO - Processing /home/airflow/.local/lib/python3.7/site-packages/airflow/example_dags/example_skip_dag.py took 0.170 seconds
[2022-10-03T01:46:42.528+0000] {processor.py:153} INFO - Started process (PID=1889) to work on /home/airflow/.local/lib/python3.7/site-packages/airflow/example_dags/example_skip_dag.py
[2022-10-03T01:46:42.529+0000] {processor.py:640} INFO - Processing file /home/airflow/.local/lib/python3.7/site-packages/airflow/example_dags/example_skip_dag.py for tasks to queue
[2022-10-03T01:46:42.531+0000] {logging_mixin.py:115} INFO - [2022-10-03T01:46:42.530+0000] {dagbag.py:508} INFO - Filling up the DagBag from /home/airflow/.local/lib/python3.7/site-packages/airflow/example_dags/example_skip_dag.py
[2022-10-03T01:46:42.536+0000] {processor.py:650} INFO - DAG(s) dict_keys(['example_skip_dag']) retrieved from /home/airflow/.local/lib/python3.7/site-packages/airflow/example_dags/example_skip_dag.py
[2022-10-03T01:46:42.563+0000] {logging_mixin.py:115} INFO - [2022-10-03T01:46:42.563+0000] {dag.py:2429} INFO - Sync 1 DAGs
[2022-10-03T01:46:42.699+0000] {logging_mixin.py:115} INFO - [2022-10-03T01:46:42.699+0000] {dag.py:2981} INFO - Setting next_dagrun for example_skip_dag to 2022-10-02T01:46:42.698953+00:00, run_after=2022-10-03T01:46:42.698953+00:00
[2022-10-03T01:46:42.714+0000] {processor.py:161} INFO - Processing /home/airflow/.local/lib/python3.7/site-packages/airflow/example_dags/example_skip_dag.py took 0.189 seconds
[2022-10-03T01:47:13.548+0000] {processor.py:153} INFO - Started process (PID=1951) to work on /home/airflow/.local/lib/python3.7/site-packages/airflow/example_dags/example_skip_dag.py
[2022-10-03T01:47:13.548+0000] {processor.py:640} INFO - Processing file /home/airflow/.local/lib/python3.7/site-packages/airflow/example_dags/example_skip_dag.py for tasks to queue
[2022-10-03T01:47:13.550+0000] {logging_mixin.py:115} INFO - [2022-10-03T01:47:13.549+0000] {dagbag.py:508} INFO - Filling up the DagBag from /home/airflow/.local/lib/python3.7/site-packages/airflow/example_dags/example_skip_dag.py
[2022-10-03T01:47:13.555+0000] {processor.py:650} INFO - DAG(s) dict_keys(['example_skip_dag']) retrieved from /home/airflow/.local/lib/python3.7/site-packages/airflow/example_dags/example_skip_dag.py
[2022-10-03T01:47:13.583+0000] {logging_mixin.py:115} INFO - [2022-10-03T01:47:13.583+0000] {dag.py:2429} INFO - Sync 1 DAGs
[2022-10-03T01:47:13.705+0000] {logging_mixin.py:115} INFO - [2022-10-03T01:47:13.705+0000] {dag.py:2981} INFO - Setting next_dagrun for example_skip_dag to 2022-10-02T01:47:13.705355+00:00, run_after=2022-10-03T01:47:13.705355+00:00
[2022-10-03T01:47:13.730+0000] {processor.py:161} INFO - Processing /home/airflow/.local/lib/python3.7/site-packages/airflow/example_dags/example_skip_dag.py took 0.185 seconds
[2022-10-03T01:47:44.310+0000] {processor.py:153} INFO - Started process (PID=2006) to work on /home/airflow/.local/lib/python3.7/site-packages/airflow/example_dags/example_skip_dag.py
[2022-10-03T01:47:44.311+0000] {processor.py:640} INFO - Processing file /home/airflow/.local/lib/python3.7/site-packages/airflow/example_dags/example_skip_dag.py for tasks to queue
[2022-10-03T01:47:44.312+0000] {logging_mixin.py:115} INFO - [2022-10-03T01:47:44.312+0000] {dagbag.py:508} INFO - Filling up the DagBag from /home/airflow/.local/lib/python3.7/site-packages/airflow/example_dags/example_skip_dag.py
[2022-10-03T01:47:44.316+0000] {processor.py:650} INFO - DAG(s) dict_keys(['example_skip_dag']) retrieved from /home/airflow/.local/lib/python3.7/site-packages/airflow/example_dags/example_skip_dag.py
[2022-10-03T01:47:44.343+0000] {logging_mixin.py:115} INFO - [2022-10-03T01:47:44.342+0000] {dag.py:2429} INFO - Sync 1 DAGs
[2022-10-03T01:47:44.485+0000] {logging_mixin.py:115} INFO - [2022-10-03T01:47:44.485+0000] {dag.py:2981} INFO - Setting next_dagrun for example_skip_dag to 2022-10-02T01:47:44.485230+00:00, run_after=2022-10-03T01:47:44.485230+00:00
[2022-10-03T01:47:44.499+0000] {processor.py:161} INFO - Processing /home/airflow/.local/lib/python3.7/site-packages/airflow/example_dags/example_skip_dag.py took 0.192 seconds
[2022-10-03T01:48:15.095+0000] {processor.py:153} INFO - Started process (PID=2061) to work on /home/airflow/.local/lib/python3.7/site-packages/airflow/example_dags/example_skip_dag.py
[2022-10-03T01:48:15.097+0000] {processor.py:640} INFO - Processing file /home/airflow/.local/lib/python3.7/site-packages/airflow/example_dags/example_skip_dag.py for tasks to queue
[2022-10-03T01:48:15.098+0000] {logging_mixin.py:115} INFO - [2022-10-03T01:48:15.098+0000] {dagbag.py:508} INFO - Filling up the DagBag from /home/airflow/.local/lib/python3.7/site-packages/airflow/example_dags/example_skip_dag.py
[2022-10-03T01:48:15.102+0000] {processor.py:650} INFO - DAG(s) dict_keys(['example_skip_dag']) retrieved from /home/airflow/.local/lib/python3.7/site-packages/airflow/example_dags/example_skip_dag.py
[2022-10-03T01:48:15.129+0000] {logging_mixin.py:115} INFO - [2022-10-03T01:48:15.129+0000] {dag.py:2429} INFO - Sync 1 DAGs
[2022-10-03T01:48:15.270+0000] {logging_mixin.py:115} INFO - [2022-10-03T01:48:15.270+0000] {dag.py:2981} INFO - Setting next_dagrun for example_skip_dag to 2022-10-02T01:48:15.270350+00:00, run_after=2022-10-03T01:48:15.270350+00:00
[2022-10-03T01:48:15.286+0000] {processor.py:161} INFO - Processing /home/airflow/.local/lib/python3.7/site-packages/airflow/example_dags/example_skip_dag.py took 0.193 seconds
[2022-10-03T01:48:45.928+0000] {processor.py:153} INFO - Started process (PID=2116) to work on /home/airflow/.local/lib/python3.7/site-packages/airflow/example_dags/example_skip_dag.py
[2022-10-03T01:48:45.929+0000] {processor.py:640} INFO - Processing file /home/airflow/.local/lib/python3.7/site-packages/airflow/example_dags/example_skip_dag.py for tasks to queue
[2022-10-03T01:48:45.930+0000] {logging_mixin.py:115} INFO - [2022-10-03T01:48:45.930+0000] {dagbag.py:508} INFO - Filling up the DagBag from /home/airflow/.local/lib/python3.7/site-packages/airflow/example_dags/example_skip_dag.py
[2022-10-03T01:48:45.936+0000] {processor.py:650} INFO - DAG(s) dict_keys(['example_skip_dag']) retrieved from /home/airflow/.local/lib/python3.7/site-packages/airflow/example_dags/example_skip_dag.py
[2022-10-03T01:48:45.969+0000] {logging_mixin.py:115} INFO - [2022-10-03T01:48:45.969+0000] {dag.py:2429} INFO - Sync 1 DAGs
[2022-10-03T01:48:46.098+0000] {logging_mixin.py:115} INFO - [2022-10-03T01:48:46.098+0000] {dag.py:2981} INFO - Setting next_dagrun for example_skip_dag to 2022-10-02T01:48:46.098149+00:00, run_after=2022-10-03T01:48:46.098149+00:00
[2022-10-03T01:48:46.111+0000] {processor.py:161} INFO - Processing /home/airflow/.local/lib/python3.7/site-packages/airflow/example_dags/example_skip_dag.py took 0.187 seconds
[2022-10-03T01:49:16.667+0000] {processor.py:153} INFO - Started process (PID=2171) to work on /home/airflow/.local/lib/python3.7/site-packages/airflow/example_dags/example_skip_dag.py
[2022-10-03T01:49:16.667+0000] {processor.py:640} INFO - Processing file /home/airflow/.local/lib/python3.7/site-packages/airflow/example_dags/example_skip_dag.py for tasks to queue
[2022-10-03T01:49:16.668+0000] {logging_mixin.py:115} INFO - [2022-10-03T01:49:16.668+0000] {dagbag.py:508} INFO - Filling up the DagBag from /home/airflow/.local/lib/python3.7/site-packages/airflow/example_dags/example_skip_dag.py
[2022-10-03T01:49:16.672+0000] {processor.py:650} INFO - DAG(s) dict_keys(['example_skip_dag']) retrieved from /home/airflow/.local/lib/python3.7/site-packages/airflow/example_dags/example_skip_dag.py
[2022-10-03T01:49:16.698+0000] {logging_mixin.py:115} INFO - [2022-10-03T01:49:16.698+0000] {dag.py:2429} INFO - Sync 1 DAGs
[2022-10-03T01:49:16.834+0000] {logging_mixin.py:115} INFO - [2022-10-03T01:49:16.834+0000] {dag.py:2981} INFO - Setting next_dagrun for example_skip_dag to 2022-10-02T01:49:16.834220+00:00, run_after=2022-10-03T01:49:16.834220+00:00
[2022-10-03T01:49:16.850+0000] {processor.py:161} INFO - Processing /home/airflow/.local/lib/python3.7/site-packages/airflow/example_dags/example_skip_dag.py took 0.186 seconds
[2022-10-03T01:52:31.240+0000] {processor.py:153} INFO - Started process (PID=62) to work on /home/airflow/.local/lib/python3.7/site-packages/airflow/example_dags/example_skip_dag.py
[2022-10-03T01:52:31.241+0000] {processor.py:640} INFO - Processing file /home/airflow/.local/lib/python3.7/site-packages/airflow/example_dags/example_skip_dag.py for tasks to queue
[2022-10-03T01:52:31.243+0000] {logging_mixin.py:115} INFO - [2022-10-03T01:52:31.242+0000] {dagbag.py:508} INFO - Filling up the DagBag from /home/airflow/.local/lib/python3.7/site-packages/airflow/example_dags/example_skip_dag.py
[2022-10-03T01:52:31.252+0000] {processor.py:650} INFO - DAG(s) dict_keys(['example_skip_dag']) retrieved from /home/airflow/.local/lib/python3.7/site-packages/airflow/example_dags/example_skip_dag.py
[2022-10-03T01:52:31.296+0000] {logging_mixin.py:115} INFO - [2022-10-03T01:52:31.295+0000] {dag.py:2429} INFO - Sync 1 DAGs
[2022-10-03T01:52:31.499+0000] {logging_mixin.py:115} INFO - [2022-10-03T01:52:31.499+0000] {dag.py:2981} INFO - Setting next_dagrun for example_skip_dag to 2022-10-02T01:52:31.499196+00:00, run_after=2022-10-03T01:52:31.499196+00:00
[2022-10-03T01:52:31.527+0000] {processor.py:161} INFO - Processing /home/airflow/.local/lib/python3.7/site-packages/airflow/example_dags/example_skip_dag.py took 0.290 seconds
[2022-10-03T01:53:02.280+0000] {processor.py:153} INFO - Started process (PID=118) to work on /home/airflow/.local/lib/python3.7/site-packages/airflow/example_dags/example_skip_dag.py
[2022-10-03T01:53:02.281+0000] {processor.py:640} INFO - Processing file /home/airflow/.local/lib/python3.7/site-packages/airflow/example_dags/example_skip_dag.py for tasks to queue
[2022-10-03T01:53:02.282+0000] {logging_mixin.py:115} INFO - [2022-10-03T01:53:02.281+0000] {dagbag.py:508} INFO - Filling up the DagBag from /home/airflow/.local/lib/python3.7/site-packages/airflow/example_dags/example_skip_dag.py
[2022-10-03T01:53:02.287+0000] {processor.py:650} INFO - DAG(s) dict_keys(['example_skip_dag']) retrieved from /home/airflow/.local/lib/python3.7/site-packages/airflow/example_dags/example_skip_dag.py
[2022-10-03T01:53:02.322+0000] {logging_mixin.py:115} INFO - [2022-10-03T01:53:02.322+0000] {dag.py:2429} INFO - Sync 1 DAGs
[2022-10-03T01:53:02.474+0000] {logging_mixin.py:115} INFO - [2022-10-03T01:53:02.474+0000] {dag.py:2981} INFO - Setting next_dagrun for example_skip_dag to 2022-10-02T01:53:02.474149+00:00, run_after=2022-10-03T01:53:02.474149+00:00
[2022-10-03T01:53:02.487+0000] {processor.py:161} INFO - Processing /home/airflow/.local/lib/python3.7/site-packages/airflow/example_dags/example_skip_dag.py took 0.210 seconds
[2022-10-03T01:53:33.118+0000] {processor.py:153} INFO - Started process (PID=173) to work on /home/airflow/.local/lib/python3.7/site-packages/airflow/example_dags/example_skip_dag.py
[2022-10-03T01:53:33.119+0000] {processor.py:640} INFO - Processing file /home/airflow/.local/lib/python3.7/site-packages/airflow/example_dags/example_skip_dag.py for tasks to queue
[2022-10-03T01:53:33.120+0000] {logging_mixin.py:115} INFO - [2022-10-03T01:53:33.120+0000] {dagbag.py:508} INFO - Filling up the DagBag from /home/airflow/.local/lib/python3.7/site-packages/airflow/example_dags/example_skip_dag.py
[2022-10-03T01:53:33.125+0000] {processor.py:650} INFO - DAG(s) dict_keys(['example_skip_dag']) retrieved from /home/airflow/.local/lib/python3.7/site-packages/airflow/example_dags/example_skip_dag.py
[2022-10-03T01:53:33.150+0000] {logging_mixin.py:115} INFO - [2022-10-03T01:53:33.150+0000] {dag.py:2429} INFO - Sync 1 DAGs
[2022-10-03T01:53:33.278+0000] {logging_mixin.py:115} INFO - [2022-10-03T01:53:33.278+0000] {dag.py:2981} INFO - Setting next_dagrun for example_skip_dag to 2022-10-02T01:53:33.278438+00:00, run_after=2022-10-03T01:53:33.278438+00:00
[2022-10-03T01:53:33.292+0000] {processor.py:161} INFO - Processing /home/airflow/.local/lib/python3.7/site-packages/airflow/example_dags/example_skip_dag.py took 0.177 seconds
[2022-10-03T01:54:03.963+0000] {processor.py:153} INFO - Started process (PID=228) to work on /home/airflow/.local/lib/python3.7/site-packages/airflow/example_dags/example_skip_dag.py
[2022-10-03T01:54:03.964+0000] {processor.py:640} INFO - Processing file /home/airflow/.local/lib/python3.7/site-packages/airflow/example_dags/example_skip_dag.py for tasks to queue
[2022-10-03T01:54:03.965+0000] {logging_mixin.py:115} INFO - [2022-10-03T01:54:03.965+0000] {dagbag.py:508} INFO - Filling up the DagBag from /home/airflow/.local/lib/python3.7/site-packages/airflow/example_dags/example_skip_dag.py
[2022-10-03T01:54:03.970+0000] {processor.py:650} INFO - DAG(s) dict_keys(['example_skip_dag']) retrieved from /home/airflow/.local/lib/python3.7/site-packages/airflow/example_dags/example_skip_dag.py
[2022-10-03T01:54:03.995+0000] {logging_mixin.py:115} INFO - [2022-10-03T01:54:03.995+0000] {dag.py:2429} INFO - Sync 1 DAGs
[2022-10-03T01:54:04.127+0000] {logging_mixin.py:115} INFO - [2022-10-03T01:54:04.127+0000] {dag.py:2981} INFO - Setting next_dagrun for example_skip_dag to 2022-10-02T01:54:04.127291+00:00, run_after=2022-10-03T01:54:04.127291+00:00
[2022-10-03T01:54:04.148+0000] {processor.py:161} INFO - Processing /home/airflow/.local/lib/python3.7/site-packages/airflow/example_dags/example_skip_dag.py took 0.187 seconds
[2022-10-03T01:54:34.896+0000] {processor.py:153} INFO - Started process (PID=284) to work on /home/airflow/.local/lib/python3.7/site-packages/airflow/example_dags/example_skip_dag.py
[2022-10-03T01:54:34.897+0000] {processor.py:640} INFO - Processing file /home/airflow/.local/lib/python3.7/site-packages/airflow/example_dags/example_skip_dag.py for tasks to queue
[2022-10-03T01:54:34.898+0000] {logging_mixin.py:115} INFO - [2022-10-03T01:54:34.898+0000] {dagbag.py:508} INFO - Filling up the DagBag from /home/airflow/.local/lib/python3.7/site-packages/airflow/example_dags/example_skip_dag.py
[2022-10-03T01:54:34.907+0000] {processor.py:650} INFO - DAG(s) dict_keys(['example_skip_dag']) retrieved from /home/airflow/.local/lib/python3.7/site-packages/airflow/example_dags/example_skip_dag.py
[2022-10-03T01:54:34.972+0000] {logging_mixin.py:115} INFO - [2022-10-03T01:54:34.971+0000] {dag.py:2429} INFO - Sync 1 DAGs
[2022-10-03T01:54:35.184+0000] {logging_mixin.py:115} INFO - [2022-10-03T01:54:35.183+0000] {dag.py:2981} INFO - Setting next_dagrun for example_skip_dag to 2022-10-02T01:54:35.183531+00:00, run_after=2022-10-03T01:54:35.183531+00:00
[2022-10-03T01:54:35.207+0000] {processor.py:161} INFO - Processing /home/airflow/.local/lib/python3.7/site-packages/airflow/example_dags/example_skip_dag.py took 0.313 seconds
[2022-10-03T01:55:05.346+0000] {processor.py:153} INFO - Started process (PID=339) to work on /home/airflow/.local/lib/python3.7/site-packages/airflow/example_dags/example_skip_dag.py
[2022-10-03T01:55:05.347+0000] {processor.py:640} INFO - Processing file /home/airflow/.local/lib/python3.7/site-packages/airflow/example_dags/example_skip_dag.py for tasks to queue
[2022-10-03T01:55:05.348+0000] {logging_mixin.py:115} INFO - [2022-10-03T01:55:05.348+0000] {dagbag.py:508} INFO - Filling up the DagBag from /home/airflow/.local/lib/python3.7/site-packages/airflow/example_dags/example_skip_dag.py
[2022-10-03T01:55:05.353+0000] {processor.py:650} INFO - DAG(s) dict_keys(['example_skip_dag']) retrieved from /home/airflow/.local/lib/python3.7/site-packages/airflow/example_dags/example_skip_dag.py
[2022-10-03T01:55:05.391+0000] {logging_mixin.py:115} INFO - [2022-10-03T01:55:05.391+0000] {dag.py:2429} INFO - Sync 1 DAGs
[2022-10-03T01:55:05.519+0000] {logging_mixin.py:115} INFO - [2022-10-03T01:55:05.518+0000] {dag.py:2981} INFO - Setting next_dagrun for example_skip_dag to 2022-10-02T01:55:05.518669+00:00, run_after=2022-10-03T01:55:05.518669+00:00
[2022-10-03T01:55:05.532+0000] {processor.py:161} INFO - Processing /home/airflow/.local/lib/python3.7/site-packages/airflow/example_dags/example_skip_dag.py took 0.190 seconds
[2022-10-03T01:55:36.126+0000] {processor.py:153} INFO - Started process (PID=394) to work on /home/airflow/.local/lib/python3.7/site-packages/airflow/example_dags/example_skip_dag.py
[2022-10-03T01:55:36.128+0000] {processor.py:640} INFO - Processing file /home/airflow/.local/lib/python3.7/site-packages/airflow/example_dags/example_skip_dag.py for tasks to queue
[2022-10-03T01:55:36.129+0000] {logging_mixin.py:115} INFO - [2022-10-03T01:55:36.129+0000] {dagbag.py:508} INFO - Filling up the DagBag from /home/airflow/.local/lib/python3.7/site-packages/airflow/example_dags/example_skip_dag.py
[2022-10-03T01:55:36.136+0000] {processor.py:650} INFO - DAG(s) dict_keys(['example_skip_dag']) retrieved from /home/airflow/.local/lib/python3.7/site-packages/airflow/example_dags/example_skip_dag.py
[2022-10-03T01:55:36.162+0000] {logging_mixin.py:115} INFO - [2022-10-03T01:55:36.162+0000] {dag.py:2429} INFO - Sync 1 DAGs
[2022-10-03T01:55:36.293+0000] {logging_mixin.py:115} INFO - [2022-10-03T01:55:36.293+0000] {dag.py:2981} INFO - Setting next_dagrun for example_skip_dag to 2022-10-02T01:55:36.293524+00:00, run_after=2022-10-03T01:55:36.293524+00:00
[2022-10-03T01:55:36.309+0000] {processor.py:161} INFO - Processing /home/airflow/.local/lib/python3.7/site-packages/airflow/example_dags/example_skip_dag.py took 0.186 seconds
[2022-10-03T01:56:06.694+0000] {processor.py:153} INFO - Started process (PID=449) to work on /home/airflow/.local/lib/python3.7/site-packages/airflow/example_dags/example_skip_dag.py
[2022-10-03T01:56:06.695+0000] {processor.py:640} INFO - Processing file /home/airflow/.local/lib/python3.7/site-packages/airflow/example_dags/example_skip_dag.py for tasks to queue
[2022-10-03T01:56:06.695+0000] {logging_mixin.py:115} INFO - [2022-10-03T01:56:06.695+0000] {dagbag.py:508} INFO - Filling up the DagBag from /home/airflow/.local/lib/python3.7/site-packages/airflow/example_dags/example_skip_dag.py
[2022-10-03T01:56:06.700+0000] {processor.py:650} INFO - DAG(s) dict_keys(['example_skip_dag']) retrieved from /home/airflow/.local/lib/python3.7/site-packages/airflow/example_dags/example_skip_dag.py
[2022-10-03T01:56:06.723+0000] {logging_mixin.py:115} INFO - [2022-10-03T01:56:06.723+0000] {dag.py:2429} INFO - Sync 1 DAGs
[2022-10-03T01:56:06.834+0000] {logging_mixin.py:115} INFO - [2022-10-03T01:56:06.834+0000] {dag.py:2981} INFO - Setting next_dagrun for example_skip_dag to 2022-10-02T01:56:06.834134+00:00, run_after=2022-10-03T01:56:06.834134+00:00
[2022-10-03T01:56:06.848+0000] {processor.py:161} INFO - Processing /home/airflow/.local/lib/python3.7/site-packages/airflow/example_dags/example_skip_dag.py took 0.156 seconds
[2022-10-03T01:56:37.515+0000] {processor.py:153} INFO - Started process (PID=504) to work on /home/airflow/.local/lib/python3.7/site-packages/airflow/example_dags/example_skip_dag.py
[2022-10-03T01:56:37.516+0000] {processor.py:640} INFO - Processing file /home/airflow/.local/lib/python3.7/site-packages/airflow/example_dags/example_skip_dag.py for tasks to queue
[2022-10-03T01:56:37.518+0000] {logging_mixin.py:115} INFO - [2022-10-03T01:56:37.517+0000] {dagbag.py:508} INFO - Filling up the DagBag from /home/airflow/.local/lib/python3.7/site-packages/airflow/example_dags/example_skip_dag.py
[2022-10-03T01:56:37.524+0000] {processor.py:650} INFO - DAG(s) dict_keys(['example_skip_dag']) retrieved from /home/airflow/.local/lib/python3.7/site-packages/airflow/example_dags/example_skip_dag.py
[2022-10-03T01:56:37.550+0000] {logging_mixin.py:115} INFO - [2022-10-03T01:56:37.550+0000] {dag.py:2429} INFO - Sync 1 DAGs
[2022-10-03T01:56:37.691+0000] {logging_mixin.py:115} INFO - [2022-10-03T01:56:37.691+0000] {dag.py:2981} INFO - Setting next_dagrun for example_skip_dag to 2022-10-02T01:56:37.690805+00:00, run_after=2022-10-03T01:56:37.690805+00:00
[2022-10-03T01:56:37.709+0000] {processor.py:161} INFO - Processing /home/airflow/.local/lib/python3.7/site-packages/airflow/example_dags/example_skip_dag.py took 0.196 seconds
[2022-10-03T01:57:08.049+0000] {processor.py:153} INFO - Started process (PID=559) to work on /home/airflow/.local/lib/python3.7/site-packages/airflow/example_dags/example_skip_dag.py
[2022-10-03T01:57:08.050+0000] {processor.py:640} INFO - Processing file /home/airflow/.local/lib/python3.7/site-packages/airflow/example_dags/example_skip_dag.py for tasks to queue
[2022-10-03T01:57:08.051+0000] {logging_mixin.py:115} INFO - [2022-10-03T01:57:08.051+0000] {dagbag.py:508} INFO - Filling up the DagBag from /home/airflow/.local/lib/python3.7/site-packages/airflow/example_dags/example_skip_dag.py
[2022-10-03T01:57:08.057+0000] {processor.py:650} INFO - DAG(s) dict_keys(['example_skip_dag']) retrieved from /home/airflow/.local/lib/python3.7/site-packages/airflow/example_dags/example_skip_dag.py
[2022-10-03T01:57:08.080+0000] {logging_mixin.py:115} INFO - [2022-10-03T01:57:08.080+0000] {dag.py:2429} INFO - Sync 1 DAGs
[2022-10-03T01:57:08.217+0000] {logging_mixin.py:115} INFO - [2022-10-03T01:57:08.217+0000] {dag.py:2981} INFO - Setting next_dagrun for example_skip_dag to 2022-10-02T01:57:08.217000+00:00, run_after=2022-10-03T01:57:08.217000+00:00
[2022-10-03T01:57:08.232+0000] {processor.py:161} INFO - Processing /home/airflow/.local/lib/python3.7/site-packages/airflow/example_dags/example_skip_dag.py took 0.185 seconds
[2022-10-03T01:57:38.570+0000] {processor.py:153} INFO - Started process (PID=614) to work on /home/airflow/.local/lib/python3.7/site-packages/airflow/example_dags/example_skip_dag.py
[2022-10-03T01:57:38.571+0000] {processor.py:640} INFO - Processing file /home/airflow/.local/lib/python3.7/site-packages/airflow/example_dags/example_skip_dag.py for tasks to queue
[2022-10-03T01:57:38.572+0000] {logging_mixin.py:115} INFO - [2022-10-03T01:57:38.572+0000] {dagbag.py:508} INFO - Filling up the DagBag from /home/airflow/.local/lib/python3.7/site-packages/airflow/example_dags/example_skip_dag.py
[2022-10-03T01:57:38.576+0000] {processor.py:650} INFO - DAG(s) dict_keys(['example_skip_dag']) retrieved from /home/airflow/.local/lib/python3.7/site-packages/airflow/example_dags/example_skip_dag.py
[2022-10-03T01:57:38.604+0000] {logging_mixin.py:115} INFO - [2022-10-03T01:57:38.603+0000] {dag.py:2429} INFO - Sync 1 DAGs
[2022-10-03T01:57:38.739+0000] {logging_mixin.py:115} INFO - [2022-10-03T01:57:38.739+0000] {dag.py:2981} INFO - Setting next_dagrun for example_skip_dag to 2022-10-02T01:57:38.739352+00:00, run_after=2022-10-03T01:57:38.739352+00:00
[2022-10-03T01:57:38.755+0000] {processor.py:161} INFO - Processing /home/airflow/.local/lib/python3.7/site-packages/airflow/example_dags/example_skip_dag.py took 0.187 seconds
[2022-10-03T01:58:09.349+0000] {processor.py:153} INFO - Started process (PID=669) to work on /home/airflow/.local/lib/python3.7/site-packages/airflow/example_dags/example_skip_dag.py
[2022-10-03T01:58:09.350+0000] {processor.py:640} INFO - Processing file /home/airflow/.local/lib/python3.7/site-packages/airflow/example_dags/example_skip_dag.py for tasks to queue
[2022-10-03T01:58:09.351+0000] {logging_mixin.py:115} INFO - [2022-10-03T01:58:09.351+0000] {dagbag.py:508} INFO - Filling up the DagBag from /home/airflow/.local/lib/python3.7/site-packages/airflow/example_dags/example_skip_dag.py
[2022-10-03T01:58:09.355+0000] {processor.py:650} INFO - DAG(s) dict_keys(['example_skip_dag']) retrieved from /home/airflow/.local/lib/python3.7/site-packages/airflow/example_dags/example_skip_dag.py
[2022-10-03T01:58:09.378+0000] {logging_mixin.py:115} INFO - [2022-10-03T01:58:09.378+0000] {dag.py:2429} INFO - Sync 1 DAGs
[2022-10-03T01:58:09.509+0000] {logging_mixin.py:115} INFO - [2022-10-03T01:58:09.509+0000] {dag.py:2981} INFO - Setting next_dagrun for example_skip_dag to 2022-10-02T01:58:09.509545+00:00, run_after=2022-10-03T01:58:09.509545+00:00
[2022-10-03T01:58:09.525+0000] {processor.py:161} INFO - Processing /home/airflow/.local/lib/python3.7/site-packages/airflow/example_dags/example_skip_dag.py took 0.178 seconds
[2022-10-03T01:58:39.778+0000] {processor.py:153} INFO - Started process (PID=724) to work on /home/airflow/.local/lib/python3.7/site-packages/airflow/example_dags/example_skip_dag.py
[2022-10-03T01:58:39.780+0000] {processor.py:640} INFO - Processing file /home/airflow/.local/lib/python3.7/site-packages/airflow/example_dags/example_skip_dag.py for tasks to queue
[2022-10-03T01:58:39.781+0000] {logging_mixin.py:115} INFO - [2022-10-03T01:58:39.781+0000] {dagbag.py:508} INFO - Filling up the DagBag from /home/airflow/.local/lib/python3.7/site-packages/airflow/example_dags/example_skip_dag.py
[2022-10-03T01:58:39.786+0000] {processor.py:650} INFO - DAG(s) dict_keys(['example_skip_dag']) retrieved from /home/airflow/.local/lib/python3.7/site-packages/airflow/example_dags/example_skip_dag.py
[2022-10-03T01:58:39.808+0000] {logging_mixin.py:115} INFO - [2022-10-03T01:58:39.808+0000] {dag.py:2429} INFO - Sync 1 DAGs
[2022-10-03T01:58:39.931+0000] {logging_mixin.py:115} INFO - [2022-10-03T01:58:39.931+0000] {dag.py:2981} INFO - Setting next_dagrun for example_skip_dag to 2022-10-02T01:58:39.931288+00:00, run_after=2022-10-03T01:58:39.931288+00:00
[2022-10-03T01:58:39.944+0000] {processor.py:161} INFO - Processing /home/airflow/.local/lib/python3.7/site-packages/airflow/example_dags/example_skip_dag.py took 0.170 seconds
[2022-10-03T01:59:10.455+0000] {processor.py:153} INFO - Started process (PID=779) to work on /home/airflow/.local/lib/python3.7/site-packages/airflow/example_dags/example_skip_dag.py
[2022-10-03T01:59:10.456+0000] {processor.py:640} INFO - Processing file /home/airflow/.local/lib/python3.7/site-packages/airflow/example_dags/example_skip_dag.py for tasks to queue
[2022-10-03T01:59:10.457+0000] {logging_mixin.py:115} INFO - [2022-10-03T01:59:10.457+0000] {dagbag.py:508} INFO - Filling up the DagBag from /home/airflow/.local/lib/python3.7/site-packages/airflow/example_dags/example_skip_dag.py
[2022-10-03T01:59:10.461+0000] {processor.py:650} INFO - DAG(s) dict_keys(['example_skip_dag']) retrieved from /home/airflow/.local/lib/python3.7/site-packages/airflow/example_dags/example_skip_dag.py
[2022-10-03T01:59:10.486+0000] {logging_mixin.py:115} INFO - [2022-10-03T01:59:10.486+0000] {dag.py:2429} INFO - Sync 1 DAGs
[2022-10-03T01:59:10.608+0000] {logging_mixin.py:115} INFO - [2022-10-03T01:59:10.608+0000] {dag.py:2981} INFO - Setting next_dagrun for example_skip_dag to 2022-10-02T01:59:10.608054+00:00, run_after=2022-10-03T01:59:10.608054+00:00
[2022-10-03T01:59:10.621+0000] {processor.py:161} INFO - Processing /home/airflow/.local/lib/python3.7/site-packages/airflow/example_dags/example_skip_dag.py took 0.168 seconds
[2022-10-03T01:59:41.119+0000] {processor.py:153} INFO - Started process (PID=835) to work on /home/airflow/.local/lib/python3.7/site-packages/airflow/example_dags/example_skip_dag.py
[2022-10-03T01:59:41.120+0000] {processor.py:640} INFO - Processing file /home/airflow/.local/lib/python3.7/site-packages/airflow/example_dags/example_skip_dag.py for tasks to queue
[2022-10-03T01:59:41.121+0000] {logging_mixin.py:115} INFO - [2022-10-03T01:59:41.120+0000] {dagbag.py:508} INFO - Filling up the DagBag from /home/airflow/.local/lib/python3.7/site-packages/airflow/example_dags/example_skip_dag.py
[2022-10-03T01:59:41.125+0000] {processor.py:650} INFO - DAG(s) dict_keys(['example_skip_dag']) retrieved from /home/airflow/.local/lib/python3.7/site-packages/airflow/example_dags/example_skip_dag.py
[2022-10-03T01:59:41.151+0000] {logging_mixin.py:115} INFO - [2022-10-03T01:59:41.151+0000] {dag.py:2429} INFO - Sync 1 DAGs
[2022-10-03T01:59:41.290+0000] {logging_mixin.py:115} INFO - [2022-10-03T01:59:41.289+0000] {dag.py:2981} INFO - Setting next_dagrun for example_skip_dag to 2022-10-02T01:59:41.289707+00:00, run_after=2022-10-03T01:59:41.289707+00:00
[2022-10-03T01:59:41.307+0000] {processor.py:161} INFO - Processing /home/airflow/.local/lib/python3.7/site-packages/airflow/example_dags/example_skip_dag.py took 0.191 seconds
