[2022-10-03T01:29:50.515+0000] {processor.py:153} INFO - Started process (PID=76) to work on /home/airflow/.local/lib/python3.7/site-packages/airflow/example_dags/example_local_kubernetes_executor.py
[2022-10-03T01:29:50.516+0000] {processor.py:640} INFO - Processing file /home/airflow/.local/lib/python3.7/site-packages/airflow/example_dags/example_local_kubernetes_executor.py for tasks to queue
[2022-10-03T01:29:50.518+0000] {logging_mixin.py:115} INFO - [2022-10-03T01:29:50.518+0000] {dagbag.py:508} INFO - Filling up the DagBag from /home/airflow/.local/lib/python3.7/site-packages/airflow/example_dags/example_local_kubernetes_executor.py
[2022-10-03T01:29:50.548+0000] {processor.py:650} INFO - DAG(s) dict_keys(['example_local_kubernetes_executor']) retrieved from /home/airflow/.local/lib/python3.7/site-packages/airflow/example_dags/example_local_kubernetes_executor.py
[2022-10-03T01:29:50.834+0000] {logging_mixin.py:115} INFO - [2022-10-03T01:29:50.834+0000] {manager.py:508} INFO - Created Permission View: can edit on DAG:example_local_kubernetes_executor
[2022-10-03T01:29:50.847+0000] {logging_mixin.py:115} INFO - [2022-10-03T01:29:50.847+0000] {manager.py:508} INFO - Created Permission View: can read on DAG:example_local_kubernetes_executor
[2022-10-03T01:29:50.858+0000] {logging_mixin.py:115} INFO - [2022-10-03T01:29:50.858+0000] {manager.py:508} INFO - Created Permission View: can delete on DAG:example_local_kubernetes_executor
[2022-10-03T01:29:50.859+0000] {logging_mixin.py:115} INFO - [2022-10-03T01:29:50.859+0000] {dag.py:2429} INFO - Sync 1 DAGs
[2022-10-03T01:29:50.868+0000] {logging_mixin.py:115} INFO - [2022-10-03T01:29:50.867+0000] {dag.py:2448} INFO - Creating ORM DAG for example_local_kubernetes_executor
[2022-10-03T01:29:50.880+0000] {logging_mixin.py:115} INFO - [2022-10-03T01:29:50.879+0000] {dag.py:2981} INFO - Setting next_dagrun for example_local_kubernetes_executor to None, run_after=None
[2022-10-03T01:29:50.899+0000] {processor.py:161} INFO - Processing /home/airflow/.local/lib/python3.7/site-packages/airflow/example_dags/example_local_kubernetes_executor.py took 0.388 seconds
[2022-10-03T01:30:21.217+0000] {processor.py:153} INFO - Started process (PID=131) to work on /home/airflow/.local/lib/python3.7/site-packages/airflow/example_dags/example_local_kubernetes_executor.py
[2022-10-03T01:30:21.218+0000] {processor.py:640} INFO - Processing file /home/airflow/.local/lib/python3.7/site-packages/airflow/example_dags/example_local_kubernetes_executor.py for tasks to queue
[2022-10-03T01:30:21.219+0000] {logging_mixin.py:115} INFO - [2022-10-03T01:30:21.219+0000] {dagbag.py:508} INFO - Filling up the DagBag from /home/airflow/.local/lib/python3.7/site-packages/airflow/example_dags/example_local_kubernetes_executor.py
[2022-10-03T01:30:21.237+0000] {processor.py:650} INFO - DAG(s) dict_keys(['example_local_kubernetes_executor']) retrieved from /home/airflow/.local/lib/python3.7/site-packages/airflow/example_dags/example_local_kubernetes_executor.py
[2022-10-03T01:30:21.262+0000] {logging_mixin.py:115} INFO - [2022-10-03T01:30:21.262+0000] {dag.py:2429} INFO - Sync 1 DAGs
[2022-10-03T01:30:21.380+0000] {logging_mixin.py:115} INFO - [2022-10-03T01:30:21.380+0000] {dag.py:2981} INFO - Setting next_dagrun for example_local_kubernetes_executor to None, run_after=None
[2022-10-03T01:30:21.392+0000] {processor.py:161} INFO - Processing /home/airflow/.local/lib/python3.7/site-packages/airflow/example_dags/example_local_kubernetes_executor.py took 0.177 seconds
[2022-10-03T01:30:51.925+0000] {processor.py:153} INFO - Started process (PID=186) to work on /home/airflow/.local/lib/python3.7/site-packages/airflow/example_dags/example_local_kubernetes_executor.py
[2022-10-03T01:30:51.926+0000] {processor.py:640} INFO - Processing file /home/airflow/.local/lib/python3.7/site-packages/airflow/example_dags/example_local_kubernetes_executor.py for tasks to queue
[2022-10-03T01:30:51.927+0000] {logging_mixin.py:115} INFO - [2022-10-03T01:30:51.927+0000] {dagbag.py:508} INFO - Filling up the DagBag from /home/airflow/.local/lib/python3.7/site-packages/airflow/example_dags/example_local_kubernetes_executor.py
[2022-10-03T01:30:51.942+0000] {processor.py:650} INFO - DAG(s) dict_keys(['example_local_kubernetes_executor']) retrieved from /home/airflow/.local/lib/python3.7/site-packages/airflow/example_dags/example_local_kubernetes_executor.py
[2022-10-03T01:30:51.963+0000] {logging_mixin.py:115} INFO - [2022-10-03T01:30:51.963+0000] {dag.py:2429} INFO - Sync 1 DAGs
[2022-10-03T01:30:52.077+0000] {logging_mixin.py:115} INFO - [2022-10-03T01:30:52.077+0000] {dag.py:2981} INFO - Setting next_dagrun for example_local_kubernetes_executor to None, run_after=None
[2022-10-03T01:30:52.090+0000] {processor.py:161} INFO - Processing /home/airflow/.local/lib/python3.7/site-packages/airflow/example_dags/example_local_kubernetes_executor.py took 0.169 seconds
[2022-10-03T01:31:22.666+0000] {processor.py:153} INFO - Started process (PID=241) to work on /home/airflow/.local/lib/python3.7/site-packages/airflow/example_dags/example_local_kubernetes_executor.py
[2022-10-03T01:31:22.667+0000] {processor.py:640} INFO - Processing file /home/airflow/.local/lib/python3.7/site-packages/airflow/example_dags/example_local_kubernetes_executor.py for tasks to queue
[2022-10-03T01:31:22.668+0000] {logging_mixin.py:115} INFO - [2022-10-03T01:31:22.668+0000] {dagbag.py:508} INFO - Filling up the DagBag from /home/airflow/.local/lib/python3.7/site-packages/airflow/example_dags/example_local_kubernetes_executor.py
[2022-10-03T01:31:22.690+0000] {processor.py:650} INFO - DAG(s) dict_keys(['example_local_kubernetes_executor']) retrieved from /home/airflow/.local/lib/python3.7/site-packages/airflow/example_dags/example_local_kubernetes_executor.py
[2022-10-03T01:31:22.716+0000] {logging_mixin.py:115} INFO - [2022-10-03T01:31:22.716+0000] {dag.py:2429} INFO - Sync 1 DAGs
[2022-10-03T01:31:22.859+0000] {logging_mixin.py:115} INFO - [2022-10-03T01:31:22.859+0000] {dag.py:2981} INFO - Setting next_dagrun for example_local_kubernetes_executor to None, run_after=None
[2022-10-03T01:31:22.874+0000] {processor.py:161} INFO - Processing /home/airflow/.local/lib/python3.7/site-packages/airflow/example_dags/example_local_kubernetes_executor.py took 0.211 seconds
[2022-10-03T01:31:53.367+0000] {processor.py:153} INFO - Started process (PID=297) to work on /home/airflow/.local/lib/python3.7/site-packages/airflow/example_dags/example_local_kubernetes_executor.py
[2022-10-03T01:31:53.368+0000] {processor.py:640} INFO - Processing file /home/airflow/.local/lib/python3.7/site-packages/airflow/example_dags/example_local_kubernetes_executor.py for tasks to queue
[2022-10-03T01:31:53.369+0000] {logging_mixin.py:115} INFO - [2022-10-03T01:31:53.369+0000] {dagbag.py:508} INFO - Filling up the DagBag from /home/airflow/.local/lib/python3.7/site-packages/airflow/example_dags/example_local_kubernetes_executor.py
[2022-10-03T01:31:53.390+0000] {processor.py:650} INFO - DAG(s) dict_keys(['example_local_kubernetes_executor']) retrieved from /home/airflow/.local/lib/python3.7/site-packages/airflow/example_dags/example_local_kubernetes_executor.py
[2022-10-03T01:31:53.421+0000] {logging_mixin.py:115} INFO - [2022-10-03T01:31:53.421+0000] {dag.py:2429} INFO - Sync 1 DAGs
[2022-10-03T01:31:53.549+0000] {logging_mixin.py:115} INFO - [2022-10-03T01:31:53.549+0000] {dag.py:2981} INFO - Setting next_dagrun for example_local_kubernetes_executor to None, run_after=None
[2022-10-03T01:31:53.561+0000] {processor.py:161} INFO - Processing /home/airflow/.local/lib/python3.7/site-packages/airflow/example_dags/example_local_kubernetes_executor.py took 0.197 seconds
[2022-10-03T01:32:24.179+0000] {processor.py:153} INFO - Started process (PID=352) to work on /home/airflow/.local/lib/python3.7/site-packages/airflow/example_dags/example_local_kubernetes_executor.py
[2022-10-03T01:32:24.180+0000] {processor.py:640} INFO - Processing file /home/airflow/.local/lib/python3.7/site-packages/airflow/example_dags/example_local_kubernetes_executor.py for tasks to queue
[2022-10-03T01:32:24.181+0000] {logging_mixin.py:115} INFO - [2022-10-03T01:32:24.181+0000] {dagbag.py:508} INFO - Filling up the DagBag from /home/airflow/.local/lib/python3.7/site-packages/airflow/example_dags/example_local_kubernetes_executor.py
[2022-10-03T01:32:24.200+0000] {processor.py:650} INFO - DAG(s) dict_keys(['example_local_kubernetes_executor']) retrieved from /home/airflow/.local/lib/python3.7/site-packages/airflow/example_dags/example_local_kubernetes_executor.py
[2022-10-03T01:32:24.236+0000] {logging_mixin.py:115} INFO - [2022-10-03T01:32:24.235+0000] {dag.py:2429} INFO - Sync 1 DAGs
[2022-10-03T01:32:24.380+0000] {logging_mixin.py:115} INFO - [2022-10-03T01:32:24.380+0000] {dag.py:2981} INFO - Setting next_dagrun for example_local_kubernetes_executor to None, run_after=None
[2022-10-03T01:32:24.397+0000] {processor.py:161} INFO - Processing /home/airflow/.local/lib/python3.7/site-packages/airflow/example_dags/example_local_kubernetes_executor.py took 0.221 seconds
[2022-10-03T01:32:55.021+0000] {processor.py:153} INFO - Started process (PID=407) to work on /home/airflow/.local/lib/python3.7/site-packages/airflow/example_dags/example_local_kubernetes_executor.py
[2022-10-03T01:32:55.022+0000] {processor.py:640} INFO - Processing file /home/airflow/.local/lib/python3.7/site-packages/airflow/example_dags/example_local_kubernetes_executor.py for tasks to queue
[2022-10-03T01:32:55.024+0000] {logging_mixin.py:115} INFO - [2022-10-03T01:32:55.024+0000] {dagbag.py:508} INFO - Filling up the DagBag from /home/airflow/.local/lib/python3.7/site-packages/airflow/example_dags/example_local_kubernetes_executor.py
[2022-10-03T01:32:55.044+0000] {processor.py:650} INFO - DAG(s) dict_keys(['example_local_kubernetes_executor']) retrieved from /home/airflow/.local/lib/python3.7/site-packages/airflow/example_dags/example_local_kubernetes_executor.py
[2022-10-03T01:32:55.068+0000] {logging_mixin.py:115} INFO - [2022-10-03T01:32:55.068+0000] {dag.py:2429} INFO - Sync 1 DAGs
[2022-10-03T01:32:55.185+0000] {logging_mixin.py:115} INFO - [2022-10-03T01:32:55.185+0000] {dag.py:2981} INFO - Setting next_dagrun for example_local_kubernetes_executor to None, run_after=None
[2022-10-03T01:32:55.198+0000] {processor.py:161} INFO - Processing /home/airflow/.local/lib/python3.7/site-packages/airflow/example_dags/example_local_kubernetes_executor.py took 0.180 seconds
[2022-10-03T01:33:25.765+0000] {processor.py:153} INFO - Started process (PID=462) to work on /home/airflow/.local/lib/python3.7/site-packages/airflow/example_dags/example_local_kubernetes_executor.py
[2022-10-03T01:33:25.766+0000] {processor.py:640} INFO - Processing file /home/airflow/.local/lib/python3.7/site-packages/airflow/example_dags/example_local_kubernetes_executor.py for tasks to queue
[2022-10-03T01:33:25.767+0000] {logging_mixin.py:115} INFO - [2022-10-03T01:33:25.767+0000] {dagbag.py:508} INFO - Filling up the DagBag from /home/airflow/.local/lib/python3.7/site-packages/airflow/example_dags/example_local_kubernetes_executor.py
[2022-10-03T01:33:25.785+0000] {processor.py:650} INFO - DAG(s) dict_keys(['example_local_kubernetes_executor']) retrieved from /home/airflow/.local/lib/python3.7/site-packages/airflow/example_dags/example_local_kubernetes_executor.py
[2022-10-03T01:33:25.809+0000] {logging_mixin.py:115} INFO - [2022-10-03T01:33:25.809+0000] {dag.py:2429} INFO - Sync 1 DAGs
[2022-10-03T01:33:25.928+0000] {logging_mixin.py:115} INFO - [2022-10-03T01:33:25.928+0000] {dag.py:2981} INFO - Setting next_dagrun for example_local_kubernetes_executor to None, run_after=None
[2022-10-03T01:33:25.943+0000] {processor.py:161} INFO - Processing /home/airflow/.local/lib/python3.7/site-packages/airflow/example_dags/example_local_kubernetes_executor.py took 0.180 seconds
[2022-10-03T01:33:56.544+0000] {processor.py:153} INFO - Started process (PID=517) to work on /home/airflow/.local/lib/python3.7/site-packages/airflow/example_dags/example_local_kubernetes_executor.py
[2022-10-03T01:33:56.545+0000] {processor.py:640} INFO - Processing file /home/airflow/.local/lib/python3.7/site-packages/airflow/example_dags/example_local_kubernetes_executor.py for tasks to queue
[2022-10-03T01:33:56.546+0000] {logging_mixin.py:115} INFO - [2022-10-03T01:33:56.546+0000] {dagbag.py:508} INFO - Filling up the DagBag from /home/airflow/.local/lib/python3.7/site-packages/airflow/example_dags/example_local_kubernetes_executor.py
[2022-10-03T01:33:56.571+0000] {processor.py:650} INFO - DAG(s) dict_keys(['example_local_kubernetes_executor']) retrieved from /home/airflow/.local/lib/python3.7/site-packages/airflow/example_dags/example_local_kubernetes_executor.py
[2022-10-03T01:33:56.616+0000] {logging_mixin.py:115} INFO - [2022-10-03T01:33:56.615+0000] {dag.py:2429} INFO - Sync 1 DAGs
[2022-10-03T01:33:56.736+0000] {logging_mixin.py:115} INFO - [2022-10-03T01:33:56.736+0000] {dag.py:2981} INFO - Setting next_dagrun for example_local_kubernetes_executor to None, run_after=None
[2022-10-03T01:33:56.748+0000] {processor.py:161} INFO - Processing /home/airflow/.local/lib/python3.7/site-packages/airflow/example_dags/example_local_kubernetes_executor.py took 0.207 seconds
[2022-10-03T01:34:27.251+0000] {processor.py:153} INFO - Started process (PID=572) to work on /home/airflow/.local/lib/python3.7/site-packages/airflow/example_dags/example_local_kubernetes_executor.py
[2022-10-03T01:34:27.252+0000] {processor.py:640} INFO - Processing file /home/airflow/.local/lib/python3.7/site-packages/airflow/example_dags/example_local_kubernetes_executor.py for tasks to queue
[2022-10-03T01:34:27.253+0000] {logging_mixin.py:115} INFO - [2022-10-03T01:34:27.253+0000] {dagbag.py:508} INFO - Filling up the DagBag from /home/airflow/.local/lib/python3.7/site-packages/airflow/example_dags/example_local_kubernetes_executor.py
[2022-10-03T01:34:27.276+0000] {processor.py:650} INFO - DAG(s) dict_keys(['example_local_kubernetes_executor']) retrieved from /home/airflow/.local/lib/python3.7/site-packages/airflow/example_dags/example_local_kubernetes_executor.py
[2022-10-03T01:34:27.301+0000] {logging_mixin.py:115} INFO - [2022-10-03T01:34:27.301+0000] {dag.py:2429} INFO - Sync 1 DAGs
[2022-10-03T01:34:27.432+0000] {logging_mixin.py:115} INFO - [2022-10-03T01:34:27.432+0000] {dag.py:2981} INFO - Setting next_dagrun for example_local_kubernetes_executor to None, run_after=None
[2022-10-03T01:34:27.445+0000] {processor.py:161} INFO - Processing /home/airflow/.local/lib/python3.7/site-packages/airflow/example_dags/example_local_kubernetes_executor.py took 0.197 seconds
[2022-10-03T01:34:57.928+0000] {processor.py:153} INFO - Started process (PID=627) to work on /home/airflow/.local/lib/python3.7/site-packages/airflow/example_dags/example_local_kubernetes_executor.py
[2022-10-03T01:34:57.929+0000] {processor.py:640} INFO - Processing file /home/airflow/.local/lib/python3.7/site-packages/airflow/example_dags/example_local_kubernetes_executor.py for tasks to queue
[2022-10-03T01:34:57.930+0000] {logging_mixin.py:115} INFO - [2022-10-03T01:34:57.930+0000] {dagbag.py:508} INFO - Filling up the DagBag from /home/airflow/.local/lib/python3.7/site-packages/airflow/example_dags/example_local_kubernetes_executor.py
[2022-10-03T01:34:57.945+0000] {processor.py:650} INFO - DAG(s) dict_keys(['example_local_kubernetes_executor']) retrieved from /home/airflow/.local/lib/python3.7/site-packages/airflow/example_dags/example_local_kubernetes_executor.py
[2022-10-03T01:34:57.971+0000] {logging_mixin.py:115} INFO - [2022-10-03T01:34:57.971+0000] {dag.py:2429} INFO - Sync 1 DAGs
[2022-10-03T01:34:58.091+0000] {logging_mixin.py:115} INFO - [2022-10-03T01:34:58.090+0000] {dag.py:2981} INFO - Setting next_dagrun for example_local_kubernetes_executor to None, run_after=None
[2022-10-03T01:34:58.104+0000] {processor.py:161} INFO - Processing /home/airflow/.local/lib/python3.7/site-packages/airflow/example_dags/example_local_kubernetes_executor.py took 0.179 seconds
[2022-10-03T01:35:28.913+0000] {processor.py:153} INFO - Started process (PID=689) to work on /home/airflow/.local/lib/python3.7/site-packages/airflow/example_dags/example_local_kubernetes_executor.py
[2022-10-03T01:35:28.914+0000] {processor.py:640} INFO - Processing file /home/airflow/.local/lib/python3.7/site-packages/airflow/example_dags/example_local_kubernetes_executor.py for tasks to queue
[2022-10-03T01:35:28.915+0000] {logging_mixin.py:115} INFO - [2022-10-03T01:35:28.915+0000] {dagbag.py:508} INFO - Filling up the DagBag from /home/airflow/.local/lib/python3.7/site-packages/airflow/example_dags/example_local_kubernetes_executor.py
[2022-10-03T01:35:28.933+0000] {processor.py:650} INFO - DAG(s) dict_keys(['example_local_kubernetes_executor']) retrieved from /home/airflow/.local/lib/python3.7/site-packages/airflow/example_dags/example_local_kubernetes_executor.py
[2022-10-03T01:35:28.963+0000] {logging_mixin.py:115} INFO - [2022-10-03T01:35:28.963+0000] {dag.py:2429} INFO - Sync 1 DAGs
[2022-10-03T01:35:29.090+0000] {logging_mixin.py:115} INFO - [2022-10-03T01:35:29.090+0000] {dag.py:2981} INFO - Setting next_dagrun for example_local_kubernetes_executor to None, run_after=None
[2022-10-03T01:35:29.104+0000] {processor.py:161} INFO - Processing /home/airflow/.local/lib/python3.7/site-packages/airflow/example_dags/example_local_kubernetes_executor.py took 0.193 seconds
[2022-10-03T01:35:59.619+0000] {processor.py:153} INFO - Started process (PID=744) to work on /home/airflow/.local/lib/python3.7/site-packages/airflow/example_dags/example_local_kubernetes_executor.py
[2022-10-03T01:35:59.620+0000] {processor.py:640} INFO - Processing file /home/airflow/.local/lib/python3.7/site-packages/airflow/example_dags/example_local_kubernetes_executor.py for tasks to queue
[2022-10-03T01:35:59.621+0000] {logging_mixin.py:115} INFO - [2022-10-03T01:35:59.621+0000] {dagbag.py:508} INFO - Filling up the DagBag from /home/airflow/.local/lib/python3.7/site-packages/airflow/example_dags/example_local_kubernetes_executor.py
[2022-10-03T01:35:59.638+0000] {processor.py:650} INFO - DAG(s) dict_keys(['example_local_kubernetes_executor']) retrieved from /home/airflow/.local/lib/python3.7/site-packages/airflow/example_dags/example_local_kubernetes_executor.py
[2022-10-03T01:35:59.667+0000] {logging_mixin.py:115} INFO - [2022-10-03T01:35:59.667+0000] {dag.py:2429} INFO - Sync 1 DAGs
[2022-10-03T01:35:59.785+0000] {logging_mixin.py:115} INFO - [2022-10-03T01:35:59.785+0000] {dag.py:2981} INFO - Setting next_dagrun for example_local_kubernetes_executor to None, run_after=None
[2022-10-03T01:35:59.800+0000] {processor.py:161} INFO - Processing /home/airflow/.local/lib/python3.7/site-packages/airflow/example_dags/example_local_kubernetes_executor.py took 0.184 seconds
[2022-10-03T01:36:30.276+0000] {processor.py:153} INFO - Started process (PID=799) to work on /home/airflow/.local/lib/python3.7/site-packages/airflow/example_dags/example_local_kubernetes_executor.py
[2022-10-03T01:36:30.277+0000] {processor.py:640} INFO - Processing file /home/airflow/.local/lib/python3.7/site-packages/airflow/example_dags/example_local_kubernetes_executor.py for tasks to queue
[2022-10-03T01:36:30.278+0000] {logging_mixin.py:115} INFO - [2022-10-03T01:36:30.278+0000] {dagbag.py:508} INFO - Filling up the DagBag from /home/airflow/.local/lib/python3.7/site-packages/airflow/example_dags/example_local_kubernetes_executor.py
[2022-10-03T01:36:30.299+0000] {processor.py:650} INFO - DAG(s) dict_keys(['example_local_kubernetes_executor']) retrieved from /home/airflow/.local/lib/python3.7/site-packages/airflow/example_dags/example_local_kubernetes_executor.py
[2022-10-03T01:36:30.329+0000] {logging_mixin.py:115} INFO - [2022-10-03T01:36:30.329+0000] {dag.py:2429} INFO - Sync 1 DAGs
[2022-10-03T01:36:30.457+0000] {logging_mixin.py:115} INFO - [2022-10-03T01:36:30.456+0000] {dag.py:2981} INFO - Setting next_dagrun for example_local_kubernetes_executor to None, run_after=None
[2022-10-03T01:36:30.471+0000] {processor.py:161} INFO - Processing /home/airflow/.local/lib/python3.7/site-packages/airflow/example_dags/example_local_kubernetes_executor.py took 0.198 seconds
[2022-10-03T01:37:00.983+0000] {processor.py:153} INFO - Started process (PID=854) to work on /home/airflow/.local/lib/python3.7/site-packages/airflow/example_dags/example_local_kubernetes_executor.py
[2022-10-03T01:37:00.984+0000] {processor.py:640} INFO - Processing file /home/airflow/.local/lib/python3.7/site-packages/airflow/example_dags/example_local_kubernetes_executor.py for tasks to queue
[2022-10-03T01:37:00.985+0000] {logging_mixin.py:115} INFO - [2022-10-03T01:37:00.985+0000] {dagbag.py:508} INFO - Filling up the DagBag from /home/airflow/.local/lib/python3.7/site-packages/airflow/example_dags/example_local_kubernetes_executor.py
[2022-10-03T01:37:01.003+0000] {processor.py:650} INFO - DAG(s) dict_keys(['example_local_kubernetes_executor']) retrieved from /home/airflow/.local/lib/python3.7/site-packages/airflow/example_dags/example_local_kubernetes_executor.py
[2022-10-03T01:37:01.031+0000] {logging_mixin.py:115} INFO - [2022-10-03T01:37:01.031+0000] {dag.py:2429} INFO - Sync 1 DAGs
[2022-10-03T01:37:01.149+0000] {logging_mixin.py:115} INFO - [2022-10-03T01:37:01.149+0000] {dag.py:2981} INFO - Setting next_dagrun for example_local_kubernetes_executor to None, run_after=None
[2022-10-03T01:37:01.161+0000] {processor.py:161} INFO - Processing /home/airflow/.local/lib/python3.7/site-packages/airflow/example_dags/example_local_kubernetes_executor.py took 0.180 seconds
[2022-10-03T01:37:31.787+0000] {processor.py:153} INFO - Started process (PID=912) to work on /home/airflow/.local/lib/python3.7/site-packages/airflow/example_dags/example_local_kubernetes_executor.py
[2022-10-03T01:37:31.788+0000] {processor.py:640} INFO - Processing file /home/airflow/.local/lib/python3.7/site-packages/airflow/example_dags/example_local_kubernetes_executor.py for tasks to queue
[2022-10-03T01:37:31.789+0000] {logging_mixin.py:115} INFO - [2022-10-03T01:37:31.789+0000] {dagbag.py:508} INFO - Filling up the DagBag from /home/airflow/.local/lib/python3.7/site-packages/airflow/example_dags/example_local_kubernetes_executor.py
[2022-10-03T01:37:31.802+0000] {processor.py:650} INFO - DAG(s) dict_keys(['example_local_kubernetes_executor']) retrieved from /home/airflow/.local/lib/python3.7/site-packages/airflow/example_dags/example_local_kubernetes_executor.py
[2022-10-03T01:37:31.832+0000] {logging_mixin.py:115} INFO - [2022-10-03T01:37:31.831+0000] {dag.py:2429} INFO - Sync 1 DAGs
[2022-10-03T01:37:31.959+0000] {logging_mixin.py:115} INFO - [2022-10-03T01:37:31.959+0000] {dag.py:2981} INFO - Setting next_dagrun for example_local_kubernetes_executor to None, run_after=None
[2022-10-03T01:37:31.973+0000] {processor.py:161} INFO - Processing /home/airflow/.local/lib/python3.7/site-packages/airflow/example_dags/example_local_kubernetes_executor.py took 0.188 seconds
[2022-10-03T01:38:02.451+0000] {processor.py:153} INFO - Started process (PID=967) to work on /home/airflow/.local/lib/python3.7/site-packages/airflow/example_dags/example_local_kubernetes_executor.py
[2022-10-03T01:38:02.452+0000] {processor.py:640} INFO - Processing file /home/airflow/.local/lib/python3.7/site-packages/airflow/example_dags/example_local_kubernetes_executor.py for tasks to queue
[2022-10-03T01:38:02.453+0000] {logging_mixin.py:115} INFO - [2022-10-03T01:38:02.453+0000] {dagbag.py:508} INFO - Filling up the DagBag from /home/airflow/.local/lib/python3.7/site-packages/airflow/example_dags/example_local_kubernetes_executor.py
[2022-10-03T01:38:02.469+0000] {processor.py:650} INFO - DAG(s) dict_keys(['example_local_kubernetes_executor']) retrieved from /home/airflow/.local/lib/python3.7/site-packages/airflow/example_dags/example_local_kubernetes_executor.py
[2022-10-03T01:38:02.496+0000] {logging_mixin.py:115} INFO - [2022-10-03T01:38:02.496+0000] {dag.py:2429} INFO - Sync 1 DAGs
[2022-10-03T01:38:02.622+0000] {logging_mixin.py:115} INFO - [2022-10-03T01:38:02.621+0000] {dag.py:2981} INFO - Setting next_dagrun for example_local_kubernetes_executor to None, run_after=None
[2022-10-03T01:38:02.636+0000] {processor.py:161} INFO - Processing /home/airflow/.local/lib/python3.7/site-packages/airflow/example_dags/example_local_kubernetes_executor.py took 0.188 seconds
[2022-10-03T01:38:33.166+0000] {processor.py:153} INFO - Started process (PID=1022) to work on /home/airflow/.local/lib/python3.7/site-packages/airflow/example_dags/example_local_kubernetes_executor.py
[2022-10-03T01:38:33.167+0000] {processor.py:640} INFO - Processing file /home/airflow/.local/lib/python3.7/site-packages/airflow/example_dags/example_local_kubernetes_executor.py for tasks to queue
[2022-10-03T01:38:33.167+0000] {logging_mixin.py:115} INFO - [2022-10-03T01:38:33.167+0000] {dagbag.py:508} INFO - Filling up the DagBag from /home/airflow/.local/lib/python3.7/site-packages/airflow/example_dags/example_local_kubernetes_executor.py
[2022-10-03T01:38:33.188+0000] {processor.py:650} INFO - DAG(s) dict_keys(['example_local_kubernetes_executor']) retrieved from /home/airflow/.local/lib/python3.7/site-packages/airflow/example_dags/example_local_kubernetes_executor.py
[2022-10-03T01:38:33.218+0000] {logging_mixin.py:115} INFO - [2022-10-03T01:38:33.218+0000] {dag.py:2429} INFO - Sync 1 DAGs
[2022-10-03T01:38:33.343+0000] {logging_mixin.py:115} INFO - [2022-10-03T01:38:33.343+0000] {dag.py:2981} INFO - Setting next_dagrun for example_local_kubernetes_executor to None, run_after=None
[2022-10-03T01:38:33.356+0000] {processor.py:161} INFO - Processing /home/airflow/.local/lib/python3.7/site-packages/airflow/example_dags/example_local_kubernetes_executor.py took 0.193 seconds
[2022-10-03T01:39:03.935+0000] {processor.py:153} INFO - Started process (PID=1077) to work on /home/airflow/.local/lib/python3.7/site-packages/airflow/example_dags/example_local_kubernetes_executor.py
[2022-10-03T01:39:03.936+0000] {processor.py:640} INFO - Processing file /home/airflow/.local/lib/python3.7/site-packages/airflow/example_dags/example_local_kubernetes_executor.py for tasks to queue
[2022-10-03T01:39:03.937+0000] {logging_mixin.py:115} INFO - [2022-10-03T01:39:03.936+0000] {dagbag.py:508} INFO - Filling up the DagBag from /home/airflow/.local/lib/python3.7/site-packages/airflow/example_dags/example_local_kubernetes_executor.py
[2022-10-03T01:39:03.952+0000] {processor.py:650} INFO - DAG(s) dict_keys(['example_local_kubernetes_executor']) retrieved from /home/airflow/.local/lib/python3.7/site-packages/airflow/example_dags/example_local_kubernetes_executor.py
[2022-10-03T01:39:03.978+0000] {logging_mixin.py:115} INFO - [2022-10-03T01:39:03.977+0000] {dag.py:2429} INFO - Sync 1 DAGs
[2022-10-03T01:39:04.100+0000] {logging_mixin.py:115} INFO - [2022-10-03T01:39:04.100+0000] {dag.py:2981} INFO - Setting next_dagrun for example_local_kubernetes_executor to None, run_after=None
[2022-10-03T01:39:04.113+0000] {processor.py:161} INFO - Processing /home/airflow/.local/lib/python3.7/site-packages/airflow/example_dags/example_local_kubernetes_executor.py took 0.181 seconds
[2022-10-03T01:39:34.614+0000] {processor.py:153} INFO - Started process (PID=1132) to work on /home/airflow/.local/lib/python3.7/site-packages/airflow/example_dags/example_local_kubernetes_executor.py
[2022-10-03T01:39:34.615+0000] {processor.py:640} INFO - Processing file /home/airflow/.local/lib/python3.7/site-packages/airflow/example_dags/example_local_kubernetes_executor.py for tasks to queue
[2022-10-03T01:39:34.616+0000] {logging_mixin.py:115} INFO - [2022-10-03T01:39:34.616+0000] {dagbag.py:508} INFO - Filling up the DagBag from /home/airflow/.local/lib/python3.7/site-packages/airflow/example_dags/example_local_kubernetes_executor.py
[2022-10-03T01:39:34.632+0000] {processor.py:650} INFO - DAG(s) dict_keys(['example_local_kubernetes_executor']) retrieved from /home/airflow/.local/lib/python3.7/site-packages/airflow/example_dags/example_local_kubernetes_executor.py
[2022-10-03T01:39:34.662+0000] {logging_mixin.py:115} INFO - [2022-10-03T01:39:34.662+0000] {dag.py:2429} INFO - Sync 1 DAGs
[2022-10-03T01:39:34.786+0000] {logging_mixin.py:115} INFO - [2022-10-03T01:39:34.786+0000] {dag.py:2981} INFO - Setting next_dagrun for example_local_kubernetes_executor to None, run_after=None
[2022-10-03T01:39:34.800+0000] {processor.py:161} INFO - Processing /home/airflow/.local/lib/python3.7/site-packages/airflow/example_dags/example_local_kubernetes_executor.py took 0.189 seconds
[2022-10-03T01:40:05.231+0000] {processor.py:153} INFO - Started process (PID=1187) to work on /home/airflow/.local/lib/python3.7/site-packages/airflow/example_dags/example_local_kubernetes_executor.py
[2022-10-03T01:40:05.232+0000] {processor.py:640} INFO - Processing file /home/airflow/.local/lib/python3.7/site-packages/airflow/example_dags/example_local_kubernetes_executor.py for tasks to queue
[2022-10-03T01:40:05.232+0000] {logging_mixin.py:115} INFO - [2022-10-03T01:40:05.232+0000] {dagbag.py:508} INFO - Filling up the DagBag from /home/airflow/.local/lib/python3.7/site-packages/airflow/example_dags/example_local_kubernetes_executor.py
[2022-10-03T01:40:05.248+0000] {processor.py:650} INFO - DAG(s) dict_keys(['example_local_kubernetes_executor']) retrieved from /home/airflow/.local/lib/python3.7/site-packages/airflow/example_dags/example_local_kubernetes_executor.py
[2022-10-03T01:40:05.277+0000] {logging_mixin.py:115} INFO - [2022-10-03T01:40:05.277+0000] {dag.py:2429} INFO - Sync 1 DAGs
[2022-10-03T01:40:05.395+0000] {logging_mixin.py:115} INFO - [2022-10-03T01:40:05.395+0000] {dag.py:2981} INFO - Setting next_dagrun for example_local_kubernetes_executor to None, run_after=None
[2022-10-03T01:40:05.409+0000] {processor.py:161} INFO - Processing /home/airflow/.local/lib/python3.7/site-packages/airflow/example_dags/example_local_kubernetes_executor.py took 0.181 seconds
[2022-10-03T01:40:36.166+0000] {processor.py:153} INFO - Started process (PID=1242) to work on /home/airflow/.local/lib/python3.7/site-packages/airflow/example_dags/example_local_kubernetes_executor.py
[2022-10-03T01:40:36.167+0000] {processor.py:640} INFO - Processing file /home/airflow/.local/lib/python3.7/site-packages/airflow/example_dags/example_local_kubernetes_executor.py for tasks to queue
[2022-10-03T01:40:36.168+0000] {logging_mixin.py:115} INFO - [2022-10-03T01:40:36.168+0000] {dagbag.py:508} INFO - Filling up the DagBag from /home/airflow/.local/lib/python3.7/site-packages/airflow/example_dags/example_local_kubernetes_executor.py
[2022-10-03T01:40:36.187+0000] {processor.py:650} INFO - DAG(s) dict_keys(['example_local_kubernetes_executor']) retrieved from /home/airflow/.local/lib/python3.7/site-packages/airflow/example_dags/example_local_kubernetes_executor.py
[2022-10-03T01:40:36.219+0000] {logging_mixin.py:115} INFO - [2022-10-03T01:40:36.219+0000] {dag.py:2429} INFO - Sync 1 DAGs
[2022-10-03T01:40:36.343+0000] {logging_mixin.py:115} INFO - [2022-10-03T01:40:36.343+0000] {dag.py:2981} INFO - Setting next_dagrun for example_local_kubernetes_executor to None, run_after=None
[2022-10-03T01:40:36.357+0000] {processor.py:161} INFO - Processing /home/airflow/.local/lib/python3.7/site-packages/airflow/example_dags/example_local_kubernetes_executor.py took 0.194 seconds
[2022-10-03T01:41:07.081+0000] {processor.py:153} INFO - Started process (PID=1297) to work on /home/airflow/.local/lib/python3.7/site-packages/airflow/example_dags/example_local_kubernetes_executor.py
[2022-10-03T01:41:07.082+0000] {processor.py:640} INFO - Processing file /home/airflow/.local/lib/python3.7/site-packages/airflow/example_dags/example_local_kubernetes_executor.py for tasks to queue
[2022-10-03T01:41:07.083+0000] {logging_mixin.py:115} INFO - [2022-10-03T01:41:07.083+0000] {dagbag.py:508} INFO - Filling up the DagBag from /home/airflow/.local/lib/python3.7/site-packages/airflow/example_dags/example_local_kubernetes_executor.py
[2022-10-03T01:41:07.101+0000] {processor.py:650} INFO - DAG(s) dict_keys(['example_local_kubernetes_executor']) retrieved from /home/airflow/.local/lib/python3.7/site-packages/airflow/example_dags/example_local_kubernetes_executor.py
[2022-10-03T01:41:07.126+0000] {logging_mixin.py:115} INFO - [2022-10-03T01:41:07.126+0000] {dag.py:2429} INFO - Sync 1 DAGs
[2022-10-03T01:41:07.243+0000] {logging_mixin.py:115} INFO - [2022-10-03T01:41:07.243+0000] {dag.py:2981} INFO - Setting next_dagrun for example_local_kubernetes_executor to None, run_after=None
[2022-10-03T01:41:07.257+0000] {processor.py:161} INFO - Processing /home/airflow/.local/lib/python3.7/site-packages/airflow/example_dags/example_local_kubernetes_executor.py took 0.178 seconds
[2022-10-03T01:41:37.963+0000] {processor.py:153} INFO - Started process (PID=1353) to work on /home/airflow/.local/lib/python3.7/site-packages/airflow/example_dags/example_local_kubernetes_executor.py
[2022-10-03T01:41:37.965+0000] {processor.py:640} INFO - Processing file /home/airflow/.local/lib/python3.7/site-packages/airflow/example_dags/example_local_kubernetes_executor.py for tasks to queue
[2022-10-03T01:41:37.966+0000] {logging_mixin.py:115} INFO - [2022-10-03T01:41:37.966+0000] {dagbag.py:508} INFO - Filling up the DagBag from /home/airflow/.local/lib/python3.7/site-packages/airflow/example_dags/example_local_kubernetes_executor.py
[2022-10-03T01:41:37.996+0000] {processor.py:650} INFO - DAG(s) dict_keys(['example_local_kubernetes_executor']) retrieved from /home/airflow/.local/lib/python3.7/site-packages/airflow/example_dags/example_local_kubernetes_executor.py
[2022-10-03T01:41:38.024+0000] {logging_mixin.py:115} INFO - [2022-10-03T01:41:38.024+0000] {dag.py:2429} INFO - Sync 1 DAGs
[2022-10-03T01:41:38.149+0000] {logging_mixin.py:115} INFO - [2022-10-03T01:41:38.148+0000] {dag.py:2981} INFO - Setting next_dagrun for example_local_kubernetes_executor to None, run_after=None
[2022-10-03T01:41:38.168+0000] {processor.py:161} INFO - Processing /home/airflow/.local/lib/python3.7/site-packages/airflow/example_dags/example_local_kubernetes_executor.py took 0.207 seconds
[2022-10-03T01:42:08.806+0000] {processor.py:153} INFO - Started process (PID=1408) to work on /home/airflow/.local/lib/python3.7/site-packages/airflow/example_dags/example_local_kubernetes_executor.py
[2022-10-03T01:42:08.807+0000] {processor.py:640} INFO - Processing file /home/airflow/.local/lib/python3.7/site-packages/airflow/example_dags/example_local_kubernetes_executor.py for tasks to queue
[2022-10-03T01:42:08.808+0000] {logging_mixin.py:115} INFO - [2022-10-03T01:42:08.808+0000] {dagbag.py:508} INFO - Filling up the DagBag from /home/airflow/.local/lib/python3.7/site-packages/airflow/example_dags/example_local_kubernetes_executor.py
[2022-10-03T01:42:08.825+0000] {processor.py:650} INFO - DAG(s) dict_keys(['example_local_kubernetes_executor']) retrieved from /home/airflow/.local/lib/python3.7/site-packages/airflow/example_dags/example_local_kubernetes_executor.py
[2022-10-03T01:42:08.851+0000] {logging_mixin.py:115} INFO - [2022-10-03T01:42:08.850+0000] {dag.py:2429} INFO - Sync 1 DAGs
[2022-10-03T01:42:08.968+0000] {logging_mixin.py:115} INFO - [2022-10-03T01:42:08.968+0000] {dag.py:2981} INFO - Setting next_dagrun for example_local_kubernetes_executor to None, run_after=None
[2022-10-03T01:42:08.982+0000] {processor.py:161} INFO - Processing /home/airflow/.local/lib/python3.7/site-packages/airflow/example_dags/example_local_kubernetes_executor.py took 0.177 seconds
[2022-10-03T01:42:39.425+0000] {processor.py:153} INFO - Started process (PID=1463) to work on /home/airflow/.local/lib/python3.7/site-packages/airflow/example_dags/example_local_kubernetes_executor.py
[2022-10-03T01:42:39.426+0000] {processor.py:640} INFO - Processing file /home/airflow/.local/lib/python3.7/site-packages/airflow/example_dags/example_local_kubernetes_executor.py for tasks to queue
[2022-10-03T01:42:39.427+0000] {logging_mixin.py:115} INFO - [2022-10-03T01:42:39.427+0000] {dagbag.py:508} INFO - Filling up the DagBag from /home/airflow/.local/lib/python3.7/site-packages/airflow/example_dags/example_local_kubernetes_executor.py
[2022-10-03T01:42:39.442+0000] {processor.py:650} INFO - DAG(s) dict_keys(['example_local_kubernetes_executor']) retrieved from /home/airflow/.local/lib/python3.7/site-packages/airflow/example_dags/example_local_kubernetes_executor.py
[2022-10-03T01:42:39.466+0000] {logging_mixin.py:115} INFO - [2022-10-03T01:42:39.466+0000] {dag.py:2429} INFO - Sync 1 DAGs
[2022-10-03T01:42:39.589+0000] {logging_mixin.py:115} INFO - [2022-10-03T01:42:39.588+0000] {dag.py:2981} INFO - Setting next_dagrun for example_local_kubernetes_executor to None, run_after=None
[2022-10-03T01:42:39.602+0000] {processor.py:161} INFO - Processing /home/airflow/.local/lib/python3.7/site-packages/airflow/example_dags/example_local_kubernetes_executor.py took 0.179 seconds
[2022-10-03T01:43:10.062+0000] {processor.py:153} INFO - Started process (PID=1519) to work on /home/airflow/.local/lib/python3.7/site-packages/airflow/example_dags/example_local_kubernetes_executor.py
[2022-10-03T01:43:10.063+0000] {processor.py:640} INFO - Processing file /home/airflow/.local/lib/python3.7/site-packages/airflow/example_dags/example_local_kubernetes_executor.py for tasks to queue
[2022-10-03T01:43:10.064+0000] {logging_mixin.py:115} INFO - [2022-10-03T01:43:10.064+0000] {dagbag.py:508} INFO - Filling up the DagBag from /home/airflow/.local/lib/python3.7/site-packages/airflow/example_dags/example_local_kubernetes_executor.py
[2022-10-03T01:43:10.080+0000] {processor.py:650} INFO - DAG(s) dict_keys(['example_local_kubernetes_executor']) retrieved from /home/airflow/.local/lib/python3.7/site-packages/airflow/example_dags/example_local_kubernetes_executor.py
[2022-10-03T01:43:10.106+0000] {logging_mixin.py:115} INFO - [2022-10-03T01:43:10.106+0000] {dag.py:2429} INFO - Sync 1 DAGs
[2022-10-03T01:43:10.239+0000] {logging_mixin.py:115} INFO - [2022-10-03T01:43:10.239+0000] {dag.py:2981} INFO - Setting next_dagrun for example_local_kubernetes_executor to None, run_after=None
[2022-10-03T01:43:10.254+0000] {processor.py:161} INFO - Processing /home/airflow/.local/lib/python3.7/site-packages/airflow/example_dags/example_local_kubernetes_executor.py took 0.194 seconds
[2022-10-03T01:43:40.583+0000] {processor.py:153} INFO - Started process (PID=1574) to work on /home/airflow/.local/lib/python3.7/site-packages/airflow/example_dags/example_local_kubernetes_executor.py
[2022-10-03T01:43:40.584+0000] {processor.py:640} INFO - Processing file /home/airflow/.local/lib/python3.7/site-packages/airflow/example_dags/example_local_kubernetes_executor.py for tasks to queue
[2022-10-03T01:43:40.585+0000] {logging_mixin.py:115} INFO - [2022-10-03T01:43:40.585+0000] {dagbag.py:508} INFO - Filling up the DagBag from /home/airflow/.local/lib/python3.7/site-packages/airflow/example_dags/example_local_kubernetes_executor.py
[2022-10-03T01:43:40.608+0000] {processor.py:650} INFO - DAG(s) dict_keys(['example_local_kubernetes_executor']) retrieved from /home/airflow/.local/lib/python3.7/site-packages/airflow/example_dags/example_local_kubernetes_executor.py
[2022-10-03T01:43:40.638+0000] {logging_mixin.py:115} INFO - [2022-10-03T01:43:40.638+0000] {dag.py:2429} INFO - Sync 1 DAGs
[2022-10-03T01:43:40.757+0000] {logging_mixin.py:115} INFO - [2022-10-03T01:43:40.757+0000] {dag.py:2981} INFO - Setting next_dagrun for example_local_kubernetes_executor to None, run_after=None
[2022-10-03T01:43:40.769+0000] {processor.py:161} INFO - Processing /home/airflow/.local/lib/python3.7/site-packages/airflow/example_dags/example_local_kubernetes_executor.py took 0.190 seconds
[2022-10-03T01:44:11.359+0000] {processor.py:153} INFO - Started process (PID=1629) to work on /home/airflow/.local/lib/python3.7/site-packages/airflow/example_dags/example_local_kubernetes_executor.py
[2022-10-03T01:44:11.360+0000] {processor.py:640} INFO - Processing file /home/airflow/.local/lib/python3.7/site-packages/airflow/example_dags/example_local_kubernetes_executor.py for tasks to queue
[2022-10-03T01:44:11.361+0000] {logging_mixin.py:115} INFO - [2022-10-03T01:44:11.361+0000] {dagbag.py:508} INFO - Filling up the DagBag from /home/airflow/.local/lib/python3.7/site-packages/airflow/example_dags/example_local_kubernetes_executor.py
[2022-10-03T01:44:11.378+0000] {processor.py:650} INFO - DAG(s) dict_keys(['example_local_kubernetes_executor']) retrieved from /home/airflow/.local/lib/python3.7/site-packages/airflow/example_dags/example_local_kubernetes_executor.py
[2022-10-03T01:44:11.408+0000] {logging_mixin.py:115} INFO - [2022-10-03T01:44:11.408+0000] {dag.py:2429} INFO - Sync 1 DAGs
[2022-10-03T01:44:11.585+0000] {logging_mixin.py:115} INFO - [2022-10-03T01:44:11.585+0000] {dag.py:2981} INFO - Setting next_dagrun for example_local_kubernetes_executor to None, run_after=None
[2022-10-03T01:44:11.602+0000] {processor.py:161} INFO - Processing /home/airflow/.local/lib/python3.7/site-packages/airflow/example_dags/example_local_kubernetes_executor.py took 0.245 seconds
[2022-10-03T01:44:42.227+0000] {processor.py:153} INFO - Started process (PID=1684) to work on /home/airflow/.local/lib/python3.7/site-packages/airflow/example_dags/example_local_kubernetes_executor.py
[2022-10-03T01:44:42.229+0000] {processor.py:640} INFO - Processing file /home/airflow/.local/lib/python3.7/site-packages/airflow/example_dags/example_local_kubernetes_executor.py for tasks to queue
[2022-10-03T01:44:42.230+0000] {logging_mixin.py:115} INFO - [2022-10-03T01:44:42.230+0000] {dagbag.py:508} INFO - Filling up the DagBag from /home/airflow/.local/lib/python3.7/site-packages/airflow/example_dags/example_local_kubernetes_executor.py
[2022-10-03T01:44:42.260+0000] {processor.py:650} INFO - DAG(s) dict_keys(['example_local_kubernetes_executor']) retrieved from /home/airflow/.local/lib/python3.7/site-packages/airflow/example_dags/example_local_kubernetes_executor.py
[2022-10-03T01:44:42.292+0000] {logging_mixin.py:115} INFO - [2022-10-03T01:44:42.292+0000] {dag.py:2429} INFO - Sync 1 DAGs
[2022-10-03T01:44:42.423+0000] {logging_mixin.py:115} INFO - [2022-10-03T01:44:42.423+0000] {dag.py:2981} INFO - Setting next_dagrun for example_local_kubernetes_executor to None, run_after=None
[2022-10-03T01:44:42.436+0000] {processor.py:161} INFO - Processing /home/airflow/.local/lib/python3.7/site-packages/airflow/example_dags/example_local_kubernetes_executor.py took 0.213 seconds
[2022-10-03T01:45:13.070+0000] {processor.py:153} INFO - Started process (PID=1746) to work on /home/airflow/.local/lib/python3.7/site-packages/airflow/example_dags/example_local_kubernetes_executor.py
[2022-10-03T01:45:13.071+0000] {processor.py:640} INFO - Processing file /home/airflow/.local/lib/python3.7/site-packages/airflow/example_dags/example_local_kubernetes_executor.py for tasks to queue
[2022-10-03T01:45:13.072+0000] {logging_mixin.py:115} INFO - [2022-10-03T01:45:13.072+0000] {dagbag.py:508} INFO - Filling up the DagBag from /home/airflow/.local/lib/python3.7/site-packages/airflow/example_dags/example_local_kubernetes_executor.py
[2022-10-03T01:45:13.090+0000] {processor.py:650} INFO - DAG(s) dict_keys(['example_local_kubernetes_executor']) retrieved from /home/airflow/.local/lib/python3.7/site-packages/airflow/example_dags/example_local_kubernetes_executor.py
[2022-10-03T01:45:13.224+0000] {logging_mixin.py:115} INFO - [2022-10-03T01:45:13.224+0000] {dag.py:2429} INFO - Sync 1 DAGs
[2022-10-03T01:45:13.242+0000] {logging_mixin.py:115} INFO - [2022-10-03T01:45:13.242+0000] {dag.py:2981} INFO - Setting next_dagrun for example_local_kubernetes_executor to None, run_after=None
[2022-10-03T01:45:13.255+0000] {processor.py:161} INFO - Processing /home/airflow/.local/lib/python3.7/site-packages/airflow/example_dags/example_local_kubernetes_executor.py took 0.188 seconds
[2022-10-03T01:45:43.773+0000] {processor.py:153} INFO - Started process (PID=1801) to work on /home/airflow/.local/lib/python3.7/site-packages/airflow/example_dags/example_local_kubernetes_executor.py
[2022-10-03T01:45:43.774+0000] {processor.py:640} INFO - Processing file /home/airflow/.local/lib/python3.7/site-packages/airflow/example_dags/example_local_kubernetes_executor.py for tasks to queue
[2022-10-03T01:45:43.775+0000] {logging_mixin.py:115} INFO - [2022-10-03T01:45:43.775+0000] {dagbag.py:508} INFO - Filling up the DagBag from /home/airflow/.local/lib/python3.7/site-packages/airflow/example_dags/example_local_kubernetes_executor.py
[2022-10-03T01:45:43.792+0000] {processor.py:650} INFO - DAG(s) dict_keys(['example_local_kubernetes_executor']) retrieved from /home/airflow/.local/lib/python3.7/site-packages/airflow/example_dags/example_local_kubernetes_executor.py
[2022-10-03T01:45:43.924+0000] {logging_mixin.py:115} INFO - [2022-10-03T01:45:43.924+0000] {dag.py:2429} INFO - Sync 1 DAGs
[2022-10-03T01:45:43.945+0000] {logging_mixin.py:115} INFO - [2022-10-03T01:45:43.945+0000] {dag.py:2981} INFO - Setting next_dagrun for example_local_kubernetes_executor to None, run_after=None
[2022-10-03T01:45:43.960+0000] {processor.py:161} INFO - Processing /home/airflow/.local/lib/python3.7/site-packages/airflow/example_dags/example_local_kubernetes_executor.py took 0.189 seconds
[2022-10-03T01:46:14.454+0000] {processor.py:153} INFO - Started process (PID=1856) to work on /home/airflow/.local/lib/python3.7/site-packages/airflow/example_dags/example_local_kubernetes_executor.py
[2022-10-03T01:46:14.455+0000] {processor.py:640} INFO - Processing file /home/airflow/.local/lib/python3.7/site-packages/airflow/example_dags/example_local_kubernetes_executor.py for tasks to queue
[2022-10-03T01:46:14.456+0000] {logging_mixin.py:115} INFO - [2022-10-03T01:46:14.455+0000] {dagbag.py:508} INFO - Filling up the DagBag from /home/airflow/.local/lib/python3.7/site-packages/airflow/example_dags/example_local_kubernetes_executor.py
[2022-10-03T01:46:14.472+0000] {processor.py:650} INFO - DAG(s) dict_keys(['example_local_kubernetes_executor']) retrieved from /home/airflow/.local/lib/python3.7/site-packages/airflow/example_dags/example_local_kubernetes_executor.py
[2022-10-03T01:46:14.599+0000] {logging_mixin.py:115} INFO - [2022-10-03T01:46:14.598+0000] {dag.py:2429} INFO - Sync 1 DAGs
[2022-10-03T01:46:14.618+0000] {logging_mixin.py:115} INFO - [2022-10-03T01:46:14.618+0000] {dag.py:2981} INFO - Setting next_dagrun for example_local_kubernetes_executor to None, run_after=None
[2022-10-03T01:46:14.632+0000] {processor.py:161} INFO - Processing /home/airflow/.local/lib/python3.7/site-packages/airflow/example_dags/example_local_kubernetes_executor.py took 0.180 seconds
[2022-10-03T01:46:45.304+0000] {processor.py:153} INFO - Started process (PID=1911) to work on /home/airflow/.local/lib/python3.7/site-packages/airflow/example_dags/example_local_kubernetes_executor.py
[2022-10-03T01:46:45.305+0000] {processor.py:640} INFO - Processing file /home/airflow/.local/lib/python3.7/site-packages/airflow/example_dags/example_local_kubernetes_executor.py for tasks to queue
[2022-10-03T01:46:45.306+0000] {logging_mixin.py:115} INFO - [2022-10-03T01:46:45.306+0000] {dagbag.py:508} INFO - Filling up the DagBag from /home/airflow/.local/lib/python3.7/site-packages/airflow/example_dags/example_local_kubernetes_executor.py
[2022-10-03T01:46:45.324+0000] {processor.py:650} INFO - DAG(s) dict_keys(['example_local_kubernetes_executor']) retrieved from /home/airflow/.local/lib/python3.7/site-packages/airflow/example_dags/example_local_kubernetes_executor.py
[2022-10-03T01:46:45.489+0000] {logging_mixin.py:115} INFO - [2022-10-03T01:46:45.489+0000] {dag.py:2429} INFO - Sync 1 DAGs
[2022-10-03T01:46:45.511+0000] {logging_mixin.py:115} INFO - [2022-10-03T01:46:45.510+0000] {dag.py:2981} INFO - Setting next_dagrun for example_local_kubernetes_executor to None, run_after=None
[2022-10-03T01:46:45.525+0000] {processor.py:161} INFO - Processing /home/airflow/.local/lib/python3.7/site-packages/airflow/example_dags/example_local_kubernetes_executor.py took 0.225 seconds
[2022-10-03T01:47:16.173+0000] {processor.py:153} INFO - Started process (PID=1966) to work on /home/airflow/.local/lib/python3.7/site-packages/airflow/example_dags/example_local_kubernetes_executor.py
[2022-10-03T01:47:16.174+0000] {processor.py:640} INFO - Processing file /home/airflow/.local/lib/python3.7/site-packages/airflow/example_dags/example_local_kubernetes_executor.py for tasks to queue
[2022-10-03T01:47:16.175+0000] {logging_mixin.py:115} INFO - [2022-10-03T01:47:16.175+0000] {dagbag.py:508} INFO - Filling up the DagBag from /home/airflow/.local/lib/python3.7/site-packages/airflow/example_dags/example_local_kubernetes_executor.py
[2022-10-03T01:47:16.191+0000] {processor.py:650} INFO - DAG(s) dict_keys(['example_local_kubernetes_executor']) retrieved from /home/airflow/.local/lib/python3.7/site-packages/airflow/example_dags/example_local_kubernetes_executor.py
[2022-10-03T01:47:16.321+0000] {logging_mixin.py:115} INFO - [2022-10-03T01:47:16.321+0000] {dag.py:2429} INFO - Sync 1 DAGs
[2022-10-03T01:47:16.341+0000] {logging_mixin.py:115} INFO - [2022-10-03T01:47:16.341+0000] {dag.py:2981} INFO - Setting next_dagrun for example_local_kubernetes_executor to None, run_after=None
[2022-10-03T01:47:16.354+0000] {processor.py:161} INFO - Processing /home/airflow/.local/lib/python3.7/site-packages/airflow/example_dags/example_local_kubernetes_executor.py took 0.183 seconds
[2022-10-03T01:47:47.019+0000] {processor.py:153} INFO - Started process (PID=2021) to work on /home/airflow/.local/lib/python3.7/site-packages/airflow/example_dags/example_local_kubernetes_executor.py
[2022-10-03T01:47:47.020+0000] {processor.py:640} INFO - Processing file /home/airflow/.local/lib/python3.7/site-packages/airflow/example_dags/example_local_kubernetes_executor.py for tasks to queue
[2022-10-03T01:47:47.021+0000] {logging_mixin.py:115} INFO - [2022-10-03T01:47:47.021+0000] {dagbag.py:508} INFO - Filling up the DagBag from /home/airflow/.local/lib/python3.7/site-packages/airflow/example_dags/example_local_kubernetes_executor.py
[2022-10-03T01:47:47.037+0000] {processor.py:650} INFO - DAG(s) dict_keys(['example_local_kubernetes_executor']) retrieved from /home/airflow/.local/lib/python3.7/site-packages/airflow/example_dags/example_local_kubernetes_executor.py
[2022-10-03T01:47:47.161+0000] {logging_mixin.py:115} INFO - [2022-10-03T01:47:47.161+0000] {dag.py:2429} INFO - Sync 1 DAGs
[2022-10-03T01:47:47.180+0000] {logging_mixin.py:115} INFO - [2022-10-03T01:47:47.180+0000] {dag.py:2981} INFO - Setting next_dagrun for example_local_kubernetes_executor to None, run_after=None
[2022-10-03T01:47:47.193+0000] {processor.py:161} INFO - Processing /home/airflow/.local/lib/python3.7/site-packages/airflow/example_dags/example_local_kubernetes_executor.py took 0.176 seconds
[2022-10-03T01:48:17.838+0000] {processor.py:153} INFO - Started process (PID=2076) to work on /home/airflow/.local/lib/python3.7/site-packages/airflow/example_dags/example_local_kubernetes_executor.py
[2022-10-03T01:48:17.839+0000] {processor.py:640} INFO - Processing file /home/airflow/.local/lib/python3.7/site-packages/airflow/example_dags/example_local_kubernetes_executor.py for tasks to queue
[2022-10-03T01:48:17.840+0000] {logging_mixin.py:115} INFO - [2022-10-03T01:48:17.840+0000] {dagbag.py:508} INFO - Filling up the DagBag from /home/airflow/.local/lib/python3.7/site-packages/airflow/example_dags/example_local_kubernetes_executor.py
[2022-10-03T01:48:17.856+0000] {processor.py:650} INFO - DAG(s) dict_keys(['example_local_kubernetes_executor']) retrieved from /home/airflow/.local/lib/python3.7/site-packages/airflow/example_dags/example_local_kubernetes_executor.py
[2022-10-03T01:48:17.974+0000] {logging_mixin.py:115} INFO - [2022-10-03T01:48:17.974+0000] {dag.py:2429} INFO - Sync 1 DAGs
[2022-10-03T01:48:17.993+0000] {logging_mixin.py:115} INFO - [2022-10-03T01:48:17.993+0000] {dag.py:2981} INFO - Setting next_dagrun for example_local_kubernetes_executor to None, run_after=None
[2022-10-03T01:48:18.006+0000] {processor.py:161} INFO - Processing /home/airflow/.local/lib/python3.7/site-packages/airflow/example_dags/example_local_kubernetes_executor.py took 0.171 seconds
[2022-10-03T01:48:48.605+0000] {processor.py:153} INFO - Started process (PID=2131) to work on /home/airflow/.local/lib/python3.7/site-packages/airflow/example_dags/example_local_kubernetes_executor.py
[2022-10-03T01:48:48.606+0000] {processor.py:640} INFO - Processing file /home/airflow/.local/lib/python3.7/site-packages/airflow/example_dags/example_local_kubernetes_executor.py for tasks to queue
[2022-10-03T01:48:48.607+0000] {logging_mixin.py:115} INFO - [2022-10-03T01:48:48.606+0000] {dagbag.py:508} INFO - Filling up the DagBag from /home/airflow/.local/lib/python3.7/site-packages/airflow/example_dags/example_local_kubernetes_executor.py
[2022-10-03T01:48:48.625+0000] {processor.py:650} INFO - DAG(s) dict_keys(['example_local_kubernetes_executor']) retrieved from /home/airflow/.local/lib/python3.7/site-packages/airflow/example_dags/example_local_kubernetes_executor.py
[2022-10-03T01:48:48.748+0000] {logging_mixin.py:115} INFO - [2022-10-03T01:48:48.748+0000] {dag.py:2429} INFO - Sync 1 DAGs
[2022-10-03T01:48:48.768+0000] {logging_mixin.py:115} INFO - [2022-10-03T01:48:48.768+0000] {dag.py:2981} INFO - Setting next_dagrun for example_local_kubernetes_executor to None, run_after=None
[2022-10-03T01:48:48.786+0000] {processor.py:161} INFO - Processing /home/airflow/.local/lib/python3.7/site-packages/airflow/example_dags/example_local_kubernetes_executor.py took 0.185 seconds
[2022-10-03T01:49:19.393+0000] {processor.py:153} INFO - Started process (PID=2186) to work on /home/airflow/.local/lib/python3.7/site-packages/airflow/example_dags/example_local_kubernetes_executor.py
[2022-10-03T01:49:19.394+0000] {processor.py:640} INFO - Processing file /home/airflow/.local/lib/python3.7/site-packages/airflow/example_dags/example_local_kubernetes_executor.py for tasks to queue
[2022-10-03T01:49:19.395+0000] {logging_mixin.py:115} INFO - [2022-10-03T01:49:19.395+0000] {dagbag.py:508} INFO - Filling up the DagBag from /home/airflow/.local/lib/python3.7/site-packages/airflow/example_dags/example_local_kubernetes_executor.py
[2022-10-03T01:49:19.410+0000] {processor.py:650} INFO - DAG(s) dict_keys(['example_local_kubernetes_executor']) retrieved from /home/airflow/.local/lib/python3.7/site-packages/airflow/example_dags/example_local_kubernetes_executor.py
[2022-10-03T01:49:19.541+0000] {logging_mixin.py:115} INFO - [2022-10-03T01:49:19.541+0000] {dag.py:2429} INFO - Sync 1 DAGs
[2022-10-03T01:49:19.560+0000] {logging_mixin.py:115} INFO - [2022-10-03T01:49:19.560+0000] {dag.py:2981} INFO - Setting next_dagrun for example_local_kubernetes_executor to None, run_after=None
[2022-10-03T01:49:19.573+0000] {processor.py:161} INFO - Processing /home/airflow/.local/lib/python3.7/site-packages/airflow/example_dags/example_local_kubernetes_executor.py took 0.183 seconds
[2022-10-03T01:52:33.773+0000] {processor.py:153} INFO - Started process (PID=77) to work on /home/airflow/.local/lib/python3.7/site-packages/airflow/example_dags/example_local_kubernetes_executor.py
[2022-10-03T01:52:33.774+0000] {processor.py:640} INFO - Processing file /home/airflow/.local/lib/python3.7/site-packages/airflow/example_dags/example_local_kubernetes_executor.py for tasks to queue
[2022-10-03T01:52:33.775+0000] {logging_mixin.py:115} INFO - [2022-10-03T01:52:33.775+0000] {dagbag.py:508} INFO - Filling up the DagBag from /home/airflow/.local/lib/python3.7/site-packages/airflow/example_dags/example_local_kubernetes_executor.py
[2022-10-03T01:52:33.794+0000] {processor.py:650} INFO - DAG(s) dict_keys(['example_local_kubernetes_executor']) retrieved from /home/airflow/.local/lib/python3.7/site-packages/airflow/example_dags/example_local_kubernetes_executor.py
[2022-10-03T01:52:33.844+0000] {logging_mixin.py:115} INFO - [2022-10-03T01:52:33.844+0000] {dag.py:2429} INFO - Sync 1 DAGs
[2022-10-03T01:52:33.977+0000] {logging_mixin.py:115} INFO - [2022-10-03T01:52:33.977+0000] {dag.py:2981} INFO - Setting next_dagrun for example_local_kubernetes_executor to None, run_after=None
[2022-10-03T01:52:33.991+0000] {processor.py:161} INFO - Processing /home/airflow/.local/lib/python3.7/site-packages/airflow/example_dags/example_local_kubernetes_executor.py took 0.221 seconds
[2022-10-03T01:53:05.009+0000] {processor.py:153} INFO - Started process (PID=133) to work on /home/airflow/.local/lib/python3.7/site-packages/airflow/example_dags/example_local_kubernetes_executor.py
[2022-10-03T01:53:05.010+0000] {processor.py:640} INFO - Processing file /home/airflow/.local/lib/python3.7/site-packages/airflow/example_dags/example_local_kubernetes_executor.py for tasks to queue
[2022-10-03T01:53:05.011+0000] {logging_mixin.py:115} INFO - [2022-10-03T01:53:05.011+0000] {dagbag.py:508} INFO - Filling up the DagBag from /home/airflow/.local/lib/python3.7/site-packages/airflow/example_dags/example_local_kubernetes_executor.py
[2022-10-03T01:53:05.032+0000] {processor.py:650} INFO - DAG(s) dict_keys(['example_local_kubernetes_executor']) retrieved from /home/airflow/.local/lib/python3.7/site-packages/airflow/example_dags/example_local_kubernetes_executor.py
[2022-10-03T01:53:05.063+0000] {logging_mixin.py:115} INFO - [2022-10-03T01:53:05.063+0000] {dag.py:2429} INFO - Sync 1 DAGs
[2022-10-03T01:53:05.193+0000] {logging_mixin.py:115} INFO - [2022-10-03T01:53:05.193+0000] {dag.py:2981} INFO - Setting next_dagrun for example_local_kubernetes_executor to None, run_after=None
[2022-10-03T01:53:05.207+0000] {processor.py:161} INFO - Processing /home/airflow/.local/lib/python3.7/site-packages/airflow/example_dags/example_local_kubernetes_executor.py took 0.201 seconds
[2022-10-03T01:53:35.763+0000] {processor.py:153} INFO - Started process (PID=188) to work on /home/airflow/.local/lib/python3.7/site-packages/airflow/example_dags/example_local_kubernetes_executor.py
[2022-10-03T01:53:35.763+0000] {processor.py:640} INFO - Processing file /home/airflow/.local/lib/python3.7/site-packages/airflow/example_dags/example_local_kubernetes_executor.py for tasks to queue
[2022-10-03T01:53:35.764+0000] {logging_mixin.py:115} INFO - [2022-10-03T01:53:35.764+0000] {dagbag.py:508} INFO - Filling up the DagBag from /home/airflow/.local/lib/python3.7/site-packages/airflow/example_dags/example_local_kubernetes_executor.py
[2022-10-03T01:53:35.777+0000] {processor.py:650} INFO - DAG(s) dict_keys(['example_local_kubernetes_executor']) retrieved from /home/airflow/.local/lib/python3.7/site-packages/airflow/example_dags/example_local_kubernetes_executor.py
[2022-10-03T01:53:35.800+0000] {logging_mixin.py:115} INFO - [2022-10-03T01:53:35.800+0000] {dag.py:2429} INFO - Sync 1 DAGs
[2022-10-03T01:53:35.914+0000] {logging_mixin.py:115} INFO - [2022-10-03T01:53:35.913+0000] {dag.py:2981} INFO - Setting next_dagrun for example_local_kubernetes_executor to None, run_after=None
[2022-10-03T01:53:35.926+0000] {processor.py:161} INFO - Processing /home/airflow/.local/lib/python3.7/site-packages/airflow/example_dags/example_local_kubernetes_executor.py took 0.165 seconds
[2022-10-03T01:54:06.661+0000] {processor.py:153} INFO - Started process (PID=243) to work on /home/airflow/.local/lib/python3.7/site-packages/airflow/example_dags/example_local_kubernetes_executor.py
[2022-10-03T01:54:06.662+0000] {processor.py:640} INFO - Processing file /home/airflow/.local/lib/python3.7/site-packages/airflow/example_dags/example_local_kubernetes_executor.py for tasks to queue
[2022-10-03T01:54:06.663+0000] {logging_mixin.py:115} INFO - [2022-10-03T01:54:06.663+0000] {dagbag.py:508} INFO - Filling up the DagBag from /home/airflow/.local/lib/python3.7/site-packages/airflow/example_dags/example_local_kubernetes_executor.py
[2022-10-03T01:54:06.676+0000] {processor.py:650} INFO - DAG(s) dict_keys(['example_local_kubernetes_executor']) retrieved from /home/airflow/.local/lib/python3.7/site-packages/airflow/example_dags/example_local_kubernetes_executor.py
[2022-10-03T01:54:06.704+0000] {logging_mixin.py:115} INFO - [2022-10-03T01:54:06.704+0000] {dag.py:2429} INFO - Sync 1 DAGs
[2022-10-03T01:54:06.815+0000] {logging_mixin.py:115} INFO - [2022-10-03T01:54:06.814+0000] {dag.py:2981} INFO - Setting next_dagrun for example_local_kubernetes_executor to None, run_after=None
[2022-10-03T01:54:06.827+0000] {processor.py:161} INFO - Processing /home/airflow/.local/lib/python3.7/site-packages/airflow/example_dags/example_local_kubernetes_executor.py took 0.168 seconds
[2022-10-03T01:54:37.832+0000] {processor.py:153} INFO - Started process (PID=299) to work on /home/airflow/.local/lib/python3.7/site-packages/airflow/example_dags/example_local_kubernetes_executor.py
[2022-10-03T01:54:37.832+0000] {processor.py:640} INFO - Processing file /home/airflow/.local/lib/python3.7/site-packages/airflow/example_dags/example_local_kubernetes_executor.py for tasks to queue
[2022-10-03T01:54:37.833+0000] {logging_mixin.py:115} INFO - [2022-10-03T01:54:37.833+0000] {dagbag.py:508} INFO - Filling up the DagBag from /home/airflow/.local/lib/python3.7/site-packages/airflow/example_dags/example_local_kubernetes_executor.py
[2022-10-03T01:54:37.853+0000] {processor.py:650} INFO - DAG(s) dict_keys(['example_local_kubernetes_executor']) retrieved from /home/airflow/.local/lib/python3.7/site-packages/airflow/example_dags/example_local_kubernetes_executor.py
[2022-10-03T01:54:37.881+0000] {logging_mixin.py:115} INFO - [2022-10-03T01:54:37.880+0000] {dag.py:2429} INFO - Sync 1 DAGs
[2022-10-03T01:54:38.006+0000] {logging_mixin.py:115} INFO - [2022-10-03T01:54:38.006+0000] {dag.py:2981} INFO - Setting next_dagrun for example_local_kubernetes_executor to None, run_after=None
[2022-10-03T01:54:38.019+0000] {processor.py:161} INFO - Processing /home/airflow/.local/lib/python3.7/site-packages/airflow/example_dags/example_local_kubernetes_executor.py took 0.190 seconds
[2022-10-03T01:55:08.150+0000] {processor.py:153} INFO - Started process (PID=354) to work on /home/airflow/.local/lib/python3.7/site-packages/airflow/example_dags/example_local_kubernetes_executor.py
[2022-10-03T01:55:08.150+0000] {processor.py:640} INFO - Processing file /home/airflow/.local/lib/python3.7/site-packages/airflow/example_dags/example_local_kubernetes_executor.py for tasks to queue
[2022-10-03T01:55:08.151+0000] {logging_mixin.py:115} INFO - [2022-10-03T01:55:08.151+0000] {dagbag.py:508} INFO - Filling up the DagBag from /home/airflow/.local/lib/python3.7/site-packages/airflow/example_dags/example_local_kubernetes_executor.py
[2022-10-03T01:55:08.168+0000] {processor.py:650} INFO - DAG(s) dict_keys(['example_local_kubernetes_executor']) retrieved from /home/airflow/.local/lib/python3.7/site-packages/airflow/example_dags/example_local_kubernetes_executor.py
[2022-10-03T01:55:08.191+0000] {logging_mixin.py:115} INFO - [2022-10-03T01:55:08.191+0000] {dag.py:2429} INFO - Sync 1 DAGs
[2022-10-03T01:55:08.331+0000] {logging_mixin.py:115} INFO - [2022-10-03T01:55:08.331+0000] {dag.py:2981} INFO - Setting next_dagrun for example_local_kubernetes_executor to None, run_after=None
[2022-10-03T01:55:08.347+0000] {processor.py:161} INFO - Processing /home/airflow/.local/lib/python3.7/site-packages/airflow/example_dags/example_local_kubernetes_executor.py took 0.200 seconds
[2022-10-03T01:55:38.832+0000] {processor.py:153} INFO - Started process (PID=409) to work on /home/airflow/.local/lib/python3.7/site-packages/airflow/example_dags/example_local_kubernetes_executor.py
[2022-10-03T01:55:38.833+0000] {processor.py:640} INFO - Processing file /home/airflow/.local/lib/python3.7/site-packages/airflow/example_dags/example_local_kubernetes_executor.py for tasks to queue
[2022-10-03T01:55:38.834+0000] {logging_mixin.py:115} INFO - [2022-10-03T01:55:38.834+0000] {dagbag.py:508} INFO - Filling up the DagBag from /home/airflow/.local/lib/python3.7/site-packages/airflow/example_dags/example_local_kubernetes_executor.py
[2022-10-03T01:55:38.859+0000] {processor.py:650} INFO - DAG(s) dict_keys(['example_local_kubernetes_executor']) retrieved from /home/airflow/.local/lib/python3.7/site-packages/airflow/example_dags/example_local_kubernetes_executor.py
[2022-10-03T01:55:38.881+0000] {logging_mixin.py:115} INFO - [2022-10-03T01:55:38.881+0000] {dag.py:2429} INFO - Sync 1 DAGs
[2022-10-03T01:55:39.010+0000] {logging_mixin.py:115} INFO - [2022-10-03T01:55:39.010+0000] {dag.py:2981} INFO - Setting next_dagrun for example_local_kubernetes_executor to None, run_after=None
[2022-10-03T01:55:39.024+0000] {processor.py:161} INFO - Processing /home/airflow/.local/lib/python3.7/site-packages/airflow/example_dags/example_local_kubernetes_executor.py took 0.195 seconds
[2022-10-03T01:56:09.350+0000] {processor.py:153} INFO - Started process (PID=464) to work on /home/airflow/.local/lib/python3.7/site-packages/airflow/example_dags/example_local_kubernetes_executor.py
[2022-10-03T01:56:09.351+0000] {processor.py:640} INFO - Processing file /home/airflow/.local/lib/python3.7/site-packages/airflow/example_dags/example_local_kubernetes_executor.py for tasks to queue
[2022-10-03T01:56:09.352+0000] {logging_mixin.py:115} INFO - [2022-10-03T01:56:09.352+0000] {dagbag.py:508} INFO - Filling up the DagBag from /home/airflow/.local/lib/python3.7/site-packages/airflow/example_dags/example_local_kubernetes_executor.py
[2022-10-03T01:56:09.367+0000] {processor.py:650} INFO - DAG(s) dict_keys(['example_local_kubernetes_executor']) retrieved from /home/airflow/.local/lib/python3.7/site-packages/airflow/example_dags/example_local_kubernetes_executor.py
[2022-10-03T01:56:09.390+0000] {logging_mixin.py:115} INFO - [2022-10-03T01:56:09.390+0000] {dag.py:2429} INFO - Sync 1 DAGs
[2022-10-03T01:56:09.498+0000] {logging_mixin.py:115} INFO - [2022-10-03T01:56:09.498+0000] {dag.py:2981} INFO - Setting next_dagrun for example_local_kubernetes_executor to None, run_after=None
[2022-10-03T01:56:09.512+0000] {processor.py:161} INFO - Processing /home/airflow/.local/lib/python3.7/site-packages/airflow/example_dags/example_local_kubernetes_executor.py took 0.164 seconds
[2022-10-03T01:56:40.221+0000] {processor.py:153} INFO - Started process (PID=519) to work on /home/airflow/.local/lib/python3.7/site-packages/airflow/example_dags/example_local_kubernetes_executor.py
[2022-10-03T01:56:40.222+0000] {processor.py:640} INFO - Processing file /home/airflow/.local/lib/python3.7/site-packages/airflow/example_dags/example_local_kubernetes_executor.py for tasks to queue
[2022-10-03T01:56:40.223+0000] {logging_mixin.py:115} INFO - [2022-10-03T01:56:40.223+0000] {dagbag.py:508} INFO - Filling up the DagBag from /home/airflow/.local/lib/python3.7/site-packages/airflow/example_dags/example_local_kubernetes_executor.py
[2022-10-03T01:56:40.240+0000] {processor.py:650} INFO - DAG(s) dict_keys(['example_local_kubernetes_executor']) retrieved from /home/airflow/.local/lib/python3.7/site-packages/airflow/example_dags/example_local_kubernetes_executor.py
[2022-10-03T01:56:40.269+0000] {logging_mixin.py:115} INFO - [2022-10-03T01:56:40.268+0000] {dag.py:2429} INFO - Sync 1 DAGs
[2022-10-03T01:56:40.395+0000] {logging_mixin.py:115} INFO - [2022-10-03T01:56:40.395+0000] {dag.py:2981} INFO - Setting next_dagrun for example_local_kubernetes_executor to None, run_after=None
[2022-10-03T01:56:40.408+0000] {processor.py:161} INFO - Processing /home/airflow/.local/lib/python3.7/site-packages/airflow/example_dags/example_local_kubernetes_executor.py took 0.190 seconds
[2022-10-03T01:57:10.703+0000] {processor.py:153} INFO - Started process (PID=574) to work on /home/airflow/.local/lib/python3.7/site-packages/airflow/example_dags/example_local_kubernetes_executor.py
[2022-10-03T01:57:10.703+0000] {processor.py:640} INFO - Processing file /home/airflow/.local/lib/python3.7/site-packages/airflow/example_dags/example_local_kubernetes_executor.py for tasks to queue
[2022-10-03T01:57:10.704+0000] {logging_mixin.py:115} INFO - [2022-10-03T01:57:10.704+0000] {dagbag.py:508} INFO - Filling up the DagBag from /home/airflow/.local/lib/python3.7/site-packages/airflow/example_dags/example_local_kubernetes_executor.py
[2022-10-03T01:57:10.722+0000] {processor.py:650} INFO - DAG(s) dict_keys(['example_local_kubernetes_executor']) retrieved from /home/airflow/.local/lib/python3.7/site-packages/airflow/example_dags/example_local_kubernetes_executor.py
[2022-10-03T01:57:10.750+0000] {logging_mixin.py:115} INFO - [2022-10-03T01:57:10.750+0000] {dag.py:2429} INFO - Sync 1 DAGs
[2022-10-03T01:57:10.869+0000] {logging_mixin.py:115} INFO - [2022-10-03T01:57:10.869+0000] {dag.py:2981} INFO - Setting next_dagrun for example_local_kubernetes_executor to None, run_after=None
[2022-10-03T01:57:10.884+0000] {processor.py:161} INFO - Processing /home/airflow/.local/lib/python3.7/site-packages/airflow/example_dags/example_local_kubernetes_executor.py took 0.185 seconds
[2022-10-03T01:57:41.250+0000] {processor.py:153} INFO - Started process (PID=629) to work on /home/airflow/.local/lib/python3.7/site-packages/airflow/example_dags/example_local_kubernetes_executor.py
[2022-10-03T01:57:41.251+0000] {processor.py:640} INFO - Processing file /home/airflow/.local/lib/python3.7/site-packages/airflow/example_dags/example_local_kubernetes_executor.py for tasks to queue
[2022-10-03T01:57:41.252+0000] {logging_mixin.py:115} INFO - [2022-10-03T01:57:41.252+0000] {dagbag.py:508} INFO - Filling up the DagBag from /home/airflow/.local/lib/python3.7/site-packages/airflow/example_dags/example_local_kubernetes_executor.py
[2022-10-03T01:57:41.265+0000] {processor.py:650} INFO - DAG(s) dict_keys(['example_local_kubernetes_executor']) retrieved from /home/airflow/.local/lib/python3.7/site-packages/airflow/example_dags/example_local_kubernetes_executor.py
[2022-10-03T01:57:41.289+0000] {logging_mixin.py:115} INFO - [2022-10-03T01:57:41.289+0000] {dag.py:2429} INFO - Sync 1 DAGs
[2022-10-03T01:57:41.400+0000] {logging_mixin.py:115} INFO - [2022-10-03T01:57:41.400+0000] {dag.py:2981} INFO - Setting next_dagrun for example_local_kubernetes_executor to None, run_after=None
[2022-10-03T01:57:41.414+0000] {processor.py:161} INFO - Processing /home/airflow/.local/lib/python3.7/site-packages/airflow/example_dags/example_local_kubernetes_executor.py took 0.166 seconds
[2022-10-03T01:58:11.974+0000] {processor.py:153} INFO - Started process (PID=684) to work on /home/airflow/.local/lib/python3.7/site-packages/airflow/example_dags/example_local_kubernetes_executor.py
[2022-10-03T01:58:11.975+0000] {processor.py:640} INFO - Processing file /home/airflow/.local/lib/python3.7/site-packages/airflow/example_dags/example_local_kubernetes_executor.py for tasks to queue
[2022-10-03T01:58:11.976+0000] {logging_mixin.py:115} INFO - [2022-10-03T01:58:11.976+0000] {dagbag.py:508} INFO - Filling up the DagBag from /home/airflow/.local/lib/python3.7/site-packages/airflow/example_dags/example_local_kubernetes_executor.py
[2022-10-03T01:58:11.989+0000] {processor.py:650} INFO - DAG(s) dict_keys(['example_local_kubernetes_executor']) retrieved from /home/airflow/.local/lib/python3.7/site-packages/airflow/example_dags/example_local_kubernetes_executor.py
[2022-10-03T01:58:12.020+0000] {logging_mixin.py:115} INFO - [2022-10-03T01:58:12.019+0000] {dag.py:2429} INFO - Sync 1 DAGs
[2022-10-03T01:58:12.184+0000] {logging_mixin.py:115} INFO - [2022-10-03T01:58:12.184+0000] {dag.py:2981} INFO - Setting next_dagrun for example_local_kubernetes_executor to None, run_after=None
[2022-10-03T01:58:12.206+0000] {processor.py:161} INFO - Processing /home/airflow/.local/lib/python3.7/site-packages/airflow/example_dags/example_local_kubernetes_executor.py took 0.235 seconds
[2022-10-03T01:58:42.357+0000] {processor.py:153} INFO - Started process (PID=739) to work on /home/airflow/.local/lib/python3.7/site-packages/airflow/example_dags/example_local_kubernetes_executor.py
[2022-10-03T01:58:42.358+0000] {processor.py:640} INFO - Processing file /home/airflow/.local/lib/python3.7/site-packages/airflow/example_dags/example_local_kubernetes_executor.py for tasks to queue
[2022-10-03T01:58:42.359+0000] {logging_mixin.py:115} INFO - [2022-10-03T01:58:42.359+0000] {dagbag.py:508} INFO - Filling up the DagBag from /home/airflow/.local/lib/python3.7/site-packages/airflow/example_dags/example_local_kubernetes_executor.py
[2022-10-03T01:58:42.377+0000] {processor.py:650} INFO - DAG(s) dict_keys(['example_local_kubernetes_executor']) retrieved from /home/airflow/.local/lib/python3.7/site-packages/airflow/example_dags/example_local_kubernetes_executor.py
[2022-10-03T01:58:42.406+0000] {logging_mixin.py:115} INFO - [2022-10-03T01:58:42.405+0000] {dag.py:2429} INFO - Sync 1 DAGs
[2022-10-03T01:58:42.567+0000] {logging_mixin.py:115} INFO - [2022-10-03T01:58:42.567+0000] {dag.py:2981} INFO - Setting next_dagrun for example_local_kubernetes_executor to None, run_after=None
[2022-10-03T01:58:42.583+0000] {processor.py:161} INFO - Processing /home/airflow/.local/lib/python3.7/site-packages/airflow/example_dags/example_local_kubernetes_executor.py took 0.228 seconds
[2022-10-03T01:59:13.221+0000] {processor.py:153} INFO - Started process (PID=802) to work on /home/airflow/.local/lib/python3.7/site-packages/airflow/example_dags/example_local_kubernetes_executor.py
[2022-10-03T01:59:13.222+0000] {processor.py:640} INFO - Processing file /home/airflow/.local/lib/python3.7/site-packages/airflow/example_dags/example_local_kubernetes_executor.py for tasks to queue
[2022-10-03T01:59:13.223+0000] {logging_mixin.py:115} INFO - [2022-10-03T01:59:13.223+0000] {dagbag.py:508} INFO - Filling up the DagBag from /home/airflow/.local/lib/python3.7/site-packages/airflow/example_dags/example_local_kubernetes_executor.py
[2022-10-03T01:59:13.237+0000] {processor.py:650} INFO - DAG(s) dict_keys(['example_local_kubernetes_executor']) retrieved from /home/airflow/.local/lib/python3.7/site-packages/airflow/example_dags/example_local_kubernetes_executor.py
[2022-10-03T01:59:13.261+0000] {logging_mixin.py:115} INFO - [2022-10-03T01:59:13.261+0000] {dag.py:2429} INFO - Sync 1 DAGs
[2022-10-03T01:59:13.406+0000] {logging_mixin.py:115} INFO - [2022-10-03T01:59:13.406+0000] {dag.py:2981} INFO - Setting next_dagrun for example_local_kubernetes_executor to None, run_after=None
[2022-10-03T01:59:13.434+0000] {processor.py:161} INFO - Processing /home/airflow/.local/lib/python3.7/site-packages/airflow/example_dags/example_local_kubernetes_executor.py took 0.215 seconds
[2022-10-03T01:59:43.799+0000] {processor.py:153} INFO - Started process (PID=857) to work on /home/airflow/.local/lib/python3.7/site-packages/airflow/example_dags/example_local_kubernetes_executor.py
[2022-10-03T01:59:43.800+0000] {processor.py:640} INFO - Processing file /home/airflow/.local/lib/python3.7/site-packages/airflow/example_dags/example_local_kubernetes_executor.py for tasks to queue
[2022-10-03T01:59:43.802+0000] {logging_mixin.py:115} INFO - [2022-10-03T01:59:43.802+0000] {dagbag.py:508} INFO - Filling up the DagBag from /home/airflow/.local/lib/python3.7/site-packages/airflow/example_dags/example_local_kubernetes_executor.py
[2022-10-03T01:59:43.817+0000] {processor.py:650} INFO - DAG(s) dict_keys(['example_local_kubernetes_executor']) retrieved from /home/airflow/.local/lib/python3.7/site-packages/airflow/example_dags/example_local_kubernetes_executor.py
[2022-10-03T01:59:43.840+0000] {logging_mixin.py:115} INFO - [2022-10-03T01:59:43.840+0000] {dag.py:2429} INFO - Sync 1 DAGs
[2022-10-03T01:59:43.952+0000] {logging_mixin.py:115} INFO - [2022-10-03T01:59:43.952+0000] {dag.py:2981} INFO - Setting next_dagrun for example_local_kubernetes_executor to None, run_after=None
[2022-10-03T01:59:43.967+0000] {processor.py:161} INFO - Processing /home/airflow/.local/lib/python3.7/site-packages/airflow/example_dags/example_local_kubernetes_executor.py took 0.170 seconds
