[2022-10-03T01:29:47.805+0000] {processor.py:153} INFO - Started process (PID=64) to work on /home/airflow/.local/lib/python3.7/site-packages/airflow/example_dags/example_branch_day_of_week_operator.py
[2022-10-03T01:29:47.806+0000] {processor.py:640} INFO - Processing file /home/airflow/.local/lib/python3.7/site-packages/airflow/example_dags/example_branch_day_of_week_operator.py for tasks to queue
[2022-10-03T01:29:47.808+0000] {logging_mixin.py:115} INFO - [2022-10-03T01:29:47.808+0000] {dagbag.py:508} INFO - Filling up the DagBag from /home/airflow/.local/lib/python3.7/site-packages/airflow/example_dags/example_branch_day_of_week_operator.py
[2022-10-03T01:29:47.841+0000] {processor.py:650} INFO - DAG(s) dict_keys(['example_weekday_branch_operator']) retrieved from /home/airflow/.local/lib/python3.7/site-packages/airflow/example_dags/example_branch_day_of_week_operator.py
[2022-10-03T01:29:48.087+0000] {logging_mixin.py:115} INFO - [2022-10-03T01:29:48.086+0000] {manager.py:508} INFO - Created Permission View: can edit on DAG:example_weekday_branch_operator
[2022-10-03T01:29:48.102+0000] {logging_mixin.py:115} INFO - [2022-10-03T01:29:48.101+0000] {manager.py:508} INFO - Created Permission View: can read on DAG:example_weekday_branch_operator
[2022-10-03T01:29:48.114+0000] {logging_mixin.py:115} INFO - [2022-10-03T01:29:48.114+0000] {manager.py:508} INFO - Created Permission View: can delete on DAG:example_weekday_branch_operator
[2022-10-03T01:29:48.115+0000] {logging_mixin.py:115} INFO - [2022-10-03T01:29:48.115+0000] {dag.py:2429} INFO - Sync 1 DAGs
[2022-10-03T01:29:48.124+0000] {logging_mixin.py:115} INFO - [2022-10-03T01:29:48.124+0000] {dag.py:2448} INFO - Creating ORM DAG for example_weekday_branch_operator
[2022-10-03T01:29:48.138+0000] {logging_mixin.py:115} INFO - [2022-10-03T01:29:48.138+0000] {dag.py:2981} INFO - Setting next_dagrun for example_weekday_branch_operator to 2022-10-02T00:00:00+00:00, run_after=2022-10-03T00:00:00+00:00
[2022-10-03T01:29:48.159+0000] {processor.py:161} INFO - Processing /home/airflow/.local/lib/python3.7/site-packages/airflow/example_dags/example_branch_day_of_week_operator.py took 0.357 seconds
[2022-10-03T01:30:18.817+0000] {processor.py:153} INFO - Started process (PID=119) to work on /home/airflow/.local/lib/python3.7/site-packages/airflow/example_dags/example_branch_day_of_week_operator.py
[2022-10-03T01:30:18.818+0000] {processor.py:640} INFO - Processing file /home/airflow/.local/lib/python3.7/site-packages/airflow/example_dags/example_branch_day_of_week_operator.py for tasks to queue
[2022-10-03T01:30:18.819+0000] {logging_mixin.py:115} INFO - [2022-10-03T01:30:18.819+0000] {dagbag.py:508} INFO - Filling up the DagBag from /home/airflow/.local/lib/python3.7/site-packages/airflow/example_dags/example_branch_day_of_week_operator.py
[2022-10-03T01:30:18.832+0000] {processor.py:650} INFO - DAG(s) dict_keys(['example_weekday_branch_operator']) retrieved from /home/airflow/.local/lib/python3.7/site-packages/airflow/example_dags/example_branch_day_of_week_operator.py
[2022-10-03T01:30:18.870+0000] {logging_mixin.py:115} INFO - [2022-10-03T01:30:18.869+0000] {dag.py:2429} INFO - Sync 1 DAGs
[2022-10-03T01:30:19.019+0000] {logging_mixin.py:115} INFO - [2022-10-03T01:30:19.019+0000] {dag.py:2981} INFO - Setting next_dagrun for example_weekday_branch_operator to 2022-10-02T00:00:00+00:00, run_after=2022-10-03T00:00:00+00:00
[2022-10-03T01:30:19.032+0000] {processor.py:161} INFO - Processing /home/airflow/.local/lib/python3.7/site-packages/airflow/example_dags/example_branch_day_of_week_operator.py took 0.217 seconds
[2022-10-03T01:30:49.531+0000] {processor.py:153} INFO - Started process (PID=174) to work on /home/airflow/.local/lib/python3.7/site-packages/airflow/example_dags/example_branch_day_of_week_operator.py
[2022-10-03T01:30:49.532+0000] {processor.py:640} INFO - Processing file /home/airflow/.local/lib/python3.7/site-packages/airflow/example_dags/example_branch_day_of_week_operator.py for tasks to queue
[2022-10-03T01:30:49.533+0000] {logging_mixin.py:115} INFO - [2022-10-03T01:30:49.533+0000] {dagbag.py:508} INFO - Filling up the DagBag from /home/airflow/.local/lib/python3.7/site-packages/airflow/example_dags/example_branch_day_of_week_operator.py
[2022-10-03T01:30:49.543+0000] {processor.py:650} INFO - DAG(s) dict_keys(['example_weekday_branch_operator']) retrieved from /home/airflow/.local/lib/python3.7/site-packages/airflow/example_dags/example_branch_day_of_week_operator.py
[2022-10-03T01:30:49.568+0000] {logging_mixin.py:115} INFO - [2022-10-03T01:30:49.568+0000] {dag.py:2429} INFO - Sync 1 DAGs
[2022-10-03T01:30:49.692+0000] {logging_mixin.py:115} INFO - [2022-10-03T01:30:49.692+0000] {dag.py:2981} INFO - Setting next_dagrun for example_weekday_branch_operator to 2022-10-02T00:00:00+00:00, run_after=2022-10-03T00:00:00+00:00
[2022-10-03T01:30:49.708+0000] {processor.py:161} INFO - Processing /home/airflow/.local/lib/python3.7/site-packages/airflow/example_dags/example_branch_day_of_week_operator.py took 0.179 seconds
[2022-10-03T01:31:20.259+0000] {processor.py:153} INFO - Started process (PID=229) to work on /home/airflow/.local/lib/python3.7/site-packages/airflow/example_dags/example_branch_day_of_week_operator.py
[2022-10-03T01:31:20.259+0000] {processor.py:640} INFO - Processing file /home/airflow/.local/lib/python3.7/site-packages/airflow/example_dags/example_branch_day_of_week_operator.py for tasks to queue
[2022-10-03T01:31:20.261+0000] {logging_mixin.py:115} INFO - [2022-10-03T01:31:20.260+0000] {dagbag.py:508} INFO - Filling up the DagBag from /home/airflow/.local/lib/python3.7/site-packages/airflow/example_dags/example_branch_day_of_week_operator.py
[2022-10-03T01:31:20.270+0000] {processor.py:650} INFO - DAG(s) dict_keys(['example_weekday_branch_operator']) retrieved from /home/airflow/.local/lib/python3.7/site-packages/airflow/example_dags/example_branch_day_of_week_operator.py
[2022-10-03T01:31:20.293+0000] {logging_mixin.py:115} INFO - [2022-10-03T01:31:20.293+0000] {dag.py:2429} INFO - Sync 1 DAGs
[2022-10-03T01:31:20.409+0000] {logging_mixin.py:115} INFO - [2022-10-03T01:31:20.409+0000] {dag.py:2981} INFO - Setting next_dagrun for example_weekday_branch_operator to 2022-10-02T00:00:00+00:00, run_after=2022-10-03T00:00:00+00:00
[2022-10-03T01:31:20.424+0000] {processor.py:161} INFO - Processing /home/airflow/.local/lib/python3.7/site-packages/airflow/example_dags/example_branch_day_of_week_operator.py took 0.168 seconds
[2022-10-03T01:31:50.977+0000] {processor.py:153} INFO - Started process (PID=285) to work on /home/airflow/.local/lib/python3.7/site-packages/airflow/example_dags/example_branch_day_of_week_operator.py
[2022-10-03T01:31:50.978+0000] {processor.py:640} INFO - Processing file /home/airflow/.local/lib/python3.7/site-packages/airflow/example_dags/example_branch_day_of_week_operator.py for tasks to queue
[2022-10-03T01:31:50.979+0000] {logging_mixin.py:115} INFO - [2022-10-03T01:31:50.979+0000] {dagbag.py:508} INFO - Filling up the DagBag from /home/airflow/.local/lib/python3.7/site-packages/airflow/example_dags/example_branch_day_of_week_operator.py
[2022-10-03T01:31:50.987+0000] {processor.py:650} INFO - DAG(s) dict_keys(['example_weekday_branch_operator']) retrieved from /home/airflow/.local/lib/python3.7/site-packages/airflow/example_dags/example_branch_day_of_week_operator.py
[2022-10-03T01:31:51.012+0000] {logging_mixin.py:115} INFO - [2022-10-03T01:31:51.012+0000] {dag.py:2429} INFO - Sync 1 DAGs
[2022-10-03T01:31:51.142+0000] {logging_mixin.py:115} INFO - [2022-10-03T01:31:51.142+0000] {dag.py:2981} INFO - Setting next_dagrun for example_weekday_branch_operator to 2022-10-02T00:00:00+00:00, run_after=2022-10-03T00:00:00+00:00
[2022-10-03T01:31:51.156+0000] {processor.py:161} INFO - Processing /home/airflow/.local/lib/python3.7/site-packages/airflow/example_dags/example_branch_day_of_week_operator.py took 0.181 seconds
[2022-10-03T01:32:21.715+0000] {processor.py:153} INFO - Started process (PID=340) to work on /home/airflow/.local/lib/python3.7/site-packages/airflow/example_dags/example_branch_day_of_week_operator.py
[2022-10-03T01:32:21.716+0000] {processor.py:640} INFO - Processing file /home/airflow/.local/lib/python3.7/site-packages/airflow/example_dags/example_branch_day_of_week_operator.py for tasks to queue
[2022-10-03T01:32:21.717+0000] {logging_mixin.py:115} INFO - [2022-10-03T01:32:21.717+0000] {dagbag.py:508} INFO - Filling up the DagBag from /home/airflow/.local/lib/python3.7/site-packages/airflow/example_dags/example_branch_day_of_week_operator.py
[2022-10-03T01:32:21.727+0000] {processor.py:650} INFO - DAG(s) dict_keys(['example_weekday_branch_operator']) retrieved from /home/airflow/.local/lib/python3.7/site-packages/airflow/example_dags/example_branch_day_of_week_operator.py
[2022-10-03T01:32:21.750+0000] {logging_mixin.py:115} INFO - [2022-10-03T01:32:21.749+0000] {dag.py:2429} INFO - Sync 1 DAGs
[2022-10-03T01:32:21.869+0000] {logging_mixin.py:115} INFO - [2022-10-03T01:32:21.868+0000] {dag.py:2981} INFO - Setting next_dagrun for example_weekday_branch_operator to 2022-10-02T00:00:00+00:00, run_after=2022-10-03T00:00:00+00:00
[2022-10-03T01:32:21.882+0000] {processor.py:161} INFO - Processing /home/airflow/.local/lib/python3.7/site-packages/airflow/example_dags/example_branch_day_of_week_operator.py took 0.170 seconds
[2022-10-03T01:32:52.633+0000] {processor.py:153} INFO - Started process (PID=395) to work on /home/airflow/.local/lib/python3.7/site-packages/airflow/example_dags/example_branch_day_of_week_operator.py
[2022-10-03T01:32:52.634+0000] {processor.py:640} INFO - Processing file /home/airflow/.local/lib/python3.7/site-packages/airflow/example_dags/example_branch_day_of_week_operator.py for tasks to queue
[2022-10-03T01:32:52.636+0000] {logging_mixin.py:115} INFO - [2022-10-03T01:32:52.635+0000] {dagbag.py:508} INFO - Filling up the DagBag from /home/airflow/.local/lib/python3.7/site-packages/airflow/example_dags/example_branch_day_of_week_operator.py
[2022-10-03T01:32:52.647+0000] {processor.py:650} INFO - DAG(s) dict_keys(['example_weekday_branch_operator']) retrieved from /home/airflow/.local/lib/python3.7/site-packages/airflow/example_dags/example_branch_day_of_week_operator.py
[2022-10-03T01:32:52.674+0000] {logging_mixin.py:115} INFO - [2022-10-03T01:32:52.674+0000] {dag.py:2429} INFO - Sync 1 DAGs
[2022-10-03T01:32:52.808+0000] {logging_mixin.py:115} INFO - [2022-10-03T01:32:52.808+0000] {dag.py:2981} INFO - Setting next_dagrun for example_weekday_branch_operator to 2022-10-02T00:00:00+00:00, run_after=2022-10-03T00:00:00+00:00
[2022-10-03T01:32:52.824+0000] {processor.py:161} INFO - Processing /home/airflow/.local/lib/python3.7/site-packages/airflow/example_dags/example_branch_day_of_week_operator.py took 0.193 seconds
[2022-10-03T01:33:23.389+0000] {processor.py:153} INFO - Started process (PID=450) to work on /home/airflow/.local/lib/python3.7/site-packages/airflow/example_dags/example_branch_day_of_week_operator.py
[2022-10-03T01:33:23.390+0000] {processor.py:640} INFO - Processing file /home/airflow/.local/lib/python3.7/site-packages/airflow/example_dags/example_branch_day_of_week_operator.py for tasks to queue
[2022-10-03T01:33:23.391+0000] {logging_mixin.py:115} INFO - [2022-10-03T01:33:23.391+0000] {dagbag.py:508} INFO - Filling up the DagBag from /home/airflow/.local/lib/python3.7/site-packages/airflow/example_dags/example_branch_day_of_week_operator.py
[2022-10-03T01:33:23.399+0000] {processor.py:650} INFO - DAG(s) dict_keys(['example_weekday_branch_operator']) retrieved from /home/airflow/.local/lib/python3.7/site-packages/airflow/example_dags/example_branch_day_of_week_operator.py
[2022-10-03T01:33:23.425+0000] {logging_mixin.py:115} INFO - [2022-10-03T01:33:23.425+0000] {dag.py:2429} INFO - Sync 1 DAGs
[2022-10-03T01:33:23.550+0000] {logging_mixin.py:115} INFO - [2022-10-03T01:33:23.549+0000] {dag.py:2981} INFO - Setting next_dagrun for example_weekday_branch_operator to 2022-10-02T00:00:00+00:00, run_after=2022-10-03T00:00:00+00:00
[2022-10-03T01:33:23.565+0000] {processor.py:161} INFO - Processing /home/airflow/.local/lib/python3.7/site-packages/airflow/example_dags/example_branch_day_of_week_operator.py took 0.178 seconds
[2022-10-03T01:33:54.138+0000] {processor.py:153} INFO - Started process (PID=505) to work on /home/airflow/.local/lib/python3.7/site-packages/airflow/example_dags/example_branch_day_of_week_operator.py
[2022-10-03T01:33:54.139+0000] {processor.py:640} INFO - Processing file /home/airflow/.local/lib/python3.7/site-packages/airflow/example_dags/example_branch_day_of_week_operator.py for tasks to queue
[2022-10-03T01:33:54.140+0000] {logging_mixin.py:115} INFO - [2022-10-03T01:33:54.140+0000] {dagbag.py:508} INFO - Filling up the DagBag from /home/airflow/.local/lib/python3.7/site-packages/airflow/example_dags/example_branch_day_of_week_operator.py
[2022-10-03T01:33:54.149+0000] {processor.py:650} INFO - DAG(s) dict_keys(['example_weekday_branch_operator']) retrieved from /home/airflow/.local/lib/python3.7/site-packages/airflow/example_dags/example_branch_day_of_week_operator.py
[2022-10-03T01:33:54.172+0000] {logging_mixin.py:115} INFO - [2022-10-03T01:33:54.172+0000] {dag.py:2429} INFO - Sync 1 DAGs
[2022-10-03T01:33:54.297+0000] {logging_mixin.py:115} INFO - [2022-10-03T01:33:54.296+0000] {dag.py:2981} INFO - Setting next_dagrun for example_weekday_branch_operator to 2022-10-02T00:00:00+00:00, run_after=2022-10-03T00:00:00+00:00
[2022-10-03T01:33:54.309+0000] {processor.py:161} INFO - Processing /home/airflow/.local/lib/python3.7/site-packages/airflow/example_dags/example_branch_day_of_week_operator.py took 0.173 seconds
[2022-10-03T01:34:24.873+0000] {processor.py:153} INFO - Started process (PID=560) to work on /home/airflow/.local/lib/python3.7/site-packages/airflow/example_dags/example_branch_day_of_week_operator.py
[2022-10-03T01:34:24.874+0000] {processor.py:640} INFO - Processing file /home/airflow/.local/lib/python3.7/site-packages/airflow/example_dags/example_branch_day_of_week_operator.py for tasks to queue
[2022-10-03T01:34:24.875+0000] {logging_mixin.py:115} INFO - [2022-10-03T01:34:24.875+0000] {dagbag.py:508} INFO - Filling up the DagBag from /home/airflow/.local/lib/python3.7/site-packages/airflow/example_dags/example_branch_day_of_week_operator.py
[2022-10-03T01:34:24.882+0000] {processor.py:650} INFO - DAG(s) dict_keys(['example_weekday_branch_operator']) retrieved from /home/airflow/.local/lib/python3.7/site-packages/airflow/example_dags/example_branch_day_of_week_operator.py
[2022-10-03T01:34:24.907+0000] {logging_mixin.py:115} INFO - [2022-10-03T01:34:24.907+0000] {dag.py:2429} INFO - Sync 1 DAGs
[2022-10-03T01:34:25.023+0000] {logging_mixin.py:115} INFO - [2022-10-03T01:34:25.023+0000] {dag.py:2981} INFO - Setting next_dagrun for example_weekday_branch_operator to 2022-10-02T00:00:00+00:00, run_after=2022-10-03T00:00:00+00:00
[2022-10-03T01:34:25.037+0000] {processor.py:161} INFO - Processing /home/airflow/.local/lib/python3.7/site-packages/airflow/example_dags/example_branch_day_of_week_operator.py took 0.166 seconds
[2022-10-03T01:34:55.529+0000] {processor.py:153} INFO - Started process (PID=615) to work on /home/airflow/.local/lib/python3.7/site-packages/airflow/example_dags/example_branch_day_of_week_operator.py
[2022-10-03T01:34:55.530+0000] {processor.py:640} INFO - Processing file /home/airflow/.local/lib/python3.7/site-packages/airflow/example_dags/example_branch_day_of_week_operator.py for tasks to queue
[2022-10-03T01:34:55.531+0000] {logging_mixin.py:115} INFO - [2022-10-03T01:34:55.530+0000] {dagbag.py:508} INFO - Filling up the DagBag from /home/airflow/.local/lib/python3.7/site-packages/airflow/example_dags/example_branch_day_of_week_operator.py
[2022-10-03T01:34:55.540+0000] {processor.py:650} INFO - DAG(s) dict_keys(['example_weekday_branch_operator']) retrieved from /home/airflow/.local/lib/python3.7/site-packages/airflow/example_dags/example_branch_day_of_week_operator.py
[2022-10-03T01:34:55.563+0000] {logging_mixin.py:115} INFO - [2022-10-03T01:34:55.563+0000] {dag.py:2429} INFO - Sync 1 DAGs
[2022-10-03T01:34:55.678+0000] {logging_mixin.py:115} INFO - [2022-10-03T01:34:55.678+0000] {dag.py:2981} INFO - Setting next_dagrun for example_weekday_branch_operator to 2022-10-02T00:00:00+00:00, run_after=2022-10-03T00:00:00+00:00
[2022-10-03T01:34:55.690+0000] {processor.py:161} INFO - Processing /home/airflow/.local/lib/python3.7/site-packages/airflow/example_dags/example_branch_day_of_week_operator.py took 0.164 seconds
[2022-10-03T01:35:26.367+0000] {processor.py:153} INFO - Started process (PID=670) to work on /home/airflow/.local/lib/python3.7/site-packages/airflow/example_dags/example_branch_day_of_week_operator.py
[2022-10-03T01:35:26.368+0000] {processor.py:640} INFO - Processing file /home/airflow/.local/lib/python3.7/site-packages/airflow/example_dags/example_branch_day_of_week_operator.py for tasks to queue
[2022-10-03T01:35:26.369+0000] {logging_mixin.py:115} INFO - [2022-10-03T01:35:26.369+0000] {dagbag.py:508} INFO - Filling up the DagBag from /home/airflow/.local/lib/python3.7/site-packages/airflow/example_dags/example_branch_day_of_week_operator.py
[2022-10-03T01:35:26.376+0000] {processor.py:650} INFO - DAG(s) dict_keys(['example_weekday_branch_operator']) retrieved from /home/airflow/.local/lib/python3.7/site-packages/airflow/example_dags/example_branch_day_of_week_operator.py
[2022-10-03T01:35:26.403+0000] {logging_mixin.py:115} INFO - [2022-10-03T01:35:26.403+0000] {dag.py:2429} INFO - Sync 1 DAGs
[2022-10-03T01:35:26.546+0000] {logging_mixin.py:115} INFO - [2022-10-03T01:35:26.546+0000] {dag.py:2981} INFO - Setting next_dagrun for example_weekday_branch_operator to 2022-10-02T00:00:00+00:00, run_after=2022-10-03T00:00:00+00:00
[2022-10-03T01:35:26.561+0000] {processor.py:161} INFO - Processing /home/airflow/.local/lib/python3.7/site-packages/airflow/example_dags/example_branch_day_of_week_operator.py took 0.197 seconds
[2022-10-03T01:35:57.196+0000] {processor.py:153} INFO - Started process (PID=725) to work on /home/airflow/.local/lib/python3.7/site-packages/airflow/example_dags/example_branch_day_of_week_operator.py
[2022-10-03T01:35:57.197+0000] {processor.py:640} INFO - Processing file /home/airflow/.local/lib/python3.7/site-packages/airflow/example_dags/example_branch_day_of_week_operator.py for tasks to queue
[2022-10-03T01:35:57.198+0000] {logging_mixin.py:115} INFO - [2022-10-03T01:35:57.198+0000] {dagbag.py:508} INFO - Filling up the DagBag from /home/airflow/.local/lib/python3.7/site-packages/airflow/example_dags/example_branch_day_of_week_operator.py
[2022-10-03T01:35:57.205+0000] {processor.py:650} INFO - DAG(s) dict_keys(['example_weekday_branch_operator']) retrieved from /home/airflow/.local/lib/python3.7/site-packages/airflow/example_dags/example_branch_day_of_week_operator.py
[2022-10-03T01:35:57.231+0000] {logging_mixin.py:115} INFO - [2022-10-03T01:35:57.231+0000] {dag.py:2429} INFO - Sync 1 DAGs
[2022-10-03T01:35:57.357+0000] {logging_mixin.py:115} INFO - [2022-10-03T01:35:57.356+0000] {dag.py:2981} INFO - Setting next_dagrun for example_weekday_branch_operator to 2022-10-02T00:00:00+00:00, run_after=2022-10-03T00:00:00+00:00
[2022-10-03T01:35:57.370+0000] {processor.py:161} INFO - Processing /home/airflow/.local/lib/python3.7/site-packages/airflow/example_dags/example_branch_day_of_week_operator.py took 0.177 seconds
[2022-10-03T01:36:27.902+0000] {processor.py:153} INFO - Started process (PID=780) to work on /home/airflow/.local/lib/python3.7/site-packages/airflow/example_dags/example_branch_day_of_week_operator.py
[2022-10-03T01:36:27.902+0000] {processor.py:640} INFO - Processing file /home/airflow/.local/lib/python3.7/site-packages/airflow/example_dags/example_branch_day_of_week_operator.py for tasks to queue
[2022-10-03T01:36:27.903+0000] {logging_mixin.py:115} INFO - [2022-10-03T01:36:27.903+0000] {dagbag.py:508} INFO - Filling up the DagBag from /home/airflow/.local/lib/python3.7/site-packages/airflow/example_dags/example_branch_day_of_week_operator.py
[2022-10-03T01:36:27.921+0000] {processor.py:650} INFO - DAG(s) dict_keys(['example_weekday_branch_operator']) retrieved from /home/airflow/.local/lib/python3.7/site-packages/airflow/example_dags/example_branch_day_of_week_operator.py
[2022-10-03T01:36:27.951+0000] {logging_mixin.py:115} INFO - [2022-10-03T01:36:27.951+0000] {dag.py:2429} INFO - Sync 1 DAGs
[2022-10-03T01:36:28.069+0000] {logging_mixin.py:115} INFO - [2022-10-03T01:36:28.069+0000] {dag.py:2981} INFO - Setting next_dagrun for example_weekday_branch_operator to 2022-10-02T00:00:00+00:00, run_after=2022-10-03T00:00:00+00:00
[2022-10-03T01:36:28.082+0000] {processor.py:161} INFO - Processing /home/airflow/.local/lib/python3.7/site-packages/airflow/example_dags/example_branch_day_of_week_operator.py took 0.183 seconds
[2022-10-03T01:36:58.531+0000] {processor.py:153} INFO - Started process (PID=835) to work on /home/airflow/.local/lib/python3.7/site-packages/airflow/example_dags/example_branch_day_of_week_operator.py
[2022-10-03T01:36:58.531+0000] {processor.py:640} INFO - Processing file /home/airflow/.local/lib/python3.7/site-packages/airflow/example_dags/example_branch_day_of_week_operator.py for tasks to queue
[2022-10-03T01:36:58.532+0000] {logging_mixin.py:115} INFO - [2022-10-03T01:36:58.532+0000] {dagbag.py:508} INFO - Filling up the DagBag from /home/airflow/.local/lib/python3.7/site-packages/airflow/example_dags/example_branch_day_of_week_operator.py
[2022-10-03T01:36:58.540+0000] {processor.py:650} INFO - DAG(s) dict_keys(['example_weekday_branch_operator']) retrieved from /home/airflow/.local/lib/python3.7/site-packages/airflow/example_dags/example_branch_day_of_week_operator.py
[2022-10-03T01:36:58.566+0000] {logging_mixin.py:115} INFO - [2022-10-03T01:36:58.565+0000] {dag.py:2429} INFO - Sync 1 DAGs
[2022-10-03T01:36:58.682+0000] {logging_mixin.py:115} INFO - [2022-10-03T01:36:58.682+0000] {dag.py:2981} INFO - Setting next_dagrun for example_weekday_branch_operator to 2022-10-02T00:00:00+00:00, run_after=2022-10-03T00:00:00+00:00
[2022-10-03T01:36:58.695+0000] {processor.py:161} INFO - Processing /home/airflow/.local/lib/python3.7/site-packages/airflow/example_dags/example_branch_day_of_week_operator.py took 0.167 seconds
[2022-10-03T01:37:29.369+0000] {processor.py:153} INFO - Started process (PID=892) to work on /home/airflow/.local/lib/python3.7/site-packages/airflow/example_dags/example_branch_day_of_week_operator.py
[2022-10-03T01:37:29.370+0000] {processor.py:640} INFO - Processing file /home/airflow/.local/lib/python3.7/site-packages/airflow/example_dags/example_branch_day_of_week_operator.py for tasks to queue
[2022-10-03T01:37:29.371+0000] {logging_mixin.py:115} INFO - [2022-10-03T01:37:29.371+0000] {dagbag.py:508} INFO - Filling up the DagBag from /home/airflow/.local/lib/python3.7/site-packages/airflow/example_dags/example_branch_day_of_week_operator.py
[2022-10-03T01:37:29.379+0000] {processor.py:650} INFO - DAG(s) dict_keys(['example_weekday_branch_operator']) retrieved from /home/airflow/.local/lib/python3.7/site-packages/airflow/example_dags/example_branch_day_of_week_operator.py
[2022-10-03T01:37:29.407+0000] {logging_mixin.py:115} INFO - [2022-10-03T01:37:29.407+0000] {dag.py:2429} INFO - Sync 1 DAGs
[2022-10-03T01:37:29.540+0000] {logging_mixin.py:115} INFO - [2022-10-03T01:37:29.540+0000] {dag.py:2981} INFO - Setting next_dagrun for example_weekday_branch_operator to 2022-10-02T00:00:00+00:00, run_after=2022-10-03T00:00:00+00:00
[2022-10-03T01:37:29.559+0000] {processor.py:161} INFO - Processing /home/airflow/.local/lib/python3.7/site-packages/airflow/example_dags/example_branch_day_of_week_operator.py took 0.192 seconds
[2022-10-03T01:38:00.077+0000] {processor.py:153} INFO - Started process (PID=955) to work on /home/airflow/.local/lib/python3.7/site-packages/airflow/example_dags/example_branch_day_of_week_operator.py
[2022-10-03T01:38:00.078+0000] {processor.py:640} INFO - Processing file /home/airflow/.local/lib/python3.7/site-packages/airflow/example_dags/example_branch_day_of_week_operator.py for tasks to queue
[2022-10-03T01:38:00.080+0000] {logging_mixin.py:115} INFO - [2022-10-03T01:38:00.079+0000] {dagbag.py:508} INFO - Filling up the DagBag from /home/airflow/.local/lib/python3.7/site-packages/airflow/example_dags/example_branch_day_of_week_operator.py
[2022-10-03T01:38:00.087+0000] {processor.py:650} INFO - DAG(s) dict_keys(['example_weekday_branch_operator']) retrieved from /home/airflow/.local/lib/python3.7/site-packages/airflow/example_dags/example_branch_day_of_week_operator.py
[2022-10-03T01:38:00.112+0000] {logging_mixin.py:115} INFO - [2022-10-03T01:38:00.112+0000] {dag.py:2429} INFO - Sync 1 DAGs
[2022-10-03T01:38:00.232+0000] {logging_mixin.py:115} INFO - [2022-10-03T01:38:00.232+0000] {dag.py:2981} INFO - Setting next_dagrun for example_weekday_branch_operator to 2022-10-02T00:00:00+00:00, run_after=2022-10-03T00:00:00+00:00
[2022-10-03T01:38:00.248+0000] {processor.py:161} INFO - Processing /home/airflow/.local/lib/python3.7/site-packages/airflow/example_dags/example_branch_day_of_week_operator.py took 0.174 seconds
[2022-10-03T01:38:30.762+0000] {processor.py:153} INFO - Started process (PID=1010) to work on /home/airflow/.local/lib/python3.7/site-packages/airflow/example_dags/example_branch_day_of_week_operator.py
[2022-10-03T01:38:30.763+0000] {processor.py:640} INFO - Processing file /home/airflow/.local/lib/python3.7/site-packages/airflow/example_dags/example_branch_day_of_week_operator.py for tasks to queue
[2022-10-03T01:38:30.764+0000] {logging_mixin.py:115} INFO - [2022-10-03T01:38:30.764+0000] {dagbag.py:508} INFO - Filling up the DagBag from /home/airflow/.local/lib/python3.7/site-packages/airflow/example_dags/example_branch_day_of_week_operator.py
[2022-10-03T01:38:30.772+0000] {processor.py:650} INFO - DAG(s) dict_keys(['example_weekday_branch_operator']) retrieved from /home/airflow/.local/lib/python3.7/site-packages/airflow/example_dags/example_branch_day_of_week_operator.py
[2022-10-03T01:38:30.798+0000] {logging_mixin.py:115} INFO - [2022-10-03T01:38:30.797+0000] {dag.py:2429} INFO - Sync 1 DAGs
[2022-10-03T01:38:30.915+0000] {logging_mixin.py:115} INFO - [2022-10-03T01:38:30.915+0000] {dag.py:2981} INFO - Setting next_dagrun for example_weekday_branch_operator to 2022-10-02T00:00:00+00:00, run_after=2022-10-03T00:00:00+00:00
[2022-10-03T01:38:30.930+0000] {processor.py:161} INFO - Processing /home/airflow/.local/lib/python3.7/site-packages/airflow/example_dags/example_branch_day_of_week_operator.py took 0.170 seconds
[2022-10-03T01:39:01.558+0000] {processor.py:153} INFO - Started process (PID=1065) to work on /home/airflow/.local/lib/python3.7/site-packages/airflow/example_dags/example_branch_day_of_week_operator.py
[2022-10-03T01:39:01.559+0000] {processor.py:640} INFO - Processing file /home/airflow/.local/lib/python3.7/site-packages/airflow/example_dags/example_branch_day_of_week_operator.py for tasks to queue
[2022-10-03T01:39:01.560+0000] {logging_mixin.py:115} INFO - [2022-10-03T01:39:01.560+0000] {dagbag.py:508} INFO - Filling up the DagBag from /home/airflow/.local/lib/python3.7/site-packages/airflow/example_dags/example_branch_day_of_week_operator.py
[2022-10-03T01:39:01.568+0000] {processor.py:650} INFO - DAG(s) dict_keys(['example_weekday_branch_operator']) retrieved from /home/airflow/.local/lib/python3.7/site-packages/airflow/example_dags/example_branch_day_of_week_operator.py
[2022-10-03T01:39:01.597+0000] {logging_mixin.py:115} INFO - [2022-10-03T01:39:01.597+0000] {dag.py:2429} INFO - Sync 1 DAGs
[2022-10-03T01:39:01.721+0000] {logging_mixin.py:115} INFO - [2022-10-03T01:39:01.721+0000] {dag.py:2981} INFO - Setting next_dagrun for example_weekday_branch_operator to 2022-10-02T00:00:00+00:00, run_after=2022-10-03T00:00:00+00:00
[2022-10-03T01:39:01.737+0000] {processor.py:161} INFO - Processing /home/airflow/.local/lib/python3.7/site-packages/airflow/example_dags/example_branch_day_of_week_operator.py took 0.182 seconds
[2022-10-03T01:39:32.168+0000] {processor.py:153} INFO - Started process (PID=1120) to work on /home/airflow/.local/lib/python3.7/site-packages/airflow/example_dags/example_branch_day_of_week_operator.py
[2022-10-03T01:39:32.169+0000] {processor.py:640} INFO - Processing file /home/airflow/.local/lib/python3.7/site-packages/airflow/example_dags/example_branch_day_of_week_operator.py for tasks to queue
[2022-10-03T01:39:32.170+0000] {logging_mixin.py:115} INFO - [2022-10-03T01:39:32.170+0000] {dagbag.py:508} INFO - Filling up the DagBag from /home/airflow/.local/lib/python3.7/site-packages/airflow/example_dags/example_branch_day_of_week_operator.py
[2022-10-03T01:39:32.180+0000] {processor.py:650} INFO - DAG(s) dict_keys(['example_weekday_branch_operator']) retrieved from /home/airflow/.local/lib/python3.7/site-packages/airflow/example_dags/example_branch_day_of_week_operator.py
[2022-10-03T01:39:32.208+0000] {logging_mixin.py:115} INFO - [2022-10-03T01:39:32.208+0000] {dag.py:2429} INFO - Sync 1 DAGs
[2022-10-03T01:39:32.329+0000] {logging_mixin.py:115} INFO - [2022-10-03T01:39:32.328+0000] {dag.py:2981} INFO - Setting next_dagrun for example_weekday_branch_operator to 2022-10-02T00:00:00+00:00, run_after=2022-10-03T00:00:00+00:00
[2022-10-03T01:39:32.342+0000] {processor.py:161} INFO - Processing /home/airflow/.local/lib/python3.7/site-packages/airflow/example_dags/example_branch_day_of_week_operator.py took 0.178 seconds
[2022-10-03T01:40:02.881+0000] {processor.py:153} INFO - Started process (PID=1175) to work on /home/airflow/.local/lib/python3.7/site-packages/airflow/example_dags/example_branch_day_of_week_operator.py
[2022-10-03T01:40:02.882+0000] {processor.py:640} INFO - Processing file /home/airflow/.local/lib/python3.7/site-packages/airflow/example_dags/example_branch_day_of_week_operator.py for tasks to queue
[2022-10-03T01:40:02.883+0000] {logging_mixin.py:115} INFO - [2022-10-03T01:40:02.883+0000] {dagbag.py:508} INFO - Filling up the DagBag from /home/airflow/.local/lib/python3.7/site-packages/airflow/example_dags/example_branch_day_of_week_operator.py
[2022-10-03T01:40:02.891+0000] {processor.py:650} INFO - DAG(s) dict_keys(['example_weekday_branch_operator']) retrieved from /home/airflow/.local/lib/python3.7/site-packages/airflow/example_dags/example_branch_day_of_week_operator.py
[2022-10-03T01:40:02.917+0000] {logging_mixin.py:115} INFO - [2022-10-03T01:40:02.917+0000] {dag.py:2429} INFO - Sync 1 DAGs
[2022-10-03T01:40:03.056+0000] {logging_mixin.py:115} INFO - [2022-10-03T01:40:03.056+0000] {dag.py:2981} INFO - Setting next_dagrun for example_weekday_branch_operator to 2022-10-02T00:00:00+00:00, run_after=2022-10-03T00:00:00+00:00
[2022-10-03T01:40:03.069+0000] {processor.py:161} INFO - Processing /home/airflow/.local/lib/python3.7/site-packages/airflow/example_dags/example_branch_day_of_week_operator.py took 0.191 seconds
[2022-10-03T01:40:33.524+0000] {processor.py:153} INFO - Started process (PID=1230) to work on /home/airflow/.local/lib/python3.7/site-packages/airflow/example_dags/example_branch_day_of_week_operator.py
[2022-10-03T01:40:33.525+0000] {processor.py:640} INFO - Processing file /home/airflow/.local/lib/python3.7/site-packages/airflow/example_dags/example_branch_day_of_week_operator.py for tasks to queue
[2022-10-03T01:40:33.526+0000] {logging_mixin.py:115} INFO - [2022-10-03T01:40:33.526+0000] {dagbag.py:508} INFO - Filling up the DagBag from /home/airflow/.local/lib/python3.7/site-packages/airflow/example_dags/example_branch_day_of_week_operator.py
[2022-10-03T01:40:33.535+0000] {processor.py:650} INFO - DAG(s) dict_keys(['example_weekday_branch_operator']) retrieved from /home/airflow/.local/lib/python3.7/site-packages/airflow/example_dags/example_branch_day_of_week_operator.py
[2022-10-03T01:40:33.567+0000] {logging_mixin.py:115} INFO - [2022-10-03T01:40:33.567+0000] {dag.py:2429} INFO - Sync 1 DAGs
[2022-10-03T01:40:33.706+0000] {logging_mixin.py:115} INFO - [2022-10-03T01:40:33.706+0000] {dag.py:2981} INFO - Setting next_dagrun for example_weekday_branch_operator to 2022-10-02T00:00:00+00:00, run_after=2022-10-03T00:00:00+00:00
[2022-10-03T01:40:33.722+0000] {processor.py:161} INFO - Processing /home/airflow/.local/lib/python3.7/site-packages/airflow/example_dags/example_branch_day_of_week_operator.py took 0.201 seconds
[2022-10-03T01:41:04.509+0000] {processor.py:153} INFO - Started process (PID=1285) to work on /home/airflow/.local/lib/python3.7/site-packages/airflow/example_dags/example_branch_day_of_week_operator.py
[2022-10-03T01:41:04.510+0000] {processor.py:640} INFO - Processing file /home/airflow/.local/lib/python3.7/site-packages/airflow/example_dags/example_branch_day_of_week_operator.py for tasks to queue
[2022-10-03T01:41:04.511+0000] {logging_mixin.py:115} INFO - [2022-10-03T01:41:04.511+0000] {dagbag.py:508} INFO - Filling up the DagBag from /home/airflow/.local/lib/python3.7/site-packages/airflow/example_dags/example_branch_day_of_week_operator.py
[2022-10-03T01:41:04.520+0000] {processor.py:650} INFO - DAG(s) dict_keys(['example_weekday_branch_operator']) retrieved from /home/airflow/.local/lib/python3.7/site-packages/airflow/example_dags/example_branch_day_of_week_operator.py
[2022-10-03T01:41:04.542+0000] {logging_mixin.py:115} INFO - [2022-10-03T01:41:04.542+0000] {dag.py:2429} INFO - Sync 1 DAGs
[2022-10-03T01:41:04.683+0000] {logging_mixin.py:115} INFO - [2022-10-03T01:41:04.683+0000] {dag.py:2981} INFO - Setting next_dagrun for example_weekday_branch_operator to 2022-10-02T00:00:00+00:00, run_after=2022-10-03T00:00:00+00:00
[2022-10-03T01:41:04.698+0000] {processor.py:161} INFO - Processing /home/airflow/.local/lib/python3.7/site-packages/airflow/example_dags/example_branch_day_of_week_operator.py took 0.192 seconds
[2022-10-03T01:41:35.461+0000] {processor.py:153} INFO - Started process (PID=1341) to work on /home/airflow/.local/lib/python3.7/site-packages/airflow/example_dags/example_branch_day_of_week_operator.py
[2022-10-03T01:41:35.462+0000] {processor.py:640} INFO - Processing file /home/airflow/.local/lib/python3.7/site-packages/airflow/example_dags/example_branch_day_of_week_operator.py for tasks to queue
[2022-10-03T01:41:35.463+0000] {logging_mixin.py:115} INFO - [2022-10-03T01:41:35.463+0000] {dagbag.py:508} INFO - Filling up the DagBag from /home/airflow/.local/lib/python3.7/site-packages/airflow/example_dags/example_branch_day_of_week_operator.py
[2022-10-03T01:41:35.473+0000] {processor.py:650} INFO - DAG(s) dict_keys(['example_weekday_branch_operator']) retrieved from /home/airflow/.local/lib/python3.7/site-packages/airflow/example_dags/example_branch_day_of_week_operator.py
[2022-10-03T01:41:35.508+0000] {logging_mixin.py:115} INFO - [2022-10-03T01:41:35.508+0000] {dag.py:2429} INFO - Sync 1 DAGs
[2022-10-03T01:41:35.638+0000] {logging_mixin.py:115} INFO - [2022-10-03T01:41:35.638+0000] {dag.py:2981} INFO - Setting next_dagrun for example_weekday_branch_operator to 2022-10-02T00:00:00+00:00, run_after=2022-10-03T00:00:00+00:00
[2022-10-03T01:41:35.651+0000] {processor.py:161} INFO - Processing /home/airflow/.local/lib/python3.7/site-packages/airflow/example_dags/example_branch_day_of_week_operator.py took 0.193 seconds
[2022-10-03T01:42:06.362+0000] {processor.py:153} INFO - Started process (PID=1396) to work on /home/airflow/.local/lib/python3.7/site-packages/airflow/example_dags/example_branch_day_of_week_operator.py
[2022-10-03T01:42:06.363+0000] {processor.py:640} INFO - Processing file /home/airflow/.local/lib/python3.7/site-packages/airflow/example_dags/example_branch_day_of_week_operator.py for tasks to queue
[2022-10-03T01:42:06.364+0000] {logging_mixin.py:115} INFO - [2022-10-03T01:42:06.364+0000] {dagbag.py:508} INFO - Filling up the DagBag from /home/airflow/.local/lib/python3.7/site-packages/airflow/example_dags/example_branch_day_of_week_operator.py
[2022-10-03T01:42:06.372+0000] {processor.py:650} INFO - DAG(s) dict_keys(['example_weekday_branch_operator']) retrieved from /home/airflow/.local/lib/python3.7/site-packages/airflow/example_dags/example_branch_day_of_week_operator.py
[2022-10-03T01:42:06.398+0000] {logging_mixin.py:115} INFO - [2022-10-03T01:42:06.398+0000] {dag.py:2429} INFO - Sync 1 DAGs
[2022-10-03T01:42:06.538+0000] {logging_mixin.py:115} INFO - [2022-10-03T01:42:06.538+0000] {dag.py:2981} INFO - Setting next_dagrun for example_weekday_branch_operator to 2022-10-02T00:00:00+00:00, run_after=2022-10-03T00:00:00+00:00
[2022-10-03T01:42:06.560+0000] {processor.py:161} INFO - Processing /home/airflow/.local/lib/python3.7/site-packages/airflow/example_dags/example_branch_day_of_week_operator.py took 0.201 seconds
[2022-10-03T01:42:37.063+0000] {processor.py:153} INFO - Started process (PID=1451) to work on /home/airflow/.local/lib/python3.7/site-packages/airflow/example_dags/example_branch_day_of_week_operator.py
[2022-10-03T01:42:37.064+0000] {processor.py:640} INFO - Processing file /home/airflow/.local/lib/python3.7/site-packages/airflow/example_dags/example_branch_day_of_week_operator.py for tasks to queue
[2022-10-03T01:42:37.065+0000] {logging_mixin.py:115} INFO - [2022-10-03T01:42:37.065+0000] {dagbag.py:508} INFO - Filling up the DagBag from /home/airflow/.local/lib/python3.7/site-packages/airflow/example_dags/example_branch_day_of_week_operator.py
[2022-10-03T01:42:37.075+0000] {processor.py:650} INFO - DAG(s) dict_keys(['example_weekday_branch_operator']) retrieved from /home/airflow/.local/lib/python3.7/site-packages/airflow/example_dags/example_branch_day_of_week_operator.py
[2022-10-03T01:42:37.099+0000] {logging_mixin.py:115} INFO - [2022-10-03T01:42:37.099+0000] {dag.py:2429} INFO - Sync 1 DAGs
[2022-10-03T01:42:37.220+0000] {logging_mixin.py:115} INFO - [2022-10-03T01:42:37.220+0000] {dag.py:2981} INFO - Setting next_dagrun for example_weekday_branch_operator to 2022-10-02T00:00:00+00:00, run_after=2022-10-03T00:00:00+00:00
[2022-10-03T01:42:37.235+0000] {processor.py:161} INFO - Processing /home/airflow/.local/lib/python3.7/site-packages/airflow/example_dags/example_branch_day_of_week_operator.py took 0.175 seconds
[2022-10-03T01:43:07.681+0000] {processor.py:153} INFO - Started process (PID=1507) to work on /home/airflow/.local/lib/python3.7/site-packages/airflow/example_dags/example_branch_day_of_week_operator.py
[2022-10-03T01:43:07.682+0000] {processor.py:640} INFO - Processing file /home/airflow/.local/lib/python3.7/site-packages/airflow/example_dags/example_branch_day_of_week_operator.py for tasks to queue
[2022-10-03T01:43:07.684+0000] {logging_mixin.py:115} INFO - [2022-10-03T01:43:07.683+0000] {dagbag.py:508} INFO - Filling up the DagBag from /home/airflow/.local/lib/python3.7/site-packages/airflow/example_dags/example_branch_day_of_week_operator.py
[2022-10-03T01:43:07.700+0000] {processor.py:650} INFO - DAG(s) dict_keys(['example_weekday_branch_operator']) retrieved from /home/airflow/.local/lib/python3.7/site-packages/airflow/example_dags/example_branch_day_of_week_operator.py
[2022-10-03T01:43:07.733+0000] {logging_mixin.py:115} INFO - [2022-10-03T01:43:07.732+0000] {dag.py:2429} INFO - Sync 1 DAGs
[2022-10-03T01:43:07.870+0000] {logging_mixin.py:115} INFO - [2022-10-03T01:43:07.870+0000] {dag.py:2981} INFO - Setting next_dagrun for example_weekday_branch_operator to 2022-10-02T00:00:00+00:00, run_after=2022-10-03T00:00:00+00:00
[2022-10-03T01:43:07.885+0000] {processor.py:161} INFO - Processing /home/airflow/.local/lib/python3.7/site-packages/airflow/example_dags/example_branch_day_of_week_operator.py took 0.208 seconds
[2022-10-03T01:43:38.210+0000] {processor.py:153} INFO - Started process (PID=1562) to work on /home/airflow/.local/lib/python3.7/site-packages/airflow/example_dags/example_branch_day_of_week_operator.py
[2022-10-03T01:43:38.211+0000] {processor.py:640} INFO - Processing file /home/airflow/.local/lib/python3.7/site-packages/airflow/example_dags/example_branch_day_of_week_operator.py for tasks to queue
[2022-10-03T01:43:38.212+0000] {logging_mixin.py:115} INFO - [2022-10-03T01:43:38.212+0000] {dagbag.py:508} INFO - Filling up the DagBag from /home/airflow/.local/lib/python3.7/site-packages/airflow/example_dags/example_branch_day_of_week_operator.py
[2022-10-03T01:43:38.219+0000] {processor.py:650} INFO - DAG(s) dict_keys(['example_weekday_branch_operator']) retrieved from /home/airflow/.local/lib/python3.7/site-packages/airflow/example_dags/example_branch_day_of_week_operator.py
[2022-10-03T01:43:38.244+0000] {logging_mixin.py:115} INFO - [2022-10-03T01:43:38.243+0000] {dag.py:2429} INFO - Sync 1 DAGs
[2022-10-03T01:43:38.363+0000] {logging_mixin.py:115} INFO - [2022-10-03T01:43:38.363+0000] {dag.py:2981} INFO - Setting next_dagrun for example_weekday_branch_operator to 2022-10-02T00:00:00+00:00, run_after=2022-10-03T00:00:00+00:00
[2022-10-03T01:43:38.380+0000] {processor.py:161} INFO - Processing /home/airflow/.local/lib/python3.7/site-packages/airflow/example_dags/example_branch_day_of_week_operator.py took 0.172 seconds
[2022-10-03T01:44:08.913+0000] {processor.py:153} INFO - Started process (PID=1617) to work on /home/airflow/.local/lib/python3.7/site-packages/airflow/example_dags/example_branch_day_of_week_operator.py
[2022-10-03T01:44:08.914+0000] {processor.py:640} INFO - Processing file /home/airflow/.local/lib/python3.7/site-packages/airflow/example_dags/example_branch_day_of_week_operator.py for tasks to queue
[2022-10-03T01:44:08.915+0000] {logging_mixin.py:115} INFO - [2022-10-03T01:44:08.915+0000] {dagbag.py:508} INFO - Filling up the DagBag from /home/airflow/.local/lib/python3.7/site-packages/airflow/example_dags/example_branch_day_of_week_operator.py
[2022-10-03T01:44:08.923+0000] {processor.py:650} INFO - DAG(s) dict_keys(['example_weekday_branch_operator']) retrieved from /home/airflow/.local/lib/python3.7/site-packages/airflow/example_dags/example_branch_day_of_week_operator.py
[2022-10-03T01:44:08.947+0000] {logging_mixin.py:115} INFO - [2022-10-03T01:44:08.947+0000] {dag.py:2429} INFO - Sync 1 DAGs
[2022-10-03T01:44:09.067+0000] {logging_mixin.py:115} INFO - [2022-10-03T01:44:09.066+0000] {dag.py:2981} INFO - Setting next_dagrun for example_weekday_branch_operator to 2022-10-02T00:00:00+00:00, run_after=2022-10-03T00:00:00+00:00
[2022-10-03T01:44:09.079+0000] {processor.py:161} INFO - Processing /home/airflow/.local/lib/python3.7/site-packages/airflow/example_dags/example_branch_day_of_week_operator.py took 0.169 seconds
[2022-10-03T01:44:39.745+0000] {processor.py:153} INFO - Started process (PID=1672) to work on /home/airflow/.local/lib/python3.7/site-packages/airflow/example_dags/example_branch_day_of_week_operator.py
[2022-10-03T01:44:39.746+0000] {processor.py:640} INFO - Processing file /home/airflow/.local/lib/python3.7/site-packages/airflow/example_dags/example_branch_day_of_week_operator.py for tasks to queue
[2022-10-03T01:44:39.747+0000] {logging_mixin.py:115} INFO - [2022-10-03T01:44:39.747+0000] {dagbag.py:508} INFO - Filling up the DagBag from /home/airflow/.local/lib/python3.7/site-packages/airflow/example_dags/example_branch_day_of_week_operator.py
[2022-10-03T01:44:39.757+0000] {processor.py:650} INFO - DAG(s) dict_keys(['example_weekday_branch_operator']) retrieved from /home/airflow/.local/lib/python3.7/site-packages/airflow/example_dags/example_branch_day_of_week_operator.py
[2022-10-03T01:44:39.779+0000] {logging_mixin.py:115} INFO - [2022-10-03T01:44:39.779+0000] {dag.py:2429} INFO - Sync 1 DAGs
[2022-10-03T01:44:39.906+0000] {logging_mixin.py:115} INFO - [2022-10-03T01:44:39.905+0000] {dag.py:2981} INFO - Setting next_dagrun for example_weekday_branch_operator to 2022-10-02T00:00:00+00:00, run_after=2022-10-03T00:00:00+00:00
[2022-10-03T01:44:39.920+0000] {processor.py:161} INFO - Processing /home/airflow/.local/lib/python3.7/site-packages/airflow/example_dags/example_branch_day_of_week_operator.py took 0.178 seconds
[2022-10-03T01:45:10.572+0000] {processor.py:153} INFO - Started process (PID=1727) to work on /home/airflow/.local/lib/python3.7/site-packages/airflow/example_dags/example_branch_day_of_week_operator.py
[2022-10-03T01:45:10.573+0000] {processor.py:640} INFO - Processing file /home/airflow/.local/lib/python3.7/site-packages/airflow/example_dags/example_branch_day_of_week_operator.py for tasks to queue
[2022-10-03T01:45:10.574+0000] {logging_mixin.py:115} INFO - [2022-10-03T01:45:10.574+0000] {dagbag.py:508} INFO - Filling up the DagBag from /home/airflow/.local/lib/python3.7/site-packages/airflow/example_dags/example_branch_day_of_week_operator.py
[2022-10-03T01:45:10.583+0000] {processor.py:650} INFO - DAG(s) dict_keys(['example_weekday_branch_operator']) retrieved from /home/airflow/.local/lib/python3.7/site-packages/airflow/example_dags/example_branch_day_of_week_operator.py
[2022-10-03T01:45:10.605+0000] {logging_mixin.py:115} INFO - [2022-10-03T01:45:10.605+0000] {dag.py:2429} INFO - Sync 1 DAGs
[2022-10-03T01:45:10.727+0000] {logging_mixin.py:115} INFO - [2022-10-03T01:45:10.726+0000] {dag.py:2981} INFO - Setting next_dagrun for example_weekday_branch_operator to 2022-10-02T00:00:00+00:00, run_after=2022-10-03T00:00:00+00:00
[2022-10-03T01:45:10.742+0000] {processor.py:161} INFO - Processing /home/airflow/.local/lib/python3.7/site-packages/airflow/example_dags/example_branch_day_of_week_operator.py took 0.172 seconds
[2022-10-03T01:45:41.302+0000] {processor.py:153} INFO - Started process (PID=1782) to work on /home/airflow/.local/lib/python3.7/site-packages/airflow/example_dags/example_branch_day_of_week_operator.py
[2022-10-03T01:45:41.303+0000] {processor.py:640} INFO - Processing file /home/airflow/.local/lib/python3.7/site-packages/airflow/example_dags/example_branch_day_of_week_operator.py for tasks to queue
[2022-10-03T01:45:41.304+0000] {logging_mixin.py:115} INFO - [2022-10-03T01:45:41.304+0000] {dagbag.py:508} INFO - Filling up the DagBag from /home/airflow/.local/lib/python3.7/site-packages/airflow/example_dags/example_branch_day_of_week_operator.py
[2022-10-03T01:45:41.315+0000] {processor.py:650} INFO - DAG(s) dict_keys(['example_weekday_branch_operator']) retrieved from /home/airflow/.local/lib/python3.7/site-packages/airflow/example_dags/example_branch_day_of_week_operator.py
[2022-10-03T01:45:41.341+0000] {logging_mixin.py:115} INFO - [2022-10-03T01:45:41.340+0000] {dag.py:2429} INFO - Sync 1 DAGs
[2022-10-03T01:45:41.482+0000] {logging_mixin.py:115} INFO - [2022-10-03T01:45:41.482+0000] {dag.py:2981} INFO - Setting next_dagrun for example_weekday_branch_operator to 2022-10-02T00:00:00+00:00, run_after=2022-10-03T00:00:00+00:00
[2022-10-03T01:45:41.497+0000] {processor.py:161} INFO - Processing /home/airflow/.local/lib/python3.7/site-packages/airflow/example_dags/example_branch_day_of_week_operator.py took 0.198 seconds
[2022-10-03T01:46:12.024+0000] {processor.py:153} INFO - Started process (PID=1837) to work on /home/airflow/.local/lib/python3.7/site-packages/airflow/example_dags/example_branch_day_of_week_operator.py
[2022-10-03T01:46:12.025+0000] {processor.py:640} INFO - Processing file /home/airflow/.local/lib/python3.7/site-packages/airflow/example_dags/example_branch_day_of_week_operator.py for tasks to queue
[2022-10-03T01:46:12.025+0000] {logging_mixin.py:115} INFO - [2022-10-03T01:46:12.025+0000] {dagbag.py:508} INFO - Filling up the DagBag from /home/airflow/.local/lib/python3.7/site-packages/airflow/example_dags/example_branch_day_of_week_operator.py
[2022-10-03T01:46:12.034+0000] {processor.py:650} INFO - DAG(s) dict_keys(['example_weekday_branch_operator']) retrieved from /home/airflow/.local/lib/python3.7/site-packages/airflow/example_dags/example_branch_day_of_week_operator.py
[2022-10-03T01:46:12.057+0000] {logging_mixin.py:115} INFO - [2022-10-03T01:46:12.057+0000] {dag.py:2429} INFO - Sync 1 DAGs
[2022-10-03T01:46:12.173+0000] {logging_mixin.py:115} INFO - [2022-10-03T01:46:12.173+0000] {dag.py:2981} INFO - Setting next_dagrun for example_weekday_branch_operator to 2022-10-02T00:00:00+00:00, run_after=2022-10-03T00:00:00+00:00
[2022-10-03T01:46:12.187+0000] {processor.py:161} INFO - Processing /home/airflow/.local/lib/python3.7/site-packages/airflow/example_dags/example_branch_day_of_week_operator.py took 0.166 seconds
[2022-10-03T01:46:42.801+0000] {processor.py:153} INFO - Started process (PID=1892) to work on /home/airflow/.local/lib/python3.7/site-packages/airflow/example_dags/example_branch_day_of_week_operator.py
[2022-10-03T01:46:42.802+0000] {processor.py:640} INFO - Processing file /home/airflow/.local/lib/python3.7/site-packages/airflow/example_dags/example_branch_day_of_week_operator.py for tasks to queue
[2022-10-03T01:46:42.803+0000] {logging_mixin.py:115} INFO - [2022-10-03T01:46:42.803+0000] {dagbag.py:508} INFO - Filling up the DagBag from /home/airflow/.local/lib/python3.7/site-packages/airflow/example_dags/example_branch_day_of_week_operator.py
[2022-10-03T01:46:42.812+0000] {processor.py:650} INFO - DAG(s) dict_keys(['example_weekday_branch_operator']) retrieved from /home/airflow/.local/lib/python3.7/site-packages/airflow/example_dags/example_branch_day_of_week_operator.py
[2022-10-03T01:46:42.844+0000] {logging_mixin.py:115} INFO - [2022-10-03T01:46:42.843+0000] {dag.py:2429} INFO - Sync 1 DAGs
[2022-10-03T01:46:42.968+0000] {logging_mixin.py:115} INFO - [2022-10-03T01:46:42.968+0000] {dag.py:2981} INFO - Setting next_dagrun for example_weekday_branch_operator to 2022-10-02T00:00:00+00:00, run_after=2022-10-03T00:00:00+00:00
[2022-10-03T01:46:42.983+0000] {processor.py:161} INFO - Processing /home/airflow/.local/lib/python3.7/site-packages/airflow/example_dags/example_branch_day_of_week_operator.py took 0.184 seconds
[2022-10-03T01:47:13.801+0000] {processor.py:153} INFO - Started process (PID=1954) to work on /home/airflow/.local/lib/python3.7/site-packages/airflow/example_dags/example_branch_day_of_week_operator.py
[2022-10-03T01:47:13.802+0000] {processor.py:640} INFO - Processing file /home/airflow/.local/lib/python3.7/site-packages/airflow/example_dags/example_branch_day_of_week_operator.py for tasks to queue
[2022-10-03T01:47:13.803+0000] {logging_mixin.py:115} INFO - [2022-10-03T01:47:13.803+0000] {dagbag.py:508} INFO - Filling up the DagBag from /home/airflow/.local/lib/python3.7/site-packages/airflow/example_dags/example_branch_day_of_week_operator.py
[2022-10-03T01:47:13.814+0000] {processor.py:650} INFO - DAG(s) dict_keys(['example_weekday_branch_operator']) retrieved from /home/airflow/.local/lib/python3.7/site-packages/airflow/example_dags/example_branch_day_of_week_operator.py
[2022-10-03T01:47:13.841+0000] {logging_mixin.py:115} INFO - [2022-10-03T01:47:13.841+0000] {dag.py:2429} INFO - Sync 1 DAGs
[2022-10-03T01:47:13.964+0000] {logging_mixin.py:115} INFO - [2022-10-03T01:47:13.963+0000] {dag.py:2981} INFO - Setting next_dagrun for example_weekday_branch_operator to 2022-10-02T00:00:00+00:00, run_after=2022-10-03T00:00:00+00:00
[2022-10-03T01:47:13.978+0000] {processor.py:161} INFO - Processing /home/airflow/.local/lib/python3.7/site-packages/airflow/example_dags/example_branch_day_of_week_operator.py took 0.180 seconds
[2022-10-03T01:47:44.580+0000] {processor.py:153} INFO - Started process (PID=2009) to work on /home/airflow/.local/lib/python3.7/site-packages/airflow/example_dags/example_branch_day_of_week_operator.py
[2022-10-03T01:47:44.581+0000] {processor.py:640} INFO - Processing file /home/airflow/.local/lib/python3.7/site-packages/airflow/example_dags/example_branch_day_of_week_operator.py for tasks to queue
[2022-10-03T01:47:44.582+0000] {logging_mixin.py:115} INFO - [2022-10-03T01:47:44.582+0000] {dagbag.py:508} INFO - Filling up the DagBag from /home/airflow/.local/lib/python3.7/site-packages/airflow/example_dags/example_branch_day_of_week_operator.py
[2022-10-03T01:47:44.595+0000] {processor.py:650} INFO - DAG(s) dict_keys(['example_weekday_branch_operator']) retrieved from /home/airflow/.local/lib/python3.7/site-packages/airflow/example_dags/example_branch_day_of_week_operator.py
[2022-10-03T01:47:44.622+0000] {logging_mixin.py:115} INFO - [2022-10-03T01:47:44.621+0000] {dag.py:2429} INFO - Sync 1 DAGs
[2022-10-03T01:47:44.759+0000] {logging_mixin.py:115} INFO - [2022-10-03T01:47:44.759+0000] {dag.py:2981} INFO - Setting next_dagrun for example_weekday_branch_operator to 2022-10-02T00:00:00+00:00, run_after=2022-10-03T00:00:00+00:00
[2022-10-03T01:47:44.775+0000] {processor.py:161} INFO - Processing /home/airflow/.local/lib/python3.7/site-packages/airflow/example_dags/example_branch_day_of_week_operator.py took 0.199 seconds
[2022-10-03T01:48:15.370+0000] {processor.py:153} INFO - Started process (PID=2064) to work on /home/airflow/.local/lib/python3.7/site-packages/airflow/example_dags/example_branch_day_of_week_operator.py
[2022-10-03T01:48:15.371+0000] {processor.py:640} INFO - Processing file /home/airflow/.local/lib/python3.7/site-packages/airflow/example_dags/example_branch_day_of_week_operator.py for tasks to queue
[2022-10-03T01:48:15.373+0000] {logging_mixin.py:115} INFO - [2022-10-03T01:48:15.372+0000] {dagbag.py:508} INFO - Filling up the DagBag from /home/airflow/.local/lib/python3.7/site-packages/airflow/example_dags/example_branch_day_of_week_operator.py
[2022-10-03T01:48:15.384+0000] {processor.py:650} INFO - DAG(s) dict_keys(['example_weekday_branch_operator']) retrieved from /home/airflow/.local/lib/python3.7/site-packages/airflow/example_dags/example_branch_day_of_week_operator.py
[2022-10-03T01:48:15.410+0000] {logging_mixin.py:115} INFO - [2022-10-03T01:48:15.410+0000] {dag.py:2429} INFO - Sync 1 DAGs
[2022-10-03T01:48:15.566+0000] {logging_mixin.py:115} INFO - [2022-10-03T01:48:15.566+0000] {dag.py:2981} INFO - Setting next_dagrun for example_weekday_branch_operator to 2022-10-02T00:00:00+00:00, run_after=2022-10-03T00:00:00+00:00
[2022-10-03T01:48:15.579+0000] {processor.py:161} INFO - Processing /home/airflow/.local/lib/python3.7/site-packages/airflow/example_dags/example_branch_day_of_week_operator.py took 0.213 seconds
[2022-10-03T01:48:46.178+0000] {processor.py:153} INFO - Started process (PID=2119) to work on /home/airflow/.local/lib/python3.7/site-packages/airflow/example_dags/example_branch_day_of_week_operator.py
[2022-10-03T01:48:46.178+0000] {processor.py:640} INFO - Processing file /home/airflow/.local/lib/python3.7/site-packages/airflow/example_dags/example_branch_day_of_week_operator.py for tasks to queue
[2022-10-03T01:48:46.179+0000] {logging_mixin.py:115} INFO - [2022-10-03T01:48:46.179+0000] {dagbag.py:508} INFO - Filling up the DagBag from /home/airflow/.local/lib/python3.7/site-packages/airflow/example_dags/example_branch_day_of_week_operator.py
[2022-10-03T01:48:46.188+0000] {processor.py:650} INFO - DAG(s) dict_keys(['example_weekday_branch_operator']) retrieved from /home/airflow/.local/lib/python3.7/site-packages/airflow/example_dags/example_branch_day_of_week_operator.py
[2022-10-03T01:48:46.212+0000] {logging_mixin.py:115} INFO - [2022-10-03T01:48:46.212+0000] {dag.py:2429} INFO - Sync 1 DAGs
[2022-10-03T01:48:46.334+0000] {logging_mixin.py:115} INFO - [2022-10-03T01:48:46.334+0000] {dag.py:2981} INFO - Setting next_dagrun for example_weekday_branch_operator to 2022-10-02T00:00:00+00:00, run_after=2022-10-03T00:00:00+00:00
[2022-10-03T01:48:46.350+0000] {processor.py:161} INFO - Processing /home/airflow/.local/lib/python3.7/site-packages/airflow/example_dags/example_branch_day_of_week_operator.py took 0.174 seconds
[2022-10-03T01:49:16.886+0000] {processor.py:153} INFO - Started process (PID=2174) to work on /home/airflow/.local/lib/python3.7/site-packages/airflow/example_dags/example_branch_day_of_week_operator.py
[2022-10-03T01:49:16.887+0000] {processor.py:640} INFO - Processing file /home/airflow/.local/lib/python3.7/site-packages/airflow/example_dags/example_branch_day_of_week_operator.py for tasks to queue
[2022-10-03T01:49:16.889+0000] {logging_mixin.py:115} INFO - [2022-10-03T01:49:16.889+0000] {dagbag.py:508} INFO - Filling up the DagBag from /home/airflow/.local/lib/python3.7/site-packages/airflow/example_dags/example_branch_day_of_week_operator.py
[2022-10-03T01:49:16.901+0000] {processor.py:650} INFO - DAG(s) dict_keys(['example_weekday_branch_operator']) retrieved from /home/airflow/.local/lib/python3.7/site-packages/airflow/example_dags/example_branch_day_of_week_operator.py
[2022-10-03T01:49:16.936+0000] {logging_mixin.py:115} INFO - [2022-10-03T01:49:16.936+0000] {dag.py:2429} INFO - Sync 1 DAGs
[2022-10-03T01:49:17.072+0000] {logging_mixin.py:115} INFO - [2022-10-03T01:49:17.072+0000] {dag.py:2981} INFO - Setting next_dagrun for example_weekday_branch_operator to 2022-10-02T00:00:00+00:00, run_after=2022-10-03T00:00:00+00:00
[2022-10-03T01:49:17.086+0000] {processor.py:161} INFO - Processing /home/airflow/.local/lib/python3.7/site-packages/airflow/example_dags/example_branch_day_of_week_operator.py took 0.203 seconds
[2022-10-03T01:52:31.907+0000] {processor.py:153} INFO - Started process (PID=65) to work on /home/airflow/.local/lib/python3.7/site-packages/airflow/example_dags/example_branch_day_of_week_operator.py
[2022-10-03T01:52:31.908+0000] {processor.py:640} INFO - Processing file /home/airflow/.local/lib/python3.7/site-packages/airflow/example_dags/example_branch_day_of_week_operator.py for tasks to queue
[2022-10-03T01:52:31.910+0000] {logging_mixin.py:115} INFO - [2022-10-03T01:52:31.909+0000] {dagbag.py:508} INFO - Filling up the DagBag from /home/airflow/.local/lib/python3.7/site-packages/airflow/example_dags/example_branch_day_of_week_operator.py
[2022-10-03T01:52:31.925+0000] {processor.py:650} INFO - DAG(s) dict_keys(['example_weekday_branch_operator']) retrieved from /home/airflow/.local/lib/python3.7/site-packages/airflow/example_dags/example_branch_day_of_week_operator.py
[2022-10-03T01:52:31.954+0000] {logging_mixin.py:115} INFO - [2022-10-03T01:52:31.953+0000] {dag.py:2429} INFO - Sync 1 DAGs
[2022-10-03T01:52:32.162+0000] {logging_mixin.py:115} INFO - [2022-10-03T01:52:32.161+0000] {dag.py:2981} INFO - Setting next_dagrun for example_weekday_branch_operator to 2022-10-02T00:00:00+00:00, run_after=2022-10-03T00:00:00+00:00
[2022-10-03T01:52:32.191+0000] {processor.py:161} INFO - Processing /home/airflow/.local/lib/python3.7/site-packages/airflow/example_dags/example_branch_day_of_week_operator.py took 0.287 seconds
[2022-10-03T01:53:02.569+0000] {processor.py:153} INFO - Started process (PID=121) to work on /home/airflow/.local/lib/python3.7/site-packages/airflow/example_dags/example_branch_day_of_week_operator.py
[2022-10-03T01:53:02.570+0000] {processor.py:640} INFO - Processing file /home/airflow/.local/lib/python3.7/site-packages/airflow/example_dags/example_branch_day_of_week_operator.py for tasks to queue
[2022-10-03T01:53:02.570+0000] {logging_mixin.py:115} INFO - [2022-10-03T01:53:02.570+0000] {dagbag.py:508} INFO - Filling up the DagBag from /home/airflow/.local/lib/python3.7/site-packages/airflow/example_dags/example_branch_day_of_week_operator.py
[2022-10-03T01:53:02.580+0000] {processor.py:650} INFO - DAG(s) dict_keys(['example_weekday_branch_operator']) retrieved from /home/airflow/.local/lib/python3.7/site-packages/airflow/example_dags/example_branch_day_of_week_operator.py
[2022-10-03T01:53:02.603+0000] {logging_mixin.py:115} INFO - [2022-10-03T01:53:02.603+0000] {dag.py:2429} INFO - Sync 1 DAGs
[2022-10-03T01:53:02.740+0000] {logging_mixin.py:115} INFO - [2022-10-03T01:53:02.740+0000] {dag.py:2981} INFO - Setting next_dagrun for example_weekday_branch_operator to 2022-10-02T00:00:00+00:00, run_after=2022-10-03T00:00:00+00:00
[2022-10-03T01:53:02.757+0000] {processor.py:161} INFO - Processing /home/airflow/.local/lib/python3.7/site-packages/airflow/example_dags/example_branch_day_of_week_operator.py took 0.191 seconds
[2022-10-03T01:53:33.406+0000] {processor.py:153} INFO - Started process (PID=176) to work on /home/airflow/.local/lib/python3.7/site-packages/airflow/example_dags/example_branch_day_of_week_operator.py
[2022-10-03T01:53:33.407+0000] {processor.py:640} INFO - Processing file /home/airflow/.local/lib/python3.7/site-packages/airflow/example_dags/example_branch_day_of_week_operator.py for tasks to queue
[2022-10-03T01:53:33.409+0000] {logging_mixin.py:115} INFO - [2022-10-03T01:53:33.408+0000] {dagbag.py:508} INFO - Filling up the DagBag from /home/airflow/.local/lib/python3.7/site-packages/airflow/example_dags/example_branch_day_of_week_operator.py
[2022-10-03T01:53:33.418+0000] {processor.py:650} INFO - DAG(s) dict_keys(['example_weekday_branch_operator']) retrieved from /home/airflow/.local/lib/python3.7/site-packages/airflow/example_dags/example_branch_day_of_week_operator.py
[2022-10-03T01:53:33.441+0000] {logging_mixin.py:115} INFO - [2022-10-03T01:53:33.441+0000] {dag.py:2429} INFO - Sync 1 DAGs
[2022-10-03T01:53:33.566+0000] {logging_mixin.py:115} INFO - [2022-10-03T01:53:33.566+0000] {dag.py:2981} INFO - Setting next_dagrun for example_weekday_branch_operator to 2022-10-02T00:00:00+00:00, run_after=2022-10-03T00:00:00+00:00
[2022-10-03T01:53:33.581+0000] {processor.py:161} INFO - Processing /home/airflow/.local/lib/python3.7/site-packages/airflow/example_dags/example_branch_day_of_week_operator.py took 0.177 seconds
[2022-10-03T01:54:04.259+0000] {processor.py:153} INFO - Started process (PID=231) to work on /home/airflow/.local/lib/python3.7/site-packages/airflow/example_dags/example_branch_day_of_week_operator.py
[2022-10-03T01:54:04.260+0000] {processor.py:640} INFO - Processing file /home/airflow/.local/lib/python3.7/site-packages/airflow/example_dags/example_branch_day_of_week_operator.py for tasks to queue
[2022-10-03T01:54:04.261+0000] {logging_mixin.py:115} INFO - [2022-10-03T01:54:04.261+0000] {dagbag.py:508} INFO - Filling up the DagBag from /home/airflow/.local/lib/python3.7/site-packages/airflow/example_dags/example_branch_day_of_week_operator.py
[2022-10-03T01:54:04.268+0000] {processor.py:650} INFO - DAG(s) dict_keys(['example_weekday_branch_operator']) retrieved from /home/airflow/.local/lib/python3.7/site-packages/airflow/example_dags/example_branch_day_of_week_operator.py
[2022-10-03T01:54:04.302+0000] {logging_mixin.py:115} INFO - [2022-10-03T01:54:04.301+0000] {dag.py:2429} INFO - Sync 1 DAGs
[2022-10-03T01:54:04.427+0000] {logging_mixin.py:115} INFO - [2022-10-03T01:54:04.427+0000] {dag.py:2981} INFO - Setting next_dagrun for example_weekday_branch_operator to 2022-10-02T00:00:00+00:00, run_after=2022-10-03T00:00:00+00:00
[2022-10-03T01:54:04.441+0000] {processor.py:161} INFO - Processing /home/airflow/.local/lib/python3.7/site-packages/airflow/example_dags/example_branch_day_of_week_operator.py took 0.184 seconds
[2022-10-03T01:54:35.354+0000] {processor.py:153} INFO - Started process (PID=287) to work on /home/airflow/.local/lib/python3.7/site-packages/airflow/example_dags/example_branch_day_of_week_operator.py
[2022-10-03T01:54:35.356+0000] {processor.py:640} INFO - Processing file /home/airflow/.local/lib/python3.7/site-packages/airflow/example_dags/example_branch_day_of_week_operator.py for tasks to queue
[2022-10-03T01:54:35.357+0000] {logging_mixin.py:115} INFO - [2022-10-03T01:54:35.357+0000] {dagbag.py:508} INFO - Filling up the DagBag from /home/airflow/.local/lib/python3.7/site-packages/airflow/example_dags/example_branch_day_of_week_operator.py
[2022-10-03T01:54:35.369+0000] {processor.py:650} INFO - DAG(s) dict_keys(['example_weekday_branch_operator']) retrieved from /home/airflow/.local/lib/python3.7/site-packages/airflow/example_dags/example_branch_day_of_week_operator.py
[2022-10-03T01:54:35.406+0000] {logging_mixin.py:115} INFO - [2022-10-03T01:54:35.406+0000] {dag.py:2429} INFO - Sync 1 DAGs
[2022-10-03T01:54:35.543+0000] {logging_mixin.py:115} INFO - [2022-10-03T01:54:35.543+0000] {dag.py:2981} INFO - Setting next_dagrun for example_weekday_branch_operator to 2022-10-02T00:00:00+00:00, run_after=2022-10-03T00:00:00+00:00
[2022-10-03T01:54:35.557+0000] {processor.py:161} INFO - Processing /home/airflow/.local/lib/python3.7/site-packages/airflow/example_dags/example_branch_day_of_week_operator.py took 0.206 seconds
[2022-10-03T01:55:05.629+0000] {processor.py:153} INFO - Started process (PID=342) to work on /home/airflow/.local/lib/python3.7/site-packages/airflow/example_dags/example_branch_day_of_week_operator.py
[2022-10-03T01:55:05.630+0000] {processor.py:640} INFO - Processing file /home/airflow/.local/lib/python3.7/site-packages/airflow/example_dags/example_branch_day_of_week_operator.py for tasks to queue
[2022-10-03T01:55:05.631+0000] {logging_mixin.py:115} INFO - [2022-10-03T01:55:05.631+0000] {dagbag.py:508} INFO - Filling up the DagBag from /home/airflow/.local/lib/python3.7/site-packages/airflow/example_dags/example_branch_day_of_week_operator.py
[2022-10-03T01:55:05.638+0000] {processor.py:650} INFO - DAG(s) dict_keys(['example_weekday_branch_operator']) retrieved from /home/airflow/.local/lib/python3.7/site-packages/airflow/example_dags/example_branch_day_of_week_operator.py
[2022-10-03T01:55:05.662+0000] {logging_mixin.py:115} INFO - [2022-10-03T01:55:05.661+0000] {dag.py:2429} INFO - Sync 1 DAGs
[2022-10-03T01:55:05.780+0000] {logging_mixin.py:115} INFO - [2022-10-03T01:55:05.780+0000] {dag.py:2981} INFO - Setting next_dagrun for example_weekday_branch_operator to 2022-10-02T00:00:00+00:00, run_after=2022-10-03T00:00:00+00:00
[2022-10-03T01:55:05.794+0000] {processor.py:161} INFO - Processing /home/airflow/.local/lib/python3.7/site-packages/airflow/example_dags/example_branch_day_of_week_operator.py took 0.166 seconds
[2022-10-03T01:55:36.374+0000] {processor.py:153} INFO - Started process (PID=397) to work on /home/airflow/.local/lib/python3.7/site-packages/airflow/example_dags/example_branch_day_of_week_operator.py
[2022-10-03T01:55:36.375+0000] {processor.py:640} INFO - Processing file /home/airflow/.local/lib/python3.7/site-packages/airflow/example_dags/example_branch_day_of_week_operator.py for tasks to queue
[2022-10-03T01:55:36.376+0000] {logging_mixin.py:115} INFO - [2022-10-03T01:55:36.376+0000] {dagbag.py:508} INFO - Filling up the DagBag from /home/airflow/.local/lib/python3.7/site-packages/airflow/example_dags/example_branch_day_of_week_operator.py
[2022-10-03T01:55:36.386+0000] {processor.py:650} INFO - DAG(s) dict_keys(['example_weekday_branch_operator']) retrieved from /home/airflow/.local/lib/python3.7/site-packages/airflow/example_dags/example_branch_day_of_week_operator.py
[2022-10-03T01:55:36.422+0000] {logging_mixin.py:115} INFO - [2022-10-03T01:55:36.422+0000] {dag.py:2429} INFO - Sync 1 DAGs
[2022-10-03T01:55:36.555+0000] {logging_mixin.py:115} INFO - [2022-10-03T01:55:36.555+0000] {dag.py:2981} INFO - Setting next_dagrun for example_weekday_branch_operator to 2022-10-02T00:00:00+00:00, run_after=2022-10-03T00:00:00+00:00
[2022-10-03T01:55:36.573+0000] {processor.py:161} INFO - Processing /home/airflow/.local/lib/python3.7/site-packages/airflow/example_dags/example_branch_day_of_week_operator.py took 0.201 seconds
[2022-10-03T01:56:07.065+0000] {processor.py:153} INFO - Started process (PID=452) to work on /home/airflow/.local/lib/python3.7/site-packages/airflow/example_dags/example_branch_day_of_week_operator.py
[2022-10-03T01:56:07.066+0000] {processor.py:640} INFO - Processing file /home/airflow/.local/lib/python3.7/site-packages/airflow/example_dags/example_branch_day_of_week_operator.py for tasks to queue
[2022-10-03T01:56:07.067+0000] {logging_mixin.py:115} INFO - [2022-10-03T01:56:07.067+0000] {dagbag.py:508} INFO - Filling up the DagBag from /home/airflow/.local/lib/python3.7/site-packages/airflow/example_dags/example_branch_day_of_week_operator.py
[2022-10-03T01:56:07.075+0000] {processor.py:650} INFO - DAG(s) dict_keys(['example_weekday_branch_operator']) retrieved from /home/airflow/.local/lib/python3.7/site-packages/airflow/example_dags/example_branch_day_of_week_operator.py
[2022-10-03T01:56:07.098+0000] {logging_mixin.py:115} INFO - [2022-10-03T01:56:07.098+0000] {dag.py:2429} INFO - Sync 1 DAGs
[2022-10-03T01:56:07.226+0000] {logging_mixin.py:115} INFO - [2022-10-03T01:56:07.226+0000] {dag.py:2981} INFO - Setting next_dagrun for example_weekday_branch_operator to 2022-10-02T00:00:00+00:00, run_after=2022-10-03T00:00:00+00:00
[2022-10-03T01:56:07.240+0000] {processor.py:161} INFO - Processing /home/airflow/.local/lib/python3.7/site-packages/airflow/example_dags/example_branch_day_of_week_operator.py took 0.177 seconds
[2022-10-03T01:56:37.782+0000] {processor.py:153} INFO - Started process (PID=507) to work on /home/airflow/.local/lib/python3.7/site-packages/airflow/example_dags/example_branch_day_of_week_operator.py
[2022-10-03T01:56:37.784+0000] {processor.py:640} INFO - Processing file /home/airflow/.local/lib/python3.7/site-packages/airflow/example_dags/example_branch_day_of_week_operator.py for tasks to queue
[2022-10-03T01:56:37.785+0000] {logging_mixin.py:115} INFO - [2022-10-03T01:56:37.785+0000] {dagbag.py:508} INFO - Filling up the DagBag from /home/airflow/.local/lib/python3.7/site-packages/airflow/example_dags/example_branch_day_of_week_operator.py
[2022-10-03T01:56:37.795+0000] {processor.py:650} INFO - DAG(s) dict_keys(['example_weekday_branch_operator']) retrieved from /home/airflow/.local/lib/python3.7/site-packages/airflow/example_dags/example_branch_day_of_week_operator.py
[2022-10-03T01:56:37.820+0000] {logging_mixin.py:115} INFO - [2022-10-03T01:56:37.820+0000] {dag.py:2429} INFO - Sync 1 DAGs
[2022-10-03T01:56:37.949+0000] {logging_mixin.py:115} INFO - [2022-10-03T01:56:37.949+0000] {dag.py:2981} INFO - Setting next_dagrun for example_weekday_branch_operator to 2022-10-02T00:00:00+00:00, run_after=2022-10-03T00:00:00+00:00
[2022-10-03T01:56:37.964+0000] {processor.py:161} INFO - Processing /home/airflow/.local/lib/python3.7/site-packages/airflow/example_dags/example_branch_day_of_week_operator.py took 0.184 seconds
[2022-10-03T01:57:08.295+0000] {processor.py:153} INFO - Started process (PID=562) to work on /home/airflow/.local/lib/python3.7/site-packages/airflow/example_dags/example_branch_day_of_week_operator.py
[2022-10-03T01:57:08.296+0000] {processor.py:640} INFO - Processing file /home/airflow/.local/lib/python3.7/site-packages/airflow/example_dags/example_branch_day_of_week_operator.py for tasks to queue
[2022-10-03T01:57:08.297+0000] {logging_mixin.py:115} INFO - [2022-10-03T01:57:08.297+0000] {dagbag.py:508} INFO - Filling up the DagBag from /home/airflow/.local/lib/python3.7/site-packages/airflow/example_dags/example_branch_day_of_week_operator.py
[2022-10-03T01:57:08.306+0000] {processor.py:650} INFO - DAG(s) dict_keys(['example_weekday_branch_operator']) retrieved from /home/airflow/.local/lib/python3.7/site-packages/airflow/example_dags/example_branch_day_of_week_operator.py
[2022-10-03T01:57:08.327+0000] {logging_mixin.py:115} INFO - [2022-10-03T01:57:08.327+0000] {dag.py:2429} INFO - Sync 1 DAGs
[2022-10-03T01:57:08.457+0000] {logging_mixin.py:115} INFO - [2022-10-03T01:57:08.457+0000] {dag.py:2981} INFO - Setting next_dagrun for example_weekday_branch_operator to 2022-10-02T00:00:00+00:00, run_after=2022-10-03T00:00:00+00:00
[2022-10-03T01:57:08.473+0000] {processor.py:161} INFO - Processing /home/airflow/.local/lib/python3.7/site-packages/airflow/example_dags/example_branch_day_of_week_operator.py took 0.181 seconds
[2022-10-03T01:57:38.859+0000] {processor.py:153} INFO - Started process (PID=617) to work on /home/airflow/.local/lib/python3.7/site-packages/airflow/example_dags/example_branch_day_of_week_operator.py
[2022-10-03T01:57:38.860+0000] {processor.py:640} INFO - Processing file /home/airflow/.local/lib/python3.7/site-packages/airflow/example_dags/example_branch_day_of_week_operator.py for tasks to queue
[2022-10-03T01:57:38.861+0000] {logging_mixin.py:115} INFO - [2022-10-03T01:57:38.861+0000] {dagbag.py:508} INFO - Filling up the DagBag from /home/airflow/.local/lib/python3.7/site-packages/airflow/example_dags/example_branch_day_of_week_operator.py
[2022-10-03T01:57:38.869+0000] {processor.py:650} INFO - DAG(s) dict_keys(['example_weekday_branch_operator']) retrieved from /home/airflow/.local/lib/python3.7/site-packages/airflow/example_dags/example_branch_day_of_week_operator.py
[2022-10-03T01:57:38.894+0000] {logging_mixin.py:115} INFO - [2022-10-03T01:57:38.894+0000] {dag.py:2429} INFO - Sync 1 DAGs
[2022-10-03T01:57:39.026+0000] {logging_mixin.py:115} INFO - [2022-10-03T01:57:39.026+0000] {dag.py:2981} INFO - Setting next_dagrun for example_weekday_branch_operator to 2022-10-02T00:00:00+00:00, run_after=2022-10-03T00:00:00+00:00
[2022-10-03T01:57:39.043+0000] {processor.py:161} INFO - Processing /home/airflow/.local/lib/python3.7/site-packages/airflow/example_dags/example_branch_day_of_week_operator.py took 0.186 seconds
[2022-10-03T01:58:09.634+0000] {processor.py:153} INFO - Started process (PID=672) to work on /home/airflow/.local/lib/python3.7/site-packages/airflow/example_dags/example_branch_day_of_week_operator.py
[2022-10-03T01:58:09.635+0000] {processor.py:640} INFO - Processing file /home/airflow/.local/lib/python3.7/site-packages/airflow/example_dags/example_branch_day_of_week_operator.py for tasks to queue
[2022-10-03T01:58:09.636+0000] {logging_mixin.py:115} INFO - [2022-10-03T01:58:09.636+0000] {dagbag.py:508} INFO - Filling up the DagBag from /home/airflow/.local/lib/python3.7/site-packages/airflow/example_dags/example_branch_day_of_week_operator.py
[2022-10-03T01:58:09.645+0000] {processor.py:650} INFO - DAG(s) dict_keys(['example_weekday_branch_operator']) retrieved from /home/airflow/.local/lib/python3.7/site-packages/airflow/example_dags/example_branch_day_of_week_operator.py
[2022-10-03T01:58:09.667+0000] {logging_mixin.py:115} INFO - [2022-10-03T01:58:09.667+0000] {dag.py:2429} INFO - Sync 1 DAGs
[2022-10-03T01:58:09.791+0000] {logging_mixin.py:115} INFO - [2022-10-03T01:58:09.791+0000] {dag.py:2981} INFO - Setting next_dagrun for example_weekday_branch_operator to 2022-10-02T00:00:00+00:00, run_after=2022-10-03T00:00:00+00:00
[2022-10-03T01:58:09.806+0000] {processor.py:161} INFO - Processing /home/airflow/.local/lib/python3.7/site-packages/airflow/example_dags/example_branch_day_of_week_operator.py took 0.176 seconds
[2022-10-03T01:58:40.029+0000] {processor.py:153} INFO - Started process (PID=727) to work on /home/airflow/.local/lib/python3.7/site-packages/airflow/example_dags/example_branch_day_of_week_operator.py
[2022-10-03T01:58:40.030+0000] {processor.py:640} INFO - Processing file /home/airflow/.local/lib/python3.7/site-packages/airflow/example_dags/example_branch_day_of_week_operator.py for tasks to queue
[2022-10-03T01:58:40.031+0000] {logging_mixin.py:115} INFO - [2022-10-03T01:58:40.031+0000] {dagbag.py:508} INFO - Filling up the DagBag from /home/airflow/.local/lib/python3.7/site-packages/airflow/example_dags/example_branch_day_of_week_operator.py
[2022-10-03T01:58:40.038+0000] {processor.py:650} INFO - DAG(s) dict_keys(['example_weekday_branch_operator']) retrieved from /home/airflow/.local/lib/python3.7/site-packages/airflow/example_dags/example_branch_day_of_week_operator.py
[2022-10-03T01:58:40.060+0000] {logging_mixin.py:115} INFO - [2022-10-03T01:58:40.060+0000] {dag.py:2429} INFO - Sync 1 DAGs
[2022-10-03T01:58:40.179+0000] {logging_mixin.py:115} INFO - [2022-10-03T01:58:40.179+0000] {dag.py:2981} INFO - Setting next_dagrun for example_weekday_branch_operator to 2022-10-02T00:00:00+00:00, run_after=2022-10-03T00:00:00+00:00
[2022-10-03T01:58:40.193+0000] {processor.py:161} INFO - Processing /home/airflow/.local/lib/python3.7/site-packages/airflow/example_dags/example_branch_day_of_week_operator.py took 0.166 seconds
[2022-10-03T01:59:10.717+0000] {processor.py:153} INFO - Started process (PID=782) to work on /home/airflow/.local/lib/python3.7/site-packages/airflow/example_dags/example_branch_day_of_week_operator.py
[2022-10-03T01:59:10.718+0000] {processor.py:640} INFO - Processing file /home/airflow/.local/lib/python3.7/site-packages/airflow/example_dags/example_branch_day_of_week_operator.py for tasks to queue
[2022-10-03T01:59:10.719+0000] {logging_mixin.py:115} INFO - [2022-10-03T01:59:10.719+0000] {dagbag.py:508} INFO - Filling up the DagBag from /home/airflow/.local/lib/python3.7/site-packages/airflow/example_dags/example_branch_day_of_week_operator.py
[2022-10-03T01:59:10.727+0000] {processor.py:650} INFO - DAG(s) dict_keys(['example_weekday_branch_operator']) retrieved from /home/airflow/.local/lib/python3.7/site-packages/airflow/example_dags/example_branch_day_of_week_operator.py
[2022-10-03T01:59:10.753+0000] {logging_mixin.py:115} INFO - [2022-10-03T01:59:10.752+0000] {dag.py:2429} INFO - Sync 1 DAGs
[2022-10-03T01:59:10.882+0000] {logging_mixin.py:115} INFO - [2022-10-03T01:59:10.881+0000] {dag.py:2981} INFO - Setting next_dagrun for example_weekday_branch_operator to 2022-10-02T00:00:00+00:00, run_after=2022-10-03T00:00:00+00:00
[2022-10-03T01:59:10.898+0000] {processor.py:161} INFO - Processing /home/airflow/.local/lib/python3.7/site-packages/airflow/example_dags/example_branch_day_of_week_operator.py took 0.185 seconds
[2022-10-03T01:59:41.410+0000] {processor.py:153} INFO - Started process (PID=838) to work on /home/airflow/.local/lib/python3.7/site-packages/airflow/example_dags/example_branch_day_of_week_operator.py
[2022-10-03T01:59:41.411+0000] {processor.py:640} INFO - Processing file /home/airflow/.local/lib/python3.7/site-packages/airflow/example_dags/example_branch_day_of_week_operator.py for tasks to queue
[2022-10-03T01:59:41.413+0000] {logging_mixin.py:115} INFO - [2022-10-03T01:59:41.412+0000] {dagbag.py:508} INFO - Filling up the DagBag from /home/airflow/.local/lib/python3.7/site-packages/airflow/example_dags/example_branch_day_of_week_operator.py
[2022-10-03T01:59:41.424+0000] {processor.py:650} INFO - DAG(s) dict_keys(['example_weekday_branch_operator']) retrieved from /home/airflow/.local/lib/python3.7/site-packages/airflow/example_dags/example_branch_day_of_week_operator.py
[2022-10-03T01:59:41.452+0000] {logging_mixin.py:115} INFO - [2022-10-03T01:59:41.452+0000] {dag.py:2429} INFO - Sync 1 DAGs
[2022-10-03T01:59:41.623+0000] {logging_mixin.py:115} INFO - [2022-10-03T01:59:41.622+0000] {dag.py:2981} INFO - Setting next_dagrun for example_weekday_branch_operator to 2022-10-02T00:00:00+00:00, run_after=2022-10-03T00:00:00+00:00
[2022-10-03T01:59:41.639+0000] {processor.py:161} INFO - Processing /home/airflow/.local/lib/python3.7/site-packages/airflow/example_dags/example_branch_day_of_week_operator.py took 0.232 seconds
