[2022-10-03T01:29:48.192+0000] {processor.py:153} INFO - Started process (PID=65) to work on /home/airflow/.local/lib/python3.7/site-packages/airflow/example_dags/example_latest_only.py
[2022-10-03T01:29:48.193+0000] {processor.py:640} INFO - Processing file /home/airflow/.local/lib/python3.7/site-packages/airflow/example_dags/example_latest_only.py for tasks to queue
[2022-10-03T01:29:48.194+0000] {logging_mixin.py:115} INFO - [2022-10-03T01:29:48.194+0000] {dagbag.py:508} INFO - Filling up the DagBag from /home/airflow/.local/lib/python3.7/site-packages/airflow/example_dags/example_latest_only.py
[2022-10-03T01:29:48.202+0000] {processor.py:650} INFO - DAG(s) dict_keys(['latest_only']) retrieved from /home/airflow/.local/lib/python3.7/site-packages/airflow/example_dags/example_latest_only.py
[2022-10-03T01:29:48.494+0000] {logging_mixin.py:115} INFO - [2022-10-03T01:29:48.494+0000] {manager.py:508} INFO - Created Permission View: can edit on DAG:latest_only
[2022-10-03T01:29:48.509+0000] {logging_mixin.py:115} INFO - [2022-10-03T01:29:48.509+0000] {manager.py:508} INFO - Created Permission View: can read on DAG:latest_only
[2022-10-03T01:29:48.521+0000] {logging_mixin.py:115} INFO - [2022-10-03T01:29:48.520+0000] {manager.py:508} INFO - Created Permission View: can delete on DAG:latest_only
[2022-10-03T01:29:48.521+0000] {logging_mixin.py:115} INFO - [2022-10-03T01:29:48.521+0000] {dag.py:2429} INFO - Sync 1 DAGs
[2022-10-03T01:29:48.531+0000] {logging_mixin.py:115} INFO - [2022-10-03T01:29:48.531+0000] {dag.py:2448} INFO - Creating ORM DAG for latest_only
[2022-10-03T01:29:48.544+0000] {logging_mixin.py:115} INFO - [2022-10-03T01:29:48.544+0000] {dag.py:2981} INFO - Setting next_dagrun for latest_only to 2022-10-02T21:29:48.544543+00:00, run_after=2022-10-03T01:29:48.544543+00:00
[2022-10-03T01:29:48.566+0000] {processor.py:161} INFO - Processing /home/airflow/.local/lib/python3.7/site-packages/airflow/example_dags/example_latest_only.py took 0.377 seconds
[2022-10-03T01:30:18.989+0000] {processor.py:153} INFO - Started process (PID=120) to work on /home/airflow/.local/lib/python3.7/site-packages/airflow/example_dags/example_latest_only.py
[2022-10-03T01:30:18.990+0000] {processor.py:640} INFO - Processing file /home/airflow/.local/lib/python3.7/site-packages/airflow/example_dags/example_latest_only.py for tasks to queue
[2022-10-03T01:30:18.991+0000] {logging_mixin.py:115} INFO - [2022-10-03T01:30:18.991+0000] {dagbag.py:508} INFO - Filling up the DagBag from /home/airflow/.local/lib/python3.7/site-packages/airflow/example_dags/example_latest_only.py
[2022-10-03T01:30:18.996+0000] {processor.py:650} INFO - DAG(s) dict_keys(['latest_only']) retrieved from /home/airflow/.local/lib/python3.7/site-packages/airflow/example_dags/example_latest_only.py
[2022-10-03T01:30:19.019+0000] {logging_mixin.py:115} INFO - [2022-10-03T01:30:19.019+0000] {dag.py:2429} INFO - Sync 1 DAGs
[2022-10-03T01:30:19.144+0000] {logging_mixin.py:115} INFO - [2022-10-03T01:30:19.144+0000] {dag.py:2981} INFO - Setting next_dagrun for latest_only to 2022-10-02T21:30:19.144111+00:00, run_after=2022-10-03T01:30:19.144111+00:00
[2022-10-03T01:30:19.159+0000] {processor.py:161} INFO - Processing /home/airflow/.local/lib/python3.7/site-packages/airflow/example_dags/example_latest_only.py took 0.173 seconds
[2022-10-03T01:30:49.677+0000] {processor.py:153} INFO - Started process (PID=175) to work on /home/airflow/.local/lib/python3.7/site-packages/airflow/example_dags/example_latest_only.py
[2022-10-03T01:30:49.678+0000] {processor.py:640} INFO - Processing file /home/airflow/.local/lib/python3.7/site-packages/airflow/example_dags/example_latest_only.py for tasks to queue
[2022-10-03T01:30:49.679+0000] {logging_mixin.py:115} INFO - [2022-10-03T01:30:49.679+0000] {dagbag.py:508} INFO - Filling up the DagBag from /home/airflow/.local/lib/python3.7/site-packages/airflow/example_dags/example_latest_only.py
[2022-10-03T01:30:49.684+0000] {processor.py:650} INFO - DAG(s) dict_keys(['latest_only']) retrieved from /home/airflow/.local/lib/python3.7/site-packages/airflow/example_dags/example_latest_only.py
[2022-10-03T01:30:49.711+0000] {logging_mixin.py:115} INFO - [2022-10-03T01:30:49.711+0000] {dag.py:2429} INFO - Sync 1 DAGs
[2022-10-03T01:30:49.847+0000] {logging_mixin.py:115} INFO - [2022-10-03T01:30:49.847+0000] {dag.py:2981} INFO - Setting next_dagrun for latest_only to 2022-10-02T21:30:49.847161+00:00, run_after=2022-10-03T01:30:49.847161+00:00
[2022-10-03T01:30:49.860+0000] {processor.py:161} INFO - Processing /home/airflow/.local/lib/python3.7/site-packages/airflow/example_dags/example_latest_only.py took 0.186 seconds
[2022-10-03T01:31:20.415+0000] {processor.py:153} INFO - Started process (PID=230) to work on /home/airflow/.local/lib/python3.7/site-packages/airflow/example_dags/example_latest_only.py
[2022-10-03T01:31:20.416+0000] {processor.py:640} INFO - Processing file /home/airflow/.local/lib/python3.7/site-packages/airflow/example_dags/example_latest_only.py for tasks to queue
[2022-10-03T01:31:20.417+0000] {logging_mixin.py:115} INFO - [2022-10-03T01:31:20.417+0000] {dagbag.py:508} INFO - Filling up the DagBag from /home/airflow/.local/lib/python3.7/site-packages/airflow/example_dags/example_latest_only.py
[2022-10-03T01:31:20.422+0000] {processor.py:650} INFO - DAG(s) dict_keys(['latest_only']) retrieved from /home/airflow/.local/lib/python3.7/site-packages/airflow/example_dags/example_latest_only.py
[2022-10-03T01:31:20.449+0000] {logging_mixin.py:115} INFO - [2022-10-03T01:31:20.449+0000] {dag.py:2429} INFO - Sync 1 DAGs
[2022-10-03T01:31:20.577+0000] {logging_mixin.py:115} INFO - [2022-10-03T01:31:20.577+0000] {dag.py:2981} INFO - Setting next_dagrun for latest_only to 2022-10-02T21:31:20.577460+00:00, run_after=2022-10-03T01:31:20.577460+00:00
[2022-10-03T01:31:20.592+0000] {processor.py:161} INFO - Processing /home/airflow/.local/lib/python3.7/site-packages/airflow/example_dags/example_latest_only.py took 0.180 seconds
[2022-10-03T01:31:51.128+0000] {processor.py:153} INFO - Started process (PID=286) to work on /home/airflow/.local/lib/python3.7/site-packages/airflow/example_dags/example_latest_only.py
[2022-10-03T01:31:51.129+0000] {processor.py:640} INFO - Processing file /home/airflow/.local/lib/python3.7/site-packages/airflow/example_dags/example_latest_only.py for tasks to queue
[2022-10-03T01:31:51.130+0000] {logging_mixin.py:115} INFO - [2022-10-03T01:31:51.130+0000] {dagbag.py:508} INFO - Filling up the DagBag from /home/airflow/.local/lib/python3.7/site-packages/airflow/example_dags/example_latest_only.py
[2022-10-03T01:31:51.135+0000] {processor.py:650} INFO - DAG(s) dict_keys(['latest_only']) retrieved from /home/airflow/.local/lib/python3.7/site-packages/airflow/example_dags/example_latest_only.py
[2022-10-03T01:31:51.158+0000] {logging_mixin.py:115} INFO - [2022-10-03T01:31:51.158+0000] {dag.py:2429} INFO - Sync 1 DAGs
[2022-10-03T01:31:51.285+0000] {logging_mixin.py:115} INFO - [2022-10-03T01:31:51.285+0000] {dag.py:2981} INFO - Setting next_dagrun for latest_only to 2022-10-02T21:31:51.285435+00:00, run_after=2022-10-03T01:31:51.285435+00:00
[2022-10-03T01:31:51.299+0000] {processor.py:161} INFO - Processing /home/airflow/.local/lib/python3.7/site-packages/airflow/example_dags/example_latest_only.py took 0.174 seconds
[2022-10-03T01:32:21.862+0000] {processor.py:153} INFO - Started process (PID=341) to work on /home/airflow/.local/lib/python3.7/site-packages/airflow/example_dags/example_latest_only.py
[2022-10-03T01:32:21.863+0000] {processor.py:640} INFO - Processing file /home/airflow/.local/lib/python3.7/site-packages/airflow/example_dags/example_latest_only.py for tasks to queue
[2022-10-03T01:32:21.864+0000] {logging_mixin.py:115} INFO - [2022-10-03T01:32:21.864+0000] {dagbag.py:508} INFO - Filling up the DagBag from /home/airflow/.local/lib/python3.7/site-packages/airflow/example_dags/example_latest_only.py
[2022-10-03T01:32:21.870+0000] {processor.py:650} INFO - DAG(s) dict_keys(['latest_only']) retrieved from /home/airflow/.local/lib/python3.7/site-packages/airflow/example_dags/example_latest_only.py
[2022-10-03T01:32:21.893+0000] {logging_mixin.py:115} INFO - [2022-10-03T01:32:21.893+0000] {dag.py:2429} INFO - Sync 1 DAGs
[2022-10-03T01:32:22.035+0000] {logging_mixin.py:115} INFO - [2022-10-03T01:32:22.035+0000] {dag.py:2981} INFO - Setting next_dagrun for latest_only to 2022-10-02T21:32:22.035424+00:00, run_after=2022-10-03T01:32:22.035424+00:00
[2022-10-03T01:32:22.052+0000] {processor.py:161} INFO - Processing /home/airflow/.local/lib/python3.7/site-packages/airflow/example_dags/example_latest_only.py took 0.192 seconds
[2022-10-03T01:32:52.804+0000] {processor.py:153} INFO - Started process (PID=396) to work on /home/airflow/.local/lib/python3.7/site-packages/airflow/example_dags/example_latest_only.py
[2022-10-03T01:32:52.805+0000] {processor.py:640} INFO - Processing file /home/airflow/.local/lib/python3.7/site-packages/airflow/example_dags/example_latest_only.py for tasks to queue
[2022-10-03T01:32:52.806+0000] {logging_mixin.py:115} INFO - [2022-10-03T01:32:52.806+0000] {dagbag.py:508} INFO - Filling up the DagBag from /home/airflow/.local/lib/python3.7/site-packages/airflow/example_dags/example_latest_only.py
[2022-10-03T01:32:52.812+0000] {processor.py:650} INFO - DAG(s) dict_keys(['latest_only']) retrieved from /home/airflow/.local/lib/python3.7/site-packages/airflow/example_dags/example_latest_only.py
[2022-10-03T01:32:52.838+0000] {logging_mixin.py:115} INFO - [2022-10-03T01:32:52.838+0000] {dag.py:2429} INFO - Sync 1 DAGs
[2022-10-03T01:32:52.964+0000] {logging_mixin.py:115} INFO - [2022-10-03T01:32:52.964+0000] {dag.py:2981} INFO - Setting next_dagrun for latest_only to 2022-10-02T21:32:52.963716+00:00, run_after=2022-10-03T01:32:52.963716+00:00
[2022-10-03T01:32:52.979+0000] {processor.py:161} INFO - Processing /home/airflow/.local/lib/python3.7/site-packages/airflow/example_dags/example_latest_only.py took 0.177 seconds
[2022-10-03T01:33:23.548+0000] {processor.py:153} INFO - Started process (PID=451) to work on /home/airflow/.local/lib/python3.7/site-packages/airflow/example_dags/example_latest_only.py
[2022-10-03T01:33:23.549+0000] {processor.py:640} INFO - Processing file /home/airflow/.local/lib/python3.7/site-packages/airflow/example_dags/example_latest_only.py for tasks to queue
[2022-10-03T01:33:23.550+0000] {logging_mixin.py:115} INFO - [2022-10-03T01:33:23.550+0000] {dagbag.py:508} INFO - Filling up the DagBag from /home/airflow/.local/lib/python3.7/site-packages/airflow/example_dags/example_latest_only.py
[2022-10-03T01:33:23.555+0000] {processor.py:650} INFO - DAG(s) dict_keys(['latest_only']) retrieved from /home/airflow/.local/lib/python3.7/site-packages/airflow/example_dags/example_latest_only.py
[2022-10-03T01:33:23.579+0000] {logging_mixin.py:115} INFO - [2022-10-03T01:33:23.579+0000] {dag.py:2429} INFO - Sync 1 DAGs
[2022-10-03T01:33:23.703+0000] {logging_mixin.py:115} INFO - [2022-10-03T01:33:23.703+0000] {dag.py:2981} INFO - Setting next_dagrun for latest_only to 2022-10-02T21:33:23.703679+00:00, run_after=2022-10-03T01:33:23.703679+00:00
[2022-10-03T01:33:23.716+0000] {processor.py:161} INFO - Processing /home/airflow/.local/lib/python3.7/site-packages/airflow/example_dags/example_latest_only.py took 0.171 seconds
[2022-10-03T01:33:54.287+0000] {processor.py:153} INFO - Started process (PID=506) to work on /home/airflow/.local/lib/python3.7/site-packages/airflow/example_dags/example_latest_only.py
[2022-10-03T01:33:54.288+0000] {processor.py:640} INFO - Processing file /home/airflow/.local/lib/python3.7/site-packages/airflow/example_dags/example_latest_only.py for tasks to queue
[2022-10-03T01:33:54.289+0000] {logging_mixin.py:115} INFO - [2022-10-03T01:33:54.289+0000] {dagbag.py:508} INFO - Filling up the DagBag from /home/airflow/.local/lib/python3.7/site-packages/airflow/example_dags/example_latest_only.py
[2022-10-03T01:33:54.295+0000] {processor.py:650} INFO - DAG(s) dict_keys(['latest_only']) retrieved from /home/airflow/.local/lib/python3.7/site-packages/airflow/example_dags/example_latest_only.py
[2022-10-03T01:33:54.317+0000] {logging_mixin.py:115} INFO - [2022-10-03T01:33:54.317+0000] {dag.py:2429} INFO - Sync 1 DAGs
[2022-10-03T01:33:54.442+0000] {logging_mixin.py:115} INFO - [2022-10-03T01:33:54.442+0000] {dag.py:2981} INFO - Setting next_dagrun for latest_only to 2022-10-02T21:33:54.441829+00:00, run_after=2022-10-03T01:33:54.441829+00:00
[2022-10-03T01:33:54.457+0000] {processor.py:161} INFO - Processing /home/airflow/.local/lib/python3.7/site-packages/airflow/example_dags/example_latest_only.py took 0.172 seconds
[2022-10-03T01:34:25.024+0000] {processor.py:153} INFO - Started process (PID=561) to work on /home/airflow/.local/lib/python3.7/site-packages/airflow/example_dags/example_latest_only.py
[2022-10-03T01:34:25.025+0000] {processor.py:640} INFO - Processing file /home/airflow/.local/lib/python3.7/site-packages/airflow/example_dags/example_latest_only.py for tasks to queue
[2022-10-03T01:34:25.026+0000] {logging_mixin.py:115} INFO - [2022-10-03T01:34:25.026+0000] {dagbag.py:508} INFO - Filling up the DagBag from /home/airflow/.local/lib/python3.7/site-packages/airflow/example_dags/example_latest_only.py
[2022-10-03T01:34:25.031+0000] {processor.py:650} INFO - DAG(s) dict_keys(['latest_only']) retrieved from /home/airflow/.local/lib/python3.7/site-packages/airflow/example_dags/example_latest_only.py
[2022-10-03T01:34:25.058+0000] {logging_mixin.py:115} INFO - [2022-10-03T01:34:25.058+0000] {dag.py:2429} INFO - Sync 1 DAGs
[2022-10-03T01:34:25.186+0000] {logging_mixin.py:115} INFO - [2022-10-03T01:34:25.186+0000] {dag.py:2981} INFO - Setting next_dagrun for latest_only to 2022-10-02T21:34:25.186556+00:00, run_after=2022-10-03T01:34:25.186556+00:00
[2022-10-03T01:34:25.201+0000] {processor.py:161} INFO - Processing /home/airflow/.local/lib/python3.7/site-packages/airflow/example_dags/example_latest_only.py took 0.179 seconds
[2022-10-03T01:34:55.677+0000] {processor.py:153} INFO - Started process (PID=616) to work on /home/airflow/.local/lib/python3.7/site-packages/airflow/example_dags/example_latest_only.py
[2022-10-03T01:34:55.678+0000] {processor.py:640} INFO - Processing file /home/airflow/.local/lib/python3.7/site-packages/airflow/example_dags/example_latest_only.py for tasks to queue
[2022-10-03T01:34:55.679+0000] {logging_mixin.py:115} INFO - [2022-10-03T01:34:55.678+0000] {dagbag.py:508} INFO - Filling up the DagBag from /home/airflow/.local/lib/python3.7/site-packages/airflow/example_dags/example_latest_only.py
[2022-10-03T01:34:55.682+0000] {processor.py:650} INFO - DAG(s) dict_keys(['latest_only']) retrieved from /home/airflow/.local/lib/python3.7/site-packages/airflow/example_dags/example_latest_only.py
[2022-10-03T01:34:55.708+0000] {logging_mixin.py:115} INFO - [2022-10-03T01:34:55.708+0000] {dag.py:2429} INFO - Sync 1 DAGs
[2022-10-03T01:34:55.838+0000] {logging_mixin.py:115} INFO - [2022-10-03T01:34:55.838+0000] {dag.py:2981} INFO - Setting next_dagrun for latest_only to 2022-10-02T21:34:55.838615+00:00, run_after=2022-10-03T01:34:55.838615+00:00
[2022-10-03T01:34:55.854+0000] {processor.py:161} INFO - Processing /home/airflow/.local/lib/python3.7/site-packages/airflow/example_dags/example_latest_only.py took 0.180 seconds
[2022-10-03T01:35:26.365+0000] {processor.py:153} INFO - Started process (PID=671) to work on /home/airflow/.local/lib/python3.7/site-packages/airflow/example_dags/example_latest_only.py
[2022-10-03T01:35:26.366+0000] {processor.py:640} INFO - Processing file /home/airflow/.local/lib/python3.7/site-packages/airflow/example_dags/example_latest_only.py for tasks to queue
[2022-10-03T01:35:26.367+0000] {logging_mixin.py:115} INFO - [2022-10-03T01:35:26.367+0000] {dagbag.py:508} INFO - Filling up the DagBag from /home/airflow/.local/lib/python3.7/site-packages/airflow/example_dags/example_latest_only.py
[2022-10-03T01:35:26.371+0000] {processor.py:650} INFO - DAG(s) dict_keys(['latest_only']) retrieved from /home/airflow/.local/lib/python3.7/site-packages/airflow/example_dags/example_latest_only.py
[2022-10-03T01:35:26.397+0000] {logging_mixin.py:115} INFO - [2022-10-03T01:35:26.397+0000] {dag.py:2429} INFO - Sync 1 DAGs
[2022-10-03T01:35:26.543+0000] {logging_mixin.py:115} INFO - [2022-10-03T01:35:26.543+0000] {dag.py:2981} INFO - Setting next_dagrun for latest_only to 2022-10-02T21:35:26.543100+00:00, run_after=2022-10-03T01:35:26.543100+00:00
[2022-10-03T01:35:26.559+0000] {processor.py:161} INFO - Processing /home/airflow/.local/lib/python3.7/site-packages/airflow/example_dags/example_latest_only.py took 0.196 seconds
[2022-10-03T01:35:57.345+0000] {processor.py:153} INFO - Started process (PID=726) to work on /home/airflow/.local/lib/python3.7/site-packages/airflow/example_dags/example_latest_only.py
[2022-10-03T01:35:57.346+0000] {processor.py:640} INFO - Processing file /home/airflow/.local/lib/python3.7/site-packages/airflow/example_dags/example_latest_only.py for tasks to queue
[2022-10-03T01:35:57.347+0000] {logging_mixin.py:115} INFO - [2022-10-03T01:35:57.346+0000] {dagbag.py:508} INFO - Filling up the DagBag from /home/airflow/.local/lib/python3.7/site-packages/airflow/example_dags/example_latest_only.py
[2022-10-03T01:35:57.352+0000] {processor.py:650} INFO - DAG(s) dict_keys(['latest_only']) retrieved from /home/airflow/.local/lib/python3.7/site-packages/airflow/example_dags/example_latest_only.py
[2022-10-03T01:35:57.376+0000] {logging_mixin.py:115} INFO - [2022-10-03T01:35:57.376+0000] {dag.py:2429} INFO - Sync 1 DAGs
[2022-10-03T01:35:57.506+0000] {logging_mixin.py:115} INFO - [2022-10-03T01:35:57.506+0000] {dag.py:2981} INFO - Setting next_dagrun for latest_only to 2022-10-02T21:35:57.506567+00:00, run_after=2022-10-03T01:35:57.506567+00:00
[2022-10-03T01:35:57.520+0000] {processor.py:161} INFO - Processing /home/airflow/.local/lib/python3.7/site-packages/airflow/example_dags/example_latest_only.py took 0.178 seconds
[2022-10-03T01:36:28.060+0000] {processor.py:153} INFO - Started process (PID=781) to work on /home/airflow/.local/lib/python3.7/site-packages/airflow/example_dags/example_latest_only.py
[2022-10-03T01:36:28.061+0000] {processor.py:640} INFO - Processing file /home/airflow/.local/lib/python3.7/site-packages/airflow/example_dags/example_latest_only.py for tasks to queue
[2022-10-03T01:36:28.062+0000] {logging_mixin.py:115} INFO - [2022-10-03T01:36:28.062+0000] {dagbag.py:508} INFO - Filling up the DagBag from /home/airflow/.local/lib/python3.7/site-packages/airflow/example_dags/example_latest_only.py
[2022-10-03T01:36:28.066+0000] {processor.py:650} INFO - DAG(s) dict_keys(['latest_only']) retrieved from /home/airflow/.local/lib/python3.7/site-packages/airflow/example_dags/example_latest_only.py
[2022-10-03T01:36:28.091+0000] {logging_mixin.py:115} INFO - [2022-10-03T01:36:28.091+0000] {dag.py:2429} INFO - Sync 1 DAGs
[2022-10-03T01:36:28.220+0000] {logging_mixin.py:115} INFO - [2022-10-03T01:36:28.220+0000] {dag.py:2981} INFO - Setting next_dagrun for latest_only to 2022-10-02T21:36:28.219954+00:00, run_after=2022-10-03T01:36:28.219954+00:00
[2022-10-03T01:36:28.234+0000] {processor.py:161} INFO - Processing /home/airflow/.local/lib/python3.7/site-packages/airflow/example_dags/example_latest_only.py took 0.177 seconds
[2022-10-03T01:36:58.685+0000] {processor.py:153} INFO - Started process (PID=836) to work on /home/airflow/.local/lib/python3.7/site-packages/airflow/example_dags/example_latest_only.py
[2022-10-03T01:36:58.685+0000] {processor.py:640} INFO - Processing file /home/airflow/.local/lib/python3.7/site-packages/airflow/example_dags/example_latest_only.py for tasks to queue
[2022-10-03T01:36:58.686+0000] {logging_mixin.py:115} INFO - [2022-10-03T01:36:58.686+0000] {dagbag.py:508} INFO - Filling up the DagBag from /home/airflow/.local/lib/python3.7/site-packages/airflow/example_dags/example_latest_only.py
[2022-10-03T01:36:58.690+0000] {processor.py:650} INFO - DAG(s) dict_keys(['latest_only']) retrieved from /home/airflow/.local/lib/python3.7/site-packages/airflow/example_dags/example_latest_only.py
[2022-10-03T01:36:58.719+0000] {logging_mixin.py:115} INFO - [2022-10-03T01:36:58.719+0000] {dag.py:2429} INFO - Sync 1 DAGs
[2022-10-03T01:36:58.854+0000] {logging_mixin.py:115} INFO - [2022-10-03T01:36:58.854+0000] {dag.py:2981} INFO - Setting next_dagrun for latest_only to 2022-10-02T21:36:58.854063+00:00, run_after=2022-10-03T01:36:58.854063+00:00
[2022-10-03T01:36:58.868+0000] {processor.py:161} INFO - Processing /home/airflow/.local/lib/python3.7/site-packages/airflow/example_dags/example_latest_only.py took 0.186 seconds
[2022-10-03T01:37:29.529+0000] {processor.py:153} INFO - Started process (PID=901) to work on /home/airflow/.local/lib/python3.7/site-packages/airflow/example_dags/example_latest_only.py
[2022-10-03T01:37:29.530+0000] {processor.py:640} INFO - Processing file /home/airflow/.local/lib/python3.7/site-packages/airflow/example_dags/example_latest_only.py for tasks to queue
[2022-10-03T01:37:29.531+0000] {logging_mixin.py:115} INFO - [2022-10-03T01:37:29.531+0000] {dagbag.py:508} INFO - Filling up the DagBag from /home/airflow/.local/lib/python3.7/site-packages/airflow/example_dags/example_latest_only.py
[2022-10-03T01:37:29.535+0000] {processor.py:650} INFO - DAG(s) dict_keys(['latest_only']) retrieved from /home/airflow/.local/lib/python3.7/site-packages/airflow/example_dags/example_latest_only.py
[2022-10-03T01:37:29.566+0000] {logging_mixin.py:115} INFO - [2022-10-03T01:37:29.566+0000] {dag.py:2429} INFO - Sync 1 DAGs
[2022-10-03T01:37:29.698+0000] {logging_mixin.py:115} INFO - [2022-10-03T01:37:29.698+0000] {dag.py:2981} INFO - Setting next_dagrun for latest_only to 2022-10-02T21:37:29.698030+00:00, run_after=2022-10-03T01:37:29.698030+00:00
[2022-10-03T01:37:29.715+0000] {processor.py:161} INFO - Processing /home/airflow/.local/lib/python3.7/site-packages/airflow/example_dags/example_latest_only.py took 0.189 seconds
[2022-10-03T01:38:00.232+0000] {processor.py:153} INFO - Started process (PID=956) to work on /home/airflow/.local/lib/python3.7/site-packages/airflow/example_dags/example_latest_only.py
[2022-10-03T01:38:00.233+0000] {processor.py:640} INFO - Processing file /home/airflow/.local/lib/python3.7/site-packages/airflow/example_dags/example_latest_only.py for tasks to queue
[2022-10-03T01:38:00.234+0000] {logging_mixin.py:115} INFO - [2022-10-03T01:38:00.233+0000] {dagbag.py:508} INFO - Filling up the DagBag from /home/airflow/.local/lib/python3.7/site-packages/airflow/example_dags/example_latest_only.py
[2022-10-03T01:38:00.238+0000] {processor.py:650} INFO - DAG(s) dict_keys(['latest_only']) retrieved from /home/airflow/.local/lib/python3.7/site-packages/airflow/example_dags/example_latest_only.py
[2022-10-03T01:38:00.267+0000] {logging_mixin.py:115} INFO - [2022-10-03T01:38:00.267+0000] {dag.py:2429} INFO - Sync 1 DAGs
[2022-10-03T01:38:00.390+0000] {logging_mixin.py:115} INFO - [2022-10-03T01:38:00.390+0000] {dag.py:2981} INFO - Setting next_dagrun for latest_only to 2022-10-02T21:38:00.390350+00:00, run_after=2022-10-03T01:38:00.390350+00:00
[2022-10-03T01:38:00.406+0000] {processor.py:161} INFO - Processing /home/airflow/.local/lib/python3.7/site-packages/airflow/example_dags/example_latest_only.py took 0.176 seconds
[2022-10-03T01:38:30.904+0000] {processor.py:153} INFO - Started process (PID=1011) to work on /home/airflow/.local/lib/python3.7/site-packages/airflow/example_dags/example_latest_only.py
[2022-10-03T01:38:30.905+0000] {processor.py:640} INFO - Processing file /home/airflow/.local/lib/python3.7/site-packages/airflow/example_dags/example_latest_only.py for tasks to queue
[2022-10-03T01:38:30.906+0000] {logging_mixin.py:115} INFO - [2022-10-03T01:38:30.905+0000] {dagbag.py:508} INFO - Filling up the DagBag from /home/airflow/.local/lib/python3.7/site-packages/airflow/example_dags/example_latest_only.py
[2022-10-03T01:38:30.911+0000] {processor.py:650} INFO - DAG(s) dict_keys(['latest_only']) retrieved from /home/airflow/.local/lib/python3.7/site-packages/airflow/example_dags/example_latest_only.py
[2022-10-03T01:38:30.935+0000] {logging_mixin.py:115} INFO - [2022-10-03T01:38:30.935+0000] {dag.py:2429} INFO - Sync 1 DAGs
[2022-10-03T01:38:31.065+0000] {logging_mixin.py:115} INFO - [2022-10-03T01:38:31.064+0000] {dag.py:2981} INFO - Setting next_dagrun for latest_only to 2022-10-02T21:38:31.064728+00:00, run_after=2022-10-03T01:38:31.064728+00:00
[2022-10-03T01:38:31.078+0000] {processor.py:161} INFO - Processing /home/airflow/.local/lib/python3.7/site-packages/airflow/example_dags/example_latest_only.py took 0.177 seconds
[2022-10-03T01:39:01.714+0000] {processor.py:153} INFO - Started process (PID=1066) to work on /home/airflow/.local/lib/python3.7/site-packages/airflow/example_dags/example_latest_only.py
[2022-10-03T01:39:01.715+0000] {processor.py:640} INFO - Processing file /home/airflow/.local/lib/python3.7/site-packages/airflow/example_dags/example_latest_only.py for tasks to queue
[2022-10-03T01:39:01.716+0000] {logging_mixin.py:115} INFO - [2022-10-03T01:39:01.716+0000] {dagbag.py:508} INFO - Filling up the DagBag from /home/airflow/.local/lib/python3.7/site-packages/airflow/example_dags/example_latest_only.py
[2022-10-03T01:39:01.720+0000] {processor.py:650} INFO - DAG(s) dict_keys(['latest_only']) retrieved from /home/airflow/.local/lib/python3.7/site-packages/airflow/example_dags/example_latest_only.py
[2022-10-03T01:39:01.746+0000] {logging_mixin.py:115} INFO - [2022-10-03T01:39:01.746+0000] {dag.py:2429} INFO - Sync 1 DAGs
[2022-10-03T01:39:01.874+0000] {logging_mixin.py:115} INFO - [2022-10-03T01:39:01.874+0000] {dag.py:2981} INFO - Setting next_dagrun for latest_only to 2022-10-02T21:39:01.874561+00:00, run_after=2022-10-03T01:39:01.874561+00:00
[2022-10-03T01:39:01.889+0000] {processor.py:161} INFO - Processing /home/airflow/.local/lib/python3.7/site-packages/airflow/example_dags/example_latest_only.py took 0.177 seconds
[2022-10-03T01:39:32.335+0000] {processor.py:153} INFO - Started process (PID=1121) to work on /home/airflow/.local/lib/python3.7/site-packages/airflow/example_dags/example_latest_only.py
[2022-10-03T01:39:32.336+0000] {processor.py:640} INFO - Processing file /home/airflow/.local/lib/python3.7/site-packages/airflow/example_dags/example_latest_only.py for tasks to queue
[2022-10-03T01:39:32.337+0000] {logging_mixin.py:115} INFO - [2022-10-03T01:39:32.337+0000] {dagbag.py:508} INFO - Filling up the DagBag from /home/airflow/.local/lib/python3.7/site-packages/airflow/example_dags/example_latest_only.py
[2022-10-03T01:39:32.341+0000] {processor.py:650} INFO - DAG(s) dict_keys(['latest_only']) retrieved from /home/airflow/.local/lib/python3.7/site-packages/airflow/example_dags/example_latest_only.py
[2022-10-03T01:39:32.369+0000] {logging_mixin.py:115} INFO - [2022-10-03T01:39:32.369+0000] {dag.py:2429} INFO - Sync 1 DAGs
[2022-10-03T01:39:32.513+0000] {logging_mixin.py:115} INFO - [2022-10-03T01:39:32.513+0000] {dag.py:2981} INFO - Setting next_dagrun for latest_only to 2022-10-02T21:39:32.513045+00:00, run_after=2022-10-03T01:39:32.513045+00:00
[2022-10-03T01:39:32.529+0000] {processor.py:161} INFO - Processing /home/airflow/.local/lib/python3.7/site-packages/airflow/example_dags/example_latest_only.py took 0.196 seconds
[2022-10-03T01:40:03.031+0000] {processor.py:153} INFO - Started process (PID=1176) to work on /home/airflow/.local/lib/python3.7/site-packages/airflow/example_dags/example_latest_only.py
[2022-10-03T01:40:03.032+0000] {processor.py:640} INFO - Processing file /home/airflow/.local/lib/python3.7/site-packages/airflow/example_dags/example_latest_only.py for tasks to queue
[2022-10-03T01:40:03.033+0000] {logging_mixin.py:115} INFO - [2022-10-03T01:40:03.033+0000] {dagbag.py:508} INFO - Filling up the DagBag from /home/airflow/.local/lib/python3.7/site-packages/airflow/example_dags/example_latest_only.py
[2022-10-03T01:40:03.037+0000] {processor.py:650} INFO - DAG(s) dict_keys(['latest_only']) retrieved from /home/airflow/.local/lib/python3.7/site-packages/airflow/example_dags/example_latest_only.py
[2022-10-03T01:40:03.061+0000] {logging_mixin.py:115} INFO - [2022-10-03T01:40:03.061+0000] {dag.py:2429} INFO - Sync 1 DAGs
[2022-10-03T01:40:03.189+0000] {logging_mixin.py:115} INFO - [2022-10-03T01:40:03.189+0000] {dag.py:2981} INFO - Setting next_dagrun for latest_only to 2022-10-02T21:40:03.189248+00:00, run_after=2022-10-03T01:40:03.189248+00:00
[2022-10-03T01:40:03.202+0000] {processor.py:161} INFO - Processing /home/airflow/.local/lib/python3.7/site-packages/airflow/example_dags/example_latest_only.py took 0.174 seconds
[2022-10-03T01:40:33.749+0000] {processor.py:153} INFO - Started process (PID=1231) to work on /home/airflow/.local/lib/python3.7/site-packages/airflow/example_dags/example_latest_only.py
[2022-10-03T01:40:33.750+0000] {processor.py:640} INFO - Processing file /home/airflow/.local/lib/python3.7/site-packages/airflow/example_dags/example_latest_only.py for tasks to queue
[2022-10-03T01:40:33.751+0000] {logging_mixin.py:115} INFO - [2022-10-03T01:40:33.751+0000] {dagbag.py:508} INFO - Filling up the DagBag from /home/airflow/.local/lib/python3.7/site-packages/airflow/example_dags/example_latest_only.py
[2022-10-03T01:40:33.754+0000] {processor.py:650} INFO - DAG(s) dict_keys(['latest_only']) retrieved from /home/airflow/.local/lib/python3.7/site-packages/airflow/example_dags/example_latest_only.py
[2022-10-03T01:40:33.780+0000] {logging_mixin.py:115} INFO - [2022-10-03T01:40:33.779+0000] {dag.py:2429} INFO - Sync 1 DAGs
[2022-10-03T01:40:33.896+0000] {logging_mixin.py:115} INFO - [2022-10-03T01:40:33.896+0000] {dag.py:2981} INFO - Setting next_dagrun for latest_only to 2022-10-02T21:40:33.896572+00:00, run_after=2022-10-03T01:40:33.896572+00:00
[2022-10-03T01:40:33.910+0000] {processor.py:161} INFO - Processing /home/airflow/.local/lib/python3.7/site-packages/airflow/example_dags/example_latest_only.py took 0.164 seconds
[2022-10-03T01:41:04.673+0000] {processor.py:153} INFO - Started process (PID=1286) to work on /home/airflow/.local/lib/python3.7/site-packages/airflow/example_dags/example_latest_only.py
[2022-10-03T01:41:04.674+0000] {processor.py:640} INFO - Processing file /home/airflow/.local/lib/python3.7/site-packages/airflow/example_dags/example_latest_only.py for tasks to queue
[2022-10-03T01:41:04.675+0000] {logging_mixin.py:115} INFO - [2022-10-03T01:41:04.675+0000] {dagbag.py:508} INFO - Filling up the DagBag from /home/airflow/.local/lib/python3.7/site-packages/airflow/example_dags/example_latest_only.py
[2022-10-03T01:41:04.680+0000] {processor.py:650} INFO - DAG(s) dict_keys(['latest_only']) retrieved from /home/airflow/.local/lib/python3.7/site-packages/airflow/example_dags/example_latest_only.py
[2022-10-03T01:41:04.709+0000] {logging_mixin.py:115} INFO - [2022-10-03T01:41:04.709+0000] {dag.py:2429} INFO - Sync 1 DAGs
[2022-10-03T01:41:04.866+0000] {logging_mixin.py:115} INFO - [2022-10-03T01:41:04.866+0000] {dag.py:2981} INFO - Setting next_dagrun for latest_only to 2022-10-02T21:41:04.866155+00:00, run_after=2022-10-03T01:41:04.866155+00:00
[2022-10-03T01:41:04.880+0000] {processor.py:161} INFO - Processing /home/airflow/.local/lib/python3.7/site-packages/airflow/example_dags/example_latest_only.py took 0.210 seconds
[2022-10-03T01:41:35.461+0000] {processor.py:153} INFO - Started process (PID=1342) to work on /home/airflow/.local/lib/python3.7/site-packages/airflow/example_dags/example_latest_only.py
[2022-10-03T01:41:35.462+0000] {processor.py:640} INFO - Processing file /home/airflow/.local/lib/python3.7/site-packages/airflow/example_dags/example_latest_only.py for tasks to queue
[2022-10-03T01:41:35.463+0000] {logging_mixin.py:115} INFO - [2022-10-03T01:41:35.463+0000] {dagbag.py:508} INFO - Filling up the DagBag from /home/airflow/.local/lib/python3.7/site-packages/airflow/example_dags/example_latest_only.py
[2022-10-03T01:41:35.468+0000] {processor.py:650} INFO - DAG(s) dict_keys(['latest_only']) retrieved from /home/airflow/.local/lib/python3.7/site-packages/airflow/example_dags/example_latest_only.py
[2022-10-03T01:41:35.505+0000] {logging_mixin.py:115} INFO - [2022-10-03T01:41:35.505+0000] {dag.py:2429} INFO - Sync 1 DAGs
[2022-10-03T01:41:35.634+0000] {logging_mixin.py:115} INFO - [2022-10-03T01:41:35.633+0000] {dag.py:2981} INFO - Setting next_dagrun for latest_only to 2022-10-02T21:41:35.633715+00:00, run_after=2022-10-03T01:41:35.633715+00:00
[2022-10-03T01:41:35.648+0000] {processor.py:161} INFO - Processing /home/airflow/.local/lib/python3.7/site-packages/airflow/example_dags/example_latest_only.py took 0.189 seconds
[2022-10-03T01:42:06.529+0000] {processor.py:153} INFO - Started process (PID=1397) to work on /home/airflow/.local/lib/python3.7/site-packages/airflow/example_dags/example_latest_only.py
[2022-10-03T01:42:06.531+0000] {processor.py:640} INFO - Processing file /home/airflow/.local/lib/python3.7/site-packages/airflow/example_dags/example_latest_only.py for tasks to queue
[2022-10-03T01:42:06.533+0000] {logging_mixin.py:115} INFO - [2022-10-03T01:42:06.532+0000] {dagbag.py:508} INFO - Filling up the DagBag from /home/airflow/.local/lib/python3.7/site-packages/airflow/example_dags/example_latest_only.py
[2022-10-03T01:42:06.540+0000] {processor.py:650} INFO - DAG(s) dict_keys(['latest_only']) retrieved from /home/airflow/.local/lib/python3.7/site-packages/airflow/example_dags/example_latest_only.py
[2022-10-03T01:42:06.572+0000] {logging_mixin.py:115} INFO - [2022-10-03T01:42:06.572+0000] {dag.py:2429} INFO - Sync 1 DAGs
[2022-10-03T01:42:06.734+0000] {logging_mixin.py:115} INFO - [2022-10-03T01:42:06.733+0000] {dag.py:2981} INFO - Setting next_dagrun for latest_only to 2022-10-02T21:42:06.733815+00:00, run_after=2022-10-03T01:42:06.733815+00:00
[2022-10-03T01:42:06.748+0000] {processor.py:161} INFO - Processing /home/airflow/.local/lib/python3.7/site-packages/airflow/example_dags/example_latest_only.py took 0.222 seconds
[2022-10-03T01:42:37.213+0000] {processor.py:153} INFO - Started process (PID=1452) to work on /home/airflow/.local/lib/python3.7/site-packages/airflow/example_dags/example_latest_only.py
[2022-10-03T01:42:37.214+0000] {processor.py:640} INFO - Processing file /home/airflow/.local/lib/python3.7/site-packages/airflow/example_dags/example_latest_only.py for tasks to queue
[2022-10-03T01:42:37.215+0000] {logging_mixin.py:115} INFO - [2022-10-03T01:42:37.215+0000] {dagbag.py:508} INFO - Filling up the DagBag from /home/airflow/.local/lib/python3.7/site-packages/airflow/example_dags/example_latest_only.py
[2022-10-03T01:42:37.219+0000] {processor.py:650} INFO - DAG(s) dict_keys(['latest_only']) retrieved from /home/airflow/.local/lib/python3.7/site-packages/airflow/example_dags/example_latest_only.py
[2022-10-03T01:42:37.245+0000] {logging_mixin.py:115} INFO - [2022-10-03T01:42:37.244+0000] {dag.py:2429} INFO - Sync 1 DAGs
[2022-10-03T01:42:37.382+0000] {logging_mixin.py:115} INFO - [2022-10-03T01:42:37.382+0000] {dag.py:2981} INFO - Setting next_dagrun for latest_only to 2022-10-02T21:42:37.381928+00:00, run_after=2022-10-03T01:42:37.381928+00:00
[2022-10-03T01:42:37.396+0000] {processor.py:161} INFO - Processing /home/airflow/.local/lib/python3.7/site-packages/airflow/example_dags/example_latest_only.py took 0.185 seconds
[2022-10-03T01:43:07.898+0000] {processor.py:153} INFO - Started process (PID=1508) to work on /home/airflow/.local/lib/python3.7/site-packages/airflow/example_dags/example_latest_only.py
[2022-10-03T01:43:07.899+0000] {processor.py:640} INFO - Processing file /home/airflow/.local/lib/python3.7/site-packages/airflow/example_dags/example_latest_only.py for tasks to queue
[2022-10-03T01:43:07.900+0000] {logging_mixin.py:115} INFO - [2022-10-03T01:43:07.900+0000] {dagbag.py:508} INFO - Filling up the DagBag from /home/airflow/.local/lib/python3.7/site-packages/airflow/example_dags/example_latest_only.py
[2022-10-03T01:43:07.905+0000] {processor.py:650} INFO - DAG(s) dict_keys(['latest_only']) retrieved from /home/airflow/.local/lib/python3.7/site-packages/airflow/example_dags/example_latest_only.py
[2022-10-03T01:43:07.930+0000] {logging_mixin.py:115} INFO - [2022-10-03T01:43:07.930+0000] {dag.py:2429} INFO - Sync 1 DAGs
[2022-10-03T01:43:08.048+0000] {logging_mixin.py:115} INFO - [2022-10-03T01:43:08.048+0000] {dag.py:2981} INFO - Setting next_dagrun for latest_only to 2022-10-02T21:43:08.048315+00:00, run_after=2022-10-03T01:43:08.048315+00:00
[2022-10-03T01:43:08.061+0000] {processor.py:161} INFO - Processing /home/airflow/.local/lib/python3.7/site-packages/airflow/example_dags/example_latest_only.py took 0.165 seconds
[2022-10-03T01:43:38.371+0000] {processor.py:153} INFO - Started process (PID=1563) to work on /home/airflow/.local/lib/python3.7/site-packages/airflow/example_dags/example_latest_only.py
[2022-10-03T01:43:38.372+0000] {processor.py:640} INFO - Processing file /home/airflow/.local/lib/python3.7/site-packages/airflow/example_dags/example_latest_only.py for tasks to queue
[2022-10-03T01:43:38.373+0000] {logging_mixin.py:115} INFO - [2022-10-03T01:43:38.373+0000] {dagbag.py:508} INFO - Filling up the DagBag from /home/airflow/.local/lib/python3.7/site-packages/airflow/example_dags/example_latest_only.py
[2022-10-03T01:43:38.377+0000] {processor.py:650} INFO - DAG(s) dict_keys(['latest_only']) retrieved from /home/airflow/.local/lib/python3.7/site-packages/airflow/example_dags/example_latest_only.py
[2022-10-03T01:43:38.406+0000] {logging_mixin.py:115} INFO - [2022-10-03T01:43:38.405+0000] {dag.py:2429} INFO - Sync 1 DAGs
[2022-10-03T01:43:38.532+0000] {logging_mixin.py:115} INFO - [2022-10-03T01:43:38.532+0000] {dag.py:2981} INFO - Setting next_dagrun for latest_only to 2022-10-02T21:43:38.532458+00:00, run_after=2022-10-03T01:43:38.532458+00:00
[2022-10-03T01:43:38.545+0000] {processor.py:161} INFO - Processing /home/airflow/.local/lib/python3.7/site-packages/airflow/example_dags/example_latest_only.py took 0.177 seconds
[2022-10-03T01:44:09.056+0000] {processor.py:153} INFO - Started process (PID=1618) to work on /home/airflow/.local/lib/python3.7/site-packages/airflow/example_dags/example_latest_only.py
[2022-10-03T01:44:09.057+0000] {processor.py:640} INFO - Processing file /home/airflow/.local/lib/python3.7/site-packages/airflow/example_dags/example_latest_only.py for tasks to queue
[2022-10-03T01:44:09.058+0000] {logging_mixin.py:115} INFO - [2022-10-03T01:44:09.058+0000] {dagbag.py:508} INFO - Filling up the DagBag from /home/airflow/.local/lib/python3.7/site-packages/airflow/example_dags/example_latest_only.py
[2022-10-03T01:44:09.063+0000] {processor.py:650} INFO - DAG(s) dict_keys(['latest_only']) retrieved from /home/airflow/.local/lib/python3.7/site-packages/airflow/example_dags/example_latest_only.py
[2022-10-03T01:44:09.087+0000] {logging_mixin.py:115} INFO - [2022-10-03T01:44:09.086+0000] {dag.py:2429} INFO - Sync 1 DAGs
[2022-10-03T01:44:09.222+0000] {logging_mixin.py:115} INFO - [2022-10-03T01:44:09.221+0000] {dag.py:2981} INFO - Setting next_dagrun for latest_only to 2022-10-02T21:44:09.221678+00:00, run_after=2022-10-03T01:44:09.221678+00:00
[2022-10-03T01:44:09.236+0000] {processor.py:161} INFO - Processing /home/airflow/.local/lib/python3.7/site-packages/airflow/example_dags/example_latest_only.py took 0.183 seconds
[2022-10-03T01:44:39.904+0000] {processor.py:153} INFO - Started process (PID=1673) to work on /home/airflow/.local/lib/python3.7/site-packages/airflow/example_dags/example_latest_only.py
[2022-10-03T01:44:39.904+0000] {processor.py:640} INFO - Processing file /home/airflow/.local/lib/python3.7/site-packages/airflow/example_dags/example_latest_only.py for tasks to queue
[2022-10-03T01:44:39.905+0000] {logging_mixin.py:115} INFO - [2022-10-03T01:44:39.905+0000] {dagbag.py:508} INFO - Filling up the DagBag from /home/airflow/.local/lib/python3.7/site-packages/airflow/example_dags/example_latest_only.py
[2022-10-03T01:44:39.910+0000] {processor.py:650} INFO - DAG(s) dict_keys(['latest_only']) retrieved from /home/airflow/.local/lib/python3.7/site-packages/airflow/example_dags/example_latest_only.py
[2022-10-03T01:44:39.933+0000] {logging_mixin.py:115} INFO - [2022-10-03T01:44:39.933+0000] {dag.py:2429} INFO - Sync 1 DAGs
[2022-10-03T01:44:40.072+0000] {logging_mixin.py:115} INFO - [2022-10-03T01:44:40.072+0000] {dag.py:2981} INFO - Setting next_dagrun for latest_only to 2022-10-02T21:44:40.072549+00:00, run_after=2022-10-03T01:44:40.072549+00:00
[2022-10-03T01:44:40.086+0000] {processor.py:161} INFO - Processing /home/airflow/.local/lib/python3.7/site-packages/airflow/example_dags/example_latest_only.py took 0.185 seconds
[2022-10-03T01:45:10.726+0000] {processor.py:153} INFO - Started process (PID=1728) to work on /home/airflow/.local/lib/python3.7/site-packages/airflow/example_dags/example_latest_only.py
[2022-10-03T01:45:10.727+0000] {processor.py:640} INFO - Processing file /home/airflow/.local/lib/python3.7/site-packages/airflow/example_dags/example_latest_only.py for tasks to queue
[2022-10-03T01:45:10.728+0000] {logging_mixin.py:115} INFO - [2022-10-03T01:45:10.728+0000] {dagbag.py:508} INFO - Filling up the DagBag from /home/airflow/.local/lib/python3.7/site-packages/airflow/example_dags/example_latest_only.py
[2022-10-03T01:45:10.733+0000] {processor.py:650} INFO - DAG(s) dict_keys(['latest_only']) retrieved from /home/airflow/.local/lib/python3.7/site-packages/airflow/example_dags/example_latest_only.py
[2022-10-03T01:45:10.757+0000] {logging_mixin.py:115} INFO - [2022-10-03T01:45:10.757+0000] {dag.py:2429} INFO - Sync 1 DAGs
[2022-10-03T01:45:10.893+0000] {logging_mixin.py:115} INFO - [2022-10-03T01:45:10.892+0000] {dag.py:2981} INFO - Setting next_dagrun for latest_only to 2022-10-02T21:45:10.892693+00:00, run_after=2022-10-03T01:45:10.892693+00:00
[2022-10-03T01:45:10.907+0000] {processor.py:161} INFO - Processing /home/airflow/.local/lib/python3.7/site-packages/airflow/example_dags/example_latest_only.py took 0.183 seconds
[2022-10-03T01:45:41.522+0000] {processor.py:153} INFO - Started process (PID=1783) to work on /home/airflow/.local/lib/python3.7/site-packages/airflow/example_dags/example_latest_only.py
[2022-10-03T01:45:41.523+0000] {processor.py:640} INFO - Processing file /home/airflow/.local/lib/python3.7/site-packages/airflow/example_dags/example_latest_only.py for tasks to queue
[2022-10-03T01:45:41.524+0000] {logging_mixin.py:115} INFO - [2022-10-03T01:45:41.524+0000] {dagbag.py:508} INFO - Filling up the DagBag from /home/airflow/.local/lib/python3.7/site-packages/airflow/example_dags/example_latest_only.py
[2022-10-03T01:45:41.530+0000] {processor.py:650} INFO - DAG(s) dict_keys(['latest_only']) retrieved from /home/airflow/.local/lib/python3.7/site-packages/airflow/example_dags/example_latest_only.py
[2022-10-03T01:45:41.572+0000] {logging_mixin.py:115} INFO - [2022-10-03T01:45:41.572+0000] {dag.py:2429} INFO - Sync 1 DAGs
[2022-10-03T01:45:41.697+0000] {logging_mixin.py:115} INFO - [2022-10-03T01:45:41.697+0000] {dag.py:2981} INFO - Setting next_dagrun for latest_only to 2022-10-02T21:45:41.697525+00:00, run_after=2022-10-03T01:45:41.697525+00:00
[2022-10-03T01:45:41.711+0000] {processor.py:161} INFO - Processing /home/airflow/.local/lib/python3.7/site-packages/airflow/example_dags/example_latest_only.py took 0.192 seconds
[2022-10-03T01:46:12.167+0000] {processor.py:153} INFO - Started process (PID=1838) to work on /home/airflow/.local/lib/python3.7/site-packages/airflow/example_dags/example_latest_only.py
[2022-10-03T01:46:12.168+0000] {processor.py:640} INFO - Processing file /home/airflow/.local/lib/python3.7/site-packages/airflow/example_dags/example_latest_only.py for tasks to queue
[2022-10-03T01:46:12.169+0000] {logging_mixin.py:115} INFO - [2022-10-03T01:46:12.169+0000] {dagbag.py:508} INFO - Filling up the DagBag from /home/airflow/.local/lib/python3.7/site-packages/airflow/example_dags/example_latest_only.py
[2022-10-03T01:46:12.175+0000] {processor.py:650} INFO - DAG(s) dict_keys(['latest_only']) retrieved from /home/airflow/.local/lib/python3.7/site-packages/airflow/example_dags/example_latest_only.py
[2022-10-03T01:46:12.203+0000] {logging_mixin.py:115} INFO - [2022-10-03T01:46:12.203+0000] {dag.py:2429} INFO - Sync 1 DAGs
[2022-10-03T01:46:12.365+0000] {logging_mixin.py:115} INFO - [2022-10-03T01:46:12.365+0000] {dag.py:2981} INFO - Setting next_dagrun for latest_only to 2022-10-02T21:46:12.365001+00:00, run_after=2022-10-03T01:46:12.365001+00:00
[2022-10-03T01:46:12.379+0000] {processor.py:161} INFO - Processing /home/airflow/.local/lib/python3.7/site-packages/airflow/example_dags/example_latest_only.py took 0.214 seconds
[2022-10-03T01:46:42.972+0000] {processor.py:153} INFO - Started process (PID=1893) to work on /home/airflow/.local/lib/python3.7/site-packages/airflow/example_dags/example_latest_only.py
[2022-10-03T01:46:42.973+0000] {processor.py:640} INFO - Processing file /home/airflow/.local/lib/python3.7/site-packages/airflow/example_dags/example_latest_only.py for tasks to queue
[2022-10-03T01:46:42.974+0000] {logging_mixin.py:115} INFO - [2022-10-03T01:46:42.974+0000] {dagbag.py:508} INFO - Filling up the DagBag from /home/airflow/.local/lib/python3.7/site-packages/airflow/example_dags/example_latest_only.py
[2022-10-03T01:46:42.979+0000] {processor.py:650} INFO - DAG(s) dict_keys(['latest_only']) retrieved from /home/airflow/.local/lib/python3.7/site-packages/airflow/example_dags/example_latest_only.py
[2022-10-03T01:46:43.003+0000] {logging_mixin.py:115} INFO - [2022-10-03T01:46:43.003+0000] {dag.py:2429} INFO - Sync 1 DAGs
[2022-10-03T01:46:43.171+0000] {logging_mixin.py:115} INFO - [2022-10-03T01:46:43.171+0000] {dag.py:2981} INFO - Setting next_dagrun for latest_only to 2022-10-02T21:46:43.171316+00:00, run_after=2022-10-03T01:46:43.171316+00:00
[2022-10-03T01:46:43.186+0000] {processor.py:161} INFO - Processing /home/airflow/.local/lib/python3.7/site-packages/airflow/example_dags/example_latest_only.py took 0.217 seconds
[2022-10-03T01:47:13.965+0000] {processor.py:153} INFO - Started process (PID=1955) to work on /home/airflow/.local/lib/python3.7/site-packages/airflow/example_dags/example_latest_only.py
[2022-10-03T01:47:13.966+0000] {processor.py:640} INFO - Processing file /home/airflow/.local/lib/python3.7/site-packages/airflow/example_dags/example_latest_only.py for tasks to queue
[2022-10-03T01:47:13.967+0000] {logging_mixin.py:115} INFO - [2022-10-03T01:47:13.967+0000] {dagbag.py:508} INFO - Filling up the DagBag from /home/airflow/.local/lib/python3.7/site-packages/airflow/example_dags/example_latest_only.py
[2022-10-03T01:47:13.972+0000] {processor.py:650} INFO - DAG(s) dict_keys(['latest_only']) retrieved from /home/airflow/.local/lib/python3.7/site-packages/airflow/example_dags/example_latest_only.py
[2022-10-03T01:47:13.996+0000] {logging_mixin.py:115} INFO - [2022-10-03T01:47:13.996+0000] {dag.py:2429} INFO - Sync 1 DAGs
[2022-10-03T01:47:14.130+0000] {logging_mixin.py:115} INFO - [2022-10-03T01:47:14.130+0000] {dag.py:2981} INFO - Setting next_dagrun for latest_only to 2022-10-02T21:47:14.130546+00:00, run_after=2022-10-03T01:47:14.130546+00:00
[2022-10-03T01:47:14.144+0000] {processor.py:161} INFO - Processing /home/airflow/.local/lib/python3.7/site-packages/airflow/example_dags/example_latest_only.py took 0.182 seconds
[2022-10-03T01:47:44.753+0000] {processor.py:153} INFO - Started process (PID=2010) to work on /home/airflow/.local/lib/python3.7/site-packages/airflow/example_dags/example_latest_only.py
[2022-10-03T01:47:44.754+0000] {processor.py:640} INFO - Processing file /home/airflow/.local/lib/python3.7/site-packages/airflow/example_dags/example_latest_only.py for tasks to queue
[2022-10-03T01:47:44.755+0000] {logging_mixin.py:115} INFO - [2022-10-03T01:47:44.755+0000] {dagbag.py:508} INFO - Filling up the DagBag from /home/airflow/.local/lib/python3.7/site-packages/airflow/example_dags/example_latest_only.py
[2022-10-03T01:47:44.760+0000] {processor.py:650} INFO - DAG(s) dict_keys(['latest_only']) retrieved from /home/airflow/.local/lib/python3.7/site-packages/airflow/example_dags/example_latest_only.py
[2022-10-03T01:47:44.784+0000] {logging_mixin.py:115} INFO - [2022-10-03T01:47:44.784+0000] {dag.py:2429} INFO - Sync 1 DAGs
[2022-10-03T01:47:44.913+0000] {logging_mixin.py:115} INFO - [2022-10-03T01:47:44.913+0000] {dag.py:2981} INFO - Setting next_dagrun for latest_only to 2022-10-02T21:47:44.912900+00:00, run_after=2022-10-03T01:47:44.912900+00:00
[2022-10-03T01:47:44.929+0000] {processor.py:161} INFO - Processing /home/airflow/.local/lib/python3.7/site-packages/airflow/example_dags/example_latest_only.py took 0.178 seconds
[2022-10-03T01:48:15.555+0000] {processor.py:153} INFO - Started process (PID=2065) to work on /home/airflow/.local/lib/python3.7/site-packages/airflow/example_dags/example_latest_only.py
[2022-10-03T01:48:15.556+0000] {processor.py:640} INFO - Processing file /home/airflow/.local/lib/python3.7/site-packages/airflow/example_dags/example_latest_only.py for tasks to queue
[2022-10-03T01:48:15.557+0000] {logging_mixin.py:115} INFO - [2022-10-03T01:48:15.557+0000] {dagbag.py:508} INFO - Filling up the DagBag from /home/airflow/.local/lib/python3.7/site-packages/airflow/example_dags/example_latest_only.py
[2022-10-03T01:48:15.563+0000] {processor.py:650} INFO - DAG(s) dict_keys(['latest_only']) retrieved from /home/airflow/.local/lib/python3.7/site-packages/airflow/example_dags/example_latest_only.py
[2022-10-03T01:48:15.587+0000] {logging_mixin.py:115} INFO - [2022-10-03T01:48:15.586+0000] {dag.py:2429} INFO - Sync 1 DAGs
[2022-10-03T01:48:15.735+0000] {logging_mixin.py:115} INFO - [2022-10-03T01:48:15.734+0000] {dag.py:2981} INFO - Setting next_dagrun for latest_only to 2022-10-02T21:48:15.734757+00:00, run_after=2022-10-03T01:48:15.734757+00:00
[2022-10-03T01:48:15.750+0000] {processor.py:161} INFO - Processing /home/airflow/.local/lib/python3.7/site-packages/airflow/example_dags/example_latest_only.py took 0.197 seconds
[2022-10-03T01:48:46.337+0000] {processor.py:153} INFO - Started process (PID=2120) to work on /home/airflow/.local/lib/python3.7/site-packages/airflow/example_dags/example_latest_only.py
[2022-10-03T01:48:46.337+0000] {processor.py:640} INFO - Processing file /home/airflow/.local/lib/python3.7/site-packages/airflow/example_dags/example_latest_only.py for tasks to queue
[2022-10-03T01:48:46.338+0000] {logging_mixin.py:115} INFO - [2022-10-03T01:48:46.338+0000] {dagbag.py:508} INFO - Filling up the DagBag from /home/airflow/.local/lib/python3.7/site-packages/airflow/example_dags/example_latest_only.py
[2022-10-03T01:48:46.342+0000] {processor.py:650} INFO - DAG(s) dict_keys(['latest_only']) retrieved from /home/airflow/.local/lib/python3.7/site-packages/airflow/example_dags/example_latest_only.py
[2022-10-03T01:48:46.371+0000] {logging_mixin.py:115} INFO - [2022-10-03T01:48:46.371+0000] {dag.py:2429} INFO - Sync 1 DAGs
[2022-10-03T01:48:46.519+0000] {logging_mixin.py:115} INFO - [2022-10-03T01:48:46.519+0000] {dag.py:2981} INFO - Setting next_dagrun for latest_only to 2022-10-02T21:48:46.519526+00:00, run_after=2022-10-03T01:48:46.519526+00:00
[2022-10-03T01:48:46.535+0000] {processor.py:161} INFO - Processing /home/airflow/.local/lib/python3.7/site-packages/airflow/example_dags/example_latest_only.py took 0.201 seconds
[2022-10-03T01:49:17.110+0000] {processor.py:153} INFO - Started process (PID=2175) to work on /home/airflow/.local/lib/python3.7/site-packages/airflow/example_dags/example_latest_only.py
[2022-10-03T01:49:17.111+0000] {processor.py:640} INFO - Processing file /home/airflow/.local/lib/python3.7/site-packages/airflow/example_dags/example_latest_only.py for tasks to queue
[2022-10-03T01:49:17.112+0000] {logging_mixin.py:115} INFO - [2022-10-03T01:49:17.112+0000] {dagbag.py:508} INFO - Filling up the DagBag from /home/airflow/.local/lib/python3.7/site-packages/airflow/example_dags/example_latest_only.py
[2022-10-03T01:49:17.118+0000] {processor.py:650} INFO - DAG(s) dict_keys(['latest_only']) retrieved from /home/airflow/.local/lib/python3.7/site-packages/airflow/example_dags/example_latest_only.py
[2022-10-03T01:49:17.149+0000] {logging_mixin.py:115} INFO - [2022-10-03T01:49:17.148+0000] {dag.py:2429} INFO - Sync 1 DAGs
[2022-10-03T01:49:17.288+0000] {logging_mixin.py:115} INFO - [2022-10-03T01:49:17.288+0000] {dag.py:2981} INFO - Setting next_dagrun for latest_only to 2022-10-02T21:49:17.288019+00:00, run_after=2022-10-03T01:49:17.288019+00:00
[2022-10-03T01:49:17.303+0000] {processor.py:161} INFO - Processing /home/airflow/.local/lib/python3.7/site-packages/airflow/example_dags/example_latest_only.py took 0.197 seconds
[2022-10-03T01:52:31.980+0000] {processor.py:153} INFO - Started process (PID=66) to work on /home/airflow/.local/lib/python3.7/site-packages/airflow/example_dags/example_latest_only.py
[2022-10-03T01:52:31.981+0000] {processor.py:640} INFO - Processing file /home/airflow/.local/lib/python3.7/site-packages/airflow/example_dags/example_latest_only.py for tasks to queue
[2022-10-03T01:52:31.983+0000] {logging_mixin.py:115} INFO - [2022-10-03T01:52:31.982+0000] {dagbag.py:508} INFO - Filling up the DagBag from /home/airflow/.local/lib/python3.7/site-packages/airflow/example_dags/example_latest_only.py
[2022-10-03T01:52:31.995+0000] {processor.py:650} INFO - DAG(s) dict_keys(['latest_only']) retrieved from /home/airflow/.local/lib/python3.7/site-packages/airflow/example_dags/example_latest_only.py
[2022-10-03T01:52:32.031+0000] {logging_mixin.py:115} INFO - [2022-10-03T01:52:32.031+0000] {dag.py:2429} INFO - Sync 1 DAGs
[2022-10-03T01:52:32.263+0000] {logging_mixin.py:115} INFO - [2022-10-03T01:52:32.263+0000] {dag.py:2981} INFO - Setting next_dagrun for latest_only to 2022-10-02T21:52:32.262781+00:00, run_after=2022-10-03T01:52:32.262781+00:00
[2022-10-03T01:52:32.294+0000] {processor.py:161} INFO - Processing /home/airflow/.local/lib/python3.7/site-packages/airflow/example_dags/example_latest_only.py took 0.317 seconds
[2022-10-03T01:53:02.719+0000] {processor.py:153} INFO - Started process (PID=122) to work on /home/airflow/.local/lib/python3.7/site-packages/airflow/example_dags/example_latest_only.py
[2022-10-03T01:53:02.719+0000] {processor.py:640} INFO - Processing file /home/airflow/.local/lib/python3.7/site-packages/airflow/example_dags/example_latest_only.py for tasks to queue
[2022-10-03T01:53:02.720+0000] {logging_mixin.py:115} INFO - [2022-10-03T01:53:02.720+0000] {dagbag.py:508} INFO - Filling up the DagBag from /home/airflow/.local/lib/python3.7/site-packages/airflow/example_dags/example_latest_only.py
[2022-10-03T01:53:02.724+0000] {processor.py:650} INFO - DAG(s) dict_keys(['latest_only']) retrieved from /home/airflow/.local/lib/python3.7/site-packages/airflow/example_dags/example_latest_only.py
[2022-10-03T01:53:02.755+0000] {logging_mixin.py:115} INFO - [2022-10-03T01:53:02.754+0000] {dag.py:2429} INFO - Sync 1 DAGs
[2022-10-03T01:53:02.897+0000] {logging_mixin.py:115} INFO - [2022-10-03T01:53:02.896+0000] {dag.py:2981} INFO - Setting next_dagrun for latest_only to 2022-10-02T21:53:02.896568+00:00, run_after=2022-10-03T01:53:02.896568+00:00
[2022-10-03T01:53:02.910+0000] {processor.py:161} INFO - Processing /home/airflow/.local/lib/python3.7/site-packages/airflow/example_dags/example_latest_only.py took 0.195 seconds
[2022-10-03T01:53:33.513+0000] {processor.py:153} INFO - Started process (PID=177) to work on /home/airflow/.local/lib/python3.7/site-packages/airflow/example_dags/example_latest_only.py
[2022-10-03T01:53:33.515+0000] {processor.py:640} INFO - Processing file /home/airflow/.local/lib/python3.7/site-packages/airflow/example_dags/example_latest_only.py for tasks to queue
[2022-10-03T01:53:33.516+0000] {logging_mixin.py:115} INFO - [2022-10-03T01:53:33.516+0000] {dagbag.py:508} INFO - Filling up the DagBag from /home/airflow/.local/lib/python3.7/site-packages/airflow/example_dags/example_latest_only.py
[2022-10-03T01:53:33.523+0000] {processor.py:650} INFO - DAG(s) dict_keys(['latest_only']) retrieved from /home/airflow/.local/lib/python3.7/site-packages/airflow/example_dags/example_latest_only.py
[2022-10-03T01:53:33.555+0000] {logging_mixin.py:115} INFO - [2022-10-03T01:53:33.555+0000] {dag.py:2429} INFO - Sync 1 DAGs
[2022-10-03T01:53:33.689+0000] {logging_mixin.py:115} INFO - [2022-10-03T01:53:33.689+0000] {dag.py:2981} INFO - Setting next_dagrun for latest_only to 2022-10-02T21:53:33.689617+00:00, run_after=2022-10-03T01:53:33.689617+00:00
[2022-10-03T01:53:33.704+0000] {processor.py:161} INFO - Processing /home/airflow/.local/lib/python3.7/site-packages/airflow/example_dags/example_latest_only.py took 0.194 seconds
[2022-10-03T01:54:04.380+0000] {processor.py:153} INFO - Started process (PID=232) to work on /home/airflow/.local/lib/python3.7/site-packages/airflow/example_dags/example_latest_only.py
[2022-10-03T01:54:04.381+0000] {processor.py:640} INFO - Processing file /home/airflow/.local/lib/python3.7/site-packages/airflow/example_dags/example_latest_only.py for tasks to queue
[2022-10-03T01:54:04.382+0000] {logging_mixin.py:115} INFO - [2022-10-03T01:54:04.381+0000] {dagbag.py:508} INFO - Filling up the DagBag from /home/airflow/.local/lib/python3.7/site-packages/airflow/example_dags/example_latest_only.py
[2022-10-03T01:54:04.386+0000] {processor.py:650} INFO - DAG(s) dict_keys(['latest_only']) retrieved from /home/airflow/.local/lib/python3.7/site-packages/airflow/example_dags/example_latest_only.py
[2022-10-03T01:54:04.411+0000] {logging_mixin.py:115} INFO - [2022-10-03T01:54:04.410+0000] {dag.py:2429} INFO - Sync 1 DAGs
[2022-10-03T01:54:04.548+0000] {logging_mixin.py:115} INFO - [2022-10-03T01:54:04.548+0000] {dag.py:2981} INFO - Setting next_dagrun for latest_only to 2022-10-02T21:54:04.547858+00:00, run_after=2022-10-03T01:54:04.547858+00:00
[2022-10-03T01:54:04.561+0000] {processor.py:161} INFO - Processing /home/airflow/.local/lib/python3.7/site-packages/airflow/example_dags/example_latest_only.py took 0.184 seconds
[2022-10-03T01:54:35.489+0000] {processor.py:153} INFO - Started process (PID=288) to work on /home/airflow/.local/lib/python3.7/site-packages/airflow/example_dags/example_latest_only.py
[2022-10-03T01:54:35.490+0000] {processor.py:640} INFO - Processing file /home/airflow/.local/lib/python3.7/site-packages/airflow/example_dags/example_latest_only.py for tasks to queue
[2022-10-03T01:54:35.490+0000] {logging_mixin.py:115} INFO - [2022-10-03T01:54:35.490+0000] {dagbag.py:508} INFO - Filling up the DagBag from /home/airflow/.local/lib/python3.7/site-packages/airflow/example_dags/example_latest_only.py
[2022-10-03T01:54:35.494+0000] {processor.py:650} INFO - DAG(s) dict_keys(['latest_only']) retrieved from /home/airflow/.local/lib/python3.7/site-packages/airflow/example_dags/example_latest_only.py
[2022-10-03T01:54:35.522+0000] {logging_mixin.py:115} INFO - [2022-10-03T01:54:35.522+0000] {dag.py:2429} INFO - Sync 1 DAGs
[2022-10-03T01:54:35.657+0000] {logging_mixin.py:115} INFO - [2022-10-03T01:54:35.656+0000] {dag.py:2981} INFO - Setting next_dagrun for latest_only to 2022-10-02T21:54:35.656793+00:00, run_after=2022-10-03T01:54:35.656793+00:00
[2022-10-03T01:54:35.671+0000] {processor.py:161} INFO - Processing /home/airflow/.local/lib/python3.7/site-packages/airflow/example_dags/example_latest_only.py took 0.185 seconds
[2022-10-03T01:55:05.751+0000] {processor.py:153} INFO - Started process (PID=343) to work on /home/airflow/.local/lib/python3.7/site-packages/airflow/example_dags/example_latest_only.py
[2022-10-03T01:55:05.752+0000] {processor.py:640} INFO - Processing file /home/airflow/.local/lib/python3.7/site-packages/airflow/example_dags/example_latest_only.py for tasks to queue
[2022-10-03T01:55:05.753+0000] {logging_mixin.py:115} INFO - [2022-10-03T01:55:05.753+0000] {dagbag.py:508} INFO - Filling up the DagBag from /home/airflow/.local/lib/python3.7/site-packages/airflow/example_dags/example_latest_only.py
[2022-10-03T01:55:05.758+0000] {processor.py:650} INFO - DAG(s) dict_keys(['latest_only']) retrieved from /home/airflow/.local/lib/python3.7/site-packages/airflow/example_dags/example_latest_only.py
[2022-10-03T01:55:05.779+0000] {logging_mixin.py:115} INFO - [2022-10-03T01:55:05.779+0000] {dag.py:2429} INFO - Sync 1 DAGs
[2022-10-03T01:55:05.905+0000] {logging_mixin.py:115} INFO - [2022-10-03T01:55:05.905+0000] {dag.py:2981} INFO - Setting next_dagrun for latest_only to 2022-10-02T21:55:05.905233+00:00, run_after=2022-10-03T01:55:05.905233+00:00
[2022-10-03T01:55:05.920+0000] {processor.py:161} INFO - Processing /home/airflow/.local/lib/python3.7/site-packages/airflow/example_dags/example_latest_only.py took 0.172 seconds
[2022-10-03T01:55:36.555+0000] {processor.py:153} INFO - Started process (PID=398) to work on /home/airflow/.local/lib/python3.7/site-packages/airflow/example_dags/example_latest_only.py
[2022-10-03T01:55:36.556+0000] {processor.py:640} INFO - Processing file /home/airflow/.local/lib/python3.7/site-packages/airflow/example_dags/example_latest_only.py for tasks to queue
[2022-10-03T01:55:36.558+0000] {logging_mixin.py:115} INFO - [2022-10-03T01:55:36.557+0000] {dagbag.py:508} INFO - Filling up the DagBag from /home/airflow/.local/lib/python3.7/site-packages/airflow/example_dags/example_latest_only.py
[2022-10-03T01:55:36.564+0000] {processor.py:650} INFO - DAG(s) dict_keys(['latest_only']) retrieved from /home/airflow/.local/lib/python3.7/site-packages/airflow/example_dags/example_latest_only.py
[2022-10-03T01:55:36.597+0000] {logging_mixin.py:115} INFO - [2022-10-03T01:55:36.597+0000] {dag.py:2429} INFO - Sync 1 DAGs
[2022-10-03T01:55:36.727+0000] {logging_mixin.py:115} INFO - [2022-10-03T01:55:36.726+0000] {dag.py:2981} INFO - Setting next_dagrun for latest_only to 2022-10-02T21:55:36.726755+00:00, run_after=2022-10-03T01:55:36.726755+00:00
[2022-10-03T01:55:36.742+0000] {processor.py:161} INFO - Processing /home/airflow/.local/lib/python3.7/site-packages/airflow/example_dags/example_latest_only.py took 0.189 seconds
[2022-10-03T01:56:07.117+0000] {processor.py:153} INFO - Started process (PID=453) to work on /home/airflow/.local/lib/python3.7/site-packages/airflow/example_dags/example_latest_only.py
[2022-10-03T01:56:07.118+0000] {processor.py:640} INFO - Processing file /home/airflow/.local/lib/python3.7/site-packages/airflow/example_dags/example_latest_only.py for tasks to queue
[2022-10-03T01:56:07.119+0000] {logging_mixin.py:115} INFO - [2022-10-03T01:56:07.119+0000] {dagbag.py:508} INFO - Filling up the DagBag from /home/airflow/.local/lib/python3.7/site-packages/airflow/example_dags/example_latest_only.py
[2022-10-03T01:56:07.123+0000] {processor.py:650} INFO - DAG(s) dict_keys(['latest_only']) retrieved from /home/airflow/.local/lib/python3.7/site-packages/airflow/example_dags/example_latest_only.py
[2022-10-03T01:56:07.147+0000] {logging_mixin.py:115} INFO - [2022-10-03T01:56:07.147+0000] {dag.py:2429} INFO - Sync 1 DAGs
[2022-10-03T01:56:07.266+0000] {logging_mixin.py:115} INFO - [2022-10-03T01:56:07.266+0000] {dag.py:2981} INFO - Setting next_dagrun for latest_only to 2022-10-02T21:56:07.266471+00:00, run_after=2022-10-03T01:56:07.266471+00:00
[2022-10-03T01:56:07.282+0000] {processor.py:161} INFO - Processing /home/airflow/.local/lib/python3.7/site-packages/airflow/example_dags/example_latest_only.py took 0.168 seconds
[2022-10-03T01:56:37.986+0000] {processor.py:153} INFO - Started process (PID=508) to work on /home/airflow/.local/lib/python3.7/site-packages/airflow/example_dags/example_latest_only.py
[2022-10-03T01:56:37.987+0000] {processor.py:640} INFO - Processing file /home/airflow/.local/lib/python3.7/site-packages/airflow/example_dags/example_latest_only.py for tasks to queue
[2022-10-03T01:56:37.988+0000] {logging_mixin.py:115} INFO - [2022-10-03T01:56:37.988+0000] {dagbag.py:508} INFO - Filling up the DagBag from /home/airflow/.local/lib/python3.7/site-packages/airflow/example_dags/example_latest_only.py
[2022-10-03T01:56:37.993+0000] {processor.py:650} INFO - DAG(s) dict_keys(['latest_only']) retrieved from /home/airflow/.local/lib/python3.7/site-packages/airflow/example_dags/example_latest_only.py
[2022-10-03T01:56:38.023+0000] {logging_mixin.py:115} INFO - [2022-10-03T01:56:38.023+0000] {dag.py:2429} INFO - Sync 1 DAGs
[2022-10-03T01:56:38.152+0000] {logging_mixin.py:115} INFO - [2022-10-03T01:56:38.151+0000] {dag.py:2981} INFO - Setting next_dagrun for latest_only to 2022-10-02T21:56:38.151560+00:00, run_after=2022-10-03T01:56:38.151560+00:00
[2022-10-03T01:56:38.165+0000] {processor.py:161} INFO - Processing /home/airflow/.local/lib/python3.7/site-packages/airflow/example_dags/example_latest_only.py took 0.181 seconds
[2022-10-03T01:57:08.460+0000] {processor.py:153} INFO - Started process (PID=563) to work on /home/airflow/.local/lib/python3.7/site-packages/airflow/example_dags/example_latest_only.py
[2022-10-03T01:57:08.461+0000] {processor.py:640} INFO - Processing file /home/airflow/.local/lib/python3.7/site-packages/airflow/example_dags/example_latest_only.py for tasks to queue
[2022-10-03T01:57:08.462+0000] {logging_mixin.py:115} INFO - [2022-10-03T01:57:08.462+0000] {dagbag.py:508} INFO - Filling up the DagBag from /home/airflow/.local/lib/python3.7/site-packages/airflow/example_dags/example_latest_only.py
[2022-10-03T01:57:08.466+0000] {processor.py:650} INFO - DAG(s) dict_keys(['latest_only']) retrieved from /home/airflow/.local/lib/python3.7/site-packages/airflow/example_dags/example_latest_only.py
[2022-10-03T01:57:08.492+0000] {logging_mixin.py:115} INFO - [2022-10-03T01:57:08.492+0000] {dag.py:2429} INFO - Sync 1 DAGs
[2022-10-03T01:57:08.617+0000] {logging_mixin.py:115} INFO - [2022-10-03T01:57:08.617+0000] {dag.py:2981} INFO - Setting next_dagrun for latest_only to 2022-10-02T21:57:08.616788+00:00, run_after=2022-10-03T01:57:08.616788+00:00
[2022-10-03T01:57:08.632+0000] {processor.py:161} INFO - Processing /home/airflow/.local/lib/python3.7/site-packages/airflow/example_dags/example_latest_only.py took 0.175 seconds
[2022-10-03T01:57:38.990+0000] {processor.py:153} INFO - Started process (PID=618) to work on /home/airflow/.local/lib/python3.7/site-packages/airflow/example_dags/example_latest_only.py
[2022-10-03T01:57:38.991+0000] {processor.py:640} INFO - Processing file /home/airflow/.local/lib/python3.7/site-packages/airflow/example_dags/example_latest_only.py for tasks to queue
[2022-10-03T01:57:38.992+0000] {logging_mixin.py:115} INFO - [2022-10-03T01:57:38.991+0000] {dagbag.py:508} INFO - Filling up the DagBag from /home/airflow/.local/lib/python3.7/site-packages/airflow/example_dags/example_latest_only.py
[2022-10-03T01:57:38.996+0000] {processor.py:650} INFO - DAG(s) dict_keys(['latest_only']) retrieved from /home/airflow/.local/lib/python3.7/site-packages/airflow/example_dags/example_latest_only.py
[2022-10-03T01:57:39.022+0000] {logging_mixin.py:115} INFO - [2022-10-03T01:57:39.021+0000] {dag.py:2429} INFO - Sync 1 DAGs
[2022-10-03T01:57:39.151+0000] {logging_mixin.py:115} INFO - [2022-10-03T01:57:39.151+0000] {dag.py:2981} INFO - Setting next_dagrun for latest_only to 2022-10-02T21:57:39.151271+00:00, run_after=2022-10-03T01:57:39.151271+00:00
[2022-10-03T01:57:39.167+0000] {processor.py:161} INFO - Processing /home/airflow/.local/lib/python3.7/site-packages/airflow/example_dags/example_latest_only.py took 0.180 seconds
[2022-10-03T01:58:09.740+0000] {processor.py:153} INFO - Started process (PID=673) to work on /home/airflow/.local/lib/python3.7/site-packages/airflow/example_dags/example_latest_only.py
[2022-10-03T01:58:09.741+0000] {processor.py:640} INFO - Processing file /home/airflow/.local/lib/python3.7/site-packages/airflow/example_dags/example_latest_only.py for tasks to queue
[2022-10-03T01:58:09.742+0000] {logging_mixin.py:115} INFO - [2022-10-03T01:58:09.742+0000] {dagbag.py:508} INFO - Filling up the DagBag from /home/airflow/.local/lib/python3.7/site-packages/airflow/example_dags/example_latest_only.py
[2022-10-03T01:58:09.746+0000] {processor.py:650} INFO - DAG(s) dict_keys(['latest_only']) retrieved from /home/airflow/.local/lib/python3.7/site-packages/airflow/example_dags/example_latest_only.py
[2022-10-03T01:58:09.768+0000] {logging_mixin.py:115} INFO - [2022-10-03T01:58:09.768+0000] {dag.py:2429} INFO - Sync 1 DAGs
[2022-10-03T01:58:09.893+0000] {logging_mixin.py:115} INFO - [2022-10-03T01:58:09.893+0000] {dag.py:2981} INFO - Setting next_dagrun for latest_only to 2022-10-02T21:58:09.893385+00:00, run_after=2022-10-03T01:58:09.893385+00:00
[2022-10-03T01:58:09.907+0000] {processor.py:161} INFO - Processing /home/airflow/.local/lib/python3.7/site-packages/airflow/example_dags/example_latest_only.py took 0.169 seconds
[2022-10-03T01:58:40.154+0000] {processor.py:153} INFO - Started process (PID=728) to work on /home/airflow/.local/lib/python3.7/site-packages/airflow/example_dags/example_latest_only.py
[2022-10-03T01:58:40.155+0000] {processor.py:640} INFO - Processing file /home/airflow/.local/lib/python3.7/site-packages/airflow/example_dags/example_latest_only.py for tasks to queue
[2022-10-03T01:58:40.156+0000] {logging_mixin.py:115} INFO - [2022-10-03T01:58:40.156+0000] {dagbag.py:508} INFO - Filling up the DagBag from /home/airflow/.local/lib/python3.7/site-packages/airflow/example_dags/example_latest_only.py
[2022-10-03T01:58:40.160+0000] {processor.py:650} INFO - DAG(s) dict_keys(['latest_only']) retrieved from /home/airflow/.local/lib/python3.7/site-packages/airflow/example_dags/example_latest_only.py
[2022-10-03T01:58:40.182+0000] {logging_mixin.py:115} INFO - [2022-10-03T01:58:40.182+0000] {dag.py:2429} INFO - Sync 1 DAGs
[2022-10-03T01:58:40.305+0000] {logging_mixin.py:115} INFO - [2022-10-03T01:58:40.305+0000] {dag.py:2981} INFO - Setting next_dagrun for latest_only to 2022-10-02T21:58:40.305452+00:00, run_after=2022-10-03T01:58:40.305452+00:00
[2022-10-03T01:58:40.319+0000] {processor.py:161} INFO - Processing /home/airflow/.local/lib/python3.7/site-packages/airflow/example_dags/example_latest_only.py took 0.168 seconds
[2022-10-03T01:59:10.845+0000] {processor.py:153} INFO - Started process (PID=783) to work on /home/airflow/.local/lib/python3.7/site-packages/airflow/example_dags/example_latest_only.py
[2022-10-03T01:59:10.846+0000] {processor.py:640} INFO - Processing file /home/airflow/.local/lib/python3.7/site-packages/airflow/example_dags/example_latest_only.py for tasks to queue
[2022-10-03T01:59:10.847+0000] {logging_mixin.py:115} INFO - [2022-10-03T01:59:10.847+0000] {dagbag.py:508} INFO - Filling up the DagBag from /home/airflow/.local/lib/python3.7/site-packages/airflow/example_dags/example_latest_only.py
[2022-10-03T01:59:10.852+0000] {processor.py:650} INFO - DAG(s) dict_keys(['latest_only']) retrieved from /home/airflow/.local/lib/python3.7/site-packages/airflow/example_dags/example_latest_only.py
[2022-10-03T01:59:10.876+0000] {logging_mixin.py:115} INFO - [2022-10-03T01:59:10.876+0000] {dag.py:2429} INFO - Sync 1 DAGs
[2022-10-03T01:59:11.026+0000] {logging_mixin.py:115} INFO - [2022-10-03T01:59:11.026+0000] {dag.py:2981} INFO - Setting next_dagrun for latest_only to 2022-10-02T21:59:11.026336+00:00, run_after=2022-10-03T01:59:11.026336+00:00
[2022-10-03T01:59:11.040+0000] {processor.py:161} INFO - Processing /home/airflow/.local/lib/python3.7/site-packages/airflow/example_dags/example_latest_only.py took 0.198 seconds
[2022-10-03T01:59:41.570+0000] {processor.py:153} INFO - Started process (PID=839) to work on /home/airflow/.local/lib/python3.7/site-packages/airflow/example_dags/example_latest_only.py
[2022-10-03T01:59:41.571+0000] {processor.py:640} INFO - Processing file /home/airflow/.local/lib/python3.7/site-packages/airflow/example_dags/example_latest_only.py for tasks to queue
[2022-10-03T01:59:41.572+0000] {logging_mixin.py:115} INFO - [2022-10-03T01:59:41.572+0000] {dagbag.py:508} INFO - Filling up the DagBag from /home/airflow/.local/lib/python3.7/site-packages/airflow/example_dags/example_latest_only.py
[2022-10-03T01:59:41.579+0000] {processor.py:650} INFO - DAG(s) dict_keys(['latest_only']) retrieved from /home/airflow/.local/lib/python3.7/site-packages/airflow/example_dags/example_latest_only.py
[2022-10-03T01:59:41.615+0000] {logging_mixin.py:115} INFO - [2022-10-03T01:59:41.615+0000] {dag.py:2429} INFO - Sync 1 DAGs
[2022-10-03T01:59:41.746+0000] {logging_mixin.py:115} INFO - [2022-10-03T01:59:41.746+0000] {dag.py:2981} INFO - Setting next_dagrun for latest_only to 2022-10-02T21:59:41.745925+00:00, run_after=2022-10-03T01:59:41.745925+00:00
[2022-10-03T01:59:41.760+0000] {processor.py:161} INFO - Processing /home/airflow/.local/lib/python3.7/site-packages/airflow/example_dags/example_latest_only.py took 0.195 seconds
