[2022-10-03T01:29:51.156+0000] {processor.py:153} INFO - Started process (PID=79) to work on /home/airflow/.local/lib/python3.7/site-packages/airflow/example_dags/example_trigger_target_dag.py
[2022-10-03T01:29:51.157+0000] {processor.py:640} INFO - Processing file /home/airflow/.local/lib/python3.7/site-packages/airflow/example_dags/example_trigger_target_dag.py for tasks to queue
[2022-10-03T01:29:51.159+0000] {logging_mixin.py:115} INFO - [2022-10-03T01:29:51.158+0000] {dagbag.py:508} INFO - Filling up the DagBag from /home/airflow/.local/lib/python3.7/site-packages/airflow/example_dags/example_trigger_target_dag.py
[2022-10-03T01:29:51.178+0000] {processor.py:650} INFO - DAG(s) dict_keys(['example_trigger_target_dag']) retrieved from /home/airflow/.local/lib/python3.7/site-packages/airflow/example_dags/example_trigger_target_dag.py
[2022-10-03T01:29:51.400+0000] {logging_mixin.py:115} INFO - [2022-10-03T01:29:51.400+0000] {manager.py:508} INFO - Created Permission View: can edit on DAG:example_trigger_target_dag
[2022-10-03T01:29:51.419+0000] {logging_mixin.py:115} INFO - [2022-10-03T01:29:51.419+0000] {manager.py:508} INFO - Created Permission View: can read on DAG:example_trigger_target_dag
[2022-10-03T01:29:51.434+0000] {logging_mixin.py:115} INFO - [2022-10-03T01:29:51.434+0000] {manager.py:508} INFO - Created Permission View: can delete on DAG:example_trigger_target_dag
[2022-10-03T01:29:51.435+0000] {logging_mixin.py:115} INFO - [2022-10-03T01:29:51.435+0000] {dag.py:2429} INFO - Sync 1 DAGs
[2022-10-03T01:29:51.449+0000] {logging_mixin.py:115} INFO - [2022-10-03T01:29:51.449+0000] {dag.py:2448} INFO - Creating ORM DAG for example_trigger_target_dag
[2022-10-03T01:29:51.469+0000] {logging_mixin.py:115} INFO - [2022-10-03T01:29:51.469+0000] {dag.py:2981} INFO - Setting next_dagrun for example_trigger_target_dag to None, run_after=None
[2022-10-03T01:29:51.494+0000] {processor.py:161} INFO - Processing /home/airflow/.local/lib/python3.7/site-packages/airflow/example_dags/example_trigger_target_dag.py took 0.341 seconds
[2022-10-03T01:30:21.636+0000] {processor.py:153} INFO - Started process (PID=134) to work on /home/airflow/.local/lib/python3.7/site-packages/airflow/example_dags/example_trigger_target_dag.py
[2022-10-03T01:30:21.637+0000] {processor.py:640} INFO - Processing file /home/airflow/.local/lib/python3.7/site-packages/airflow/example_dags/example_trigger_target_dag.py for tasks to queue
[2022-10-03T01:30:21.638+0000] {logging_mixin.py:115} INFO - [2022-10-03T01:30:21.637+0000] {dagbag.py:508} INFO - Filling up the DagBag from /home/airflow/.local/lib/python3.7/site-packages/airflow/example_dags/example_trigger_target_dag.py
[2022-10-03T01:30:21.651+0000] {processor.py:650} INFO - DAG(s) dict_keys(['example_trigger_target_dag']) retrieved from /home/airflow/.local/lib/python3.7/site-packages/airflow/example_dags/example_trigger_target_dag.py
[2022-10-03T01:30:21.674+0000] {logging_mixin.py:115} INFO - [2022-10-03T01:30:21.674+0000] {dag.py:2429} INFO - Sync 1 DAGs
[2022-10-03T01:30:21.782+0000] {logging_mixin.py:115} INFO - [2022-10-03T01:30:21.782+0000] {dag.py:2981} INFO - Setting next_dagrun for example_trigger_target_dag to None, run_after=None
[2022-10-03T01:30:21.794+0000] {processor.py:161} INFO - Processing /home/airflow/.local/lib/python3.7/site-packages/airflow/example_dags/example_trigger_target_dag.py took 0.161 seconds
[2022-10-03T01:30:52.304+0000] {processor.py:153} INFO - Started process (PID=189) to work on /home/airflow/.local/lib/python3.7/site-packages/airflow/example_dags/example_trigger_target_dag.py
[2022-10-03T01:30:52.305+0000] {processor.py:640} INFO - Processing file /home/airflow/.local/lib/python3.7/site-packages/airflow/example_dags/example_trigger_target_dag.py for tasks to queue
[2022-10-03T01:30:52.306+0000] {logging_mixin.py:115} INFO - [2022-10-03T01:30:52.306+0000] {dagbag.py:508} INFO - Filling up the DagBag from /home/airflow/.local/lib/python3.7/site-packages/airflow/example_dags/example_trigger_target_dag.py
[2022-10-03T01:30:52.318+0000] {processor.py:650} INFO - DAG(s) dict_keys(['example_trigger_target_dag']) retrieved from /home/airflow/.local/lib/python3.7/site-packages/airflow/example_dags/example_trigger_target_dag.py
[2022-10-03T01:30:52.344+0000] {logging_mixin.py:115} INFO - [2022-10-03T01:30:52.344+0000] {dag.py:2429} INFO - Sync 1 DAGs
[2022-10-03T01:30:52.455+0000] {logging_mixin.py:115} INFO - [2022-10-03T01:30:52.455+0000] {dag.py:2981} INFO - Setting next_dagrun for example_trigger_target_dag to None, run_after=None
[2022-10-03T01:30:52.468+0000] {processor.py:161} INFO - Processing /home/airflow/.local/lib/python3.7/site-packages/airflow/example_dags/example_trigger_target_dag.py took 0.167 seconds
[2022-10-03T01:31:23.087+0000] {processor.py:153} INFO - Started process (PID=244) to work on /home/airflow/.local/lib/python3.7/site-packages/airflow/example_dags/example_trigger_target_dag.py
[2022-10-03T01:31:23.088+0000] {processor.py:640} INFO - Processing file /home/airflow/.local/lib/python3.7/site-packages/airflow/example_dags/example_trigger_target_dag.py for tasks to queue
[2022-10-03T01:31:23.089+0000] {logging_mixin.py:115} INFO - [2022-10-03T01:31:23.089+0000] {dagbag.py:508} INFO - Filling up the DagBag from /home/airflow/.local/lib/python3.7/site-packages/airflow/example_dags/example_trigger_target_dag.py
[2022-10-03T01:31:23.102+0000] {processor.py:650} INFO - DAG(s) dict_keys(['example_trigger_target_dag']) retrieved from /home/airflow/.local/lib/python3.7/site-packages/airflow/example_dags/example_trigger_target_dag.py
[2022-10-03T01:31:23.135+0000] {logging_mixin.py:115} INFO - [2022-10-03T01:31:23.134+0000] {dag.py:2429} INFO - Sync 1 DAGs
[2022-10-03T01:31:23.249+0000] {logging_mixin.py:115} INFO - [2022-10-03T01:31:23.249+0000] {dag.py:2981} INFO - Setting next_dagrun for example_trigger_target_dag to None, run_after=None
[2022-10-03T01:31:23.262+0000] {processor.py:161} INFO - Processing /home/airflow/.local/lib/python3.7/site-packages/airflow/example_dags/example_trigger_target_dag.py took 0.177 seconds
[2022-10-03T01:31:53.772+0000] {processor.py:153} INFO - Started process (PID=300) to work on /home/airflow/.local/lib/python3.7/site-packages/airflow/example_dags/example_trigger_target_dag.py
[2022-10-03T01:31:53.773+0000] {processor.py:640} INFO - Processing file /home/airflow/.local/lib/python3.7/site-packages/airflow/example_dags/example_trigger_target_dag.py for tasks to queue
[2022-10-03T01:31:53.774+0000] {logging_mixin.py:115} INFO - [2022-10-03T01:31:53.774+0000] {dagbag.py:508} INFO - Filling up the DagBag from /home/airflow/.local/lib/python3.7/site-packages/airflow/example_dags/example_trigger_target_dag.py
[2022-10-03T01:31:53.788+0000] {processor.py:650} INFO - DAG(s) dict_keys(['example_trigger_target_dag']) retrieved from /home/airflow/.local/lib/python3.7/site-packages/airflow/example_dags/example_trigger_target_dag.py
[2022-10-03T01:31:53.811+0000] {logging_mixin.py:115} INFO - [2022-10-03T01:31:53.811+0000] {dag.py:2429} INFO - Sync 1 DAGs
[2022-10-03T01:31:53.921+0000] {logging_mixin.py:115} INFO - [2022-10-03T01:31:53.921+0000] {dag.py:2981} INFO - Setting next_dagrun for example_trigger_target_dag to None, run_after=None
[2022-10-03T01:31:53.935+0000] {processor.py:161} INFO - Processing /home/airflow/.local/lib/python3.7/site-packages/airflow/example_dags/example_trigger_target_dag.py took 0.166 seconds
[2022-10-03T01:32:24.425+0000] {processor.py:153} INFO - Started process (PID=355) to work on /home/airflow/.local/lib/python3.7/site-packages/airflow/example_dags/example_trigger_target_dag.py
[2022-10-03T01:32:24.425+0000] {processor.py:640} INFO - Processing file /home/airflow/.local/lib/python3.7/site-packages/airflow/example_dags/example_trigger_target_dag.py for tasks to queue
[2022-10-03T01:32:24.426+0000] {logging_mixin.py:115} INFO - [2022-10-03T01:32:24.426+0000] {dagbag.py:508} INFO - Filling up the DagBag from /home/airflow/.local/lib/python3.7/site-packages/airflow/example_dags/example_trigger_target_dag.py
[2022-10-03T01:32:24.441+0000] {processor.py:650} INFO - DAG(s) dict_keys(['example_trigger_target_dag']) retrieved from /home/airflow/.local/lib/python3.7/site-packages/airflow/example_dags/example_trigger_target_dag.py
[2022-10-03T01:32:24.472+0000] {logging_mixin.py:115} INFO - [2022-10-03T01:32:24.472+0000] {dag.py:2429} INFO - Sync 1 DAGs
[2022-10-03T01:32:24.604+0000] {logging_mixin.py:115} INFO - [2022-10-03T01:32:24.604+0000] {dag.py:2981} INFO - Setting next_dagrun for example_trigger_target_dag to None, run_after=None
[2022-10-03T01:32:24.617+0000] {processor.py:161} INFO - Processing /home/airflow/.local/lib/python3.7/site-packages/airflow/example_dags/example_trigger_target_dag.py took 0.195 seconds
[2022-10-03T01:32:55.419+0000] {processor.py:153} INFO - Started process (PID=410) to work on /home/airflow/.local/lib/python3.7/site-packages/airflow/example_dags/example_trigger_target_dag.py
[2022-10-03T01:32:55.420+0000] {processor.py:640} INFO - Processing file /home/airflow/.local/lib/python3.7/site-packages/airflow/example_dags/example_trigger_target_dag.py for tasks to queue
[2022-10-03T01:32:55.421+0000] {logging_mixin.py:115} INFO - [2022-10-03T01:32:55.421+0000] {dagbag.py:508} INFO - Filling up the DagBag from /home/airflow/.local/lib/python3.7/site-packages/airflow/example_dags/example_trigger_target_dag.py
[2022-10-03T01:32:55.439+0000] {processor.py:650} INFO - DAG(s) dict_keys(['example_trigger_target_dag']) retrieved from /home/airflow/.local/lib/python3.7/site-packages/airflow/example_dags/example_trigger_target_dag.py
[2022-10-03T01:32:55.467+0000] {logging_mixin.py:115} INFO - [2022-10-03T01:32:55.467+0000] {dag.py:2429} INFO - Sync 1 DAGs
[2022-10-03T01:32:55.581+0000] {logging_mixin.py:115} INFO - [2022-10-03T01:32:55.581+0000] {dag.py:2981} INFO - Setting next_dagrun for example_trigger_target_dag to None, run_after=None
[2022-10-03T01:32:55.596+0000] {processor.py:161} INFO - Processing /home/airflow/.local/lib/python3.7/site-packages/airflow/example_dags/example_trigger_target_dag.py took 0.179 seconds
[2022-10-03T01:33:26.153+0000] {processor.py:153} INFO - Started process (PID=465) to work on /home/airflow/.local/lib/python3.7/site-packages/airflow/example_dags/example_trigger_target_dag.py
[2022-10-03T01:33:26.154+0000] {processor.py:640} INFO - Processing file /home/airflow/.local/lib/python3.7/site-packages/airflow/example_dags/example_trigger_target_dag.py for tasks to queue
[2022-10-03T01:33:26.154+0000] {logging_mixin.py:115} INFO - [2022-10-03T01:33:26.154+0000] {dagbag.py:508} INFO - Filling up the DagBag from /home/airflow/.local/lib/python3.7/site-packages/airflow/example_dags/example_trigger_target_dag.py
[2022-10-03T01:33:26.168+0000] {processor.py:650} INFO - DAG(s) dict_keys(['example_trigger_target_dag']) retrieved from /home/airflow/.local/lib/python3.7/site-packages/airflow/example_dags/example_trigger_target_dag.py
[2022-10-03T01:33:26.192+0000] {logging_mixin.py:115} INFO - [2022-10-03T01:33:26.192+0000] {dag.py:2429} INFO - Sync 1 DAGs
[2022-10-03T01:33:26.302+0000] {logging_mixin.py:115} INFO - [2022-10-03T01:33:26.302+0000] {dag.py:2981} INFO - Setting next_dagrun for example_trigger_target_dag to None, run_after=None
[2022-10-03T01:33:26.316+0000] {processor.py:161} INFO - Processing /home/airflow/.local/lib/python3.7/site-packages/airflow/example_dags/example_trigger_target_dag.py took 0.165 seconds
[2022-10-03T01:33:56.769+0000] {processor.py:153} INFO - Started process (PID=520) to work on /home/airflow/.local/lib/python3.7/site-packages/airflow/example_dags/example_trigger_target_dag.py
[2022-10-03T01:33:56.770+0000] {processor.py:640} INFO - Processing file /home/airflow/.local/lib/python3.7/site-packages/airflow/example_dags/example_trigger_target_dag.py for tasks to queue
[2022-10-03T01:33:56.771+0000] {logging_mixin.py:115} INFO - [2022-10-03T01:33:56.771+0000] {dagbag.py:508} INFO - Filling up the DagBag from /home/airflow/.local/lib/python3.7/site-packages/airflow/example_dags/example_trigger_target_dag.py
[2022-10-03T01:33:56.784+0000] {processor.py:650} INFO - DAG(s) dict_keys(['example_trigger_target_dag']) retrieved from /home/airflow/.local/lib/python3.7/site-packages/airflow/example_dags/example_trigger_target_dag.py
[2022-10-03T01:33:56.810+0000] {logging_mixin.py:115} INFO - [2022-10-03T01:33:56.810+0000] {dag.py:2429} INFO - Sync 1 DAGs
[2022-10-03T01:33:56.930+0000] {logging_mixin.py:115} INFO - [2022-10-03T01:33:56.930+0000] {dag.py:2981} INFO - Setting next_dagrun for example_trigger_target_dag to None, run_after=None
[2022-10-03T01:33:56.944+0000] {processor.py:161} INFO - Processing /home/airflow/.local/lib/python3.7/site-packages/airflow/example_dags/example_trigger_target_dag.py took 0.177 seconds
[2022-10-03T01:34:27.468+0000] {processor.py:153} INFO - Started process (PID=575) to work on /home/airflow/.local/lib/python3.7/site-packages/airflow/example_dags/example_trigger_target_dag.py
[2022-10-03T01:34:27.468+0000] {processor.py:640} INFO - Processing file /home/airflow/.local/lib/python3.7/site-packages/airflow/example_dags/example_trigger_target_dag.py for tasks to queue
[2022-10-03T01:34:27.469+0000] {logging_mixin.py:115} INFO - [2022-10-03T01:34:27.469+0000] {dagbag.py:508} INFO - Filling up the DagBag from /home/airflow/.local/lib/python3.7/site-packages/airflow/example_dags/example_trigger_target_dag.py
[2022-10-03T01:34:27.486+0000] {processor.py:650} INFO - DAG(s) dict_keys(['example_trigger_target_dag']) retrieved from /home/airflow/.local/lib/python3.7/site-packages/airflow/example_dags/example_trigger_target_dag.py
[2022-10-03T01:34:27.511+0000] {logging_mixin.py:115} INFO - [2022-10-03T01:34:27.511+0000] {dag.py:2429} INFO - Sync 1 DAGs
[2022-10-03T01:34:27.637+0000] {logging_mixin.py:115} INFO - [2022-10-03T01:34:27.637+0000] {dag.py:2981} INFO - Setting next_dagrun for example_trigger_target_dag to None, run_after=None
[2022-10-03T01:34:27.654+0000] {processor.py:161} INFO - Processing /home/airflow/.local/lib/python3.7/site-packages/airflow/example_dags/example_trigger_target_dag.py took 0.189 seconds
[2022-10-03T01:34:58.133+0000] {processor.py:153} INFO - Started process (PID=630) to work on /home/airflow/.local/lib/python3.7/site-packages/airflow/example_dags/example_trigger_target_dag.py
[2022-10-03T01:34:58.134+0000] {processor.py:640} INFO - Processing file /home/airflow/.local/lib/python3.7/site-packages/airflow/example_dags/example_trigger_target_dag.py for tasks to queue
[2022-10-03T01:34:58.136+0000] {logging_mixin.py:115} INFO - [2022-10-03T01:34:58.136+0000] {dagbag.py:508} INFO - Filling up the DagBag from /home/airflow/.local/lib/python3.7/site-packages/airflow/example_dags/example_trigger_target_dag.py
[2022-10-03T01:34:58.163+0000] {processor.py:650} INFO - DAG(s) dict_keys(['example_trigger_target_dag']) retrieved from /home/airflow/.local/lib/python3.7/site-packages/airflow/example_dags/example_trigger_target_dag.py
[2022-10-03T01:34:58.199+0000] {logging_mixin.py:115} INFO - [2022-10-03T01:34:58.199+0000] {dag.py:2429} INFO - Sync 1 DAGs
[2022-10-03T01:34:58.346+0000] {logging_mixin.py:115} INFO - [2022-10-03T01:34:58.345+0000] {dag.py:2981} INFO - Setting next_dagrun for example_trigger_target_dag to None, run_after=None
[2022-10-03T01:34:58.361+0000] {processor.py:161} INFO - Processing /home/airflow/.local/lib/python3.7/site-packages/airflow/example_dags/example_trigger_target_dag.py took 0.233 seconds
[2022-10-03T01:35:29.131+0000] {processor.py:153} INFO - Started process (PID=692) to work on /home/airflow/.local/lib/python3.7/site-packages/airflow/example_dags/example_trigger_target_dag.py
[2022-10-03T01:35:29.132+0000] {processor.py:640} INFO - Processing file /home/airflow/.local/lib/python3.7/site-packages/airflow/example_dags/example_trigger_target_dag.py for tasks to queue
[2022-10-03T01:35:29.133+0000] {logging_mixin.py:115} INFO - [2022-10-03T01:35:29.133+0000] {dagbag.py:508} INFO - Filling up the DagBag from /home/airflow/.local/lib/python3.7/site-packages/airflow/example_dags/example_trigger_target_dag.py
[2022-10-03T01:35:29.147+0000] {processor.py:650} INFO - DAG(s) dict_keys(['example_trigger_target_dag']) retrieved from /home/airflow/.local/lib/python3.7/site-packages/airflow/example_dags/example_trigger_target_dag.py
[2022-10-03T01:35:29.176+0000] {logging_mixin.py:115} INFO - [2022-10-03T01:35:29.176+0000] {dag.py:2429} INFO - Sync 1 DAGs
[2022-10-03T01:35:29.291+0000] {logging_mixin.py:115} INFO - [2022-10-03T01:35:29.290+0000] {dag.py:2981} INFO - Setting next_dagrun for example_trigger_target_dag to None, run_after=None
[2022-10-03T01:35:29.303+0000] {processor.py:161} INFO - Processing /home/airflow/.local/lib/python3.7/site-packages/airflow/example_dags/example_trigger_target_dag.py took 0.174 seconds
[2022-10-03T01:36:00.023+0000] {processor.py:153} INFO - Started process (PID=747) to work on /home/airflow/.local/lib/python3.7/site-packages/airflow/example_dags/example_trigger_target_dag.py
[2022-10-03T01:36:00.024+0000] {processor.py:640} INFO - Processing file /home/airflow/.local/lib/python3.7/site-packages/airflow/example_dags/example_trigger_target_dag.py for tasks to queue
[2022-10-03T01:36:00.025+0000] {logging_mixin.py:115} INFO - [2022-10-03T01:36:00.025+0000] {dagbag.py:508} INFO - Filling up the DagBag from /home/airflow/.local/lib/python3.7/site-packages/airflow/example_dags/example_trigger_target_dag.py
[2022-10-03T01:36:00.037+0000] {processor.py:650} INFO - DAG(s) dict_keys(['example_trigger_target_dag']) retrieved from /home/airflow/.local/lib/python3.7/site-packages/airflow/example_dags/example_trigger_target_dag.py
[2022-10-03T01:36:00.062+0000] {logging_mixin.py:115} INFO - [2022-10-03T01:36:00.061+0000] {dag.py:2429} INFO - Sync 1 DAGs
[2022-10-03T01:36:00.170+0000] {logging_mixin.py:115} INFO - [2022-10-03T01:36:00.170+0000] {dag.py:2981} INFO - Setting next_dagrun for example_trigger_target_dag to None, run_after=None
[2022-10-03T01:36:00.184+0000] {processor.py:161} INFO - Processing /home/airflow/.local/lib/python3.7/site-packages/airflow/example_dags/example_trigger_target_dag.py took 0.163 seconds
[2022-10-03T01:36:30.523+0000] {processor.py:153} INFO - Started process (PID=802) to work on /home/airflow/.local/lib/python3.7/site-packages/airflow/example_dags/example_trigger_target_dag.py
[2022-10-03T01:36:30.524+0000] {processor.py:640} INFO - Processing file /home/airflow/.local/lib/python3.7/site-packages/airflow/example_dags/example_trigger_target_dag.py for tasks to queue
[2022-10-03T01:36:30.524+0000] {logging_mixin.py:115} INFO - [2022-10-03T01:36:30.524+0000] {dagbag.py:508} INFO - Filling up the DagBag from /home/airflow/.local/lib/python3.7/site-packages/airflow/example_dags/example_trigger_target_dag.py
[2022-10-03T01:36:30.536+0000] {processor.py:650} INFO - DAG(s) dict_keys(['example_trigger_target_dag']) retrieved from /home/airflow/.local/lib/python3.7/site-packages/airflow/example_dags/example_trigger_target_dag.py
[2022-10-03T01:36:30.561+0000] {logging_mixin.py:115} INFO - [2022-10-03T01:36:30.561+0000] {dag.py:2429} INFO - Sync 1 DAGs
[2022-10-03T01:36:30.674+0000] {logging_mixin.py:115} INFO - [2022-10-03T01:36:30.674+0000] {dag.py:2981} INFO - Setting next_dagrun for example_trigger_target_dag to None, run_after=None
[2022-10-03T01:36:30.686+0000] {processor.py:161} INFO - Processing /home/airflow/.local/lib/python3.7/site-packages/airflow/example_dags/example_trigger_target_dag.py took 0.165 seconds
[2022-10-03T01:37:01.184+0000] {processor.py:153} INFO - Started process (PID=857) to work on /home/airflow/.local/lib/python3.7/site-packages/airflow/example_dags/example_trigger_target_dag.py
[2022-10-03T01:37:01.185+0000] {processor.py:640} INFO - Processing file /home/airflow/.local/lib/python3.7/site-packages/airflow/example_dags/example_trigger_target_dag.py for tasks to queue
[2022-10-03T01:37:01.186+0000] {logging_mixin.py:115} INFO - [2022-10-03T01:37:01.186+0000] {dagbag.py:508} INFO - Filling up the DagBag from /home/airflow/.local/lib/python3.7/site-packages/airflow/example_dags/example_trigger_target_dag.py
[2022-10-03T01:37:01.203+0000] {processor.py:650} INFO - DAG(s) dict_keys(['example_trigger_target_dag']) retrieved from /home/airflow/.local/lib/python3.7/site-packages/airflow/example_dags/example_trigger_target_dag.py
[2022-10-03T01:37:01.229+0000] {logging_mixin.py:115} INFO - [2022-10-03T01:37:01.229+0000] {dag.py:2429} INFO - Sync 1 DAGs
[2022-10-03T01:37:01.362+0000] {logging_mixin.py:115} INFO - [2022-10-03T01:37:01.361+0000] {dag.py:2981} INFO - Setting next_dagrun for example_trigger_target_dag to None, run_after=None
[2022-10-03T01:37:01.375+0000] {processor.py:161} INFO - Processing /home/airflow/.local/lib/python3.7/site-packages/airflow/example_dags/example_trigger_target_dag.py took 0.194 seconds
[2022-10-03T01:37:32.008+0000] {processor.py:153} INFO - Started process (PID=915) to work on /home/airflow/.local/lib/python3.7/site-packages/airflow/example_dags/example_trigger_target_dag.py
[2022-10-03T01:37:32.009+0000] {processor.py:640} INFO - Processing file /home/airflow/.local/lib/python3.7/site-packages/airflow/example_dags/example_trigger_target_dag.py for tasks to queue
[2022-10-03T01:37:32.010+0000] {logging_mixin.py:115} INFO - [2022-10-03T01:37:32.010+0000] {dagbag.py:508} INFO - Filling up the DagBag from /home/airflow/.local/lib/python3.7/site-packages/airflow/example_dags/example_trigger_target_dag.py
[2022-10-03T01:37:32.028+0000] {processor.py:650} INFO - DAG(s) dict_keys(['example_trigger_target_dag']) retrieved from /home/airflow/.local/lib/python3.7/site-packages/airflow/example_dags/example_trigger_target_dag.py
[2022-10-03T01:37:32.060+0000] {logging_mixin.py:115} INFO - [2022-10-03T01:37:32.060+0000] {dag.py:2429} INFO - Sync 1 DAGs
[2022-10-03T01:37:32.180+0000] {logging_mixin.py:115} INFO - [2022-10-03T01:37:32.180+0000] {dag.py:2981} INFO - Setting next_dagrun for example_trigger_target_dag to None, run_after=None
[2022-10-03T01:37:32.194+0000] {processor.py:161} INFO - Processing /home/airflow/.local/lib/python3.7/site-packages/airflow/example_dags/example_trigger_target_dag.py took 0.189 seconds
[2022-10-03T01:38:02.874+0000] {processor.py:153} INFO - Started process (PID=970) to work on /home/airflow/.local/lib/python3.7/site-packages/airflow/example_dags/example_trigger_target_dag.py
[2022-10-03T01:38:02.875+0000] {processor.py:640} INFO - Processing file /home/airflow/.local/lib/python3.7/site-packages/airflow/example_dags/example_trigger_target_dag.py for tasks to queue
[2022-10-03T01:38:02.876+0000] {logging_mixin.py:115} INFO - [2022-10-03T01:38:02.876+0000] {dagbag.py:508} INFO - Filling up the DagBag from /home/airflow/.local/lib/python3.7/site-packages/airflow/example_dags/example_trigger_target_dag.py
[2022-10-03T01:38:02.888+0000] {processor.py:650} INFO - DAG(s) dict_keys(['example_trigger_target_dag']) retrieved from /home/airflow/.local/lib/python3.7/site-packages/airflow/example_dags/example_trigger_target_dag.py
[2022-10-03T01:38:02.914+0000] {logging_mixin.py:115} INFO - [2022-10-03T01:38:02.914+0000] {dag.py:2429} INFO - Sync 1 DAGs
[2022-10-03T01:38:03.026+0000] {logging_mixin.py:115} INFO - [2022-10-03T01:38:03.025+0000] {dag.py:2981} INFO - Setting next_dagrun for example_trigger_target_dag to None, run_after=None
[2022-10-03T01:38:03.039+0000] {processor.py:161} INFO - Processing /home/airflow/.local/lib/python3.7/site-packages/airflow/example_dags/example_trigger_target_dag.py took 0.168 seconds
[2022-10-03T01:38:33.379+0000] {processor.py:153} INFO - Started process (PID=1025) to work on /home/airflow/.local/lib/python3.7/site-packages/airflow/example_dags/example_trigger_target_dag.py
[2022-10-03T01:38:33.380+0000] {processor.py:640} INFO - Processing file /home/airflow/.local/lib/python3.7/site-packages/airflow/example_dags/example_trigger_target_dag.py for tasks to queue
[2022-10-03T01:38:33.380+0000] {logging_mixin.py:115} INFO - [2022-10-03T01:38:33.380+0000] {dagbag.py:508} INFO - Filling up the DagBag from /home/airflow/.local/lib/python3.7/site-packages/airflow/example_dags/example_trigger_target_dag.py
[2022-10-03T01:38:33.395+0000] {processor.py:650} INFO - DAG(s) dict_keys(['example_trigger_target_dag']) retrieved from /home/airflow/.local/lib/python3.7/site-packages/airflow/example_dags/example_trigger_target_dag.py
[2022-10-03T01:38:33.422+0000] {logging_mixin.py:115} INFO - [2022-10-03T01:38:33.422+0000] {dag.py:2429} INFO - Sync 1 DAGs
[2022-10-03T01:38:33.542+0000] {logging_mixin.py:115} INFO - [2022-10-03T01:38:33.542+0000] {dag.py:2981} INFO - Setting next_dagrun for example_trigger_target_dag to None, run_after=None
[2022-10-03T01:38:33.557+0000] {processor.py:161} INFO - Processing /home/airflow/.local/lib/python3.7/site-packages/airflow/example_dags/example_trigger_target_dag.py took 0.181 seconds
[2022-10-03T01:39:04.173+0000] {processor.py:153} INFO - Started process (PID=1080) to work on /home/airflow/.local/lib/python3.7/site-packages/airflow/example_dags/example_trigger_target_dag.py
[2022-10-03T01:39:04.175+0000] {processor.py:640} INFO - Processing file /home/airflow/.local/lib/python3.7/site-packages/airflow/example_dags/example_trigger_target_dag.py for tasks to queue
[2022-10-03T01:39:04.176+0000] {logging_mixin.py:115} INFO - [2022-10-03T01:39:04.176+0000] {dagbag.py:508} INFO - Filling up the DagBag from /home/airflow/.local/lib/python3.7/site-packages/airflow/example_dags/example_trigger_target_dag.py
[2022-10-03T01:39:04.190+0000] {processor.py:650} INFO - DAG(s) dict_keys(['example_trigger_target_dag']) retrieved from /home/airflow/.local/lib/python3.7/site-packages/airflow/example_dags/example_trigger_target_dag.py
[2022-10-03T01:39:04.217+0000] {logging_mixin.py:115} INFO - [2022-10-03T01:39:04.216+0000] {dag.py:2429} INFO - Sync 1 DAGs
[2022-10-03T01:39:04.329+0000] {logging_mixin.py:115} INFO - [2022-10-03T01:39:04.328+0000] {dag.py:2981} INFO - Setting next_dagrun for example_trigger_target_dag to None, run_after=None
[2022-10-03T01:39:04.341+0000] {processor.py:161} INFO - Processing /home/airflow/.local/lib/python3.7/site-packages/airflow/example_dags/example_trigger_target_dag.py took 0.171 seconds
[2022-10-03T01:39:34.826+0000] {processor.py:153} INFO - Started process (PID=1135) to work on /home/airflow/.local/lib/python3.7/site-packages/airflow/example_dags/example_trigger_target_dag.py
[2022-10-03T01:39:34.827+0000] {processor.py:640} INFO - Processing file /home/airflow/.local/lib/python3.7/site-packages/airflow/example_dags/example_trigger_target_dag.py for tasks to queue
[2022-10-03T01:39:34.828+0000] {logging_mixin.py:115} INFO - [2022-10-03T01:39:34.828+0000] {dagbag.py:508} INFO - Filling up the DagBag from /home/airflow/.local/lib/python3.7/site-packages/airflow/example_dags/example_trigger_target_dag.py
[2022-10-03T01:39:34.843+0000] {processor.py:650} INFO - DAG(s) dict_keys(['example_trigger_target_dag']) retrieved from /home/airflow/.local/lib/python3.7/site-packages/airflow/example_dags/example_trigger_target_dag.py
[2022-10-03T01:39:34.868+0000] {logging_mixin.py:115} INFO - [2022-10-03T01:39:34.868+0000] {dag.py:2429} INFO - Sync 1 DAGs
[2022-10-03T01:39:34.984+0000] {logging_mixin.py:115} INFO - [2022-10-03T01:39:34.984+0000] {dag.py:2981} INFO - Setting next_dagrun for example_trigger_target_dag to None, run_after=None
[2022-10-03T01:39:35.000+0000] {processor.py:161} INFO - Processing /home/airflow/.local/lib/python3.7/site-packages/airflow/example_dags/example_trigger_target_dag.py took 0.177 seconds
[2022-10-03T01:40:05.441+0000] {processor.py:153} INFO - Started process (PID=1190) to work on /home/airflow/.local/lib/python3.7/site-packages/airflow/example_dags/example_trigger_target_dag.py
[2022-10-03T01:40:05.442+0000] {processor.py:640} INFO - Processing file /home/airflow/.local/lib/python3.7/site-packages/airflow/example_dags/example_trigger_target_dag.py for tasks to queue
[2022-10-03T01:40:05.443+0000] {logging_mixin.py:115} INFO - [2022-10-03T01:40:05.443+0000] {dagbag.py:508} INFO - Filling up the DagBag from /home/airflow/.local/lib/python3.7/site-packages/airflow/example_dags/example_trigger_target_dag.py
[2022-10-03T01:40:05.458+0000] {processor.py:650} INFO - DAG(s) dict_keys(['example_trigger_target_dag']) retrieved from /home/airflow/.local/lib/python3.7/site-packages/airflow/example_dags/example_trigger_target_dag.py
[2022-10-03T01:40:05.484+0000] {logging_mixin.py:115} INFO - [2022-10-03T01:40:05.483+0000] {dag.py:2429} INFO - Sync 1 DAGs
[2022-10-03T01:40:05.600+0000] {logging_mixin.py:115} INFO - [2022-10-03T01:40:05.600+0000] {dag.py:2981} INFO - Setting next_dagrun for example_trigger_target_dag to None, run_after=None
[2022-10-03T01:40:05.613+0000] {processor.py:161} INFO - Processing /home/airflow/.local/lib/python3.7/site-packages/airflow/example_dags/example_trigger_target_dag.py took 0.175 seconds
[2022-10-03T01:40:36.598+0000] {processor.py:153} INFO - Started process (PID=1245) to work on /home/airflow/.local/lib/python3.7/site-packages/airflow/example_dags/example_trigger_target_dag.py
[2022-10-03T01:40:36.599+0000] {processor.py:640} INFO - Processing file /home/airflow/.local/lib/python3.7/site-packages/airflow/example_dags/example_trigger_target_dag.py for tasks to queue
[2022-10-03T01:40:36.601+0000] {logging_mixin.py:115} INFO - [2022-10-03T01:40:36.600+0000] {dagbag.py:508} INFO - Filling up the DagBag from /home/airflow/.local/lib/python3.7/site-packages/airflow/example_dags/example_trigger_target_dag.py
[2022-10-03T01:40:36.617+0000] {processor.py:650} INFO - DAG(s) dict_keys(['example_trigger_target_dag']) retrieved from /home/airflow/.local/lib/python3.7/site-packages/airflow/example_dags/example_trigger_target_dag.py
[2022-10-03T01:40:36.645+0000] {logging_mixin.py:115} INFO - [2022-10-03T01:40:36.645+0000] {dag.py:2429} INFO - Sync 1 DAGs
[2022-10-03T01:40:36.758+0000] {logging_mixin.py:115} INFO - [2022-10-03T01:40:36.758+0000] {dag.py:2981} INFO - Setting next_dagrun for example_trigger_target_dag to None, run_after=None
[2022-10-03T01:40:36.772+0000] {processor.py:161} INFO - Processing /home/airflow/.local/lib/python3.7/site-packages/airflow/example_dags/example_trigger_target_dag.py took 0.176 seconds
[2022-10-03T01:41:07.286+0000] {processor.py:153} INFO - Started process (PID=1300) to work on /home/airflow/.local/lib/python3.7/site-packages/airflow/example_dags/example_trigger_target_dag.py
[2022-10-03T01:41:07.287+0000] {processor.py:640} INFO - Processing file /home/airflow/.local/lib/python3.7/site-packages/airflow/example_dags/example_trigger_target_dag.py for tasks to queue
[2022-10-03T01:41:07.288+0000] {logging_mixin.py:115} INFO - [2022-10-03T01:41:07.288+0000] {dagbag.py:508} INFO - Filling up the DagBag from /home/airflow/.local/lib/python3.7/site-packages/airflow/example_dags/example_trigger_target_dag.py
[2022-10-03T01:41:07.302+0000] {processor.py:650} INFO - DAG(s) dict_keys(['example_trigger_target_dag']) retrieved from /home/airflow/.local/lib/python3.7/site-packages/airflow/example_dags/example_trigger_target_dag.py
[2022-10-03T01:41:07.334+0000] {logging_mixin.py:115} INFO - [2022-10-03T01:41:07.334+0000] {dag.py:2429} INFO - Sync 1 DAGs
[2022-10-03T01:41:07.452+0000] {logging_mixin.py:115} INFO - [2022-10-03T01:41:07.452+0000] {dag.py:2981} INFO - Setting next_dagrun for example_trigger_target_dag to None, run_after=None
[2022-10-03T01:41:07.467+0000] {processor.py:161} INFO - Processing /home/airflow/.local/lib/python3.7/site-packages/airflow/example_dags/example_trigger_target_dag.py took 0.183 seconds
[2022-10-03T01:41:38.389+0000] {processor.py:153} INFO - Started process (PID=1356) to work on /home/airflow/.local/lib/python3.7/site-packages/airflow/example_dags/example_trigger_target_dag.py
[2022-10-03T01:41:38.389+0000] {processor.py:640} INFO - Processing file /home/airflow/.local/lib/python3.7/site-packages/airflow/example_dags/example_trigger_target_dag.py for tasks to queue
[2022-10-03T01:41:38.390+0000] {logging_mixin.py:115} INFO - [2022-10-03T01:41:38.390+0000] {dagbag.py:508} INFO - Filling up the DagBag from /home/airflow/.local/lib/python3.7/site-packages/airflow/example_dags/example_trigger_target_dag.py
[2022-10-03T01:41:38.403+0000] {processor.py:650} INFO - DAG(s) dict_keys(['example_trigger_target_dag']) retrieved from /home/airflow/.local/lib/python3.7/site-packages/airflow/example_dags/example_trigger_target_dag.py
[2022-10-03T01:41:38.425+0000] {logging_mixin.py:115} INFO - [2022-10-03T01:41:38.425+0000] {dag.py:2429} INFO - Sync 1 DAGs
[2022-10-03T01:41:38.536+0000] {logging_mixin.py:115} INFO - [2022-10-03T01:41:38.536+0000] {dag.py:2981} INFO - Setting next_dagrun for example_trigger_target_dag to None, run_after=None
[2022-10-03T01:41:38.549+0000] {processor.py:161} INFO - Processing /home/airflow/.local/lib/python3.7/site-packages/airflow/example_dags/example_trigger_target_dag.py took 0.162 seconds
[2022-10-03T01:42:09.009+0000] {processor.py:153} INFO - Started process (PID=1411) to work on /home/airflow/.local/lib/python3.7/site-packages/airflow/example_dags/example_trigger_target_dag.py
[2022-10-03T01:42:09.010+0000] {processor.py:640} INFO - Processing file /home/airflow/.local/lib/python3.7/site-packages/airflow/example_dags/example_trigger_target_dag.py for tasks to queue
[2022-10-03T01:42:09.011+0000] {logging_mixin.py:115} INFO - [2022-10-03T01:42:09.011+0000] {dagbag.py:508} INFO - Filling up the DagBag from /home/airflow/.local/lib/python3.7/site-packages/airflow/example_dags/example_trigger_target_dag.py
[2022-10-03T01:42:09.029+0000] {processor.py:650} INFO - DAG(s) dict_keys(['example_trigger_target_dag']) retrieved from /home/airflow/.local/lib/python3.7/site-packages/airflow/example_dags/example_trigger_target_dag.py
[2022-10-03T01:42:09.057+0000] {logging_mixin.py:115} INFO - [2022-10-03T01:42:09.057+0000] {dag.py:2429} INFO - Sync 1 DAGs
[2022-10-03T01:42:09.179+0000] {logging_mixin.py:115} INFO - [2022-10-03T01:42:09.178+0000] {dag.py:2981} INFO - Setting next_dagrun for example_trigger_target_dag to None, run_after=None
[2022-10-03T01:42:09.193+0000] {processor.py:161} INFO - Processing /home/airflow/.local/lib/python3.7/site-packages/airflow/example_dags/example_trigger_target_dag.py took 0.189 seconds
[2022-10-03T01:42:39.657+0000] {processor.py:153} INFO - Started process (PID=1466) to work on /home/airflow/.local/lib/python3.7/site-packages/airflow/example_dags/example_trigger_target_dag.py
[2022-10-03T01:42:39.658+0000] {processor.py:640} INFO - Processing file /home/airflow/.local/lib/python3.7/site-packages/airflow/example_dags/example_trigger_target_dag.py for tasks to queue
[2022-10-03T01:42:39.659+0000] {logging_mixin.py:115} INFO - [2022-10-03T01:42:39.659+0000] {dagbag.py:508} INFO - Filling up the DagBag from /home/airflow/.local/lib/python3.7/site-packages/airflow/example_dags/example_trigger_target_dag.py
[2022-10-03T01:42:39.673+0000] {processor.py:650} INFO - DAG(s) dict_keys(['example_trigger_target_dag']) retrieved from /home/airflow/.local/lib/python3.7/site-packages/airflow/example_dags/example_trigger_target_dag.py
[2022-10-03T01:42:39.709+0000] {logging_mixin.py:115} INFO - [2022-10-03T01:42:39.709+0000] {dag.py:2429} INFO - Sync 1 DAGs
[2022-10-03T01:42:39.828+0000] {logging_mixin.py:115} INFO - [2022-10-03T01:42:39.828+0000] {dag.py:2981} INFO - Setting next_dagrun for example_trigger_target_dag to None, run_after=None
[2022-10-03T01:42:39.840+0000] {processor.py:161} INFO - Processing /home/airflow/.local/lib/python3.7/site-packages/airflow/example_dags/example_trigger_target_dag.py took 0.185 seconds
[2022-10-03T01:43:10.299+0000] {processor.py:153} INFO - Started process (PID=1522) to work on /home/airflow/.local/lib/python3.7/site-packages/airflow/example_dags/example_trigger_target_dag.py
[2022-10-03T01:43:10.300+0000] {processor.py:640} INFO - Processing file /home/airflow/.local/lib/python3.7/site-packages/airflow/example_dags/example_trigger_target_dag.py for tasks to queue
[2022-10-03T01:43:10.301+0000] {logging_mixin.py:115} INFO - [2022-10-03T01:43:10.301+0000] {dagbag.py:508} INFO - Filling up the DagBag from /home/airflow/.local/lib/python3.7/site-packages/airflow/example_dags/example_trigger_target_dag.py
[2022-10-03T01:43:10.314+0000] {processor.py:650} INFO - DAG(s) dict_keys(['example_trigger_target_dag']) retrieved from /home/airflow/.local/lib/python3.7/site-packages/airflow/example_dags/example_trigger_target_dag.py
[2022-10-03T01:43:10.340+0000] {logging_mixin.py:115} INFO - [2022-10-03T01:43:10.340+0000] {dag.py:2429} INFO - Sync 1 DAGs
[2022-10-03T01:43:10.452+0000] {logging_mixin.py:115} INFO - [2022-10-03T01:43:10.452+0000] {dag.py:2981} INFO - Setting next_dagrun for example_trigger_target_dag to None, run_after=None
[2022-10-03T01:43:10.464+0000] {processor.py:161} INFO - Processing /home/airflow/.local/lib/python3.7/site-packages/airflow/example_dags/example_trigger_target_dag.py took 0.167 seconds
[2022-10-03T01:43:40.984+0000] {processor.py:153} INFO - Started process (PID=1577) to work on /home/airflow/.local/lib/python3.7/site-packages/airflow/example_dags/example_trigger_target_dag.py
[2022-10-03T01:43:40.985+0000] {processor.py:640} INFO - Processing file /home/airflow/.local/lib/python3.7/site-packages/airflow/example_dags/example_trigger_target_dag.py for tasks to queue
[2022-10-03T01:43:40.986+0000] {logging_mixin.py:115} INFO - [2022-10-03T01:43:40.986+0000] {dagbag.py:508} INFO - Filling up the DagBag from /home/airflow/.local/lib/python3.7/site-packages/airflow/example_dags/example_trigger_target_dag.py
[2022-10-03T01:43:41.000+0000] {processor.py:650} INFO - DAG(s) dict_keys(['example_trigger_target_dag']) retrieved from /home/airflow/.local/lib/python3.7/site-packages/airflow/example_dags/example_trigger_target_dag.py
[2022-10-03T01:43:41.025+0000] {logging_mixin.py:115} INFO - [2022-10-03T01:43:41.025+0000] {dag.py:2429} INFO - Sync 1 DAGs
[2022-10-03T01:43:41.139+0000] {logging_mixin.py:115} INFO - [2022-10-03T01:43:41.139+0000] {dag.py:2981} INFO - Setting next_dagrun for example_trigger_target_dag to None, run_after=None
[2022-10-03T01:43:41.154+0000] {processor.py:161} INFO - Processing /home/airflow/.local/lib/python3.7/site-packages/airflow/example_dags/example_trigger_target_dag.py took 0.172 seconds
[2022-10-03T01:44:11.851+0000] {processor.py:153} INFO - Started process (PID=1632) to work on /home/airflow/.local/lib/python3.7/site-packages/airflow/example_dags/example_trigger_target_dag.py
[2022-10-03T01:44:11.852+0000] {processor.py:640} INFO - Processing file /home/airflow/.local/lib/python3.7/site-packages/airflow/example_dags/example_trigger_target_dag.py for tasks to queue
[2022-10-03T01:44:11.852+0000] {logging_mixin.py:115} INFO - [2022-10-03T01:44:11.852+0000] {dagbag.py:508} INFO - Filling up the DagBag from /home/airflow/.local/lib/python3.7/site-packages/airflow/example_dags/example_trigger_target_dag.py
[2022-10-03T01:44:11.870+0000] {processor.py:650} INFO - DAG(s) dict_keys(['example_trigger_target_dag']) retrieved from /home/airflow/.local/lib/python3.7/site-packages/airflow/example_dags/example_trigger_target_dag.py
[2022-10-03T01:44:11.900+0000] {logging_mixin.py:115} INFO - [2022-10-03T01:44:11.900+0000] {dag.py:2429} INFO - Sync 1 DAGs
[2022-10-03T01:44:12.050+0000] {logging_mixin.py:115} INFO - [2022-10-03T01:44:12.050+0000] {dag.py:2981} INFO - Setting next_dagrun for example_trigger_target_dag to None, run_after=None
[2022-10-03T01:44:12.066+0000] {processor.py:161} INFO - Processing /home/airflow/.local/lib/python3.7/site-packages/airflow/example_dags/example_trigger_target_dag.py took 0.218 seconds
[2022-10-03T01:44:42.660+0000] {processor.py:153} INFO - Started process (PID=1694) to work on /home/airflow/.local/lib/python3.7/site-packages/airflow/example_dags/example_trigger_target_dag.py
[2022-10-03T01:44:42.661+0000] {processor.py:640} INFO - Processing file /home/airflow/.local/lib/python3.7/site-packages/airflow/example_dags/example_trigger_target_dag.py for tasks to queue
[2022-10-03T01:44:42.663+0000] {logging_mixin.py:115} INFO - [2022-10-03T01:44:42.662+0000] {dagbag.py:508} INFO - Filling up the DagBag from /home/airflow/.local/lib/python3.7/site-packages/airflow/example_dags/example_trigger_target_dag.py
[2022-10-03T01:44:42.680+0000] {processor.py:650} INFO - DAG(s) dict_keys(['example_trigger_target_dag']) retrieved from /home/airflow/.local/lib/python3.7/site-packages/airflow/example_dags/example_trigger_target_dag.py
[2022-10-03T01:44:42.706+0000] {logging_mixin.py:115} INFO - [2022-10-03T01:44:42.706+0000] {dag.py:2429} INFO - Sync 1 DAGs
[2022-10-03T01:44:42.829+0000] {logging_mixin.py:115} INFO - [2022-10-03T01:44:42.829+0000] {dag.py:2981} INFO - Setting next_dagrun for example_trigger_target_dag to None, run_after=None
[2022-10-03T01:44:42.843+0000] {processor.py:161} INFO - Processing /home/airflow/.local/lib/python3.7/site-packages/airflow/example_dags/example_trigger_target_dag.py took 0.187 seconds
[2022-10-03T01:45:13.481+0000] {processor.py:153} INFO - Started process (PID=1749) to work on /home/airflow/.local/lib/python3.7/site-packages/airflow/example_dags/example_trigger_target_dag.py
[2022-10-03T01:45:13.482+0000] {processor.py:640} INFO - Processing file /home/airflow/.local/lib/python3.7/site-packages/airflow/example_dags/example_trigger_target_dag.py for tasks to queue
[2022-10-03T01:45:13.483+0000] {logging_mixin.py:115} INFO - [2022-10-03T01:45:13.483+0000] {dagbag.py:508} INFO - Filling up the DagBag from /home/airflow/.local/lib/python3.7/site-packages/airflow/example_dags/example_trigger_target_dag.py
[2022-10-03T01:45:13.499+0000] {processor.py:650} INFO - DAG(s) dict_keys(['example_trigger_target_dag']) retrieved from /home/airflow/.local/lib/python3.7/site-packages/airflow/example_dags/example_trigger_target_dag.py
[2022-10-03T01:45:13.614+0000] {logging_mixin.py:115} INFO - [2022-10-03T01:45:13.613+0000] {dag.py:2429} INFO - Sync 1 DAGs
[2022-10-03T01:45:13.633+0000] {logging_mixin.py:115} INFO - [2022-10-03T01:45:13.633+0000] {dag.py:2981} INFO - Setting next_dagrun for example_trigger_target_dag to None, run_after=None
[2022-10-03T01:45:13.648+0000] {processor.py:161} INFO - Processing /home/airflow/.local/lib/python3.7/site-packages/airflow/example_dags/example_trigger_target_dag.py took 0.169 seconds
[2022-10-03T01:45:44.012+0000] {processor.py:153} INFO - Started process (PID=1804) to work on /home/airflow/.local/lib/python3.7/site-packages/airflow/example_dags/example_trigger_target_dag.py
[2022-10-03T01:45:44.012+0000] {processor.py:640} INFO - Processing file /home/airflow/.local/lib/python3.7/site-packages/airflow/example_dags/example_trigger_target_dag.py for tasks to queue
[2022-10-03T01:45:44.013+0000] {logging_mixin.py:115} INFO - [2022-10-03T01:45:44.013+0000] {dagbag.py:508} INFO - Filling up the DagBag from /home/airflow/.local/lib/python3.7/site-packages/airflow/example_dags/example_trigger_target_dag.py
[2022-10-03T01:45:44.027+0000] {processor.py:650} INFO - DAG(s) dict_keys(['example_trigger_target_dag']) retrieved from /home/airflow/.local/lib/python3.7/site-packages/airflow/example_dags/example_trigger_target_dag.py
[2022-10-03T01:45:44.161+0000] {logging_mixin.py:115} INFO - [2022-10-03T01:45:44.161+0000] {dag.py:2429} INFO - Sync 1 DAGs
[2022-10-03T01:45:44.180+0000] {logging_mixin.py:115} INFO - [2022-10-03T01:45:44.180+0000] {dag.py:2981} INFO - Setting next_dagrun for example_trigger_target_dag to None, run_after=None
[2022-10-03T01:45:44.195+0000] {processor.py:161} INFO - Processing /home/airflow/.local/lib/python3.7/site-packages/airflow/example_dags/example_trigger_target_dag.py took 0.186 seconds
[2022-10-03T01:46:14.678+0000] {processor.py:153} INFO - Started process (PID=1859) to work on /home/airflow/.local/lib/python3.7/site-packages/airflow/example_dags/example_trigger_target_dag.py
[2022-10-03T01:46:14.679+0000] {processor.py:640} INFO - Processing file /home/airflow/.local/lib/python3.7/site-packages/airflow/example_dags/example_trigger_target_dag.py for tasks to queue
[2022-10-03T01:46:14.680+0000] {logging_mixin.py:115} INFO - [2022-10-03T01:46:14.680+0000] {dagbag.py:508} INFO - Filling up the DagBag from /home/airflow/.local/lib/python3.7/site-packages/airflow/example_dags/example_trigger_target_dag.py
[2022-10-03T01:46:14.693+0000] {processor.py:650} INFO - DAG(s) dict_keys(['example_trigger_target_dag']) retrieved from /home/airflow/.local/lib/python3.7/site-packages/airflow/example_dags/example_trigger_target_dag.py
[2022-10-03T01:46:14.811+0000] {logging_mixin.py:115} INFO - [2022-10-03T01:46:14.811+0000] {dag.py:2429} INFO - Sync 1 DAGs
[2022-10-03T01:46:14.831+0000] {logging_mixin.py:115} INFO - [2022-10-03T01:46:14.831+0000] {dag.py:2981} INFO - Setting next_dagrun for example_trigger_target_dag to None, run_after=None
[2022-10-03T01:46:14.846+0000] {processor.py:161} INFO - Processing /home/airflow/.local/lib/python3.7/site-packages/airflow/example_dags/example_trigger_target_dag.py took 0.170 seconds
[2022-10-03T01:46:45.594+0000] {processor.py:153} INFO - Started process (PID=1914) to work on /home/airflow/.local/lib/python3.7/site-packages/airflow/example_dags/example_trigger_target_dag.py
[2022-10-03T01:46:45.596+0000] {processor.py:640} INFO - Processing file /home/airflow/.local/lib/python3.7/site-packages/airflow/example_dags/example_trigger_target_dag.py for tasks to queue
[2022-10-03T01:46:45.597+0000] {logging_mixin.py:115} INFO - [2022-10-03T01:46:45.597+0000] {dagbag.py:508} INFO - Filling up the DagBag from /home/airflow/.local/lib/python3.7/site-packages/airflow/example_dags/example_trigger_target_dag.py
[2022-10-03T01:46:45.616+0000] {processor.py:650} INFO - DAG(s) dict_keys(['example_trigger_target_dag']) retrieved from /home/airflow/.local/lib/python3.7/site-packages/airflow/example_dags/example_trigger_target_dag.py
[2022-10-03T01:46:45.776+0000] {logging_mixin.py:115} INFO - [2022-10-03T01:46:45.776+0000] {dag.py:2429} INFO - Sync 1 DAGs
[2022-10-03T01:46:45.797+0000] {logging_mixin.py:115} INFO - [2022-10-03T01:46:45.797+0000] {dag.py:2981} INFO - Setting next_dagrun for example_trigger_target_dag to None, run_after=None
[2022-10-03T01:46:45.810+0000] {processor.py:161} INFO - Processing /home/airflow/.local/lib/python3.7/site-packages/airflow/example_dags/example_trigger_target_dag.py took 0.219 seconds
[2022-10-03T01:47:16.397+0000] {processor.py:153} INFO - Started process (PID=1969) to work on /home/airflow/.local/lib/python3.7/site-packages/airflow/example_dags/example_trigger_target_dag.py
[2022-10-03T01:47:16.398+0000] {processor.py:640} INFO - Processing file /home/airflow/.local/lib/python3.7/site-packages/airflow/example_dags/example_trigger_target_dag.py for tasks to queue
[2022-10-03T01:47:16.399+0000] {logging_mixin.py:115} INFO - [2022-10-03T01:47:16.398+0000] {dagbag.py:508} INFO - Filling up the DagBag from /home/airflow/.local/lib/python3.7/site-packages/airflow/example_dags/example_trigger_target_dag.py
[2022-10-03T01:47:16.415+0000] {processor.py:650} INFO - DAG(s) dict_keys(['example_trigger_target_dag']) retrieved from /home/airflow/.local/lib/python3.7/site-packages/airflow/example_dags/example_trigger_target_dag.py
[2022-10-03T01:47:16.553+0000] {logging_mixin.py:115} INFO - [2022-10-03T01:47:16.552+0000] {dag.py:2429} INFO - Sync 1 DAGs
[2022-10-03T01:47:16.572+0000] {logging_mixin.py:115} INFO - [2022-10-03T01:47:16.572+0000] {dag.py:2981} INFO - Setting next_dagrun for example_trigger_target_dag to None, run_after=None
[2022-10-03T01:47:16.586+0000] {processor.py:161} INFO - Processing /home/airflow/.local/lib/python3.7/site-packages/airflow/example_dags/example_trigger_target_dag.py took 0.192 seconds
[2022-10-03T01:47:47.218+0000] {processor.py:153} INFO - Started process (PID=2024) to work on /home/airflow/.local/lib/python3.7/site-packages/airflow/example_dags/example_trigger_target_dag.py
[2022-10-03T01:47:47.219+0000] {processor.py:640} INFO - Processing file /home/airflow/.local/lib/python3.7/site-packages/airflow/example_dags/example_trigger_target_dag.py for tasks to queue
[2022-10-03T01:47:47.220+0000] {logging_mixin.py:115} INFO - [2022-10-03T01:47:47.220+0000] {dagbag.py:508} INFO - Filling up the DagBag from /home/airflow/.local/lib/python3.7/site-packages/airflow/example_dags/example_trigger_target_dag.py
[2022-10-03T01:47:47.234+0000] {processor.py:650} INFO - DAG(s) dict_keys(['example_trigger_target_dag']) retrieved from /home/airflow/.local/lib/python3.7/site-packages/airflow/example_dags/example_trigger_target_dag.py
[2022-10-03T01:47:47.357+0000] {logging_mixin.py:115} INFO - [2022-10-03T01:47:47.357+0000] {dag.py:2429} INFO - Sync 1 DAGs
[2022-10-03T01:47:47.376+0000] {logging_mixin.py:115} INFO - [2022-10-03T01:47:47.376+0000] {dag.py:2981} INFO - Setting next_dagrun for example_trigger_target_dag to None, run_after=None
[2022-10-03T01:47:47.390+0000] {processor.py:161} INFO - Processing /home/airflow/.local/lib/python3.7/site-packages/airflow/example_dags/example_trigger_target_dag.py took 0.175 seconds
[2022-10-03T01:48:18.211+0000] {processor.py:153} INFO - Started process (PID=2079) to work on /home/airflow/.local/lib/python3.7/site-packages/airflow/example_dags/example_trigger_target_dag.py
[2022-10-03T01:48:18.212+0000] {processor.py:640} INFO - Processing file /home/airflow/.local/lib/python3.7/site-packages/airflow/example_dags/example_trigger_target_dag.py for tasks to queue
[2022-10-03T01:48:18.213+0000] {logging_mixin.py:115} INFO - [2022-10-03T01:48:18.212+0000] {dagbag.py:508} INFO - Filling up the DagBag from /home/airflow/.local/lib/python3.7/site-packages/airflow/example_dags/example_trigger_target_dag.py
[2022-10-03T01:48:18.227+0000] {processor.py:650} INFO - DAG(s) dict_keys(['example_trigger_target_dag']) retrieved from /home/airflow/.local/lib/python3.7/site-packages/airflow/example_dags/example_trigger_target_dag.py
[2022-10-03T01:48:18.340+0000] {logging_mixin.py:115} INFO - [2022-10-03T01:48:18.340+0000] {dag.py:2429} INFO - Sync 1 DAGs
[2022-10-03T01:48:18.359+0000] {logging_mixin.py:115} INFO - [2022-10-03T01:48:18.359+0000] {dag.py:2981} INFO - Setting next_dagrun for example_trigger_target_dag to None, run_after=None
[2022-10-03T01:48:18.372+0000] {processor.py:161} INFO - Processing /home/airflow/.local/lib/python3.7/site-packages/airflow/example_dags/example_trigger_target_dag.py took 0.163 seconds
[2022-10-03T01:48:49.018+0000] {processor.py:153} INFO - Started process (PID=2134) to work on /home/airflow/.local/lib/python3.7/site-packages/airflow/example_dags/example_trigger_target_dag.py
[2022-10-03T01:48:49.019+0000] {processor.py:640} INFO - Processing file /home/airflow/.local/lib/python3.7/site-packages/airflow/example_dags/example_trigger_target_dag.py for tasks to queue
[2022-10-03T01:48:49.020+0000] {logging_mixin.py:115} INFO - [2022-10-03T01:48:49.020+0000] {dagbag.py:508} INFO - Filling up the DagBag from /home/airflow/.local/lib/python3.7/site-packages/airflow/example_dags/example_trigger_target_dag.py
[2022-10-03T01:48:49.031+0000] {processor.py:650} INFO - DAG(s) dict_keys(['example_trigger_target_dag']) retrieved from /home/airflow/.local/lib/python3.7/site-packages/airflow/example_dags/example_trigger_target_dag.py
[2022-10-03T01:48:49.148+0000] {logging_mixin.py:115} INFO - [2022-10-03T01:48:49.148+0000] {dag.py:2429} INFO - Sync 1 DAGs
[2022-10-03T01:48:49.167+0000] {logging_mixin.py:115} INFO - [2022-10-03T01:48:49.167+0000] {dag.py:2981} INFO - Setting next_dagrun for example_trigger_target_dag to None, run_after=None
[2022-10-03T01:48:49.180+0000] {processor.py:161} INFO - Processing /home/airflow/.local/lib/python3.7/site-packages/airflow/example_dags/example_trigger_target_dag.py took 0.164 seconds
[2022-10-03T01:49:19.617+0000] {processor.py:153} INFO - Started process (PID=2189) to work on /home/airflow/.local/lib/python3.7/site-packages/airflow/example_dags/example_trigger_target_dag.py
[2022-10-03T01:49:19.618+0000] {processor.py:640} INFO - Processing file /home/airflow/.local/lib/python3.7/site-packages/airflow/example_dags/example_trigger_target_dag.py for tasks to queue
[2022-10-03T01:49:19.619+0000] {logging_mixin.py:115} INFO - [2022-10-03T01:49:19.619+0000] {dagbag.py:508} INFO - Filling up the DagBag from /home/airflow/.local/lib/python3.7/site-packages/airflow/example_dags/example_trigger_target_dag.py
[2022-10-03T01:49:19.632+0000] {processor.py:650} INFO - DAG(s) dict_keys(['example_trigger_target_dag']) retrieved from /home/airflow/.local/lib/python3.7/site-packages/airflow/example_dags/example_trigger_target_dag.py
[2022-10-03T01:49:19.760+0000] {logging_mixin.py:115} INFO - [2022-10-03T01:49:19.760+0000] {dag.py:2429} INFO - Sync 1 DAGs
[2022-10-03T01:49:19.777+0000] {logging_mixin.py:115} INFO - [2022-10-03T01:49:19.777+0000] {dag.py:2981} INFO - Setting next_dagrun for example_trigger_target_dag to None, run_after=None
[2022-10-03T01:49:19.791+0000] {processor.py:161} INFO - Processing /home/airflow/.local/lib/python3.7/site-packages/airflow/example_dags/example_trigger_target_dag.py took 0.177 seconds
[2022-10-03T01:52:34.175+0000] {processor.py:153} INFO - Started process (PID=80) to work on /home/airflow/.local/lib/python3.7/site-packages/airflow/example_dags/example_trigger_target_dag.py
[2022-10-03T01:52:34.176+0000] {processor.py:640} INFO - Processing file /home/airflow/.local/lib/python3.7/site-packages/airflow/example_dags/example_trigger_target_dag.py for tasks to queue
[2022-10-03T01:52:34.177+0000] {logging_mixin.py:115} INFO - [2022-10-03T01:52:34.177+0000] {dagbag.py:508} INFO - Filling up the DagBag from /home/airflow/.local/lib/python3.7/site-packages/airflow/example_dags/example_trigger_target_dag.py
[2022-10-03T01:52:34.193+0000] {processor.py:650} INFO - DAG(s) dict_keys(['example_trigger_target_dag']) retrieved from /home/airflow/.local/lib/python3.7/site-packages/airflow/example_dags/example_trigger_target_dag.py
[2022-10-03T01:52:34.236+0000] {logging_mixin.py:115} INFO - [2022-10-03T01:52:34.236+0000] {dag.py:2429} INFO - Sync 1 DAGs
[2022-10-03T01:52:34.388+0000] {logging_mixin.py:115} INFO - [2022-10-03T01:52:34.388+0000] {dag.py:2981} INFO - Setting next_dagrun for example_trigger_target_dag to None, run_after=None
[2022-10-03T01:52:34.402+0000] {processor.py:161} INFO - Processing /home/airflow/.local/lib/python3.7/site-packages/airflow/example_dags/example_trigger_target_dag.py took 0.232 seconds
[2022-10-03T01:53:05.229+0000] {processor.py:153} INFO - Started process (PID=136) to work on /home/airflow/.local/lib/python3.7/site-packages/airflow/example_dags/example_trigger_target_dag.py
[2022-10-03T01:53:05.229+0000] {processor.py:640} INFO - Processing file /home/airflow/.local/lib/python3.7/site-packages/airflow/example_dags/example_trigger_target_dag.py for tasks to queue
[2022-10-03T01:53:05.230+0000] {logging_mixin.py:115} INFO - [2022-10-03T01:53:05.230+0000] {dagbag.py:508} INFO - Filling up the DagBag from /home/airflow/.local/lib/python3.7/site-packages/airflow/example_dags/example_trigger_target_dag.py
[2022-10-03T01:53:05.244+0000] {processor.py:650} INFO - DAG(s) dict_keys(['example_trigger_target_dag']) retrieved from /home/airflow/.local/lib/python3.7/site-packages/airflow/example_dags/example_trigger_target_dag.py
[2022-10-03T01:53:05.271+0000] {logging_mixin.py:115} INFO - [2022-10-03T01:53:05.271+0000] {dag.py:2429} INFO - Sync 1 DAGs
[2022-10-03T01:53:05.392+0000] {logging_mixin.py:115} INFO - [2022-10-03T01:53:05.392+0000] {dag.py:2981} INFO - Setting next_dagrun for example_trigger_target_dag to None, run_after=None
[2022-10-03T01:53:05.405+0000] {processor.py:161} INFO - Processing /home/airflow/.local/lib/python3.7/site-packages/airflow/example_dags/example_trigger_target_dag.py took 0.179 seconds
[2022-10-03T01:53:36.136+0000] {processor.py:153} INFO - Started process (PID=191) to work on /home/airflow/.local/lib/python3.7/site-packages/airflow/example_dags/example_trigger_target_dag.py
[2022-10-03T01:53:36.137+0000] {processor.py:640} INFO - Processing file /home/airflow/.local/lib/python3.7/site-packages/airflow/example_dags/example_trigger_target_dag.py for tasks to queue
[2022-10-03T01:53:36.138+0000] {logging_mixin.py:115} INFO - [2022-10-03T01:53:36.138+0000] {dagbag.py:508} INFO - Filling up the DagBag from /home/airflow/.local/lib/python3.7/site-packages/airflow/example_dags/example_trigger_target_dag.py
[2022-10-03T01:53:36.153+0000] {processor.py:650} INFO - DAG(s) dict_keys(['example_trigger_target_dag']) retrieved from /home/airflow/.local/lib/python3.7/site-packages/airflow/example_dags/example_trigger_target_dag.py
[2022-10-03T01:53:36.182+0000] {logging_mixin.py:115} INFO - [2022-10-03T01:53:36.182+0000] {dag.py:2429} INFO - Sync 1 DAGs
[2022-10-03T01:53:36.310+0000] {logging_mixin.py:115} INFO - [2022-10-03T01:53:36.310+0000] {dag.py:2981} INFO - Setting next_dagrun for example_trigger_target_dag to None, run_after=None
[2022-10-03T01:53:36.326+0000] {processor.py:161} INFO - Processing /home/airflow/.local/lib/python3.7/site-packages/airflow/example_dags/example_trigger_target_dag.py took 0.193 seconds
[2022-10-03T01:54:07.046+0000] {processor.py:153} INFO - Started process (PID=246) to work on /home/airflow/.local/lib/python3.7/site-packages/airflow/example_dags/example_trigger_target_dag.py
[2022-10-03T01:54:07.046+0000] {processor.py:640} INFO - Processing file /home/airflow/.local/lib/python3.7/site-packages/airflow/example_dags/example_trigger_target_dag.py for tasks to queue
[2022-10-03T01:54:07.047+0000] {logging_mixin.py:115} INFO - [2022-10-03T01:54:07.047+0000] {dagbag.py:508} INFO - Filling up the DagBag from /home/airflow/.local/lib/python3.7/site-packages/airflow/example_dags/example_trigger_target_dag.py
[2022-10-03T01:54:07.066+0000] {processor.py:650} INFO - DAG(s) dict_keys(['example_trigger_target_dag']) retrieved from /home/airflow/.local/lib/python3.7/site-packages/airflow/example_dags/example_trigger_target_dag.py
[2022-10-03T01:54:07.096+0000] {logging_mixin.py:115} INFO - [2022-10-03T01:54:07.096+0000] {dag.py:2429} INFO - Sync 1 DAGs
[2022-10-03T01:54:07.206+0000] {logging_mixin.py:115} INFO - [2022-10-03T01:54:07.206+0000] {dag.py:2981} INFO - Setting next_dagrun for example_trigger_target_dag to None, run_after=None
[2022-10-03T01:54:07.220+0000] {processor.py:161} INFO - Processing /home/airflow/.local/lib/python3.7/site-packages/airflow/example_dags/example_trigger_target_dag.py took 0.176 seconds
[2022-10-03T01:54:38.054+0000] {processor.py:153} INFO - Started process (PID=302) to work on /home/airflow/.local/lib/python3.7/site-packages/airflow/example_dags/example_trigger_target_dag.py
[2022-10-03T01:54:38.055+0000] {processor.py:640} INFO - Processing file /home/airflow/.local/lib/python3.7/site-packages/airflow/example_dags/example_trigger_target_dag.py for tasks to queue
[2022-10-03T01:54:38.056+0000] {logging_mixin.py:115} INFO - [2022-10-03T01:54:38.055+0000] {dagbag.py:508} INFO - Filling up the DagBag from /home/airflow/.local/lib/python3.7/site-packages/airflow/example_dags/example_trigger_target_dag.py
[2022-10-03T01:54:38.070+0000] {processor.py:650} INFO - DAG(s) dict_keys(['example_trigger_target_dag']) retrieved from /home/airflow/.local/lib/python3.7/site-packages/airflow/example_dags/example_trigger_target_dag.py
[2022-10-03T01:54:38.096+0000] {logging_mixin.py:115} INFO - [2022-10-03T01:54:38.096+0000] {dag.py:2429} INFO - Sync 1 DAGs
[2022-10-03T01:54:38.226+0000] {logging_mixin.py:115} INFO - [2022-10-03T01:54:38.225+0000] {dag.py:2981} INFO - Setting next_dagrun for example_trigger_target_dag to None, run_after=None
[2022-10-03T01:54:38.247+0000] {processor.py:161} INFO - Processing /home/airflow/.local/lib/python3.7/site-packages/airflow/example_dags/example_trigger_target_dag.py took 0.196 seconds
[2022-10-03T01:55:08.427+0000] {processor.py:153} INFO - Started process (PID=357) to work on /home/airflow/.local/lib/python3.7/site-packages/airflow/example_dags/example_trigger_target_dag.py
[2022-10-03T01:55:08.429+0000] {processor.py:640} INFO - Processing file /home/airflow/.local/lib/python3.7/site-packages/airflow/example_dags/example_trigger_target_dag.py for tasks to queue
[2022-10-03T01:55:08.430+0000] {logging_mixin.py:115} INFO - [2022-10-03T01:55:08.429+0000] {dagbag.py:508} INFO - Filling up the DagBag from /home/airflow/.local/lib/python3.7/site-packages/airflow/example_dags/example_trigger_target_dag.py
[2022-10-03T01:55:08.446+0000] {processor.py:650} INFO - DAG(s) dict_keys(['example_trigger_target_dag']) retrieved from /home/airflow/.local/lib/python3.7/site-packages/airflow/example_dags/example_trigger_target_dag.py
[2022-10-03T01:55:08.475+0000] {logging_mixin.py:115} INFO - [2022-10-03T01:55:08.475+0000] {dag.py:2429} INFO - Sync 1 DAGs
[2022-10-03T01:55:08.610+0000] {logging_mixin.py:115} INFO - [2022-10-03T01:55:08.610+0000] {dag.py:2981} INFO - Setting next_dagrun for example_trigger_target_dag to None, run_after=None
[2022-10-03T01:55:08.624+0000] {processor.py:161} INFO - Processing /home/airflow/.local/lib/python3.7/site-packages/airflow/example_dags/example_trigger_target_dag.py took 0.200 seconds
[2022-10-03T01:55:39.049+0000] {processor.py:153} INFO - Started process (PID=412) to work on /home/airflow/.local/lib/python3.7/site-packages/airflow/example_dags/example_trigger_target_dag.py
[2022-10-03T01:55:39.050+0000] {processor.py:640} INFO - Processing file /home/airflow/.local/lib/python3.7/site-packages/airflow/example_dags/example_trigger_target_dag.py for tasks to queue
[2022-10-03T01:55:39.052+0000] {logging_mixin.py:115} INFO - [2022-10-03T01:55:39.051+0000] {dagbag.py:508} INFO - Filling up the DagBag from /home/airflow/.local/lib/python3.7/site-packages/airflow/example_dags/example_trigger_target_dag.py
[2022-10-03T01:55:39.066+0000] {processor.py:650} INFO - DAG(s) dict_keys(['example_trigger_target_dag']) retrieved from /home/airflow/.local/lib/python3.7/site-packages/airflow/example_dags/example_trigger_target_dag.py
[2022-10-03T01:55:39.091+0000] {logging_mixin.py:115} INFO - [2022-10-03T01:55:39.091+0000] {dag.py:2429} INFO - Sync 1 DAGs
[2022-10-03T01:55:39.209+0000] {logging_mixin.py:115} INFO - [2022-10-03T01:55:39.209+0000] {dag.py:2981} INFO - Setting next_dagrun for example_trigger_target_dag to None, run_after=None
[2022-10-03T01:55:39.223+0000] {processor.py:161} INFO - Processing /home/airflow/.local/lib/python3.7/site-packages/airflow/example_dags/example_trigger_target_dag.py took 0.177 seconds
[2022-10-03T01:56:09.717+0000] {processor.py:153} INFO - Started process (PID=467) to work on /home/airflow/.local/lib/python3.7/site-packages/airflow/example_dags/example_trigger_target_dag.py
[2022-10-03T01:56:09.718+0000] {processor.py:640} INFO - Processing file /home/airflow/.local/lib/python3.7/site-packages/airflow/example_dags/example_trigger_target_dag.py for tasks to queue
[2022-10-03T01:56:09.719+0000] {logging_mixin.py:115} INFO - [2022-10-03T01:56:09.719+0000] {dagbag.py:508} INFO - Filling up the DagBag from /home/airflow/.local/lib/python3.7/site-packages/airflow/example_dags/example_trigger_target_dag.py
[2022-10-03T01:56:09.733+0000] {processor.py:650} INFO - DAG(s) dict_keys(['example_trigger_target_dag']) retrieved from /home/airflow/.local/lib/python3.7/site-packages/airflow/example_dags/example_trigger_target_dag.py
[2022-10-03T01:56:09.761+0000] {logging_mixin.py:115} INFO - [2022-10-03T01:56:09.760+0000] {dag.py:2429} INFO - Sync 1 DAGs
[2022-10-03T01:56:09.882+0000] {logging_mixin.py:115} INFO - [2022-10-03T01:56:09.882+0000] {dag.py:2981} INFO - Setting next_dagrun for example_trigger_target_dag to None, run_after=None
[2022-10-03T01:56:09.895+0000] {processor.py:161} INFO - Processing /home/airflow/.local/lib/python3.7/site-packages/airflow/example_dags/example_trigger_target_dag.py took 0.180 seconds
[2022-10-03T01:56:40.443+0000] {processor.py:153} INFO - Started process (PID=522) to work on /home/airflow/.local/lib/python3.7/site-packages/airflow/example_dags/example_trigger_target_dag.py
[2022-10-03T01:56:40.444+0000] {processor.py:640} INFO - Processing file /home/airflow/.local/lib/python3.7/site-packages/airflow/example_dags/example_trigger_target_dag.py for tasks to queue
[2022-10-03T01:56:40.445+0000] {logging_mixin.py:115} INFO - [2022-10-03T01:56:40.445+0000] {dagbag.py:508} INFO - Filling up the DagBag from /home/airflow/.local/lib/python3.7/site-packages/airflow/example_dags/example_trigger_target_dag.py
[2022-10-03T01:56:40.460+0000] {processor.py:650} INFO - DAG(s) dict_keys(['example_trigger_target_dag']) retrieved from /home/airflow/.local/lib/python3.7/site-packages/airflow/example_dags/example_trigger_target_dag.py
[2022-10-03T01:56:40.486+0000] {logging_mixin.py:115} INFO - [2022-10-03T01:56:40.486+0000] {dag.py:2429} INFO - Sync 1 DAGs
[2022-10-03T01:56:40.607+0000] {logging_mixin.py:115} INFO - [2022-10-03T01:56:40.606+0000] {dag.py:2981} INFO - Setting next_dagrun for example_trigger_target_dag to None, run_after=None
[2022-10-03T01:56:40.622+0000] {processor.py:161} INFO - Processing /home/airflow/.local/lib/python3.7/site-packages/airflow/example_dags/example_trigger_target_dag.py took 0.182 seconds
[2022-10-03T01:57:10.916+0000] {processor.py:153} INFO - Started process (PID=577) to work on /home/airflow/.local/lib/python3.7/site-packages/airflow/example_dags/example_trigger_target_dag.py
[2022-10-03T01:57:10.917+0000] {processor.py:640} INFO - Processing file /home/airflow/.local/lib/python3.7/site-packages/airflow/example_dags/example_trigger_target_dag.py for tasks to queue
[2022-10-03T01:57:10.918+0000] {logging_mixin.py:115} INFO - [2022-10-03T01:57:10.918+0000] {dagbag.py:508} INFO - Filling up the DagBag from /home/airflow/.local/lib/python3.7/site-packages/airflow/example_dags/example_trigger_target_dag.py
[2022-10-03T01:57:10.934+0000] {processor.py:650} INFO - DAG(s) dict_keys(['example_trigger_target_dag']) retrieved from /home/airflow/.local/lib/python3.7/site-packages/airflow/example_dags/example_trigger_target_dag.py
[2022-10-03T01:57:10.960+0000] {logging_mixin.py:115} INFO - [2022-10-03T01:57:10.959+0000] {dag.py:2429} INFO - Sync 1 DAGs
[2022-10-03T01:57:11.078+0000] {logging_mixin.py:115} INFO - [2022-10-03T01:57:11.077+0000] {dag.py:2981} INFO - Setting next_dagrun for example_trigger_target_dag to None, run_after=None
[2022-10-03T01:57:11.090+0000] {processor.py:161} INFO - Processing /home/airflow/.local/lib/python3.7/site-packages/airflow/example_dags/example_trigger_target_dag.py took 0.177 seconds
[2022-10-03T01:57:41.641+0000] {processor.py:153} INFO - Started process (PID=632) to work on /home/airflow/.local/lib/python3.7/site-packages/airflow/example_dags/example_trigger_target_dag.py
[2022-10-03T01:57:41.642+0000] {processor.py:640} INFO - Processing file /home/airflow/.local/lib/python3.7/site-packages/airflow/example_dags/example_trigger_target_dag.py for tasks to queue
[2022-10-03T01:57:41.643+0000] {logging_mixin.py:115} INFO - [2022-10-03T01:57:41.642+0000] {dagbag.py:508} INFO - Filling up the DagBag from /home/airflow/.local/lib/python3.7/site-packages/airflow/example_dags/example_trigger_target_dag.py
[2022-10-03T01:57:41.656+0000] {processor.py:650} INFO - DAG(s) dict_keys(['example_trigger_target_dag']) retrieved from /home/airflow/.local/lib/python3.7/site-packages/airflow/example_dags/example_trigger_target_dag.py
[2022-10-03T01:57:41.683+0000] {logging_mixin.py:115} INFO - [2022-10-03T01:57:41.683+0000] {dag.py:2429} INFO - Sync 1 DAGs
[2022-10-03T01:57:41.800+0000] {logging_mixin.py:115} INFO - [2022-10-03T01:57:41.800+0000] {dag.py:2981} INFO - Setting next_dagrun for example_trigger_target_dag to None, run_after=None
[2022-10-03T01:57:41.815+0000] {processor.py:161} INFO - Processing /home/airflow/.local/lib/python3.7/site-packages/airflow/example_dags/example_trigger_target_dag.py took 0.177 seconds
[2022-10-03T01:58:12.456+0000] {processor.py:153} INFO - Started process (PID=694) to work on /home/airflow/.local/lib/python3.7/site-packages/airflow/example_dags/example_trigger_target_dag.py
[2022-10-03T01:58:12.457+0000] {processor.py:640} INFO - Processing file /home/airflow/.local/lib/python3.7/site-packages/airflow/example_dags/example_trigger_target_dag.py for tasks to queue
[2022-10-03T01:58:12.457+0000] {logging_mixin.py:115} INFO - [2022-10-03T01:58:12.457+0000] {dagbag.py:508} INFO - Filling up the DagBag from /home/airflow/.local/lib/python3.7/site-packages/airflow/example_dags/example_trigger_target_dag.py
[2022-10-03T01:58:12.469+0000] {processor.py:650} INFO - DAG(s) dict_keys(['example_trigger_target_dag']) retrieved from /home/airflow/.local/lib/python3.7/site-packages/airflow/example_dags/example_trigger_target_dag.py
[2022-10-03T01:58:12.493+0000] {logging_mixin.py:115} INFO - [2022-10-03T01:58:12.493+0000] {dag.py:2429} INFO - Sync 1 DAGs
[2022-10-03T01:58:12.607+0000] {logging_mixin.py:115} INFO - [2022-10-03T01:58:12.607+0000] {dag.py:2981} INFO - Setting next_dagrun for example_trigger_target_dag to None, run_after=None
[2022-10-03T01:58:12.625+0000] {processor.py:161} INFO - Processing /home/airflow/.local/lib/python3.7/site-packages/airflow/example_dags/example_trigger_target_dag.py took 0.172 seconds
[2022-10-03T01:58:42.830+0000] {processor.py:153} INFO - Started process (PID=749) to work on /home/airflow/.local/lib/python3.7/site-packages/airflow/example_dags/example_trigger_target_dag.py
[2022-10-03T01:58:42.831+0000] {processor.py:640} INFO - Processing file /home/airflow/.local/lib/python3.7/site-packages/airflow/example_dags/example_trigger_target_dag.py for tasks to queue
[2022-10-03T01:58:42.832+0000] {logging_mixin.py:115} INFO - [2022-10-03T01:58:42.832+0000] {dagbag.py:508} INFO - Filling up the DagBag from /home/airflow/.local/lib/python3.7/site-packages/airflow/example_dags/example_trigger_target_dag.py
[2022-10-03T01:58:42.844+0000] {processor.py:650} INFO - DAG(s) dict_keys(['example_trigger_target_dag']) retrieved from /home/airflow/.local/lib/python3.7/site-packages/airflow/example_dags/example_trigger_target_dag.py
[2022-10-03T01:58:42.869+0000] {logging_mixin.py:115} INFO - [2022-10-03T01:58:42.868+0000] {dag.py:2429} INFO - Sync 1 DAGs
[2022-10-03T01:58:42.983+0000] {logging_mixin.py:115} INFO - [2022-10-03T01:58:42.983+0000] {dag.py:2981} INFO - Setting next_dagrun for example_trigger_target_dag to None, run_after=None
[2022-10-03T01:58:42.996+0000] {processor.py:161} INFO - Processing /home/airflow/.local/lib/python3.7/site-packages/airflow/example_dags/example_trigger_target_dag.py took 0.168 seconds
[2022-10-03T01:59:13.685+0000] {processor.py:153} INFO - Started process (PID=805) to work on /home/airflow/.local/lib/python3.7/site-packages/airflow/example_dags/example_trigger_target_dag.py
[2022-10-03T01:59:13.686+0000] {processor.py:640} INFO - Processing file /home/airflow/.local/lib/python3.7/site-packages/airflow/example_dags/example_trigger_target_dag.py for tasks to queue
[2022-10-03T01:59:13.687+0000] {logging_mixin.py:115} INFO - [2022-10-03T01:59:13.687+0000] {dagbag.py:508} INFO - Filling up the DagBag from /home/airflow/.local/lib/python3.7/site-packages/airflow/example_dags/example_trigger_target_dag.py
[2022-10-03T01:59:13.700+0000] {processor.py:650} INFO - DAG(s) dict_keys(['example_trigger_target_dag']) retrieved from /home/airflow/.local/lib/python3.7/site-packages/airflow/example_dags/example_trigger_target_dag.py
[2022-10-03T01:59:13.725+0000] {logging_mixin.py:115} INFO - [2022-10-03T01:59:13.724+0000] {dag.py:2429} INFO - Sync 1 DAGs
[2022-10-03T01:59:13.850+0000] {logging_mixin.py:115} INFO - [2022-10-03T01:59:13.849+0000] {dag.py:2981} INFO - Setting next_dagrun for example_trigger_target_dag to None, run_after=None
[2022-10-03T01:59:13.864+0000] {processor.py:161} INFO - Processing /home/airflow/.local/lib/python3.7/site-packages/airflow/example_dags/example_trigger_target_dag.py took 0.182 seconds
[2022-10-03T01:59:43.997+0000] {processor.py:153} INFO - Started process (PID=860) to work on /home/airflow/.local/lib/python3.7/site-packages/airflow/example_dags/example_trigger_target_dag.py
[2022-10-03T01:59:43.998+0000] {processor.py:640} INFO - Processing file /home/airflow/.local/lib/python3.7/site-packages/airflow/example_dags/example_trigger_target_dag.py for tasks to queue
[2022-10-03T01:59:43.999+0000] {logging_mixin.py:115} INFO - [2022-10-03T01:59:43.998+0000] {dagbag.py:508} INFO - Filling up the DagBag from /home/airflow/.local/lib/python3.7/site-packages/airflow/example_dags/example_trigger_target_dag.py
[2022-10-03T01:59:44.011+0000] {processor.py:650} INFO - DAG(s) dict_keys(['example_trigger_target_dag']) retrieved from /home/airflow/.local/lib/python3.7/site-packages/airflow/example_dags/example_trigger_target_dag.py
[2022-10-03T01:59:44.035+0000] {logging_mixin.py:115} INFO - [2022-10-03T01:59:44.035+0000] {dag.py:2429} INFO - Sync 1 DAGs
[2022-10-03T01:59:44.155+0000] {logging_mixin.py:115} INFO - [2022-10-03T01:59:44.155+0000] {dag.py:2981} INFO - Setting next_dagrun for example_trigger_target_dag to None, run_after=None
[2022-10-03T01:59:44.167+0000] {processor.py:161} INFO - Processing /home/airflow/.local/lib/python3.7/site-packages/airflow/example_dags/example_trigger_target_dag.py took 0.172 seconds
