[2022-10-03T01:29:45.945+0000] {processor.py:153} INFO - Started process (PID=48) to work on /home/airflow/.local/lib/python3.7/site-packages/airflow/example_dags/example_branch_labels.py
[2022-10-03T01:29:45.946+0000] {processor.py:640} INFO - Processing file /home/airflow/.local/lib/python3.7/site-packages/airflow/example_dags/example_branch_labels.py for tasks to queue
[2022-10-03T01:29:45.947+0000] {logging_mixin.py:115} INFO - [2022-10-03T01:29:45.947+0000] {dagbag.py:508} INFO - Filling up the DagBag from /home/airflow/.local/lib/python3.7/site-packages/airflow/example_dags/example_branch_labels.py
[2022-10-03T01:29:45.966+0000] {processor.py:650} INFO - DAG(s) dict_keys(['example_branch_labels']) retrieved from /home/airflow/.local/lib/python3.7/site-packages/airflow/example_dags/example_branch_labels.py
[2022-10-03T01:29:46.252+0000] {logging_mixin.py:115} INFO - [2022-10-03T01:29:46.251+0000] {manager.py:508} INFO - Created Permission View: can edit on DAG:example_branch_labels
[2022-10-03T01:29:46.277+0000] {logging_mixin.py:115} INFO - [2022-10-03T01:29:46.277+0000] {manager.py:508} INFO - Created Permission View: can read on DAG:example_branch_labels
[2022-10-03T01:29:46.294+0000] {logging_mixin.py:115} INFO - [2022-10-03T01:29:46.294+0000] {manager.py:508} INFO - Created Permission View: can delete on DAG:example_branch_labels
[2022-10-03T01:29:46.295+0000] {logging_mixin.py:115} INFO - [2022-10-03T01:29:46.295+0000] {dag.py:2429} INFO - Sync 1 DAGs
[2022-10-03T01:29:46.309+0000] {logging_mixin.py:115} INFO - [2022-10-03T01:29:46.309+0000] {dag.py:2448} INFO - Creating ORM DAG for example_branch_labels
[2022-10-03T01:29:46.332+0000] {logging_mixin.py:115} INFO - [2022-10-03T01:29:46.332+0000] {dag.py:2981} INFO - Setting next_dagrun for example_branch_labels to 2022-10-02T00:00:00+00:00, run_after=2022-10-03T00:00:00+00:00
[2022-10-03T01:29:46.360+0000] {processor.py:161} INFO - Processing /home/airflow/.local/lib/python3.7/site-packages/airflow/example_dags/example_branch_labels.py took 0.419 seconds
[2022-10-03T01:30:16.956+0000] {processor.py:153} INFO - Started process (PID=110) to work on /home/airflow/.local/lib/python3.7/site-packages/airflow/example_dags/example_branch_labels.py
[2022-10-03T01:30:16.957+0000] {processor.py:640} INFO - Processing file /home/airflow/.local/lib/python3.7/site-packages/airflow/example_dags/example_branch_labels.py for tasks to queue
[2022-10-03T01:30:16.958+0000] {logging_mixin.py:115} INFO - [2022-10-03T01:30:16.957+0000] {dagbag.py:508} INFO - Filling up the DagBag from /home/airflow/.local/lib/python3.7/site-packages/airflow/example_dags/example_branch_labels.py
[2022-10-03T01:30:16.966+0000] {processor.py:650} INFO - DAG(s) dict_keys(['example_branch_labels']) retrieved from /home/airflow/.local/lib/python3.7/site-packages/airflow/example_dags/example_branch_labels.py
[2022-10-03T01:30:16.993+0000] {logging_mixin.py:115} INFO - [2022-10-03T01:30:16.993+0000] {dag.py:2429} INFO - Sync 1 DAGs
[2022-10-03T01:30:17.127+0000] {logging_mixin.py:115} INFO - [2022-10-03T01:30:17.127+0000] {dag.py:2981} INFO - Setting next_dagrun for example_branch_labels to 2022-10-02T00:00:00+00:00, run_after=2022-10-03T00:00:00+00:00
[2022-10-03T01:30:17.140+0000] {processor.py:161} INFO - Processing /home/airflow/.local/lib/python3.7/site-packages/airflow/example_dags/example_branch_labels.py took 0.186 seconds
[2022-10-03T01:30:47.603+0000] {processor.py:153} INFO - Started process (PID=165) to work on /home/airflow/.local/lib/python3.7/site-packages/airflow/example_dags/example_branch_labels.py
[2022-10-03T01:30:47.604+0000] {processor.py:640} INFO - Processing file /home/airflow/.local/lib/python3.7/site-packages/airflow/example_dags/example_branch_labels.py for tasks to queue
[2022-10-03T01:30:47.606+0000] {logging_mixin.py:115} INFO - [2022-10-03T01:30:47.605+0000] {dagbag.py:508} INFO - Filling up the DagBag from /home/airflow/.local/lib/python3.7/site-packages/airflow/example_dags/example_branch_labels.py
[2022-10-03T01:30:47.616+0000] {processor.py:650} INFO - DAG(s) dict_keys(['example_branch_labels']) retrieved from /home/airflow/.local/lib/python3.7/site-packages/airflow/example_dags/example_branch_labels.py
[2022-10-03T01:30:47.650+0000] {logging_mixin.py:115} INFO - [2022-10-03T01:30:47.650+0000] {dag.py:2429} INFO - Sync 1 DAGs
[2022-10-03T01:30:47.787+0000] {logging_mixin.py:115} INFO - [2022-10-03T01:30:47.787+0000] {dag.py:2981} INFO - Setting next_dagrun for example_branch_labels to 2022-10-02T00:00:00+00:00, run_after=2022-10-03T00:00:00+00:00
[2022-10-03T01:30:47.803+0000] {processor.py:161} INFO - Processing /home/airflow/.local/lib/python3.7/site-packages/airflow/example_dags/example_branch_labels.py took 0.202 seconds
[2022-10-03T01:31:18.340+0000] {processor.py:153} INFO - Started process (PID=220) to work on /home/airflow/.local/lib/python3.7/site-packages/airflow/example_dags/example_branch_labels.py
[2022-10-03T01:31:18.341+0000] {processor.py:640} INFO - Processing file /home/airflow/.local/lib/python3.7/site-packages/airflow/example_dags/example_branch_labels.py for tasks to queue
[2022-10-03T01:31:18.342+0000] {logging_mixin.py:115} INFO - [2022-10-03T01:31:18.342+0000] {dagbag.py:508} INFO - Filling up the DagBag from /home/airflow/.local/lib/python3.7/site-packages/airflow/example_dags/example_branch_labels.py
[2022-10-03T01:31:18.350+0000] {processor.py:650} INFO - DAG(s) dict_keys(['example_branch_labels']) retrieved from /home/airflow/.local/lib/python3.7/site-packages/airflow/example_dags/example_branch_labels.py
[2022-10-03T01:31:18.376+0000] {logging_mixin.py:115} INFO - [2022-10-03T01:31:18.376+0000] {dag.py:2429} INFO - Sync 1 DAGs
[2022-10-03T01:31:18.516+0000] {logging_mixin.py:115} INFO - [2022-10-03T01:31:18.516+0000] {dag.py:2981} INFO - Setting next_dagrun for example_branch_labels to 2022-10-02T00:00:00+00:00, run_after=2022-10-03T00:00:00+00:00
[2022-10-03T01:31:18.530+0000] {processor.py:161} INFO - Processing /home/airflow/.local/lib/python3.7/site-packages/airflow/example_dags/example_branch_labels.py took 0.193 seconds
[2022-10-03T01:31:49.092+0000] {processor.py:153} INFO - Started process (PID=276) to work on /home/airflow/.local/lib/python3.7/site-packages/airflow/example_dags/example_branch_labels.py
[2022-10-03T01:31:49.093+0000] {processor.py:640} INFO - Processing file /home/airflow/.local/lib/python3.7/site-packages/airflow/example_dags/example_branch_labels.py for tasks to queue
[2022-10-03T01:31:49.094+0000] {logging_mixin.py:115} INFO - [2022-10-03T01:31:49.093+0000] {dagbag.py:508} INFO - Filling up the DagBag from /home/airflow/.local/lib/python3.7/site-packages/airflow/example_dags/example_branch_labels.py
[2022-10-03T01:31:49.105+0000] {processor.py:650} INFO - DAG(s) dict_keys(['example_branch_labels']) retrieved from /home/airflow/.local/lib/python3.7/site-packages/airflow/example_dags/example_branch_labels.py
[2022-10-03T01:31:49.137+0000] {logging_mixin.py:115} INFO - [2022-10-03T01:31:49.137+0000] {dag.py:2429} INFO - Sync 1 DAGs
[2022-10-03T01:31:49.268+0000] {logging_mixin.py:115} INFO - [2022-10-03T01:31:49.268+0000] {dag.py:2981} INFO - Setting next_dagrun for example_branch_labels to 2022-10-02T00:00:00+00:00, run_after=2022-10-03T00:00:00+00:00
[2022-10-03T01:31:49.281+0000] {processor.py:161} INFO - Processing /home/airflow/.local/lib/python3.7/site-packages/airflow/example_dags/example_branch_labels.py took 0.192 seconds
[2022-10-03T01:32:19.774+0000] {processor.py:153} INFO - Started process (PID=331) to work on /home/airflow/.local/lib/python3.7/site-packages/airflow/example_dags/example_branch_labels.py
[2022-10-03T01:32:19.775+0000] {processor.py:640} INFO - Processing file /home/airflow/.local/lib/python3.7/site-packages/airflow/example_dags/example_branch_labels.py for tasks to queue
[2022-10-03T01:32:19.776+0000] {logging_mixin.py:115} INFO - [2022-10-03T01:32:19.776+0000] {dagbag.py:508} INFO - Filling up the DagBag from /home/airflow/.local/lib/python3.7/site-packages/airflow/example_dags/example_branch_labels.py
[2022-10-03T01:32:19.790+0000] {processor.py:650} INFO - DAG(s) dict_keys(['example_branch_labels']) retrieved from /home/airflow/.local/lib/python3.7/site-packages/airflow/example_dags/example_branch_labels.py
[2022-10-03T01:32:19.829+0000] {logging_mixin.py:115} INFO - [2022-10-03T01:32:19.829+0000] {dag.py:2429} INFO - Sync 1 DAGs
[2022-10-03T01:32:19.966+0000] {logging_mixin.py:115} INFO - [2022-10-03T01:32:19.966+0000] {dag.py:2981} INFO - Setting next_dagrun for example_branch_labels to 2022-10-02T00:00:00+00:00, run_after=2022-10-03T00:00:00+00:00
[2022-10-03T01:32:19.979+0000] {processor.py:161} INFO - Processing /home/airflow/.local/lib/python3.7/site-packages/airflow/example_dags/example_branch_labels.py took 0.209 seconds
[2022-10-03T01:32:50.725+0000] {processor.py:153} INFO - Started process (PID=386) to work on /home/airflow/.local/lib/python3.7/site-packages/airflow/example_dags/example_branch_labels.py
[2022-10-03T01:32:50.726+0000] {processor.py:640} INFO - Processing file /home/airflow/.local/lib/python3.7/site-packages/airflow/example_dags/example_branch_labels.py for tasks to queue
[2022-10-03T01:32:50.728+0000] {logging_mixin.py:115} INFO - [2022-10-03T01:32:50.727+0000] {dagbag.py:508} INFO - Filling up the DagBag from /home/airflow/.local/lib/python3.7/site-packages/airflow/example_dags/example_branch_labels.py
[2022-10-03T01:32:50.739+0000] {processor.py:650} INFO - DAG(s) dict_keys(['example_branch_labels']) retrieved from /home/airflow/.local/lib/python3.7/site-packages/airflow/example_dags/example_branch_labels.py
[2022-10-03T01:32:50.772+0000] {logging_mixin.py:115} INFO - [2022-10-03T01:32:50.771+0000] {dag.py:2429} INFO - Sync 1 DAGs
[2022-10-03T01:32:50.903+0000] {logging_mixin.py:115} INFO - [2022-10-03T01:32:50.903+0000] {dag.py:2981} INFO - Setting next_dagrun for example_branch_labels to 2022-10-02T00:00:00+00:00, run_after=2022-10-03T00:00:00+00:00
[2022-10-03T01:32:50.917+0000] {processor.py:161} INFO - Processing /home/airflow/.local/lib/python3.7/site-packages/airflow/example_dags/example_branch_labels.py took 0.194 seconds
[2022-10-03T01:33:21.416+0000] {processor.py:153} INFO - Started process (PID=441) to work on /home/airflow/.local/lib/python3.7/site-packages/airflow/example_dags/example_branch_labels.py
[2022-10-03T01:33:21.417+0000] {processor.py:640} INFO - Processing file /home/airflow/.local/lib/python3.7/site-packages/airflow/example_dags/example_branch_labels.py for tasks to queue
[2022-10-03T01:33:21.418+0000] {logging_mixin.py:115} INFO - [2022-10-03T01:33:21.417+0000] {dagbag.py:508} INFO - Filling up the DagBag from /home/airflow/.local/lib/python3.7/site-packages/airflow/example_dags/example_branch_labels.py
[2022-10-03T01:33:21.426+0000] {processor.py:650} INFO - DAG(s) dict_keys(['example_branch_labels']) retrieved from /home/airflow/.local/lib/python3.7/site-packages/airflow/example_dags/example_branch_labels.py
[2022-10-03T01:33:21.472+0000] {logging_mixin.py:115} INFO - [2022-10-03T01:33:21.472+0000] {dag.py:2429} INFO - Sync 1 DAGs
[2022-10-03T01:33:21.607+0000] {logging_mixin.py:115} INFO - [2022-10-03T01:33:21.607+0000] {dag.py:2981} INFO - Setting next_dagrun for example_branch_labels to 2022-10-02T00:00:00+00:00, run_after=2022-10-03T00:00:00+00:00
[2022-10-03T01:33:21.619+0000] {processor.py:161} INFO - Processing /home/airflow/.local/lib/python3.7/site-packages/airflow/example_dags/example_branch_labels.py took 0.207 seconds
[2022-10-03T01:33:52.205+0000] {processor.py:153} INFO - Started process (PID=496) to work on /home/airflow/.local/lib/python3.7/site-packages/airflow/example_dags/example_branch_labels.py
[2022-10-03T01:33:52.205+0000] {processor.py:640} INFO - Processing file /home/airflow/.local/lib/python3.7/site-packages/airflow/example_dags/example_branch_labels.py for tasks to queue
[2022-10-03T01:33:52.206+0000] {logging_mixin.py:115} INFO - [2022-10-03T01:33:52.206+0000] {dagbag.py:508} INFO - Filling up the DagBag from /home/airflow/.local/lib/python3.7/site-packages/airflow/example_dags/example_branch_labels.py
[2022-10-03T01:33:52.212+0000] {processor.py:650} INFO - DAG(s) dict_keys(['example_branch_labels']) retrieved from /home/airflow/.local/lib/python3.7/site-packages/airflow/example_dags/example_branch_labels.py
[2022-10-03T01:33:52.242+0000] {logging_mixin.py:115} INFO - [2022-10-03T01:33:52.242+0000] {dag.py:2429} INFO - Sync 1 DAGs
[2022-10-03T01:33:52.385+0000] {logging_mixin.py:115} INFO - [2022-10-03T01:33:52.385+0000] {dag.py:2981} INFO - Setting next_dagrun for example_branch_labels to 2022-10-02T00:00:00+00:00, run_after=2022-10-03T00:00:00+00:00
[2022-10-03T01:33:52.399+0000] {processor.py:161} INFO - Processing /home/airflow/.local/lib/python3.7/site-packages/airflow/example_dags/example_branch_labels.py took 0.197 seconds
[2022-10-03T01:34:22.976+0000] {processor.py:153} INFO - Started process (PID=551) to work on /home/airflow/.local/lib/python3.7/site-packages/airflow/example_dags/example_branch_labels.py
[2022-10-03T01:34:22.977+0000] {processor.py:640} INFO - Processing file /home/airflow/.local/lib/python3.7/site-packages/airflow/example_dags/example_branch_labels.py for tasks to queue
[2022-10-03T01:34:22.978+0000] {logging_mixin.py:115} INFO - [2022-10-03T01:34:22.978+0000] {dagbag.py:508} INFO - Filling up the DagBag from /home/airflow/.local/lib/python3.7/site-packages/airflow/example_dags/example_branch_labels.py
[2022-10-03T01:34:22.984+0000] {processor.py:650} INFO - DAG(s) dict_keys(['example_branch_labels']) retrieved from /home/airflow/.local/lib/python3.7/site-packages/airflow/example_dags/example_branch_labels.py
[2022-10-03T01:34:23.015+0000] {logging_mixin.py:115} INFO - [2022-10-03T01:34:23.014+0000] {dag.py:2429} INFO - Sync 1 DAGs
[2022-10-03T01:34:23.147+0000] {logging_mixin.py:115} INFO - [2022-10-03T01:34:23.147+0000] {dag.py:2981} INFO - Setting next_dagrun for example_branch_labels to 2022-10-02T00:00:00+00:00, run_after=2022-10-03T00:00:00+00:00
[2022-10-03T01:34:23.160+0000] {processor.py:161} INFO - Processing /home/airflow/.local/lib/python3.7/site-packages/airflow/example_dags/example_branch_labels.py took 0.186 seconds
[2022-10-03T01:34:53.639+0000] {processor.py:153} INFO - Started process (PID=606) to work on /home/airflow/.local/lib/python3.7/site-packages/airflow/example_dags/example_branch_labels.py
[2022-10-03T01:34:53.640+0000] {processor.py:640} INFO - Processing file /home/airflow/.local/lib/python3.7/site-packages/airflow/example_dags/example_branch_labels.py for tasks to queue
[2022-10-03T01:34:53.642+0000] {logging_mixin.py:115} INFO - [2022-10-03T01:34:53.641+0000] {dagbag.py:508} INFO - Filling up the DagBag from /home/airflow/.local/lib/python3.7/site-packages/airflow/example_dags/example_branch_labels.py
[2022-10-03T01:34:53.647+0000] {processor.py:650} INFO - DAG(s) dict_keys(['example_branch_labels']) retrieved from /home/airflow/.local/lib/python3.7/site-packages/airflow/example_dags/example_branch_labels.py
[2022-10-03T01:34:53.676+0000] {logging_mixin.py:115} INFO - [2022-10-03T01:34:53.676+0000] {dag.py:2429} INFO - Sync 1 DAGs
[2022-10-03T01:34:53.814+0000] {logging_mixin.py:115} INFO - [2022-10-03T01:34:53.814+0000] {dag.py:2981} INFO - Setting next_dagrun for example_branch_labels to 2022-10-02T00:00:00+00:00, run_after=2022-10-03T00:00:00+00:00
[2022-10-03T01:34:53.828+0000] {processor.py:161} INFO - Processing /home/airflow/.local/lib/python3.7/site-packages/airflow/example_dags/example_branch_labels.py took 0.191 seconds
[2022-10-03T01:35:24.345+0000] {processor.py:153} INFO - Started process (PID=661) to work on /home/airflow/.local/lib/python3.7/site-packages/airflow/example_dags/example_branch_labels.py
[2022-10-03T01:35:24.346+0000] {processor.py:640} INFO - Processing file /home/airflow/.local/lib/python3.7/site-packages/airflow/example_dags/example_branch_labels.py for tasks to queue
[2022-10-03T01:35:24.346+0000] {logging_mixin.py:115} INFO - [2022-10-03T01:35:24.346+0000] {dagbag.py:508} INFO - Filling up the DagBag from /home/airflow/.local/lib/python3.7/site-packages/airflow/example_dags/example_branch_labels.py
[2022-10-03T01:35:24.353+0000] {processor.py:650} INFO - DAG(s) dict_keys(['example_branch_labels']) retrieved from /home/airflow/.local/lib/python3.7/site-packages/airflow/example_dags/example_branch_labels.py
[2022-10-03T01:35:24.385+0000] {logging_mixin.py:115} INFO - [2022-10-03T01:35:24.385+0000] {dag.py:2429} INFO - Sync 1 DAGs
[2022-10-03T01:35:24.513+0000] {logging_mixin.py:115} INFO - [2022-10-03T01:35:24.513+0000] {dag.py:2981} INFO - Setting next_dagrun for example_branch_labels to 2022-10-02T00:00:00+00:00, run_after=2022-10-03T00:00:00+00:00
[2022-10-03T01:35:24.525+0000] {processor.py:161} INFO - Processing /home/airflow/.local/lib/python3.7/site-packages/airflow/example_dags/example_branch_labels.py took 0.183 seconds
[2022-10-03T01:35:55.290+0000] {processor.py:153} INFO - Started process (PID=716) to work on /home/airflow/.local/lib/python3.7/site-packages/airflow/example_dags/example_branch_labels.py
[2022-10-03T01:35:55.291+0000] {processor.py:640} INFO - Processing file /home/airflow/.local/lib/python3.7/site-packages/airflow/example_dags/example_branch_labels.py for tasks to queue
[2022-10-03T01:35:55.292+0000] {logging_mixin.py:115} INFO - [2022-10-03T01:35:55.292+0000] {dagbag.py:508} INFO - Filling up the DagBag from /home/airflow/.local/lib/python3.7/site-packages/airflow/example_dags/example_branch_labels.py
[2022-10-03T01:35:55.298+0000] {processor.py:650} INFO - DAG(s) dict_keys(['example_branch_labels']) retrieved from /home/airflow/.local/lib/python3.7/site-packages/airflow/example_dags/example_branch_labels.py
[2022-10-03T01:35:55.332+0000] {logging_mixin.py:115} INFO - [2022-10-03T01:35:55.332+0000] {dag.py:2429} INFO - Sync 1 DAGs
[2022-10-03T01:35:55.460+0000] {logging_mixin.py:115} INFO - [2022-10-03T01:35:55.460+0000] {dag.py:2981} INFO - Setting next_dagrun for example_branch_labels to 2022-10-02T00:00:00+00:00, run_after=2022-10-03T00:00:00+00:00
[2022-10-03T01:35:55.474+0000] {processor.py:161} INFO - Processing /home/airflow/.local/lib/python3.7/site-packages/airflow/example_dags/example_branch_labels.py took 0.186 seconds
[2022-10-03T01:36:25.958+0000] {processor.py:153} INFO - Started process (PID=771) to work on /home/airflow/.local/lib/python3.7/site-packages/airflow/example_dags/example_branch_labels.py
[2022-10-03T01:36:25.959+0000] {processor.py:640} INFO - Processing file /home/airflow/.local/lib/python3.7/site-packages/airflow/example_dags/example_branch_labels.py for tasks to queue
[2022-10-03T01:36:25.959+0000] {logging_mixin.py:115} INFO - [2022-10-03T01:36:25.959+0000] {dagbag.py:508} INFO - Filling up the DagBag from /home/airflow/.local/lib/python3.7/site-packages/airflow/example_dags/example_branch_labels.py
[2022-10-03T01:36:25.966+0000] {processor.py:650} INFO - DAG(s) dict_keys(['example_branch_labels']) retrieved from /home/airflow/.local/lib/python3.7/site-packages/airflow/example_dags/example_branch_labels.py
[2022-10-03T01:36:25.999+0000] {logging_mixin.py:115} INFO - [2022-10-03T01:36:25.999+0000] {dag.py:2429} INFO - Sync 1 DAGs
[2022-10-03T01:36:26.118+0000] {logging_mixin.py:115} INFO - [2022-10-03T01:36:26.118+0000] {dag.py:2981} INFO - Setting next_dagrun for example_branch_labels to 2022-10-02T00:00:00+00:00, run_after=2022-10-03T00:00:00+00:00
[2022-10-03T01:36:26.130+0000] {processor.py:161} INFO - Processing /home/airflow/.local/lib/python3.7/site-packages/airflow/example_dags/example_branch_labels.py took 0.175 seconds
[2022-10-03T01:36:56.649+0000] {processor.py:153} INFO - Started process (PID=826) to work on /home/airflow/.local/lib/python3.7/site-packages/airflow/example_dags/example_branch_labels.py
[2022-10-03T01:36:56.650+0000] {processor.py:640} INFO - Processing file /home/airflow/.local/lib/python3.7/site-packages/airflow/example_dags/example_branch_labels.py for tasks to queue
[2022-10-03T01:36:56.651+0000] {logging_mixin.py:115} INFO - [2022-10-03T01:36:56.650+0000] {dagbag.py:508} INFO - Filling up the DagBag from /home/airflow/.local/lib/python3.7/site-packages/airflow/example_dags/example_branch_labels.py
[2022-10-03T01:36:56.658+0000] {processor.py:650} INFO - DAG(s) dict_keys(['example_branch_labels']) retrieved from /home/airflow/.local/lib/python3.7/site-packages/airflow/example_dags/example_branch_labels.py
[2022-10-03T01:36:56.687+0000] {logging_mixin.py:115} INFO - [2022-10-03T01:36:56.686+0000] {dag.py:2429} INFO - Sync 1 DAGs
[2022-10-03T01:36:56.819+0000] {logging_mixin.py:115} INFO - [2022-10-03T01:36:56.818+0000] {dag.py:2981} INFO - Setting next_dagrun for example_branch_labels to 2022-10-02T00:00:00+00:00, run_after=2022-10-03T00:00:00+00:00
[2022-10-03T01:36:56.832+0000] {processor.py:161} INFO - Processing /home/airflow/.local/lib/python3.7/site-packages/airflow/example_dags/example_branch_labels.py took 0.186 seconds
[2022-10-03T01:37:27.411+0000] {processor.py:153} INFO - Started process (PID=883) to work on /home/airflow/.local/lib/python3.7/site-packages/airflow/example_dags/example_branch_labels.py
[2022-10-03T01:37:27.411+0000] {processor.py:640} INFO - Processing file /home/airflow/.local/lib/python3.7/site-packages/airflow/example_dags/example_branch_labels.py for tasks to queue
[2022-10-03T01:37:27.412+0000] {logging_mixin.py:115} INFO - [2022-10-03T01:37:27.412+0000] {dagbag.py:508} INFO - Filling up the DagBag from /home/airflow/.local/lib/python3.7/site-packages/airflow/example_dags/example_branch_labels.py
[2022-10-03T01:37:27.420+0000] {processor.py:650} INFO - DAG(s) dict_keys(['example_branch_labels']) retrieved from /home/airflow/.local/lib/python3.7/site-packages/airflow/example_dags/example_branch_labels.py
[2022-10-03T01:37:27.444+0000] {logging_mixin.py:115} INFO - [2022-10-03T01:37:27.444+0000] {dag.py:2429} INFO - Sync 1 DAGs
[2022-10-03T01:37:27.562+0000] {logging_mixin.py:115} INFO - [2022-10-03T01:37:27.562+0000] {dag.py:2981} INFO - Setting next_dagrun for example_branch_labels to 2022-10-02T00:00:00+00:00, run_after=2022-10-03T00:00:00+00:00
[2022-10-03T01:37:27.575+0000] {processor.py:161} INFO - Processing /home/airflow/.local/lib/python3.7/site-packages/airflow/example_dags/example_branch_labels.py took 0.167 seconds
[2022-10-03T01:37:58.170+0000] {processor.py:153} INFO - Started process (PID=939) to work on /home/airflow/.local/lib/python3.7/site-packages/airflow/example_dags/example_branch_labels.py
[2022-10-03T01:37:58.170+0000] {processor.py:640} INFO - Processing file /home/airflow/.local/lib/python3.7/site-packages/airflow/example_dags/example_branch_labels.py for tasks to queue
[2022-10-03T01:37:58.171+0000] {logging_mixin.py:115} INFO - [2022-10-03T01:37:58.171+0000] {dagbag.py:508} INFO - Filling up the DagBag from /home/airflow/.local/lib/python3.7/site-packages/airflow/example_dags/example_branch_labels.py
[2022-10-03T01:37:58.181+0000] {processor.py:650} INFO - DAG(s) dict_keys(['example_branch_labels']) retrieved from /home/airflow/.local/lib/python3.7/site-packages/airflow/example_dags/example_branch_labels.py
[2022-10-03T01:37:58.211+0000] {logging_mixin.py:115} INFO - [2022-10-03T01:37:58.211+0000] {dag.py:2429} INFO - Sync 1 DAGs
[2022-10-03T01:37:58.347+0000] {logging_mixin.py:115} INFO - [2022-10-03T01:37:58.347+0000] {dag.py:2981} INFO - Setting next_dagrun for example_branch_labels to 2022-10-02T00:00:00+00:00, run_after=2022-10-03T00:00:00+00:00
[2022-10-03T01:37:58.360+0000] {processor.py:161} INFO - Processing /home/airflow/.local/lib/python3.7/site-packages/airflow/example_dags/example_branch_labels.py took 0.193 seconds
[2022-10-03T01:38:28.853+0000] {processor.py:153} INFO - Started process (PID=994) to work on /home/airflow/.local/lib/python3.7/site-packages/airflow/example_dags/example_branch_labels.py
[2022-10-03T01:38:28.854+0000] {processor.py:640} INFO - Processing file /home/airflow/.local/lib/python3.7/site-packages/airflow/example_dags/example_branch_labels.py for tasks to queue
[2022-10-03T01:38:28.855+0000] {logging_mixin.py:115} INFO - [2022-10-03T01:38:28.855+0000] {dagbag.py:508} INFO - Filling up the DagBag from /home/airflow/.local/lib/python3.7/site-packages/airflow/example_dags/example_branch_labels.py
[2022-10-03T01:38:28.866+0000] {processor.py:650} INFO - DAG(s) dict_keys(['example_branch_labels']) retrieved from /home/airflow/.local/lib/python3.7/site-packages/airflow/example_dags/example_branch_labels.py
[2022-10-03T01:38:28.894+0000] {logging_mixin.py:115} INFO - [2022-10-03T01:38:28.894+0000] {dag.py:2429} INFO - Sync 1 DAGs
[2022-10-03T01:38:29.017+0000] {logging_mixin.py:115} INFO - [2022-10-03T01:38:29.017+0000] {dag.py:2981} INFO - Setting next_dagrun for example_branch_labels to 2022-10-02T00:00:00+00:00, run_after=2022-10-03T00:00:00+00:00
[2022-10-03T01:38:29.030+0000] {processor.py:161} INFO - Processing /home/airflow/.local/lib/python3.7/site-packages/airflow/example_dags/example_branch_labels.py took 0.181 seconds
[2022-10-03T01:38:59.559+0000] {processor.py:153} INFO - Started process (PID=1049) to work on /home/airflow/.local/lib/python3.7/site-packages/airflow/example_dags/example_branch_labels.py
[2022-10-03T01:38:59.560+0000] {processor.py:640} INFO - Processing file /home/airflow/.local/lib/python3.7/site-packages/airflow/example_dags/example_branch_labels.py for tasks to queue
[2022-10-03T01:38:59.561+0000] {logging_mixin.py:115} INFO - [2022-10-03T01:38:59.561+0000] {dagbag.py:508} INFO - Filling up the DagBag from /home/airflow/.local/lib/python3.7/site-packages/airflow/example_dags/example_branch_labels.py
[2022-10-03T01:38:59.566+0000] {processor.py:650} INFO - DAG(s) dict_keys(['example_branch_labels']) retrieved from /home/airflow/.local/lib/python3.7/site-packages/airflow/example_dags/example_branch_labels.py
[2022-10-03T01:38:59.595+0000] {logging_mixin.py:115} INFO - [2022-10-03T01:38:59.595+0000] {dag.py:2429} INFO - Sync 1 DAGs
[2022-10-03T01:38:59.769+0000] {logging_mixin.py:115} INFO - [2022-10-03T01:38:59.769+0000] {dag.py:2981} INFO - Setting next_dagrun for example_branch_labels to 2022-10-02T00:00:00+00:00, run_after=2022-10-03T00:00:00+00:00
[2022-10-03T01:38:59.783+0000] {processor.py:161} INFO - Processing /home/airflow/.local/lib/python3.7/site-packages/airflow/example_dags/example_branch_labels.py took 0.227 seconds
[2022-10-03T01:39:30.430+0000] {processor.py:153} INFO - Started process (PID=1111) to work on /home/airflow/.local/lib/python3.7/site-packages/airflow/example_dags/example_branch_labels.py
[2022-10-03T01:39:30.430+0000] {processor.py:640} INFO - Processing file /home/airflow/.local/lib/python3.7/site-packages/airflow/example_dags/example_branch_labels.py for tasks to queue
[2022-10-03T01:39:30.431+0000] {logging_mixin.py:115} INFO - [2022-10-03T01:39:30.431+0000] {dagbag.py:508} INFO - Filling up the DagBag from /home/airflow/.local/lib/python3.7/site-packages/airflow/example_dags/example_branch_labels.py
[2022-10-03T01:39:30.438+0000] {processor.py:650} INFO - DAG(s) dict_keys(['example_branch_labels']) retrieved from /home/airflow/.local/lib/python3.7/site-packages/airflow/example_dags/example_branch_labels.py
[2022-10-03T01:39:30.469+0000] {logging_mixin.py:115} INFO - [2022-10-03T01:39:30.469+0000] {dag.py:2429} INFO - Sync 1 DAGs
[2022-10-03T01:39:30.602+0000] {logging_mixin.py:115} INFO - [2022-10-03T01:39:30.602+0000] {dag.py:2981} INFO - Setting next_dagrun for example_branch_labels to 2022-10-02T00:00:00+00:00, run_after=2022-10-03T00:00:00+00:00
[2022-10-03T01:39:30.618+0000] {processor.py:161} INFO - Processing /home/airflow/.local/lib/python3.7/site-packages/airflow/example_dags/example_branch_labels.py took 0.190 seconds
[2022-10-03T01:40:00.942+0000] {processor.py:153} INFO - Started process (PID=1166) to work on /home/airflow/.local/lib/python3.7/site-packages/airflow/example_dags/example_branch_labels.py
[2022-10-03T01:40:00.943+0000] {processor.py:640} INFO - Processing file /home/airflow/.local/lib/python3.7/site-packages/airflow/example_dags/example_branch_labels.py for tasks to queue
[2022-10-03T01:40:00.944+0000] {logging_mixin.py:115} INFO - [2022-10-03T01:40:00.944+0000] {dagbag.py:508} INFO - Filling up the DagBag from /home/airflow/.local/lib/python3.7/site-packages/airflow/example_dags/example_branch_labels.py
[2022-10-03T01:40:00.950+0000] {processor.py:650} INFO - DAG(s) dict_keys(['example_branch_labels']) retrieved from /home/airflow/.local/lib/python3.7/site-packages/airflow/example_dags/example_branch_labels.py
[2022-10-03T01:40:00.975+0000] {logging_mixin.py:115} INFO - [2022-10-03T01:40:00.974+0000] {dag.py:2429} INFO - Sync 1 DAGs
[2022-10-03T01:40:01.121+0000] {logging_mixin.py:115} INFO - [2022-10-03T01:40:01.121+0000] {dag.py:2981} INFO - Setting next_dagrun for example_branch_labels to 2022-10-02T00:00:00+00:00, run_after=2022-10-03T00:00:00+00:00
[2022-10-03T01:40:01.134+0000] {processor.py:161} INFO - Processing /home/airflow/.local/lib/python3.7/site-packages/airflow/example_dags/example_branch_labels.py took 0.194 seconds
[2022-10-03T01:40:31.634+0000] {processor.py:153} INFO - Started process (PID=1221) to work on /home/airflow/.local/lib/python3.7/site-packages/airflow/example_dags/example_branch_labels.py
[2022-10-03T01:40:31.635+0000] {processor.py:640} INFO - Processing file /home/airflow/.local/lib/python3.7/site-packages/airflow/example_dags/example_branch_labels.py for tasks to queue
[2022-10-03T01:40:31.636+0000] {logging_mixin.py:115} INFO - [2022-10-03T01:40:31.636+0000] {dagbag.py:508} INFO - Filling up the DagBag from /home/airflow/.local/lib/python3.7/site-packages/airflow/example_dags/example_branch_labels.py
[2022-10-03T01:40:31.644+0000] {processor.py:650} INFO - DAG(s) dict_keys(['example_branch_labels']) retrieved from /home/airflow/.local/lib/python3.7/site-packages/airflow/example_dags/example_branch_labels.py
[2022-10-03T01:40:31.677+0000] {logging_mixin.py:115} INFO - [2022-10-03T01:40:31.677+0000] {dag.py:2429} INFO - Sync 1 DAGs
[2022-10-03T01:40:31.810+0000] {logging_mixin.py:115} INFO - [2022-10-03T01:40:31.810+0000] {dag.py:2981} INFO - Setting next_dagrun for example_branch_labels to 2022-10-02T00:00:00+00:00, run_after=2022-10-03T00:00:00+00:00
[2022-10-03T01:40:31.823+0000] {processor.py:161} INFO - Processing /home/airflow/.local/lib/python3.7/site-packages/airflow/example_dags/example_branch_labels.py took 0.192 seconds
[2022-10-03T01:41:02.602+0000] {processor.py:153} INFO - Started process (PID=1276) to work on /home/airflow/.local/lib/python3.7/site-packages/airflow/example_dags/example_branch_labels.py
[2022-10-03T01:41:02.604+0000] {processor.py:640} INFO - Processing file /home/airflow/.local/lib/python3.7/site-packages/airflow/example_dags/example_branch_labels.py for tasks to queue
[2022-10-03T01:41:02.606+0000] {logging_mixin.py:115} INFO - [2022-10-03T01:41:02.606+0000] {dagbag.py:508} INFO - Filling up the DagBag from /home/airflow/.local/lib/python3.7/site-packages/airflow/example_dags/example_branch_labels.py
[2022-10-03T01:41:02.616+0000] {processor.py:650} INFO - DAG(s) dict_keys(['example_branch_labels']) retrieved from /home/airflow/.local/lib/python3.7/site-packages/airflow/example_dags/example_branch_labels.py
[2022-10-03T01:41:02.649+0000] {logging_mixin.py:115} INFO - [2022-10-03T01:41:02.649+0000] {dag.py:2429} INFO - Sync 1 DAGs
[2022-10-03T01:41:02.788+0000] {logging_mixin.py:115} INFO - [2022-10-03T01:41:02.787+0000] {dag.py:2981} INFO - Setting next_dagrun for example_branch_labels to 2022-10-02T00:00:00+00:00, run_after=2022-10-03T00:00:00+00:00
[2022-10-03T01:41:02.804+0000] {processor.py:161} INFO - Processing /home/airflow/.local/lib/python3.7/site-packages/airflow/example_dags/example_branch_labels.py took 0.206 seconds
[2022-10-03T01:41:33.437+0000] {processor.py:153} INFO - Started process (PID=1332) to work on /home/airflow/.local/lib/python3.7/site-packages/airflow/example_dags/example_branch_labels.py
[2022-10-03T01:41:33.438+0000] {processor.py:640} INFO - Processing file /home/airflow/.local/lib/python3.7/site-packages/airflow/example_dags/example_branch_labels.py for tasks to queue
[2022-10-03T01:41:33.439+0000] {logging_mixin.py:115} INFO - [2022-10-03T01:41:33.439+0000] {dagbag.py:508} INFO - Filling up the DagBag from /home/airflow/.local/lib/python3.7/site-packages/airflow/example_dags/example_branch_labels.py
[2022-10-03T01:41:33.447+0000] {processor.py:650} INFO - DAG(s) dict_keys(['example_branch_labels']) retrieved from /home/airflow/.local/lib/python3.7/site-packages/airflow/example_dags/example_branch_labels.py
[2022-10-03T01:41:33.474+0000] {logging_mixin.py:115} INFO - [2022-10-03T01:41:33.474+0000] {dag.py:2429} INFO - Sync 1 DAGs
[2022-10-03T01:41:33.595+0000] {logging_mixin.py:115} INFO - [2022-10-03T01:41:33.595+0000] {dag.py:2981} INFO - Setting next_dagrun for example_branch_labels to 2022-10-02T00:00:00+00:00, run_after=2022-10-03T00:00:00+00:00
[2022-10-03T01:41:33.608+0000] {processor.py:161} INFO - Processing /home/airflow/.local/lib/python3.7/site-packages/airflow/example_dags/example_branch_labels.py took 0.174 seconds
[2022-10-03T01:42:04.398+0000] {processor.py:153} INFO - Started process (PID=1387) to work on /home/airflow/.local/lib/python3.7/site-packages/airflow/example_dags/example_branch_labels.py
[2022-10-03T01:42:04.399+0000] {processor.py:640} INFO - Processing file /home/airflow/.local/lib/python3.7/site-packages/airflow/example_dags/example_branch_labels.py for tasks to queue
[2022-10-03T01:42:04.400+0000] {logging_mixin.py:115} INFO - [2022-10-03T01:42:04.400+0000] {dagbag.py:508} INFO - Filling up the DagBag from /home/airflow/.local/lib/python3.7/site-packages/airflow/example_dags/example_branch_labels.py
[2022-10-03T01:42:04.408+0000] {processor.py:650} INFO - DAG(s) dict_keys(['example_branch_labels']) retrieved from /home/airflow/.local/lib/python3.7/site-packages/airflow/example_dags/example_branch_labels.py
[2022-10-03T01:42:04.437+0000] {logging_mixin.py:115} INFO - [2022-10-03T01:42:04.436+0000] {dag.py:2429} INFO - Sync 1 DAGs
[2022-10-03T01:42:04.573+0000] {logging_mixin.py:115} INFO - [2022-10-03T01:42:04.572+0000] {dag.py:2981} INFO - Setting next_dagrun for example_branch_labels to 2022-10-02T00:00:00+00:00, run_after=2022-10-03T00:00:00+00:00
[2022-10-03T01:42:04.585+0000] {processor.py:161} INFO - Processing /home/airflow/.local/lib/python3.7/site-packages/airflow/example_dags/example_branch_labels.py took 0.190 seconds
[2022-10-03T01:42:35.170+0000] {processor.py:153} INFO - Started process (PID=1442) to work on /home/airflow/.local/lib/python3.7/site-packages/airflow/example_dags/example_branch_labels.py
[2022-10-03T01:42:35.171+0000] {processor.py:640} INFO - Processing file /home/airflow/.local/lib/python3.7/site-packages/airflow/example_dags/example_branch_labels.py for tasks to queue
[2022-10-03T01:42:35.172+0000] {logging_mixin.py:115} INFO - [2022-10-03T01:42:35.172+0000] {dagbag.py:508} INFO - Filling up the DagBag from /home/airflow/.local/lib/python3.7/site-packages/airflow/example_dags/example_branch_labels.py
[2022-10-03T01:42:35.180+0000] {processor.py:650} INFO - DAG(s) dict_keys(['example_branch_labels']) retrieved from /home/airflow/.local/lib/python3.7/site-packages/airflow/example_dags/example_branch_labels.py
[2022-10-03T01:42:35.206+0000] {logging_mixin.py:115} INFO - [2022-10-03T01:42:35.206+0000] {dag.py:2429} INFO - Sync 1 DAGs
[2022-10-03T01:42:35.339+0000] {logging_mixin.py:115} INFO - [2022-10-03T01:42:35.339+0000] {dag.py:2981} INFO - Setting next_dagrun for example_branch_labels to 2022-10-02T00:00:00+00:00, run_after=2022-10-03T00:00:00+00:00
[2022-10-03T01:42:35.355+0000] {processor.py:161} INFO - Processing /home/airflow/.local/lib/python3.7/site-packages/airflow/example_dags/example_branch_labels.py took 0.187 seconds
[2022-10-03T01:43:05.826+0000] {processor.py:153} INFO - Started process (PID=1498) to work on /home/airflow/.local/lib/python3.7/site-packages/airflow/example_dags/example_branch_labels.py
[2022-10-03T01:43:05.827+0000] {processor.py:640} INFO - Processing file /home/airflow/.local/lib/python3.7/site-packages/airflow/example_dags/example_branch_labels.py for tasks to queue
[2022-10-03T01:43:05.828+0000] {logging_mixin.py:115} INFO - [2022-10-03T01:43:05.828+0000] {dagbag.py:508} INFO - Filling up the DagBag from /home/airflow/.local/lib/python3.7/site-packages/airflow/example_dags/example_branch_labels.py
[2022-10-03T01:43:05.835+0000] {processor.py:650} INFO - DAG(s) dict_keys(['example_branch_labels']) retrieved from /home/airflow/.local/lib/python3.7/site-packages/airflow/example_dags/example_branch_labels.py
[2022-10-03T01:43:05.859+0000] {logging_mixin.py:115} INFO - [2022-10-03T01:43:05.859+0000] {dag.py:2429} INFO - Sync 1 DAGs
[2022-10-03T01:43:06.002+0000] {logging_mixin.py:115} INFO - [2022-10-03T01:43:06.002+0000] {dag.py:2981} INFO - Setting next_dagrun for example_branch_labels to 2022-10-02T00:00:00+00:00, run_after=2022-10-03T00:00:00+00:00
[2022-10-03T01:43:06.015+0000] {processor.py:161} INFO - Processing /home/airflow/.local/lib/python3.7/site-packages/airflow/example_dags/example_branch_labels.py took 0.191 seconds
[2022-10-03T01:43:36.456+0000] {processor.py:153} INFO - Started process (PID=1553) to work on /home/airflow/.local/lib/python3.7/site-packages/airflow/example_dags/example_branch_labels.py
[2022-10-03T01:43:36.457+0000] {processor.py:640} INFO - Processing file /home/airflow/.local/lib/python3.7/site-packages/airflow/example_dags/example_branch_labels.py for tasks to queue
[2022-10-03T01:43:36.458+0000] {logging_mixin.py:115} INFO - [2022-10-03T01:43:36.458+0000] {dagbag.py:508} INFO - Filling up the DagBag from /home/airflow/.local/lib/python3.7/site-packages/airflow/example_dags/example_branch_labels.py
[2022-10-03T01:43:36.468+0000] {processor.py:650} INFO - DAG(s) dict_keys(['example_branch_labels']) retrieved from /home/airflow/.local/lib/python3.7/site-packages/airflow/example_dags/example_branch_labels.py
[2022-10-03T01:43:36.512+0000] {logging_mixin.py:115} INFO - [2022-10-03T01:43:36.512+0000] {dag.py:2429} INFO - Sync 1 DAGs
[2022-10-03T01:43:36.665+0000] {logging_mixin.py:115} INFO - [2022-10-03T01:43:36.665+0000] {dag.py:2981} INFO - Setting next_dagrun for example_branch_labels to 2022-10-02T00:00:00+00:00, run_after=2022-10-03T00:00:00+00:00
[2022-10-03T01:43:36.677+0000] {processor.py:161} INFO - Processing /home/airflow/.local/lib/python3.7/site-packages/airflow/example_dags/example_branch_labels.py took 0.225 seconds
[2022-10-03T01:44:06.997+0000] {processor.py:153} INFO - Started process (PID=1608) to work on /home/airflow/.local/lib/python3.7/site-packages/airflow/example_dags/example_branch_labels.py
[2022-10-03T01:44:06.998+0000] {processor.py:640} INFO - Processing file /home/airflow/.local/lib/python3.7/site-packages/airflow/example_dags/example_branch_labels.py for tasks to queue
[2022-10-03T01:44:06.999+0000] {logging_mixin.py:115} INFO - [2022-10-03T01:44:06.999+0000] {dagbag.py:508} INFO - Filling up the DagBag from /home/airflow/.local/lib/python3.7/site-packages/airflow/example_dags/example_branch_labels.py
[2022-10-03T01:44:07.007+0000] {processor.py:650} INFO - DAG(s) dict_keys(['example_branch_labels']) retrieved from /home/airflow/.local/lib/python3.7/site-packages/airflow/example_dags/example_branch_labels.py
[2022-10-03T01:44:07.035+0000] {logging_mixin.py:115} INFO - [2022-10-03T01:44:07.035+0000] {dag.py:2429} INFO - Sync 1 DAGs
[2022-10-03T01:44:07.158+0000] {logging_mixin.py:115} INFO - [2022-10-03T01:44:07.158+0000] {dag.py:2981} INFO - Setting next_dagrun for example_branch_labels to 2022-10-02T00:00:00+00:00, run_after=2022-10-03T00:00:00+00:00
[2022-10-03T01:44:07.176+0000] {processor.py:161} INFO - Processing /home/airflow/.local/lib/python3.7/site-packages/airflow/example_dags/example_branch_labels.py took 0.181 seconds
[2022-10-03T01:44:37.824+0000] {processor.py:153} INFO - Started process (PID=1663) to work on /home/airflow/.local/lib/python3.7/site-packages/airflow/example_dags/example_branch_labels.py
[2022-10-03T01:44:37.825+0000] {processor.py:640} INFO - Processing file /home/airflow/.local/lib/python3.7/site-packages/airflow/example_dags/example_branch_labels.py for tasks to queue
[2022-10-03T01:44:37.826+0000] {logging_mixin.py:115} INFO - [2022-10-03T01:44:37.826+0000] {dagbag.py:508} INFO - Filling up the DagBag from /home/airflow/.local/lib/python3.7/site-packages/airflow/example_dags/example_branch_labels.py
[2022-10-03T01:44:37.833+0000] {processor.py:650} INFO - DAG(s) dict_keys(['example_branch_labels']) retrieved from /home/airflow/.local/lib/python3.7/site-packages/airflow/example_dags/example_branch_labels.py
[2022-10-03T01:44:37.861+0000] {logging_mixin.py:115} INFO - [2022-10-03T01:44:37.860+0000] {dag.py:2429} INFO - Sync 1 DAGs
[2022-10-03T01:44:37.997+0000] {logging_mixin.py:115} INFO - [2022-10-03T01:44:37.997+0000] {dag.py:2981} INFO - Setting next_dagrun for example_branch_labels to 2022-10-02T00:00:00+00:00, run_after=2022-10-03T00:00:00+00:00
[2022-10-03T01:44:38.018+0000] {processor.py:161} INFO - Processing /home/airflow/.local/lib/python3.7/site-packages/airflow/example_dags/example_branch_labels.py took 0.197 seconds
[2022-10-03T01:45:08.679+0000] {processor.py:153} INFO - Started process (PID=1718) to work on /home/airflow/.local/lib/python3.7/site-packages/airflow/example_dags/example_branch_labels.py
[2022-10-03T01:45:08.680+0000] {processor.py:640} INFO - Processing file /home/airflow/.local/lib/python3.7/site-packages/airflow/example_dags/example_branch_labels.py for tasks to queue
[2022-10-03T01:45:08.681+0000] {logging_mixin.py:115} INFO - [2022-10-03T01:45:08.681+0000] {dagbag.py:508} INFO - Filling up the DagBag from /home/airflow/.local/lib/python3.7/site-packages/airflow/example_dags/example_branch_labels.py
[2022-10-03T01:45:08.688+0000] {processor.py:650} INFO - DAG(s) dict_keys(['example_branch_labels']) retrieved from /home/airflow/.local/lib/python3.7/site-packages/airflow/example_dags/example_branch_labels.py
[2022-10-03T01:45:08.717+0000] {logging_mixin.py:115} INFO - [2022-10-03T01:45:08.717+0000] {dag.py:2429} INFO - Sync 1 DAGs
[2022-10-03T01:45:08.843+0000] {logging_mixin.py:115} INFO - [2022-10-03T01:45:08.842+0000] {dag.py:2981} INFO - Setting next_dagrun for example_branch_labels to 2022-10-02T00:00:00+00:00, run_after=2022-10-03T00:00:00+00:00
[2022-10-03T01:45:08.854+0000] {processor.py:161} INFO - Processing /home/airflow/.local/lib/python3.7/site-packages/airflow/example_dags/example_branch_labels.py took 0.178 seconds
[2022-10-03T01:45:39.429+0000] {processor.py:153} INFO - Started process (PID=1773) to work on /home/airflow/.local/lib/python3.7/site-packages/airflow/example_dags/example_branch_labels.py
[2022-10-03T01:45:39.430+0000] {processor.py:640} INFO - Processing file /home/airflow/.local/lib/python3.7/site-packages/airflow/example_dags/example_branch_labels.py for tasks to queue
[2022-10-03T01:45:39.431+0000] {logging_mixin.py:115} INFO - [2022-10-03T01:45:39.431+0000] {dagbag.py:508} INFO - Filling up the DagBag from /home/airflow/.local/lib/python3.7/site-packages/airflow/example_dags/example_branch_labels.py
[2022-10-03T01:45:39.438+0000] {processor.py:650} INFO - DAG(s) dict_keys(['example_branch_labels']) retrieved from /home/airflow/.local/lib/python3.7/site-packages/airflow/example_dags/example_branch_labels.py
[2022-10-03T01:45:39.472+0000] {logging_mixin.py:115} INFO - [2022-10-03T01:45:39.472+0000] {dag.py:2429} INFO - Sync 1 DAGs
[2022-10-03T01:45:39.594+0000] {logging_mixin.py:115} INFO - [2022-10-03T01:45:39.593+0000] {dag.py:2981} INFO - Setting next_dagrun for example_branch_labels to 2022-10-02T00:00:00+00:00, run_after=2022-10-03T00:00:00+00:00
[2022-10-03T01:45:39.605+0000] {processor.py:161} INFO - Processing /home/airflow/.local/lib/python3.7/site-packages/airflow/example_dags/example_branch_labels.py took 0.179 seconds
[2022-10-03T01:46:10.165+0000] {processor.py:153} INFO - Started process (PID=1828) to work on /home/airflow/.local/lib/python3.7/site-packages/airflow/example_dags/example_branch_labels.py
[2022-10-03T01:46:10.166+0000] {processor.py:640} INFO - Processing file /home/airflow/.local/lib/python3.7/site-packages/airflow/example_dags/example_branch_labels.py for tasks to queue
[2022-10-03T01:46:10.167+0000] {logging_mixin.py:115} INFO - [2022-10-03T01:46:10.167+0000] {dagbag.py:508} INFO - Filling up the DagBag from /home/airflow/.local/lib/python3.7/site-packages/airflow/example_dags/example_branch_labels.py
[2022-10-03T01:46:10.174+0000] {processor.py:650} INFO - DAG(s) dict_keys(['example_branch_labels']) retrieved from /home/airflow/.local/lib/python3.7/site-packages/airflow/example_dags/example_branch_labels.py
[2022-10-03T01:46:10.201+0000] {logging_mixin.py:115} INFO - [2022-10-03T01:46:10.201+0000] {dag.py:2429} INFO - Sync 1 DAGs
[2022-10-03T01:46:10.322+0000] {logging_mixin.py:115} INFO - [2022-10-03T01:46:10.322+0000] {dag.py:2981} INFO - Setting next_dagrun for example_branch_labels to 2022-10-02T00:00:00+00:00, run_after=2022-10-03T00:00:00+00:00
[2022-10-03T01:46:10.336+0000] {processor.py:161} INFO - Processing /home/airflow/.local/lib/python3.7/site-packages/airflow/example_dags/example_branch_labels.py took 0.174 seconds
[2022-10-03T01:46:40.878+0000] {processor.py:153} INFO - Started process (PID=1883) to work on /home/airflow/.local/lib/python3.7/site-packages/airflow/example_dags/example_branch_labels.py
[2022-10-03T01:46:40.879+0000] {processor.py:640} INFO - Processing file /home/airflow/.local/lib/python3.7/site-packages/airflow/example_dags/example_branch_labels.py for tasks to queue
[2022-10-03T01:46:40.879+0000] {logging_mixin.py:115} INFO - [2022-10-03T01:46:40.879+0000] {dagbag.py:508} INFO - Filling up the DagBag from /home/airflow/.local/lib/python3.7/site-packages/airflow/example_dags/example_branch_labels.py
[2022-10-03T01:46:40.886+0000] {processor.py:650} INFO - DAG(s) dict_keys(['example_branch_labels']) retrieved from /home/airflow/.local/lib/python3.7/site-packages/airflow/example_dags/example_branch_labels.py
[2022-10-03T01:46:40.913+0000] {logging_mixin.py:115} INFO - [2022-10-03T01:46:40.913+0000] {dag.py:2429} INFO - Sync 1 DAGs
[2022-10-03T01:46:41.036+0000] {logging_mixin.py:115} INFO - [2022-10-03T01:46:41.036+0000] {dag.py:2981} INFO - Setting next_dagrun for example_branch_labels to 2022-10-02T00:00:00+00:00, run_after=2022-10-03T00:00:00+00:00
[2022-10-03T01:46:41.049+0000] {processor.py:161} INFO - Processing /home/airflow/.local/lib/python3.7/site-packages/airflow/example_dags/example_branch_labels.py took 0.174 seconds
[2022-10-03T01:47:11.882+0000] {processor.py:153} INFO - Started process (PID=1938) to work on /home/airflow/.local/lib/python3.7/site-packages/airflow/example_dags/example_branch_labels.py
[2022-10-03T01:47:11.883+0000] {processor.py:640} INFO - Processing file /home/airflow/.local/lib/python3.7/site-packages/airflow/example_dags/example_branch_labels.py for tasks to queue
[2022-10-03T01:47:11.884+0000] {logging_mixin.py:115} INFO - [2022-10-03T01:47:11.883+0000] {dagbag.py:508} INFO - Filling up the DagBag from /home/airflow/.local/lib/python3.7/site-packages/airflow/example_dags/example_branch_labels.py
[2022-10-03T01:47:11.890+0000] {processor.py:650} INFO - DAG(s) dict_keys(['example_branch_labels']) retrieved from /home/airflow/.local/lib/python3.7/site-packages/airflow/example_dags/example_branch_labels.py
[2022-10-03T01:47:11.915+0000] {logging_mixin.py:115} INFO - [2022-10-03T01:47:11.915+0000] {dag.py:2429} INFO - Sync 1 DAGs
[2022-10-03T01:47:12.041+0000] {logging_mixin.py:115} INFO - [2022-10-03T01:47:12.041+0000] {dag.py:2981} INFO - Setting next_dagrun for example_branch_labels to 2022-10-02T00:00:00+00:00, run_after=2022-10-03T00:00:00+00:00
[2022-10-03T01:47:12.055+0000] {processor.py:161} INFO - Processing /home/airflow/.local/lib/python3.7/site-packages/airflow/example_dags/example_branch_labels.py took 0.175 seconds
[2022-10-03T01:47:42.603+0000] {processor.py:153} INFO - Started process (PID=1993) to work on /home/airflow/.local/lib/python3.7/site-packages/airflow/example_dags/example_branch_labels.py
[2022-10-03T01:47:42.604+0000] {processor.py:640} INFO - Processing file /home/airflow/.local/lib/python3.7/site-packages/airflow/example_dags/example_branch_labels.py for tasks to queue
[2022-10-03T01:47:42.605+0000] {logging_mixin.py:115} INFO - [2022-10-03T01:47:42.605+0000] {dagbag.py:508} INFO - Filling up the DagBag from /home/airflow/.local/lib/python3.7/site-packages/airflow/example_dags/example_branch_labels.py
[2022-10-03T01:47:42.615+0000] {processor.py:650} INFO - DAG(s) dict_keys(['example_branch_labels']) retrieved from /home/airflow/.local/lib/python3.7/site-packages/airflow/example_dags/example_branch_labels.py
[2022-10-03T01:47:42.645+0000] {logging_mixin.py:115} INFO - [2022-10-03T01:47:42.645+0000] {dag.py:2429} INFO - Sync 1 DAGs
[2022-10-03T01:47:42.795+0000] {logging_mixin.py:115} INFO - [2022-10-03T01:47:42.795+0000] {dag.py:2981} INFO - Setting next_dagrun for example_branch_labels to 2022-10-02T00:00:00+00:00, run_after=2022-10-03T00:00:00+00:00
[2022-10-03T01:47:42.817+0000] {processor.py:161} INFO - Processing /home/airflow/.local/lib/python3.7/site-packages/airflow/example_dags/example_branch_labels.py took 0.218 seconds
[2022-10-03T01:48:13.398+0000] {processor.py:153} INFO - Started process (PID=2048) to work on /home/airflow/.local/lib/python3.7/site-packages/airflow/example_dags/example_branch_labels.py
[2022-10-03T01:48:13.398+0000] {processor.py:640} INFO - Processing file /home/airflow/.local/lib/python3.7/site-packages/airflow/example_dags/example_branch_labels.py for tasks to queue
[2022-10-03T01:48:13.400+0000] {logging_mixin.py:115} INFO - [2022-10-03T01:48:13.400+0000] {dagbag.py:508} INFO - Filling up the DagBag from /home/airflow/.local/lib/python3.7/site-packages/airflow/example_dags/example_branch_labels.py
[2022-10-03T01:48:13.406+0000] {processor.py:650} INFO - DAG(s) dict_keys(['example_branch_labels']) retrieved from /home/airflow/.local/lib/python3.7/site-packages/airflow/example_dags/example_branch_labels.py
[2022-10-03T01:48:13.433+0000] {logging_mixin.py:115} INFO - [2022-10-03T01:48:13.432+0000] {dag.py:2429} INFO - Sync 1 DAGs
[2022-10-03T01:48:13.558+0000] {logging_mixin.py:115} INFO - [2022-10-03T01:48:13.557+0000] {dag.py:2981} INFO - Setting next_dagrun for example_branch_labels to 2022-10-02T00:00:00+00:00, run_after=2022-10-03T00:00:00+00:00
[2022-10-03T01:48:13.571+0000] {processor.py:161} INFO - Processing /home/airflow/.local/lib/python3.7/site-packages/airflow/example_dags/example_branch_labels.py took 0.176 seconds
[2022-10-03T01:48:44.253+0000] {processor.py:153} INFO - Started process (PID=2110) to work on /home/airflow/.local/lib/python3.7/site-packages/airflow/example_dags/example_branch_labels.py
[2022-10-03T01:48:44.254+0000] {processor.py:640} INFO - Processing file /home/airflow/.local/lib/python3.7/site-packages/airflow/example_dags/example_branch_labels.py for tasks to queue
[2022-10-03T01:48:44.255+0000] {logging_mixin.py:115} INFO - [2022-10-03T01:48:44.254+0000] {dagbag.py:508} INFO - Filling up the DagBag from /home/airflow/.local/lib/python3.7/site-packages/airflow/example_dags/example_branch_labels.py
[2022-10-03T01:48:44.260+0000] {processor.py:650} INFO - DAG(s) dict_keys(['example_branch_labels']) retrieved from /home/airflow/.local/lib/python3.7/site-packages/airflow/example_dags/example_branch_labels.py
[2022-10-03T01:48:44.289+0000] {logging_mixin.py:115} INFO - [2022-10-03T01:48:44.289+0000] {dag.py:2429} INFO - Sync 1 DAGs
[2022-10-03T01:48:44.429+0000] {logging_mixin.py:115} INFO - [2022-10-03T01:48:44.429+0000] {dag.py:2981} INFO - Setting next_dagrun for example_branch_labels to 2022-10-02T00:00:00+00:00, run_after=2022-10-03T00:00:00+00:00
[2022-10-03T01:48:44.442+0000] {processor.py:161} INFO - Processing /home/airflow/.local/lib/python3.7/site-packages/airflow/example_dags/example_branch_labels.py took 0.192 seconds
[2022-10-03T01:49:15.008+0000] {processor.py:153} INFO - Started process (PID=2165) to work on /home/airflow/.local/lib/python3.7/site-packages/airflow/example_dags/example_branch_labels.py
[2022-10-03T01:49:15.009+0000] {processor.py:640} INFO - Processing file /home/airflow/.local/lib/python3.7/site-packages/airflow/example_dags/example_branch_labels.py for tasks to queue
[2022-10-03T01:49:15.010+0000] {logging_mixin.py:115} INFO - [2022-10-03T01:49:15.010+0000] {dagbag.py:508} INFO - Filling up the DagBag from /home/airflow/.local/lib/python3.7/site-packages/airflow/example_dags/example_branch_labels.py
[2022-10-03T01:49:15.016+0000] {processor.py:650} INFO - DAG(s) dict_keys(['example_branch_labels']) retrieved from /home/airflow/.local/lib/python3.7/site-packages/airflow/example_dags/example_branch_labels.py
[2022-10-03T01:49:15.047+0000] {logging_mixin.py:115} INFO - [2022-10-03T01:49:15.047+0000] {dag.py:2429} INFO - Sync 1 DAGs
[2022-10-03T01:49:15.179+0000] {logging_mixin.py:115} INFO - [2022-10-03T01:49:15.178+0000] {dag.py:2981} INFO - Setting next_dagrun for example_branch_labels to 2022-10-02T00:00:00+00:00, run_after=2022-10-03T00:00:00+00:00
[2022-10-03T01:49:15.193+0000] {processor.py:161} INFO - Processing /home/airflow/.local/lib/python3.7/site-packages/airflow/example_dags/example_branch_labels.py took 0.188 seconds
[2022-10-03T01:52:29.892+0000] {processor.py:153} INFO - Started process (PID=56) to work on /home/airflow/.local/lib/python3.7/site-packages/airflow/example_dags/example_branch_labels.py
[2022-10-03T01:52:29.894+0000] {processor.py:640} INFO - Processing file /home/airflow/.local/lib/python3.7/site-packages/airflow/example_dags/example_branch_labels.py for tasks to queue
[2022-10-03T01:52:29.896+0000] {logging_mixin.py:115} INFO - [2022-10-03T01:52:29.896+0000] {dagbag.py:508} INFO - Filling up the DagBag from /home/airflow/.local/lib/python3.7/site-packages/airflow/example_dags/example_branch_labels.py
[2022-10-03T01:52:29.911+0000] {processor.py:650} INFO - DAG(s) dict_keys(['example_branch_labels']) retrieved from /home/airflow/.local/lib/python3.7/site-packages/airflow/example_dags/example_branch_labels.py
[2022-10-03T01:52:29.947+0000] {logging_mixin.py:115} INFO - [2022-10-03T01:52:29.946+0000] {dag.py:2429} INFO - Sync 1 DAGs
[2022-10-03T01:52:30.241+0000] {logging_mixin.py:115} INFO - [2022-10-03T01:52:30.241+0000] {dag.py:2981} INFO - Setting next_dagrun for example_branch_labels to 2022-10-02T00:00:00+00:00, run_after=2022-10-03T00:00:00+00:00
[2022-10-03T01:52:30.274+0000] {processor.py:161} INFO - Processing /home/airflow/.local/lib/python3.7/site-packages/airflow/example_dags/example_branch_labels.py took 0.387 seconds
[2022-10-03T01:53:00.611+0000] {processor.py:153} INFO - Started process (PID=112) to work on /home/airflow/.local/lib/python3.7/site-packages/airflow/example_dags/example_branch_labels.py
[2022-10-03T01:53:00.611+0000] {processor.py:640} INFO - Processing file /home/airflow/.local/lib/python3.7/site-packages/airflow/example_dags/example_branch_labels.py for tasks to queue
[2022-10-03T01:53:00.612+0000] {logging_mixin.py:115} INFO - [2022-10-03T01:53:00.612+0000] {dagbag.py:508} INFO - Filling up the DagBag from /home/airflow/.local/lib/python3.7/site-packages/airflow/example_dags/example_branch_labels.py
[2022-10-03T01:53:00.618+0000] {processor.py:650} INFO - DAG(s) dict_keys(['example_branch_labels']) retrieved from /home/airflow/.local/lib/python3.7/site-packages/airflow/example_dags/example_branch_labels.py
[2022-10-03T01:53:00.645+0000] {logging_mixin.py:115} INFO - [2022-10-03T01:53:00.645+0000] {dag.py:2429} INFO - Sync 1 DAGs
[2022-10-03T01:53:00.770+0000] {logging_mixin.py:115} INFO - [2022-10-03T01:53:00.770+0000] {dag.py:2981} INFO - Setting next_dagrun for example_branch_labels to 2022-10-02T00:00:00+00:00, run_after=2022-10-03T00:00:00+00:00
[2022-10-03T01:53:00.784+0000] {processor.py:161} INFO - Processing /home/airflow/.local/lib/python3.7/site-packages/airflow/example_dags/example_branch_labels.py took 0.175 seconds
[2022-10-03T01:53:31.421+0000] {processor.py:153} INFO - Started process (PID=167) to work on /home/airflow/.local/lib/python3.7/site-packages/airflow/example_dags/example_branch_labels.py
[2022-10-03T01:53:31.422+0000] {processor.py:640} INFO - Processing file /home/airflow/.local/lib/python3.7/site-packages/airflow/example_dags/example_branch_labels.py for tasks to queue
[2022-10-03T01:53:31.423+0000] {logging_mixin.py:115} INFO - [2022-10-03T01:53:31.422+0000] {dagbag.py:508} INFO - Filling up the DagBag from /home/airflow/.local/lib/python3.7/site-packages/airflow/example_dags/example_branch_labels.py
[2022-10-03T01:53:31.431+0000] {processor.py:650} INFO - DAG(s) dict_keys(['example_branch_labels']) retrieved from /home/airflow/.local/lib/python3.7/site-packages/airflow/example_dags/example_branch_labels.py
[2022-10-03T01:53:31.459+0000] {logging_mixin.py:115} INFO - [2022-10-03T01:53:31.459+0000] {dag.py:2429} INFO - Sync 1 DAGs
[2022-10-03T01:53:31.605+0000] {logging_mixin.py:115} INFO - [2022-10-03T01:53:31.605+0000] {dag.py:2981} INFO - Setting next_dagrun for example_branch_labels to 2022-10-02T00:00:00+00:00, run_after=2022-10-03T00:00:00+00:00
[2022-10-03T01:53:31.617+0000] {processor.py:161} INFO - Processing /home/airflow/.local/lib/python3.7/site-packages/airflow/example_dags/example_branch_labels.py took 0.199 seconds
[2022-10-03T01:54:02.309+0000] {processor.py:153} INFO - Started process (PID=222) to work on /home/airflow/.local/lib/python3.7/site-packages/airflow/example_dags/example_branch_labels.py
[2022-10-03T01:54:02.310+0000] {processor.py:640} INFO - Processing file /home/airflow/.local/lib/python3.7/site-packages/airflow/example_dags/example_branch_labels.py for tasks to queue
[2022-10-03T01:54:02.311+0000] {logging_mixin.py:115} INFO - [2022-10-03T01:54:02.311+0000] {dagbag.py:508} INFO - Filling up the DagBag from /home/airflow/.local/lib/python3.7/site-packages/airflow/example_dags/example_branch_labels.py
[2022-10-03T01:54:02.317+0000] {processor.py:650} INFO - DAG(s) dict_keys(['example_branch_labels']) retrieved from /home/airflow/.local/lib/python3.7/site-packages/airflow/example_dags/example_branch_labels.py
[2022-10-03T01:54:02.345+0000] {logging_mixin.py:115} INFO - [2022-10-03T01:54:02.345+0000] {dag.py:2429} INFO - Sync 1 DAGs
[2022-10-03T01:54:02.485+0000] {logging_mixin.py:115} INFO - [2022-10-03T01:54:02.485+0000] {dag.py:2981} INFO - Setting next_dagrun for example_branch_labels to 2022-10-02T00:00:00+00:00, run_after=2022-10-03T00:00:00+00:00
[2022-10-03T01:54:02.499+0000] {processor.py:161} INFO - Processing /home/airflow/.local/lib/python3.7/site-packages/airflow/example_dags/example_branch_labels.py took 0.193 seconds
[2022-10-03T01:54:33.219+0000] {processor.py:153} INFO - Started process (PID=278) to work on /home/airflow/.local/lib/python3.7/site-packages/airflow/example_dags/example_branch_labels.py
[2022-10-03T01:54:33.220+0000] {processor.py:640} INFO - Processing file /home/airflow/.local/lib/python3.7/site-packages/airflow/example_dags/example_branch_labels.py for tasks to queue
[2022-10-03T01:54:33.222+0000] {logging_mixin.py:115} INFO - [2022-10-03T01:54:33.221+0000] {dagbag.py:508} INFO - Filling up the DagBag from /home/airflow/.local/lib/python3.7/site-packages/airflow/example_dags/example_branch_labels.py
[2022-10-03T01:54:33.228+0000] {processor.py:650} INFO - DAG(s) dict_keys(['example_branch_labels']) retrieved from /home/airflow/.local/lib/python3.7/site-packages/airflow/example_dags/example_branch_labels.py
[2022-10-03T01:54:33.255+0000] {logging_mixin.py:115} INFO - [2022-10-03T01:54:33.254+0000] {dag.py:2429} INFO - Sync 1 DAGs
[2022-10-03T01:54:33.434+0000] {logging_mixin.py:115} INFO - [2022-10-03T01:54:33.434+0000] {dag.py:2981} INFO - Setting next_dagrun for example_branch_labels to 2022-10-02T00:00:00+00:00, run_after=2022-10-03T00:00:00+00:00
[2022-10-03T01:54:33.448+0000] {processor.py:161} INFO - Processing /home/airflow/.local/lib/python3.7/site-packages/airflow/example_dags/example_branch_labels.py took 0.231 seconds
[2022-10-03T01:55:03.705+0000] {processor.py:153} INFO - Started process (PID=333) to work on /home/airflow/.local/lib/python3.7/site-packages/airflow/example_dags/example_branch_labels.py
[2022-10-03T01:55:03.705+0000] {processor.py:640} INFO - Processing file /home/airflow/.local/lib/python3.7/site-packages/airflow/example_dags/example_branch_labels.py for tasks to queue
[2022-10-03T01:55:03.706+0000] {logging_mixin.py:115} INFO - [2022-10-03T01:55:03.706+0000] {dagbag.py:508} INFO - Filling up the DagBag from /home/airflow/.local/lib/python3.7/site-packages/airflow/example_dags/example_branch_labels.py
[2022-10-03T01:55:03.712+0000] {processor.py:650} INFO - DAG(s) dict_keys(['example_branch_labels']) retrieved from /home/airflow/.local/lib/python3.7/site-packages/airflow/example_dags/example_branch_labels.py
[2022-10-03T01:55:03.739+0000] {logging_mixin.py:115} INFO - [2022-10-03T01:55:03.739+0000] {dag.py:2429} INFO - Sync 1 DAGs
[2022-10-03T01:55:03.863+0000] {logging_mixin.py:115} INFO - [2022-10-03T01:55:03.863+0000] {dag.py:2981} INFO - Setting next_dagrun for example_branch_labels to 2022-10-02T00:00:00+00:00, run_after=2022-10-03T00:00:00+00:00
[2022-10-03T01:55:03.877+0000] {processor.py:161} INFO - Processing /home/airflow/.local/lib/python3.7/site-packages/airflow/example_dags/example_branch_labels.py took 0.175 seconds
[2022-10-03T01:55:34.493+0000] {processor.py:153} INFO - Started process (PID=388) to work on /home/airflow/.local/lib/python3.7/site-packages/airflow/example_dags/example_branch_labels.py
[2022-10-03T01:55:34.494+0000] {processor.py:640} INFO - Processing file /home/airflow/.local/lib/python3.7/site-packages/airflow/example_dags/example_branch_labels.py for tasks to queue
[2022-10-03T01:55:34.494+0000] {logging_mixin.py:115} INFO - [2022-10-03T01:55:34.494+0000] {dagbag.py:508} INFO - Filling up the DagBag from /home/airflow/.local/lib/python3.7/site-packages/airflow/example_dags/example_branch_labels.py
[2022-10-03T01:55:34.501+0000] {processor.py:650} INFO - DAG(s) dict_keys(['example_branch_labels']) retrieved from /home/airflow/.local/lib/python3.7/site-packages/airflow/example_dags/example_branch_labels.py
[2022-10-03T01:55:34.525+0000] {logging_mixin.py:115} INFO - [2022-10-03T01:55:34.524+0000] {dag.py:2429} INFO - Sync 1 DAGs
[2022-10-03T01:55:34.644+0000] {logging_mixin.py:115} INFO - [2022-10-03T01:55:34.643+0000] {dag.py:2981} INFO - Setting next_dagrun for example_branch_labels to 2022-10-02T00:00:00+00:00, run_after=2022-10-03T00:00:00+00:00
[2022-10-03T01:55:34.664+0000] {processor.py:161} INFO - Processing /home/airflow/.local/lib/python3.7/site-packages/airflow/example_dags/example_branch_labels.py took 0.174 seconds
[2022-10-03T01:56:04.987+0000] {processor.py:153} INFO - Started process (PID=443) to work on /home/airflow/.local/lib/python3.7/site-packages/airflow/example_dags/example_branch_labels.py
[2022-10-03T01:56:04.988+0000] {processor.py:640} INFO - Processing file /home/airflow/.local/lib/python3.7/site-packages/airflow/example_dags/example_branch_labels.py for tasks to queue
[2022-10-03T01:56:04.989+0000] {logging_mixin.py:115} INFO - [2022-10-03T01:56:04.989+0000] {dagbag.py:508} INFO - Filling up the DagBag from /home/airflow/.local/lib/python3.7/site-packages/airflow/example_dags/example_branch_labels.py
[2022-10-03T01:56:04.996+0000] {processor.py:650} INFO - DAG(s) dict_keys(['example_branch_labels']) retrieved from /home/airflow/.local/lib/python3.7/site-packages/airflow/example_dags/example_branch_labels.py
[2022-10-03T01:56:05.022+0000] {logging_mixin.py:115} INFO - [2022-10-03T01:56:05.022+0000] {dag.py:2429} INFO - Sync 1 DAGs
[2022-10-03T01:56:05.145+0000] {logging_mixin.py:115} INFO - [2022-10-03T01:56:05.145+0000] {dag.py:2981} INFO - Setting next_dagrun for example_branch_labels to 2022-10-02T00:00:00+00:00, run_after=2022-10-03T00:00:00+00:00
[2022-10-03T01:56:05.158+0000] {processor.py:161} INFO - Processing /home/airflow/.local/lib/python3.7/site-packages/airflow/example_dags/example_branch_labels.py took 0.174 seconds
[2022-10-03T01:56:35.819+0000] {processor.py:153} INFO - Started process (PID=498) to work on /home/airflow/.local/lib/python3.7/site-packages/airflow/example_dags/example_branch_labels.py
[2022-10-03T01:56:35.820+0000] {processor.py:640} INFO - Processing file /home/airflow/.local/lib/python3.7/site-packages/airflow/example_dags/example_branch_labels.py for tasks to queue
[2022-10-03T01:56:35.821+0000] {logging_mixin.py:115} INFO - [2022-10-03T01:56:35.821+0000] {dagbag.py:508} INFO - Filling up the DagBag from /home/airflow/.local/lib/python3.7/site-packages/airflow/example_dags/example_branch_labels.py
[2022-10-03T01:56:35.827+0000] {processor.py:650} INFO - DAG(s) dict_keys(['example_branch_labels']) retrieved from /home/airflow/.local/lib/python3.7/site-packages/airflow/example_dags/example_branch_labels.py
[2022-10-03T01:56:35.854+0000] {logging_mixin.py:115} INFO - [2022-10-03T01:56:35.854+0000] {dag.py:2429} INFO - Sync 1 DAGs
[2022-10-03T01:56:35.992+0000] {logging_mixin.py:115} INFO - [2022-10-03T01:56:35.991+0000] {dag.py:2981} INFO - Setting next_dagrun for example_branch_labels to 2022-10-02T00:00:00+00:00, run_after=2022-10-03T00:00:00+00:00
[2022-10-03T01:56:36.004+0000] {processor.py:161} INFO - Processing /home/airflow/.local/lib/python3.7/site-packages/airflow/example_dags/example_branch_labels.py took 0.188 seconds
[2022-10-03T01:57:06.367+0000] {processor.py:153} INFO - Started process (PID=553) to work on /home/airflow/.local/lib/python3.7/site-packages/airflow/example_dags/example_branch_labels.py
[2022-10-03T01:57:06.368+0000] {processor.py:640} INFO - Processing file /home/airflow/.local/lib/python3.7/site-packages/airflow/example_dags/example_branch_labels.py for tasks to queue
[2022-10-03T01:57:06.369+0000] {logging_mixin.py:115} INFO - [2022-10-03T01:57:06.369+0000] {dagbag.py:508} INFO - Filling up the DagBag from /home/airflow/.local/lib/python3.7/site-packages/airflow/example_dags/example_branch_labels.py
[2022-10-03T01:57:06.375+0000] {processor.py:650} INFO - DAG(s) dict_keys(['example_branch_labels']) retrieved from /home/airflow/.local/lib/python3.7/site-packages/airflow/example_dags/example_branch_labels.py
[2022-10-03T01:57:06.404+0000] {logging_mixin.py:115} INFO - [2022-10-03T01:57:06.404+0000] {dag.py:2429} INFO - Sync 1 DAGs
[2022-10-03T01:57:06.560+0000] {logging_mixin.py:115} INFO - [2022-10-03T01:57:06.560+0000] {dag.py:2981} INFO - Setting next_dagrun for example_branch_labels to 2022-10-02T00:00:00+00:00, run_after=2022-10-03T00:00:00+00:00
[2022-10-03T01:57:06.573+0000] {processor.py:161} INFO - Processing /home/airflow/.local/lib/python3.7/site-packages/airflow/example_dags/example_branch_labels.py took 0.209 seconds
[2022-10-03T01:57:36.852+0000] {processor.py:153} INFO - Started process (PID=608) to work on /home/airflow/.local/lib/python3.7/site-packages/airflow/example_dags/example_branch_labels.py
[2022-10-03T01:57:36.853+0000] {processor.py:640} INFO - Processing file /home/airflow/.local/lib/python3.7/site-packages/airflow/example_dags/example_branch_labels.py for tasks to queue
[2022-10-03T01:57:36.854+0000] {logging_mixin.py:115} INFO - [2022-10-03T01:57:36.854+0000] {dagbag.py:508} INFO - Filling up the DagBag from /home/airflow/.local/lib/python3.7/site-packages/airflow/example_dags/example_branch_labels.py
[2022-10-03T01:57:36.860+0000] {processor.py:650} INFO - DAG(s) dict_keys(['example_branch_labels']) retrieved from /home/airflow/.local/lib/python3.7/site-packages/airflow/example_dags/example_branch_labels.py
[2022-10-03T01:57:36.894+0000] {logging_mixin.py:115} INFO - [2022-10-03T01:57:36.893+0000] {dag.py:2429} INFO - Sync 1 DAGs
[2022-10-03T01:57:37.025+0000] {logging_mixin.py:115} INFO - [2022-10-03T01:57:37.024+0000] {dag.py:2981} INFO - Setting next_dagrun for example_branch_labels to 2022-10-02T00:00:00+00:00, run_after=2022-10-03T00:00:00+00:00
[2022-10-03T01:57:37.039+0000] {processor.py:161} INFO - Processing /home/airflow/.local/lib/python3.7/site-packages/airflow/example_dags/example_branch_labels.py took 0.189 seconds
[2022-10-03T01:58:07.661+0000] {processor.py:153} INFO - Started process (PID=663) to work on /home/airflow/.local/lib/python3.7/site-packages/airflow/example_dags/example_branch_labels.py
[2022-10-03T01:58:07.662+0000] {processor.py:640} INFO - Processing file /home/airflow/.local/lib/python3.7/site-packages/airflow/example_dags/example_branch_labels.py for tasks to queue
[2022-10-03T01:58:07.663+0000] {logging_mixin.py:115} INFO - [2022-10-03T01:58:07.663+0000] {dagbag.py:508} INFO - Filling up the DagBag from /home/airflow/.local/lib/python3.7/site-packages/airflow/example_dags/example_branch_labels.py
[2022-10-03T01:58:07.670+0000] {processor.py:650} INFO - DAG(s) dict_keys(['example_branch_labels']) retrieved from /home/airflow/.local/lib/python3.7/site-packages/airflow/example_dags/example_branch_labels.py
[2022-10-03T01:58:07.693+0000] {logging_mixin.py:115} INFO - [2022-10-03T01:58:07.692+0000] {dag.py:2429} INFO - Sync 1 DAGs
[2022-10-03T01:58:07.836+0000] {logging_mixin.py:115} INFO - [2022-10-03T01:58:07.836+0000] {dag.py:2981} INFO - Setting next_dagrun for example_branch_labels to 2022-10-02T00:00:00+00:00, run_after=2022-10-03T00:00:00+00:00
[2022-10-03T01:58:07.850+0000] {processor.py:161} INFO - Processing /home/airflow/.local/lib/python3.7/site-packages/airflow/example_dags/example_branch_labels.py took 0.192 seconds
[2022-10-03T01:58:38.144+0000] {processor.py:153} INFO - Started process (PID=718) to work on /home/airflow/.local/lib/python3.7/site-packages/airflow/example_dags/example_branch_labels.py
[2022-10-03T01:58:38.144+0000] {processor.py:640} INFO - Processing file /home/airflow/.local/lib/python3.7/site-packages/airflow/example_dags/example_branch_labels.py for tasks to queue
[2022-10-03T01:58:38.145+0000] {logging_mixin.py:115} INFO - [2022-10-03T01:58:38.145+0000] {dagbag.py:508} INFO - Filling up the DagBag from /home/airflow/.local/lib/python3.7/site-packages/airflow/example_dags/example_branch_labels.py
[2022-10-03T01:58:38.151+0000] {processor.py:650} INFO - DAG(s) dict_keys(['example_branch_labels']) retrieved from /home/airflow/.local/lib/python3.7/site-packages/airflow/example_dags/example_branch_labels.py
[2022-10-03T01:58:38.173+0000] {logging_mixin.py:115} INFO - [2022-10-03T01:58:38.173+0000] {dag.py:2429} INFO - Sync 1 DAGs
[2022-10-03T01:58:38.292+0000] {logging_mixin.py:115} INFO - [2022-10-03T01:58:38.292+0000] {dag.py:2981} INFO - Setting next_dagrun for example_branch_labels to 2022-10-02T00:00:00+00:00, run_after=2022-10-03T00:00:00+00:00
[2022-10-03T01:58:38.305+0000] {processor.py:161} INFO - Processing /home/airflow/.local/lib/python3.7/site-packages/airflow/example_dags/example_branch_labels.py took 0.164 seconds
[2022-10-03T01:59:08.800+0000] {processor.py:153} INFO - Started process (PID=773) to work on /home/airflow/.local/lib/python3.7/site-packages/airflow/example_dags/example_branch_labels.py
[2022-10-03T01:59:08.801+0000] {processor.py:640} INFO - Processing file /home/airflow/.local/lib/python3.7/site-packages/airflow/example_dags/example_branch_labels.py for tasks to queue
[2022-10-03T01:59:08.802+0000] {logging_mixin.py:115} INFO - [2022-10-03T01:59:08.801+0000] {dagbag.py:508} INFO - Filling up the DagBag from /home/airflow/.local/lib/python3.7/site-packages/airflow/example_dags/example_branch_labels.py
[2022-10-03T01:59:08.807+0000] {processor.py:650} INFO - DAG(s) dict_keys(['example_branch_labels']) retrieved from /home/airflow/.local/lib/python3.7/site-packages/airflow/example_dags/example_branch_labels.py
[2022-10-03T01:59:08.834+0000] {logging_mixin.py:115} INFO - [2022-10-03T01:59:08.834+0000] {dag.py:2429} INFO - Sync 1 DAGs
[2022-10-03T01:59:08.959+0000] {logging_mixin.py:115} INFO - [2022-10-03T01:59:08.958+0000] {dag.py:2981} INFO - Setting next_dagrun for example_branch_labels to 2022-10-02T00:00:00+00:00, run_after=2022-10-03T00:00:00+00:00
[2022-10-03T01:59:08.973+0000] {processor.py:161} INFO - Processing /home/airflow/.local/lib/python3.7/site-packages/airflow/example_dags/example_branch_labels.py took 0.176 seconds
[2022-10-03T01:59:39.493+0000] {processor.py:153} INFO - Started process (PID=829) to work on /home/airflow/.local/lib/python3.7/site-packages/airflow/example_dags/example_branch_labels.py
[2022-10-03T01:59:39.494+0000] {processor.py:640} INFO - Processing file /home/airflow/.local/lib/python3.7/site-packages/airflow/example_dags/example_branch_labels.py for tasks to queue
[2022-10-03T01:59:39.495+0000] {logging_mixin.py:115} INFO - [2022-10-03T01:59:39.495+0000] {dagbag.py:508} INFO - Filling up the DagBag from /home/airflow/.local/lib/python3.7/site-packages/airflow/example_dags/example_branch_labels.py
[2022-10-03T01:59:39.501+0000] {processor.py:650} INFO - DAG(s) dict_keys(['example_branch_labels']) retrieved from /home/airflow/.local/lib/python3.7/site-packages/airflow/example_dags/example_branch_labels.py
[2022-10-03T01:59:39.522+0000] {logging_mixin.py:115} INFO - [2022-10-03T01:59:39.522+0000] {dag.py:2429} INFO - Sync 1 DAGs
[2022-10-03T01:59:39.641+0000] {logging_mixin.py:115} INFO - [2022-10-03T01:59:39.641+0000] {dag.py:2981} INFO - Setting next_dagrun for example_branch_labels to 2022-10-02T00:00:00+00:00, run_after=2022-10-03T00:00:00+00:00
[2022-10-03T01:59:39.654+0000] {processor.py:161} INFO - Processing /home/airflow/.local/lib/python3.7/site-packages/airflow/example_dags/example_branch_labels.py took 0.163 seconds
