[2022-10-03T01:29:51.527+0000] {processor.py:153} INFO - Started process (PID=81) to work on /home/airflow/.local/lib/python3.7/site-packages/airflow/example_dags/example_external_task_marker_dag.py
[2022-10-03T01:29:51.529+0000] {processor.py:640} INFO - Processing file /home/airflow/.local/lib/python3.7/site-packages/airflow/example_dags/example_external_task_marker_dag.py for tasks to queue
[2022-10-03T01:29:51.530+0000] {logging_mixin.py:115} INFO - [2022-10-03T01:29:51.530+0000] {dagbag.py:508} INFO - Filling up the DagBag from /home/airflow/.local/lib/python3.7/site-packages/airflow/example_dags/example_external_task_marker_dag.py
[2022-10-03T01:29:51.540+0000] {processor.py:650} INFO - DAG(s) dict_keys(['example_external_task_marker_parent', 'example_external_task_marker_child']) retrieved from /home/airflow/.local/lib/python3.7/site-packages/airflow/example_dags/example_external_task_marker_dag.py
[2022-10-03T01:29:51.781+0000] {logging_mixin.py:115} INFO - [2022-10-03T01:29:51.780+0000] {manager.py:508} INFO - Created Permission View: can edit on DAG:example_external_task_marker_parent
[2022-10-03T01:29:51.795+0000] {logging_mixin.py:115} INFO - [2022-10-03T01:29:51.795+0000] {manager.py:508} INFO - Created Permission View: can read on DAG:example_external_task_marker_parent
[2022-10-03T01:29:51.808+0000] {logging_mixin.py:115} INFO - [2022-10-03T01:29:51.808+0000] {manager.py:508} INFO - Created Permission View: can delete on DAG:example_external_task_marker_parent
[2022-10-03T01:29:52.097+0000] {logging_mixin.py:115} INFO - [2022-10-03T01:29:52.097+0000] {manager.py:508} INFO - Created Permission View: can edit on DAG:example_external_task_marker_child
[2022-10-03T01:29:52.111+0000] {logging_mixin.py:115} INFO - [2022-10-03T01:29:52.110+0000] {manager.py:508} INFO - Created Permission View: can read on DAG:example_external_task_marker_child
[2022-10-03T01:29:52.124+0000] {logging_mixin.py:115} INFO - [2022-10-03T01:29:52.123+0000] {manager.py:508} INFO - Created Permission View: can delete on DAG:example_external_task_marker_child
[2022-10-03T01:29:52.124+0000] {logging_mixin.py:115} INFO - [2022-10-03T01:29:52.124+0000] {dag.py:2429} INFO - Sync 2 DAGs
[2022-10-03T01:29:52.137+0000] {logging_mixin.py:115} INFO - [2022-10-03T01:29:52.137+0000] {dag.py:2448} INFO - Creating ORM DAG for example_external_task_marker_child
[2022-10-03T01:29:52.139+0000] {logging_mixin.py:115} INFO - [2022-10-03T01:29:52.139+0000] {dag.py:2448} INFO - Creating ORM DAG for example_external_task_marker_parent
[2022-10-03T01:29:52.169+0000] {logging_mixin.py:115} INFO - [2022-10-03T01:29:52.169+0000] {dag.py:2981} INFO - Setting next_dagrun for example_external_task_marker_child to None, run_after=None
[2022-10-03T01:29:52.170+0000] {logging_mixin.py:115} INFO - [2022-10-03T01:29:52.170+0000] {dag.py:2981} INFO - Setting next_dagrun for example_external_task_marker_parent to None, run_after=None
[2022-10-03T01:29:52.195+0000] {processor.py:161} INFO - Processing /home/airflow/.local/lib/python3.7/site-packages/airflow/example_dags/example_external_task_marker_dag.py took 0.672 seconds
[2022-10-03T01:30:22.640+0000] {processor.py:153} INFO - Started process (PID=136) to work on /home/airflow/.local/lib/python3.7/site-packages/airflow/example_dags/example_external_task_marker_dag.py
[2022-10-03T01:30:22.641+0000] {processor.py:640} INFO - Processing file /home/airflow/.local/lib/python3.7/site-packages/airflow/example_dags/example_external_task_marker_dag.py for tasks to queue
[2022-10-03T01:30:22.643+0000] {logging_mixin.py:115} INFO - [2022-10-03T01:30:22.642+0000] {dagbag.py:508} INFO - Filling up the DagBag from /home/airflow/.local/lib/python3.7/site-packages/airflow/example_dags/example_external_task_marker_dag.py
[2022-10-03T01:30:22.649+0000] {processor.py:650} INFO - DAG(s) dict_keys(['example_external_task_marker_parent', 'example_external_task_marker_child']) retrieved from /home/airflow/.local/lib/python3.7/site-packages/airflow/example_dags/example_external_task_marker_dag.py
[2022-10-03T01:30:22.945+0000] {logging_mixin.py:115} INFO - [2022-10-03T01:30:22.944+0000] {dag.py:2429} INFO - Sync 2 DAGs
[2022-10-03T01:30:22.964+0000] {logging_mixin.py:115} INFO - [2022-10-03T01:30:22.964+0000] {dag.py:2981} INFO - Setting next_dagrun for example_external_task_marker_child to None, run_after=None
[2022-10-03T01:30:22.965+0000] {logging_mixin.py:115} INFO - [2022-10-03T01:30:22.964+0000] {dag.py:2981} INFO - Setting next_dagrun for example_external_task_marker_parent to None, run_after=None
[2022-10-03T01:30:22.978+0000] {processor.py:161} INFO - Processing /home/airflow/.local/lib/python3.7/site-packages/airflow/example_dags/example_external_task_marker_dag.py took 0.340 seconds
[2022-10-03T01:30:53.317+0000] {processor.py:153} INFO - Started process (PID=191) to work on /home/airflow/.local/lib/python3.7/site-packages/airflow/example_dags/example_external_task_marker_dag.py
[2022-10-03T01:30:53.318+0000] {processor.py:640} INFO - Processing file /home/airflow/.local/lib/python3.7/site-packages/airflow/example_dags/example_external_task_marker_dag.py for tasks to queue
[2022-10-03T01:30:53.319+0000] {logging_mixin.py:115} INFO - [2022-10-03T01:30:53.319+0000] {dagbag.py:508} INFO - Filling up the DagBag from /home/airflow/.local/lib/python3.7/site-packages/airflow/example_dags/example_external_task_marker_dag.py
[2022-10-03T01:30:53.323+0000] {processor.py:650} INFO - DAG(s) dict_keys(['example_external_task_marker_parent', 'example_external_task_marker_child']) retrieved from /home/airflow/.local/lib/python3.7/site-packages/airflow/example_dags/example_external_task_marker_dag.py
[2022-10-03T01:30:53.591+0000] {logging_mixin.py:115} INFO - [2022-10-03T01:30:53.591+0000] {dag.py:2429} INFO - Sync 2 DAGs
[2022-10-03T01:30:53.609+0000] {logging_mixin.py:115} INFO - [2022-10-03T01:30:53.609+0000] {dag.py:2981} INFO - Setting next_dagrun for example_external_task_marker_child to None, run_after=None
[2022-10-03T01:30:53.609+0000] {logging_mixin.py:115} INFO - [2022-10-03T01:30:53.609+0000] {dag.py:2981} INFO - Setting next_dagrun for example_external_task_marker_parent to None, run_after=None
[2022-10-03T01:30:53.621+0000] {processor.py:161} INFO - Processing /home/airflow/.local/lib/python3.7/site-packages/airflow/example_dags/example_external_task_marker_dag.py took 0.307 seconds
[2022-10-03T01:31:24.092+0000] {processor.py:153} INFO - Started process (PID=246) to work on /home/airflow/.local/lib/python3.7/site-packages/airflow/example_dags/example_external_task_marker_dag.py
[2022-10-03T01:31:24.093+0000] {processor.py:640} INFO - Processing file /home/airflow/.local/lib/python3.7/site-packages/airflow/example_dags/example_external_task_marker_dag.py for tasks to queue
[2022-10-03T01:31:24.094+0000] {logging_mixin.py:115} INFO - [2022-10-03T01:31:24.094+0000] {dagbag.py:508} INFO - Filling up the DagBag from /home/airflow/.local/lib/python3.7/site-packages/airflow/example_dags/example_external_task_marker_dag.py
[2022-10-03T01:31:24.098+0000] {processor.py:650} INFO - DAG(s) dict_keys(['example_external_task_marker_parent', 'example_external_task_marker_child']) retrieved from /home/airflow/.local/lib/python3.7/site-packages/airflow/example_dags/example_external_task_marker_dag.py
[2022-10-03T01:31:24.384+0000] {logging_mixin.py:115} INFO - [2022-10-03T01:31:24.384+0000] {dag.py:2429} INFO - Sync 2 DAGs
[2022-10-03T01:31:24.405+0000] {logging_mixin.py:115} INFO - [2022-10-03T01:31:24.405+0000] {dag.py:2981} INFO - Setting next_dagrun for example_external_task_marker_child to None, run_after=None
[2022-10-03T01:31:24.406+0000] {logging_mixin.py:115} INFO - [2022-10-03T01:31:24.406+0000] {dag.py:2981} INFO - Setting next_dagrun for example_external_task_marker_parent to None, run_after=None
[2022-10-03T01:31:24.418+0000] {processor.py:161} INFO - Processing /home/airflow/.local/lib/python3.7/site-packages/airflow/example_dags/example_external_task_marker_dag.py took 0.329 seconds
[2022-10-03T01:31:54.778+0000] {processor.py:153} INFO - Started process (PID=302) to work on /home/airflow/.local/lib/python3.7/site-packages/airflow/example_dags/example_external_task_marker_dag.py
[2022-10-03T01:31:54.779+0000] {processor.py:640} INFO - Processing file /home/airflow/.local/lib/python3.7/site-packages/airflow/example_dags/example_external_task_marker_dag.py for tasks to queue
[2022-10-03T01:31:54.780+0000] {logging_mixin.py:115} INFO - [2022-10-03T01:31:54.780+0000] {dagbag.py:508} INFO - Filling up the DagBag from /home/airflow/.local/lib/python3.7/site-packages/airflow/example_dags/example_external_task_marker_dag.py
[2022-10-03T01:31:54.785+0000] {processor.py:650} INFO - DAG(s) dict_keys(['example_external_task_marker_parent', 'example_external_task_marker_child']) retrieved from /home/airflow/.local/lib/python3.7/site-packages/airflow/example_dags/example_external_task_marker_dag.py
[2022-10-03T01:31:55.046+0000] {logging_mixin.py:115} INFO - [2022-10-03T01:31:55.046+0000] {dag.py:2429} INFO - Sync 2 DAGs
[2022-10-03T01:31:55.066+0000] {logging_mixin.py:115} INFO - [2022-10-03T01:31:55.066+0000] {dag.py:2981} INFO - Setting next_dagrun for example_external_task_marker_child to None, run_after=None
[2022-10-03T01:31:55.067+0000] {logging_mixin.py:115} INFO - [2022-10-03T01:31:55.066+0000] {dag.py:2981} INFO - Setting next_dagrun for example_external_task_marker_parent to None, run_after=None
[2022-10-03T01:31:55.081+0000] {processor.py:161} INFO - Processing /home/airflow/.local/lib/python3.7/site-packages/airflow/example_dags/example_external_task_marker_dag.py took 0.305 seconds
[2022-10-03T01:32:25.617+0000] {processor.py:153} INFO - Started process (PID=357) to work on /home/airflow/.local/lib/python3.7/site-packages/airflow/example_dags/example_external_task_marker_dag.py
[2022-10-03T01:32:25.617+0000] {processor.py:640} INFO - Processing file /home/airflow/.local/lib/python3.7/site-packages/airflow/example_dags/example_external_task_marker_dag.py for tasks to queue
[2022-10-03T01:32:25.618+0000] {logging_mixin.py:115} INFO - [2022-10-03T01:32:25.618+0000] {dagbag.py:508} INFO - Filling up the DagBag from /home/airflow/.local/lib/python3.7/site-packages/airflow/example_dags/example_external_task_marker_dag.py
[2022-10-03T01:32:25.623+0000] {processor.py:650} INFO - DAG(s) dict_keys(['example_external_task_marker_parent', 'example_external_task_marker_child']) retrieved from /home/airflow/.local/lib/python3.7/site-packages/airflow/example_dags/example_external_task_marker_dag.py
[2022-10-03T01:32:25.901+0000] {logging_mixin.py:115} INFO - [2022-10-03T01:32:25.900+0000] {dag.py:2429} INFO - Sync 2 DAGs
[2022-10-03T01:32:25.922+0000] {logging_mixin.py:115} INFO - [2022-10-03T01:32:25.922+0000] {dag.py:2981} INFO - Setting next_dagrun for example_external_task_marker_child to None, run_after=None
[2022-10-03T01:32:25.922+0000] {logging_mixin.py:115} INFO - [2022-10-03T01:32:25.922+0000] {dag.py:2981} INFO - Setting next_dagrun for example_external_task_marker_parent to None, run_after=None
[2022-10-03T01:32:25.940+0000] {processor.py:161} INFO - Processing /home/airflow/.local/lib/python3.7/site-packages/airflow/example_dags/example_external_task_marker_dag.py took 0.326 seconds
[2022-10-03T01:32:56.428+0000] {processor.py:153} INFO - Started process (PID=412) to work on /home/airflow/.local/lib/python3.7/site-packages/airflow/example_dags/example_external_task_marker_dag.py
[2022-10-03T01:32:56.429+0000] {processor.py:640} INFO - Processing file /home/airflow/.local/lib/python3.7/site-packages/airflow/example_dags/example_external_task_marker_dag.py for tasks to queue
[2022-10-03T01:32:56.430+0000] {logging_mixin.py:115} INFO - [2022-10-03T01:32:56.430+0000] {dagbag.py:508} INFO - Filling up the DagBag from /home/airflow/.local/lib/python3.7/site-packages/airflow/example_dags/example_external_task_marker_dag.py
[2022-10-03T01:32:56.439+0000] {processor.py:650} INFO - DAG(s) dict_keys(['example_external_task_marker_parent', 'example_external_task_marker_child']) retrieved from /home/airflow/.local/lib/python3.7/site-packages/airflow/example_dags/example_external_task_marker_dag.py
[2022-10-03T01:32:56.727+0000] {logging_mixin.py:115} INFO - [2022-10-03T01:32:56.727+0000] {dag.py:2429} INFO - Sync 2 DAGs
[2022-10-03T01:32:56.746+0000] {logging_mixin.py:115} INFO - [2022-10-03T01:32:56.745+0000] {dag.py:2981} INFO - Setting next_dagrun for example_external_task_marker_child to None, run_after=None
[2022-10-03T01:32:56.746+0000] {logging_mixin.py:115} INFO - [2022-10-03T01:32:56.746+0000] {dag.py:2981} INFO - Setting next_dagrun for example_external_task_marker_parent to None, run_after=None
[2022-10-03T01:32:56.760+0000] {processor.py:161} INFO - Processing /home/airflow/.local/lib/python3.7/site-packages/airflow/example_dags/example_external_task_marker_dag.py took 0.336 seconds
[2022-10-03T01:33:27.159+0000] {processor.py:153} INFO - Started process (PID=467) to work on /home/airflow/.local/lib/python3.7/site-packages/airflow/example_dags/example_external_task_marker_dag.py
[2022-10-03T01:33:27.160+0000] {processor.py:640} INFO - Processing file /home/airflow/.local/lib/python3.7/site-packages/airflow/example_dags/example_external_task_marker_dag.py for tasks to queue
[2022-10-03T01:33:27.161+0000] {logging_mixin.py:115} INFO - [2022-10-03T01:33:27.161+0000] {dagbag.py:508} INFO - Filling up the DagBag from /home/airflow/.local/lib/python3.7/site-packages/airflow/example_dags/example_external_task_marker_dag.py
[2022-10-03T01:33:27.165+0000] {processor.py:650} INFO - DAG(s) dict_keys(['example_external_task_marker_parent', 'example_external_task_marker_child']) retrieved from /home/airflow/.local/lib/python3.7/site-packages/airflow/example_dags/example_external_task_marker_dag.py
[2022-10-03T01:33:27.463+0000] {logging_mixin.py:115} INFO - [2022-10-03T01:33:27.462+0000] {dag.py:2429} INFO - Sync 2 DAGs
[2022-10-03T01:33:27.491+0000] {logging_mixin.py:115} INFO - [2022-10-03T01:33:27.491+0000] {dag.py:2981} INFO - Setting next_dagrun for example_external_task_marker_child to None, run_after=None
[2022-10-03T01:33:27.492+0000] {logging_mixin.py:115} INFO - [2022-10-03T01:33:27.492+0000] {dag.py:2981} INFO - Setting next_dagrun for example_external_task_marker_parent to None, run_after=None
[2022-10-03T01:33:27.507+0000] {processor.py:161} INFO - Processing /home/airflow/.local/lib/python3.7/site-packages/airflow/example_dags/example_external_task_marker_dag.py took 0.351 seconds
[2022-10-03T01:33:57.968+0000] {processor.py:153} INFO - Started process (PID=522) to work on /home/airflow/.local/lib/python3.7/site-packages/airflow/example_dags/example_external_task_marker_dag.py
[2022-10-03T01:33:57.968+0000] {processor.py:640} INFO - Processing file /home/airflow/.local/lib/python3.7/site-packages/airflow/example_dags/example_external_task_marker_dag.py for tasks to queue
[2022-10-03T01:33:57.969+0000] {logging_mixin.py:115} INFO - [2022-10-03T01:33:57.969+0000] {dagbag.py:508} INFO - Filling up the DagBag from /home/airflow/.local/lib/python3.7/site-packages/airflow/example_dags/example_external_task_marker_dag.py
[2022-10-03T01:33:57.973+0000] {processor.py:650} INFO - DAG(s) dict_keys(['example_external_task_marker_parent', 'example_external_task_marker_child']) retrieved from /home/airflow/.local/lib/python3.7/site-packages/airflow/example_dags/example_external_task_marker_dag.py
[2022-10-03T01:33:58.255+0000] {logging_mixin.py:115} INFO - [2022-10-03T01:33:58.255+0000] {dag.py:2429} INFO - Sync 2 DAGs
[2022-10-03T01:33:58.274+0000] {logging_mixin.py:115} INFO - [2022-10-03T01:33:58.274+0000] {dag.py:2981} INFO - Setting next_dagrun for example_external_task_marker_child to None, run_after=None
[2022-10-03T01:33:58.275+0000] {logging_mixin.py:115} INFO - [2022-10-03T01:33:58.275+0000] {dag.py:2981} INFO - Setting next_dagrun for example_external_task_marker_parent to None, run_after=None
[2022-10-03T01:33:58.288+0000] {processor.py:161} INFO - Processing /home/airflow/.local/lib/python3.7/site-packages/airflow/example_dags/example_external_task_marker_dag.py took 0.323 seconds
[2022-10-03T01:34:28.672+0000] {processor.py:153} INFO - Started process (PID=584) to work on /home/airflow/.local/lib/python3.7/site-packages/airflow/example_dags/example_external_task_marker_dag.py
[2022-10-03T01:34:28.673+0000] {processor.py:640} INFO - Processing file /home/airflow/.local/lib/python3.7/site-packages/airflow/example_dags/example_external_task_marker_dag.py for tasks to queue
[2022-10-03T01:34:28.673+0000] {logging_mixin.py:115} INFO - [2022-10-03T01:34:28.673+0000] {dagbag.py:508} INFO - Filling up the DagBag from /home/airflow/.local/lib/python3.7/site-packages/airflow/example_dags/example_external_task_marker_dag.py
[2022-10-03T01:34:28.677+0000] {processor.py:650} INFO - DAG(s) dict_keys(['example_external_task_marker_parent', 'example_external_task_marker_child']) retrieved from /home/airflow/.local/lib/python3.7/site-packages/airflow/example_dags/example_external_task_marker_dag.py
[2022-10-03T01:34:28.944+0000] {logging_mixin.py:115} INFO - [2022-10-03T01:34:28.943+0000] {dag.py:2429} INFO - Sync 2 DAGs
[2022-10-03T01:34:28.966+0000] {logging_mixin.py:115} INFO - [2022-10-03T01:34:28.965+0000] {dag.py:2981} INFO - Setting next_dagrun for example_external_task_marker_child to None, run_after=None
[2022-10-03T01:34:28.966+0000] {logging_mixin.py:115} INFO - [2022-10-03T01:34:28.966+0000] {dag.py:2981} INFO - Setting next_dagrun for example_external_task_marker_parent to None, run_after=None
[2022-10-03T01:34:28.979+0000] {processor.py:161} INFO - Processing /home/airflow/.local/lib/python3.7/site-packages/airflow/example_dags/example_external_task_marker_dag.py took 0.310 seconds
[2022-10-03T01:34:59.380+0000] {processor.py:153} INFO - Started process (PID=639) to work on /home/airflow/.local/lib/python3.7/site-packages/airflow/example_dags/example_external_task_marker_dag.py
[2022-10-03T01:34:59.381+0000] {processor.py:640} INFO - Processing file /home/airflow/.local/lib/python3.7/site-packages/airflow/example_dags/example_external_task_marker_dag.py for tasks to queue
[2022-10-03T01:34:59.382+0000] {logging_mixin.py:115} INFO - [2022-10-03T01:34:59.382+0000] {dagbag.py:508} INFO - Filling up the DagBag from /home/airflow/.local/lib/python3.7/site-packages/airflow/example_dags/example_external_task_marker_dag.py
[2022-10-03T01:34:59.386+0000] {processor.py:650} INFO - DAG(s) dict_keys(['example_external_task_marker_parent', 'example_external_task_marker_child']) retrieved from /home/airflow/.local/lib/python3.7/site-packages/airflow/example_dags/example_external_task_marker_dag.py
[2022-10-03T01:34:59.642+0000] {logging_mixin.py:115} INFO - [2022-10-03T01:34:59.641+0000] {dag.py:2429} INFO - Sync 2 DAGs
[2022-10-03T01:34:59.661+0000] {logging_mixin.py:115} INFO - [2022-10-03T01:34:59.661+0000] {dag.py:2981} INFO - Setting next_dagrun for example_external_task_marker_child to None, run_after=None
[2022-10-03T01:34:59.661+0000] {logging_mixin.py:115} INFO - [2022-10-03T01:34:59.661+0000] {dag.py:2981} INFO - Setting next_dagrun for example_external_task_marker_parent to None, run_after=None
[2022-10-03T01:34:59.682+0000] {processor.py:161} INFO - Processing /home/airflow/.local/lib/python3.7/site-packages/airflow/example_dags/example_external_task_marker_dag.py took 0.304 seconds
[2022-10-03T01:35:30.335+0000] {processor.py:153} INFO - Started process (PID=694) to work on /home/airflow/.local/lib/python3.7/site-packages/airflow/example_dags/example_external_task_marker_dag.py
[2022-10-03T01:35:30.336+0000] {processor.py:640} INFO - Processing file /home/airflow/.local/lib/python3.7/site-packages/airflow/example_dags/example_external_task_marker_dag.py for tasks to queue
[2022-10-03T01:35:30.336+0000] {logging_mixin.py:115} INFO - [2022-10-03T01:35:30.336+0000] {dagbag.py:508} INFO - Filling up the DagBag from /home/airflow/.local/lib/python3.7/site-packages/airflow/example_dags/example_external_task_marker_dag.py
[2022-10-03T01:35:30.339+0000] {processor.py:650} INFO - DAG(s) dict_keys(['example_external_task_marker_parent', 'example_external_task_marker_child']) retrieved from /home/airflow/.local/lib/python3.7/site-packages/airflow/example_dags/example_external_task_marker_dag.py
[2022-10-03T01:35:30.607+0000] {logging_mixin.py:115} INFO - [2022-10-03T01:35:30.607+0000] {dag.py:2429} INFO - Sync 2 DAGs
[2022-10-03T01:35:30.627+0000] {logging_mixin.py:115} INFO - [2022-10-03T01:35:30.627+0000] {dag.py:2981} INFO - Setting next_dagrun for example_external_task_marker_child to None, run_after=None
[2022-10-03T01:35:30.628+0000] {logging_mixin.py:115} INFO - [2022-10-03T01:35:30.628+0000] {dag.py:2981} INFO - Setting next_dagrun for example_external_task_marker_parent to None, run_after=None
[2022-10-03T01:35:30.641+0000] {processor.py:161} INFO - Processing /home/airflow/.local/lib/python3.7/site-packages/airflow/example_dags/example_external_task_marker_dag.py took 0.309 seconds
[2022-10-03T01:36:01.029+0000] {processor.py:153} INFO - Started process (PID=749) to work on /home/airflow/.local/lib/python3.7/site-packages/airflow/example_dags/example_external_task_marker_dag.py
[2022-10-03T01:36:01.029+0000] {processor.py:640} INFO - Processing file /home/airflow/.local/lib/python3.7/site-packages/airflow/example_dags/example_external_task_marker_dag.py for tasks to queue
[2022-10-03T01:36:01.030+0000] {logging_mixin.py:115} INFO - [2022-10-03T01:36:01.030+0000] {dagbag.py:508} INFO - Filling up the DagBag from /home/airflow/.local/lib/python3.7/site-packages/airflow/example_dags/example_external_task_marker_dag.py
[2022-10-03T01:36:01.033+0000] {processor.py:650} INFO - DAG(s) dict_keys(['example_external_task_marker_parent', 'example_external_task_marker_child']) retrieved from /home/airflow/.local/lib/python3.7/site-packages/airflow/example_dags/example_external_task_marker_dag.py
[2022-10-03T01:36:01.291+0000] {logging_mixin.py:115} INFO - [2022-10-03T01:36:01.291+0000] {dag.py:2429} INFO - Sync 2 DAGs
[2022-10-03T01:36:01.310+0000] {logging_mixin.py:115} INFO - [2022-10-03T01:36:01.310+0000] {dag.py:2981} INFO - Setting next_dagrun for example_external_task_marker_child to None, run_after=None
[2022-10-03T01:36:01.311+0000] {logging_mixin.py:115} INFO - [2022-10-03T01:36:01.311+0000] {dag.py:2981} INFO - Setting next_dagrun for example_external_task_marker_parent to None, run_after=None
[2022-10-03T01:36:01.324+0000] {processor.py:161} INFO - Processing /home/airflow/.local/lib/python3.7/site-packages/airflow/example_dags/example_external_task_marker_dag.py took 0.298 seconds
[2022-10-03T01:36:31.697+0000] {processor.py:153} INFO - Started process (PID=804) to work on /home/airflow/.local/lib/python3.7/site-packages/airflow/example_dags/example_external_task_marker_dag.py
[2022-10-03T01:36:31.698+0000] {processor.py:640} INFO - Processing file /home/airflow/.local/lib/python3.7/site-packages/airflow/example_dags/example_external_task_marker_dag.py for tasks to queue
[2022-10-03T01:36:31.699+0000] {logging_mixin.py:115} INFO - [2022-10-03T01:36:31.698+0000] {dagbag.py:508} INFO - Filling up the DagBag from /home/airflow/.local/lib/python3.7/site-packages/airflow/example_dags/example_external_task_marker_dag.py
[2022-10-03T01:36:31.702+0000] {processor.py:650} INFO - DAG(s) dict_keys(['example_external_task_marker_parent', 'example_external_task_marker_child']) retrieved from /home/airflow/.local/lib/python3.7/site-packages/airflow/example_dags/example_external_task_marker_dag.py
[2022-10-03T01:36:31.959+0000] {logging_mixin.py:115} INFO - [2022-10-03T01:36:31.959+0000] {dag.py:2429} INFO - Sync 2 DAGs
[2022-10-03T01:36:31.978+0000] {logging_mixin.py:115} INFO - [2022-10-03T01:36:31.978+0000] {dag.py:2981} INFO - Setting next_dagrun for example_external_task_marker_child to None, run_after=None
[2022-10-03T01:36:31.979+0000] {logging_mixin.py:115} INFO - [2022-10-03T01:36:31.979+0000] {dag.py:2981} INFO - Setting next_dagrun for example_external_task_marker_parent to None, run_after=None
[2022-10-03T01:36:31.999+0000] {processor.py:161} INFO - Processing /home/airflow/.local/lib/python3.7/site-packages/airflow/example_dags/example_external_task_marker_dag.py took 0.305 seconds
[2022-10-03T01:37:02.399+0000] {processor.py:153} INFO - Started process (PID=859) to work on /home/airflow/.local/lib/python3.7/site-packages/airflow/example_dags/example_external_task_marker_dag.py
[2022-10-03T01:37:02.400+0000] {processor.py:640} INFO - Processing file /home/airflow/.local/lib/python3.7/site-packages/airflow/example_dags/example_external_task_marker_dag.py for tasks to queue
[2022-10-03T01:37:02.401+0000] {logging_mixin.py:115} INFO - [2022-10-03T01:37:02.400+0000] {dagbag.py:508} INFO - Filling up the DagBag from /home/airflow/.local/lib/python3.7/site-packages/airflow/example_dags/example_external_task_marker_dag.py
[2022-10-03T01:37:02.406+0000] {processor.py:650} INFO - DAG(s) dict_keys(['example_external_task_marker_parent', 'example_external_task_marker_child']) retrieved from /home/airflow/.local/lib/python3.7/site-packages/airflow/example_dags/example_external_task_marker_dag.py
[2022-10-03T01:37:02.708+0000] {logging_mixin.py:115} INFO - [2022-10-03T01:37:02.708+0000] {dag.py:2429} INFO - Sync 2 DAGs
[2022-10-03T01:37:02.730+0000] {logging_mixin.py:115} INFO - [2022-10-03T01:37:02.730+0000] {dag.py:2981} INFO - Setting next_dagrun for example_external_task_marker_child to None, run_after=None
[2022-10-03T01:37:02.731+0000] {logging_mixin.py:115} INFO - [2022-10-03T01:37:02.731+0000] {dag.py:2981} INFO - Setting next_dagrun for example_external_task_marker_parent to None, run_after=None
[2022-10-03T01:37:02.746+0000] {processor.py:161} INFO - Processing /home/airflow/.local/lib/python3.7/site-packages/airflow/example_dags/example_external_task_marker_dag.py took 0.350 seconds
[2022-10-03T01:37:33.209+0000] {processor.py:153} INFO - Started process (PID=917) to work on /home/airflow/.local/lib/python3.7/site-packages/airflow/example_dags/example_external_task_marker_dag.py
[2022-10-03T01:37:33.210+0000] {processor.py:640} INFO - Processing file /home/airflow/.local/lib/python3.7/site-packages/airflow/example_dags/example_external_task_marker_dag.py for tasks to queue
[2022-10-03T01:37:33.211+0000] {logging_mixin.py:115} INFO - [2022-10-03T01:37:33.211+0000] {dagbag.py:508} INFO - Filling up the DagBag from /home/airflow/.local/lib/python3.7/site-packages/airflow/example_dags/example_external_task_marker_dag.py
[2022-10-03T01:37:33.214+0000] {processor.py:650} INFO - DAG(s) dict_keys(['example_external_task_marker_parent', 'example_external_task_marker_child']) retrieved from /home/airflow/.local/lib/python3.7/site-packages/airflow/example_dags/example_external_task_marker_dag.py
[2022-10-03T01:37:33.476+0000] {logging_mixin.py:115} INFO - [2022-10-03T01:37:33.475+0000] {dag.py:2429} INFO - Sync 2 DAGs
[2022-10-03T01:37:33.495+0000] {logging_mixin.py:115} INFO - [2022-10-03T01:37:33.494+0000] {dag.py:2981} INFO - Setting next_dagrun for example_external_task_marker_child to None, run_after=None
[2022-10-03T01:37:33.495+0000] {logging_mixin.py:115} INFO - [2022-10-03T01:37:33.495+0000] {dag.py:2981} INFO - Setting next_dagrun for example_external_task_marker_parent to None, run_after=None
[2022-10-03T01:37:33.515+0000] {processor.py:161} INFO - Processing /home/airflow/.local/lib/python3.7/site-packages/airflow/example_dags/example_external_task_marker_dag.py took 0.309 seconds
[2022-10-03T01:38:03.881+0000] {processor.py:153} INFO - Started process (PID=972) to work on /home/airflow/.local/lib/python3.7/site-packages/airflow/example_dags/example_external_task_marker_dag.py
[2022-10-03T01:38:03.882+0000] {processor.py:640} INFO - Processing file /home/airflow/.local/lib/python3.7/site-packages/airflow/example_dags/example_external_task_marker_dag.py for tasks to queue
[2022-10-03T01:38:03.882+0000] {logging_mixin.py:115} INFO - [2022-10-03T01:38:03.882+0000] {dagbag.py:508} INFO - Filling up the DagBag from /home/airflow/.local/lib/python3.7/site-packages/airflow/example_dags/example_external_task_marker_dag.py
[2022-10-03T01:38:03.887+0000] {processor.py:650} INFO - DAG(s) dict_keys(['example_external_task_marker_parent', 'example_external_task_marker_child']) retrieved from /home/airflow/.local/lib/python3.7/site-packages/airflow/example_dags/example_external_task_marker_dag.py
[2022-10-03T01:38:04.161+0000] {logging_mixin.py:115} INFO - [2022-10-03T01:38:04.161+0000] {dag.py:2429} INFO - Sync 2 DAGs
[2022-10-03T01:38:04.180+0000] {logging_mixin.py:115} INFO - [2022-10-03T01:38:04.180+0000] {dag.py:2981} INFO - Setting next_dagrun for example_external_task_marker_child to None, run_after=None
[2022-10-03T01:38:04.181+0000] {logging_mixin.py:115} INFO - [2022-10-03T01:38:04.181+0000] {dag.py:2981} INFO - Setting next_dagrun for example_external_task_marker_parent to None, run_after=None
[2022-10-03T01:38:04.194+0000] {processor.py:161} INFO - Processing /home/airflow/.local/lib/python3.7/site-packages/airflow/example_dags/example_external_task_marker_dag.py took 0.316 seconds
[2022-10-03T01:38:34.581+0000] {processor.py:153} INFO - Started process (PID=1027) to work on /home/airflow/.local/lib/python3.7/site-packages/airflow/example_dags/example_external_task_marker_dag.py
[2022-10-03T01:38:34.581+0000] {processor.py:640} INFO - Processing file /home/airflow/.local/lib/python3.7/site-packages/airflow/example_dags/example_external_task_marker_dag.py for tasks to queue
[2022-10-03T01:38:34.582+0000] {logging_mixin.py:115} INFO - [2022-10-03T01:38:34.582+0000] {dagbag.py:508} INFO - Filling up the DagBag from /home/airflow/.local/lib/python3.7/site-packages/airflow/example_dags/example_external_task_marker_dag.py
[2022-10-03T01:38:34.586+0000] {processor.py:650} INFO - DAG(s) dict_keys(['example_external_task_marker_parent', 'example_external_task_marker_child']) retrieved from /home/airflow/.local/lib/python3.7/site-packages/airflow/example_dags/example_external_task_marker_dag.py
[2022-10-03T01:38:34.852+0000] {logging_mixin.py:115} INFO - [2022-10-03T01:38:34.852+0000] {dag.py:2429} INFO - Sync 2 DAGs
[2022-10-03T01:38:34.872+0000] {logging_mixin.py:115} INFO - [2022-10-03T01:38:34.872+0000] {dag.py:2981} INFO - Setting next_dagrun for example_external_task_marker_child to None, run_after=None
[2022-10-03T01:38:34.873+0000] {logging_mixin.py:115} INFO - [2022-10-03T01:38:34.873+0000] {dag.py:2981} INFO - Setting next_dagrun for example_external_task_marker_parent to None, run_after=None
[2022-10-03T01:38:34.887+0000] {processor.py:161} INFO - Processing /home/airflow/.local/lib/python3.7/site-packages/airflow/example_dags/example_external_task_marker_dag.py took 0.309 seconds
[2022-10-03T01:39:05.338+0000] {processor.py:153} INFO - Started process (PID=1082) to work on /home/airflow/.local/lib/python3.7/site-packages/airflow/example_dags/example_external_task_marker_dag.py
[2022-10-03T01:39:05.339+0000] {processor.py:640} INFO - Processing file /home/airflow/.local/lib/python3.7/site-packages/airflow/example_dags/example_external_task_marker_dag.py for tasks to queue
[2022-10-03T01:39:05.340+0000] {logging_mixin.py:115} INFO - [2022-10-03T01:39:05.340+0000] {dagbag.py:508} INFO - Filling up the DagBag from /home/airflow/.local/lib/python3.7/site-packages/airflow/example_dags/example_external_task_marker_dag.py
[2022-10-03T01:39:05.343+0000] {processor.py:650} INFO - DAG(s) dict_keys(['example_external_task_marker_parent', 'example_external_task_marker_child']) retrieved from /home/airflow/.local/lib/python3.7/site-packages/airflow/example_dags/example_external_task_marker_dag.py
[2022-10-03T01:39:05.718+0000] {logging_mixin.py:115} INFO - [2022-10-03T01:39:05.718+0000] {dag.py:2429} INFO - Sync 2 DAGs
[2022-10-03T01:39:05.738+0000] {logging_mixin.py:115} INFO - [2022-10-03T01:39:05.737+0000] {dag.py:2981} INFO - Setting next_dagrun for example_external_task_marker_child to None, run_after=None
[2022-10-03T01:39:05.738+0000] {logging_mixin.py:115} INFO - [2022-10-03T01:39:05.738+0000] {dag.py:2981} INFO - Setting next_dagrun for example_external_task_marker_parent to None, run_after=None
[2022-10-03T01:39:05.755+0000] {processor.py:161} INFO - Processing /home/airflow/.local/lib/python3.7/site-packages/airflow/example_dags/example_external_task_marker_dag.py took 0.419 seconds
[2022-10-03T01:39:36.017+0000] {processor.py:153} INFO - Started process (PID=1137) to work on /home/airflow/.local/lib/python3.7/site-packages/airflow/example_dags/example_external_task_marker_dag.py
[2022-10-03T01:39:36.017+0000] {processor.py:640} INFO - Processing file /home/airflow/.local/lib/python3.7/site-packages/airflow/example_dags/example_external_task_marker_dag.py for tasks to queue
[2022-10-03T01:39:36.018+0000] {logging_mixin.py:115} INFO - [2022-10-03T01:39:36.018+0000] {dagbag.py:508} INFO - Filling up the DagBag from /home/airflow/.local/lib/python3.7/site-packages/airflow/example_dags/example_external_task_marker_dag.py
[2022-10-03T01:39:36.021+0000] {processor.py:650} INFO - DAG(s) dict_keys(['example_external_task_marker_parent', 'example_external_task_marker_child']) retrieved from /home/airflow/.local/lib/python3.7/site-packages/airflow/example_dags/example_external_task_marker_dag.py
[2022-10-03T01:39:36.280+0000] {logging_mixin.py:115} INFO - [2022-10-03T01:39:36.280+0000] {dag.py:2429} INFO - Sync 2 DAGs
[2022-10-03T01:39:36.301+0000] {logging_mixin.py:115} INFO - [2022-10-03T01:39:36.301+0000] {dag.py:2981} INFO - Setting next_dagrun for example_external_task_marker_child to None, run_after=None
[2022-10-03T01:39:36.302+0000] {logging_mixin.py:115} INFO - [2022-10-03T01:39:36.302+0000] {dag.py:2981} INFO - Setting next_dagrun for example_external_task_marker_parent to None, run_after=None
[2022-10-03T01:39:36.314+0000] {processor.py:161} INFO - Processing /home/airflow/.local/lib/python3.7/site-packages/airflow/example_dags/example_external_task_marker_dag.py took 0.300 seconds
[2022-10-03T01:40:06.633+0000] {processor.py:153} INFO - Started process (PID=1192) to work on /home/airflow/.local/lib/python3.7/site-packages/airflow/example_dags/example_external_task_marker_dag.py
[2022-10-03T01:40:06.634+0000] {processor.py:640} INFO - Processing file /home/airflow/.local/lib/python3.7/site-packages/airflow/example_dags/example_external_task_marker_dag.py for tasks to queue
[2022-10-03T01:40:06.634+0000] {logging_mixin.py:115} INFO - [2022-10-03T01:40:06.634+0000] {dagbag.py:508} INFO - Filling up the DagBag from /home/airflow/.local/lib/python3.7/site-packages/airflow/example_dags/example_external_task_marker_dag.py
[2022-10-03T01:40:06.638+0000] {processor.py:650} INFO - DAG(s) dict_keys(['example_external_task_marker_parent', 'example_external_task_marker_child']) retrieved from /home/airflow/.local/lib/python3.7/site-packages/airflow/example_dags/example_external_task_marker_dag.py
[2022-10-03T01:40:06.911+0000] {logging_mixin.py:115} INFO - [2022-10-03T01:40:06.911+0000] {dag.py:2429} INFO - Sync 2 DAGs
[2022-10-03T01:40:06.930+0000] {logging_mixin.py:115} INFO - [2022-10-03T01:40:06.930+0000] {dag.py:2981} INFO - Setting next_dagrun for example_external_task_marker_child to None, run_after=None
[2022-10-03T01:40:06.931+0000] {logging_mixin.py:115} INFO - [2022-10-03T01:40:06.931+0000] {dag.py:2981} INFO - Setting next_dagrun for example_external_task_marker_parent to None, run_after=None
[2022-10-03T01:40:06.945+0000] {processor.py:161} INFO - Processing /home/airflow/.local/lib/python3.7/site-packages/airflow/example_dags/example_external_task_marker_dag.py took 0.315 seconds
[2022-10-03T01:40:37.608+0000] {processor.py:153} INFO - Started process (PID=1247) to work on /home/airflow/.local/lib/python3.7/site-packages/airflow/example_dags/example_external_task_marker_dag.py
[2022-10-03T01:40:37.609+0000] {processor.py:640} INFO - Processing file /home/airflow/.local/lib/python3.7/site-packages/airflow/example_dags/example_external_task_marker_dag.py for tasks to queue
[2022-10-03T01:40:37.610+0000] {logging_mixin.py:115} INFO - [2022-10-03T01:40:37.610+0000] {dagbag.py:508} INFO - Filling up the DagBag from /home/airflow/.local/lib/python3.7/site-packages/airflow/example_dags/example_external_task_marker_dag.py
[2022-10-03T01:40:37.614+0000] {processor.py:650} INFO - DAG(s) dict_keys(['example_external_task_marker_parent', 'example_external_task_marker_child']) retrieved from /home/airflow/.local/lib/python3.7/site-packages/airflow/example_dags/example_external_task_marker_dag.py
[2022-10-03T01:40:37.933+0000] {logging_mixin.py:115} INFO - [2022-10-03T01:40:37.933+0000] {dag.py:2429} INFO - Sync 2 DAGs
[2022-10-03T01:40:37.954+0000] {logging_mixin.py:115} INFO - [2022-10-03T01:40:37.954+0000] {dag.py:2981} INFO - Setting next_dagrun for example_external_task_marker_child to None, run_after=None
[2022-10-03T01:40:37.955+0000] {logging_mixin.py:115} INFO - [2022-10-03T01:40:37.955+0000] {dag.py:2981} INFO - Setting next_dagrun for example_external_task_marker_parent to None, run_after=None
[2022-10-03T01:40:37.969+0000] {processor.py:161} INFO - Processing /home/airflow/.local/lib/python3.7/site-packages/airflow/example_dags/example_external_task_marker_dag.py took 0.364 seconds
[2022-10-03T01:41:08.482+0000] {processor.py:153} INFO - Started process (PID=1302) to work on /home/airflow/.local/lib/python3.7/site-packages/airflow/example_dags/example_external_task_marker_dag.py
[2022-10-03T01:41:08.483+0000] {processor.py:640} INFO - Processing file /home/airflow/.local/lib/python3.7/site-packages/airflow/example_dags/example_external_task_marker_dag.py for tasks to queue
[2022-10-03T01:41:08.485+0000] {logging_mixin.py:115} INFO - [2022-10-03T01:41:08.484+0000] {dagbag.py:508} INFO - Filling up the DagBag from /home/airflow/.local/lib/python3.7/site-packages/airflow/example_dags/example_external_task_marker_dag.py
[2022-10-03T01:41:08.489+0000] {processor.py:650} INFO - DAG(s) dict_keys(['example_external_task_marker_parent', 'example_external_task_marker_child']) retrieved from /home/airflow/.local/lib/python3.7/site-packages/airflow/example_dags/example_external_task_marker_dag.py
[2022-10-03T01:41:08.784+0000] {logging_mixin.py:115} INFO - [2022-10-03T01:41:08.784+0000] {dag.py:2429} INFO - Sync 2 DAGs
[2022-10-03T01:41:08.804+0000] {logging_mixin.py:115} INFO - [2022-10-03T01:41:08.804+0000] {dag.py:2981} INFO - Setting next_dagrun for example_external_task_marker_child to None, run_after=None
[2022-10-03T01:41:08.805+0000] {logging_mixin.py:115} INFO - [2022-10-03T01:41:08.804+0000] {dag.py:2981} INFO - Setting next_dagrun for example_external_task_marker_parent to None, run_after=None
[2022-10-03T01:41:08.817+0000] {processor.py:161} INFO - Processing /home/airflow/.local/lib/python3.7/site-packages/airflow/example_dags/example_external_task_marker_dag.py took 0.337 seconds
[2022-10-03T01:41:39.394+0000] {processor.py:153} INFO - Started process (PID=1358) to work on /home/airflow/.local/lib/python3.7/site-packages/airflow/example_dags/example_external_task_marker_dag.py
[2022-10-03T01:41:39.394+0000] {processor.py:640} INFO - Processing file /home/airflow/.local/lib/python3.7/site-packages/airflow/example_dags/example_external_task_marker_dag.py for tasks to queue
[2022-10-03T01:41:39.395+0000] {logging_mixin.py:115} INFO - [2022-10-03T01:41:39.395+0000] {dagbag.py:508} INFO - Filling up the DagBag from /home/airflow/.local/lib/python3.7/site-packages/airflow/example_dags/example_external_task_marker_dag.py
[2022-10-03T01:41:39.400+0000] {processor.py:650} INFO - DAG(s) dict_keys(['example_external_task_marker_parent', 'example_external_task_marker_child']) retrieved from /home/airflow/.local/lib/python3.7/site-packages/airflow/example_dags/example_external_task_marker_dag.py
[2022-10-03T01:41:39.699+0000] {logging_mixin.py:115} INFO - [2022-10-03T01:41:39.699+0000] {dag.py:2429} INFO - Sync 2 DAGs
[2022-10-03T01:41:39.718+0000] {logging_mixin.py:115} INFO - [2022-10-03T01:41:39.718+0000] {dag.py:2981} INFO - Setting next_dagrun for example_external_task_marker_child to None, run_after=None
[2022-10-03T01:41:39.719+0000] {logging_mixin.py:115} INFO - [2022-10-03T01:41:39.719+0000] {dag.py:2981} INFO - Setting next_dagrun for example_external_task_marker_parent to None, run_after=None
[2022-10-03T01:41:39.733+0000] {processor.py:161} INFO - Processing /home/airflow/.local/lib/python3.7/site-packages/airflow/example_dags/example_external_task_marker_dag.py took 0.342 seconds
[2022-10-03T01:42:10.215+0000] {processor.py:153} INFO - Started process (PID=1413) to work on /home/airflow/.local/lib/python3.7/site-packages/airflow/example_dags/example_external_task_marker_dag.py
[2022-10-03T01:42:10.216+0000] {processor.py:640} INFO - Processing file /home/airflow/.local/lib/python3.7/site-packages/airflow/example_dags/example_external_task_marker_dag.py for tasks to queue
[2022-10-03T01:42:10.217+0000] {logging_mixin.py:115} INFO - [2022-10-03T01:42:10.217+0000] {dagbag.py:508} INFO - Filling up the DagBag from /home/airflow/.local/lib/python3.7/site-packages/airflow/example_dags/example_external_task_marker_dag.py
[2022-10-03T01:42:10.221+0000] {processor.py:650} INFO - DAG(s) dict_keys(['example_external_task_marker_parent', 'example_external_task_marker_child']) retrieved from /home/airflow/.local/lib/python3.7/site-packages/airflow/example_dags/example_external_task_marker_dag.py
[2022-10-03T01:42:10.502+0000] {logging_mixin.py:115} INFO - [2022-10-03T01:42:10.502+0000] {dag.py:2429} INFO - Sync 2 DAGs
[2022-10-03T01:42:10.521+0000] {logging_mixin.py:115} INFO - [2022-10-03T01:42:10.521+0000] {dag.py:2981} INFO - Setting next_dagrun for example_external_task_marker_child to None, run_after=None
[2022-10-03T01:42:10.522+0000] {logging_mixin.py:115} INFO - [2022-10-03T01:42:10.522+0000] {dag.py:2981} INFO - Setting next_dagrun for example_external_task_marker_parent to None, run_after=None
[2022-10-03T01:42:10.536+0000] {processor.py:161} INFO - Processing /home/airflow/.local/lib/python3.7/site-packages/airflow/example_dags/example_external_task_marker_dag.py took 0.322 seconds
[2022-10-03T01:42:40.836+0000] {processor.py:153} INFO - Started process (PID=1468) to work on /home/airflow/.local/lib/python3.7/site-packages/airflow/example_dags/example_external_task_marker_dag.py
[2022-10-03T01:42:40.837+0000] {processor.py:640} INFO - Processing file /home/airflow/.local/lib/python3.7/site-packages/airflow/example_dags/example_external_task_marker_dag.py for tasks to queue
[2022-10-03T01:42:40.838+0000] {logging_mixin.py:115} INFO - [2022-10-03T01:42:40.838+0000] {dagbag.py:508} INFO - Filling up the DagBag from /home/airflow/.local/lib/python3.7/site-packages/airflow/example_dags/example_external_task_marker_dag.py
[2022-10-03T01:42:40.842+0000] {processor.py:650} INFO - DAG(s) dict_keys(['example_external_task_marker_parent', 'example_external_task_marker_child']) retrieved from /home/airflow/.local/lib/python3.7/site-packages/airflow/example_dags/example_external_task_marker_dag.py
[2022-10-03T01:42:41.139+0000] {logging_mixin.py:115} INFO - [2022-10-03T01:42:41.138+0000] {dag.py:2429} INFO - Sync 2 DAGs
[2022-10-03T01:42:41.158+0000] {logging_mixin.py:115} INFO - [2022-10-03T01:42:41.158+0000] {dag.py:2981} INFO - Setting next_dagrun for example_external_task_marker_child to None, run_after=None
[2022-10-03T01:42:41.159+0000] {logging_mixin.py:115} INFO - [2022-10-03T01:42:41.159+0000] {dag.py:2981} INFO - Setting next_dagrun for example_external_task_marker_parent to None, run_after=None
[2022-10-03T01:42:41.172+0000] {processor.py:161} INFO - Processing /home/airflow/.local/lib/python3.7/site-packages/airflow/example_dags/example_external_task_marker_dag.py took 0.338 seconds
[2022-10-03T01:43:11.482+0000] {processor.py:153} INFO - Started process (PID=1524) to work on /home/airflow/.local/lib/python3.7/site-packages/airflow/example_dags/example_external_task_marker_dag.py
[2022-10-03T01:43:11.484+0000] {processor.py:640} INFO - Processing file /home/airflow/.local/lib/python3.7/site-packages/airflow/example_dags/example_external_task_marker_dag.py for tasks to queue
[2022-10-03T01:43:11.485+0000] {logging_mixin.py:115} INFO - [2022-10-03T01:43:11.485+0000] {dagbag.py:508} INFO - Filling up the DagBag from /home/airflow/.local/lib/python3.7/site-packages/airflow/example_dags/example_external_task_marker_dag.py
[2022-10-03T01:43:11.491+0000] {processor.py:650} INFO - DAG(s) dict_keys(['example_external_task_marker_parent', 'example_external_task_marker_child']) retrieved from /home/airflow/.local/lib/python3.7/site-packages/airflow/example_dags/example_external_task_marker_dag.py
[2022-10-03T01:43:11.832+0000] {logging_mixin.py:115} INFO - [2022-10-03T01:43:11.831+0000] {dag.py:2429} INFO - Sync 2 DAGs
[2022-10-03T01:43:11.851+0000] {logging_mixin.py:115} INFO - [2022-10-03T01:43:11.851+0000] {dag.py:2981} INFO - Setting next_dagrun for example_external_task_marker_child to None, run_after=None
[2022-10-03T01:43:11.852+0000] {logging_mixin.py:115} INFO - [2022-10-03T01:43:11.852+0000] {dag.py:2981} INFO - Setting next_dagrun for example_external_task_marker_parent to None, run_after=None
[2022-10-03T01:43:11.865+0000] {processor.py:161} INFO - Processing /home/airflow/.local/lib/python3.7/site-packages/airflow/example_dags/example_external_task_marker_dag.py took 0.386 seconds
[2022-10-03T01:43:41.985+0000] {processor.py:153} INFO - Started process (PID=1579) to work on /home/airflow/.local/lib/python3.7/site-packages/airflow/example_dags/example_external_task_marker_dag.py
[2022-10-03T01:43:41.986+0000] {processor.py:640} INFO - Processing file /home/airflow/.local/lib/python3.7/site-packages/airflow/example_dags/example_external_task_marker_dag.py for tasks to queue
[2022-10-03T01:43:41.987+0000] {logging_mixin.py:115} INFO - [2022-10-03T01:43:41.987+0000] {dagbag.py:508} INFO - Filling up the DagBag from /home/airflow/.local/lib/python3.7/site-packages/airflow/example_dags/example_external_task_marker_dag.py
[2022-10-03T01:43:41.992+0000] {processor.py:650} INFO - DAG(s) dict_keys(['example_external_task_marker_parent', 'example_external_task_marker_child']) retrieved from /home/airflow/.local/lib/python3.7/site-packages/airflow/example_dags/example_external_task_marker_dag.py
[2022-10-03T01:43:42.266+0000] {logging_mixin.py:115} INFO - [2022-10-03T01:43:42.266+0000] {dag.py:2429} INFO - Sync 2 DAGs
[2022-10-03T01:43:42.287+0000] {logging_mixin.py:115} INFO - [2022-10-03T01:43:42.287+0000] {dag.py:2981} INFO - Setting next_dagrun for example_external_task_marker_child to None, run_after=None
[2022-10-03T01:43:42.288+0000] {logging_mixin.py:115} INFO - [2022-10-03T01:43:42.288+0000] {dag.py:2981} INFO - Setting next_dagrun for example_external_task_marker_parent to None, run_after=None
[2022-10-03T01:43:42.309+0000] {processor.py:161} INFO - Processing /home/airflow/.local/lib/python3.7/site-packages/airflow/example_dags/example_external_task_marker_dag.py took 0.326 seconds
[2022-10-03T01:44:12.860+0000] {processor.py:153} INFO - Started process (PID=1641) to work on /home/airflow/.local/lib/python3.7/site-packages/airflow/example_dags/example_external_task_marker_dag.py
[2022-10-03T01:44:12.861+0000] {processor.py:640} INFO - Processing file /home/airflow/.local/lib/python3.7/site-packages/airflow/example_dags/example_external_task_marker_dag.py for tasks to queue
[2022-10-03T01:44:12.862+0000] {logging_mixin.py:115} INFO - [2022-10-03T01:44:12.862+0000] {dagbag.py:508} INFO - Filling up the DagBag from /home/airflow/.local/lib/python3.7/site-packages/airflow/example_dags/example_external_task_marker_dag.py
[2022-10-03T01:44:12.867+0000] {processor.py:650} INFO - DAG(s) dict_keys(['example_external_task_marker_parent', 'example_external_task_marker_child']) retrieved from /home/airflow/.local/lib/python3.7/site-packages/airflow/example_dags/example_external_task_marker_dag.py
[2022-10-03T01:44:13.151+0000] {logging_mixin.py:115} INFO - [2022-10-03T01:44:13.151+0000] {dag.py:2429} INFO - Sync 2 DAGs
[2022-10-03T01:44:13.173+0000] {logging_mixin.py:115} INFO - [2022-10-03T01:44:13.173+0000] {dag.py:2981} INFO - Setting next_dagrun for example_external_task_marker_child to None, run_after=None
[2022-10-03T01:44:13.174+0000] {logging_mixin.py:115} INFO - [2022-10-03T01:44:13.174+0000] {dag.py:2981} INFO - Setting next_dagrun for example_external_task_marker_parent to None, run_after=None
[2022-10-03T01:44:13.190+0000] {processor.py:161} INFO - Processing /home/airflow/.local/lib/python3.7/site-packages/airflow/example_dags/example_external_task_marker_dag.py took 0.332 seconds
[2022-10-03T01:44:43.666+0000] {processor.py:153} INFO - Started process (PID=1696) to work on /home/airflow/.local/lib/python3.7/site-packages/airflow/example_dags/example_external_task_marker_dag.py
[2022-10-03T01:44:43.667+0000] {processor.py:640} INFO - Processing file /home/airflow/.local/lib/python3.7/site-packages/airflow/example_dags/example_external_task_marker_dag.py for tasks to queue
[2022-10-03T01:44:43.668+0000] {logging_mixin.py:115} INFO - [2022-10-03T01:44:43.668+0000] {dagbag.py:508} INFO - Filling up the DagBag from /home/airflow/.local/lib/python3.7/site-packages/airflow/example_dags/example_external_task_marker_dag.py
[2022-10-03T01:44:43.672+0000] {processor.py:650} INFO - DAG(s) dict_keys(['example_external_task_marker_parent', 'example_external_task_marker_child']) retrieved from /home/airflow/.local/lib/python3.7/site-packages/airflow/example_dags/example_external_task_marker_dag.py
[2022-10-03T01:44:43.968+0000] {logging_mixin.py:115} INFO - [2022-10-03T01:44:43.968+0000] {dag.py:2429} INFO - Sync 2 DAGs
[2022-10-03T01:44:43.988+0000] {logging_mixin.py:115} INFO - [2022-10-03T01:44:43.988+0000] {dag.py:2981} INFO - Setting next_dagrun for example_external_task_marker_child to None, run_after=None
[2022-10-03T01:44:43.989+0000] {logging_mixin.py:115} INFO - [2022-10-03T01:44:43.989+0000] {dag.py:2981} INFO - Setting next_dagrun for example_external_task_marker_parent to None, run_after=None
[2022-10-03T01:44:44.002+0000] {processor.py:161} INFO - Processing /home/airflow/.local/lib/python3.7/site-packages/airflow/example_dags/example_external_task_marker_dag.py took 0.338 seconds
[2022-10-03T01:45:14.485+0000] {processor.py:153} INFO - Started process (PID=1751) to work on /home/airflow/.local/lib/python3.7/site-packages/airflow/example_dags/example_external_task_marker_dag.py
[2022-10-03T01:45:14.486+0000] {processor.py:640} INFO - Processing file /home/airflow/.local/lib/python3.7/site-packages/airflow/example_dags/example_external_task_marker_dag.py for tasks to queue
[2022-10-03T01:45:14.487+0000] {logging_mixin.py:115} INFO - [2022-10-03T01:45:14.487+0000] {dagbag.py:508} INFO - Filling up the DagBag from /home/airflow/.local/lib/python3.7/site-packages/airflow/example_dags/example_external_task_marker_dag.py
[2022-10-03T01:45:14.490+0000] {processor.py:650} INFO - DAG(s) dict_keys(['example_external_task_marker_parent', 'example_external_task_marker_child']) retrieved from /home/airflow/.local/lib/python3.7/site-packages/airflow/example_dags/example_external_task_marker_dag.py
[2022-10-03T01:45:14.762+0000] {logging_mixin.py:115} INFO - [2022-10-03T01:45:14.762+0000] {dag.py:2429} INFO - Sync 2 DAGs
[2022-10-03T01:45:14.781+0000] {logging_mixin.py:115} INFO - [2022-10-03T01:45:14.781+0000] {dag.py:2981} INFO - Setting next_dagrun for example_external_task_marker_child to None, run_after=None
[2022-10-03T01:45:14.782+0000] {logging_mixin.py:115} INFO - [2022-10-03T01:45:14.782+0000] {dag.py:2981} INFO - Setting next_dagrun for example_external_task_marker_parent to None, run_after=None
[2022-10-03T01:45:14.795+0000] {processor.py:161} INFO - Processing /home/airflow/.local/lib/python3.7/site-packages/airflow/example_dags/example_external_task_marker_dag.py took 0.312 seconds
[2022-10-03T01:45:45.206+0000] {processor.py:153} INFO - Started process (PID=1806) to work on /home/airflow/.local/lib/python3.7/site-packages/airflow/example_dags/example_external_task_marker_dag.py
[2022-10-03T01:45:45.207+0000] {processor.py:640} INFO - Processing file /home/airflow/.local/lib/python3.7/site-packages/airflow/example_dags/example_external_task_marker_dag.py for tasks to queue
[2022-10-03T01:45:45.208+0000] {logging_mixin.py:115} INFO - [2022-10-03T01:45:45.208+0000] {dagbag.py:508} INFO - Filling up the DagBag from /home/airflow/.local/lib/python3.7/site-packages/airflow/example_dags/example_external_task_marker_dag.py
[2022-10-03T01:45:45.212+0000] {processor.py:650} INFO - DAG(s) dict_keys(['example_external_task_marker_parent', 'example_external_task_marker_child']) retrieved from /home/airflow/.local/lib/python3.7/site-packages/airflow/example_dags/example_external_task_marker_dag.py
[2022-10-03T01:45:45.495+0000] {logging_mixin.py:115} INFO - [2022-10-03T01:45:45.494+0000] {dag.py:2429} INFO - Sync 2 DAGs
[2022-10-03T01:45:45.515+0000] {logging_mixin.py:115} INFO - [2022-10-03T01:45:45.515+0000] {dag.py:2981} INFO - Setting next_dagrun for example_external_task_marker_child to None, run_after=None
[2022-10-03T01:45:45.516+0000] {logging_mixin.py:115} INFO - [2022-10-03T01:45:45.516+0000] {dag.py:2981} INFO - Setting next_dagrun for example_external_task_marker_parent to None, run_after=None
[2022-10-03T01:45:45.531+0000] {processor.py:161} INFO - Processing /home/airflow/.local/lib/python3.7/site-packages/airflow/example_dags/example_external_task_marker_dag.py took 0.327 seconds
[2022-10-03T01:46:15.851+0000] {processor.py:153} INFO - Started process (PID=1861) to work on /home/airflow/.local/lib/python3.7/site-packages/airflow/example_dags/example_external_task_marker_dag.py
[2022-10-03T01:46:15.852+0000] {processor.py:640} INFO - Processing file /home/airflow/.local/lib/python3.7/site-packages/airflow/example_dags/example_external_task_marker_dag.py for tasks to queue
[2022-10-03T01:46:15.853+0000] {logging_mixin.py:115} INFO - [2022-10-03T01:46:15.853+0000] {dagbag.py:508} INFO - Filling up the DagBag from /home/airflow/.local/lib/python3.7/site-packages/airflow/example_dags/example_external_task_marker_dag.py
[2022-10-03T01:46:15.857+0000] {processor.py:650} INFO - DAG(s) dict_keys(['example_external_task_marker_parent', 'example_external_task_marker_child']) retrieved from /home/airflow/.local/lib/python3.7/site-packages/airflow/example_dags/example_external_task_marker_dag.py
[2022-10-03T01:46:16.199+0000] {logging_mixin.py:115} INFO - [2022-10-03T01:46:16.199+0000] {dag.py:2429} INFO - Sync 2 DAGs
[2022-10-03T01:46:16.219+0000] {logging_mixin.py:115} INFO - [2022-10-03T01:46:16.219+0000] {dag.py:2981} INFO - Setting next_dagrun for example_external_task_marker_child to None, run_after=None
[2022-10-03T01:46:16.219+0000] {logging_mixin.py:115} INFO - [2022-10-03T01:46:16.219+0000] {dag.py:2981} INFO - Setting next_dagrun for example_external_task_marker_parent to None, run_after=None
[2022-10-03T01:46:16.232+0000] {processor.py:161} INFO - Processing /home/airflow/.local/lib/python3.7/site-packages/airflow/example_dags/example_external_task_marker_dag.py took 0.383 seconds
[2022-10-03T01:46:46.816+0000] {processor.py:153} INFO - Started process (PID=1916) to work on /home/airflow/.local/lib/python3.7/site-packages/airflow/example_dags/example_external_task_marker_dag.py
[2022-10-03T01:46:46.817+0000] {processor.py:640} INFO - Processing file /home/airflow/.local/lib/python3.7/site-packages/airflow/example_dags/example_external_task_marker_dag.py for tasks to queue
[2022-10-03T01:46:46.818+0000] {logging_mixin.py:115} INFO - [2022-10-03T01:46:46.818+0000] {dagbag.py:508} INFO - Filling up the DagBag from /home/airflow/.local/lib/python3.7/site-packages/airflow/example_dags/example_external_task_marker_dag.py
[2022-10-03T01:46:46.823+0000] {processor.py:650} INFO - DAG(s) dict_keys(['example_external_task_marker_parent', 'example_external_task_marker_child']) retrieved from /home/airflow/.local/lib/python3.7/site-packages/airflow/example_dags/example_external_task_marker_dag.py
[2022-10-03T01:46:47.158+0000] {logging_mixin.py:115} INFO - [2022-10-03T01:46:47.158+0000] {dag.py:2429} INFO - Sync 2 DAGs
[2022-10-03T01:46:47.180+0000] {logging_mixin.py:115} INFO - [2022-10-03T01:46:47.179+0000] {dag.py:2981} INFO - Setting next_dagrun for example_external_task_marker_child to None, run_after=None
[2022-10-03T01:46:47.181+0000] {logging_mixin.py:115} INFO - [2022-10-03T01:46:47.180+0000] {dag.py:2981} INFO - Setting next_dagrun for example_external_task_marker_parent to None, run_after=None
[2022-10-03T01:46:47.194+0000] {processor.py:161} INFO - Processing /home/airflow/.local/lib/python3.7/site-packages/airflow/example_dags/example_external_task_marker_dag.py took 0.382 seconds
[2022-10-03T01:47:17.599+0000] {processor.py:153} INFO - Started process (PID=1971) to work on /home/airflow/.local/lib/python3.7/site-packages/airflow/example_dags/example_external_task_marker_dag.py
[2022-10-03T01:47:17.599+0000] {processor.py:640} INFO - Processing file /home/airflow/.local/lib/python3.7/site-packages/airflow/example_dags/example_external_task_marker_dag.py for tasks to queue
[2022-10-03T01:47:17.601+0000] {logging_mixin.py:115} INFO - [2022-10-03T01:47:17.601+0000] {dagbag.py:508} INFO - Filling up the DagBag from /home/airflow/.local/lib/python3.7/site-packages/airflow/example_dags/example_external_task_marker_dag.py
[2022-10-03T01:47:17.605+0000] {processor.py:650} INFO - DAG(s) dict_keys(['example_external_task_marker_parent', 'example_external_task_marker_child']) retrieved from /home/airflow/.local/lib/python3.7/site-packages/airflow/example_dags/example_external_task_marker_dag.py
[2022-10-03T01:47:17.911+0000] {logging_mixin.py:115} INFO - [2022-10-03T01:47:17.911+0000] {dag.py:2429} INFO - Sync 2 DAGs
[2022-10-03T01:47:17.931+0000] {logging_mixin.py:115} INFO - [2022-10-03T01:47:17.931+0000] {dag.py:2981} INFO - Setting next_dagrun for example_external_task_marker_child to None, run_after=None
[2022-10-03T01:47:17.932+0000] {logging_mixin.py:115} INFO - [2022-10-03T01:47:17.932+0000] {dag.py:2981} INFO - Setting next_dagrun for example_external_task_marker_parent to None, run_after=None
[2022-10-03T01:47:17.946+0000] {processor.py:161} INFO - Processing /home/airflow/.local/lib/python3.7/site-packages/airflow/example_dags/example_external_task_marker_dag.py took 0.350 seconds
[2022-10-03T01:47:48.408+0000] {processor.py:153} INFO - Started process (PID=2026) to work on /home/airflow/.local/lib/python3.7/site-packages/airflow/example_dags/example_external_task_marker_dag.py
[2022-10-03T01:47:48.409+0000] {processor.py:640} INFO - Processing file /home/airflow/.local/lib/python3.7/site-packages/airflow/example_dags/example_external_task_marker_dag.py for tasks to queue
[2022-10-03T01:47:48.410+0000] {logging_mixin.py:115} INFO - [2022-10-03T01:47:48.410+0000] {dagbag.py:508} INFO - Filling up the DagBag from /home/airflow/.local/lib/python3.7/site-packages/airflow/example_dags/example_external_task_marker_dag.py
[2022-10-03T01:47:48.414+0000] {processor.py:650} INFO - DAG(s) dict_keys(['example_external_task_marker_parent', 'example_external_task_marker_child']) retrieved from /home/airflow/.local/lib/python3.7/site-packages/airflow/example_dags/example_external_task_marker_dag.py
[2022-10-03T01:47:48.682+0000] {logging_mixin.py:115} INFO - [2022-10-03T01:47:48.681+0000] {dag.py:2429} INFO - Sync 2 DAGs
[2022-10-03T01:47:48.701+0000] {logging_mixin.py:115} INFO - [2022-10-03T01:47:48.700+0000] {dag.py:2981} INFO - Setting next_dagrun for example_external_task_marker_child to None, run_after=None
[2022-10-03T01:47:48.702+0000] {logging_mixin.py:115} INFO - [2022-10-03T01:47:48.701+0000] {dag.py:2981} INFO - Setting next_dagrun for example_external_task_marker_parent to None, run_after=None
[2022-10-03T01:47:48.716+0000] {processor.py:161} INFO - Processing /home/airflow/.local/lib/python3.7/site-packages/airflow/example_dags/example_external_task_marker_dag.py took 0.311 seconds
[2022-10-03T01:48:19.229+0000] {processor.py:153} INFO - Started process (PID=2081) to work on /home/airflow/.local/lib/python3.7/site-packages/airflow/example_dags/example_external_task_marker_dag.py
[2022-10-03T01:48:19.230+0000] {processor.py:640} INFO - Processing file /home/airflow/.local/lib/python3.7/site-packages/airflow/example_dags/example_external_task_marker_dag.py for tasks to queue
[2022-10-03T01:48:19.231+0000] {logging_mixin.py:115} INFO - [2022-10-03T01:48:19.231+0000] {dagbag.py:508} INFO - Filling up the DagBag from /home/airflow/.local/lib/python3.7/site-packages/airflow/example_dags/example_external_task_marker_dag.py
[2022-10-03T01:48:19.235+0000] {processor.py:650} INFO - DAG(s) dict_keys(['example_external_task_marker_parent', 'example_external_task_marker_child']) retrieved from /home/airflow/.local/lib/python3.7/site-packages/airflow/example_dags/example_external_task_marker_dag.py
[2022-10-03T01:48:19.540+0000] {logging_mixin.py:115} INFO - [2022-10-03T01:48:19.540+0000] {dag.py:2429} INFO - Sync 2 DAGs
[2022-10-03T01:48:19.562+0000] {logging_mixin.py:115} INFO - [2022-10-03T01:48:19.562+0000] {dag.py:2981} INFO - Setting next_dagrun for example_external_task_marker_child to None, run_after=None
[2022-10-03T01:48:19.563+0000] {logging_mixin.py:115} INFO - [2022-10-03T01:48:19.563+0000] {dag.py:2981} INFO - Setting next_dagrun for example_external_task_marker_parent to None, run_after=None
[2022-10-03T01:48:19.575+0000] {processor.py:161} INFO - Processing /home/airflow/.local/lib/python3.7/site-packages/airflow/example_dags/example_external_task_marker_dag.py took 0.350 seconds
[2022-10-03T01:48:50.028+0000] {processor.py:153} INFO - Started process (PID=2136) to work on /home/airflow/.local/lib/python3.7/site-packages/airflow/example_dags/example_external_task_marker_dag.py
[2022-10-03T01:48:50.029+0000] {processor.py:640} INFO - Processing file /home/airflow/.local/lib/python3.7/site-packages/airflow/example_dags/example_external_task_marker_dag.py for tasks to queue
[2022-10-03T01:48:50.030+0000] {logging_mixin.py:115} INFO - [2022-10-03T01:48:50.030+0000] {dagbag.py:508} INFO - Filling up the DagBag from /home/airflow/.local/lib/python3.7/site-packages/airflow/example_dags/example_external_task_marker_dag.py
[2022-10-03T01:48:50.034+0000] {processor.py:650} INFO - DAG(s) dict_keys(['example_external_task_marker_parent', 'example_external_task_marker_child']) retrieved from /home/airflow/.local/lib/python3.7/site-packages/airflow/example_dags/example_external_task_marker_dag.py
[2022-10-03T01:48:50.293+0000] {logging_mixin.py:115} INFO - [2022-10-03T01:48:50.293+0000] {dag.py:2429} INFO - Sync 2 DAGs
[2022-10-03T01:48:50.312+0000] {logging_mixin.py:115} INFO - [2022-10-03T01:48:50.312+0000] {dag.py:2981} INFO - Setting next_dagrun for example_external_task_marker_child to None, run_after=None
[2022-10-03T01:48:50.313+0000] {logging_mixin.py:115} INFO - [2022-10-03T01:48:50.313+0000] {dag.py:2981} INFO - Setting next_dagrun for example_external_task_marker_parent to None, run_after=None
[2022-10-03T01:48:50.326+0000] {processor.py:161} INFO - Processing /home/airflow/.local/lib/python3.7/site-packages/airflow/example_dags/example_external_task_marker_dag.py took 0.301 seconds
[2022-10-03T01:49:20.817+0000] {processor.py:153} INFO - Started process (PID=2191) to work on /home/airflow/.local/lib/python3.7/site-packages/airflow/example_dags/example_external_task_marker_dag.py
[2022-10-03T01:49:20.819+0000] {processor.py:640} INFO - Processing file /home/airflow/.local/lib/python3.7/site-packages/airflow/example_dags/example_external_task_marker_dag.py for tasks to queue
[2022-10-03T01:49:20.820+0000] {logging_mixin.py:115} INFO - [2022-10-03T01:49:20.820+0000] {dagbag.py:508} INFO - Filling up the DagBag from /home/airflow/.local/lib/python3.7/site-packages/airflow/example_dags/example_external_task_marker_dag.py
[2022-10-03T01:49:20.825+0000] {processor.py:650} INFO - DAG(s) dict_keys(['example_external_task_marker_parent', 'example_external_task_marker_child']) retrieved from /home/airflow/.local/lib/python3.7/site-packages/airflow/example_dags/example_external_task_marker_dag.py
[2022-10-03T01:49:21.118+0000] {logging_mixin.py:115} INFO - [2022-10-03T01:49:21.118+0000] {dag.py:2429} INFO - Sync 2 DAGs
[2022-10-03T01:49:21.138+0000] {logging_mixin.py:115} INFO - [2022-10-03T01:49:21.138+0000] {dag.py:2981} INFO - Setting next_dagrun for example_external_task_marker_child to None, run_after=None
[2022-10-03T01:49:21.139+0000] {logging_mixin.py:115} INFO - [2022-10-03T01:49:21.139+0000] {dag.py:2981} INFO - Setting next_dagrun for example_external_task_marker_parent to None, run_after=None
[2022-10-03T01:49:21.155+0000] {processor.py:161} INFO - Processing /home/airflow/.local/lib/python3.7/site-packages/airflow/example_dags/example_external_task_marker_dag.py took 0.342 seconds
[2022-10-03T01:52:34.428+0000] {processor.py:153} INFO - Started process (PID=82) to work on /home/airflow/.local/lib/python3.7/site-packages/airflow/example_dags/example_external_task_marker_dag.py
[2022-10-03T01:52:34.429+0000] {processor.py:640} INFO - Processing file /home/airflow/.local/lib/python3.7/site-packages/airflow/example_dags/example_external_task_marker_dag.py for tasks to queue
[2022-10-03T01:52:34.430+0000] {logging_mixin.py:115} INFO - [2022-10-03T01:52:34.430+0000] {dagbag.py:508} INFO - Filling up the DagBag from /home/airflow/.local/lib/python3.7/site-packages/airflow/example_dags/example_external_task_marker_dag.py
[2022-10-03T01:52:34.435+0000] {processor.py:650} INFO - DAG(s) dict_keys(['example_external_task_marker_parent', 'example_external_task_marker_child']) retrieved from /home/airflow/.local/lib/python3.7/site-packages/airflow/example_dags/example_external_task_marker_dag.py
[2022-10-03T01:52:34.738+0000] {logging_mixin.py:115} INFO - [2022-10-03T01:52:34.738+0000] {dag.py:2429} INFO - Sync 2 DAGs
[2022-10-03T01:52:34.763+0000] {logging_mixin.py:115} INFO - [2022-10-03T01:52:34.763+0000] {dag.py:2981} INFO - Setting next_dagrun for example_external_task_marker_child to None, run_after=None
[2022-10-03T01:52:34.764+0000] {logging_mixin.py:115} INFO - [2022-10-03T01:52:34.764+0000] {dag.py:2981} INFO - Setting next_dagrun for example_external_task_marker_parent to None, run_after=None
[2022-10-03T01:52:34.784+0000] {processor.py:161} INFO - Processing /home/airflow/.local/lib/python3.7/site-packages/airflow/example_dags/example_external_task_marker_dag.py took 0.358 seconds
[2022-10-03T01:53:05.427+0000] {processor.py:153} INFO - Started process (PID=138) to work on /home/airflow/.local/lib/python3.7/site-packages/airflow/example_dags/example_external_task_marker_dag.py
[2022-10-03T01:53:05.428+0000] {processor.py:640} INFO - Processing file /home/airflow/.local/lib/python3.7/site-packages/airflow/example_dags/example_external_task_marker_dag.py for tasks to queue
[2022-10-03T01:53:05.430+0000] {logging_mixin.py:115} INFO - [2022-10-03T01:53:05.430+0000] {dagbag.py:508} INFO - Filling up the DagBag from /home/airflow/.local/lib/python3.7/site-packages/airflow/example_dags/example_external_task_marker_dag.py
[2022-10-03T01:53:05.435+0000] {processor.py:650} INFO - DAG(s) dict_keys(['example_external_task_marker_parent', 'example_external_task_marker_child']) retrieved from /home/airflow/.local/lib/python3.7/site-packages/airflow/example_dags/example_external_task_marker_dag.py
[2022-10-03T01:53:05.694+0000] {logging_mixin.py:115} INFO - [2022-10-03T01:53:05.694+0000] {dag.py:2429} INFO - Sync 2 DAGs
[2022-10-03T01:53:05.713+0000] {logging_mixin.py:115} INFO - [2022-10-03T01:53:05.713+0000] {dag.py:2981} INFO - Setting next_dagrun for example_external_task_marker_child to None, run_after=None
[2022-10-03T01:53:05.713+0000] {logging_mixin.py:115} INFO - [2022-10-03T01:53:05.713+0000] {dag.py:2981} INFO - Setting next_dagrun for example_external_task_marker_parent to None, run_after=None
[2022-10-03T01:53:05.727+0000] {processor.py:161} INFO - Processing /home/airflow/.local/lib/python3.7/site-packages/airflow/example_dags/example_external_task_marker_dag.py took 0.302 seconds
[2022-10-03T01:53:36.137+0000] {processor.py:153} INFO - Started process (PID=192) to work on /home/airflow/.local/lib/python3.7/site-packages/airflow/example_dags/example_external_task_marker_dag.py
[2022-10-03T01:53:36.137+0000] {processor.py:640} INFO - Processing file /home/airflow/.local/lib/python3.7/site-packages/airflow/example_dags/example_external_task_marker_dag.py for tasks to queue
[2022-10-03T01:53:36.138+0000] {logging_mixin.py:115} INFO - [2022-10-03T01:53:36.138+0000] {dagbag.py:508} INFO - Filling up the DagBag from /home/airflow/.local/lib/python3.7/site-packages/airflow/example_dags/example_external_task_marker_dag.py
[2022-10-03T01:53:36.142+0000] {processor.py:650} INFO - DAG(s) dict_keys(['example_external_task_marker_parent', 'example_external_task_marker_child']) retrieved from /home/airflow/.local/lib/python3.7/site-packages/airflow/example_dags/example_external_task_marker_dag.py
[2022-10-03T01:53:36.444+0000] {logging_mixin.py:115} INFO - [2022-10-03T01:53:36.444+0000] {dag.py:2429} INFO - Sync 2 DAGs
[2022-10-03T01:53:36.466+0000] {logging_mixin.py:115} INFO - [2022-10-03T01:53:36.465+0000] {dag.py:2981} INFO - Setting next_dagrun for example_external_task_marker_child to None, run_after=None
[2022-10-03T01:53:36.467+0000] {logging_mixin.py:115} INFO - [2022-10-03T01:53:36.466+0000] {dag.py:2981} INFO - Setting next_dagrun for example_external_task_marker_parent to None, run_after=None
[2022-10-03T01:53:36.482+0000] {processor.py:161} INFO - Processing /home/airflow/.local/lib/python3.7/site-packages/airflow/example_dags/example_external_task_marker_dag.py took 0.348 seconds
[2022-10-03T01:54:07.246+0000] {processor.py:153} INFO - Started process (PID=248) to work on /home/airflow/.local/lib/python3.7/site-packages/airflow/example_dags/example_external_task_marker_dag.py
[2022-10-03T01:54:07.247+0000] {processor.py:640} INFO - Processing file /home/airflow/.local/lib/python3.7/site-packages/airflow/example_dags/example_external_task_marker_dag.py for tasks to queue
[2022-10-03T01:54:07.248+0000] {logging_mixin.py:115} INFO - [2022-10-03T01:54:07.248+0000] {dagbag.py:508} INFO - Filling up the DagBag from /home/airflow/.local/lib/python3.7/site-packages/airflow/example_dags/example_external_task_marker_dag.py
[2022-10-03T01:54:07.252+0000] {processor.py:650} INFO - DAG(s) dict_keys(['example_external_task_marker_parent', 'example_external_task_marker_child']) retrieved from /home/airflow/.local/lib/python3.7/site-packages/airflow/example_dags/example_external_task_marker_dag.py
[2022-10-03T01:54:07.514+0000] {logging_mixin.py:115} INFO - [2022-10-03T01:54:07.514+0000] {dag.py:2429} INFO - Sync 2 DAGs
[2022-10-03T01:54:07.535+0000] {logging_mixin.py:115} INFO - [2022-10-03T01:54:07.535+0000] {dag.py:2981} INFO - Setting next_dagrun for example_external_task_marker_child to None, run_after=None
[2022-10-03T01:54:07.535+0000] {logging_mixin.py:115} INFO - [2022-10-03T01:54:07.535+0000] {dag.py:2981} INFO - Setting next_dagrun for example_external_task_marker_parent to None, run_after=None
[2022-10-03T01:54:07.557+0000] {processor.py:161} INFO - Processing /home/airflow/.local/lib/python3.7/site-packages/airflow/example_dags/example_external_task_marker_dag.py took 0.314 seconds
[2022-10-03T01:54:38.270+0000] {processor.py:153} INFO - Started process (PID=304) to work on /home/airflow/.local/lib/python3.7/site-packages/airflow/example_dags/example_external_task_marker_dag.py
[2022-10-03T01:54:38.271+0000] {processor.py:640} INFO - Processing file /home/airflow/.local/lib/python3.7/site-packages/airflow/example_dags/example_external_task_marker_dag.py for tasks to queue
[2022-10-03T01:54:38.272+0000] {logging_mixin.py:115} INFO - [2022-10-03T01:54:38.272+0000] {dagbag.py:508} INFO - Filling up the DagBag from /home/airflow/.local/lib/python3.7/site-packages/airflow/example_dags/example_external_task_marker_dag.py
[2022-10-03T01:54:38.277+0000] {processor.py:650} INFO - DAG(s) dict_keys(['example_external_task_marker_parent', 'example_external_task_marker_child']) retrieved from /home/airflow/.local/lib/python3.7/site-packages/airflow/example_dags/example_external_task_marker_dag.py
[2022-10-03T01:54:38.617+0000] {logging_mixin.py:115} INFO - [2022-10-03T01:54:38.617+0000] {dag.py:2429} INFO - Sync 2 DAGs
[2022-10-03T01:54:38.637+0000] {logging_mixin.py:115} INFO - [2022-10-03T01:54:38.637+0000] {dag.py:2981} INFO - Setting next_dagrun for example_external_task_marker_child to None, run_after=None
[2022-10-03T01:54:38.638+0000] {logging_mixin.py:115} INFO - [2022-10-03T01:54:38.638+0000] {dag.py:2981} INFO - Setting next_dagrun for example_external_task_marker_parent to None, run_after=None
[2022-10-03T01:54:38.656+0000] {processor.py:161} INFO - Processing /home/airflow/.local/lib/python3.7/site-packages/airflow/example_dags/example_external_task_marker_dag.py took 0.389 seconds
[2022-10-03T01:55:09.592+0000] {processor.py:153} INFO - Started process (PID=359) to work on /home/airflow/.local/lib/python3.7/site-packages/airflow/example_dags/example_external_task_marker_dag.py
[2022-10-03T01:55:09.593+0000] {processor.py:640} INFO - Processing file /home/airflow/.local/lib/python3.7/site-packages/airflow/example_dags/example_external_task_marker_dag.py for tasks to queue
[2022-10-03T01:55:09.594+0000] {logging_mixin.py:115} INFO - [2022-10-03T01:55:09.594+0000] {dagbag.py:508} INFO - Filling up the DagBag from /home/airflow/.local/lib/python3.7/site-packages/airflow/example_dags/example_external_task_marker_dag.py
[2022-10-03T01:55:09.598+0000] {processor.py:650} INFO - DAG(s) dict_keys(['example_external_task_marker_parent', 'example_external_task_marker_child']) retrieved from /home/airflow/.local/lib/python3.7/site-packages/airflow/example_dags/example_external_task_marker_dag.py
[2022-10-03T01:55:09.910+0000] {logging_mixin.py:115} INFO - [2022-10-03T01:55:09.910+0000] {dag.py:2429} INFO - Sync 2 DAGs
[2022-10-03T01:55:09.929+0000] {logging_mixin.py:115} INFO - [2022-10-03T01:55:09.929+0000] {dag.py:2981} INFO - Setting next_dagrun for example_external_task_marker_child to None, run_after=None
[2022-10-03T01:55:09.930+0000] {logging_mixin.py:115} INFO - [2022-10-03T01:55:09.930+0000] {dag.py:2981} INFO - Setting next_dagrun for example_external_task_marker_parent to None, run_after=None
[2022-10-03T01:55:09.945+0000] {processor.py:161} INFO - Processing /home/airflow/.local/lib/python3.7/site-packages/airflow/example_dags/example_external_task_marker_dag.py took 0.355 seconds
[2022-10-03T01:55:40.240+0000] {processor.py:153} INFO - Started process (PID=414) to work on /home/airflow/.local/lib/python3.7/site-packages/airflow/example_dags/example_external_task_marker_dag.py
[2022-10-03T01:55:40.240+0000] {processor.py:640} INFO - Processing file /home/airflow/.local/lib/python3.7/site-packages/airflow/example_dags/example_external_task_marker_dag.py for tasks to queue
[2022-10-03T01:55:40.242+0000] {logging_mixin.py:115} INFO - [2022-10-03T01:55:40.241+0000] {dagbag.py:508} INFO - Filling up the DagBag from /home/airflow/.local/lib/python3.7/site-packages/airflow/example_dags/example_external_task_marker_dag.py
[2022-10-03T01:55:40.246+0000] {processor.py:650} INFO - DAG(s) dict_keys(['example_external_task_marker_parent', 'example_external_task_marker_child']) retrieved from /home/airflow/.local/lib/python3.7/site-packages/airflow/example_dags/example_external_task_marker_dag.py
[2022-10-03T01:55:40.516+0000] {logging_mixin.py:115} INFO - [2022-10-03T01:55:40.516+0000] {dag.py:2429} INFO - Sync 2 DAGs
[2022-10-03T01:55:40.536+0000] {logging_mixin.py:115} INFO - [2022-10-03T01:55:40.536+0000] {dag.py:2981} INFO - Setting next_dagrun for example_external_task_marker_child to None, run_after=None
[2022-10-03T01:55:40.537+0000] {logging_mixin.py:115} INFO - [2022-10-03T01:55:40.537+0000] {dag.py:2981} INFO - Setting next_dagrun for example_external_task_marker_parent to None, run_after=None
[2022-10-03T01:55:40.549+0000] {processor.py:161} INFO - Processing /home/airflow/.local/lib/python3.7/site-packages/airflow/example_dags/example_external_task_marker_dag.py took 0.312 seconds
[2022-10-03T01:56:10.915+0000] {processor.py:153} INFO - Started process (PID=469) to work on /home/airflow/.local/lib/python3.7/site-packages/airflow/example_dags/example_external_task_marker_dag.py
[2022-10-03T01:56:10.916+0000] {processor.py:640} INFO - Processing file /home/airflow/.local/lib/python3.7/site-packages/airflow/example_dags/example_external_task_marker_dag.py for tasks to queue
[2022-10-03T01:56:10.917+0000] {logging_mixin.py:115} INFO - [2022-10-03T01:56:10.917+0000] {dagbag.py:508} INFO - Filling up the DagBag from /home/airflow/.local/lib/python3.7/site-packages/airflow/example_dags/example_external_task_marker_dag.py
[2022-10-03T01:56:10.921+0000] {processor.py:650} INFO - DAG(s) dict_keys(['example_external_task_marker_parent', 'example_external_task_marker_child']) retrieved from /home/airflow/.local/lib/python3.7/site-packages/airflow/example_dags/example_external_task_marker_dag.py
[2022-10-03T01:56:11.223+0000] {logging_mixin.py:115} INFO - [2022-10-03T01:56:11.223+0000] {dag.py:2429} INFO - Sync 2 DAGs
[2022-10-03T01:56:11.267+0000] {logging_mixin.py:115} INFO - [2022-10-03T01:56:11.266+0000] {dag.py:2981} INFO - Setting next_dagrun for example_external_task_marker_child to None, run_after=None
[2022-10-03T01:56:11.268+0000] {logging_mixin.py:115} INFO - [2022-10-03T01:56:11.268+0000] {dag.py:2981} INFO - Setting next_dagrun for example_external_task_marker_parent to None, run_after=None
[2022-10-03T01:56:11.295+0000] {processor.py:161} INFO - Processing /home/airflow/.local/lib/python3.7/site-packages/airflow/example_dags/example_external_task_marker_dag.py took 0.381 seconds
[2022-10-03T01:56:41.651+0000] {processor.py:153} INFO - Started process (PID=531) to work on /home/airflow/.local/lib/python3.7/site-packages/airflow/example_dags/example_external_task_marker_dag.py
[2022-10-03T01:56:41.652+0000] {processor.py:640} INFO - Processing file /home/airflow/.local/lib/python3.7/site-packages/airflow/example_dags/example_external_task_marker_dag.py for tasks to queue
[2022-10-03T01:56:41.654+0000] {logging_mixin.py:115} INFO - [2022-10-03T01:56:41.654+0000] {dagbag.py:508} INFO - Filling up the DagBag from /home/airflow/.local/lib/python3.7/site-packages/airflow/example_dags/example_external_task_marker_dag.py
[2022-10-03T01:56:41.664+0000] {processor.py:650} INFO - DAG(s) dict_keys(['example_external_task_marker_parent', 'example_external_task_marker_child']) retrieved from /home/airflow/.local/lib/python3.7/site-packages/airflow/example_dags/example_external_task_marker_dag.py
[2022-10-03T01:56:41.947+0000] {logging_mixin.py:115} INFO - [2022-10-03T01:56:41.946+0000] {dag.py:2429} INFO - Sync 2 DAGs
[2022-10-03T01:56:41.965+0000] {logging_mixin.py:115} INFO - [2022-10-03T01:56:41.965+0000] {dag.py:2981} INFO - Setting next_dagrun for example_external_task_marker_child to None, run_after=None
[2022-10-03T01:56:41.966+0000] {logging_mixin.py:115} INFO - [2022-10-03T01:56:41.966+0000] {dag.py:2981} INFO - Setting next_dagrun for example_external_task_marker_parent to None, run_after=None
[2022-10-03T01:56:41.981+0000] {processor.py:161} INFO - Processing /home/airflow/.local/lib/python3.7/site-packages/airflow/example_dags/example_external_task_marker_dag.py took 0.335 seconds
[2022-10-03T01:57:12.109+0000] {processor.py:153} INFO - Started process (PID=586) to work on /home/airflow/.local/lib/python3.7/site-packages/airflow/example_dags/example_external_task_marker_dag.py
[2022-10-03T01:57:12.110+0000] {processor.py:640} INFO - Processing file /home/airflow/.local/lib/python3.7/site-packages/airflow/example_dags/example_external_task_marker_dag.py for tasks to queue
[2022-10-03T01:57:12.111+0000] {logging_mixin.py:115} INFO - [2022-10-03T01:57:12.111+0000] {dagbag.py:508} INFO - Filling up the DagBag from /home/airflow/.local/lib/python3.7/site-packages/airflow/example_dags/example_external_task_marker_dag.py
[2022-10-03T01:57:12.115+0000] {processor.py:650} INFO - DAG(s) dict_keys(['example_external_task_marker_parent', 'example_external_task_marker_child']) retrieved from /home/airflow/.local/lib/python3.7/site-packages/airflow/example_dags/example_external_task_marker_dag.py
[2022-10-03T01:57:12.399+0000] {logging_mixin.py:115} INFO - [2022-10-03T01:57:12.399+0000] {dag.py:2429} INFO - Sync 2 DAGs
[2022-10-03T01:57:12.419+0000] {logging_mixin.py:115} INFO - [2022-10-03T01:57:12.419+0000] {dag.py:2981} INFO - Setting next_dagrun for example_external_task_marker_child to None, run_after=None
[2022-10-03T01:57:12.420+0000] {logging_mixin.py:115} INFO - [2022-10-03T01:57:12.420+0000] {dag.py:2981} INFO - Setting next_dagrun for example_external_task_marker_parent to None, run_after=None
[2022-10-03T01:57:12.433+0000] {processor.py:161} INFO - Processing /home/airflow/.local/lib/python3.7/site-packages/airflow/example_dags/example_external_task_marker_dag.py took 0.328 seconds
[2022-10-03T01:57:42.839+0000] {processor.py:153} INFO - Started process (PID=641) to work on /home/airflow/.local/lib/python3.7/site-packages/airflow/example_dags/example_external_task_marker_dag.py
[2022-10-03T01:57:42.840+0000] {processor.py:640} INFO - Processing file /home/airflow/.local/lib/python3.7/site-packages/airflow/example_dags/example_external_task_marker_dag.py for tasks to queue
[2022-10-03T01:57:42.841+0000] {logging_mixin.py:115} INFO - [2022-10-03T01:57:42.841+0000] {dagbag.py:508} INFO - Filling up the DagBag from /home/airflow/.local/lib/python3.7/site-packages/airflow/example_dags/example_external_task_marker_dag.py
[2022-10-03T01:57:42.845+0000] {processor.py:650} INFO - DAG(s) dict_keys(['example_external_task_marker_parent', 'example_external_task_marker_child']) retrieved from /home/airflow/.local/lib/python3.7/site-packages/airflow/example_dags/example_external_task_marker_dag.py
[2022-10-03T01:57:43.171+0000] {logging_mixin.py:115} INFO - [2022-10-03T01:57:43.171+0000] {dag.py:2429} INFO - Sync 2 DAGs
[2022-10-03T01:57:43.191+0000] {logging_mixin.py:115} INFO - [2022-10-03T01:57:43.191+0000] {dag.py:2981} INFO - Setting next_dagrun for example_external_task_marker_child to None, run_after=None
[2022-10-03T01:57:43.192+0000] {logging_mixin.py:115} INFO - [2022-10-03T01:57:43.192+0000] {dag.py:2981} INFO - Setting next_dagrun for example_external_task_marker_parent to None, run_after=None
[2022-10-03T01:57:43.206+0000] {processor.py:161} INFO - Processing /home/airflow/.local/lib/python3.7/site-packages/airflow/example_dags/example_external_task_marker_dag.py took 0.369 seconds
[2022-10-03T01:58:13.459+0000] {processor.py:153} INFO - Started process (PID=696) to work on /home/airflow/.local/lib/python3.7/site-packages/airflow/example_dags/example_external_task_marker_dag.py
[2022-10-03T01:58:13.460+0000] {processor.py:640} INFO - Processing file /home/airflow/.local/lib/python3.7/site-packages/airflow/example_dags/example_external_task_marker_dag.py for tasks to queue
[2022-10-03T01:58:13.460+0000] {logging_mixin.py:115} INFO - [2022-10-03T01:58:13.460+0000] {dagbag.py:508} INFO - Filling up the DagBag from /home/airflow/.local/lib/python3.7/site-packages/airflow/example_dags/example_external_task_marker_dag.py
[2022-10-03T01:58:13.464+0000] {processor.py:650} INFO - DAG(s) dict_keys(['example_external_task_marker_parent', 'example_external_task_marker_child']) retrieved from /home/airflow/.local/lib/python3.7/site-packages/airflow/example_dags/example_external_task_marker_dag.py
[2022-10-03T01:58:13.726+0000] {logging_mixin.py:115} INFO - [2022-10-03T01:58:13.726+0000] {dag.py:2429} INFO - Sync 2 DAGs
[2022-10-03T01:58:13.747+0000] {logging_mixin.py:115} INFO - [2022-10-03T01:58:13.747+0000] {dag.py:2981} INFO - Setting next_dagrun for example_external_task_marker_child to None, run_after=None
[2022-10-03T01:58:13.748+0000] {logging_mixin.py:115} INFO - [2022-10-03T01:58:13.747+0000] {dag.py:2981} INFO - Setting next_dagrun for example_external_task_marker_parent to None, run_after=None
[2022-10-03T01:58:13.761+0000] {processor.py:161} INFO - Processing /home/airflow/.local/lib/python3.7/site-packages/airflow/example_dags/example_external_task_marker_dag.py took 0.306 seconds
[2022-10-03T01:58:43.837+0000] {processor.py:153} INFO - Started process (PID=751) to work on /home/airflow/.local/lib/python3.7/site-packages/airflow/example_dags/example_external_task_marker_dag.py
[2022-10-03T01:58:43.838+0000] {processor.py:640} INFO - Processing file /home/airflow/.local/lib/python3.7/site-packages/airflow/example_dags/example_external_task_marker_dag.py for tasks to queue
[2022-10-03T01:58:43.840+0000] {logging_mixin.py:115} INFO - [2022-10-03T01:58:43.839+0000] {dagbag.py:508} INFO - Filling up the DagBag from /home/airflow/.local/lib/python3.7/site-packages/airflow/example_dags/example_external_task_marker_dag.py
[2022-10-03T01:58:43.844+0000] {processor.py:650} INFO - DAG(s) dict_keys(['example_external_task_marker_parent', 'example_external_task_marker_child']) retrieved from /home/airflow/.local/lib/python3.7/site-packages/airflow/example_dags/example_external_task_marker_dag.py
[2022-10-03T01:58:44.165+0000] {logging_mixin.py:115} INFO - [2022-10-03T01:58:44.165+0000] {dag.py:2429} INFO - Sync 2 DAGs
[2022-10-03T01:58:44.185+0000] {logging_mixin.py:115} INFO - [2022-10-03T01:58:44.185+0000] {dag.py:2981} INFO - Setting next_dagrun for example_external_task_marker_child to None, run_after=None
[2022-10-03T01:58:44.185+0000] {logging_mixin.py:115} INFO - [2022-10-03T01:58:44.185+0000] {dag.py:2981} INFO - Setting next_dagrun for example_external_task_marker_parent to None, run_after=None
[2022-10-03T01:58:44.197+0000] {processor.py:161} INFO - Processing /home/airflow/.local/lib/python3.7/site-packages/airflow/example_dags/example_external_task_marker_dag.py took 0.363 seconds
[2022-10-03T01:59:14.690+0000] {processor.py:153} INFO - Started process (PID=807) to work on /home/airflow/.local/lib/python3.7/site-packages/airflow/example_dags/example_external_task_marker_dag.py
[2022-10-03T01:59:14.691+0000] {processor.py:640} INFO - Processing file /home/airflow/.local/lib/python3.7/site-packages/airflow/example_dags/example_external_task_marker_dag.py for tasks to queue
[2022-10-03T01:59:14.692+0000] {logging_mixin.py:115} INFO - [2022-10-03T01:59:14.691+0000] {dagbag.py:508} INFO - Filling up the DagBag from /home/airflow/.local/lib/python3.7/site-packages/airflow/example_dags/example_external_task_marker_dag.py
[2022-10-03T01:59:14.695+0000] {processor.py:650} INFO - DAG(s) dict_keys(['example_external_task_marker_parent', 'example_external_task_marker_child']) retrieved from /home/airflow/.local/lib/python3.7/site-packages/airflow/example_dags/example_external_task_marker_dag.py
[2022-10-03T01:59:15.014+0000] {logging_mixin.py:115} INFO - [2022-10-03T01:59:15.014+0000] {dag.py:2429} INFO - Sync 2 DAGs
[2022-10-03T01:59:15.039+0000] {logging_mixin.py:115} INFO - [2022-10-03T01:59:15.039+0000] {dag.py:2981} INFO - Setting next_dagrun for example_external_task_marker_child to None, run_after=None
[2022-10-03T01:59:15.040+0000] {logging_mixin.py:115} INFO - [2022-10-03T01:59:15.040+0000] {dag.py:2981} INFO - Setting next_dagrun for example_external_task_marker_parent to None, run_after=None
[2022-10-03T01:59:15.059+0000] {processor.py:161} INFO - Processing /home/airflow/.local/lib/python3.7/site-packages/airflow/example_dags/example_external_task_marker_dag.py took 0.371 seconds
[2022-10-03T01:59:45.189+0000] {processor.py:153} INFO - Started process (PID=862) to work on /home/airflow/.local/lib/python3.7/site-packages/airflow/example_dags/example_external_task_marker_dag.py
[2022-10-03T01:59:45.189+0000] {processor.py:640} INFO - Processing file /home/airflow/.local/lib/python3.7/site-packages/airflow/example_dags/example_external_task_marker_dag.py for tasks to queue
[2022-10-03T01:59:45.190+0000] {logging_mixin.py:115} INFO - [2022-10-03T01:59:45.190+0000] {dagbag.py:508} INFO - Filling up the DagBag from /home/airflow/.local/lib/python3.7/site-packages/airflow/example_dags/example_external_task_marker_dag.py
[2022-10-03T01:59:45.194+0000] {processor.py:650} INFO - DAG(s) dict_keys(['example_external_task_marker_parent', 'example_external_task_marker_child']) retrieved from /home/airflow/.local/lib/python3.7/site-packages/airflow/example_dags/example_external_task_marker_dag.py
[2022-10-03T01:59:45.444+0000] {logging_mixin.py:115} INFO - [2022-10-03T01:59:45.444+0000] {dag.py:2429} INFO - Sync 2 DAGs
[2022-10-03T01:59:45.465+0000] {logging_mixin.py:115} INFO - [2022-10-03T01:59:45.465+0000] {dag.py:2981} INFO - Setting next_dagrun for example_external_task_marker_child to None, run_after=None
[2022-10-03T01:59:45.466+0000] {logging_mixin.py:115} INFO - [2022-10-03T01:59:45.465+0000] {dag.py:2981} INFO - Setting next_dagrun for example_external_task_marker_parent to None, run_after=None
[2022-10-03T01:59:45.478+0000] {processor.py:161} INFO - Processing /home/airflow/.local/lib/python3.7/site-packages/airflow/example_dags/example_external_task_marker_dag.py took 0.292 seconds
