[2022-10-03T01:29:45.568+0000] {processor.py:153} INFO - Started process (PID=46) to work on /home/airflow/.local/lib/python3.7/site-packages/airflow/example_dags/example_xcom.py
[2022-10-03T01:29:45.570+0000] {processor.py:640} INFO - Processing file /home/airflow/.local/lib/python3.7/site-packages/airflow/example_dags/example_xcom.py for tasks to queue
[2022-10-03T01:29:45.571+0000] {logging_mixin.py:115} INFO - [2022-10-03T01:29:45.571+0000] {dagbag.py:508} INFO - Filling up the DagBag from /home/airflow/.local/lib/python3.7/site-packages/airflow/example_dags/example_xcom.py
[2022-10-03T01:29:45.595+0000] {processor.py:650} INFO - DAG(s) dict_keys(['example_xcom']) retrieved from /home/airflow/.local/lib/python3.7/site-packages/airflow/example_dags/example_xcom.py
[2022-10-03T01:29:45.807+0000] {logging_mixin.py:115} INFO - [2022-10-03T01:29:45.806+0000] {manager.py:508} INFO - Created Permission View: can edit on DAG:example_xcom
[2022-10-03T01:29:45.827+0000] {logging_mixin.py:115} INFO - [2022-10-03T01:29:45.827+0000] {manager.py:508} INFO - Created Permission View: can read on DAG:example_xcom
[2022-10-03T01:29:45.844+0000] {logging_mixin.py:115} INFO - [2022-10-03T01:29:45.844+0000] {manager.py:508} INFO - Created Permission View: can delete on DAG:example_xcom
[2022-10-03T01:29:45.845+0000] {logging_mixin.py:115} INFO - [2022-10-03T01:29:45.845+0000] {dag.py:2429} INFO - Sync 1 DAGs
[2022-10-03T01:29:45.859+0000] {logging_mixin.py:115} INFO - [2022-10-03T01:29:45.859+0000] {dag.py:2448} INFO - Creating ORM DAG for example_xcom
[2022-10-03T01:29:45.878+0000] {logging_mixin.py:115} INFO - [2022-10-03T01:29:45.877+0000] {dag.py:2981} INFO - Setting next_dagrun for example_xcom to 2021-01-01T00:00:00+00:00, run_after=2021-01-01T00:00:00+00:00
[2022-10-03T01:29:45.908+0000] {processor.py:161} INFO - Processing /home/airflow/.local/lib/python3.7/site-packages/airflow/example_dags/example_xcom.py took 0.343 seconds
[2022-10-03T01:30:16.717+0000] {processor.py:153} INFO - Started process (PID=108) to work on /home/airflow/.local/lib/python3.7/site-packages/airflow/example_dags/example_xcom.py
[2022-10-03T01:30:16.718+0000] {processor.py:640} INFO - Processing file /home/airflow/.local/lib/python3.7/site-packages/airflow/example_dags/example_xcom.py for tasks to queue
[2022-10-03T01:30:16.719+0000] {logging_mixin.py:115} INFO - [2022-10-03T01:30:16.718+0000] {dagbag.py:508} INFO - Filling up the DagBag from /home/airflow/.local/lib/python3.7/site-packages/airflow/example_dags/example_xcom.py
[2022-10-03T01:30:16.737+0000] {processor.py:650} INFO - DAG(s) dict_keys(['example_xcom']) retrieved from /home/airflow/.local/lib/python3.7/site-packages/airflow/example_dags/example_xcom.py
[2022-10-03T01:30:16.922+0000] {logging_mixin.py:115} INFO - [2022-10-03T01:30:16.922+0000] {dag.py:2429} INFO - Sync 1 DAGs
[2022-10-03T01:30:16.940+0000] {logging_mixin.py:115} INFO - [2022-10-03T01:30:16.940+0000] {dag.py:2981} INFO - Setting next_dagrun for example_xcom to 2021-01-01T00:00:00+00:00, run_after=2021-01-01T00:00:00+00:00
[2022-10-03T01:30:16.956+0000] {processor.py:161} INFO - Processing /home/airflow/.local/lib/python3.7/site-packages/airflow/example_dags/example_xcom.py took 0.242 seconds
[2022-10-03T01:30:47.377+0000] {processor.py:153} INFO - Started process (PID=163) to work on /home/airflow/.local/lib/python3.7/site-packages/airflow/example_dags/example_xcom.py
[2022-10-03T01:30:47.377+0000] {processor.py:640} INFO - Processing file /home/airflow/.local/lib/python3.7/site-packages/airflow/example_dags/example_xcom.py for tasks to queue
[2022-10-03T01:30:47.378+0000] {logging_mixin.py:115} INFO - [2022-10-03T01:30:47.378+0000] {dagbag.py:508} INFO - Filling up the DagBag from /home/airflow/.local/lib/python3.7/site-packages/airflow/example_dags/example_xcom.py
[2022-10-03T01:30:47.396+0000] {processor.py:650} INFO - DAG(s) dict_keys(['example_xcom']) retrieved from /home/airflow/.local/lib/python3.7/site-packages/airflow/example_dags/example_xcom.py
[2022-10-03T01:30:47.557+0000] {logging_mixin.py:115} INFO - [2022-10-03T01:30:47.557+0000] {dag.py:2429} INFO - Sync 1 DAGs
[2022-10-03T01:30:47.577+0000] {logging_mixin.py:115} INFO - [2022-10-03T01:30:47.576+0000] {dag.py:2981} INFO - Setting next_dagrun for example_xcom to 2021-01-01T00:00:00+00:00, run_after=2021-01-01T00:00:00+00:00
[2022-10-03T01:30:47.596+0000] {processor.py:161} INFO - Processing /home/airflow/.local/lib/python3.7/site-packages/airflow/example_dags/example_xcom.py took 0.222 seconds
[2022-10-03T01:31:18.107+0000] {processor.py:153} INFO - Started process (PID=218) to work on /home/airflow/.local/lib/python3.7/site-packages/airflow/example_dags/example_xcom.py
[2022-10-03T01:31:18.108+0000] {processor.py:640} INFO - Processing file /home/airflow/.local/lib/python3.7/site-packages/airflow/example_dags/example_xcom.py for tasks to queue
[2022-10-03T01:31:18.109+0000] {logging_mixin.py:115} INFO - [2022-10-03T01:31:18.109+0000] {dagbag.py:508} INFO - Filling up the DagBag from /home/airflow/.local/lib/python3.7/site-packages/airflow/example_dags/example_xcom.py
[2022-10-03T01:31:18.131+0000] {processor.py:650} INFO - DAG(s) dict_keys(['example_xcom']) retrieved from /home/airflow/.local/lib/python3.7/site-packages/airflow/example_dags/example_xcom.py
[2022-10-03T01:31:18.305+0000] {logging_mixin.py:115} INFO - [2022-10-03T01:31:18.305+0000] {dag.py:2429} INFO - Sync 1 DAGs
[2022-10-03T01:31:18.325+0000] {logging_mixin.py:115} INFO - [2022-10-03T01:31:18.325+0000] {dag.py:2981} INFO - Setting next_dagrun for example_xcom to 2021-01-01T00:00:00+00:00, run_after=2021-01-01T00:00:00+00:00
[2022-10-03T01:31:18.344+0000] {processor.py:161} INFO - Processing /home/airflow/.local/lib/python3.7/site-packages/airflow/example_dags/example_xcom.py took 0.240 seconds
[2022-10-03T01:31:48.864+0000] {processor.py:153} INFO - Started process (PID=274) to work on /home/airflow/.local/lib/python3.7/site-packages/airflow/example_dags/example_xcom.py
[2022-10-03T01:31:48.865+0000] {processor.py:640} INFO - Processing file /home/airflow/.local/lib/python3.7/site-packages/airflow/example_dags/example_xcom.py for tasks to queue
[2022-10-03T01:31:48.866+0000] {logging_mixin.py:115} INFO - [2022-10-03T01:31:48.866+0000] {dagbag.py:508} INFO - Filling up the DagBag from /home/airflow/.local/lib/python3.7/site-packages/airflow/example_dags/example_xcom.py
[2022-10-03T01:31:48.883+0000] {processor.py:650} INFO - DAG(s) dict_keys(['example_xcom']) retrieved from /home/airflow/.local/lib/python3.7/site-packages/airflow/example_dags/example_xcom.py
[2022-10-03T01:31:49.047+0000] {logging_mixin.py:115} INFO - [2022-10-03T01:31:49.047+0000] {dag.py:2429} INFO - Sync 1 DAGs
[2022-10-03T01:31:49.066+0000] {logging_mixin.py:115} INFO - [2022-10-03T01:31:49.066+0000] {dag.py:2981} INFO - Setting next_dagrun for example_xcom to 2021-01-01T00:00:00+00:00, run_after=2021-01-01T00:00:00+00:00
[2022-10-03T01:31:49.083+0000] {processor.py:161} INFO - Processing /home/airflow/.local/lib/python3.7/site-packages/airflow/example_dags/example_xcom.py took 0.222 seconds
[2022-10-03T01:32:19.556+0000] {processor.py:153} INFO - Started process (PID=329) to work on /home/airflow/.local/lib/python3.7/site-packages/airflow/example_dags/example_xcom.py
[2022-10-03T01:32:19.557+0000] {processor.py:640} INFO - Processing file /home/airflow/.local/lib/python3.7/site-packages/airflow/example_dags/example_xcom.py for tasks to queue
[2022-10-03T01:32:19.558+0000] {logging_mixin.py:115} INFO - [2022-10-03T01:32:19.558+0000] {dagbag.py:508} INFO - Filling up the DagBag from /home/airflow/.local/lib/python3.7/site-packages/airflow/example_dags/example_xcom.py
[2022-10-03T01:32:19.576+0000] {processor.py:650} INFO - DAG(s) dict_keys(['example_xcom']) retrieved from /home/airflow/.local/lib/python3.7/site-packages/airflow/example_dags/example_xcom.py
[2022-10-03T01:32:19.737+0000] {logging_mixin.py:115} INFO - [2022-10-03T01:32:19.737+0000] {dag.py:2429} INFO - Sync 1 DAGs
[2022-10-03T01:32:19.755+0000] {logging_mixin.py:115} INFO - [2022-10-03T01:32:19.755+0000] {dag.py:2981} INFO - Setting next_dagrun for example_xcom to 2021-01-01T00:00:00+00:00, run_after=2021-01-01T00:00:00+00:00
[2022-10-03T01:32:19.774+0000] {processor.py:161} INFO - Processing /home/airflow/.local/lib/python3.7/site-packages/airflow/example_dags/example_xcom.py took 0.220 seconds
[2022-10-03T01:32:50.467+0000] {processor.py:153} INFO - Started process (PID=384) to work on /home/airflow/.local/lib/python3.7/site-packages/airflow/example_dags/example_xcom.py
[2022-10-03T01:32:50.468+0000] {processor.py:640} INFO - Processing file /home/airflow/.local/lib/python3.7/site-packages/airflow/example_dags/example_xcom.py for tasks to queue
[2022-10-03T01:32:50.469+0000] {logging_mixin.py:115} INFO - [2022-10-03T01:32:50.469+0000] {dagbag.py:508} INFO - Filling up the DagBag from /home/airflow/.local/lib/python3.7/site-packages/airflow/example_dags/example_xcom.py
[2022-10-03T01:32:50.490+0000] {processor.py:650} INFO - DAG(s) dict_keys(['example_xcom']) retrieved from /home/airflow/.local/lib/python3.7/site-packages/airflow/example_dags/example_xcom.py
[2022-10-03T01:32:50.688+0000] {logging_mixin.py:115} INFO - [2022-10-03T01:32:50.688+0000] {dag.py:2429} INFO - Sync 1 DAGs
[2022-10-03T01:32:50.709+0000] {logging_mixin.py:115} INFO - [2022-10-03T01:32:50.709+0000] {dag.py:2981} INFO - Setting next_dagrun for example_xcom to 2021-01-01T00:00:00+00:00, run_after=2021-01-01T00:00:00+00:00
[2022-10-03T01:32:50.728+0000] {processor.py:161} INFO - Processing /home/airflow/.local/lib/python3.7/site-packages/airflow/example_dags/example_xcom.py took 0.265 seconds
[2022-10-03T01:33:21.178+0000] {processor.py:153} INFO - Started process (PID=439) to work on /home/airflow/.local/lib/python3.7/site-packages/airflow/example_dags/example_xcom.py
[2022-10-03T01:33:21.179+0000] {processor.py:640} INFO - Processing file /home/airflow/.local/lib/python3.7/site-packages/airflow/example_dags/example_xcom.py for tasks to queue
[2022-10-03T01:33:21.180+0000] {logging_mixin.py:115} INFO - [2022-10-03T01:33:21.180+0000] {dagbag.py:508} INFO - Filling up the DagBag from /home/airflow/.local/lib/python3.7/site-packages/airflow/example_dags/example_xcom.py
[2022-10-03T01:33:21.195+0000] {processor.py:650} INFO - DAG(s) dict_keys(['example_xcom']) retrieved from /home/airflow/.local/lib/python3.7/site-packages/airflow/example_dags/example_xcom.py
[2022-10-03T01:33:21.345+0000] {logging_mixin.py:115} INFO - [2022-10-03T01:33:21.345+0000] {dag.py:2429} INFO - Sync 1 DAGs
[2022-10-03T01:33:21.364+0000] {logging_mixin.py:115} INFO - [2022-10-03T01:33:21.364+0000] {dag.py:2981} INFO - Setting next_dagrun for example_xcom to 2021-01-01T00:00:00+00:00, run_after=2021-01-01T00:00:00+00:00
[2022-10-03T01:33:21.387+0000] {processor.py:161} INFO - Processing /home/airflow/.local/lib/python3.7/site-packages/airflow/example_dags/example_xcom.py took 0.211 seconds
[2022-10-03T01:33:51.988+0000] {processor.py:153} INFO - Started process (PID=494) to work on /home/airflow/.local/lib/python3.7/site-packages/airflow/example_dags/example_xcom.py
[2022-10-03T01:33:51.989+0000] {processor.py:640} INFO - Processing file /home/airflow/.local/lib/python3.7/site-packages/airflow/example_dags/example_xcom.py for tasks to queue
[2022-10-03T01:33:51.990+0000] {logging_mixin.py:115} INFO - [2022-10-03T01:33:51.990+0000] {dagbag.py:508} INFO - Filling up the DagBag from /home/airflow/.local/lib/python3.7/site-packages/airflow/example_dags/example_xcom.py
[2022-10-03T01:33:52.011+0000] {processor.py:650} INFO - DAG(s) dict_keys(['example_xcom']) retrieved from /home/airflow/.local/lib/python3.7/site-packages/airflow/example_dags/example_xcom.py
[2022-10-03T01:33:52.175+0000] {logging_mixin.py:115} INFO - [2022-10-03T01:33:52.174+0000] {dag.py:2429} INFO - Sync 1 DAGs
[2022-10-03T01:33:52.193+0000] {logging_mixin.py:115} INFO - [2022-10-03T01:33:52.193+0000] {dag.py:2981} INFO - Setting next_dagrun for example_xcom to 2021-01-01T00:00:00+00:00, run_after=2021-01-01T00:00:00+00:00
[2022-10-03T01:33:52.210+0000] {processor.py:161} INFO - Processing /home/airflow/.local/lib/python3.7/site-packages/airflow/example_dags/example_xcom.py took 0.225 seconds
[2022-10-03T01:34:22.719+0000] {processor.py:153} INFO - Started process (PID=549) to work on /home/airflow/.local/lib/python3.7/site-packages/airflow/example_dags/example_xcom.py
[2022-10-03T01:34:22.720+0000] {processor.py:640} INFO - Processing file /home/airflow/.local/lib/python3.7/site-packages/airflow/example_dags/example_xcom.py for tasks to queue
[2022-10-03T01:34:22.722+0000] {logging_mixin.py:115} INFO - [2022-10-03T01:34:22.722+0000] {dagbag.py:508} INFO - Filling up the DagBag from /home/airflow/.local/lib/python3.7/site-packages/airflow/example_dags/example_xcom.py
[2022-10-03T01:34:22.749+0000] {processor.py:650} INFO - DAG(s) dict_keys(['example_xcom']) retrieved from /home/airflow/.local/lib/python3.7/site-packages/airflow/example_dags/example_xcom.py
[2022-10-03T01:34:22.939+0000] {logging_mixin.py:115} INFO - [2022-10-03T01:34:22.939+0000] {dag.py:2429} INFO - Sync 1 DAGs
[2022-10-03T01:34:22.956+0000] {logging_mixin.py:115} INFO - [2022-10-03T01:34:22.956+0000] {dag.py:2981} INFO - Setting next_dagrun for example_xcom to 2021-01-01T00:00:00+00:00, run_after=2021-01-01T00:00:00+00:00
[2022-10-03T01:34:22.972+0000] {processor.py:161} INFO - Processing /home/airflow/.local/lib/python3.7/site-packages/airflow/example_dags/example_xcom.py took 0.257 seconds
[2022-10-03T01:34:53.417+0000] {processor.py:153} INFO - Started process (PID=604) to work on /home/airflow/.local/lib/python3.7/site-packages/airflow/example_dags/example_xcom.py
[2022-10-03T01:34:53.418+0000] {processor.py:640} INFO - Processing file /home/airflow/.local/lib/python3.7/site-packages/airflow/example_dags/example_xcom.py for tasks to queue
[2022-10-03T01:34:53.419+0000] {logging_mixin.py:115} INFO - [2022-10-03T01:34:53.418+0000] {dagbag.py:508} INFO - Filling up the DagBag from /home/airflow/.local/lib/python3.7/site-packages/airflow/example_dags/example_xcom.py
[2022-10-03T01:34:53.439+0000] {processor.py:650} INFO - DAG(s) dict_keys(['example_xcom']) retrieved from /home/airflow/.local/lib/python3.7/site-packages/airflow/example_dags/example_xcom.py
[2022-10-03T01:34:53.598+0000] {logging_mixin.py:115} INFO - [2022-10-03T01:34:53.598+0000] {dag.py:2429} INFO - Sync 1 DAGs
[2022-10-03T01:34:53.615+0000] {logging_mixin.py:115} INFO - [2022-10-03T01:34:53.615+0000] {dag.py:2981} INFO - Setting next_dagrun for example_xcom to 2021-01-01T00:00:00+00:00, run_after=2021-01-01T00:00:00+00:00
[2022-10-03T01:34:53.634+0000] {processor.py:161} INFO - Processing /home/airflow/.local/lib/python3.7/site-packages/airflow/example_dags/example_xcom.py took 0.219 seconds
[2022-10-03T01:35:24.107+0000] {processor.py:153} INFO - Started process (PID=659) to work on /home/airflow/.local/lib/python3.7/site-packages/airflow/example_dags/example_xcom.py
[2022-10-03T01:35:24.108+0000] {processor.py:640} INFO - Processing file /home/airflow/.local/lib/python3.7/site-packages/airflow/example_dags/example_xcom.py for tasks to queue
[2022-10-03T01:35:24.109+0000] {logging_mixin.py:115} INFO - [2022-10-03T01:35:24.109+0000] {dagbag.py:508} INFO - Filling up the DagBag from /home/airflow/.local/lib/python3.7/site-packages/airflow/example_dags/example_xcom.py
[2022-10-03T01:35:24.126+0000] {processor.py:650} INFO - DAG(s) dict_keys(['example_xcom']) retrieved from /home/airflow/.local/lib/python3.7/site-packages/airflow/example_dags/example_xcom.py
[2022-10-03T01:35:24.302+0000] {logging_mixin.py:115} INFO - [2022-10-03T01:35:24.302+0000] {dag.py:2429} INFO - Sync 1 DAGs
[2022-10-03T01:35:24.321+0000] {logging_mixin.py:115} INFO - [2022-10-03T01:35:24.321+0000] {dag.py:2981} INFO - Setting next_dagrun for example_xcom to 2021-01-01T00:00:00+00:00, run_after=2021-01-01T00:00:00+00:00
[2022-10-03T01:35:24.338+0000] {processor.py:161} INFO - Processing /home/airflow/.local/lib/python3.7/site-packages/airflow/example_dags/example_xcom.py took 0.234 seconds
[2022-10-03T01:35:55.078+0000] {processor.py:153} INFO - Started process (PID=714) to work on /home/airflow/.local/lib/python3.7/site-packages/airflow/example_dags/example_xcom.py
[2022-10-03T01:35:55.079+0000] {processor.py:640} INFO - Processing file /home/airflow/.local/lib/python3.7/site-packages/airflow/example_dags/example_xcom.py for tasks to queue
[2022-10-03T01:35:55.080+0000] {logging_mixin.py:115} INFO - [2022-10-03T01:35:55.080+0000] {dagbag.py:508} INFO - Filling up the DagBag from /home/airflow/.local/lib/python3.7/site-packages/airflow/example_dags/example_xcom.py
[2022-10-03T01:35:55.097+0000] {processor.py:650} INFO - DAG(s) dict_keys(['example_xcom']) retrieved from /home/airflow/.local/lib/python3.7/site-packages/airflow/example_dags/example_xcom.py
[2022-10-03T01:35:55.254+0000] {logging_mixin.py:115} INFO - [2022-10-03T01:35:55.254+0000] {dag.py:2429} INFO - Sync 1 DAGs
[2022-10-03T01:35:55.272+0000] {logging_mixin.py:115} INFO - [2022-10-03T01:35:55.272+0000] {dag.py:2981} INFO - Setting next_dagrun for example_xcom to 2021-01-01T00:00:00+00:00, run_after=2021-01-01T00:00:00+00:00
[2022-10-03T01:35:55.288+0000] {processor.py:161} INFO - Processing /home/airflow/.local/lib/python3.7/site-packages/airflow/example_dags/example_xcom.py took 0.212 seconds
[2022-10-03T01:36:25.741+0000] {processor.py:153} INFO - Started process (PID=769) to work on /home/airflow/.local/lib/python3.7/site-packages/airflow/example_dags/example_xcom.py
[2022-10-03T01:36:25.742+0000] {processor.py:640} INFO - Processing file /home/airflow/.local/lib/python3.7/site-packages/airflow/example_dags/example_xcom.py for tasks to queue
[2022-10-03T01:36:25.743+0000] {logging_mixin.py:115} INFO - [2022-10-03T01:36:25.742+0000] {dagbag.py:508} INFO - Filling up the DagBag from /home/airflow/.local/lib/python3.7/site-packages/airflow/example_dags/example_xcom.py
[2022-10-03T01:36:25.760+0000] {processor.py:650} INFO - DAG(s) dict_keys(['example_xcom']) retrieved from /home/airflow/.local/lib/python3.7/site-packages/airflow/example_dags/example_xcom.py
[2022-10-03T01:36:25.921+0000] {logging_mixin.py:115} INFO - [2022-10-03T01:36:25.920+0000] {dag.py:2429} INFO - Sync 1 DAGs
[2022-10-03T01:36:25.940+0000] {logging_mixin.py:115} INFO - [2022-10-03T01:36:25.940+0000] {dag.py:2981} INFO - Setting next_dagrun for example_xcom to 2021-01-01T00:00:00+00:00, run_after=2021-01-01T00:00:00+00:00
[2022-10-03T01:36:25.956+0000] {processor.py:161} INFO - Processing /home/airflow/.local/lib/python3.7/site-packages/airflow/example_dags/example_xcom.py took 0.218 seconds
[2022-10-03T01:36:56.411+0000] {processor.py:153} INFO - Started process (PID=824) to work on /home/airflow/.local/lib/python3.7/site-packages/airflow/example_dags/example_xcom.py
[2022-10-03T01:36:56.412+0000] {processor.py:640} INFO - Processing file /home/airflow/.local/lib/python3.7/site-packages/airflow/example_dags/example_xcom.py for tasks to queue
[2022-10-03T01:36:56.413+0000] {logging_mixin.py:115} INFO - [2022-10-03T01:36:56.413+0000] {dagbag.py:508} INFO - Filling up the DagBag from /home/airflow/.local/lib/python3.7/site-packages/airflow/example_dags/example_xcom.py
[2022-10-03T01:36:56.433+0000] {processor.py:650} INFO - DAG(s) dict_keys(['example_xcom']) retrieved from /home/airflow/.local/lib/python3.7/site-packages/airflow/example_dags/example_xcom.py
[2022-10-03T01:36:56.467+0000] {logging_mixin.py:115} INFO - [2022-10-03T01:36:56.467+0000] {dag.py:2429} INFO - Sync 1 DAGs
[2022-10-03T01:36:56.613+0000] {logging_mixin.py:115} INFO - [2022-10-03T01:36:56.613+0000] {dag.py:2981} INFO - Setting next_dagrun for example_xcom to 2021-01-01T00:00:00+00:00, run_after=2021-01-01T00:00:00+00:00
[2022-10-03T01:36:56.627+0000] {processor.py:161} INFO - Processing /home/airflow/.local/lib/python3.7/site-packages/airflow/example_dags/example_xcom.py took 0.219 seconds
[2022-10-03T01:37:27.167+0000] {processor.py:153} INFO - Started process (PID=881) to work on /home/airflow/.local/lib/python3.7/site-packages/airflow/example_dags/example_xcom.py
[2022-10-03T01:37:27.168+0000] {processor.py:640} INFO - Processing file /home/airflow/.local/lib/python3.7/site-packages/airflow/example_dags/example_xcom.py for tasks to queue
[2022-10-03T01:37:27.169+0000] {logging_mixin.py:115} INFO - [2022-10-03T01:37:27.169+0000] {dagbag.py:508} INFO - Filling up the DagBag from /home/airflow/.local/lib/python3.7/site-packages/airflow/example_dags/example_xcom.py
[2022-10-03T01:37:27.187+0000] {processor.py:650} INFO - DAG(s) dict_keys(['example_xcom']) retrieved from /home/airflow/.local/lib/python3.7/site-packages/airflow/example_dags/example_xcom.py
[2022-10-03T01:37:27.355+0000] {logging_mixin.py:115} INFO - [2022-10-03T01:37:27.354+0000] {dag.py:2429} INFO - Sync 1 DAGs
[2022-10-03T01:37:27.373+0000] {logging_mixin.py:115} INFO - [2022-10-03T01:37:27.372+0000] {dag.py:2981} INFO - Setting next_dagrun for example_xcom to 2021-01-01T00:00:00+00:00, run_after=2021-01-01T00:00:00+00:00
[2022-10-03T01:37:27.388+0000] {processor.py:161} INFO - Processing /home/airflow/.local/lib/python3.7/site-packages/airflow/example_dags/example_xcom.py took 0.224 seconds
[2022-10-03T01:37:57.944+0000] {processor.py:153} INFO - Started process (PID=937) to work on /home/airflow/.local/lib/python3.7/site-packages/airflow/example_dags/example_xcom.py
[2022-10-03T01:37:57.945+0000] {processor.py:640} INFO - Processing file /home/airflow/.local/lib/python3.7/site-packages/airflow/example_dags/example_xcom.py for tasks to queue
[2022-10-03T01:37:57.946+0000] {logging_mixin.py:115} INFO - [2022-10-03T01:37:57.946+0000] {dagbag.py:508} INFO - Filling up the DagBag from /home/airflow/.local/lib/python3.7/site-packages/airflow/example_dags/example_xcom.py
[2022-10-03T01:37:57.963+0000] {processor.py:650} INFO - DAG(s) dict_keys(['example_xcom']) retrieved from /home/airflow/.local/lib/python3.7/site-packages/airflow/example_dags/example_xcom.py
[2022-10-03T01:37:58.132+0000] {logging_mixin.py:115} INFO - [2022-10-03T01:37:58.132+0000] {dag.py:2429} INFO - Sync 1 DAGs
[2022-10-03T01:37:58.150+0000] {logging_mixin.py:115} INFO - [2022-10-03T01:37:58.150+0000] {dag.py:2981} INFO - Setting next_dagrun for example_xcom to 2021-01-01T00:00:00+00:00, run_after=2021-01-01T00:00:00+00:00
[2022-10-03T01:37:58.168+0000] {processor.py:161} INFO - Processing /home/airflow/.local/lib/python3.7/site-packages/airflow/example_dags/example_xcom.py took 0.226 seconds
[2022-10-03T01:38:28.621+0000] {processor.py:153} INFO - Started process (PID=992) to work on /home/airflow/.local/lib/python3.7/site-packages/airflow/example_dags/example_xcom.py
[2022-10-03T01:38:28.622+0000] {processor.py:640} INFO - Processing file /home/airflow/.local/lib/python3.7/site-packages/airflow/example_dags/example_xcom.py for tasks to queue
[2022-10-03T01:38:28.623+0000] {logging_mixin.py:115} INFO - [2022-10-03T01:38:28.623+0000] {dagbag.py:508} INFO - Filling up the DagBag from /home/airflow/.local/lib/python3.7/site-packages/airflow/example_dags/example_xcom.py
[2022-10-03T01:38:28.642+0000] {processor.py:650} INFO - DAG(s) dict_keys(['example_xcom']) retrieved from /home/airflow/.local/lib/python3.7/site-packages/airflow/example_dags/example_xcom.py
[2022-10-03T01:38:28.808+0000] {logging_mixin.py:115} INFO - [2022-10-03T01:38:28.808+0000] {dag.py:2429} INFO - Sync 1 DAGs
[2022-10-03T01:38:28.828+0000] {logging_mixin.py:115} INFO - [2022-10-03T01:38:28.828+0000] {dag.py:2981} INFO - Setting next_dagrun for example_xcom to 2021-01-01T00:00:00+00:00, run_after=2021-01-01T00:00:00+00:00
[2022-10-03T01:38:28.844+0000] {processor.py:161} INFO - Processing /home/airflow/.local/lib/python3.7/site-packages/airflow/example_dags/example_xcom.py took 0.225 seconds
[2022-10-03T01:38:59.318+0000] {processor.py:153} INFO - Started process (PID=1047) to work on /home/airflow/.local/lib/python3.7/site-packages/airflow/example_dags/example_xcom.py
[2022-10-03T01:38:59.319+0000] {processor.py:640} INFO - Processing file /home/airflow/.local/lib/python3.7/site-packages/airflow/example_dags/example_xcom.py for tasks to queue
[2022-10-03T01:38:59.320+0000] {logging_mixin.py:115} INFO - [2022-10-03T01:38:59.320+0000] {dagbag.py:508} INFO - Filling up the DagBag from /home/airflow/.local/lib/python3.7/site-packages/airflow/example_dags/example_xcom.py
[2022-10-03T01:38:59.340+0000] {processor.py:650} INFO - DAG(s) dict_keys(['example_xcom']) retrieved from /home/airflow/.local/lib/python3.7/site-packages/airflow/example_dags/example_xcom.py
[2022-10-03T01:38:59.526+0000] {logging_mixin.py:115} INFO - [2022-10-03T01:38:59.526+0000] {dag.py:2429} INFO - Sync 1 DAGs
[2022-10-03T01:38:59.546+0000] {logging_mixin.py:115} INFO - [2022-10-03T01:38:59.546+0000] {dag.py:2981} INFO - Setting next_dagrun for example_xcom to 2021-01-01T00:00:00+00:00, run_after=2021-01-01T00:00:00+00:00
[2022-10-03T01:38:59.566+0000] {processor.py:161} INFO - Processing /home/airflow/.local/lib/python3.7/site-packages/airflow/example_dags/example_xcom.py took 0.251 seconds
[2022-10-03T01:39:30.203+0000] {processor.py:153} INFO - Started process (PID=1102) to work on /home/airflow/.local/lib/python3.7/site-packages/airflow/example_dags/example_xcom.py
[2022-10-03T01:39:30.204+0000] {processor.py:640} INFO - Processing file /home/airflow/.local/lib/python3.7/site-packages/airflow/example_dags/example_xcom.py for tasks to queue
[2022-10-03T01:39:30.205+0000] {logging_mixin.py:115} INFO - [2022-10-03T01:39:30.205+0000] {dagbag.py:508} INFO - Filling up the DagBag from /home/airflow/.local/lib/python3.7/site-packages/airflow/example_dags/example_xcom.py
[2022-10-03T01:39:30.219+0000] {processor.py:650} INFO - DAG(s) dict_keys(['example_xcom']) retrieved from /home/airflow/.local/lib/python3.7/site-packages/airflow/example_dags/example_xcom.py
[2022-10-03T01:39:30.400+0000] {logging_mixin.py:115} INFO - [2022-10-03T01:39:30.399+0000] {dag.py:2429} INFO - Sync 1 DAGs
[2022-10-03T01:39:30.419+0000] {logging_mixin.py:115} INFO - [2022-10-03T01:39:30.419+0000] {dag.py:2981} INFO - Setting next_dagrun for example_xcom to 2021-01-01T00:00:00+00:00, run_after=2021-01-01T00:00:00+00:00
[2022-10-03T01:39:30.436+0000] {processor.py:161} INFO - Processing /home/airflow/.local/lib/python3.7/site-packages/airflow/example_dags/example_xcom.py took 0.236 seconds
[2022-10-03T01:40:00.714+0000] {processor.py:153} INFO - Started process (PID=1164) to work on /home/airflow/.local/lib/python3.7/site-packages/airflow/example_dags/example_xcom.py
[2022-10-03T01:40:00.715+0000] {processor.py:640} INFO - Processing file /home/airflow/.local/lib/python3.7/site-packages/airflow/example_dags/example_xcom.py for tasks to queue
[2022-10-03T01:40:00.716+0000] {logging_mixin.py:115} INFO - [2022-10-03T01:40:00.716+0000] {dagbag.py:508} INFO - Filling up the DagBag from /home/airflow/.local/lib/python3.7/site-packages/airflow/example_dags/example_xcom.py
[2022-10-03T01:40:00.733+0000] {processor.py:650} INFO - DAG(s) dict_keys(['example_xcom']) retrieved from /home/airflow/.local/lib/python3.7/site-packages/airflow/example_dags/example_xcom.py
[2022-10-03T01:40:00.907+0000] {logging_mixin.py:115} INFO - [2022-10-03T01:40:00.907+0000] {dag.py:2429} INFO - Sync 1 DAGs
[2022-10-03T01:40:00.927+0000] {logging_mixin.py:115} INFO - [2022-10-03T01:40:00.927+0000] {dag.py:2981} INFO - Setting next_dagrun for example_xcom to 2021-01-01T00:00:00+00:00, run_after=2021-01-01T00:00:00+00:00
[2022-10-03T01:40:00.943+0000] {processor.py:161} INFO - Processing /home/airflow/.local/lib/python3.7/site-packages/airflow/example_dags/example_xcom.py took 0.231 seconds
[2022-10-03T01:40:31.377+0000] {processor.py:153} INFO - Started process (PID=1219) to work on /home/airflow/.local/lib/python3.7/site-packages/airflow/example_dags/example_xcom.py
[2022-10-03T01:40:31.378+0000] {processor.py:640} INFO - Processing file /home/airflow/.local/lib/python3.7/site-packages/airflow/example_dags/example_xcom.py for tasks to queue
[2022-10-03T01:40:31.378+0000] {logging_mixin.py:115} INFO - [2022-10-03T01:40:31.378+0000] {dagbag.py:508} INFO - Filling up the DagBag from /home/airflow/.local/lib/python3.7/site-packages/airflow/example_dags/example_xcom.py
[2022-10-03T01:40:31.401+0000] {processor.py:650} INFO - DAG(s) dict_keys(['example_xcom']) retrieved from /home/airflow/.local/lib/python3.7/site-packages/airflow/example_dags/example_xcom.py
[2022-10-03T01:40:31.571+0000] {logging_mixin.py:115} INFO - [2022-10-03T01:40:31.570+0000] {dag.py:2429} INFO - Sync 1 DAGs
[2022-10-03T01:40:31.597+0000] {logging_mixin.py:115} INFO - [2022-10-03T01:40:31.597+0000] {dag.py:2981} INFO - Setting next_dagrun for example_xcom to 2021-01-01T00:00:00+00:00, run_after=2021-01-01T00:00:00+00:00
[2022-10-03T01:40:31.612+0000] {processor.py:161} INFO - Processing /home/airflow/.local/lib/python3.7/site-packages/airflow/example_dags/example_xcom.py took 0.238 seconds
[2022-10-03T01:41:02.396+0000] {processor.py:153} INFO - Started process (PID=1274) to work on /home/airflow/.local/lib/python3.7/site-packages/airflow/example_dags/example_xcom.py
[2022-10-03T01:41:02.397+0000] {processor.py:640} INFO - Processing file /home/airflow/.local/lib/python3.7/site-packages/airflow/example_dags/example_xcom.py for tasks to queue
[2022-10-03T01:41:02.398+0000] {logging_mixin.py:115} INFO - [2022-10-03T01:41:02.397+0000] {dagbag.py:508} INFO - Filling up the DagBag from /home/airflow/.local/lib/python3.7/site-packages/airflow/example_dags/example_xcom.py
[2022-10-03T01:41:02.414+0000] {processor.py:650} INFO - DAG(s) dict_keys(['example_xcom']) retrieved from /home/airflow/.local/lib/python3.7/site-packages/airflow/example_dags/example_xcom.py
[2022-10-03T01:41:02.542+0000] {logging_mixin.py:115} INFO - [2022-10-03T01:41:02.542+0000] {dag.py:2429} INFO - Sync 1 DAGs
[2022-10-03T01:41:02.563+0000] {logging_mixin.py:115} INFO - [2022-10-03T01:41:02.563+0000] {dag.py:2981} INFO - Setting next_dagrun for example_xcom to 2021-01-01T00:00:00+00:00, run_after=2021-01-01T00:00:00+00:00
[2022-10-03T01:41:02.576+0000] {processor.py:161} INFO - Processing /home/airflow/.local/lib/python3.7/site-packages/airflow/example_dags/example_xcom.py took 0.183 seconds
[2022-10-03T01:41:33.217+0000] {processor.py:153} INFO - Started process (PID=1330) to work on /home/airflow/.local/lib/python3.7/site-packages/airflow/example_dags/example_xcom.py
[2022-10-03T01:41:33.218+0000] {processor.py:640} INFO - Processing file /home/airflow/.local/lib/python3.7/site-packages/airflow/example_dags/example_xcom.py for tasks to queue
[2022-10-03T01:41:33.219+0000] {logging_mixin.py:115} INFO - [2022-10-03T01:41:33.219+0000] {dagbag.py:508} INFO - Filling up the DagBag from /home/airflow/.local/lib/python3.7/site-packages/airflow/example_dags/example_xcom.py
[2022-10-03T01:41:33.237+0000] {processor.py:650} INFO - DAG(s) dict_keys(['example_xcom']) retrieved from /home/airflow/.local/lib/python3.7/site-packages/airflow/example_dags/example_xcom.py
[2022-10-03T01:41:33.397+0000] {logging_mixin.py:115} INFO - [2022-10-03T01:41:33.397+0000] {dag.py:2429} INFO - Sync 1 DAGs
[2022-10-03T01:41:33.414+0000] {logging_mixin.py:115} INFO - [2022-10-03T01:41:33.414+0000] {dag.py:2981} INFO - Setting next_dagrun for example_xcom to 2021-01-01T00:00:00+00:00, run_after=2021-01-01T00:00:00+00:00
[2022-10-03T01:41:33.432+0000] {processor.py:161} INFO - Processing /home/airflow/.local/lib/python3.7/site-packages/airflow/example_dags/example_xcom.py took 0.218 seconds
[2022-10-03T01:42:04.160+0000] {processor.py:153} INFO - Started process (PID=1385) to work on /home/airflow/.local/lib/python3.7/site-packages/airflow/example_dags/example_xcom.py
[2022-10-03T01:42:04.162+0000] {processor.py:640} INFO - Processing file /home/airflow/.local/lib/python3.7/site-packages/airflow/example_dags/example_xcom.py for tasks to queue
[2022-10-03T01:42:04.162+0000] {logging_mixin.py:115} INFO - [2022-10-03T01:42:04.162+0000] {dagbag.py:508} INFO - Filling up the DagBag from /home/airflow/.local/lib/python3.7/site-packages/airflow/example_dags/example_xcom.py
[2022-10-03T01:42:04.184+0000] {processor.py:650} INFO - DAG(s) dict_keys(['example_xcom']) retrieved from /home/airflow/.local/lib/python3.7/site-packages/airflow/example_dags/example_xcom.py
[2022-10-03T01:42:04.340+0000] {logging_mixin.py:115} INFO - [2022-10-03T01:42:04.340+0000] {dag.py:2429} INFO - Sync 1 DAGs
[2022-10-03T01:42:04.360+0000] {logging_mixin.py:115} INFO - [2022-10-03T01:42:04.359+0000] {dag.py:2981} INFO - Setting next_dagrun for example_xcom to 2021-01-01T00:00:00+00:00, run_after=2021-01-01T00:00:00+00:00
[2022-10-03T01:42:04.375+0000] {processor.py:161} INFO - Processing /home/airflow/.local/lib/python3.7/site-packages/airflow/example_dags/example_xcom.py took 0.218 seconds
[2022-10-03T01:42:34.942+0000] {processor.py:153} INFO - Started process (PID=1440) to work on /home/airflow/.local/lib/python3.7/site-packages/airflow/example_dags/example_xcom.py
[2022-10-03T01:42:34.943+0000] {processor.py:640} INFO - Processing file /home/airflow/.local/lib/python3.7/site-packages/airflow/example_dags/example_xcom.py for tasks to queue
[2022-10-03T01:42:34.944+0000] {logging_mixin.py:115} INFO - [2022-10-03T01:42:34.944+0000] {dagbag.py:508} INFO - Filling up the DagBag from /home/airflow/.local/lib/python3.7/site-packages/airflow/example_dags/example_xcom.py
[2022-10-03T01:42:34.964+0000] {processor.py:650} INFO - DAG(s) dict_keys(['example_xcom']) retrieved from /home/airflow/.local/lib/python3.7/site-packages/airflow/example_dags/example_xcom.py
[2022-10-03T01:42:35.132+0000] {logging_mixin.py:115} INFO - [2022-10-03T01:42:35.132+0000] {dag.py:2429} INFO - Sync 1 DAGs
[2022-10-03T01:42:35.150+0000] {logging_mixin.py:115} INFO - [2022-10-03T01:42:35.150+0000] {dag.py:2981} INFO - Setting next_dagrun for example_xcom to 2021-01-01T00:00:00+00:00, run_after=2021-01-01T00:00:00+00:00
[2022-10-03T01:42:35.166+0000] {processor.py:161} INFO - Processing /home/airflow/.local/lib/python3.7/site-packages/airflow/example_dags/example_xcom.py took 0.227 seconds
[2022-10-03T01:43:05.617+0000] {processor.py:153} INFO - Started process (PID=1496) to work on /home/airflow/.local/lib/python3.7/site-packages/airflow/example_dags/example_xcom.py
[2022-10-03T01:43:05.618+0000] {processor.py:640} INFO - Processing file /home/airflow/.local/lib/python3.7/site-packages/airflow/example_dags/example_xcom.py for tasks to queue
[2022-10-03T01:43:05.619+0000] {logging_mixin.py:115} INFO - [2022-10-03T01:43:05.618+0000] {dagbag.py:508} INFO - Filling up the DagBag from /home/airflow/.local/lib/python3.7/site-packages/airflow/example_dags/example_xcom.py
[2022-10-03T01:43:05.635+0000] {processor.py:650} INFO - DAG(s) dict_keys(['example_xcom']) retrieved from /home/airflow/.local/lib/python3.7/site-packages/airflow/example_dags/example_xcom.py
[2022-10-03T01:43:05.769+0000] {logging_mixin.py:115} INFO - [2022-10-03T01:43:05.768+0000] {dag.py:2429} INFO - Sync 1 DAGs
[2022-10-03T01:43:05.788+0000] {logging_mixin.py:115} INFO - [2022-10-03T01:43:05.788+0000] {dag.py:2981} INFO - Setting next_dagrun for example_xcom to 2021-01-01T00:00:00+00:00, run_after=2021-01-01T00:00:00+00:00
[2022-10-03T01:43:05.804+0000] {processor.py:161} INFO - Processing /home/airflow/.local/lib/python3.7/site-packages/airflow/example_dags/example_xcom.py took 0.189 seconds
[2022-10-03T01:43:36.236+0000] {processor.py:153} INFO - Started process (PID=1551) to work on /home/airflow/.local/lib/python3.7/site-packages/airflow/example_dags/example_xcom.py
[2022-10-03T01:43:36.237+0000] {processor.py:640} INFO - Processing file /home/airflow/.local/lib/python3.7/site-packages/airflow/example_dags/example_xcom.py for tasks to queue
[2022-10-03T01:43:36.238+0000] {logging_mixin.py:115} INFO - [2022-10-03T01:43:36.238+0000] {dagbag.py:508} INFO - Filling up the DagBag from /home/airflow/.local/lib/python3.7/site-packages/airflow/example_dags/example_xcom.py
[2022-10-03T01:43:36.264+0000] {processor.py:650} INFO - DAG(s) dict_keys(['example_xcom']) retrieved from /home/airflow/.local/lib/python3.7/site-packages/airflow/example_dags/example_xcom.py
[2022-10-03T01:43:36.427+0000] {logging_mixin.py:115} INFO - [2022-10-03T01:43:36.427+0000] {dag.py:2429} INFO - Sync 1 DAGs
[2022-10-03T01:43:36.447+0000] {logging_mixin.py:115} INFO - [2022-10-03T01:43:36.447+0000] {dag.py:2981} INFO - Setting next_dagrun for example_xcom to 2021-01-01T00:00:00+00:00, run_after=2021-01-01T00:00:00+00:00
[2022-10-03T01:43:36.467+0000] {processor.py:161} INFO - Processing /home/airflow/.local/lib/python3.7/site-packages/airflow/example_dags/example_xcom.py took 0.235 seconds
[2022-10-03T01:44:06.752+0000] {processor.py:153} INFO - Started process (PID=1606) to work on /home/airflow/.local/lib/python3.7/site-packages/airflow/example_dags/example_xcom.py
[2022-10-03T01:44:06.753+0000] {processor.py:640} INFO - Processing file /home/airflow/.local/lib/python3.7/site-packages/airflow/example_dags/example_xcom.py for tasks to queue
[2022-10-03T01:44:06.754+0000] {logging_mixin.py:115} INFO - [2022-10-03T01:44:06.754+0000] {dagbag.py:508} INFO - Filling up the DagBag from /home/airflow/.local/lib/python3.7/site-packages/airflow/example_dags/example_xcom.py
[2022-10-03T01:44:06.775+0000] {processor.py:650} INFO - DAG(s) dict_keys(['example_xcom']) retrieved from /home/airflow/.local/lib/python3.7/site-packages/airflow/example_dags/example_xcom.py
[2022-10-03T01:44:06.958+0000] {logging_mixin.py:115} INFO - [2022-10-03T01:44:06.958+0000] {dag.py:2429} INFO - Sync 1 DAGs
[2022-10-03T01:44:06.975+0000] {logging_mixin.py:115} INFO - [2022-10-03T01:44:06.975+0000] {dag.py:2981} INFO - Setting next_dagrun for example_xcom to 2021-01-01T00:00:00+00:00, run_after=2021-01-01T00:00:00+00:00
[2022-10-03T01:44:06.994+0000] {processor.py:161} INFO - Processing /home/airflow/.local/lib/python3.7/site-packages/airflow/example_dags/example_xcom.py took 0.245 seconds
[2022-10-03T01:44:37.582+0000] {processor.py:153} INFO - Started process (PID=1661) to work on /home/airflow/.local/lib/python3.7/site-packages/airflow/example_dags/example_xcom.py
[2022-10-03T01:44:37.583+0000] {processor.py:640} INFO - Processing file /home/airflow/.local/lib/python3.7/site-packages/airflow/example_dags/example_xcom.py for tasks to queue
[2022-10-03T01:44:37.584+0000] {logging_mixin.py:115} INFO - [2022-10-03T01:44:37.584+0000] {dagbag.py:508} INFO - Filling up the DagBag from /home/airflow/.local/lib/python3.7/site-packages/airflow/example_dags/example_xcom.py
[2022-10-03T01:44:37.606+0000] {processor.py:650} INFO - DAG(s) dict_keys(['example_xcom']) retrieved from /home/airflow/.local/lib/python3.7/site-packages/airflow/example_dags/example_xcom.py
[2022-10-03T01:44:37.795+0000] {logging_mixin.py:115} INFO - [2022-10-03T01:44:37.795+0000] {dag.py:2429} INFO - Sync 1 DAGs
[2022-10-03T01:44:37.815+0000] {logging_mixin.py:115} INFO - [2022-10-03T01:44:37.814+0000] {dag.py:2981} INFO - Setting next_dagrun for example_xcom to 2021-01-01T00:00:00+00:00, run_after=2021-01-01T00:00:00+00:00
[2022-10-03T01:44:37.833+0000] {processor.py:161} INFO - Processing /home/airflow/.local/lib/python3.7/site-packages/airflow/example_dags/example_xcom.py took 0.254 seconds
[2022-10-03T01:45:08.453+0000] {processor.py:153} INFO - Started process (PID=1716) to work on /home/airflow/.local/lib/python3.7/site-packages/airflow/example_dags/example_xcom.py
[2022-10-03T01:45:08.454+0000] {processor.py:640} INFO - Processing file /home/airflow/.local/lib/python3.7/site-packages/airflow/example_dags/example_xcom.py for tasks to queue
[2022-10-03T01:45:08.455+0000] {logging_mixin.py:115} INFO - [2022-10-03T01:45:08.455+0000] {dagbag.py:508} INFO - Filling up the DagBag from /home/airflow/.local/lib/python3.7/site-packages/airflow/example_dags/example_xcom.py
[2022-10-03T01:45:08.470+0000] {processor.py:650} INFO - DAG(s) dict_keys(['example_xcom']) retrieved from /home/airflow/.local/lib/python3.7/site-packages/airflow/example_dags/example_xcom.py
[2022-10-03T01:45:08.621+0000] {logging_mixin.py:115} INFO - [2022-10-03T01:45:08.621+0000] {dag.py:2429} INFO - Sync 1 DAGs
[2022-10-03T01:45:08.640+0000] {logging_mixin.py:115} INFO - [2022-10-03T01:45:08.640+0000] {dag.py:2981} INFO - Setting next_dagrun for example_xcom to 2021-01-01T00:00:00+00:00, run_after=2021-01-01T00:00:00+00:00
[2022-10-03T01:45:08.653+0000] {processor.py:161} INFO - Processing /home/airflow/.local/lib/python3.7/site-packages/airflow/example_dags/example_xcom.py took 0.202 seconds
[2022-10-03T01:45:39.211+0000] {processor.py:153} INFO - Started process (PID=1771) to work on /home/airflow/.local/lib/python3.7/site-packages/airflow/example_dags/example_xcom.py
[2022-10-03T01:45:39.212+0000] {processor.py:640} INFO - Processing file /home/airflow/.local/lib/python3.7/site-packages/airflow/example_dags/example_xcom.py for tasks to queue
[2022-10-03T01:45:39.213+0000] {logging_mixin.py:115} INFO - [2022-10-03T01:45:39.213+0000] {dagbag.py:508} INFO - Filling up the DagBag from /home/airflow/.local/lib/python3.7/site-packages/airflow/example_dags/example_xcom.py
[2022-10-03T01:45:39.232+0000] {processor.py:650} INFO - DAG(s) dict_keys(['example_xcom']) retrieved from /home/airflow/.local/lib/python3.7/site-packages/airflow/example_dags/example_xcom.py
[2022-10-03T01:45:39.390+0000] {logging_mixin.py:115} INFO - [2022-10-03T01:45:39.390+0000] {dag.py:2429} INFO - Sync 1 DAGs
[2022-10-03T01:45:39.408+0000] {logging_mixin.py:115} INFO - [2022-10-03T01:45:39.408+0000] {dag.py:2981} INFO - Setting next_dagrun for example_xcom to 2021-01-01T00:00:00+00:00, run_after=2021-01-01T00:00:00+00:00
[2022-10-03T01:45:39.427+0000] {processor.py:161} INFO - Processing /home/airflow/.local/lib/python3.7/site-packages/airflow/example_dags/example_xcom.py took 0.218 seconds
[2022-10-03T01:46:09.943+0000] {processor.py:153} INFO - Started process (PID=1826) to work on /home/airflow/.local/lib/python3.7/site-packages/airflow/example_dags/example_xcom.py
[2022-10-03T01:46:09.943+0000] {processor.py:640} INFO - Processing file /home/airflow/.local/lib/python3.7/site-packages/airflow/example_dags/example_xcom.py for tasks to queue
[2022-10-03T01:46:09.945+0000] {logging_mixin.py:115} INFO - [2022-10-03T01:46:09.944+0000] {dagbag.py:508} INFO - Filling up the DagBag from /home/airflow/.local/lib/python3.7/site-packages/airflow/example_dags/example_xcom.py
[2022-10-03T01:46:09.964+0000] {processor.py:650} INFO - DAG(s) dict_keys(['example_xcom']) retrieved from /home/airflow/.local/lib/python3.7/site-packages/airflow/example_dags/example_xcom.py
[2022-10-03T01:46:10.129+0000] {logging_mixin.py:115} INFO - [2022-10-03T01:46:10.129+0000] {dag.py:2429} INFO - Sync 1 DAGs
[2022-10-03T01:46:10.148+0000] {logging_mixin.py:115} INFO - [2022-10-03T01:46:10.147+0000] {dag.py:2981} INFO - Setting next_dagrun for example_xcom to 2021-01-01T00:00:00+00:00, run_after=2021-01-01T00:00:00+00:00
[2022-10-03T01:46:10.164+0000] {processor.py:161} INFO - Processing /home/airflow/.local/lib/python3.7/site-packages/airflow/example_dags/example_xcom.py took 0.223 seconds
[2022-10-03T01:46:40.630+0000] {processor.py:153} INFO - Started process (PID=1881) to work on /home/airflow/.local/lib/python3.7/site-packages/airflow/example_dags/example_xcom.py
[2022-10-03T01:46:40.631+0000] {processor.py:640} INFO - Processing file /home/airflow/.local/lib/python3.7/site-packages/airflow/example_dags/example_xcom.py for tasks to queue
[2022-10-03T01:46:40.632+0000] {logging_mixin.py:115} INFO - [2022-10-03T01:46:40.632+0000] {dagbag.py:508} INFO - Filling up the DagBag from /home/airflow/.local/lib/python3.7/site-packages/airflow/example_dags/example_xcom.py
[2022-10-03T01:46:40.655+0000] {processor.py:650} INFO - DAG(s) dict_keys(['example_xcom']) retrieved from /home/airflow/.local/lib/python3.7/site-packages/airflow/example_dags/example_xcom.py
[2022-10-03T01:46:40.835+0000] {logging_mixin.py:115} INFO - [2022-10-03T01:46:40.835+0000] {dag.py:2429} INFO - Sync 1 DAGs
[2022-10-03T01:46:40.854+0000] {logging_mixin.py:115} INFO - [2022-10-03T01:46:40.854+0000] {dag.py:2981} INFO - Setting next_dagrun for example_xcom to 2021-01-01T00:00:00+00:00, run_after=2021-01-01T00:00:00+00:00
[2022-10-03T01:46:40.870+0000] {processor.py:161} INFO - Processing /home/airflow/.local/lib/python3.7/site-packages/airflow/example_dags/example_xcom.py took 0.242 seconds
[2022-10-03T01:47:11.663+0000] {processor.py:153} INFO - Started process (PID=1936) to work on /home/airflow/.local/lib/python3.7/site-packages/airflow/example_dags/example_xcom.py
[2022-10-03T01:47:11.664+0000] {processor.py:640} INFO - Processing file /home/airflow/.local/lib/python3.7/site-packages/airflow/example_dags/example_xcom.py for tasks to queue
[2022-10-03T01:47:11.665+0000] {logging_mixin.py:115} INFO - [2022-10-03T01:47:11.665+0000] {dagbag.py:508} INFO - Filling up the DagBag from /home/airflow/.local/lib/python3.7/site-packages/airflow/example_dags/example_xcom.py
[2022-10-03T01:47:11.693+0000] {processor.py:650} INFO - DAG(s) dict_keys(['example_xcom']) retrieved from /home/airflow/.local/lib/python3.7/site-packages/airflow/example_dags/example_xcom.py
[2022-10-03T01:47:11.853+0000] {logging_mixin.py:115} INFO - [2022-10-03T01:47:11.853+0000] {dag.py:2429} INFO - Sync 1 DAGs
[2022-10-03T01:47:11.871+0000] {logging_mixin.py:115} INFO - [2022-10-03T01:47:11.871+0000] {dag.py:2981} INFO - Setting next_dagrun for example_xcom to 2021-01-01T00:00:00+00:00, run_after=2021-01-01T00:00:00+00:00
[2022-10-03T01:47:11.889+0000] {processor.py:161} INFO - Processing /home/airflow/.local/lib/python3.7/site-packages/airflow/example_dags/example_xcom.py took 0.228 seconds
[2022-10-03T01:47:42.370+0000] {processor.py:153} INFO - Started process (PID=1991) to work on /home/airflow/.local/lib/python3.7/site-packages/airflow/example_dags/example_xcom.py
[2022-10-03T01:47:42.371+0000] {processor.py:640} INFO - Processing file /home/airflow/.local/lib/python3.7/site-packages/airflow/example_dags/example_xcom.py for tasks to queue
[2022-10-03T01:47:42.372+0000] {logging_mixin.py:115} INFO - [2022-10-03T01:47:42.372+0000] {dagbag.py:508} INFO - Filling up the DagBag from /home/airflow/.local/lib/python3.7/site-packages/airflow/example_dags/example_xcom.py
[2022-10-03T01:47:42.395+0000] {processor.py:650} INFO - DAG(s) dict_keys(['example_xcom']) retrieved from /home/airflow/.local/lib/python3.7/site-packages/airflow/example_dags/example_xcom.py
[2022-10-03T01:47:42.561+0000] {logging_mixin.py:115} INFO - [2022-10-03T01:47:42.561+0000] {dag.py:2429} INFO - Sync 1 DAGs
[2022-10-03T01:47:42.579+0000] {logging_mixin.py:115} INFO - [2022-10-03T01:47:42.579+0000] {dag.py:2981} INFO - Setting next_dagrun for example_xcom to 2021-01-01T00:00:00+00:00, run_after=2021-01-01T00:00:00+00:00
[2022-10-03T01:47:42.597+0000] {processor.py:161} INFO - Processing /home/airflow/.local/lib/python3.7/site-packages/airflow/example_dags/example_xcom.py took 0.229 seconds
[2022-10-03T01:48:13.169+0000] {processor.py:153} INFO - Started process (PID=2046) to work on /home/airflow/.local/lib/python3.7/site-packages/airflow/example_dags/example_xcom.py
[2022-10-03T01:48:13.171+0000] {processor.py:640} INFO - Processing file /home/airflow/.local/lib/python3.7/site-packages/airflow/example_dags/example_xcom.py for tasks to queue
[2022-10-03T01:48:13.172+0000] {logging_mixin.py:115} INFO - [2022-10-03T01:48:13.172+0000] {dagbag.py:508} INFO - Filling up the DagBag from /home/airflow/.local/lib/python3.7/site-packages/airflow/example_dags/example_xcom.py
[2022-10-03T01:48:13.192+0000] {processor.py:650} INFO - DAG(s) dict_keys(['example_xcom']) retrieved from /home/airflow/.local/lib/python3.7/site-packages/airflow/example_dags/example_xcom.py
[2022-10-03T01:48:13.368+0000] {logging_mixin.py:115} INFO - [2022-10-03T01:48:13.368+0000] {dag.py:2429} INFO - Sync 1 DAGs
[2022-10-03T01:48:13.387+0000] {logging_mixin.py:115} INFO - [2022-10-03T01:48:13.387+0000] {dag.py:2981} INFO - Setting next_dagrun for example_xcom to 2021-01-01T00:00:00+00:00, run_after=2021-01-01T00:00:00+00:00
[2022-10-03T01:48:13.407+0000] {processor.py:161} INFO - Processing /home/airflow/.local/lib/python3.7/site-packages/airflow/example_dags/example_xcom.py took 0.240 seconds
[2022-10-03T01:48:44.025+0000] {processor.py:153} INFO - Started process (PID=2101) to work on /home/airflow/.local/lib/python3.7/site-packages/airflow/example_dags/example_xcom.py
[2022-10-03T01:48:44.026+0000] {processor.py:640} INFO - Processing file /home/airflow/.local/lib/python3.7/site-packages/airflow/example_dags/example_xcom.py for tasks to queue
[2022-10-03T01:48:44.027+0000] {logging_mixin.py:115} INFO - [2022-10-03T01:48:44.026+0000] {dagbag.py:508} INFO - Filling up the DagBag from /home/airflow/.local/lib/python3.7/site-packages/airflow/example_dags/example_xcom.py
[2022-10-03T01:48:44.049+0000] {processor.py:650} INFO - DAG(s) dict_keys(['example_xcom']) retrieved from /home/airflow/.local/lib/python3.7/site-packages/airflow/example_dags/example_xcom.py
[2022-10-03T01:48:44.224+0000] {logging_mixin.py:115} INFO - [2022-10-03T01:48:44.224+0000] {dag.py:2429} INFO - Sync 1 DAGs
[2022-10-03T01:48:44.243+0000] {logging_mixin.py:115} INFO - [2022-10-03T01:48:44.242+0000] {dag.py:2981} INFO - Setting next_dagrun for example_xcom to 2021-01-01T00:00:00+00:00, run_after=2021-01-01T00:00:00+00:00
[2022-10-03T01:48:44.261+0000] {processor.py:161} INFO - Processing /home/airflow/.local/lib/python3.7/site-packages/airflow/example_dags/example_xcom.py took 0.239 seconds
[2022-10-03T01:49:14.770+0000] {processor.py:153} INFO - Started process (PID=2163) to work on /home/airflow/.local/lib/python3.7/site-packages/airflow/example_dags/example_xcom.py
[2022-10-03T01:49:14.771+0000] {processor.py:640} INFO - Processing file /home/airflow/.local/lib/python3.7/site-packages/airflow/example_dags/example_xcom.py for tasks to queue
[2022-10-03T01:49:14.772+0000] {logging_mixin.py:115} INFO - [2022-10-03T01:49:14.771+0000] {dagbag.py:508} INFO - Filling up the DagBag from /home/airflow/.local/lib/python3.7/site-packages/airflow/example_dags/example_xcom.py
[2022-10-03T01:49:14.792+0000] {processor.py:650} INFO - DAG(s) dict_keys(['example_xcom']) retrieved from /home/airflow/.local/lib/python3.7/site-packages/airflow/example_dags/example_xcom.py
[2022-10-03T01:49:14.979+0000] {logging_mixin.py:115} INFO - [2022-10-03T01:49:14.978+0000] {dag.py:2429} INFO - Sync 1 DAGs
[2022-10-03T01:49:14.998+0000] {logging_mixin.py:115} INFO - [2022-10-03T01:49:14.998+0000] {dag.py:2981} INFO - Setting next_dagrun for example_xcom to 2021-01-01T00:00:00+00:00, run_after=2021-01-01T00:00:00+00:00
[2022-10-03T01:49:15.017+0000] {processor.py:161} INFO - Processing /home/airflow/.local/lib/python3.7/site-packages/airflow/example_dags/example_xcom.py took 0.251 seconds
[2022-10-03T01:52:29.455+0000] {processor.py:153} INFO - Started process (PID=53) to work on /home/airflow/.local/lib/python3.7/site-packages/airflow/example_dags/example_xcom.py
[2022-10-03T01:52:29.457+0000] {processor.py:640} INFO - Processing file /home/airflow/.local/lib/python3.7/site-packages/airflow/example_dags/example_xcom.py for tasks to queue
[2022-10-03T01:52:29.459+0000] {logging_mixin.py:115} INFO - [2022-10-03T01:52:29.458+0000] {dagbag.py:508} INFO - Filling up the DagBag from /home/airflow/.local/lib/python3.7/site-packages/airflow/example_dags/example_xcom.py
[2022-10-03T01:52:29.511+0000] {processor.py:650} INFO - DAG(s) dict_keys(['example_xcom']) retrieved from /home/airflow/.local/lib/python3.7/site-packages/airflow/example_dags/example_xcom.py
[2022-10-03T01:52:29.859+0000] {logging_mixin.py:115} INFO - [2022-10-03T01:52:29.858+0000] {dag.py:2429} INFO - Sync 1 DAGs
[2022-10-03T01:52:29.913+0000] {logging_mixin.py:115} INFO - [2022-10-03T01:52:29.913+0000] {dag.py:2981} INFO - Setting next_dagrun for example_xcom to 2021-01-01T00:00:00+00:00, run_after=2021-01-01T00:00:00+00:00
[2022-10-03T01:52:29.941+0000] {processor.py:161} INFO - Processing /home/airflow/.local/lib/python3.7/site-packages/airflow/example_dags/example_xcom.py took 0.494 seconds
[2022-10-03T01:53:00.363+0000] {processor.py:153} INFO - Started process (PID=110) to work on /home/airflow/.local/lib/python3.7/site-packages/airflow/example_dags/example_xcom.py
[2022-10-03T01:53:00.364+0000] {processor.py:640} INFO - Processing file /home/airflow/.local/lib/python3.7/site-packages/airflow/example_dags/example_xcom.py for tasks to queue
[2022-10-03T01:53:00.366+0000] {logging_mixin.py:115} INFO - [2022-10-03T01:53:00.365+0000] {dagbag.py:508} INFO - Filling up the DagBag from /home/airflow/.local/lib/python3.7/site-packages/airflow/example_dags/example_xcom.py
[2022-10-03T01:53:00.382+0000] {processor.py:650} INFO - DAG(s) dict_keys(['example_xcom']) retrieved from /home/airflow/.local/lib/python3.7/site-packages/airflow/example_dags/example_xcom.py
[2022-10-03T01:53:00.580+0000] {logging_mixin.py:115} INFO - [2022-10-03T01:53:00.579+0000] {dag.py:2429} INFO - Sync 1 DAGs
[2022-10-03T01:53:00.601+0000] {logging_mixin.py:115} INFO - [2022-10-03T01:53:00.601+0000] {dag.py:2981} INFO - Setting next_dagrun for example_xcom to 2021-01-01T00:00:00+00:00, run_after=2021-01-01T00:00:00+00:00
[2022-10-03T01:53:00.617+0000] {processor.py:161} INFO - Processing /home/airflow/.local/lib/python3.7/site-packages/airflow/example_dags/example_xcom.py took 0.257 seconds
[2022-10-03T01:53:31.204+0000] {processor.py:153} INFO - Started process (PID=165) to work on /home/airflow/.local/lib/python3.7/site-packages/airflow/example_dags/example_xcom.py
[2022-10-03T01:53:31.205+0000] {processor.py:640} INFO - Processing file /home/airflow/.local/lib/python3.7/site-packages/airflow/example_dags/example_xcom.py for tasks to queue
[2022-10-03T01:53:31.206+0000] {logging_mixin.py:115} INFO - [2022-10-03T01:53:31.206+0000] {dagbag.py:508} INFO - Filling up the DagBag from /home/airflow/.local/lib/python3.7/site-packages/airflow/example_dags/example_xcom.py
[2022-10-03T01:53:31.223+0000] {processor.py:650} INFO - DAG(s) dict_keys(['example_xcom']) retrieved from /home/airflow/.local/lib/python3.7/site-packages/airflow/example_dags/example_xcom.py
[2022-10-03T01:53:31.386+0000] {logging_mixin.py:115} INFO - [2022-10-03T01:53:31.386+0000] {dag.py:2429} INFO - Sync 1 DAGs
[2022-10-03T01:53:31.411+0000] {logging_mixin.py:115} INFO - [2022-10-03T01:53:31.410+0000] {dag.py:2981} INFO - Setting next_dagrun for example_xcom to 2021-01-01T00:00:00+00:00, run_after=2021-01-01T00:00:00+00:00
[2022-10-03T01:53:31.430+0000] {processor.py:161} INFO - Processing /home/airflow/.local/lib/python3.7/site-packages/airflow/example_dags/example_xcom.py took 0.230 seconds
[2022-10-03T01:54:02.085+0000] {processor.py:153} INFO - Started process (PID=220) to work on /home/airflow/.local/lib/python3.7/site-packages/airflow/example_dags/example_xcom.py
[2022-10-03T01:54:02.085+0000] {processor.py:640} INFO - Processing file /home/airflow/.local/lib/python3.7/site-packages/airflow/example_dags/example_xcom.py for tasks to queue
[2022-10-03T01:54:02.086+0000] {logging_mixin.py:115} INFO - [2022-10-03T01:54:02.086+0000] {dagbag.py:508} INFO - Filling up the DagBag from /home/airflow/.local/lib/python3.7/site-packages/airflow/example_dags/example_xcom.py
[2022-10-03T01:54:02.108+0000] {processor.py:650} INFO - DAG(s) dict_keys(['example_xcom']) retrieved from /home/airflow/.local/lib/python3.7/site-packages/airflow/example_dags/example_xcom.py
[2022-10-03T01:54:02.272+0000] {logging_mixin.py:115} INFO - [2022-10-03T01:54:02.272+0000] {dag.py:2429} INFO - Sync 1 DAGs
[2022-10-03T01:54:02.289+0000] {logging_mixin.py:115} INFO - [2022-10-03T01:54:02.289+0000] {dag.py:2981} INFO - Setting next_dagrun for example_xcom to 2021-01-01T00:00:00+00:00, run_after=2021-01-01T00:00:00+00:00
[2022-10-03T01:54:02.307+0000] {processor.py:161} INFO - Processing /home/airflow/.local/lib/python3.7/site-packages/airflow/example_dags/example_xcom.py took 0.225 seconds
[2022-10-03T01:54:32.967+0000] {processor.py:153} INFO - Started process (PID=276) to work on /home/airflow/.local/lib/python3.7/site-packages/airflow/example_dags/example_xcom.py
[2022-10-03T01:54:32.967+0000] {processor.py:640} INFO - Processing file /home/airflow/.local/lib/python3.7/site-packages/airflow/example_dags/example_xcom.py for tasks to queue
[2022-10-03T01:54:32.968+0000] {logging_mixin.py:115} INFO - [2022-10-03T01:54:32.968+0000] {dagbag.py:508} INFO - Filling up the DagBag from /home/airflow/.local/lib/python3.7/site-packages/airflow/example_dags/example_xcom.py
[2022-10-03T01:54:32.985+0000] {processor.py:650} INFO - DAG(s) dict_keys(['example_xcom']) retrieved from /home/airflow/.local/lib/python3.7/site-packages/airflow/example_dags/example_xcom.py
[2022-10-03T01:54:33.190+0000] {logging_mixin.py:115} INFO - [2022-10-03T01:54:33.190+0000] {dag.py:2429} INFO - Sync 1 DAGs
[2022-10-03T01:54:33.215+0000] {logging_mixin.py:115} INFO - [2022-10-03T01:54:33.215+0000] {dag.py:2981} INFO - Setting next_dagrun for example_xcom to 2021-01-01T00:00:00+00:00, run_after=2021-01-01T00:00:00+00:00
[2022-10-03T01:54:33.233+0000] {processor.py:161} INFO - Processing /home/airflow/.local/lib/python3.7/site-packages/airflow/example_dags/example_xcom.py took 0.268 seconds
[2022-10-03T01:55:03.466+0000] {processor.py:153} INFO - Started process (PID=332) to work on /home/airflow/.local/lib/python3.7/site-packages/airflow/example_dags/example_xcom.py
[2022-10-03T01:55:03.467+0000] {processor.py:640} INFO - Processing file /home/airflow/.local/lib/python3.7/site-packages/airflow/example_dags/example_xcom.py for tasks to queue
[2022-10-03T01:55:03.468+0000] {logging_mixin.py:115} INFO - [2022-10-03T01:55:03.468+0000] {dagbag.py:508} INFO - Filling up the DagBag from /home/airflow/.local/lib/python3.7/site-packages/airflow/example_dags/example_xcom.py
[2022-10-03T01:55:03.491+0000] {processor.py:650} INFO - DAG(s) dict_keys(['example_xcom']) retrieved from /home/airflow/.local/lib/python3.7/site-packages/airflow/example_dags/example_xcom.py
[2022-10-03T01:55:03.642+0000] {logging_mixin.py:115} INFO - [2022-10-03T01:55:03.642+0000] {dag.py:2429} INFO - Sync 1 DAGs
[2022-10-03T01:55:03.660+0000] {logging_mixin.py:115} INFO - [2022-10-03T01:55:03.659+0000] {dag.py:2981} INFO - Setting next_dagrun for example_xcom to 2021-01-01T00:00:00+00:00, run_after=2021-01-01T00:00:00+00:00
[2022-10-03T01:55:03.677+0000] {processor.py:161} INFO - Processing /home/airflow/.local/lib/python3.7/site-packages/airflow/example_dags/example_xcom.py took 0.213 seconds
[2022-10-03T01:55:34.493+0000] {processor.py:153} INFO - Started process (PID=387) to work on /home/airflow/.local/lib/python3.7/site-packages/airflow/example_dags/example_xcom.py
[2022-10-03T01:55:34.493+0000] {processor.py:640} INFO - Processing file /home/airflow/.local/lib/python3.7/site-packages/airflow/example_dags/example_xcom.py for tasks to queue
[2022-10-03T01:55:34.495+0000] {logging_mixin.py:115} INFO - [2022-10-03T01:55:34.494+0000] {dagbag.py:508} INFO - Filling up the DagBag from /home/airflow/.local/lib/python3.7/site-packages/airflow/example_dags/example_xcom.py
[2022-10-03T01:55:34.513+0000] {processor.py:650} INFO - DAG(s) dict_keys(['example_xcom']) retrieved from /home/airflow/.local/lib/python3.7/site-packages/airflow/example_dags/example_xcom.py
[2022-10-03T01:55:34.538+0000] {logging_mixin.py:115} INFO - [2022-10-03T01:55:34.538+0000] {dag.py:2429} INFO - Sync 1 DAGs
[2022-10-03T01:55:34.652+0000] {logging_mixin.py:115} INFO - [2022-10-03T01:55:34.651+0000] {dag.py:2981} INFO - Setting next_dagrun for example_xcom to 2021-01-01T00:00:00+00:00, run_after=2021-01-01T00:00:00+00:00
[2022-10-03T01:55:34.664+0000] {processor.py:161} INFO - Processing /home/airflow/.local/lib/python3.7/site-packages/airflow/example_dags/example_xcom.py took 0.174 seconds
[2022-10-03T01:56:04.987+0000] {processor.py:153} INFO - Started process (PID=442) to work on /home/airflow/.local/lib/python3.7/site-packages/airflow/example_dags/example_xcom.py
[2022-10-03T01:56:04.988+0000] {processor.py:640} INFO - Processing file /home/airflow/.local/lib/python3.7/site-packages/airflow/example_dags/example_xcom.py for tasks to queue
[2022-10-03T01:56:04.989+0000] {logging_mixin.py:115} INFO - [2022-10-03T01:56:04.988+0000] {dagbag.py:508} INFO - Filling up the DagBag from /home/airflow/.local/lib/python3.7/site-packages/airflow/example_dags/example_xcom.py
[2022-10-03T01:56:05.007+0000] {processor.py:650} INFO - DAG(s) dict_keys(['example_xcom']) retrieved from /home/airflow/.local/lib/python3.7/site-packages/airflow/example_dags/example_xcom.py
[2022-10-03T01:56:05.172+0000] {logging_mixin.py:115} INFO - [2022-10-03T01:56:05.172+0000] {dag.py:2429} INFO - Sync 1 DAGs
[2022-10-03T01:56:05.198+0000] {logging_mixin.py:115} INFO - [2022-10-03T01:56:05.198+0000] {dag.py:2981} INFO - Setting next_dagrun for example_xcom to 2021-01-01T00:00:00+00:00, run_after=2021-01-01T00:00:00+00:00
[2022-10-03T01:56:05.216+0000] {processor.py:161} INFO - Processing /home/airflow/.local/lib/python3.7/site-packages/airflow/example_dags/example_xcom.py took 0.232 seconds
[2022-10-03T01:56:35.819+0000] {processor.py:153} INFO - Started process (PID=497) to work on /home/airflow/.local/lib/python3.7/site-packages/airflow/example_dags/example_xcom.py
[2022-10-03T01:56:35.820+0000] {processor.py:640} INFO - Processing file /home/airflow/.local/lib/python3.7/site-packages/airflow/example_dags/example_xcom.py for tasks to queue
[2022-10-03T01:56:35.821+0000] {logging_mixin.py:115} INFO - [2022-10-03T01:56:35.821+0000] {dagbag.py:508} INFO - Filling up the DagBag from /home/airflow/.local/lib/python3.7/site-packages/airflow/example_dags/example_xcom.py
[2022-10-03T01:56:35.838+0000] {processor.py:650} INFO - DAG(s) dict_keys(['example_xcom']) retrieved from /home/airflow/.local/lib/python3.7/site-packages/airflow/example_dags/example_xcom.py
[2022-10-03T01:56:36.013+0000] {logging_mixin.py:115} INFO - [2022-10-03T01:56:36.013+0000] {dag.py:2429} INFO - Sync 1 DAGs
[2022-10-03T01:56:36.036+0000] {logging_mixin.py:115} INFO - [2022-10-03T01:56:36.036+0000] {dag.py:2981} INFO - Setting next_dagrun for example_xcom to 2021-01-01T00:00:00+00:00, run_after=2021-01-01T00:00:00+00:00
[2022-10-03T01:56:36.055+0000] {processor.py:161} INFO - Processing /home/airflow/.local/lib/python3.7/site-packages/airflow/example_dags/example_xcom.py took 0.238 seconds
[2022-10-03T01:57:06.367+0000] {processor.py:153} INFO - Started process (PID=552) to work on /home/airflow/.local/lib/python3.7/site-packages/airflow/example_dags/example_xcom.py
[2022-10-03T01:57:06.368+0000] {processor.py:640} INFO - Processing file /home/airflow/.local/lib/python3.7/site-packages/airflow/example_dags/example_xcom.py for tasks to queue
[2022-10-03T01:57:06.369+0000] {logging_mixin.py:115} INFO - [2022-10-03T01:57:06.369+0000] {dagbag.py:508} INFO - Filling up the DagBag from /home/airflow/.local/lib/python3.7/site-packages/airflow/example_dags/example_xcom.py
[2022-10-03T01:57:06.385+0000] {processor.py:650} INFO - DAG(s) dict_keys(['example_xcom']) retrieved from /home/airflow/.local/lib/python3.7/site-packages/airflow/example_dags/example_xcom.py
[2022-10-03T01:57:06.420+0000] {logging_mixin.py:115} INFO - [2022-10-03T01:57:06.420+0000] {dag.py:2429} INFO - Sync 1 DAGs
[2022-10-03T01:57:06.567+0000] {logging_mixin.py:115} INFO - [2022-10-03T01:57:06.567+0000] {dag.py:2981} INFO - Setting next_dagrun for example_xcom to 2021-01-01T00:00:00+00:00, run_after=2021-01-01T00:00:00+00:00
[2022-10-03T01:57:06.582+0000] {processor.py:161} INFO - Processing /home/airflow/.local/lib/python3.7/site-packages/airflow/example_dags/example_xcom.py took 0.217 seconds
[2022-10-03T01:57:36.852+0000] {processor.py:153} INFO - Started process (PID=607) to work on /home/airflow/.local/lib/python3.7/site-packages/airflow/example_dags/example_xcom.py
[2022-10-03T01:57:36.853+0000] {processor.py:640} INFO - Processing file /home/airflow/.local/lib/python3.7/site-packages/airflow/example_dags/example_xcom.py for tasks to queue
[2022-10-03T01:57:36.854+0000] {logging_mixin.py:115} INFO - [2022-10-03T01:57:36.854+0000] {dagbag.py:508} INFO - Filling up the DagBag from /home/airflow/.local/lib/python3.7/site-packages/airflow/example_dags/example_xcom.py
[2022-10-03T01:57:36.873+0000] {processor.py:650} INFO - DAG(s) dict_keys(['example_xcom']) retrieved from /home/airflow/.local/lib/python3.7/site-packages/airflow/example_dags/example_xcom.py
[2022-10-03T01:57:37.052+0000] {logging_mixin.py:115} INFO - [2022-10-03T01:57:37.052+0000] {dag.py:2429} INFO - Sync 1 DAGs
[2022-10-03T01:57:37.073+0000] {logging_mixin.py:115} INFO - [2022-10-03T01:57:37.073+0000] {dag.py:2981} INFO - Setting next_dagrun for example_xcom to 2021-01-01T00:00:00+00:00, run_after=2021-01-01T00:00:00+00:00
[2022-10-03T01:57:37.090+0000] {processor.py:161} INFO - Processing /home/airflow/.local/lib/python3.7/site-packages/airflow/example_dags/example_xcom.py took 0.241 seconds
[2022-10-03T01:58:07.660+0000] {processor.py:153} INFO - Started process (PID=662) to work on /home/airflow/.local/lib/python3.7/site-packages/airflow/example_dags/example_xcom.py
[2022-10-03T01:58:07.661+0000] {processor.py:640} INFO - Processing file /home/airflow/.local/lib/python3.7/site-packages/airflow/example_dags/example_xcom.py for tasks to queue
[2022-10-03T01:58:07.662+0000] {logging_mixin.py:115} INFO - [2022-10-03T01:58:07.662+0000] {dagbag.py:508} INFO - Filling up the DagBag from /home/airflow/.local/lib/python3.7/site-packages/airflow/example_dags/example_xcom.py
[2022-10-03T01:58:07.679+0000] {processor.py:650} INFO - DAG(s) dict_keys(['example_xcom']) retrieved from /home/airflow/.local/lib/python3.7/site-packages/airflow/example_dags/example_xcom.py
[2022-10-03T01:58:07.872+0000] {logging_mixin.py:115} INFO - [2022-10-03T01:58:07.872+0000] {dag.py:2429} INFO - Sync 1 DAGs
[2022-10-03T01:58:07.893+0000] {logging_mixin.py:115} INFO - [2022-10-03T01:58:07.892+0000] {dag.py:2981} INFO - Setting next_dagrun for example_xcom to 2021-01-01T00:00:00+00:00, run_after=2021-01-01T00:00:00+00:00
[2022-10-03T01:58:07.910+0000] {processor.py:161} INFO - Processing /home/airflow/.local/lib/python3.7/site-packages/airflow/example_dags/example_xcom.py took 0.253 seconds
[2022-10-03T01:58:38.143+0000] {processor.py:153} INFO - Started process (PID=717) to work on /home/airflow/.local/lib/python3.7/site-packages/airflow/example_dags/example_xcom.py
[2022-10-03T01:58:38.144+0000] {processor.py:640} INFO - Processing file /home/airflow/.local/lib/python3.7/site-packages/airflow/example_dags/example_xcom.py for tasks to queue
[2022-10-03T01:58:38.145+0000] {logging_mixin.py:115} INFO - [2022-10-03T01:58:38.145+0000] {dagbag.py:508} INFO - Filling up the DagBag from /home/airflow/.local/lib/python3.7/site-packages/airflow/example_dags/example_xcom.py
[2022-10-03T01:58:38.159+0000] {processor.py:650} INFO - DAG(s) dict_keys(['example_xcom']) retrieved from /home/airflow/.local/lib/python3.7/site-packages/airflow/example_dags/example_xcom.py
[2022-10-03T01:58:38.317+0000] {logging_mixin.py:115} INFO - [2022-10-03T01:58:38.316+0000] {dag.py:2429} INFO - Sync 1 DAGs
[2022-10-03T01:58:38.337+0000] {logging_mixin.py:115} INFO - [2022-10-03T01:58:38.337+0000] {dag.py:2981} INFO - Setting next_dagrun for example_xcom to 2021-01-01T00:00:00+00:00, run_after=2021-01-01T00:00:00+00:00
[2022-10-03T01:58:38.351+0000] {processor.py:161} INFO - Processing /home/airflow/.local/lib/python3.7/site-packages/airflow/example_dags/example_xcom.py took 0.211 seconds
[2022-10-03T01:59:08.800+0000] {processor.py:153} INFO - Started process (PID=772) to work on /home/airflow/.local/lib/python3.7/site-packages/airflow/example_dags/example_xcom.py
[2022-10-03T01:59:08.801+0000] {processor.py:640} INFO - Processing file /home/airflow/.local/lib/python3.7/site-packages/airflow/example_dags/example_xcom.py for tasks to queue
[2022-10-03T01:59:08.802+0000] {logging_mixin.py:115} INFO - [2022-10-03T01:59:08.801+0000] {dagbag.py:508} INFO - Filling up the DagBag from /home/airflow/.local/lib/python3.7/site-packages/airflow/example_dags/example_xcom.py
[2022-10-03T01:59:08.819+0000] {processor.py:650} INFO - DAG(s) dict_keys(['example_xcom']) retrieved from /home/airflow/.local/lib/python3.7/site-packages/airflow/example_dags/example_xcom.py
[2022-10-03T01:59:08.993+0000] {logging_mixin.py:115} INFO - [2022-10-03T01:59:08.993+0000] {dag.py:2429} INFO - Sync 1 DAGs
[2022-10-03T01:59:09.015+0000] {logging_mixin.py:115} INFO - [2022-10-03T01:59:09.015+0000] {dag.py:2981} INFO - Setting next_dagrun for example_xcom to 2021-01-01T00:00:00+00:00, run_after=2021-01-01T00:00:00+00:00
[2022-10-03T01:59:09.030+0000] {processor.py:161} INFO - Processing /home/airflow/.local/lib/python3.7/site-packages/airflow/example_dags/example_xcom.py took 0.233 seconds
[2022-10-03T01:59:39.494+0000] {processor.py:153} INFO - Started process (PID=828) to work on /home/airflow/.local/lib/python3.7/site-packages/airflow/example_dags/example_xcom.py
[2022-10-03T01:59:39.495+0000] {processor.py:640} INFO - Processing file /home/airflow/.local/lib/python3.7/site-packages/airflow/example_dags/example_xcom.py for tasks to queue
[2022-10-03T01:59:39.496+0000] {logging_mixin.py:115} INFO - [2022-10-03T01:59:39.496+0000] {dagbag.py:508} INFO - Filling up the DagBag from /home/airflow/.local/lib/python3.7/site-packages/airflow/example_dags/example_xcom.py
[2022-10-03T01:59:39.510+0000] {processor.py:650} INFO - DAG(s) dict_keys(['example_xcom']) retrieved from /home/airflow/.local/lib/python3.7/site-packages/airflow/example_dags/example_xcom.py
[2022-10-03T01:59:39.665+0000] {logging_mixin.py:115} INFO - [2022-10-03T01:59:39.664+0000] {dag.py:2429} INFO - Sync 1 DAGs
[2022-10-03T01:59:39.687+0000] {logging_mixin.py:115} INFO - [2022-10-03T01:59:39.686+0000] {dag.py:2981} INFO - Setting next_dagrun for example_xcom to 2021-01-01T00:00:00+00:00, run_after=2021-01-01T00:00:00+00:00
[2022-10-03T01:59:39.701+0000] {processor.py:161} INFO - Processing /home/airflow/.local/lib/python3.7/site-packages/airflow/example_dags/example_xcom.py took 0.210 seconds
