[2022-10-03T01:29:48.192+0000] {processor.py:153} INFO - Started process (PID=66) to work on /home/airflow/.local/lib/python3.7/site-packages/airflow/example_dags/example_python_operator.py
[2022-10-03T01:29:48.193+0000] {processor.py:640} INFO - Processing file /home/airflow/.local/lib/python3.7/site-packages/airflow/example_dags/example_python_operator.py for tasks to queue
[2022-10-03T01:29:48.195+0000] {logging_mixin.py:115} INFO - [2022-10-03T01:29:48.194+0000] {dagbag.py:508} INFO - Filling up the DagBag from /home/airflow/.local/lib/python3.7/site-packages/airflow/example_dags/example_python_operator.py
[2022-10-03T01:29:48.229+0000] {processor.py:650} INFO - DAG(s) dict_keys(['example_python_operator']) retrieved from /home/airflow/.local/lib/python3.7/site-packages/airflow/example_dags/example_python_operator.py
[2022-10-03T01:29:48.498+0000] {logging_mixin.py:115} INFO - [2022-10-03T01:29:48.498+0000] {manager.py:508} INFO - Created Permission View: can edit on DAG:example_python_operator
[2022-10-03T01:29:48.512+0000] {logging_mixin.py:115} INFO - [2022-10-03T01:29:48.512+0000] {manager.py:508} INFO - Created Permission View: can read on DAG:example_python_operator
[2022-10-03T01:29:48.523+0000] {logging_mixin.py:115} INFO - [2022-10-03T01:29:48.522+0000] {manager.py:508} INFO - Created Permission View: can delete on DAG:example_python_operator
[2022-10-03T01:29:48.523+0000] {logging_mixin.py:115} INFO - [2022-10-03T01:29:48.523+0000] {dag.py:2429} INFO - Sync 1 DAGs
[2022-10-03T01:29:48.532+0000] {logging_mixin.py:115} INFO - [2022-10-03T01:29:48.532+0000] {dag.py:2448} INFO - Creating ORM DAG for example_python_operator
[2022-10-03T01:29:48.544+0000] {logging_mixin.py:115} INFO - [2022-10-03T01:29:48.544+0000] {dag.py:2981} INFO - Setting next_dagrun for example_python_operator to None, run_after=None
[2022-10-03T01:29:48.568+0000] {processor.py:161} INFO - Processing /home/airflow/.local/lib/python3.7/site-packages/airflow/example_dags/example_python_operator.py took 0.379 seconds
[2022-10-03T01:30:19.053+0000] {processor.py:153} INFO - Started process (PID=121) to work on /home/airflow/.local/lib/python3.7/site-packages/airflow/example_dags/example_python_operator.py
[2022-10-03T01:30:19.054+0000] {processor.py:640} INFO - Processing file /home/airflow/.local/lib/python3.7/site-packages/airflow/example_dags/example_python_operator.py for tasks to queue
[2022-10-03T01:30:19.055+0000] {logging_mixin.py:115} INFO - [2022-10-03T01:30:19.055+0000] {dagbag.py:508} INFO - Filling up the DagBag from /home/airflow/.local/lib/python3.7/site-packages/airflow/example_dags/example_python_operator.py
[2022-10-03T01:30:19.072+0000] {processor.py:650} INFO - DAG(s) dict_keys(['example_python_operator']) retrieved from /home/airflow/.local/lib/python3.7/site-packages/airflow/example_dags/example_python_operator.py
[2022-10-03T01:30:19.099+0000] {logging_mixin.py:115} INFO - [2022-10-03T01:30:19.099+0000] {dag.py:2429} INFO - Sync 1 DAGs
[2022-10-03T01:30:19.218+0000] {logging_mixin.py:115} INFO - [2022-10-03T01:30:19.218+0000] {dag.py:2981} INFO - Setting next_dagrun for example_python_operator to None, run_after=None
[2022-10-03T01:30:19.231+0000] {processor.py:161} INFO - Processing /home/airflow/.local/lib/python3.7/site-packages/airflow/example_dags/example_python_operator.py took 0.181 seconds
[2022-10-03T01:30:49.730+0000] {processor.py:153} INFO - Started process (PID=176) to work on /home/airflow/.local/lib/python3.7/site-packages/airflow/example_dags/example_python_operator.py
[2022-10-03T01:30:49.730+0000] {processor.py:640} INFO - Processing file /home/airflow/.local/lib/python3.7/site-packages/airflow/example_dags/example_python_operator.py for tasks to queue
[2022-10-03T01:30:49.731+0000] {logging_mixin.py:115} INFO - [2022-10-03T01:30:49.731+0000] {dagbag.py:508} INFO - Filling up the DagBag from /home/airflow/.local/lib/python3.7/site-packages/airflow/example_dags/example_python_operator.py
[2022-10-03T01:30:49.752+0000] {processor.py:650} INFO - DAG(s) dict_keys(['example_python_operator']) retrieved from /home/airflow/.local/lib/python3.7/site-packages/airflow/example_dags/example_python_operator.py
[2022-10-03T01:30:49.782+0000] {logging_mixin.py:115} INFO - [2022-10-03T01:30:49.782+0000] {dag.py:2429} INFO - Sync 1 DAGs
[2022-10-03T01:30:49.898+0000] {logging_mixin.py:115} INFO - [2022-10-03T01:30:49.897+0000] {dag.py:2981} INFO - Setting next_dagrun for example_python_operator to None, run_after=None
[2022-10-03T01:30:49.910+0000] {processor.py:161} INFO - Processing /home/airflow/.local/lib/python3.7/site-packages/airflow/example_dags/example_python_operator.py took 0.183 seconds
[2022-10-03T01:31:20.447+0000] {processor.py:153} INFO - Started process (PID=231) to work on /home/airflow/.local/lib/python3.7/site-packages/airflow/example_dags/example_python_operator.py
[2022-10-03T01:31:20.448+0000] {processor.py:640} INFO - Processing file /home/airflow/.local/lib/python3.7/site-packages/airflow/example_dags/example_python_operator.py for tasks to queue
[2022-10-03T01:31:20.449+0000] {logging_mixin.py:115} INFO - [2022-10-03T01:31:20.449+0000] {dagbag.py:508} INFO - Filling up the DagBag from /home/airflow/.local/lib/python3.7/site-packages/airflow/example_dags/example_python_operator.py
[2022-10-03T01:31:20.465+0000] {processor.py:650} INFO - DAG(s) dict_keys(['example_python_operator']) retrieved from /home/airflow/.local/lib/python3.7/site-packages/airflow/example_dags/example_python_operator.py
[2022-10-03T01:31:20.492+0000] {logging_mixin.py:115} INFO - [2022-10-03T01:31:20.492+0000] {dag.py:2429} INFO - Sync 1 DAGs
[2022-10-03T01:31:20.606+0000] {logging_mixin.py:115} INFO - [2022-10-03T01:31:20.606+0000] {dag.py:2981} INFO - Setting next_dagrun for example_python_operator to None, run_after=None
[2022-10-03T01:31:20.622+0000] {processor.py:161} INFO - Processing /home/airflow/.local/lib/python3.7/site-packages/airflow/example_dags/example_python_operator.py took 0.178 seconds
[2022-10-03T01:31:51.177+0000] {processor.py:153} INFO - Started process (PID=287) to work on /home/airflow/.local/lib/python3.7/site-packages/airflow/example_dags/example_python_operator.py
[2022-10-03T01:31:51.178+0000] {processor.py:640} INFO - Processing file /home/airflow/.local/lib/python3.7/site-packages/airflow/example_dags/example_python_operator.py for tasks to queue
[2022-10-03T01:31:51.179+0000] {logging_mixin.py:115} INFO - [2022-10-03T01:31:51.179+0000] {dagbag.py:508} INFO - Filling up the DagBag from /home/airflow/.local/lib/python3.7/site-packages/airflow/example_dags/example_python_operator.py
[2022-10-03T01:31:51.195+0000] {processor.py:650} INFO - DAG(s) dict_keys(['example_python_operator']) retrieved from /home/airflow/.local/lib/python3.7/site-packages/airflow/example_dags/example_python_operator.py
[2022-10-03T01:31:51.220+0000] {logging_mixin.py:115} INFO - [2022-10-03T01:31:51.220+0000] {dag.py:2429} INFO - Sync 1 DAGs
[2022-10-03T01:31:51.334+0000] {logging_mixin.py:115} INFO - [2022-10-03T01:31:51.334+0000] {dag.py:2981} INFO - Setting next_dagrun for example_python_operator to None, run_after=None
[2022-10-03T01:31:51.347+0000] {processor.py:161} INFO - Processing /home/airflow/.local/lib/python3.7/site-packages/airflow/example_dags/example_python_operator.py took 0.172 seconds
[2022-10-03T01:32:21.906+0000] {processor.py:153} INFO - Started process (PID=342) to work on /home/airflow/.local/lib/python3.7/site-packages/airflow/example_dags/example_python_operator.py
[2022-10-03T01:32:21.907+0000] {processor.py:640} INFO - Processing file /home/airflow/.local/lib/python3.7/site-packages/airflow/example_dags/example_python_operator.py for tasks to queue
[2022-10-03T01:32:21.908+0000] {logging_mixin.py:115} INFO - [2022-10-03T01:32:21.908+0000] {dagbag.py:508} INFO - Filling up the DagBag from /home/airflow/.local/lib/python3.7/site-packages/airflow/example_dags/example_python_operator.py
[2022-10-03T01:32:21.930+0000] {processor.py:650} INFO - DAG(s) dict_keys(['example_python_operator']) retrieved from /home/airflow/.local/lib/python3.7/site-packages/airflow/example_dags/example_python_operator.py
[2022-10-03T01:32:21.962+0000] {logging_mixin.py:115} INFO - [2022-10-03T01:32:21.962+0000] {dag.py:2429} INFO - Sync 1 DAGs
[2022-10-03T01:32:22.084+0000] {logging_mixin.py:115} INFO - [2022-10-03T01:32:22.084+0000] {dag.py:2981} INFO - Setting next_dagrun for example_python_operator to None, run_after=None
[2022-10-03T01:32:22.099+0000] {processor.py:161} INFO - Processing /home/airflow/.local/lib/python3.7/site-packages/airflow/example_dags/example_python_operator.py took 0.196 seconds
[2022-10-03T01:32:52.845+0000] {processor.py:153} INFO - Started process (PID=397) to work on /home/airflow/.local/lib/python3.7/site-packages/airflow/example_dags/example_python_operator.py
[2022-10-03T01:32:52.846+0000] {processor.py:640} INFO - Processing file /home/airflow/.local/lib/python3.7/site-packages/airflow/example_dags/example_python_operator.py for tasks to queue
[2022-10-03T01:32:52.847+0000] {logging_mixin.py:115} INFO - [2022-10-03T01:32:52.847+0000] {dagbag.py:508} INFO - Filling up the DagBag from /home/airflow/.local/lib/python3.7/site-packages/airflow/example_dags/example_python_operator.py
[2022-10-03T01:32:52.863+0000] {processor.py:650} INFO - DAG(s) dict_keys(['example_python_operator']) retrieved from /home/airflow/.local/lib/python3.7/site-packages/airflow/example_dags/example_python_operator.py
[2022-10-03T01:32:52.892+0000] {logging_mixin.py:115} INFO - [2022-10-03T01:32:52.892+0000] {dag.py:2429} INFO - Sync 1 DAGs
[2022-10-03T01:32:53.009+0000] {logging_mixin.py:115} INFO - [2022-10-03T01:32:53.009+0000] {dag.py:2981} INFO - Setting next_dagrun for example_python_operator to None, run_after=None
[2022-10-03T01:32:53.030+0000] {processor.py:161} INFO - Processing /home/airflow/.local/lib/python3.7/site-packages/airflow/example_dags/example_python_operator.py took 0.187 seconds
[2022-10-03T01:33:23.587+0000] {processor.py:153} INFO - Started process (PID=452) to work on /home/airflow/.local/lib/python3.7/site-packages/airflow/example_dags/example_python_operator.py
[2022-10-03T01:33:23.588+0000] {processor.py:640} INFO - Processing file /home/airflow/.local/lib/python3.7/site-packages/airflow/example_dags/example_python_operator.py for tasks to queue
[2022-10-03T01:33:23.589+0000] {logging_mixin.py:115} INFO - [2022-10-03T01:33:23.588+0000] {dagbag.py:508} INFO - Filling up the DagBag from /home/airflow/.local/lib/python3.7/site-packages/airflow/example_dags/example_python_operator.py
[2022-10-03T01:33:23.606+0000] {processor.py:650} INFO - DAG(s) dict_keys(['example_python_operator']) retrieved from /home/airflow/.local/lib/python3.7/site-packages/airflow/example_dags/example_python_operator.py
[2022-10-03T01:33:23.632+0000] {logging_mixin.py:115} INFO - [2022-10-03T01:33:23.632+0000] {dag.py:2429} INFO - Sync 1 DAGs
[2022-10-03T01:33:23.750+0000] {logging_mixin.py:115} INFO - [2022-10-03T01:33:23.750+0000] {dag.py:2981} INFO - Setting next_dagrun for example_python_operator to None, run_after=None
[2022-10-03T01:33:23.770+0000] {processor.py:161} INFO - Processing /home/airflow/.local/lib/python3.7/site-packages/airflow/example_dags/example_python_operator.py took 0.185 seconds
[2022-10-03T01:33:54.329+0000] {processor.py:153} INFO - Started process (PID=507) to work on /home/airflow/.local/lib/python3.7/site-packages/airflow/example_dags/example_python_operator.py
[2022-10-03T01:33:54.329+0000] {processor.py:640} INFO - Processing file /home/airflow/.local/lib/python3.7/site-packages/airflow/example_dags/example_python_operator.py for tasks to queue
[2022-10-03T01:33:54.330+0000] {logging_mixin.py:115} INFO - [2022-10-03T01:33:54.330+0000] {dagbag.py:508} INFO - Filling up the DagBag from /home/airflow/.local/lib/python3.7/site-packages/airflow/example_dags/example_python_operator.py
[2022-10-03T01:33:54.347+0000] {processor.py:650} INFO - DAG(s) dict_keys(['example_python_operator']) retrieved from /home/airflow/.local/lib/python3.7/site-packages/airflow/example_dags/example_python_operator.py
[2022-10-03T01:33:54.373+0000] {logging_mixin.py:115} INFO - [2022-10-03T01:33:54.373+0000] {dag.py:2429} INFO - Sync 1 DAGs
[2022-10-03T01:33:54.493+0000] {logging_mixin.py:115} INFO - [2022-10-03T01:33:54.493+0000] {dag.py:2981} INFO - Setting next_dagrun for example_python_operator to None, run_after=None
[2022-10-03T01:33:54.506+0000] {processor.py:161} INFO - Processing /home/airflow/.local/lib/python3.7/site-packages/airflow/example_dags/example_python_operator.py took 0.180 seconds
[2022-10-03T01:34:25.062+0000] {processor.py:153} INFO - Started process (PID=562) to work on /home/airflow/.local/lib/python3.7/site-packages/airflow/example_dags/example_python_operator.py
[2022-10-03T01:34:25.063+0000] {processor.py:640} INFO - Processing file /home/airflow/.local/lib/python3.7/site-packages/airflow/example_dags/example_python_operator.py for tasks to queue
[2022-10-03T01:34:25.064+0000] {logging_mixin.py:115} INFO - [2022-10-03T01:34:25.063+0000] {dagbag.py:508} INFO - Filling up the DagBag from /home/airflow/.local/lib/python3.7/site-packages/airflow/example_dags/example_python_operator.py
[2022-10-03T01:34:25.077+0000] {processor.py:650} INFO - DAG(s) dict_keys(['example_python_operator']) retrieved from /home/airflow/.local/lib/python3.7/site-packages/airflow/example_dags/example_python_operator.py
[2022-10-03T01:34:25.107+0000] {logging_mixin.py:115} INFO - [2022-10-03T01:34:25.106+0000] {dag.py:2429} INFO - Sync 1 DAGs
[2022-10-03T01:34:25.222+0000] {logging_mixin.py:115} INFO - [2022-10-03T01:34:25.222+0000] {dag.py:2981} INFO - Setting next_dagrun for example_python_operator to None, run_after=None
[2022-10-03T01:34:25.237+0000] {processor.py:161} INFO - Processing /home/airflow/.local/lib/python3.7/site-packages/airflow/example_dags/example_python_operator.py took 0.178 seconds
[2022-10-03T01:34:55.714+0000] {processor.py:153} INFO - Started process (PID=617) to work on /home/airflow/.local/lib/python3.7/site-packages/airflow/example_dags/example_python_operator.py
[2022-10-03T01:34:55.715+0000] {processor.py:640} INFO - Processing file /home/airflow/.local/lib/python3.7/site-packages/airflow/example_dags/example_python_operator.py for tasks to queue
[2022-10-03T01:34:55.716+0000] {logging_mixin.py:115} INFO - [2022-10-03T01:34:55.716+0000] {dagbag.py:508} INFO - Filling up the DagBag from /home/airflow/.local/lib/python3.7/site-packages/airflow/example_dags/example_python_operator.py
[2022-10-03T01:34:55.731+0000] {processor.py:650} INFO - DAG(s) dict_keys(['example_python_operator']) retrieved from /home/airflow/.local/lib/python3.7/site-packages/airflow/example_dags/example_python_operator.py
[2022-10-03T01:34:55.762+0000] {logging_mixin.py:115} INFO - [2022-10-03T01:34:55.762+0000] {dag.py:2429} INFO - Sync 1 DAGs
[2022-10-03T01:34:55.879+0000] {logging_mixin.py:115} INFO - [2022-10-03T01:34:55.878+0000] {dag.py:2981} INFO - Setting next_dagrun for example_python_operator to None, run_after=None
[2022-10-03T01:34:55.891+0000] {processor.py:161} INFO - Processing /home/airflow/.local/lib/python3.7/site-packages/airflow/example_dags/example_python_operator.py took 0.180 seconds
[2022-10-03T01:35:26.588+0000] {processor.py:153} INFO - Started process (PID=672) to work on /home/airflow/.local/lib/python3.7/site-packages/airflow/example_dags/example_python_operator.py
[2022-10-03T01:35:26.589+0000] {processor.py:640} INFO - Processing file /home/airflow/.local/lib/python3.7/site-packages/airflow/example_dags/example_python_operator.py for tasks to queue
[2022-10-03T01:35:26.590+0000] {logging_mixin.py:115} INFO - [2022-10-03T01:35:26.590+0000] {dagbag.py:508} INFO - Filling up the DagBag from /home/airflow/.local/lib/python3.7/site-packages/airflow/example_dags/example_python_operator.py
[2022-10-03T01:35:26.608+0000] {processor.py:650} INFO - DAG(s) dict_keys(['example_python_operator']) retrieved from /home/airflow/.local/lib/python3.7/site-packages/airflow/example_dags/example_python_operator.py
[2022-10-03T01:35:26.631+0000] {logging_mixin.py:115} INFO - [2022-10-03T01:35:26.631+0000] {dag.py:2429} INFO - Sync 1 DAGs
[2022-10-03T01:35:26.750+0000] {logging_mixin.py:115} INFO - [2022-10-03T01:35:26.750+0000] {dag.py:2981} INFO - Setting next_dagrun for example_python_operator to None, run_after=None
[2022-10-03T01:35:26.763+0000] {processor.py:161} INFO - Processing /home/airflow/.local/lib/python3.7/site-packages/airflow/example_dags/example_python_operator.py took 0.178 seconds
[2022-10-03T01:35:57.393+0000] {processor.py:153} INFO - Started process (PID=727) to work on /home/airflow/.local/lib/python3.7/site-packages/airflow/example_dags/example_python_operator.py
[2022-10-03T01:35:57.393+0000] {processor.py:640} INFO - Processing file /home/airflow/.local/lib/python3.7/site-packages/airflow/example_dags/example_python_operator.py for tasks to queue
[2022-10-03T01:35:57.394+0000] {logging_mixin.py:115} INFO - [2022-10-03T01:35:57.394+0000] {dagbag.py:508} INFO - Filling up the DagBag from /home/airflow/.local/lib/python3.7/site-packages/airflow/example_dags/example_python_operator.py
[2022-10-03T01:35:57.411+0000] {processor.py:650} INFO - DAG(s) dict_keys(['example_python_operator']) retrieved from /home/airflow/.local/lib/python3.7/site-packages/airflow/example_dags/example_python_operator.py
[2022-10-03T01:35:57.439+0000] {logging_mixin.py:115} INFO - [2022-10-03T01:35:57.438+0000] {dag.py:2429} INFO - Sync 1 DAGs
[2022-10-03T01:35:57.556+0000] {logging_mixin.py:115} INFO - [2022-10-03T01:35:57.556+0000] {dag.py:2981} INFO - Setting next_dagrun for example_python_operator to None, run_after=None
[2022-10-03T01:35:57.570+0000] {processor.py:161} INFO - Processing /home/airflow/.local/lib/python3.7/site-packages/airflow/example_dags/example_python_operator.py took 0.180 seconds
[2022-10-03T01:36:28.104+0000] {processor.py:153} INFO - Started process (PID=782) to work on /home/airflow/.local/lib/python3.7/site-packages/airflow/example_dags/example_python_operator.py
[2022-10-03T01:36:28.105+0000] {processor.py:640} INFO - Processing file /home/airflow/.local/lib/python3.7/site-packages/airflow/example_dags/example_python_operator.py for tasks to queue
[2022-10-03T01:36:28.106+0000] {logging_mixin.py:115} INFO - [2022-10-03T01:36:28.106+0000] {dagbag.py:508} INFO - Filling up the DagBag from /home/airflow/.local/lib/python3.7/site-packages/airflow/example_dags/example_python_operator.py
[2022-10-03T01:36:28.120+0000] {processor.py:650} INFO - DAG(s) dict_keys(['example_python_operator']) retrieved from /home/airflow/.local/lib/python3.7/site-packages/airflow/example_dags/example_python_operator.py
[2022-10-03T01:36:28.147+0000] {logging_mixin.py:115} INFO - [2022-10-03T01:36:28.147+0000] {dag.py:2429} INFO - Sync 1 DAGs
[2022-10-03T01:36:28.259+0000] {logging_mixin.py:115} INFO - [2022-10-03T01:36:28.259+0000] {dag.py:2981} INFO - Setting next_dagrun for example_python_operator to None, run_after=None
[2022-10-03T01:36:28.275+0000] {processor.py:161} INFO - Processing /home/airflow/.local/lib/python3.7/site-packages/airflow/example_dags/example_python_operator.py took 0.173 seconds
[2022-10-03T01:36:58.720+0000] {processor.py:153} INFO - Started process (PID=837) to work on /home/airflow/.local/lib/python3.7/site-packages/airflow/example_dags/example_python_operator.py
[2022-10-03T01:36:58.721+0000] {processor.py:640} INFO - Processing file /home/airflow/.local/lib/python3.7/site-packages/airflow/example_dags/example_python_operator.py for tasks to queue
[2022-10-03T01:36:58.722+0000] {logging_mixin.py:115} INFO - [2022-10-03T01:36:58.721+0000] {dagbag.py:508} INFO - Filling up the DagBag from /home/airflow/.local/lib/python3.7/site-packages/airflow/example_dags/example_python_operator.py
[2022-10-03T01:36:58.737+0000] {processor.py:650} INFO - DAG(s) dict_keys(['example_python_operator']) retrieved from /home/airflow/.local/lib/python3.7/site-packages/airflow/example_dags/example_python_operator.py
[2022-10-03T01:36:58.767+0000] {logging_mixin.py:115} INFO - [2022-10-03T01:36:58.767+0000] {dag.py:2429} INFO - Sync 1 DAGs
[2022-10-03T01:36:58.896+0000] {logging_mixin.py:115} INFO - [2022-10-03T01:36:58.896+0000] {dag.py:2981} INFO - Setting next_dagrun for example_python_operator to None, run_after=None
[2022-10-03T01:36:58.913+0000] {processor.py:161} INFO - Processing /home/airflow/.local/lib/python3.7/site-packages/airflow/example_dags/example_python_operator.py took 0.196 seconds
[2022-10-03T01:37:29.585+0000] {processor.py:153} INFO - Started process (PID=902) to work on /home/airflow/.local/lib/python3.7/site-packages/airflow/example_dags/example_python_operator.py
[2022-10-03T01:37:29.586+0000] {processor.py:640} INFO - Processing file /home/airflow/.local/lib/python3.7/site-packages/airflow/example_dags/example_python_operator.py for tasks to queue
[2022-10-03T01:37:29.587+0000] {logging_mixin.py:115} INFO - [2022-10-03T01:37:29.586+0000] {dagbag.py:508} INFO - Filling up the DagBag from /home/airflow/.local/lib/python3.7/site-packages/airflow/example_dags/example_python_operator.py
[2022-10-03T01:37:29.606+0000] {processor.py:650} INFO - DAG(s) dict_keys(['example_python_operator']) retrieved from /home/airflow/.local/lib/python3.7/site-packages/airflow/example_dags/example_python_operator.py
[2022-10-03T01:37:29.634+0000] {logging_mixin.py:115} INFO - [2022-10-03T01:37:29.633+0000] {dag.py:2429} INFO - Sync 1 DAGs
[2022-10-03T01:37:29.751+0000] {logging_mixin.py:115} INFO - [2022-10-03T01:37:29.751+0000] {dag.py:2981} INFO - Setting next_dagrun for example_python_operator to None, run_after=None
[2022-10-03T01:37:29.767+0000] {processor.py:161} INFO - Processing /home/airflow/.local/lib/python3.7/site-packages/airflow/example_dags/example_python_operator.py took 0.185 seconds
[2022-10-03T01:38:00.270+0000] {processor.py:153} INFO - Started process (PID=957) to work on /home/airflow/.local/lib/python3.7/site-packages/airflow/example_dags/example_python_operator.py
[2022-10-03T01:38:00.271+0000] {processor.py:640} INFO - Processing file /home/airflow/.local/lib/python3.7/site-packages/airflow/example_dags/example_python_operator.py for tasks to queue
[2022-10-03T01:38:00.272+0000] {logging_mixin.py:115} INFO - [2022-10-03T01:38:00.272+0000] {dagbag.py:508} INFO - Filling up the DagBag from /home/airflow/.local/lib/python3.7/site-packages/airflow/example_dags/example_python_operator.py
[2022-10-03T01:38:00.292+0000] {processor.py:650} INFO - DAG(s) dict_keys(['example_python_operator']) retrieved from /home/airflow/.local/lib/python3.7/site-packages/airflow/example_dags/example_python_operator.py
[2022-10-03T01:38:00.321+0000] {logging_mixin.py:115} INFO - [2022-10-03T01:38:00.321+0000] {dag.py:2429} INFO - Sync 1 DAGs
[2022-10-03T01:38:00.437+0000] {logging_mixin.py:115} INFO - [2022-10-03T01:38:00.437+0000] {dag.py:2981} INFO - Setting next_dagrun for example_python_operator to None, run_after=None
[2022-10-03T01:38:00.452+0000] {processor.py:161} INFO - Processing /home/airflow/.local/lib/python3.7/site-packages/airflow/example_dags/example_python_operator.py took 0.184 seconds
[2022-10-03T01:38:30.951+0000] {processor.py:153} INFO - Started process (PID=1012) to work on /home/airflow/.local/lib/python3.7/site-packages/airflow/example_dags/example_python_operator.py
[2022-10-03T01:38:30.952+0000] {processor.py:640} INFO - Processing file /home/airflow/.local/lib/python3.7/site-packages/airflow/example_dags/example_python_operator.py for tasks to queue
[2022-10-03T01:38:30.953+0000] {logging_mixin.py:115} INFO - [2022-10-03T01:38:30.953+0000] {dagbag.py:508} INFO - Filling up the DagBag from /home/airflow/.local/lib/python3.7/site-packages/airflow/example_dags/example_python_operator.py
[2022-10-03T01:38:30.967+0000] {processor.py:650} INFO - DAG(s) dict_keys(['example_python_operator']) retrieved from /home/airflow/.local/lib/python3.7/site-packages/airflow/example_dags/example_python_operator.py
[2022-10-03T01:38:30.999+0000] {logging_mixin.py:115} INFO - [2022-10-03T01:38:30.998+0000] {dag.py:2429} INFO - Sync 1 DAGs
[2022-10-03T01:38:31.114+0000] {logging_mixin.py:115} INFO - [2022-10-03T01:38:31.114+0000] {dag.py:2981} INFO - Setting next_dagrun for example_python_operator to None, run_after=None
[2022-10-03T01:38:31.127+0000] {processor.py:161} INFO - Processing /home/airflow/.local/lib/python3.7/site-packages/airflow/example_dags/example_python_operator.py took 0.178 seconds
[2022-10-03T01:39:01.759+0000] {processor.py:153} INFO - Started process (PID=1067) to work on /home/airflow/.local/lib/python3.7/site-packages/airflow/example_dags/example_python_operator.py
[2022-10-03T01:39:01.760+0000] {processor.py:640} INFO - Processing file /home/airflow/.local/lib/python3.7/site-packages/airflow/example_dags/example_python_operator.py for tasks to queue
[2022-10-03T01:39:01.760+0000] {logging_mixin.py:115} INFO - [2022-10-03T01:39:01.760+0000] {dagbag.py:508} INFO - Filling up the DagBag from /home/airflow/.local/lib/python3.7/site-packages/airflow/example_dags/example_python_operator.py
[2022-10-03T01:39:01.776+0000] {processor.py:650} INFO - DAG(s) dict_keys(['example_python_operator']) retrieved from /home/airflow/.local/lib/python3.7/site-packages/airflow/example_dags/example_python_operator.py
[2022-10-03T01:39:01.803+0000] {logging_mixin.py:115} INFO - [2022-10-03T01:39:01.803+0000] {dag.py:2429} INFO - Sync 1 DAGs
[2022-10-03T01:39:01.919+0000] {logging_mixin.py:115} INFO - [2022-10-03T01:39:01.919+0000] {dag.py:2981} INFO - Setting next_dagrun for example_python_operator to None, run_after=None
[2022-10-03T01:39:01.935+0000] {processor.py:161} INFO - Processing /home/airflow/.local/lib/python3.7/site-packages/airflow/example_dags/example_python_operator.py took 0.178 seconds
[2022-10-03T01:39:32.367+0000] {processor.py:153} INFO - Started process (PID=1122) to work on /home/airflow/.local/lib/python3.7/site-packages/airflow/example_dags/example_python_operator.py
[2022-10-03T01:39:32.367+0000] {processor.py:640} INFO - Processing file /home/airflow/.local/lib/python3.7/site-packages/airflow/example_dags/example_python_operator.py for tasks to queue
[2022-10-03T01:39:32.368+0000] {logging_mixin.py:115} INFO - [2022-10-03T01:39:32.368+0000] {dagbag.py:508} INFO - Filling up the DagBag from /home/airflow/.local/lib/python3.7/site-packages/airflow/example_dags/example_python_operator.py
[2022-10-03T01:39:32.384+0000] {processor.py:650} INFO - DAG(s) dict_keys(['example_python_operator']) retrieved from /home/airflow/.local/lib/python3.7/site-packages/airflow/example_dags/example_python_operator.py
[2022-10-03T01:39:32.412+0000] {logging_mixin.py:115} INFO - [2022-10-03T01:39:32.412+0000] {dag.py:2429} INFO - Sync 1 DAGs
[2022-10-03T01:39:32.554+0000] {logging_mixin.py:115} INFO - [2022-10-03T01:39:32.554+0000] {dag.py:2981} INFO - Setting next_dagrun for example_python_operator to None, run_after=None
[2022-10-03T01:39:32.569+0000] {processor.py:161} INFO - Processing /home/airflow/.local/lib/python3.7/site-packages/airflow/example_dags/example_python_operator.py took 0.206 seconds
[2022-10-03T01:40:03.090+0000] {processor.py:153} INFO - Started process (PID=1177) to work on /home/airflow/.local/lib/python3.7/site-packages/airflow/example_dags/example_python_operator.py
[2022-10-03T01:40:03.091+0000] {processor.py:640} INFO - Processing file /home/airflow/.local/lib/python3.7/site-packages/airflow/example_dags/example_python_operator.py for tasks to queue
[2022-10-03T01:40:03.092+0000] {logging_mixin.py:115} INFO - [2022-10-03T01:40:03.091+0000] {dagbag.py:508} INFO - Filling up the DagBag from /home/airflow/.local/lib/python3.7/site-packages/airflow/example_dags/example_python_operator.py
[2022-10-03T01:40:03.105+0000] {processor.py:650} INFO - DAG(s) dict_keys(['example_python_operator']) retrieved from /home/airflow/.local/lib/python3.7/site-packages/airflow/example_dags/example_python_operator.py
[2022-10-03T01:40:03.134+0000] {logging_mixin.py:115} INFO - [2022-10-03T01:40:03.134+0000] {dag.py:2429} INFO - Sync 1 DAGs
[2022-10-03T01:40:03.248+0000] {logging_mixin.py:115} INFO - [2022-10-03T01:40:03.248+0000] {dag.py:2981} INFO - Setting next_dagrun for example_python_operator to None, run_after=None
[2022-10-03T01:40:03.262+0000] {processor.py:161} INFO - Processing /home/airflow/.local/lib/python3.7/site-packages/airflow/example_dags/example_python_operator.py took 0.174 seconds
[2022-10-03T01:40:33.941+0000] {processor.py:153} INFO - Started process (PID=1232) to work on /home/airflow/.local/lib/python3.7/site-packages/airflow/example_dags/example_python_operator.py
[2022-10-03T01:40:33.941+0000] {processor.py:640} INFO - Processing file /home/airflow/.local/lib/python3.7/site-packages/airflow/example_dags/example_python_operator.py for tasks to queue
[2022-10-03T01:40:33.942+0000] {logging_mixin.py:115} INFO - [2022-10-03T01:40:33.942+0000] {dagbag.py:508} INFO - Filling up the DagBag from /home/airflow/.local/lib/python3.7/site-packages/airflow/example_dags/example_python_operator.py
[2022-10-03T01:40:33.957+0000] {processor.py:650} INFO - DAG(s) dict_keys(['example_python_operator']) retrieved from /home/airflow/.local/lib/python3.7/site-packages/airflow/example_dags/example_python_operator.py
[2022-10-03T01:40:33.984+0000] {logging_mixin.py:115} INFO - [2022-10-03T01:40:33.984+0000] {dag.py:2429} INFO - Sync 1 DAGs
[2022-10-03T01:40:34.095+0000] {logging_mixin.py:115} INFO - [2022-10-03T01:40:34.095+0000] {dag.py:2981} INFO - Setting next_dagrun for example_python_operator to None, run_after=None
[2022-10-03T01:40:34.109+0000] {processor.py:161} INFO - Processing /home/airflow/.local/lib/python3.7/site-packages/airflow/example_dags/example_python_operator.py took 0.171 seconds
[2022-10-03T01:41:04.724+0000] {processor.py:153} INFO - Started process (PID=1287) to work on /home/airflow/.local/lib/python3.7/site-packages/airflow/example_dags/example_python_operator.py
[2022-10-03T01:41:04.725+0000] {processor.py:640} INFO - Processing file /home/airflow/.local/lib/python3.7/site-packages/airflow/example_dags/example_python_operator.py for tasks to queue
[2022-10-03T01:41:04.727+0000] {logging_mixin.py:115} INFO - [2022-10-03T01:41:04.726+0000] {dagbag.py:508} INFO - Filling up the DagBag from /home/airflow/.local/lib/python3.7/site-packages/airflow/example_dags/example_python_operator.py
[2022-10-03T01:41:04.758+0000] {processor.py:650} INFO - DAG(s) dict_keys(['example_python_operator']) retrieved from /home/airflow/.local/lib/python3.7/site-packages/airflow/example_dags/example_python_operator.py
[2022-10-03T01:41:04.792+0000] {logging_mixin.py:115} INFO - [2022-10-03T01:41:04.792+0000] {dag.py:2429} INFO - Sync 1 DAGs
[2022-10-03T01:41:04.913+0000] {logging_mixin.py:115} INFO - [2022-10-03T01:41:04.913+0000] {dag.py:2981} INFO - Setting next_dagrun for example_python_operator to None, run_after=None
[2022-10-03T01:41:04.929+0000] {processor.py:161} INFO - Processing /home/airflow/.local/lib/python3.7/site-packages/airflow/example_dags/example_python_operator.py took 0.207 seconds
[2022-10-03T01:41:35.677+0000] {processor.py:153} INFO - Started process (PID=1343) to work on /home/airflow/.local/lib/python3.7/site-packages/airflow/example_dags/example_python_operator.py
[2022-10-03T01:41:35.677+0000] {processor.py:640} INFO - Processing file /home/airflow/.local/lib/python3.7/site-packages/airflow/example_dags/example_python_operator.py for tasks to queue
[2022-10-03T01:41:35.678+0000] {logging_mixin.py:115} INFO - [2022-10-03T01:41:35.678+0000] {dagbag.py:508} INFO - Filling up the DagBag from /home/airflow/.local/lib/python3.7/site-packages/airflow/example_dags/example_python_operator.py
[2022-10-03T01:41:35.695+0000] {processor.py:650} INFO - DAG(s) dict_keys(['example_python_operator']) retrieved from /home/airflow/.local/lib/python3.7/site-packages/airflow/example_dags/example_python_operator.py
[2022-10-03T01:41:35.720+0000] {logging_mixin.py:115} INFO - [2022-10-03T01:41:35.720+0000] {dag.py:2429} INFO - Sync 1 DAGs
[2022-10-03T01:41:35.837+0000] {logging_mixin.py:115} INFO - [2022-10-03T01:41:35.837+0000] {dag.py:2981} INFO - Setting next_dagrun for example_python_operator to None, run_after=None
[2022-10-03T01:41:35.852+0000] {processor.py:161} INFO - Processing /home/airflow/.local/lib/python3.7/site-packages/airflow/example_dags/example_python_operator.py took 0.178 seconds
[2022-10-03T01:42:06.584+0000] {processor.py:153} INFO - Started process (PID=1398) to work on /home/airflow/.local/lib/python3.7/site-packages/airflow/example_dags/example_python_operator.py
[2022-10-03T01:42:06.586+0000] {processor.py:640} INFO - Processing file /home/airflow/.local/lib/python3.7/site-packages/airflow/example_dags/example_python_operator.py for tasks to queue
[2022-10-03T01:42:06.587+0000] {logging_mixin.py:115} INFO - [2022-10-03T01:42:06.587+0000] {dagbag.py:508} INFO - Filling up the DagBag from /home/airflow/.local/lib/python3.7/site-packages/airflow/example_dags/example_python_operator.py
[2022-10-03T01:42:06.625+0000] {processor.py:650} INFO - DAG(s) dict_keys(['example_python_operator']) retrieved from /home/airflow/.local/lib/python3.7/site-packages/airflow/example_dags/example_python_operator.py
[2022-10-03T01:42:06.653+0000] {logging_mixin.py:115} INFO - [2022-10-03T01:42:06.653+0000] {dag.py:2429} INFO - Sync 1 DAGs
[2022-10-03T01:42:06.780+0000] {logging_mixin.py:115} INFO - [2022-10-03T01:42:06.779+0000] {dag.py:2981} INFO - Setting next_dagrun for example_python_operator to None, run_after=None
[2022-10-03T01:42:06.794+0000] {processor.py:161} INFO - Processing /home/airflow/.local/lib/python3.7/site-packages/airflow/example_dags/example_python_operator.py took 0.213 seconds
[2022-10-03T01:42:37.258+0000] {processor.py:153} INFO - Started process (PID=1453) to work on /home/airflow/.local/lib/python3.7/site-packages/airflow/example_dags/example_python_operator.py
[2022-10-03T01:42:37.259+0000] {processor.py:640} INFO - Processing file /home/airflow/.local/lib/python3.7/site-packages/airflow/example_dags/example_python_operator.py for tasks to queue
[2022-10-03T01:42:37.260+0000] {logging_mixin.py:115} INFO - [2022-10-03T01:42:37.260+0000] {dagbag.py:508} INFO - Filling up the DagBag from /home/airflow/.local/lib/python3.7/site-packages/airflow/example_dags/example_python_operator.py
[2022-10-03T01:42:37.284+0000] {processor.py:650} INFO - DAG(s) dict_keys(['example_python_operator']) retrieved from /home/airflow/.local/lib/python3.7/site-packages/airflow/example_dags/example_python_operator.py
[2022-10-03T01:42:37.315+0000] {logging_mixin.py:115} INFO - [2022-10-03T01:42:37.315+0000] {dag.py:2429} INFO - Sync 1 DAGs
[2022-10-03T01:42:37.431+0000] {logging_mixin.py:115} INFO - [2022-10-03T01:42:37.431+0000] {dag.py:2981} INFO - Setting next_dagrun for example_python_operator to None, run_after=None
[2022-10-03T01:42:37.443+0000] {processor.py:161} INFO - Processing /home/airflow/.local/lib/python3.7/site-packages/airflow/example_dags/example_python_operator.py took 0.188 seconds
[2022-10-03T01:43:07.909+0000] {processor.py:153} INFO - Started process (PID=1509) to work on /home/airflow/.local/lib/python3.7/site-packages/airflow/example_dags/example_python_operator.py
[2022-10-03T01:43:07.910+0000] {processor.py:640} INFO - Processing file /home/airflow/.local/lib/python3.7/site-packages/airflow/example_dags/example_python_operator.py for tasks to queue
[2022-10-03T01:43:07.911+0000] {logging_mixin.py:115} INFO - [2022-10-03T01:43:07.911+0000] {dagbag.py:508} INFO - Filling up the DagBag from /home/airflow/.local/lib/python3.7/site-packages/airflow/example_dags/example_python_operator.py
[2022-10-03T01:43:07.928+0000] {processor.py:650} INFO - DAG(s) dict_keys(['example_python_operator']) retrieved from /home/airflow/.local/lib/python3.7/site-packages/airflow/example_dags/example_python_operator.py
[2022-10-03T01:43:07.955+0000] {logging_mixin.py:115} INFO - [2022-10-03T01:43:07.954+0000] {dag.py:2429} INFO - Sync 1 DAGs
[2022-10-03T01:43:08.070+0000] {logging_mixin.py:115} INFO - [2022-10-03T01:43:08.069+0000] {dag.py:2981} INFO - Setting next_dagrun for example_python_operator to None, run_after=None
[2022-10-03T01:43:08.084+0000] {processor.py:161} INFO - Processing /home/airflow/.local/lib/python3.7/site-packages/airflow/example_dags/example_python_operator.py took 0.178 seconds
[2022-10-03T01:43:38.402+0000] {processor.py:153} INFO - Started process (PID=1564) to work on /home/airflow/.local/lib/python3.7/site-packages/airflow/example_dags/example_python_operator.py
[2022-10-03T01:43:38.403+0000] {processor.py:640} INFO - Processing file /home/airflow/.local/lib/python3.7/site-packages/airflow/example_dags/example_python_operator.py for tasks to queue
[2022-10-03T01:43:38.404+0000] {logging_mixin.py:115} INFO - [2022-10-03T01:43:38.404+0000] {dagbag.py:508} INFO - Filling up the DagBag from /home/airflow/.local/lib/python3.7/site-packages/airflow/example_dags/example_python_operator.py
[2022-10-03T01:43:38.421+0000] {processor.py:650} INFO - DAG(s) dict_keys(['example_python_operator']) retrieved from /home/airflow/.local/lib/python3.7/site-packages/airflow/example_dags/example_python_operator.py
[2022-10-03T01:43:38.451+0000] {logging_mixin.py:115} INFO - [2022-10-03T01:43:38.451+0000] {dag.py:2429} INFO - Sync 1 DAGs
[2022-10-03T01:43:38.568+0000] {logging_mixin.py:115} INFO - [2022-10-03T01:43:38.568+0000] {dag.py:2981} INFO - Setting next_dagrun for example_python_operator to None, run_after=None
[2022-10-03T01:43:38.583+0000] {processor.py:161} INFO - Processing /home/airflow/.local/lib/python3.7/site-packages/airflow/example_dags/example_python_operator.py took 0.183 seconds
[2022-10-03T01:44:09.101+0000] {processor.py:153} INFO - Started process (PID=1619) to work on /home/airflow/.local/lib/python3.7/site-packages/airflow/example_dags/example_python_operator.py
[2022-10-03T01:44:09.102+0000] {processor.py:640} INFO - Processing file /home/airflow/.local/lib/python3.7/site-packages/airflow/example_dags/example_python_operator.py for tasks to queue
[2022-10-03T01:44:09.103+0000] {logging_mixin.py:115} INFO - [2022-10-03T01:44:09.103+0000] {dagbag.py:508} INFO - Filling up the DagBag from /home/airflow/.local/lib/python3.7/site-packages/airflow/example_dags/example_python_operator.py
[2022-10-03T01:44:09.118+0000] {processor.py:650} INFO - DAG(s) dict_keys(['example_python_operator']) retrieved from /home/airflow/.local/lib/python3.7/site-packages/airflow/example_dags/example_python_operator.py
[2022-10-03T01:44:09.145+0000] {logging_mixin.py:115} INFO - [2022-10-03T01:44:09.145+0000] {dag.py:2429} INFO - Sync 1 DAGs
[2022-10-03T01:44:09.264+0000] {logging_mixin.py:115} INFO - [2022-10-03T01:44:09.264+0000] {dag.py:2981} INFO - Setting next_dagrun for example_python_operator to None, run_after=None
[2022-10-03T01:44:09.276+0000] {processor.py:161} INFO - Processing /home/airflow/.local/lib/python3.7/site-packages/airflow/example_dags/example_python_operator.py took 0.178 seconds
[2022-10-03T01:44:39.942+0000] {processor.py:153} INFO - Started process (PID=1674) to work on /home/airflow/.local/lib/python3.7/site-packages/airflow/example_dags/example_python_operator.py
[2022-10-03T01:44:39.943+0000] {processor.py:640} INFO - Processing file /home/airflow/.local/lib/python3.7/site-packages/airflow/example_dags/example_python_operator.py for tasks to queue
[2022-10-03T01:44:39.944+0000] {logging_mixin.py:115} INFO - [2022-10-03T01:44:39.944+0000] {dagbag.py:508} INFO - Filling up the DagBag from /home/airflow/.local/lib/python3.7/site-packages/airflow/example_dags/example_python_operator.py
[2022-10-03T01:44:39.969+0000] {processor.py:650} INFO - DAG(s) dict_keys(['example_python_operator']) retrieved from /home/airflow/.local/lib/python3.7/site-packages/airflow/example_dags/example_python_operator.py
[2022-10-03T01:44:39.999+0000] {logging_mixin.py:115} INFO - [2022-10-03T01:44:39.999+0000] {dag.py:2429} INFO - Sync 1 DAGs
[2022-10-03T01:44:40.112+0000] {logging_mixin.py:115} INFO - [2022-10-03T01:44:40.111+0000] {dag.py:2981} INFO - Setting next_dagrun for example_python_operator to None, run_after=None
[2022-10-03T01:44:40.126+0000] {processor.py:161} INFO - Processing /home/airflow/.local/lib/python3.7/site-packages/airflow/example_dags/example_python_operator.py took 0.186 seconds
[2022-10-03T01:45:10.762+0000] {processor.py:153} INFO - Started process (PID=1729) to work on /home/airflow/.local/lib/python3.7/site-packages/airflow/example_dags/example_python_operator.py
[2022-10-03T01:45:10.763+0000] {processor.py:640} INFO - Processing file /home/airflow/.local/lib/python3.7/site-packages/airflow/example_dags/example_python_operator.py for tasks to queue
[2022-10-03T01:45:10.764+0000] {logging_mixin.py:115} INFO - [2022-10-03T01:45:10.764+0000] {dagbag.py:508} INFO - Filling up the DagBag from /home/airflow/.local/lib/python3.7/site-packages/airflow/example_dags/example_python_operator.py
[2022-10-03T01:45:10.782+0000] {processor.py:650} INFO - DAG(s) dict_keys(['example_python_operator']) retrieved from /home/airflow/.local/lib/python3.7/site-packages/airflow/example_dags/example_python_operator.py
[2022-10-03T01:45:10.905+0000] {logging_mixin.py:115} INFO - [2022-10-03T01:45:10.905+0000] {dag.py:2429} INFO - Sync 1 DAGs
[2022-10-03T01:45:10.925+0000] {logging_mixin.py:115} INFO - [2022-10-03T01:45:10.925+0000] {dag.py:2981} INFO - Setting next_dagrun for example_python_operator to None, run_after=None
[2022-10-03T01:45:10.942+0000] {processor.py:161} INFO - Processing /home/airflow/.local/lib/python3.7/site-packages/airflow/example_dags/example_python_operator.py took 0.182 seconds
[2022-10-03T01:45:41.522+0000] {processor.py:153} INFO - Started process (PID=1784) to work on /home/airflow/.local/lib/python3.7/site-packages/airflow/example_dags/example_python_operator.py
[2022-10-03T01:45:41.523+0000] {processor.py:640} INFO - Processing file /home/airflow/.local/lib/python3.7/site-packages/airflow/example_dags/example_python_operator.py for tasks to queue
[2022-10-03T01:45:41.524+0000] {logging_mixin.py:115} INFO - [2022-10-03T01:45:41.524+0000] {dagbag.py:508} INFO - Filling up the DagBag from /home/airflow/.local/lib/python3.7/site-packages/airflow/example_dags/example_python_operator.py
[2022-10-03T01:45:41.557+0000] {processor.py:650} INFO - DAG(s) dict_keys(['example_python_operator']) retrieved from /home/airflow/.local/lib/python3.7/site-packages/airflow/example_dags/example_python_operator.py
[2022-10-03T01:45:41.692+0000] {logging_mixin.py:115} INFO - [2022-10-03T01:45:41.692+0000] {dag.py:2429} INFO - Sync 1 DAGs
[2022-10-03T01:45:41.712+0000] {logging_mixin.py:115} INFO - [2022-10-03T01:45:41.712+0000] {dag.py:2981} INFO - Setting next_dagrun for example_python_operator to None, run_after=None
[2022-10-03T01:45:41.727+0000] {processor.py:161} INFO - Processing /home/airflow/.local/lib/python3.7/site-packages/airflow/example_dags/example_python_operator.py took 0.207 seconds
[2022-10-03T01:46:12.212+0000] {processor.py:153} INFO - Started process (PID=1839) to work on /home/airflow/.local/lib/python3.7/site-packages/airflow/example_dags/example_python_operator.py
[2022-10-03T01:46:12.213+0000] {processor.py:640} INFO - Processing file /home/airflow/.local/lib/python3.7/site-packages/airflow/example_dags/example_python_operator.py for tasks to queue
[2022-10-03T01:46:12.215+0000] {logging_mixin.py:115} INFO - [2022-10-03T01:46:12.214+0000] {dagbag.py:508} INFO - Filling up the DagBag from /home/airflow/.local/lib/python3.7/site-packages/airflow/example_dags/example_python_operator.py
[2022-10-03T01:46:12.241+0000] {processor.py:650} INFO - DAG(s) dict_keys(['example_python_operator']) retrieved from /home/airflow/.local/lib/python3.7/site-packages/airflow/example_dags/example_python_operator.py
[2022-10-03T01:46:12.387+0000] {logging_mixin.py:115} INFO - [2022-10-03T01:46:12.386+0000] {dag.py:2429} INFO - Sync 1 DAGs
[2022-10-03T01:46:12.409+0000] {logging_mixin.py:115} INFO - [2022-10-03T01:46:12.409+0000] {dag.py:2981} INFO - Setting next_dagrun for example_python_operator to None, run_after=None
[2022-10-03T01:46:12.421+0000] {processor.py:161} INFO - Processing /home/airflow/.local/lib/python3.7/site-packages/airflow/example_dags/example_python_operator.py took 0.212 seconds
[2022-10-03T01:46:43.005+0000] {processor.py:153} INFO - Started process (PID=1894) to work on /home/airflow/.local/lib/python3.7/site-packages/airflow/example_dags/example_python_operator.py
[2022-10-03T01:46:43.006+0000] {processor.py:640} INFO - Processing file /home/airflow/.local/lib/python3.7/site-packages/airflow/example_dags/example_python_operator.py for tasks to queue
[2022-10-03T01:46:43.007+0000] {logging_mixin.py:115} INFO - [2022-10-03T01:46:43.006+0000] {dagbag.py:508} INFO - Filling up the DagBag from /home/airflow/.local/lib/python3.7/site-packages/airflow/example_dags/example_python_operator.py
[2022-10-03T01:46:43.027+0000] {processor.py:650} INFO - DAG(s) dict_keys(['example_python_operator']) retrieved from /home/airflow/.local/lib/python3.7/site-packages/airflow/example_dags/example_python_operator.py
[2022-10-03T01:46:43.182+0000] {logging_mixin.py:115} INFO - [2022-10-03T01:46:43.182+0000] {dag.py:2429} INFO - Sync 1 DAGs
[2022-10-03T01:46:43.208+0000] {logging_mixin.py:115} INFO - [2022-10-03T01:46:43.208+0000] {dag.py:2981} INFO - Setting next_dagrun for example_python_operator to None, run_after=None
[2022-10-03T01:46:43.227+0000] {processor.py:161} INFO - Processing /home/airflow/.local/lib/python3.7/site-packages/airflow/example_dags/example_python_operator.py took 0.224 seconds
[2022-10-03T01:47:14.001+0000] {processor.py:153} INFO - Started process (PID=1956) to work on /home/airflow/.local/lib/python3.7/site-packages/airflow/example_dags/example_python_operator.py
[2022-10-03T01:47:14.002+0000] {processor.py:640} INFO - Processing file /home/airflow/.local/lib/python3.7/site-packages/airflow/example_dags/example_python_operator.py for tasks to queue
[2022-10-03T01:47:14.003+0000] {logging_mixin.py:115} INFO - [2022-10-03T01:47:14.002+0000] {dagbag.py:508} INFO - Filling up the DagBag from /home/airflow/.local/lib/python3.7/site-packages/airflow/example_dags/example_python_operator.py
[2022-10-03T01:47:14.019+0000] {processor.py:650} INFO - DAG(s) dict_keys(['example_python_operator']) retrieved from /home/airflow/.local/lib/python3.7/site-packages/airflow/example_dags/example_python_operator.py
[2022-10-03T01:47:14.145+0000] {logging_mixin.py:115} INFO - [2022-10-03T01:47:14.145+0000] {dag.py:2429} INFO - Sync 1 DAGs
[2022-10-03T01:47:14.167+0000] {logging_mixin.py:115} INFO - [2022-10-03T01:47:14.167+0000] {dag.py:2981} INFO - Setting next_dagrun for example_python_operator to None, run_after=None
[2022-10-03T01:47:14.183+0000] {processor.py:161} INFO - Processing /home/airflow/.local/lib/python3.7/site-packages/airflow/example_dags/example_python_operator.py took 0.184 seconds
[2022-10-03T01:47:44.796+0000] {processor.py:153} INFO - Started process (PID=2011) to work on /home/airflow/.local/lib/python3.7/site-packages/airflow/example_dags/example_python_operator.py
[2022-10-03T01:47:44.797+0000] {processor.py:640} INFO - Processing file /home/airflow/.local/lib/python3.7/site-packages/airflow/example_dags/example_python_operator.py for tasks to queue
[2022-10-03T01:47:44.798+0000] {logging_mixin.py:115} INFO - [2022-10-03T01:47:44.798+0000] {dagbag.py:508} INFO - Filling up the DagBag from /home/airflow/.local/lib/python3.7/site-packages/airflow/example_dags/example_python_operator.py
[2022-10-03T01:47:44.817+0000] {processor.py:650} INFO - DAG(s) dict_keys(['example_python_operator']) retrieved from /home/airflow/.local/lib/python3.7/site-packages/airflow/example_dags/example_python_operator.py
[2022-10-03T01:47:44.946+0000] {logging_mixin.py:115} INFO - [2022-10-03T01:47:44.946+0000] {dag.py:2429} INFO - Sync 1 DAGs
[2022-10-03T01:47:44.968+0000] {logging_mixin.py:115} INFO - [2022-10-03T01:47:44.968+0000] {dag.py:2981} INFO - Setting next_dagrun for example_python_operator to None, run_after=None
[2022-10-03T01:47:44.987+0000] {processor.py:161} INFO - Processing /home/airflow/.local/lib/python3.7/site-packages/airflow/example_dags/example_python_operator.py took 0.193 seconds
[2022-10-03T01:48:15.601+0000] {processor.py:153} INFO - Started process (PID=2066) to work on /home/airflow/.local/lib/python3.7/site-packages/airflow/example_dags/example_python_operator.py
[2022-10-03T01:48:15.602+0000] {processor.py:640} INFO - Processing file /home/airflow/.local/lib/python3.7/site-packages/airflow/example_dags/example_python_operator.py for tasks to queue
[2022-10-03T01:48:15.603+0000] {logging_mixin.py:115} INFO - [2022-10-03T01:48:15.602+0000] {dagbag.py:508} INFO - Filling up the DagBag from /home/airflow/.local/lib/python3.7/site-packages/airflow/example_dags/example_python_operator.py
[2022-10-03T01:48:15.625+0000] {processor.py:650} INFO - DAG(s) dict_keys(['example_python_operator']) retrieved from /home/airflow/.local/lib/python3.7/site-packages/airflow/example_dags/example_python_operator.py
[2022-10-03T01:48:15.757+0000] {logging_mixin.py:115} INFO - [2022-10-03T01:48:15.757+0000] {dag.py:2429} INFO - Sync 1 DAGs
[2022-10-03T01:48:15.780+0000] {logging_mixin.py:115} INFO - [2022-10-03T01:48:15.780+0000] {dag.py:2981} INFO - Setting next_dagrun for example_python_operator to None, run_after=None
[2022-10-03T01:48:15.796+0000] {processor.py:161} INFO - Processing /home/airflow/.local/lib/python3.7/site-packages/airflow/example_dags/example_python_operator.py took 0.198 seconds
[2022-10-03T01:48:46.373+0000] {processor.py:153} INFO - Started process (PID=2121) to work on /home/airflow/.local/lib/python3.7/site-packages/airflow/example_dags/example_python_operator.py
[2022-10-03T01:48:46.374+0000] {processor.py:640} INFO - Processing file /home/airflow/.local/lib/python3.7/site-packages/airflow/example_dags/example_python_operator.py for tasks to queue
[2022-10-03T01:48:46.375+0000] {logging_mixin.py:115} INFO - [2022-10-03T01:48:46.375+0000] {dagbag.py:508} INFO - Filling up the DagBag from /home/airflow/.local/lib/python3.7/site-packages/airflow/example_dags/example_python_operator.py
[2022-10-03T01:48:46.394+0000] {processor.py:650} INFO - DAG(s) dict_keys(['example_python_operator']) retrieved from /home/airflow/.local/lib/python3.7/site-packages/airflow/example_dags/example_python_operator.py
[2022-10-03T01:48:46.533+0000] {logging_mixin.py:115} INFO - [2022-10-03T01:48:46.533+0000] {dag.py:2429} INFO - Sync 1 DAGs
[2022-10-03T01:48:46.558+0000] {logging_mixin.py:115} INFO - [2022-10-03T01:48:46.558+0000] {dag.py:2981} INFO - Setting next_dagrun for example_python_operator to None, run_after=None
[2022-10-03T01:48:46.577+0000] {processor.py:161} INFO - Processing /home/airflow/.local/lib/python3.7/site-packages/airflow/example_dags/example_python_operator.py took 0.206 seconds
[2022-10-03T01:49:17.112+0000] {processor.py:153} INFO - Started process (PID=2176) to work on /home/airflow/.local/lib/python3.7/site-packages/airflow/example_dags/example_python_operator.py
[2022-10-03T01:49:17.113+0000] {processor.py:640} INFO - Processing file /home/airflow/.local/lib/python3.7/site-packages/airflow/example_dags/example_python_operator.py for tasks to queue
[2022-10-03T01:49:17.114+0000] {logging_mixin.py:115} INFO - [2022-10-03T01:49:17.114+0000] {dagbag.py:508} INFO - Filling up the DagBag from /home/airflow/.local/lib/python3.7/site-packages/airflow/example_dags/example_python_operator.py
[2022-10-03T01:49:17.137+0000] {processor.py:650} INFO - DAG(s) dict_keys(['example_python_operator']) retrieved from /home/airflow/.local/lib/python3.7/site-packages/airflow/example_dags/example_python_operator.py
[2022-10-03T01:49:17.281+0000] {logging_mixin.py:115} INFO - [2022-10-03T01:49:17.281+0000] {dag.py:2429} INFO - Sync 1 DAGs
[2022-10-03T01:49:17.303+0000] {logging_mixin.py:115} INFO - [2022-10-03T01:49:17.303+0000] {dag.py:2981} INFO - Setting next_dagrun for example_python_operator to None, run_after=None
[2022-10-03T01:49:17.319+0000] {processor.py:161} INFO - Processing /home/airflow/.local/lib/python3.7/site-packages/airflow/example_dags/example_python_operator.py took 0.211 seconds
[2022-10-03T01:52:32.230+0000] {processor.py:153} INFO - Started process (PID=67) to work on /home/airflow/.local/lib/python3.7/site-packages/airflow/example_dags/example_python_operator.py
[2022-10-03T01:52:32.232+0000] {processor.py:640} INFO - Processing file /home/airflow/.local/lib/python3.7/site-packages/airflow/example_dags/example_python_operator.py for tasks to queue
[2022-10-03T01:52:32.234+0000] {logging_mixin.py:115} INFO - [2022-10-03T01:52:32.234+0000] {dagbag.py:508} INFO - Filling up the DagBag from /home/airflow/.local/lib/python3.7/site-packages/airflow/example_dags/example_python_operator.py
[2022-10-03T01:52:32.280+0000] {processor.py:650} INFO - DAG(s) dict_keys(['example_python_operator']) retrieved from /home/airflow/.local/lib/python3.7/site-packages/airflow/example_dags/example_python_operator.py
[2022-10-03T01:52:32.323+0000] {logging_mixin.py:115} INFO - [2022-10-03T01:52:32.323+0000] {dag.py:2429} INFO - Sync 1 DAGs
[2022-10-03T01:52:32.525+0000] {logging_mixin.py:115} INFO - [2022-10-03T01:52:32.525+0000] {dag.py:2981} INFO - Setting next_dagrun for example_python_operator to None, run_after=None
[2022-10-03T01:52:32.543+0000] {processor.py:161} INFO - Processing /home/airflow/.local/lib/python3.7/site-packages/airflow/example_dags/example_python_operator.py took 0.318 seconds
[2022-10-03T01:53:02.785+0000] {processor.py:153} INFO - Started process (PID=123) to work on /home/airflow/.local/lib/python3.7/site-packages/airflow/example_dags/example_python_operator.py
[2022-10-03T01:53:02.786+0000] {processor.py:640} INFO - Processing file /home/airflow/.local/lib/python3.7/site-packages/airflow/example_dags/example_python_operator.py for tasks to queue
[2022-10-03T01:53:02.787+0000] {logging_mixin.py:115} INFO - [2022-10-03T01:53:02.786+0000] {dagbag.py:508} INFO - Filling up the DagBag from /home/airflow/.local/lib/python3.7/site-packages/airflow/example_dags/example_python_operator.py
[2022-10-03T01:53:02.806+0000] {processor.py:650} INFO - DAG(s) dict_keys(['example_python_operator']) retrieved from /home/airflow/.local/lib/python3.7/site-packages/airflow/example_dags/example_python_operator.py
[2022-10-03T01:53:02.835+0000] {logging_mixin.py:115} INFO - [2022-10-03T01:53:02.835+0000] {dag.py:2429} INFO - Sync 1 DAGs
[2022-10-03T01:53:02.953+0000] {logging_mixin.py:115} INFO - [2022-10-03T01:53:02.953+0000] {dag.py:2981} INFO - Setting next_dagrun for example_python_operator to None, run_after=None
[2022-10-03T01:53:02.966+0000] {processor.py:161} INFO - Processing /home/airflow/.local/lib/python3.7/site-packages/airflow/example_dags/example_python_operator.py took 0.184 seconds
[2022-10-03T01:53:33.606+0000] {processor.py:153} INFO - Started process (PID=178) to work on /home/airflow/.local/lib/python3.7/site-packages/airflow/example_dags/example_python_operator.py
[2022-10-03T01:53:33.607+0000] {processor.py:640} INFO - Processing file /home/airflow/.local/lib/python3.7/site-packages/airflow/example_dags/example_python_operator.py for tasks to queue
[2022-10-03T01:53:33.608+0000] {logging_mixin.py:115} INFO - [2022-10-03T01:53:33.608+0000] {dagbag.py:508} INFO - Filling up the DagBag from /home/airflow/.local/lib/python3.7/site-packages/airflow/example_dags/example_python_operator.py
[2022-10-03T01:53:33.625+0000] {processor.py:650} INFO - DAG(s) dict_keys(['example_python_operator']) retrieved from /home/airflow/.local/lib/python3.7/site-packages/airflow/example_dags/example_python_operator.py
[2022-10-03T01:53:33.652+0000] {logging_mixin.py:115} INFO - [2022-10-03T01:53:33.652+0000] {dag.py:2429} INFO - Sync 1 DAGs
[2022-10-03T01:53:33.782+0000] {logging_mixin.py:115} INFO - [2022-10-03T01:53:33.782+0000] {dag.py:2981} INFO - Setting next_dagrun for example_python_operator to None, run_after=None
[2022-10-03T01:53:33.796+0000] {processor.py:161} INFO - Processing /home/airflow/.local/lib/python3.7/site-packages/airflow/example_dags/example_python_operator.py took 0.192 seconds
[2022-10-03T01:54:04.463+0000] {processor.py:153} INFO - Started process (PID=233) to work on /home/airflow/.local/lib/python3.7/site-packages/airflow/example_dags/example_python_operator.py
[2022-10-03T01:54:04.464+0000] {processor.py:640} INFO - Processing file /home/airflow/.local/lib/python3.7/site-packages/airflow/example_dags/example_python_operator.py for tasks to queue
[2022-10-03T01:54:04.464+0000] {logging_mixin.py:115} INFO - [2022-10-03T01:54:04.464+0000] {dagbag.py:508} INFO - Filling up the DagBag from /home/airflow/.local/lib/python3.7/site-packages/airflow/example_dags/example_python_operator.py
[2022-10-03T01:54:04.480+0000] {processor.py:650} INFO - DAG(s) dict_keys(['example_python_operator']) retrieved from /home/airflow/.local/lib/python3.7/site-packages/airflow/example_dags/example_python_operator.py
[2022-10-03T01:54:04.508+0000] {logging_mixin.py:115} INFO - [2022-10-03T01:54:04.507+0000] {dag.py:2429} INFO - Sync 1 DAGs
[2022-10-03T01:54:04.632+0000] {logging_mixin.py:115} INFO - [2022-10-03T01:54:04.632+0000] {dag.py:2981} INFO - Setting next_dagrun for example_python_operator to None, run_after=None
[2022-10-03T01:54:04.645+0000] {processor.py:161} INFO - Processing /home/airflow/.local/lib/python3.7/site-packages/airflow/example_dags/example_python_operator.py took 0.185 seconds
[2022-10-03T01:54:35.581+0000] {processor.py:153} INFO - Started process (PID=289) to work on /home/airflow/.local/lib/python3.7/site-packages/airflow/example_dags/example_python_operator.py
[2022-10-03T01:54:35.582+0000] {processor.py:640} INFO - Processing file /home/airflow/.local/lib/python3.7/site-packages/airflow/example_dags/example_python_operator.py for tasks to queue
[2022-10-03T01:54:35.583+0000] {logging_mixin.py:115} INFO - [2022-10-03T01:54:35.583+0000] {dagbag.py:508} INFO - Filling up the DagBag from /home/airflow/.local/lib/python3.7/site-packages/airflow/example_dags/example_python_operator.py
[2022-10-03T01:54:35.600+0000] {processor.py:650} INFO - DAG(s) dict_keys(['example_python_operator']) retrieved from /home/airflow/.local/lib/python3.7/site-packages/airflow/example_dags/example_python_operator.py
[2022-10-03T01:54:35.634+0000] {logging_mixin.py:115} INFO - [2022-10-03T01:54:35.634+0000] {dag.py:2429} INFO - Sync 1 DAGs
[2022-10-03T01:54:35.765+0000] {logging_mixin.py:115} INFO - [2022-10-03T01:54:35.765+0000] {dag.py:2981} INFO - Setting next_dagrun for example_python_operator to None, run_after=None
[2022-10-03T01:54:35.780+0000] {processor.py:161} INFO - Processing /home/airflow/.local/lib/python3.7/site-packages/airflow/example_dags/example_python_operator.py took 0.203 seconds
[2022-10-03T01:55:05.818+0000] {processor.py:153} INFO - Started process (PID=344) to work on /home/airflow/.local/lib/python3.7/site-packages/airflow/example_dags/example_python_operator.py
[2022-10-03T01:55:05.819+0000] {processor.py:640} INFO - Processing file /home/airflow/.local/lib/python3.7/site-packages/airflow/example_dags/example_python_operator.py for tasks to queue
[2022-10-03T01:55:05.820+0000] {logging_mixin.py:115} INFO - [2022-10-03T01:55:05.820+0000] {dagbag.py:508} INFO - Filling up the DagBag from /home/airflow/.local/lib/python3.7/site-packages/airflow/example_dags/example_python_operator.py
[2022-10-03T01:55:05.838+0000] {processor.py:650} INFO - DAG(s) dict_keys(['example_python_operator']) retrieved from /home/airflow/.local/lib/python3.7/site-packages/airflow/example_dags/example_python_operator.py
[2022-10-03T01:55:05.862+0000] {logging_mixin.py:115} INFO - [2022-10-03T01:55:05.862+0000] {dag.py:2429} INFO - Sync 1 DAGs
[2022-10-03T01:55:05.980+0000] {logging_mixin.py:115} INFO - [2022-10-03T01:55:05.980+0000] {dag.py:2981} INFO - Setting next_dagrun for example_python_operator to None, run_after=None
[2022-10-03T01:55:05.994+0000] {processor.py:161} INFO - Processing /home/airflow/.local/lib/python3.7/site-packages/airflow/example_dags/example_python_operator.py took 0.179 seconds
[2022-10-03T01:55:36.600+0000] {processor.py:153} INFO - Started process (PID=399) to work on /home/airflow/.local/lib/python3.7/site-packages/airflow/example_dags/example_python_operator.py
[2022-10-03T01:55:36.601+0000] {processor.py:640} INFO - Processing file /home/airflow/.local/lib/python3.7/site-packages/airflow/example_dags/example_python_operator.py for tasks to queue
[2022-10-03T01:55:36.603+0000] {logging_mixin.py:115} INFO - [2022-10-03T01:55:36.602+0000] {dagbag.py:508} INFO - Filling up the DagBag from /home/airflow/.local/lib/python3.7/site-packages/airflow/example_dags/example_python_operator.py
[2022-10-03T01:55:36.622+0000] {processor.py:650} INFO - DAG(s) dict_keys(['example_python_operator']) retrieved from /home/airflow/.local/lib/python3.7/site-packages/airflow/example_dags/example_python_operator.py
[2022-10-03T01:55:36.649+0000] {logging_mixin.py:115} INFO - [2022-10-03T01:55:36.649+0000] {dag.py:2429} INFO - Sync 1 DAGs
[2022-10-03T01:55:36.763+0000] {logging_mixin.py:115} INFO - [2022-10-03T01:55:36.763+0000] {dag.py:2981} INFO - Setting next_dagrun for example_python_operator to None, run_after=None
[2022-10-03T01:55:36.778+0000] {processor.py:161} INFO - Processing /home/airflow/.local/lib/python3.7/site-packages/airflow/example_dags/example_python_operator.py took 0.181 seconds
[2022-10-03T01:56:07.261+0000] {processor.py:153} INFO - Started process (PID=454) to work on /home/airflow/.local/lib/python3.7/site-packages/airflow/example_dags/example_python_operator.py
[2022-10-03T01:56:07.261+0000] {processor.py:640} INFO - Processing file /home/airflow/.local/lib/python3.7/site-packages/airflow/example_dags/example_python_operator.py for tasks to queue
[2022-10-03T01:56:07.262+0000] {logging_mixin.py:115} INFO - [2022-10-03T01:56:07.262+0000] {dagbag.py:508} INFO - Filling up the DagBag from /home/airflow/.local/lib/python3.7/site-packages/airflow/example_dags/example_python_operator.py
[2022-10-03T01:56:07.279+0000] {processor.py:650} INFO - DAG(s) dict_keys(['example_python_operator']) retrieved from /home/airflow/.local/lib/python3.7/site-packages/airflow/example_dags/example_python_operator.py
[2022-10-03T01:56:07.306+0000] {logging_mixin.py:115} INFO - [2022-10-03T01:56:07.306+0000] {dag.py:2429} INFO - Sync 1 DAGs
[2022-10-03T01:56:07.438+0000] {logging_mixin.py:115} INFO - [2022-10-03T01:56:07.438+0000] {dag.py:2981} INFO - Setting next_dagrun for example_python_operator to None, run_after=None
[2022-10-03T01:56:07.452+0000] {processor.py:161} INFO - Processing /home/airflow/.local/lib/python3.7/site-packages/airflow/example_dags/example_python_operator.py took 0.194 seconds
[2022-10-03T01:56:38.008+0000] {processor.py:153} INFO - Started process (PID=509) to work on /home/airflow/.local/lib/python3.7/site-packages/airflow/example_dags/example_python_operator.py
[2022-10-03T01:56:38.009+0000] {processor.py:640} INFO - Processing file /home/airflow/.local/lib/python3.7/site-packages/airflow/example_dags/example_python_operator.py for tasks to queue
[2022-10-03T01:56:38.011+0000] {logging_mixin.py:115} INFO - [2022-10-03T01:56:38.011+0000] {dagbag.py:508} INFO - Filling up the DagBag from /home/airflow/.local/lib/python3.7/site-packages/airflow/example_dags/example_python_operator.py
[2022-10-03T01:56:38.029+0000] {processor.py:650} INFO - DAG(s) dict_keys(['example_python_operator']) retrieved from /home/airflow/.local/lib/python3.7/site-packages/airflow/example_dags/example_python_operator.py
[2022-10-03T01:56:38.056+0000] {logging_mixin.py:115} INFO - [2022-10-03T01:56:38.056+0000] {dag.py:2429} INFO - Sync 1 DAGs
[2022-10-03T01:56:38.188+0000] {logging_mixin.py:115} INFO - [2022-10-03T01:56:38.188+0000] {dag.py:2981} INFO - Setting next_dagrun for example_python_operator to None, run_after=None
[2022-10-03T01:56:38.204+0000] {processor.py:161} INFO - Processing /home/airflow/.local/lib/python3.7/site-packages/airflow/example_dags/example_python_operator.py took 0.201 seconds
[2022-10-03T01:57:08.496+0000] {processor.py:153} INFO - Started process (PID=564) to work on /home/airflow/.local/lib/python3.7/site-packages/airflow/example_dags/example_python_operator.py
[2022-10-03T01:57:08.496+0000] {processor.py:640} INFO - Processing file /home/airflow/.local/lib/python3.7/site-packages/airflow/example_dags/example_python_operator.py for tasks to queue
[2022-10-03T01:57:08.497+0000] {logging_mixin.py:115} INFO - [2022-10-03T01:57:08.497+0000] {dagbag.py:508} INFO - Filling up the DagBag from /home/airflow/.local/lib/python3.7/site-packages/airflow/example_dags/example_python_operator.py
[2022-10-03T01:57:08.515+0000] {processor.py:650} INFO - DAG(s) dict_keys(['example_python_operator']) retrieved from /home/airflow/.local/lib/python3.7/site-packages/airflow/example_dags/example_python_operator.py
[2022-10-03T01:57:08.539+0000] {logging_mixin.py:115} INFO - [2022-10-03T01:57:08.539+0000] {dag.py:2429} INFO - Sync 1 DAGs
[2022-10-03T01:57:08.654+0000] {logging_mixin.py:115} INFO - [2022-10-03T01:57:08.654+0000] {dag.py:2981} INFO - Setting next_dagrun for example_python_operator to None, run_after=None
[2022-10-03T01:57:08.669+0000] {processor.py:161} INFO - Processing /home/airflow/.local/lib/python3.7/site-packages/airflow/example_dags/example_python_operator.py took 0.176 seconds
[2022-10-03T01:57:39.068+0000] {processor.py:153} INFO - Started process (PID=619) to work on /home/airflow/.local/lib/python3.7/site-packages/airflow/example_dags/example_python_operator.py
[2022-10-03T01:57:39.069+0000] {processor.py:640} INFO - Processing file /home/airflow/.local/lib/python3.7/site-packages/airflow/example_dags/example_python_operator.py for tasks to queue
[2022-10-03T01:57:39.070+0000] {logging_mixin.py:115} INFO - [2022-10-03T01:57:39.070+0000] {dagbag.py:508} INFO - Filling up the DagBag from /home/airflow/.local/lib/python3.7/site-packages/airflow/example_dags/example_python_operator.py
[2022-10-03T01:57:39.086+0000] {processor.py:650} INFO - DAG(s) dict_keys(['example_python_operator']) retrieved from /home/airflow/.local/lib/python3.7/site-packages/airflow/example_dags/example_python_operator.py
[2022-10-03T01:57:39.114+0000] {logging_mixin.py:115} INFO - [2022-10-03T01:57:39.114+0000] {dag.py:2429} INFO - Sync 1 DAGs
[2022-10-03T01:57:39.236+0000] {logging_mixin.py:115} INFO - [2022-10-03T01:57:39.236+0000] {dag.py:2981} INFO - Setting next_dagrun for example_python_operator to None, run_after=None
[2022-10-03T01:57:39.252+0000] {processor.py:161} INFO - Processing /home/airflow/.local/lib/python3.7/site-packages/airflow/example_dags/example_python_operator.py took 0.188 seconds
[2022-10-03T01:58:09.830+0000] {processor.py:153} INFO - Started process (PID=674) to work on /home/airflow/.local/lib/python3.7/site-packages/airflow/example_dags/example_python_operator.py
[2022-10-03T01:58:09.832+0000] {processor.py:640} INFO - Processing file /home/airflow/.local/lib/python3.7/site-packages/airflow/example_dags/example_python_operator.py for tasks to queue
[2022-10-03T01:58:09.833+0000] {logging_mixin.py:115} INFO - [2022-10-03T01:58:09.833+0000] {dagbag.py:508} INFO - Filling up the DagBag from /home/airflow/.local/lib/python3.7/site-packages/airflow/example_dags/example_python_operator.py
[2022-10-03T01:58:09.847+0000] {processor.py:650} INFO - DAG(s) dict_keys(['example_python_operator']) retrieved from /home/airflow/.local/lib/python3.7/site-packages/airflow/example_dags/example_python_operator.py
[2022-10-03T01:58:09.872+0000] {logging_mixin.py:115} INFO - [2022-10-03T01:58:09.872+0000] {dag.py:2429} INFO - Sync 1 DAGs
[2022-10-03T01:58:09.992+0000] {logging_mixin.py:115} INFO - [2022-10-03T01:58:09.991+0000] {dag.py:2981} INFO - Setting next_dagrun for example_python_operator to None, run_after=None
[2022-10-03T01:58:10.006+0000] {processor.py:161} INFO - Processing /home/airflow/.local/lib/python3.7/site-packages/airflow/example_dags/example_python_operator.py took 0.178 seconds
[2022-10-03T01:58:40.214+0000] {processor.py:153} INFO - Started process (PID=729) to work on /home/airflow/.local/lib/python3.7/site-packages/airflow/example_dags/example_python_operator.py
[2022-10-03T01:58:40.215+0000] {processor.py:640} INFO - Processing file /home/airflow/.local/lib/python3.7/site-packages/airflow/example_dags/example_python_operator.py for tasks to queue
[2022-10-03T01:58:40.215+0000] {logging_mixin.py:115} INFO - [2022-10-03T01:58:40.215+0000] {dagbag.py:508} INFO - Filling up the DagBag from /home/airflow/.local/lib/python3.7/site-packages/airflow/example_dags/example_python_operator.py
[2022-10-03T01:58:40.229+0000] {processor.py:650} INFO - DAG(s) dict_keys(['example_python_operator']) retrieved from /home/airflow/.local/lib/python3.7/site-packages/airflow/example_dags/example_python_operator.py
[2022-10-03T01:58:40.252+0000] {logging_mixin.py:115} INFO - [2022-10-03T01:58:40.252+0000] {dag.py:2429} INFO - Sync 1 DAGs
[2022-10-03T01:58:40.370+0000] {logging_mixin.py:115} INFO - [2022-10-03T01:58:40.370+0000] {dag.py:2981} INFO - Setting next_dagrun for example_python_operator to None, run_after=None
[2022-10-03T01:58:40.384+0000] {processor.py:161} INFO - Processing /home/airflow/.local/lib/python3.7/site-packages/airflow/example_dags/example_python_operator.py took 0.172 seconds
[2022-10-03T01:59:10.923+0000] {processor.py:153} INFO - Started process (PID=784) to work on /home/airflow/.local/lib/python3.7/site-packages/airflow/example_dags/example_python_operator.py
[2022-10-03T01:59:10.924+0000] {processor.py:640} INFO - Processing file /home/airflow/.local/lib/python3.7/site-packages/airflow/example_dags/example_python_operator.py for tasks to queue
[2022-10-03T01:59:10.925+0000] {logging_mixin.py:115} INFO - [2022-10-03T01:59:10.925+0000] {dagbag.py:508} INFO - Filling up the DagBag from /home/airflow/.local/lib/python3.7/site-packages/airflow/example_dags/example_python_operator.py
[2022-10-03T01:59:10.949+0000] {processor.py:650} INFO - DAG(s) dict_keys(['example_python_operator']) retrieved from /home/airflow/.local/lib/python3.7/site-packages/airflow/example_dags/example_python_operator.py
[2022-10-03T01:59:10.979+0000] {logging_mixin.py:115} INFO - [2022-10-03T01:59:10.979+0000] {dag.py:2429} INFO - Sync 1 DAGs
[2022-10-03T01:59:11.096+0000] {logging_mixin.py:115} INFO - [2022-10-03T01:59:11.095+0000] {dag.py:2981} INFO - Setting next_dagrun for example_python_operator to None, run_after=None
[2022-10-03T01:59:11.109+0000] {processor.py:161} INFO - Processing /home/airflow/.local/lib/python3.7/site-packages/airflow/example_dags/example_python_operator.py took 0.190 seconds
[2022-10-03T01:59:41.663+0000] {processor.py:153} INFO - Started process (PID=840) to work on /home/airflow/.local/lib/python3.7/site-packages/airflow/example_dags/example_python_operator.py
[2022-10-03T01:59:41.664+0000] {processor.py:640} INFO - Processing file /home/airflow/.local/lib/python3.7/site-packages/airflow/example_dags/example_python_operator.py for tasks to queue
[2022-10-03T01:59:41.665+0000] {logging_mixin.py:115} INFO - [2022-10-03T01:59:41.665+0000] {dagbag.py:508} INFO - Filling up the DagBag from /home/airflow/.local/lib/python3.7/site-packages/airflow/example_dags/example_python_operator.py
[2022-10-03T01:59:41.682+0000] {processor.py:650} INFO - DAG(s) dict_keys(['example_python_operator']) retrieved from /home/airflow/.local/lib/python3.7/site-packages/airflow/example_dags/example_python_operator.py
[2022-10-03T01:59:41.704+0000] {logging_mixin.py:115} INFO - [2022-10-03T01:59:41.704+0000] {dag.py:2429} INFO - Sync 1 DAGs
[2022-10-03T01:59:41.825+0000] {logging_mixin.py:115} INFO - [2022-10-03T01:59:41.825+0000] {dag.py:2981} INFO - Setting next_dagrun for example_python_operator to None, run_after=None
[2022-10-03T01:59:41.840+0000] {processor.py:161} INFO - Processing /home/airflow/.local/lib/python3.7/site-packages/airflow/example_dags/example_python_operator.py took 0.180 seconds
