[2022-10-03T01:29:49.928+0000] {processor.py:153} INFO - Started process (PID=73) to work on /home/airflow/.local/lib/python3.7/site-packages/airflow/example_dags/example_branch_datetime_operator.py
[2022-10-03T01:29:49.929+0000] {processor.py:640} INFO - Processing file /home/airflow/.local/lib/python3.7/site-packages/airflow/example_dags/example_branch_datetime_operator.py for tasks to queue
[2022-10-03T01:29:49.930+0000] {logging_mixin.py:115} INFO - [2022-10-03T01:29:49.930+0000] {dagbag.py:508} INFO - Filling up the DagBag from /home/airflow/.local/lib/python3.7/site-packages/airflow/example_dags/example_branch_datetime_operator.py
[2022-10-03T01:29:49.945+0000] {processor.py:650} INFO - DAG(s) dict_keys(['example_branch_datetime_operator', 'example_branch_datetime_operator_2']) retrieved from /home/airflow/.local/lib/python3.7/site-packages/airflow/example_dags/example_branch_datetime_operator.py
[2022-10-03T01:29:50.222+0000] {logging_mixin.py:115} INFO - [2022-10-03T01:29:50.222+0000] {manager.py:508} INFO - Created Permission View: can edit on DAG:example_branch_datetime_operator
[2022-10-03T01:29:50.246+0000] {logging_mixin.py:115} INFO - [2022-10-03T01:29:50.246+0000] {manager.py:508} INFO - Created Permission View: can read on DAG:example_branch_datetime_operator
[2022-10-03T01:29:50.261+0000] {logging_mixin.py:115} INFO - [2022-10-03T01:29:50.260+0000] {manager.py:508} INFO - Created Permission View: can delete on DAG:example_branch_datetime_operator
[2022-10-03T01:29:50.292+0000] {logging_mixin.py:115} INFO - [2022-10-03T01:29:50.292+0000] {manager.py:508} INFO - Created Permission View: can edit on DAG:example_branch_datetime_operator_2
[2022-10-03T01:29:50.306+0000] {logging_mixin.py:115} INFO - [2022-10-03T01:29:50.306+0000] {manager.py:508} INFO - Created Permission View: can read on DAG:example_branch_datetime_operator_2
[2022-10-03T01:29:50.319+0000] {logging_mixin.py:115} INFO - [2022-10-03T01:29:50.318+0000] {manager.py:508} INFO - Created Permission View: can delete on DAG:example_branch_datetime_operator_2
[2022-10-03T01:29:50.319+0000] {logging_mixin.py:115} INFO - [2022-10-03T01:29:50.319+0000] {dag.py:2429} INFO - Sync 2 DAGs
[2022-10-03T01:29:50.329+0000] {logging_mixin.py:115} INFO - [2022-10-03T01:29:50.329+0000] {dag.py:2448} INFO - Creating ORM DAG for example_branch_datetime_operator
[2022-10-03T01:29:50.330+0000] {logging_mixin.py:115} INFO - [2022-10-03T01:29:50.330+0000] {dag.py:2448} INFO - Creating ORM DAG for example_branch_datetime_operator_2
[2022-10-03T01:29:50.344+0000] {logging_mixin.py:115} INFO - [2022-10-03T01:29:50.344+0000] {dag.py:2981} INFO - Setting next_dagrun for example_branch_datetime_operator to 2022-10-02T00:00:00+00:00, run_after=2022-10-03T00:00:00+00:00
[2022-10-03T01:29:50.347+0000] {logging_mixin.py:115} INFO - [2022-10-03T01:29:50.347+0000] {dag.py:2981} INFO - Setting next_dagrun for example_branch_datetime_operator_2 to 2022-10-02T00:00:00+00:00, run_after=2022-10-03T00:00:00+00:00
[2022-10-03T01:29:50.368+0000] {processor.py:161} INFO - Processing /home/airflow/.local/lib/python3.7/site-packages/airflow/example_dags/example_branch_datetime_operator.py took 0.444 seconds
[2022-10-03T01:30:20.833+0000] {processor.py:153} INFO - Started process (PID=128) to work on /home/airflow/.local/lib/python3.7/site-packages/airflow/example_dags/example_branch_datetime_operator.py
[2022-10-03T01:30:20.834+0000] {processor.py:640} INFO - Processing file /home/airflow/.local/lib/python3.7/site-packages/airflow/example_dags/example_branch_datetime_operator.py for tasks to queue
[2022-10-03T01:30:20.835+0000] {logging_mixin.py:115} INFO - [2022-10-03T01:30:20.835+0000] {dagbag.py:508} INFO - Filling up the DagBag from /home/airflow/.local/lib/python3.7/site-packages/airflow/example_dags/example_branch_datetime_operator.py
[2022-10-03T01:30:20.844+0000] {processor.py:650} INFO - DAG(s) dict_keys(['example_branch_datetime_operator', 'example_branch_datetime_operator_2']) retrieved from /home/airflow/.local/lib/python3.7/site-packages/airflow/example_dags/example_branch_datetime_operator.py
[2022-10-03T01:30:20.868+0000] {logging_mixin.py:115} INFO - [2022-10-03T01:30:20.868+0000] {dag.py:2429} INFO - Sync 2 DAGs
[2022-10-03T01:30:20.993+0000] {logging_mixin.py:115} INFO - [2022-10-03T01:30:20.992+0000] {dag.py:2981} INFO - Setting next_dagrun for example_branch_datetime_operator to 2022-10-02T00:00:00+00:00, run_after=2022-10-03T00:00:00+00:00
[2022-10-03T01:30:20.995+0000] {logging_mixin.py:115} INFO - [2022-10-03T01:30:20.995+0000] {dag.py:2981} INFO - Setting next_dagrun for example_branch_datetime_operator_2 to 2022-10-02T00:00:00+00:00, run_after=2022-10-03T00:00:00+00:00
[2022-10-03T01:30:21.008+0000] {processor.py:161} INFO - Processing /home/airflow/.local/lib/python3.7/site-packages/airflow/example_dags/example_branch_datetime_operator.py took 0.177 seconds
[2022-10-03T01:30:51.511+0000] {processor.py:153} INFO - Started process (PID=183) to work on /home/airflow/.local/lib/python3.7/site-packages/airflow/example_dags/example_branch_datetime_operator.py
[2022-10-03T01:30:51.512+0000] {processor.py:640} INFO - Processing file /home/airflow/.local/lib/python3.7/site-packages/airflow/example_dags/example_branch_datetime_operator.py for tasks to queue
[2022-10-03T01:30:51.513+0000] {logging_mixin.py:115} INFO - [2022-10-03T01:30:51.513+0000] {dagbag.py:508} INFO - Filling up the DagBag from /home/airflow/.local/lib/python3.7/site-packages/airflow/example_dags/example_branch_datetime_operator.py
[2022-10-03T01:30:51.529+0000] {processor.py:650} INFO - DAG(s) dict_keys(['example_branch_datetime_operator', 'example_branch_datetime_operator_2']) retrieved from /home/airflow/.local/lib/python3.7/site-packages/airflow/example_dags/example_branch_datetime_operator.py
[2022-10-03T01:30:51.567+0000] {logging_mixin.py:115} INFO - [2022-10-03T01:30:51.566+0000] {dag.py:2429} INFO - Sync 2 DAGs
[2022-10-03T01:30:51.694+0000] {logging_mixin.py:115} INFO - [2022-10-03T01:30:51.694+0000] {dag.py:2981} INFO - Setting next_dagrun for example_branch_datetime_operator to 2022-10-02T00:00:00+00:00, run_after=2022-10-03T00:00:00+00:00
[2022-10-03T01:30:51.696+0000] {logging_mixin.py:115} INFO - [2022-10-03T01:30:51.696+0000] {dag.py:2981} INFO - Setting next_dagrun for example_branch_datetime_operator_2 to 2022-10-02T00:00:00+00:00, run_after=2022-10-03T00:00:00+00:00
[2022-10-03T01:30:51.711+0000] {processor.py:161} INFO - Processing /home/airflow/.local/lib/python3.7/site-packages/airflow/example_dags/example_branch_datetime_operator.py took 0.203 seconds
[2022-10-03T01:31:22.257+0000] {processor.py:153} INFO - Started process (PID=238) to work on /home/airflow/.local/lib/python3.7/site-packages/airflow/example_dags/example_branch_datetime_operator.py
[2022-10-03T01:31:22.258+0000] {processor.py:640} INFO - Processing file /home/airflow/.local/lib/python3.7/site-packages/airflow/example_dags/example_branch_datetime_operator.py for tasks to queue
[2022-10-03T01:31:22.259+0000] {logging_mixin.py:115} INFO - [2022-10-03T01:31:22.259+0000] {dagbag.py:508} INFO - Filling up the DagBag from /home/airflow/.local/lib/python3.7/site-packages/airflow/example_dags/example_branch_datetime_operator.py
[2022-10-03T01:31:22.268+0000] {processor.py:650} INFO - DAG(s) dict_keys(['example_branch_datetime_operator', 'example_branch_datetime_operator_2']) retrieved from /home/airflow/.local/lib/python3.7/site-packages/airflow/example_dags/example_branch_datetime_operator.py
[2022-10-03T01:31:22.303+0000] {logging_mixin.py:115} INFO - [2022-10-03T01:31:22.303+0000] {dag.py:2429} INFO - Sync 2 DAGs
[2022-10-03T01:31:22.430+0000] {logging_mixin.py:115} INFO - [2022-10-03T01:31:22.429+0000] {dag.py:2981} INFO - Setting next_dagrun for example_branch_datetime_operator to 2022-10-02T00:00:00+00:00, run_after=2022-10-03T00:00:00+00:00
[2022-10-03T01:31:22.432+0000] {logging_mixin.py:115} INFO - [2022-10-03T01:31:22.432+0000] {dag.py:2981} INFO - Setting next_dagrun for example_branch_datetime_operator_2 to 2022-10-02T00:00:00+00:00, run_after=2022-10-03T00:00:00+00:00
[2022-10-03T01:31:22.446+0000] {processor.py:161} INFO - Processing /home/airflow/.local/lib/python3.7/site-packages/airflow/example_dags/example_branch_datetime_operator.py took 0.192 seconds
[2022-10-03T01:31:52.983+0000] {processor.py:153} INFO - Started process (PID=294) to work on /home/airflow/.local/lib/python3.7/site-packages/airflow/example_dags/example_branch_datetime_operator.py
[2022-10-03T01:31:52.984+0000] {processor.py:640} INFO - Processing file /home/airflow/.local/lib/python3.7/site-packages/airflow/example_dags/example_branch_datetime_operator.py for tasks to queue
[2022-10-03T01:31:52.985+0000] {logging_mixin.py:115} INFO - [2022-10-03T01:31:52.985+0000] {dagbag.py:508} INFO - Filling up the DagBag from /home/airflow/.local/lib/python3.7/site-packages/airflow/example_dags/example_branch_datetime_operator.py
[2022-10-03T01:31:52.996+0000] {processor.py:650} INFO - DAG(s) dict_keys(['example_branch_datetime_operator', 'example_branch_datetime_operator_2']) retrieved from /home/airflow/.local/lib/python3.7/site-packages/airflow/example_dags/example_branch_datetime_operator.py
[2022-10-03T01:31:53.022+0000] {logging_mixin.py:115} INFO - [2022-10-03T01:31:53.021+0000] {dag.py:2429} INFO - Sync 2 DAGs
[2022-10-03T01:31:53.151+0000] {logging_mixin.py:115} INFO - [2022-10-03T01:31:53.151+0000] {dag.py:2981} INFO - Setting next_dagrun for example_branch_datetime_operator to 2022-10-02T00:00:00+00:00, run_after=2022-10-03T00:00:00+00:00
[2022-10-03T01:31:53.153+0000] {logging_mixin.py:115} INFO - [2022-10-03T01:31:53.153+0000] {dag.py:2981} INFO - Setting next_dagrun for example_branch_datetime_operator_2 to 2022-10-02T00:00:00+00:00, run_after=2022-10-03T00:00:00+00:00
[2022-10-03T01:31:53.167+0000] {processor.py:161} INFO - Processing /home/airflow/.local/lib/python3.7/site-packages/airflow/example_dags/example_branch_datetime_operator.py took 0.185 seconds
[2022-10-03T01:32:23.743+0000] {processor.py:153} INFO - Started process (PID=349) to work on /home/airflow/.local/lib/python3.7/site-packages/airflow/example_dags/example_branch_datetime_operator.py
[2022-10-03T01:32:23.744+0000] {processor.py:640} INFO - Processing file /home/airflow/.local/lib/python3.7/site-packages/airflow/example_dags/example_branch_datetime_operator.py for tasks to queue
[2022-10-03T01:32:23.746+0000] {logging_mixin.py:115} INFO - [2022-10-03T01:32:23.745+0000] {dagbag.py:508} INFO - Filling up the DagBag from /home/airflow/.local/lib/python3.7/site-packages/airflow/example_dags/example_branch_datetime_operator.py
[2022-10-03T01:32:23.758+0000] {processor.py:650} INFO - DAG(s) dict_keys(['example_branch_datetime_operator', 'example_branch_datetime_operator_2']) retrieved from /home/airflow/.local/lib/python3.7/site-packages/airflow/example_dags/example_branch_datetime_operator.py
[2022-10-03T01:32:23.783+0000] {logging_mixin.py:115} INFO - [2022-10-03T01:32:23.783+0000] {dag.py:2429} INFO - Sync 2 DAGs
[2022-10-03T01:32:23.909+0000] {logging_mixin.py:115} INFO - [2022-10-03T01:32:23.909+0000] {dag.py:2981} INFO - Setting next_dagrun for example_branch_datetime_operator to 2022-10-02T00:00:00+00:00, run_after=2022-10-03T00:00:00+00:00
[2022-10-03T01:32:23.911+0000] {logging_mixin.py:115} INFO - [2022-10-03T01:32:23.911+0000] {dag.py:2981} INFO - Setting next_dagrun for example_branch_datetime_operator_2 to 2022-10-02T00:00:00+00:00, run_after=2022-10-03T00:00:00+00:00
[2022-10-03T01:32:23.927+0000] {processor.py:161} INFO - Processing /home/airflow/.local/lib/python3.7/site-packages/airflow/example_dags/example_branch_datetime_operator.py took 0.187 seconds
[2022-10-03T01:32:54.644+0000] {processor.py:153} INFO - Started process (PID=404) to work on /home/airflow/.local/lib/python3.7/site-packages/airflow/example_dags/example_branch_datetime_operator.py
[2022-10-03T01:32:54.644+0000] {processor.py:640} INFO - Processing file /home/airflow/.local/lib/python3.7/site-packages/airflow/example_dags/example_branch_datetime_operator.py for tasks to queue
[2022-10-03T01:32:54.645+0000] {logging_mixin.py:115} INFO - [2022-10-03T01:32:54.645+0000] {dagbag.py:508} INFO - Filling up the DagBag from /home/airflow/.local/lib/python3.7/site-packages/airflow/example_dags/example_branch_datetime_operator.py
[2022-10-03T01:32:54.655+0000] {processor.py:650} INFO - DAG(s) dict_keys(['example_branch_datetime_operator', 'example_branch_datetime_operator_2']) retrieved from /home/airflow/.local/lib/python3.7/site-packages/airflow/example_dags/example_branch_datetime_operator.py
[2022-10-03T01:32:54.688+0000] {logging_mixin.py:115} INFO - [2022-10-03T01:32:54.688+0000] {dag.py:2429} INFO - Sync 2 DAGs
[2022-10-03T01:32:54.809+0000] {logging_mixin.py:115} INFO - [2022-10-03T01:32:54.809+0000] {dag.py:2981} INFO - Setting next_dagrun for example_branch_datetime_operator to 2022-10-02T00:00:00+00:00, run_after=2022-10-03T00:00:00+00:00
[2022-10-03T01:32:54.811+0000] {logging_mixin.py:115} INFO - [2022-10-03T01:32:54.811+0000] {dag.py:2981} INFO - Setting next_dagrun for example_branch_datetime_operator_2 to 2022-10-02T00:00:00+00:00, run_after=2022-10-03T00:00:00+00:00
[2022-10-03T01:32:54.825+0000] {processor.py:161} INFO - Processing /home/airflow/.local/lib/python3.7/site-packages/airflow/example_dags/example_branch_datetime_operator.py took 0.184 seconds
[2022-10-03T01:33:25.366+0000] {processor.py:153} INFO - Started process (PID=459) to work on /home/airflow/.local/lib/python3.7/site-packages/airflow/example_dags/example_branch_datetime_operator.py
[2022-10-03T01:33:25.366+0000] {processor.py:640} INFO - Processing file /home/airflow/.local/lib/python3.7/site-packages/airflow/example_dags/example_branch_datetime_operator.py for tasks to queue
[2022-10-03T01:33:25.367+0000] {logging_mixin.py:115} INFO - [2022-10-03T01:33:25.367+0000] {dagbag.py:508} INFO - Filling up the DagBag from /home/airflow/.local/lib/python3.7/site-packages/airflow/example_dags/example_branch_datetime_operator.py
[2022-10-03T01:33:25.378+0000] {processor.py:650} INFO - DAG(s) dict_keys(['example_branch_datetime_operator', 'example_branch_datetime_operator_2']) retrieved from /home/airflow/.local/lib/python3.7/site-packages/airflow/example_dags/example_branch_datetime_operator.py
[2022-10-03T01:33:25.414+0000] {logging_mixin.py:115} INFO - [2022-10-03T01:33:25.414+0000] {dag.py:2429} INFO - Sync 2 DAGs
[2022-10-03T01:33:25.540+0000] {logging_mixin.py:115} INFO - [2022-10-03T01:33:25.540+0000] {dag.py:2981} INFO - Setting next_dagrun for example_branch_datetime_operator to 2022-10-02T00:00:00+00:00, run_after=2022-10-03T00:00:00+00:00
[2022-10-03T01:33:25.543+0000] {logging_mixin.py:115} INFO - [2022-10-03T01:33:25.543+0000] {dag.py:2981} INFO - Setting next_dagrun for example_branch_datetime_operator_2 to 2022-10-02T00:00:00+00:00, run_after=2022-10-03T00:00:00+00:00
[2022-10-03T01:33:25.558+0000] {processor.py:161} INFO - Processing /home/airflow/.local/lib/python3.7/site-packages/airflow/example_dags/example_branch_datetime_operator.py took 0.195 seconds
[2022-10-03T01:33:56.148+0000] {processor.py:153} INFO - Started process (PID=514) to work on /home/airflow/.local/lib/python3.7/site-packages/airflow/example_dags/example_branch_datetime_operator.py
[2022-10-03T01:33:56.149+0000] {processor.py:640} INFO - Processing file /home/airflow/.local/lib/python3.7/site-packages/airflow/example_dags/example_branch_datetime_operator.py for tasks to queue
[2022-10-03T01:33:56.150+0000] {logging_mixin.py:115} INFO - [2022-10-03T01:33:56.150+0000] {dagbag.py:508} INFO - Filling up the DagBag from /home/airflow/.local/lib/python3.7/site-packages/airflow/example_dags/example_branch_datetime_operator.py
[2022-10-03T01:33:56.162+0000] {processor.py:650} INFO - DAG(s) dict_keys(['example_branch_datetime_operator', 'example_branch_datetime_operator_2']) retrieved from /home/airflow/.local/lib/python3.7/site-packages/airflow/example_dags/example_branch_datetime_operator.py
[2022-10-03T01:33:56.186+0000] {logging_mixin.py:115} INFO - [2022-10-03T01:33:56.186+0000] {dag.py:2429} INFO - Sync 2 DAGs
[2022-10-03T01:33:56.309+0000] {logging_mixin.py:115} INFO - [2022-10-03T01:33:56.309+0000] {dag.py:2981} INFO - Setting next_dagrun for example_branch_datetime_operator to 2022-10-02T00:00:00+00:00, run_after=2022-10-03T00:00:00+00:00
[2022-10-03T01:33:56.312+0000] {logging_mixin.py:115} INFO - [2022-10-03T01:33:56.312+0000] {dag.py:2981} INFO - Setting next_dagrun for example_branch_datetime_operator_2 to 2022-10-02T00:00:00+00:00, run_after=2022-10-03T00:00:00+00:00
[2022-10-03T01:33:56.328+0000] {processor.py:161} INFO - Processing /home/airflow/.local/lib/python3.7/site-packages/airflow/example_dags/example_branch_datetime_operator.py took 0.183 seconds
[2022-10-03T01:34:26.844+0000] {processor.py:153} INFO - Started process (PID=569) to work on /home/airflow/.local/lib/python3.7/site-packages/airflow/example_dags/example_branch_datetime_operator.py
[2022-10-03T01:34:26.845+0000] {processor.py:640} INFO - Processing file /home/airflow/.local/lib/python3.7/site-packages/airflow/example_dags/example_branch_datetime_operator.py for tasks to queue
[2022-10-03T01:34:26.846+0000] {logging_mixin.py:115} INFO - [2022-10-03T01:34:26.846+0000] {dagbag.py:508} INFO - Filling up the DagBag from /home/airflow/.local/lib/python3.7/site-packages/airflow/example_dags/example_branch_datetime_operator.py
[2022-10-03T01:34:26.854+0000] {processor.py:650} INFO - DAG(s) dict_keys(['example_branch_datetime_operator', 'example_branch_datetime_operator_2']) retrieved from /home/airflow/.local/lib/python3.7/site-packages/airflow/example_dags/example_branch_datetime_operator.py
[2022-10-03T01:34:26.884+0000] {logging_mixin.py:115} INFO - [2022-10-03T01:34:26.884+0000] {dag.py:2429} INFO - Sync 2 DAGs
[2022-10-03T01:34:27.013+0000] {logging_mixin.py:115} INFO - [2022-10-03T01:34:27.013+0000] {dag.py:2981} INFO - Setting next_dagrun for example_branch_datetime_operator to 2022-10-02T00:00:00+00:00, run_after=2022-10-03T00:00:00+00:00
[2022-10-03T01:34:27.016+0000] {logging_mixin.py:115} INFO - [2022-10-03T01:34:27.016+0000] {dag.py:2981} INFO - Setting next_dagrun for example_branch_datetime_operator_2 to 2022-10-02T00:00:00+00:00, run_after=2022-10-03T00:00:00+00:00
[2022-10-03T01:34:27.032+0000] {processor.py:161} INFO - Processing /home/airflow/.local/lib/python3.7/site-packages/airflow/example_dags/example_branch_datetime_operator.py took 0.190 seconds
[2022-10-03T01:34:57.506+0000] {processor.py:153} INFO - Started process (PID=624) to work on /home/airflow/.local/lib/python3.7/site-packages/airflow/example_dags/example_branch_datetime_operator.py
[2022-10-03T01:34:57.507+0000] {processor.py:640} INFO - Processing file /home/airflow/.local/lib/python3.7/site-packages/airflow/example_dags/example_branch_datetime_operator.py for tasks to queue
[2022-10-03T01:34:57.508+0000] {logging_mixin.py:115} INFO - [2022-10-03T01:34:57.508+0000] {dagbag.py:508} INFO - Filling up the DagBag from /home/airflow/.local/lib/python3.7/site-packages/airflow/example_dags/example_branch_datetime_operator.py
[2022-10-03T01:34:57.515+0000] {processor.py:650} INFO - DAG(s) dict_keys(['example_branch_datetime_operator', 'example_branch_datetime_operator_2']) retrieved from /home/airflow/.local/lib/python3.7/site-packages/airflow/example_dags/example_branch_datetime_operator.py
[2022-10-03T01:34:57.542+0000] {logging_mixin.py:115} INFO - [2022-10-03T01:34:57.542+0000] {dag.py:2429} INFO - Sync 2 DAGs
[2022-10-03T01:34:57.675+0000] {logging_mixin.py:115} INFO - [2022-10-03T01:34:57.674+0000] {dag.py:2981} INFO - Setting next_dagrun for example_branch_datetime_operator to 2022-10-02T00:00:00+00:00, run_after=2022-10-03T00:00:00+00:00
[2022-10-03T01:34:57.677+0000] {logging_mixin.py:115} INFO - [2022-10-03T01:34:57.677+0000] {dag.py:2981} INFO - Setting next_dagrun for example_branch_datetime_operator_2 to 2022-10-02T00:00:00+00:00, run_after=2022-10-03T00:00:00+00:00
[2022-10-03T01:34:57.691+0000] {processor.py:161} INFO - Processing /home/airflow/.local/lib/python3.7/site-packages/airflow/example_dags/example_branch_datetime_operator.py took 0.187 seconds
[2022-10-03T01:35:28.463+0000] {processor.py:153} INFO - Started process (PID=679) to work on /home/airflow/.local/lib/python3.7/site-packages/airflow/example_dags/example_branch_datetime_operator.py
[2022-10-03T01:35:28.464+0000] {processor.py:640} INFO - Processing file /home/airflow/.local/lib/python3.7/site-packages/airflow/example_dags/example_branch_datetime_operator.py for tasks to queue
[2022-10-03T01:35:28.465+0000] {logging_mixin.py:115} INFO - [2022-10-03T01:35:28.465+0000] {dagbag.py:508} INFO - Filling up the DagBag from /home/airflow/.local/lib/python3.7/site-packages/airflow/example_dags/example_branch_datetime_operator.py
[2022-10-03T01:35:28.481+0000] {processor.py:650} INFO - DAG(s) dict_keys(['example_branch_datetime_operator', 'example_branch_datetime_operator_2']) retrieved from /home/airflow/.local/lib/python3.7/site-packages/airflow/example_dags/example_branch_datetime_operator.py
[2022-10-03T01:35:28.508+0000] {logging_mixin.py:115} INFO - [2022-10-03T01:35:28.508+0000] {dag.py:2429} INFO - Sync 2 DAGs
[2022-10-03T01:35:28.666+0000] {logging_mixin.py:115} INFO - [2022-10-03T01:35:28.666+0000] {dag.py:2981} INFO - Setting next_dagrun for example_branch_datetime_operator to 2022-10-02T00:00:00+00:00, run_after=2022-10-03T00:00:00+00:00
[2022-10-03T01:35:28.668+0000] {logging_mixin.py:115} INFO - [2022-10-03T01:35:28.668+0000] {dag.py:2981} INFO - Setting next_dagrun for example_branch_datetime_operator_2 to 2022-10-02T00:00:00+00:00, run_after=2022-10-03T00:00:00+00:00
[2022-10-03T01:35:28.686+0000] {processor.py:161} INFO - Processing /home/airflow/.local/lib/python3.7/site-packages/airflow/example_dags/example_branch_datetime_operator.py took 0.227 seconds
[2022-10-03T01:35:59.204+0000] {processor.py:153} INFO - Started process (PID=741) to work on /home/airflow/.local/lib/python3.7/site-packages/airflow/example_dags/example_branch_datetime_operator.py
[2022-10-03T01:35:59.205+0000] {processor.py:640} INFO - Processing file /home/airflow/.local/lib/python3.7/site-packages/airflow/example_dags/example_branch_datetime_operator.py for tasks to queue
[2022-10-03T01:35:59.206+0000] {logging_mixin.py:115} INFO - [2022-10-03T01:35:59.206+0000] {dagbag.py:508} INFO - Filling up the DagBag from /home/airflow/.local/lib/python3.7/site-packages/airflow/example_dags/example_branch_datetime_operator.py
[2022-10-03T01:35:59.219+0000] {processor.py:650} INFO - DAG(s) dict_keys(['example_branch_datetime_operator', 'example_branch_datetime_operator_2']) retrieved from /home/airflow/.local/lib/python3.7/site-packages/airflow/example_dags/example_branch_datetime_operator.py
[2022-10-03T01:35:59.261+0000] {logging_mixin.py:115} INFO - [2022-10-03T01:35:59.261+0000] {dag.py:2429} INFO - Sync 2 DAGs
[2022-10-03T01:35:59.394+0000] {logging_mixin.py:115} INFO - [2022-10-03T01:35:59.393+0000] {dag.py:2981} INFO - Setting next_dagrun for example_branch_datetime_operator to 2022-10-02T00:00:00+00:00, run_after=2022-10-03T00:00:00+00:00
[2022-10-03T01:35:59.397+0000] {logging_mixin.py:115} INFO - [2022-10-03T01:35:59.397+0000] {dag.py:2981} INFO - Setting next_dagrun for example_branch_datetime_operator_2 to 2022-10-02T00:00:00+00:00, run_after=2022-10-03T00:00:00+00:00
[2022-10-03T01:35:59.412+0000] {processor.py:161} INFO - Processing /home/airflow/.local/lib/python3.7/site-packages/airflow/example_dags/example_branch_datetime_operator.py took 0.210 seconds
[2022-10-03T01:36:29.909+0000] {processor.py:153} INFO - Started process (PID=796) to work on /home/airflow/.local/lib/python3.7/site-packages/airflow/example_dags/example_branch_datetime_operator.py
[2022-10-03T01:36:29.910+0000] {processor.py:640} INFO - Processing file /home/airflow/.local/lib/python3.7/site-packages/airflow/example_dags/example_branch_datetime_operator.py for tasks to queue
[2022-10-03T01:36:29.910+0000] {logging_mixin.py:115} INFO - [2022-10-03T01:36:29.910+0000] {dagbag.py:508} INFO - Filling up the DagBag from /home/airflow/.local/lib/python3.7/site-packages/airflow/example_dags/example_branch_datetime_operator.py
[2022-10-03T01:36:29.919+0000] {processor.py:650} INFO - DAG(s) dict_keys(['example_branch_datetime_operator', 'example_branch_datetime_operator_2']) retrieved from /home/airflow/.local/lib/python3.7/site-packages/airflow/example_dags/example_branch_datetime_operator.py
[2022-10-03T01:36:29.948+0000] {logging_mixin.py:115} INFO - [2022-10-03T01:36:29.948+0000] {dag.py:2429} INFO - Sync 2 DAGs
[2022-10-03T01:36:30.069+0000] {logging_mixin.py:115} INFO - [2022-10-03T01:36:30.068+0000] {dag.py:2981} INFO - Setting next_dagrun for example_branch_datetime_operator to 2022-10-02T00:00:00+00:00, run_after=2022-10-03T00:00:00+00:00
[2022-10-03T01:36:30.071+0000] {logging_mixin.py:115} INFO - [2022-10-03T01:36:30.070+0000] {dag.py:2981} INFO - Setting next_dagrun for example_branch_datetime_operator_2 to 2022-10-02T00:00:00+00:00, run_after=2022-10-03T00:00:00+00:00
[2022-10-03T01:36:30.085+0000] {processor.py:161} INFO - Processing /home/airflow/.local/lib/python3.7/site-packages/airflow/example_dags/example_branch_datetime_operator.py took 0.178 seconds
[2022-10-03T01:37:00.584+0000] {processor.py:153} INFO - Started process (PID=851) to work on /home/airflow/.local/lib/python3.7/site-packages/airflow/example_dags/example_branch_datetime_operator.py
[2022-10-03T01:37:00.585+0000] {processor.py:640} INFO - Processing file /home/airflow/.local/lib/python3.7/site-packages/airflow/example_dags/example_branch_datetime_operator.py for tasks to queue
[2022-10-03T01:37:00.585+0000] {logging_mixin.py:115} INFO - [2022-10-03T01:37:00.585+0000] {dagbag.py:508} INFO - Filling up the DagBag from /home/airflow/.local/lib/python3.7/site-packages/airflow/example_dags/example_branch_datetime_operator.py
[2022-10-03T01:37:00.595+0000] {processor.py:650} INFO - DAG(s) dict_keys(['example_branch_datetime_operator', 'example_branch_datetime_operator_2']) retrieved from /home/airflow/.local/lib/python3.7/site-packages/airflow/example_dags/example_branch_datetime_operator.py
[2022-10-03T01:37:00.621+0000] {logging_mixin.py:115} INFO - [2022-10-03T01:37:00.621+0000] {dag.py:2429} INFO - Sync 2 DAGs
[2022-10-03T01:37:00.745+0000] {logging_mixin.py:115} INFO - [2022-10-03T01:37:00.745+0000] {dag.py:2981} INFO - Setting next_dagrun for example_branch_datetime_operator to 2022-10-02T00:00:00+00:00, run_after=2022-10-03T00:00:00+00:00
[2022-10-03T01:37:00.747+0000] {logging_mixin.py:115} INFO - [2022-10-03T01:37:00.747+0000] {dag.py:2981} INFO - Setting next_dagrun for example_branch_datetime_operator_2 to 2022-10-02T00:00:00+00:00, run_after=2022-10-03T00:00:00+00:00
[2022-10-03T01:37:00.759+0000] {processor.py:161} INFO - Processing /home/airflow/.local/lib/python3.7/site-packages/airflow/example_dags/example_branch_datetime_operator.py took 0.178 seconds
[2022-10-03T01:37:31.377+0000] {processor.py:153} INFO - Started process (PID=909) to work on /home/airflow/.local/lib/python3.7/site-packages/airflow/example_dags/example_branch_datetime_operator.py
[2022-10-03T01:37:31.378+0000] {processor.py:640} INFO - Processing file /home/airflow/.local/lib/python3.7/site-packages/airflow/example_dags/example_branch_datetime_operator.py for tasks to queue
[2022-10-03T01:37:31.379+0000] {logging_mixin.py:115} INFO - [2022-10-03T01:37:31.378+0000] {dagbag.py:508} INFO - Filling up the DagBag from /home/airflow/.local/lib/python3.7/site-packages/airflow/example_dags/example_branch_datetime_operator.py
[2022-10-03T01:37:31.387+0000] {processor.py:650} INFO - DAG(s) dict_keys(['example_branch_datetime_operator', 'example_branch_datetime_operator_2']) retrieved from /home/airflow/.local/lib/python3.7/site-packages/airflow/example_dags/example_branch_datetime_operator.py
[2022-10-03T01:37:31.421+0000] {logging_mixin.py:115} INFO - [2022-10-03T01:37:31.420+0000] {dag.py:2429} INFO - Sync 2 DAGs
[2022-10-03T01:37:31.567+0000] {logging_mixin.py:115} INFO - [2022-10-03T01:37:31.566+0000] {dag.py:2981} INFO - Setting next_dagrun for example_branch_datetime_operator to 2022-10-02T00:00:00+00:00, run_after=2022-10-03T00:00:00+00:00
[2022-10-03T01:37:31.569+0000] {logging_mixin.py:115} INFO - [2022-10-03T01:37:31.569+0000] {dag.py:2981} INFO - Setting next_dagrun for example_branch_datetime_operator_2 to 2022-10-02T00:00:00+00:00, run_after=2022-10-03T00:00:00+00:00
[2022-10-03T01:37:31.584+0000] {processor.py:161} INFO - Processing /home/airflow/.local/lib/python3.7/site-packages/airflow/example_dags/example_branch_datetime_operator.py took 0.210 seconds
[2022-10-03T01:38:02.068+0000] {processor.py:153} INFO - Started process (PID=964) to work on /home/airflow/.local/lib/python3.7/site-packages/airflow/example_dags/example_branch_datetime_operator.py
[2022-10-03T01:38:02.068+0000] {processor.py:640} INFO - Processing file /home/airflow/.local/lib/python3.7/site-packages/airflow/example_dags/example_branch_datetime_operator.py for tasks to queue
[2022-10-03T01:38:02.069+0000] {logging_mixin.py:115} INFO - [2022-10-03T01:38:02.069+0000] {dagbag.py:508} INFO - Filling up the DagBag from /home/airflow/.local/lib/python3.7/site-packages/airflow/example_dags/example_branch_datetime_operator.py
[2022-10-03T01:38:02.078+0000] {processor.py:650} INFO - DAG(s) dict_keys(['example_branch_datetime_operator', 'example_branch_datetime_operator_2']) retrieved from /home/airflow/.local/lib/python3.7/site-packages/airflow/example_dags/example_branch_datetime_operator.py
[2022-10-03T01:38:02.103+0000] {logging_mixin.py:115} INFO - [2022-10-03T01:38:02.103+0000] {dag.py:2429} INFO - Sync 2 DAGs
[2022-10-03T01:38:02.226+0000] {logging_mixin.py:115} INFO - [2022-10-03T01:38:02.226+0000] {dag.py:2981} INFO - Setting next_dagrun for example_branch_datetime_operator to 2022-10-02T00:00:00+00:00, run_after=2022-10-03T00:00:00+00:00
[2022-10-03T01:38:02.228+0000] {logging_mixin.py:115} INFO - [2022-10-03T01:38:02.228+0000] {dag.py:2981} INFO - Setting next_dagrun for example_branch_datetime_operator_2 to 2022-10-02T00:00:00+00:00, run_after=2022-10-03T00:00:00+00:00
[2022-10-03T01:38:02.246+0000] {processor.py:161} INFO - Processing /home/airflow/.local/lib/python3.7/site-packages/airflow/example_dags/example_branch_datetime_operator.py took 0.181 seconds
[2022-10-03T01:38:32.762+0000] {processor.py:153} INFO - Started process (PID=1019) to work on /home/airflow/.local/lib/python3.7/site-packages/airflow/example_dags/example_branch_datetime_operator.py
[2022-10-03T01:38:32.764+0000] {processor.py:640} INFO - Processing file /home/airflow/.local/lib/python3.7/site-packages/airflow/example_dags/example_branch_datetime_operator.py for tasks to queue
[2022-10-03T01:38:32.765+0000] {logging_mixin.py:115} INFO - [2022-10-03T01:38:32.765+0000] {dagbag.py:508} INFO - Filling up the DagBag from /home/airflow/.local/lib/python3.7/site-packages/airflow/example_dags/example_branch_datetime_operator.py
[2022-10-03T01:38:32.779+0000] {processor.py:650} INFO - DAG(s) dict_keys(['example_branch_datetime_operator', 'example_branch_datetime_operator_2']) retrieved from /home/airflow/.local/lib/python3.7/site-packages/airflow/example_dags/example_branch_datetime_operator.py
[2022-10-03T01:38:32.807+0000] {logging_mixin.py:115} INFO - [2022-10-03T01:38:32.807+0000] {dag.py:2429} INFO - Sync 2 DAGs
[2022-10-03T01:38:32.942+0000] {logging_mixin.py:115} INFO - [2022-10-03T01:38:32.941+0000] {dag.py:2981} INFO - Setting next_dagrun for example_branch_datetime_operator to 2022-10-02T00:00:00+00:00, run_after=2022-10-03T00:00:00+00:00
[2022-10-03T01:38:32.944+0000] {logging_mixin.py:115} INFO - [2022-10-03T01:38:32.943+0000] {dag.py:2981} INFO - Setting next_dagrun for example_branch_datetime_operator_2 to 2022-10-02T00:00:00+00:00, run_after=2022-10-03T00:00:00+00:00
[2022-10-03T01:38:32.958+0000] {processor.py:161} INFO - Processing /home/airflow/.local/lib/python3.7/site-packages/airflow/example_dags/example_branch_datetime_operator.py took 0.199 seconds
[2022-10-03T01:39:03.566+0000] {processor.py:153} INFO - Started process (PID=1074) to work on /home/airflow/.local/lib/python3.7/site-packages/airflow/example_dags/example_branch_datetime_operator.py
[2022-10-03T01:39:03.567+0000] {processor.py:640} INFO - Processing file /home/airflow/.local/lib/python3.7/site-packages/airflow/example_dags/example_branch_datetime_operator.py for tasks to queue
[2022-10-03T01:39:03.568+0000] {logging_mixin.py:115} INFO - [2022-10-03T01:39:03.568+0000] {dagbag.py:508} INFO - Filling up the DagBag from /home/airflow/.local/lib/python3.7/site-packages/airflow/example_dags/example_branch_datetime_operator.py
[2022-10-03T01:39:03.578+0000] {processor.py:650} INFO - DAG(s) dict_keys(['example_branch_datetime_operator', 'example_branch_datetime_operator_2']) retrieved from /home/airflow/.local/lib/python3.7/site-packages/airflow/example_dags/example_branch_datetime_operator.py
[2022-10-03T01:39:03.606+0000] {logging_mixin.py:115} INFO - [2022-10-03T01:39:03.606+0000] {dag.py:2429} INFO - Sync 2 DAGs
[2022-10-03T01:39:03.732+0000] {logging_mixin.py:115} INFO - [2022-10-03T01:39:03.732+0000] {dag.py:2981} INFO - Setting next_dagrun for example_branch_datetime_operator to 2022-10-02T00:00:00+00:00, run_after=2022-10-03T00:00:00+00:00
[2022-10-03T01:39:03.735+0000] {logging_mixin.py:115} INFO - [2022-10-03T01:39:03.735+0000] {dag.py:2981} INFO - Setting next_dagrun for example_branch_datetime_operator_2 to 2022-10-02T00:00:00+00:00, run_after=2022-10-03T00:00:00+00:00
[2022-10-03T01:39:03.755+0000] {processor.py:161} INFO - Processing /home/airflow/.local/lib/python3.7/site-packages/airflow/example_dags/example_branch_datetime_operator.py took 0.192 seconds
[2022-10-03T01:39:34.224+0000] {processor.py:153} INFO - Started process (PID=1129) to work on /home/airflow/.local/lib/python3.7/site-packages/airflow/example_dags/example_branch_datetime_operator.py
[2022-10-03T01:39:34.225+0000] {processor.py:640} INFO - Processing file /home/airflow/.local/lib/python3.7/site-packages/airflow/example_dags/example_branch_datetime_operator.py for tasks to queue
[2022-10-03T01:39:34.226+0000] {logging_mixin.py:115} INFO - [2022-10-03T01:39:34.226+0000] {dagbag.py:508} INFO - Filling up the DagBag from /home/airflow/.local/lib/python3.7/site-packages/airflow/example_dags/example_branch_datetime_operator.py
[2022-10-03T01:39:34.235+0000] {processor.py:650} INFO - DAG(s) dict_keys(['example_branch_datetime_operator', 'example_branch_datetime_operator_2']) retrieved from /home/airflow/.local/lib/python3.7/site-packages/airflow/example_dags/example_branch_datetime_operator.py
[2022-10-03T01:39:34.263+0000] {logging_mixin.py:115} INFO - [2022-10-03T01:39:34.262+0000] {dag.py:2429} INFO - Sync 2 DAGs
[2022-10-03T01:39:34.385+0000] {logging_mixin.py:115} INFO - [2022-10-03T01:39:34.385+0000] {dag.py:2981} INFO - Setting next_dagrun for example_branch_datetime_operator to 2022-10-02T00:00:00+00:00, run_after=2022-10-03T00:00:00+00:00
[2022-10-03T01:39:34.387+0000] {logging_mixin.py:115} INFO - [2022-10-03T01:39:34.387+0000] {dag.py:2981} INFO - Setting next_dagrun for example_branch_datetime_operator_2 to 2022-10-02T00:00:00+00:00, run_after=2022-10-03T00:00:00+00:00
[2022-10-03T01:39:34.402+0000] {processor.py:161} INFO - Processing /home/airflow/.local/lib/python3.7/site-packages/airflow/example_dags/example_branch_datetime_operator.py took 0.181 seconds
[2022-10-03T01:40:04.863+0000] {processor.py:153} INFO - Started process (PID=1184) to work on /home/airflow/.local/lib/python3.7/site-packages/airflow/example_dags/example_branch_datetime_operator.py
[2022-10-03T01:40:04.864+0000] {processor.py:640} INFO - Processing file /home/airflow/.local/lib/python3.7/site-packages/airflow/example_dags/example_branch_datetime_operator.py for tasks to queue
[2022-10-03T01:40:04.865+0000] {logging_mixin.py:115} INFO - [2022-10-03T01:40:04.865+0000] {dagbag.py:508} INFO - Filling up the DagBag from /home/airflow/.local/lib/python3.7/site-packages/airflow/example_dags/example_branch_datetime_operator.py
[2022-10-03T01:40:04.872+0000] {processor.py:650} INFO - DAG(s) dict_keys(['example_branch_datetime_operator', 'example_branch_datetime_operator_2']) retrieved from /home/airflow/.local/lib/python3.7/site-packages/airflow/example_dags/example_branch_datetime_operator.py
[2022-10-03T01:40:04.902+0000] {logging_mixin.py:115} INFO - [2022-10-03T01:40:04.902+0000] {dag.py:2429} INFO - Sync 2 DAGs
[2022-10-03T01:40:05.029+0000] {logging_mixin.py:115} INFO - [2022-10-03T01:40:05.029+0000] {dag.py:2981} INFO - Setting next_dagrun for example_branch_datetime_operator to 2022-10-02T00:00:00+00:00, run_after=2022-10-03T00:00:00+00:00
[2022-10-03T01:40:05.031+0000] {logging_mixin.py:115} INFO - [2022-10-03T01:40:05.031+0000] {dag.py:2981} INFO - Setting next_dagrun for example_branch_datetime_operator_2 to 2022-10-02T00:00:00+00:00, run_after=2022-10-03T00:00:00+00:00
[2022-10-03T01:40:05.045+0000] {processor.py:161} INFO - Processing /home/airflow/.local/lib/python3.7/site-packages/airflow/example_dags/example_branch_datetime_operator.py took 0.184 seconds
[2022-10-03T01:40:35.778+0000] {processor.py:153} INFO - Started process (PID=1239) to work on /home/airflow/.local/lib/python3.7/site-packages/airflow/example_dags/example_branch_datetime_operator.py
[2022-10-03T01:40:35.778+0000] {processor.py:640} INFO - Processing file /home/airflow/.local/lib/python3.7/site-packages/airflow/example_dags/example_branch_datetime_operator.py for tasks to queue
[2022-10-03T01:40:35.779+0000] {logging_mixin.py:115} INFO - [2022-10-03T01:40:35.779+0000] {dagbag.py:508} INFO - Filling up the DagBag from /home/airflow/.local/lib/python3.7/site-packages/airflow/example_dags/example_branch_datetime_operator.py
[2022-10-03T01:40:35.787+0000] {processor.py:650} INFO - DAG(s) dict_keys(['example_branch_datetime_operator', 'example_branch_datetime_operator_2']) retrieved from /home/airflow/.local/lib/python3.7/site-packages/airflow/example_dags/example_branch_datetime_operator.py
[2022-10-03T01:40:35.819+0000] {logging_mixin.py:115} INFO - [2022-10-03T01:40:35.818+0000] {dag.py:2429} INFO - Sync 2 DAGs
[2022-10-03T01:40:35.944+0000] {logging_mixin.py:115} INFO - [2022-10-03T01:40:35.944+0000] {dag.py:2981} INFO - Setting next_dagrun for example_branch_datetime_operator to 2022-10-02T00:00:00+00:00, run_after=2022-10-03T00:00:00+00:00
[2022-10-03T01:40:35.946+0000] {logging_mixin.py:115} INFO - [2022-10-03T01:40:35.946+0000] {dag.py:2981} INFO - Setting next_dagrun for example_branch_datetime_operator_2 to 2022-10-02T00:00:00+00:00, run_after=2022-10-03T00:00:00+00:00
[2022-10-03T01:40:35.961+0000] {processor.py:161} INFO - Processing /home/airflow/.local/lib/python3.7/site-packages/airflow/example_dags/example_branch_datetime_operator.py took 0.186 seconds
[2022-10-03T01:41:06.676+0000] {processor.py:153} INFO - Started process (PID=1294) to work on /home/airflow/.local/lib/python3.7/site-packages/airflow/example_dags/example_branch_datetime_operator.py
[2022-10-03T01:41:06.677+0000] {processor.py:640} INFO - Processing file /home/airflow/.local/lib/python3.7/site-packages/airflow/example_dags/example_branch_datetime_operator.py for tasks to queue
[2022-10-03T01:41:06.678+0000] {logging_mixin.py:115} INFO - [2022-10-03T01:41:06.678+0000] {dagbag.py:508} INFO - Filling up the DagBag from /home/airflow/.local/lib/python3.7/site-packages/airflow/example_dags/example_branch_datetime_operator.py
[2022-10-03T01:41:06.694+0000] {processor.py:650} INFO - DAG(s) dict_keys(['example_branch_datetime_operator', 'example_branch_datetime_operator_2']) retrieved from /home/airflow/.local/lib/python3.7/site-packages/airflow/example_dags/example_branch_datetime_operator.py
[2022-10-03T01:41:06.742+0000] {logging_mixin.py:115} INFO - [2022-10-03T01:41:06.742+0000] {dag.py:2429} INFO - Sync 2 DAGs
[2022-10-03T01:41:06.867+0000] {logging_mixin.py:115} INFO - [2022-10-03T01:41:06.866+0000] {dag.py:2981} INFO - Setting next_dagrun for example_branch_datetime_operator to 2022-10-02T00:00:00+00:00, run_after=2022-10-03T00:00:00+00:00
[2022-10-03T01:41:06.869+0000] {logging_mixin.py:115} INFO - [2022-10-03T01:41:06.869+0000] {dag.py:2981} INFO - Setting next_dagrun for example_branch_datetime_operator_2 to 2022-10-02T00:00:00+00:00, run_after=2022-10-03T00:00:00+00:00
[2022-10-03T01:41:06.884+0000] {processor.py:161} INFO - Processing /home/airflow/.local/lib/python3.7/site-packages/airflow/example_dags/example_branch_datetime_operator.py took 0.210 seconds
[2022-10-03T01:41:37.542+0000] {processor.py:153} INFO - Started process (PID=1350) to work on /home/airflow/.local/lib/python3.7/site-packages/airflow/example_dags/example_branch_datetime_operator.py
[2022-10-03T01:41:37.543+0000] {processor.py:640} INFO - Processing file /home/airflow/.local/lib/python3.7/site-packages/airflow/example_dags/example_branch_datetime_operator.py for tasks to queue
[2022-10-03T01:41:37.544+0000] {logging_mixin.py:115} INFO - [2022-10-03T01:41:37.543+0000] {dagbag.py:508} INFO - Filling up the DagBag from /home/airflow/.local/lib/python3.7/site-packages/airflow/example_dags/example_branch_datetime_operator.py
[2022-10-03T01:41:37.552+0000] {processor.py:650} INFO - DAG(s) dict_keys(['example_branch_datetime_operator', 'example_branch_datetime_operator_2']) retrieved from /home/airflow/.local/lib/python3.7/site-packages/airflow/example_dags/example_branch_datetime_operator.py
[2022-10-03T01:41:37.579+0000] {logging_mixin.py:115} INFO - [2022-10-03T01:41:37.579+0000] {dag.py:2429} INFO - Sync 2 DAGs
[2022-10-03T01:41:37.722+0000] {logging_mixin.py:115} INFO - [2022-10-03T01:41:37.721+0000] {dag.py:2981} INFO - Setting next_dagrun for example_branch_datetime_operator to 2022-10-02T00:00:00+00:00, run_after=2022-10-03T00:00:00+00:00
[2022-10-03T01:41:37.724+0000] {logging_mixin.py:115} INFO - [2022-10-03T01:41:37.724+0000] {dag.py:2981} INFO - Setting next_dagrun for example_branch_datetime_operator_2 to 2022-10-02T00:00:00+00:00, run_after=2022-10-03T00:00:00+00:00
[2022-10-03T01:41:37.741+0000] {processor.py:161} INFO - Processing /home/airflow/.local/lib/python3.7/site-packages/airflow/example_dags/example_branch_datetime_operator.py took 0.201 seconds
[2022-10-03T01:42:08.413+0000] {processor.py:153} INFO - Started process (PID=1405) to work on /home/airflow/.local/lib/python3.7/site-packages/airflow/example_dags/example_branch_datetime_operator.py
[2022-10-03T01:42:08.414+0000] {processor.py:640} INFO - Processing file /home/airflow/.local/lib/python3.7/site-packages/airflow/example_dags/example_branch_datetime_operator.py for tasks to queue
[2022-10-03T01:42:08.415+0000] {logging_mixin.py:115} INFO - [2022-10-03T01:42:08.415+0000] {dagbag.py:508} INFO - Filling up the DagBag from /home/airflow/.local/lib/python3.7/site-packages/airflow/example_dags/example_branch_datetime_operator.py
[2022-10-03T01:42:08.426+0000] {processor.py:650} INFO - DAG(s) dict_keys(['example_branch_datetime_operator', 'example_branch_datetime_operator_2']) retrieved from /home/airflow/.local/lib/python3.7/site-packages/airflow/example_dags/example_branch_datetime_operator.py
[2022-10-03T01:42:08.460+0000] {logging_mixin.py:115} INFO - [2022-10-03T01:42:08.460+0000] {dag.py:2429} INFO - Sync 2 DAGs
[2022-10-03T01:42:08.580+0000] {logging_mixin.py:115} INFO - [2022-10-03T01:42:08.580+0000] {dag.py:2981} INFO - Setting next_dagrun for example_branch_datetime_operator to 2022-10-02T00:00:00+00:00, run_after=2022-10-03T00:00:00+00:00
[2022-10-03T01:42:08.582+0000] {logging_mixin.py:115} INFO - [2022-10-03T01:42:08.582+0000] {dag.py:2981} INFO - Setting next_dagrun for example_branch_datetime_operator_2 to 2022-10-02T00:00:00+00:00, run_after=2022-10-03T00:00:00+00:00
[2022-10-03T01:42:08.597+0000] {processor.py:161} INFO - Processing /home/airflow/.local/lib/python3.7/site-packages/airflow/example_dags/example_branch_datetime_operator.py took 0.186 seconds
[2022-10-03T01:42:39.070+0000] {processor.py:153} INFO - Started process (PID=1460) to work on /home/airflow/.local/lib/python3.7/site-packages/airflow/example_dags/example_branch_datetime_operator.py
[2022-10-03T01:42:39.071+0000] {processor.py:640} INFO - Processing file /home/airflow/.local/lib/python3.7/site-packages/airflow/example_dags/example_branch_datetime_operator.py for tasks to queue
[2022-10-03T01:42:39.072+0000] {logging_mixin.py:115} INFO - [2022-10-03T01:42:39.072+0000] {dagbag.py:508} INFO - Filling up the DagBag from /home/airflow/.local/lib/python3.7/site-packages/airflow/example_dags/example_branch_datetime_operator.py
[2022-10-03T01:42:39.084+0000] {processor.py:650} INFO - DAG(s) dict_keys(['example_branch_datetime_operator', 'example_branch_datetime_operator_2']) retrieved from /home/airflow/.local/lib/python3.7/site-packages/airflow/example_dags/example_branch_datetime_operator.py
[2022-10-03T01:42:39.118+0000] {logging_mixin.py:115} INFO - [2022-10-03T01:42:39.118+0000] {dag.py:2429} INFO - Sync 2 DAGs
[2022-10-03T01:42:39.243+0000] {logging_mixin.py:115} INFO - [2022-10-03T01:42:39.242+0000] {dag.py:2981} INFO - Setting next_dagrun for example_branch_datetime_operator to 2022-10-02T00:00:00+00:00, run_after=2022-10-03T00:00:00+00:00
[2022-10-03T01:42:39.245+0000] {logging_mixin.py:115} INFO - [2022-10-03T01:42:39.245+0000] {dag.py:2981} INFO - Setting next_dagrun for example_branch_datetime_operator_2 to 2022-10-02T00:00:00+00:00, run_after=2022-10-03T00:00:00+00:00
[2022-10-03T01:42:39.258+0000] {processor.py:161} INFO - Processing /home/airflow/.local/lib/python3.7/site-packages/airflow/example_dags/example_branch_datetime_operator.py took 0.190 seconds
[2022-10-03T01:43:09.718+0000] {processor.py:153} INFO - Started process (PID=1516) to work on /home/airflow/.local/lib/python3.7/site-packages/airflow/example_dags/example_branch_datetime_operator.py
[2022-10-03T01:43:09.719+0000] {processor.py:640} INFO - Processing file /home/airflow/.local/lib/python3.7/site-packages/airflow/example_dags/example_branch_datetime_operator.py for tasks to queue
[2022-10-03T01:43:09.720+0000] {logging_mixin.py:115} INFO - [2022-10-03T01:43:09.720+0000] {dagbag.py:508} INFO - Filling up the DagBag from /home/airflow/.local/lib/python3.7/site-packages/airflow/example_dags/example_branch_datetime_operator.py
[2022-10-03T01:43:09.728+0000] {processor.py:650} INFO - DAG(s) dict_keys(['example_branch_datetime_operator', 'example_branch_datetime_operator_2']) retrieved from /home/airflow/.local/lib/python3.7/site-packages/airflow/example_dags/example_branch_datetime_operator.py
[2022-10-03T01:43:09.756+0000] {logging_mixin.py:115} INFO - [2022-10-03T01:43:09.756+0000] {dag.py:2429} INFO - Sync 2 DAGs
[2022-10-03T01:43:09.878+0000] {logging_mixin.py:115} INFO - [2022-10-03T01:43:09.878+0000] {dag.py:2981} INFO - Setting next_dagrun for example_branch_datetime_operator to 2022-10-02T00:00:00+00:00, run_after=2022-10-03T00:00:00+00:00
[2022-10-03T01:43:09.880+0000] {logging_mixin.py:115} INFO - [2022-10-03T01:43:09.880+0000] {dag.py:2981} INFO - Setting next_dagrun for example_branch_datetime_operator_2 to 2022-10-02T00:00:00+00:00, run_after=2022-10-03T00:00:00+00:00
[2022-10-03T01:43:09.892+0000] {processor.py:161} INFO - Processing /home/airflow/.local/lib/python3.7/site-packages/airflow/example_dags/example_branch_datetime_operator.py took 0.176 seconds
[2022-10-03T01:43:40.215+0000] {processor.py:153} INFO - Started process (PID=1571) to work on /home/airflow/.local/lib/python3.7/site-packages/airflow/example_dags/example_branch_datetime_operator.py
[2022-10-03T01:43:40.216+0000] {processor.py:640} INFO - Processing file /home/airflow/.local/lib/python3.7/site-packages/airflow/example_dags/example_branch_datetime_operator.py for tasks to queue
[2022-10-03T01:43:40.217+0000] {logging_mixin.py:115} INFO - [2022-10-03T01:43:40.217+0000] {dagbag.py:508} INFO - Filling up the DagBag from /home/airflow/.local/lib/python3.7/site-packages/airflow/example_dags/example_branch_datetime_operator.py
[2022-10-03T01:43:40.226+0000] {processor.py:650} INFO - DAG(s) dict_keys(['example_branch_datetime_operator', 'example_branch_datetime_operator_2']) retrieved from /home/airflow/.local/lib/python3.7/site-packages/airflow/example_dags/example_branch_datetime_operator.py
[2022-10-03T01:43:40.251+0000] {logging_mixin.py:115} INFO - [2022-10-03T01:43:40.251+0000] {dag.py:2429} INFO - Sync 2 DAGs
[2022-10-03T01:43:40.372+0000] {logging_mixin.py:115} INFO - [2022-10-03T01:43:40.372+0000] {dag.py:2981} INFO - Setting next_dagrun for example_branch_datetime_operator to 2022-10-02T00:00:00+00:00, run_after=2022-10-03T00:00:00+00:00
[2022-10-03T01:43:40.374+0000] {logging_mixin.py:115} INFO - [2022-10-03T01:43:40.374+0000] {dag.py:2981} INFO - Setting next_dagrun for example_branch_datetime_operator_2 to 2022-10-02T00:00:00+00:00, run_after=2022-10-03T00:00:00+00:00
[2022-10-03T01:43:40.389+0000] {processor.py:161} INFO - Processing /home/airflow/.local/lib/python3.7/site-packages/airflow/example_dags/example_branch_datetime_operator.py took 0.176 seconds
[2022-10-03T01:44:10.921+0000] {processor.py:153} INFO - Started process (PID=1626) to work on /home/airflow/.local/lib/python3.7/site-packages/airflow/example_dags/example_branch_datetime_operator.py
[2022-10-03T01:44:10.922+0000] {processor.py:640} INFO - Processing file /home/airflow/.local/lib/python3.7/site-packages/airflow/example_dags/example_branch_datetime_operator.py for tasks to queue
[2022-10-03T01:44:10.923+0000] {logging_mixin.py:115} INFO - [2022-10-03T01:44:10.923+0000] {dagbag.py:508} INFO - Filling up the DagBag from /home/airflow/.local/lib/python3.7/site-packages/airflow/example_dags/example_branch_datetime_operator.py
[2022-10-03T01:44:10.934+0000] {processor.py:650} INFO - DAG(s) dict_keys(['example_branch_datetime_operator', 'example_branch_datetime_operator_2']) retrieved from /home/airflow/.local/lib/python3.7/site-packages/airflow/example_dags/example_branch_datetime_operator.py
[2022-10-03T01:44:10.959+0000] {logging_mixin.py:115} INFO - [2022-10-03T01:44:10.959+0000] {dag.py:2429} INFO - Sync 2 DAGs
[2022-10-03T01:44:11.084+0000] {logging_mixin.py:115} INFO - [2022-10-03T01:44:11.084+0000] {dag.py:2981} INFO - Setting next_dagrun for example_branch_datetime_operator to 2022-10-02T00:00:00+00:00, run_after=2022-10-03T00:00:00+00:00
[2022-10-03T01:44:11.086+0000] {logging_mixin.py:115} INFO - [2022-10-03T01:44:11.086+0000] {dag.py:2981} INFO - Setting next_dagrun for example_branch_datetime_operator_2 to 2022-10-02T00:00:00+00:00, run_after=2022-10-03T00:00:00+00:00
[2022-10-03T01:44:11.102+0000] {processor.py:161} INFO - Processing /home/airflow/.local/lib/python3.7/site-packages/airflow/example_dags/example_branch_datetime_operator.py took 0.183 seconds
[2022-10-03T01:44:41.810+0000] {processor.py:153} INFO - Started process (PID=1681) to work on /home/airflow/.local/lib/python3.7/site-packages/airflow/example_dags/example_branch_datetime_operator.py
[2022-10-03T01:44:41.812+0000] {processor.py:640} INFO - Processing file /home/airflow/.local/lib/python3.7/site-packages/airflow/example_dags/example_branch_datetime_operator.py for tasks to queue
[2022-10-03T01:44:41.813+0000] {logging_mixin.py:115} INFO - [2022-10-03T01:44:41.813+0000] {dagbag.py:508} INFO - Filling up the DagBag from /home/airflow/.local/lib/python3.7/site-packages/airflow/example_dags/example_branch_datetime_operator.py
[2022-10-03T01:44:41.824+0000] {processor.py:650} INFO - DAG(s) dict_keys(['example_branch_datetime_operator', 'example_branch_datetime_operator_2']) retrieved from /home/airflow/.local/lib/python3.7/site-packages/airflow/example_dags/example_branch_datetime_operator.py
[2022-10-03T01:44:41.849+0000] {logging_mixin.py:115} INFO - [2022-10-03T01:44:41.849+0000] {dag.py:2429} INFO - Sync 2 DAGs
[2022-10-03T01:44:41.968+0000] {logging_mixin.py:115} INFO - [2022-10-03T01:44:41.968+0000] {dag.py:2981} INFO - Setting next_dagrun for example_branch_datetime_operator to 2022-10-02T00:00:00+00:00, run_after=2022-10-03T00:00:00+00:00
[2022-10-03T01:44:41.970+0000] {logging_mixin.py:115} INFO - [2022-10-03T01:44:41.970+0000] {dag.py:2981} INFO - Setting next_dagrun for example_branch_datetime_operator_2 to 2022-10-02T00:00:00+00:00, run_after=2022-10-03T00:00:00+00:00
[2022-10-03T01:44:41.984+0000] {processor.py:161} INFO - Processing /home/airflow/.local/lib/python3.7/site-packages/airflow/example_dags/example_branch_datetime_operator.py took 0.177 seconds
[2022-10-03T01:45:12.629+0000] {processor.py:153} INFO - Started process (PID=1743) to work on /home/airflow/.local/lib/python3.7/site-packages/airflow/example_dags/example_branch_datetime_operator.py
[2022-10-03T01:45:12.631+0000] {processor.py:640} INFO - Processing file /home/airflow/.local/lib/python3.7/site-packages/airflow/example_dags/example_branch_datetime_operator.py for tasks to queue
[2022-10-03T01:45:12.632+0000] {logging_mixin.py:115} INFO - [2022-10-03T01:45:12.632+0000] {dagbag.py:508} INFO - Filling up the DagBag from /home/airflow/.local/lib/python3.7/site-packages/airflow/example_dags/example_branch_datetime_operator.py
[2022-10-03T01:45:12.647+0000] {processor.py:650} INFO - DAG(s) dict_keys(['example_branch_datetime_operator', 'example_branch_datetime_operator_2']) retrieved from /home/airflow/.local/lib/python3.7/site-packages/airflow/example_dags/example_branch_datetime_operator.py
[2022-10-03T01:45:12.677+0000] {logging_mixin.py:115} INFO - [2022-10-03T01:45:12.677+0000] {dag.py:2429} INFO - Sync 2 DAGs
[2022-10-03T01:45:12.845+0000] {logging_mixin.py:115} INFO - [2022-10-03T01:45:12.845+0000] {dag.py:2981} INFO - Setting next_dagrun for example_branch_datetime_operator to 2022-10-02T00:00:00+00:00, run_after=2022-10-03T00:00:00+00:00
[2022-10-03T01:45:12.848+0000] {logging_mixin.py:115} INFO - [2022-10-03T01:45:12.848+0000] {dag.py:2981} INFO - Setting next_dagrun for example_branch_datetime_operator_2 to 2022-10-02T00:00:00+00:00, run_after=2022-10-03T00:00:00+00:00
[2022-10-03T01:45:12.865+0000] {processor.py:161} INFO - Processing /home/airflow/.local/lib/python3.7/site-packages/airflow/example_dags/example_branch_datetime_operator.py took 0.240 seconds
[2022-10-03T01:45:43.405+0000] {processor.py:153} INFO - Started process (PID=1798) to work on /home/airflow/.local/lib/python3.7/site-packages/airflow/example_dags/example_branch_datetime_operator.py
[2022-10-03T01:45:43.406+0000] {processor.py:640} INFO - Processing file /home/airflow/.local/lib/python3.7/site-packages/airflow/example_dags/example_branch_datetime_operator.py for tasks to queue
[2022-10-03T01:45:43.407+0000] {logging_mixin.py:115} INFO - [2022-10-03T01:45:43.407+0000] {dagbag.py:508} INFO - Filling up the DagBag from /home/airflow/.local/lib/python3.7/site-packages/airflow/example_dags/example_branch_datetime_operator.py
[2022-10-03T01:45:43.419+0000] {processor.py:650} INFO - DAG(s) dict_keys(['example_branch_datetime_operator', 'example_branch_datetime_operator_2']) retrieved from /home/airflow/.local/lib/python3.7/site-packages/airflow/example_dags/example_branch_datetime_operator.py
[2022-10-03T01:45:43.453+0000] {logging_mixin.py:115} INFO - [2022-10-03T01:45:43.453+0000] {dag.py:2429} INFO - Sync 2 DAGs
[2022-10-03T01:45:43.586+0000] {logging_mixin.py:115} INFO - [2022-10-03T01:45:43.586+0000] {dag.py:2981} INFO - Setting next_dagrun for example_branch_datetime_operator to 2022-10-02T00:00:00+00:00, run_after=2022-10-03T00:00:00+00:00
[2022-10-03T01:45:43.588+0000] {logging_mixin.py:115} INFO - [2022-10-03T01:45:43.588+0000] {dag.py:2981} INFO - Setting next_dagrun for example_branch_datetime_operator_2 to 2022-10-02T00:00:00+00:00, run_after=2022-10-03T00:00:00+00:00
[2022-10-03T01:45:43.601+0000] {processor.py:161} INFO - Processing /home/airflow/.local/lib/python3.7/site-packages/airflow/example_dags/example_branch_datetime_operator.py took 0.198 seconds
[2022-10-03T01:46:14.084+0000] {processor.py:153} INFO - Started process (PID=1853) to work on /home/airflow/.local/lib/python3.7/site-packages/airflow/example_dags/example_branch_datetime_operator.py
[2022-10-03T01:46:14.085+0000] {processor.py:640} INFO - Processing file /home/airflow/.local/lib/python3.7/site-packages/airflow/example_dags/example_branch_datetime_operator.py for tasks to queue
[2022-10-03T01:46:14.086+0000] {logging_mixin.py:115} INFO - [2022-10-03T01:46:14.086+0000] {dagbag.py:508} INFO - Filling up the DagBag from /home/airflow/.local/lib/python3.7/site-packages/airflow/example_dags/example_branch_datetime_operator.py
[2022-10-03T01:46:14.100+0000] {processor.py:650} INFO - DAG(s) dict_keys(['example_branch_datetime_operator', 'example_branch_datetime_operator_2']) retrieved from /home/airflow/.local/lib/python3.7/site-packages/airflow/example_dags/example_branch_datetime_operator.py
[2022-10-03T01:46:14.138+0000] {logging_mixin.py:115} INFO - [2022-10-03T01:46:14.137+0000] {dag.py:2429} INFO - Sync 2 DAGs
[2022-10-03T01:46:14.268+0000] {logging_mixin.py:115} INFO - [2022-10-03T01:46:14.268+0000] {dag.py:2981} INFO - Setting next_dagrun for example_branch_datetime_operator to 2022-10-02T00:00:00+00:00, run_after=2022-10-03T00:00:00+00:00
[2022-10-03T01:46:14.270+0000] {logging_mixin.py:115} INFO - [2022-10-03T01:46:14.270+0000] {dag.py:2981} INFO - Setting next_dagrun for example_branch_datetime_operator_2 to 2022-10-02T00:00:00+00:00, run_after=2022-10-03T00:00:00+00:00
[2022-10-03T01:46:14.283+0000] {processor.py:161} INFO - Processing /home/airflow/.local/lib/python3.7/site-packages/airflow/example_dags/example_branch_datetime_operator.py took 0.202 seconds
[2022-10-03T01:46:44.942+0000] {processor.py:153} INFO - Started process (PID=1908) to work on /home/airflow/.local/lib/python3.7/site-packages/airflow/example_dags/example_branch_datetime_operator.py
[2022-10-03T01:46:44.943+0000] {processor.py:640} INFO - Processing file /home/airflow/.local/lib/python3.7/site-packages/airflow/example_dags/example_branch_datetime_operator.py for tasks to queue
[2022-10-03T01:46:44.945+0000] {logging_mixin.py:115} INFO - [2022-10-03T01:46:44.944+0000] {dagbag.py:508} INFO - Filling up the DagBag from /home/airflow/.local/lib/python3.7/site-packages/airflow/example_dags/example_branch_datetime_operator.py
[2022-10-03T01:46:44.956+0000] {processor.py:650} INFO - DAG(s) dict_keys(['example_branch_datetime_operator', 'example_branch_datetime_operator_2']) retrieved from /home/airflow/.local/lib/python3.7/site-packages/airflow/example_dags/example_branch_datetime_operator.py
[2022-10-03T01:46:44.981+0000] {logging_mixin.py:115} INFO - [2022-10-03T01:46:44.981+0000] {dag.py:2429} INFO - Sync 2 DAGs
[2022-10-03T01:46:45.108+0000] {logging_mixin.py:115} INFO - [2022-10-03T01:46:45.108+0000] {dag.py:2981} INFO - Setting next_dagrun for example_branch_datetime_operator to 2022-10-02T00:00:00+00:00, run_after=2022-10-03T00:00:00+00:00
[2022-10-03T01:46:45.111+0000] {logging_mixin.py:115} INFO - [2022-10-03T01:46:45.110+0000] {dag.py:2981} INFO - Setting next_dagrun for example_branch_datetime_operator_2 to 2022-10-02T00:00:00+00:00, run_after=2022-10-03T00:00:00+00:00
[2022-10-03T01:46:45.126+0000] {processor.py:161} INFO - Processing /home/airflow/.local/lib/python3.7/site-packages/airflow/example_dags/example_branch_datetime_operator.py took 0.187 seconds
[2022-10-03T01:47:15.812+0000] {processor.py:153} INFO - Started process (PID=1963) to work on /home/airflow/.local/lib/python3.7/site-packages/airflow/example_dags/example_branch_datetime_operator.py
[2022-10-03T01:47:15.813+0000] {processor.py:640} INFO - Processing file /home/airflow/.local/lib/python3.7/site-packages/airflow/example_dags/example_branch_datetime_operator.py for tasks to queue
[2022-10-03T01:47:15.814+0000] {logging_mixin.py:115} INFO - [2022-10-03T01:47:15.814+0000] {dagbag.py:508} INFO - Filling up the DagBag from /home/airflow/.local/lib/python3.7/site-packages/airflow/example_dags/example_branch_datetime_operator.py
[2022-10-03T01:47:15.825+0000] {processor.py:650} INFO - DAG(s) dict_keys(['example_branch_datetime_operator', 'example_branch_datetime_operator_2']) retrieved from /home/airflow/.local/lib/python3.7/site-packages/airflow/example_dags/example_branch_datetime_operator.py
[2022-10-03T01:47:15.849+0000] {logging_mixin.py:115} INFO - [2022-10-03T01:47:15.849+0000] {dag.py:2429} INFO - Sync 2 DAGs
[2022-10-03T01:47:15.979+0000] {logging_mixin.py:115} INFO - [2022-10-03T01:47:15.979+0000] {dag.py:2981} INFO - Setting next_dagrun for example_branch_datetime_operator to 2022-10-02T00:00:00+00:00, run_after=2022-10-03T00:00:00+00:00
[2022-10-03T01:47:15.981+0000] {logging_mixin.py:115} INFO - [2022-10-03T01:47:15.981+0000] {dag.py:2981} INFO - Setting next_dagrun for example_branch_datetime_operator_2 to 2022-10-02T00:00:00+00:00, run_after=2022-10-03T00:00:00+00:00
[2022-10-03T01:47:15.995+0000] {processor.py:161} INFO - Processing /home/airflow/.local/lib/python3.7/site-packages/airflow/example_dags/example_branch_datetime_operator.py took 0.185 seconds
[2022-10-03T01:47:46.627+0000] {processor.py:153} INFO - Started process (PID=2018) to work on /home/airflow/.local/lib/python3.7/site-packages/airflow/example_dags/example_branch_datetime_operator.py
[2022-10-03T01:47:46.629+0000] {processor.py:640} INFO - Processing file /home/airflow/.local/lib/python3.7/site-packages/airflow/example_dags/example_branch_datetime_operator.py for tasks to queue
[2022-10-03T01:47:46.630+0000] {logging_mixin.py:115} INFO - [2022-10-03T01:47:46.630+0000] {dagbag.py:508} INFO - Filling up the DagBag from /home/airflow/.local/lib/python3.7/site-packages/airflow/example_dags/example_branch_datetime_operator.py
[2022-10-03T01:47:46.639+0000] {processor.py:650} INFO - DAG(s) dict_keys(['example_branch_datetime_operator', 'example_branch_datetime_operator_2']) retrieved from /home/airflow/.local/lib/python3.7/site-packages/airflow/example_dags/example_branch_datetime_operator.py
[2022-10-03T01:47:46.665+0000] {logging_mixin.py:115} INFO - [2022-10-03T01:47:46.665+0000] {dag.py:2429} INFO - Sync 2 DAGs
[2022-10-03T01:47:46.790+0000] {logging_mixin.py:115} INFO - [2022-10-03T01:47:46.790+0000] {dag.py:2981} INFO - Setting next_dagrun for example_branch_datetime_operator to 2022-10-02T00:00:00+00:00, run_after=2022-10-03T00:00:00+00:00
[2022-10-03T01:47:46.793+0000] {logging_mixin.py:115} INFO - [2022-10-03T01:47:46.792+0000] {dag.py:2981} INFO - Setting next_dagrun for example_branch_datetime_operator_2 to 2022-10-02T00:00:00+00:00, run_after=2022-10-03T00:00:00+00:00
[2022-10-03T01:47:46.808+0000] {processor.py:161} INFO - Processing /home/airflow/.local/lib/python3.7/site-packages/airflow/example_dags/example_branch_datetime_operator.py took 0.183 seconds
[2022-10-03T01:48:17.412+0000] {processor.py:153} INFO - Started process (PID=2073) to work on /home/airflow/.local/lib/python3.7/site-packages/airflow/example_dags/example_branch_datetime_operator.py
[2022-10-03T01:48:17.413+0000] {processor.py:640} INFO - Processing file /home/airflow/.local/lib/python3.7/site-packages/airflow/example_dags/example_branch_datetime_operator.py for tasks to queue
[2022-10-03T01:48:17.414+0000] {logging_mixin.py:115} INFO - [2022-10-03T01:48:17.414+0000] {dagbag.py:508} INFO - Filling up the DagBag from /home/airflow/.local/lib/python3.7/site-packages/airflow/example_dags/example_branch_datetime_operator.py
[2022-10-03T01:48:17.425+0000] {processor.py:650} INFO - DAG(s) dict_keys(['example_branch_datetime_operator', 'example_branch_datetime_operator_2']) retrieved from /home/airflow/.local/lib/python3.7/site-packages/airflow/example_dags/example_branch_datetime_operator.py
[2022-10-03T01:48:17.451+0000] {logging_mixin.py:115} INFO - [2022-10-03T01:48:17.451+0000] {dag.py:2429} INFO - Sync 2 DAGs
[2022-10-03T01:48:17.572+0000] {logging_mixin.py:115} INFO - [2022-10-03T01:48:17.572+0000] {dag.py:2981} INFO - Setting next_dagrun for example_branch_datetime_operator to 2022-10-02T00:00:00+00:00, run_after=2022-10-03T00:00:00+00:00
[2022-10-03T01:48:17.575+0000] {logging_mixin.py:115} INFO - [2022-10-03T01:48:17.575+0000] {dag.py:2981} INFO - Setting next_dagrun for example_branch_datetime_operator_2 to 2022-10-02T00:00:00+00:00, run_after=2022-10-03T00:00:00+00:00
[2022-10-03T01:48:17.590+0000] {processor.py:161} INFO - Processing /home/airflow/.local/lib/python3.7/site-packages/airflow/example_dags/example_branch_datetime_operator.py took 0.181 seconds
[2022-10-03T01:48:48.198+0000] {processor.py:153} INFO - Started process (PID=2128) to work on /home/airflow/.local/lib/python3.7/site-packages/airflow/example_dags/example_branch_datetime_operator.py
[2022-10-03T01:48:48.199+0000] {processor.py:640} INFO - Processing file /home/airflow/.local/lib/python3.7/site-packages/airflow/example_dags/example_branch_datetime_operator.py for tasks to queue
[2022-10-03T01:48:48.200+0000] {logging_mixin.py:115} INFO - [2022-10-03T01:48:48.200+0000] {dagbag.py:508} INFO - Filling up the DagBag from /home/airflow/.local/lib/python3.7/site-packages/airflow/example_dags/example_branch_datetime_operator.py
[2022-10-03T01:48:48.209+0000] {processor.py:650} INFO - DAG(s) dict_keys(['example_branch_datetime_operator', 'example_branch_datetime_operator_2']) retrieved from /home/airflow/.local/lib/python3.7/site-packages/airflow/example_dags/example_branch_datetime_operator.py
[2022-10-03T01:48:48.239+0000] {logging_mixin.py:115} INFO - [2022-10-03T01:48:48.238+0000] {dag.py:2429} INFO - Sync 2 DAGs
[2022-10-03T01:48:48.368+0000] {logging_mixin.py:115} INFO - [2022-10-03T01:48:48.367+0000] {dag.py:2981} INFO - Setting next_dagrun for example_branch_datetime_operator to 2022-10-02T00:00:00+00:00, run_after=2022-10-03T00:00:00+00:00
[2022-10-03T01:48:48.370+0000] {logging_mixin.py:115} INFO - [2022-10-03T01:48:48.369+0000] {dag.py:2981} INFO - Setting next_dagrun for example_branch_datetime_operator_2 to 2022-10-02T00:00:00+00:00, run_after=2022-10-03T00:00:00+00:00
[2022-10-03T01:48:48.382+0000] {processor.py:161} INFO - Processing /home/airflow/.local/lib/python3.7/site-packages/airflow/example_dags/example_branch_datetime_operator.py took 0.187 seconds
[2022-10-03T01:49:19.011+0000] {processor.py:153} INFO - Started process (PID=2183) to work on /home/airflow/.local/lib/python3.7/site-packages/airflow/example_dags/example_branch_datetime_operator.py
[2022-10-03T01:49:19.012+0000] {processor.py:640} INFO - Processing file /home/airflow/.local/lib/python3.7/site-packages/airflow/example_dags/example_branch_datetime_operator.py for tasks to queue
[2022-10-03T01:49:19.013+0000] {logging_mixin.py:115} INFO - [2022-10-03T01:49:19.012+0000] {dagbag.py:508} INFO - Filling up the DagBag from /home/airflow/.local/lib/python3.7/site-packages/airflow/example_dags/example_branch_datetime_operator.py
[2022-10-03T01:49:19.021+0000] {processor.py:650} INFO - DAG(s) dict_keys(['example_branch_datetime_operator', 'example_branch_datetime_operator_2']) retrieved from /home/airflow/.local/lib/python3.7/site-packages/airflow/example_dags/example_branch_datetime_operator.py
[2022-10-03T01:49:19.050+0000] {logging_mixin.py:115} INFO - [2022-10-03T01:49:19.050+0000] {dag.py:2429} INFO - Sync 2 DAGs
[2022-10-03T01:49:19.191+0000] {logging_mixin.py:115} INFO - [2022-10-03T01:49:19.191+0000] {dag.py:2981} INFO - Setting next_dagrun for example_branch_datetime_operator to 2022-10-02T00:00:00+00:00, run_after=2022-10-03T00:00:00+00:00
[2022-10-03T01:49:19.194+0000] {logging_mixin.py:115} INFO - [2022-10-03T01:49:19.194+0000] {dag.py:2981} INFO - Setting next_dagrun for example_branch_datetime_operator_2 to 2022-10-02T00:00:00+00:00, run_after=2022-10-03T00:00:00+00:00
[2022-10-03T01:49:19.211+0000] {processor.py:161} INFO - Processing /home/airflow/.local/lib/python3.7/site-packages/airflow/example_dags/example_branch_datetime_operator.py took 0.204 seconds
[2022-10-03T01:52:33.465+0000] {processor.py:153} INFO - Started process (PID=74) to work on /home/airflow/.local/lib/python3.7/site-packages/airflow/example_dags/example_branch_datetime_operator.py
[2022-10-03T01:52:33.466+0000] {processor.py:640} INFO - Processing file /home/airflow/.local/lib/python3.7/site-packages/airflow/example_dags/example_branch_datetime_operator.py for tasks to queue
[2022-10-03T01:52:33.467+0000] {logging_mixin.py:115} INFO - [2022-10-03T01:52:33.467+0000] {dagbag.py:508} INFO - Filling up the DagBag from /home/airflow/.local/lib/python3.7/site-packages/airflow/example_dags/example_branch_datetime_operator.py
[2022-10-03T01:52:33.478+0000] {processor.py:650} INFO - DAG(s) dict_keys(['example_branch_datetime_operator', 'example_branch_datetime_operator_2']) retrieved from /home/airflow/.local/lib/python3.7/site-packages/airflow/example_dags/example_branch_datetime_operator.py
[2022-10-03T01:52:33.513+0000] {logging_mixin.py:115} INFO - [2022-10-03T01:52:33.513+0000] {dag.py:2429} INFO - Sync 2 DAGs
[2022-10-03T01:52:33.650+0000] {logging_mixin.py:115} INFO - [2022-10-03T01:52:33.650+0000] {dag.py:2981} INFO - Setting next_dagrun for example_branch_datetime_operator to 2022-10-02T00:00:00+00:00, run_after=2022-10-03T00:00:00+00:00
[2022-10-03T01:52:33.652+0000] {logging_mixin.py:115} INFO - [2022-10-03T01:52:33.652+0000] {dag.py:2981} INFO - Setting next_dagrun for example_branch_datetime_operator_2 to 2022-10-02T00:00:00+00:00, run_after=2022-10-03T00:00:00+00:00
[2022-10-03T01:52:33.666+0000] {processor.py:161} INFO - Processing /home/airflow/.local/lib/python3.7/site-packages/airflow/example_dags/example_branch_datetime_operator.py took 0.204 seconds
[2022-10-03T01:53:04.610+0000] {processor.py:153} INFO - Started process (PID=130) to work on /home/airflow/.local/lib/python3.7/site-packages/airflow/example_dags/example_branch_datetime_operator.py
[2022-10-03T01:53:04.611+0000] {processor.py:640} INFO - Processing file /home/airflow/.local/lib/python3.7/site-packages/airflow/example_dags/example_branch_datetime_operator.py for tasks to queue
[2022-10-03T01:53:04.613+0000] {logging_mixin.py:115} INFO - [2022-10-03T01:53:04.612+0000] {dagbag.py:508} INFO - Filling up the DagBag from /home/airflow/.local/lib/python3.7/site-packages/airflow/example_dags/example_branch_datetime_operator.py
[2022-10-03T01:53:04.621+0000] {processor.py:650} INFO - DAG(s) dict_keys(['example_branch_datetime_operator', 'example_branch_datetime_operator_2']) retrieved from /home/airflow/.local/lib/python3.7/site-packages/airflow/example_dags/example_branch_datetime_operator.py
[2022-10-03T01:53:04.649+0000] {logging_mixin.py:115} INFO - [2022-10-03T01:53:04.649+0000] {dag.py:2429} INFO - Sync 2 DAGs
[2022-10-03T01:53:04.773+0000] {logging_mixin.py:115} INFO - [2022-10-03T01:53:04.773+0000] {dag.py:2981} INFO - Setting next_dagrun for example_branch_datetime_operator to 2022-10-02T00:00:00+00:00, run_after=2022-10-03T00:00:00+00:00
[2022-10-03T01:53:04.775+0000] {logging_mixin.py:115} INFO - [2022-10-03T01:53:04.775+0000] {dag.py:2981} INFO - Setting next_dagrun for example_branch_datetime_operator_2 to 2022-10-02T00:00:00+00:00, run_after=2022-10-03T00:00:00+00:00
[2022-10-03T01:53:04.791+0000] {processor.py:161} INFO - Processing /home/airflow/.local/lib/python3.7/site-packages/airflow/example_dags/example_branch_datetime_operator.py took 0.183 seconds
[2022-10-03T01:53:35.356+0000] {processor.py:153} INFO - Started process (PID=185) to work on /home/airflow/.local/lib/python3.7/site-packages/airflow/example_dags/example_branch_datetime_operator.py
[2022-10-03T01:53:35.356+0000] {processor.py:640} INFO - Processing file /home/airflow/.local/lib/python3.7/site-packages/airflow/example_dags/example_branch_datetime_operator.py for tasks to queue
[2022-10-03T01:53:35.357+0000] {logging_mixin.py:115} INFO - [2022-10-03T01:53:35.357+0000] {dagbag.py:508} INFO - Filling up the DagBag from /home/airflow/.local/lib/python3.7/site-packages/airflow/example_dags/example_branch_datetime_operator.py
[2022-10-03T01:53:35.367+0000] {processor.py:650} INFO - DAG(s) dict_keys(['example_branch_datetime_operator', 'example_branch_datetime_operator_2']) retrieved from /home/airflow/.local/lib/python3.7/site-packages/airflow/example_dags/example_branch_datetime_operator.py
[2022-10-03T01:53:35.396+0000] {logging_mixin.py:115} INFO - [2022-10-03T01:53:35.396+0000] {dag.py:2429} INFO - Sync 2 DAGs
[2022-10-03T01:53:35.523+0000] {logging_mixin.py:115} INFO - [2022-10-03T01:53:35.523+0000] {dag.py:2981} INFO - Setting next_dagrun for example_branch_datetime_operator to 2022-10-02T00:00:00+00:00, run_after=2022-10-03T00:00:00+00:00
[2022-10-03T01:53:35.525+0000] {logging_mixin.py:115} INFO - [2022-10-03T01:53:35.525+0000] {dag.py:2981} INFO - Setting next_dagrun for example_branch_datetime_operator_2 to 2022-10-02T00:00:00+00:00, run_after=2022-10-03T00:00:00+00:00
[2022-10-03T01:53:35.539+0000] {processor.py:161} INFO - Processing /home/airflow/.local/lib/python3.7/site-packages/airflow/example_dags/example_branch_datetime_operator.py took 0.186 seconds
[2022-10-03T01:54:06.241+0000] {processor.py:153} INFO - Started process (PID=240) to work on /home/airflow/.local/lib/python3.7/site-packages/airflow/example_dags/example_branch_datetime_operator.py
[2022-10-03T01:54:06.242+0000] {processor.py:640} INFO - Processing file /home/airflow/.local/lib/python3.7/site-packages/airflow/example_dags/example_branch_datetime_operator.py for tasks to queue
[2022-10-03T01:54:06.243+0000] {logging_mixin.py:115} INFO - [2022-10-03T01:54:06.243+0000] {dagbag.py:508} INFO - Filling up the DagBag from /home/airflow/.local/lib/python3.7/site-packages/airflow/example_dags/example_branch_datetime_operator.py
[2022-10-03T01:54:06.253+0000] {processor.py:650} INFO - DAG(s) dict_keys(['example_branch_datetime_operator', 'example_branch_datetime_operator_2']) retrieved from /home/airflow/.local/lib/python3.7/site-packages/airflow/example_dags/example_branch_datetime_operator.py
[2022-10-03T01:54:06.283+0000] {logging_mixin.py:115} INFO - [2022-10-03T01:54:06.282+0000] {dag.py:2429} INFO - Sync 2 DAGs
[2022-10-03T01:54:06.409+0000] {logging_mixin.py:115} INFO - [2022-10-03T01:54:06.409+0000] {dag.py:2981} INFO - Setting next_dagrun for example_branch_datetime_operator to 2022-10-02T00:00:00+00:00, run_after=2022-10-03T00:00:00+00:00
[2022-10-03T01:54:06.411+0000] {logging_mixin.py:115} INFO - [2022-10-03T01:54:06.411+0000] {dag.py:2981} INFO - Setting next_dagrun for example_branch_datetime_operator_2 to 2022-10-02T00:00:00+00:00, run_after=2022-10-03T00:00:00+00:00
[2022-10-03T01:54:06.426+0000] {processor.py:161} INFO - Processing /home/airflow/.local/lib/python3.7/site-packages/airflow/example_dags/example_branch_datetime_operator.py took 0.187 seconds
[2022-10-03T01:54:37.372+0000] {processor.py:153} INFO - Started process (PID=296) to work on /home/airflow/.local/lib/python3.7/site-packages/airflow/example_dags/example_branch_datetime_operator.py
[2022-10-03T01:54:37.373+0000] {processor.py:640} INFO - Processing file /home/airflow/.local/lib/python3.7/site-packages/airflow/example_dags/example_branch_datetime_operator.py for tasks to queue
[2022-10-03T01:54:37.374+0000] {logging_mixin.py:115} INFO - [2022-10-03T01:54:37.374+0000] {dagbag.py:508} INFO - Filling up the DagBag from /home/airflow/.local/lib/python3.7/site-packages/airflow/example_dags/example_branch_datetime_operator.py
[2022-10-03T01:54:37.390+0000] {processor.py:650} INFO - DAG(s) dict_keys(['example_branch_datetime_operator', 'example_branch_datetime_operator_2']) retrieved from /home/airflow/.local/lib/python3.7/site-packages/airflow/example_dags/example_branch_datetime_operator.py
[2022-10-03T01:54:37.429+0000] {logging_mixin.py:115} INFO - [2022-10-03T01:54:37.429+0000] {dag.py:2429} INFO - Sync 2 DAGs
[2022-10-03T01:54:37.560+0000] {logging_mixin.py:115} INFO - [2022-10-03T01:54:37.560+0000] {dag.py:2981} INFO - Setting next_dagrun for example_branch_datetime_operator to 2022-10-02T00:00:00+00:00, run_after=2022-10-03T00:00:00+00:00
[2022-10-03T01:54:37.562+0000] {logging_mixin.py:115} INFO - [2022-10-03T01:54:37.562+0000] {dag.py:2981} INFO - Setting next_dagrun for example_branch_datetime_operator_2 to 2022-10-02T00:00:00+00:00, run_after=2022-10-03T00:00:00+00:00
[2022-10-03T01:54:37.577+0000] {processor.py:161} INFO - Processing /home/airflow/.local/lib/python3.7/site-packages/airflow/example_dags/example_branch_datetime_operator.py took 0.210 seconds
[2022-10-03T01:55:07.662+0000] {processor.py:153} INFO - Started process (PID=351) to work on /home/airflow/.local/lib/python3.7/site-packages/airflow/example_dags/example_branch_datetime_operator.py
[2022-10-03T01:55:07.663+0000] {processor.py:640} INFO - Processing file /home/airflow/.local/lib/python3.7/site-packages/airflow/example_dags/example_branch_datetime_operator.py for tasks to queue
[2022-10-03T01:55:07.664+0000] {logging_mixin.py:115} INFO - [2022-10-03T01:55:07.664+0000] {dagbag.py:508} INFO - Filling up the DagBag from /home/airflow/.local/lib/python3.7/site-packages/airflow/example_dags/example_branch_datetime_operator.py
[2022-10-03T01:55:07.675+0000] {processor.py:650} INFO - DAG(s) dict_keys(['example_branch_datetime_operator', 'example_branch_datetime_operator_2']) retrieved from /home/airflow/.local/lib/python3.7/site-packages/airflow/example_dags/example_branch_datetime_operator.py
[2022-10-03T01:55:07.709+0000] {logging_mixin.py:115} INFO - [2022-10-03T01:55:07.709+0000] {dag.py:2429} INFO - Sync 2 DAGs
[2022-10-03T01:55:07.844+0000] {logging_mixin.py:115} INFO - [2022-10-03T01:55:07.844+0000] {dag.py:2981} INFO - Setting next_dagrun for example_branch_datetime_operator to 2022-10-02T00:00:00+00:00, run_after=2022-10-03T00:00:00+00:00
[2022-10-03T01:55:07.846+0000] {logging_mixin.py:115} INFO - [2022-10-03T01:55:07.846+0000] {dag.py:2981} INFO - Setting next_dagrun for example_branch_datetime_operator_2 to 2022-10-02T00:00:00+00:00, run_after=2022-10-03T00:00:00+00:00
[2022-10-03T01:55:07.859+0000] {processor.py:161} INFO - Processing /home/airflow/.local/lib/python3.7/site-packages/airflow/example_dags/example_branch_datetime_operator.py took 0.200 seconds
[2022-10-03T01:55:38.414+0000] {processor.py:153} INFO - Started process (PID=406) to work on /home/airflow/.local/lib/python3.7/site-packages/airflow/example_dags/example_branch_datetime_operator.py
[2022-10-03T01:55:38.415+0000] {processor.py:640} INFO - Processing file /home/airflow/.local/lib/python3.7/site-packages/airflow/example_dags/example_branch_datetime_operator.py for tasks to queue
[2022-10-03T01:55:38.416+0000] {logging_mixin.py:115} INFO - [2022-10-03T01:55:38.416+0000] {dagbag.py:508} INFO - Filling up the DagBag from /home/airflow/.local/lib/python3.7/site-packages/airflow/example_dags/example_branch_datetime_operator.py
[2022-10-03T01:55:38.426+0000] {processor.py:650} INFO - DAG(s) dict_keys(['example_branch_datetime_operator', 'example_branch_datetime_operator_2']) retrieved from /home/airflow/.local/lib/python3.7/site-packages/airflow/example_dags/example_branch_datetime_operator.py
[2022-10-03T01:55:38.453+0000] {logging_mixin.py:115} INFO - [2022-10-03T01:55:38.453+0000] {dag.py:2429} INFO - Sync 2 DAGs
[2022-10-03T01:55:38.579+0000] {logging_mixin.py:115} INFO - [2022-10-03T01:55:38.579+0000] {dag.py:2981} INFO - Setting next_dagrun for example_branch_datetime_operator to 2022-10-02T00:00:00+00:00, run_after=2022-10-03T00:00:00+00:00
[2022-10-03T01:55:38.581+0000] {logging_mixin.py:115} INFO - [2022-10-03T01:55:38.581+0000] {dag.py:2981} INFO - Setting next_dagrun for example_branch_datetime_operator_2 to 2022-10-02T00:00:00+00:00, run_after=2022-10-03T00:00:00+00:00
[2022-10-03T01:55:38.596+0000] {processor.py:161} INFO - Processing /home/airflow/.local/lib/python3.7/site-packages/airflow/example_dags/example_branch_datetime_operator.py took 0.184 seconds
[2022-10-03T01:56:08.933+0000] {processor.py:153} INFO - Started process (PID=461) to work on /home/airflow/.local/lib/python3.7/site-packages/airflow/example_dags/example_branch_datetime_operator.py
[2022-10-03T01:56:08.934+0000] {processor.py:640} INFO - Processing file /home/airflow/.local/lib/python3.7/site-packages/airflow/example_dags/example_branch_datetime_operator.py for tasks to queue
[2022-10-03T01:56:08.935+0000] {logging_mixin.py:115} INFO - [2022-10-03T01:56:08.935+0000] {dagbag.py:508} INFO - Filling up the DagBag from /home/airflow/.local/lib/python3.7/site-packages/airflow/example_dags/example_branch_datetime_operator.py
[2022-10-03T01:56:08.945+0000] {processor.py:650} INFO - DAG(s) dict_keys(['example_branch_datetime_operator', 'example_branch_datetime_operator_2']) retrieved from /home/airflow/.local/lib/python3.7/site-packages/airflow/example_dags/example_branch_datetime_operator.py
[2022-10-03T01:56:08.970+0000] {logging_mixin.py:115} INFO - [2022-10-03T01:56:08.970+0000] {dag.py:2429} INFO - Sync 2 DAGs
[2022-10-03T01:56:09.111+0000] {logging_mixin.py:115} INFO - [2022-10-03T01:56:09.111+0000] {dag.py:2981} INFO - Setting next_dagrun for example_branch_datetime_operator to 2022-10-02T00:00:00+00:00, run_after=2022-10-03T00:00:00+00:00
[2022-10-03T01:56:09.113+0000] {logging_mixin.py:115} INFO - [2022-10-03T01:56:09.113+0000] {dag.py:2981} INFO - Setting next_dagrun for example_branch_datetime_operator_2 to 2022-10-02T00:00:00+00:00, run_after=2022-10-03T00:00:00+00:00
[2022-10-03T01:56:09.130+0000] {processor.py:161} INFO - Processing /home/airflow/.local/lib/python3.7/site-packages/airflow/example_dags/example_branch_datetime_operator.py took 0.199 seconds
[2022-10-03T01:56:39.845+0000] {processor.py:153} INFO - Started process (PID=516) to work on /home/airflow/.local/lib/python3.7/site-packages/airflow/example_dags/example_branch_datetime_operator.py
[2022-10-03T01:56:39.846+0000] {processor.py:640} INFO - Processing file /home/airflow/.local/lib/python3.7/site-packages/airflow/example_dags/example_branch_datetime_operator.py for tasks to queue
[2022-10-03T01:56:39.846+0000] {logging_mixin.py:115} INFO - [2022-10-03T01:56:39.846+0000] {dagbag.py:508} INFO - Filling up the DagBag from /home/airflow/.local/lib/python3.7/site-packages/airflow/example_dags/example_branch_datetime_operator.py
[2022-10-03T01:56:39.856+0000] {processor.py:650} INFO - DAG(s) dict_keys(['example_branch_datetime_operator', 'example_branch_datetime_operator_2']) retrieved from /home/airflow/.local/lib/python3.7/site-packages/airflow/example_dags/example_branch_datetime_operator.py
[2022-10-03T01:56:39.882+0000] {logging_mixin.py:115} INFO - [2022-10-03T01:56:39.882+0000] {dag.py:2429} INFO - Sync 2 DAGs
[2022-10-03T01:56:40.013+0000] {logging_mixin.py:115} INFO - [2022-10-03T01:56:40.013+0000] {dag.py:2981} INFO - Setting next_dagrun for example_branch_datetime_operator to 2022-10-02T00:00:00+00:00, run_after=2022-10-03T00:00:00+00:00
[2022-10-03T01:56:40.016+0000] {logging_mixin.py:115} INFO - [2022-10-03T01:56:40.016+0000] {dag.py:2981} INFO - Setting next_dagrun for example_branch_datetime_operator_2 to 2022-10-02T00:00:00+00:00, run_after=2022-10-03T00:00:00+00:00
[2022-10-03T01:56:40.031+0000] {processor.py:161} INFO - Processing /home/airflow/.local/lib/python3.7/site-packages/airflow/example_dags/example_branch_datetime_operator.py took 0.189 seconds
[2022-10-03T01:57:10.296+0000] {processor.py:153} INFO - Started process (PID=571) to work on /home/airflow/.local/lib/python3.7/site-packages/airflow/example_dags/example_branch_datetime_operator.py
[2022-10-03T01:57:10.297+0000] {processor.py:640} INFO - Processing file /home/airflow/.local/lib/python3.7/site-packages/airflow/example_dags/example_branch_datetime_operator.py for tasks to queue
[2022-10-03T01:57:10.298+0000] {logging_mixin.py:115} INFO - [2022-10-03T01:57:10.298+0000] {dagbag.py:508} INFO - Filling up the DagBag from /home/airflow/.local/lib/python3.7/site-packages/airflow/example_dags/example_branch_datetime_operator.py
[2022-10-03T01:57:10.308+0000] {processor.py:650} INFO - DAG(s) dict_keys(['example_branch_datetime_operator', 'example_branch_datetime_operator_2']) retrieved from /home/airflow/.local/lib/python3.7/site-packages/airflow/example_dags/example_branch_datetime_operator.py
[2022-10-03T01:57:10.333+0000] {logging_mixin.py:115} INFO - [2022-10-03T01:57:10.333+0000] {dag.py:2429} INFO - Sync 2 DAGs
[2022-10-03T01:57:10.461+0000] {logging_mixin.py:115} INFO - [2022-10-03T01:57:10.461+0000] {dag.py:2981} INFO - Setting next_dagrun for example_branch_datetime_operator to 2022-10-02T00:00:00+00:00, run_after=2022-10-03T00:00:00+00:00
[2022-10-03T01:57:10.463+0000] {logging_mixin.py:115} INFO - [2022-10-03T01:57:10.463+0000] {dag.py:2981} INFO - Setting next_dagrun for example_branch_datetime_operator_2 to 2022-10-02T00:00:00+00:00, run_after=2022-10-03T00:00:00+00:00
[2022-10-03T01:57:10.479+0000] {processor.py:161} INFO - Processing /home/airflow/.local/lib/python3.7/site-packages/airflow/example_dags/example_branch_datetime_operator.py took 0.185 seconds
[2022-10-03T01:57:40.832+0000] {processor.py:153} INFO - Started process (PID=626) to work on /home/airflow/.local/lib/python3.7/site-packages/airflow/example_dags/example_branch_datetime_operator.py
[2022-10-03T01:57:40.833+0000] {processor.py:640} INFO - Processing file /home/airflow/.local/lib/python3.7/site-packages/airflow/example_dags/example_branch_datetime_operator.py for tasks to queue
[2022-10-03T01:57:40.834+0000] {logging_mixin.py:115} INFO - [2022-10-03T01:57:40.834+0000] {dagbag.py:508} INFO - Filling up the DagBag from /home/airflow/.local/lib/python3.7/site-packages/airflow/example_dags/example_branch_datetime_operator.py
[2022-10-03T01:57:40.842+0000] {processor.py:650} INFO - DAG(s) dict_keys(['example_branch_datetime_operator', 'example_branch_datetime_operator_2']) retrieved from /home/airflow/.local/lib/python3.7/site-packages/airflow/example_dags/example_branch_datetime_operator.py
[2022-10-03T01:57:40.871+0000] {logging_mixin.py:115} INFO - [2022-10-03T01:57:40.870+0000] {dag.py:2429} INFO - Sync 2 DAGs
[2022-10-03T01:57:41.013+0000] {logging_mixin.py:115} INFO - [2022-10-03T01:57:41.012+0000] {dag.py:2981} INFO - Setting next_dagrun for example_branch_datetime_operator to 2022-10-02T00:00:00+00:00, run_after=2022-10-03T00:00:00+00:00
[2022-10-03T01:57:41.015+0000] {logging_mixin.py:115} INFO - [2022-10-03T01:57:41.015+0000] {dag.py:2981} INFO - Setting next_dagrun for example_branch_datetime_operator_2 to 2022-10-02T00:00:00+00:00, run_after=2022-10-03T00:00:00+00:00
[2022-10-03T01:57:41.028+0000] {processor.py:161} INFO - Processing /home/airflow/.local/lib/python3.7/site-packages/airflow/example_dags/example_branch_datetime_operator.py took 0.199 seconds
[2022-10-03T01:58:11.578+0000] {processor.py:153} INFO - Started process (PID=681) to work on /home/airflow/.local/lib/python3.7/site-packages/airflow/example_dags/example_branch_datetime_operator.py
[2022-10-03T01:58:11.579+0000] {processor.py:640} INFO - Processing file /home/airflow/.local/lib/python3.7/site-packages/airflow/example_dags/example_branch_datetime_operator.py for tasks to queue
[2022-10-03T01:58:11.580+0000] {logging_mixin.py:115} INFO - [2022-10-03T01:58:11.580+0000] {dagbag.py:508} INFO - Filling up the DagBag from /home/airflow/.local/lib/python3.7/site-packages/airflow/example_dags/example_branch_datetime_operator.py
[2022-10-03T01:58:11.590+0000] {processor.py:650} INFO - DAG(s) dict_keys(['example_branch_datetime_operator', 'example_branch_datetime_operator_2']) retrieved from /home/airflow/.local/lib/python3.7/site-packages/airflow/example_dags/example_branch_datetime_operator.py
[2022-10-03T01:58:11.616+0000] {logging_mixin.py:115} INFO - [2022-10-03T01:58:11.615+0000] {dag.py:2429} INFO - Sync 2 DAGs
[2022-10-03T01:58:11.735+0000] {logging_mixin.py:115} INFO - [2022-10-03T01:58:11.735+0000] {dag.py:2981} INFO - Setting next_dagrun for example_branch_datetime_operator to 2022-10-02T00:00:00+00:00, run_after=2022-10-03T00:00:00+00:00
[2022-10-03T01:58:11.737+0000] {logging_mixin.py:115} INFO - [2022-10-03T01:58:11.737+0000] {dag.py:2981} INFO - Setting next_dagrun for example_branch_datetime_operator_2 to 2022-10-02T00:00:00+00:00, run_after=2022-10-03T00:00:00+00:00
[2022-10-03T01:58:11.752+0000] {processor.py:161} INFO - Processing /home/airflow/.local/lib/python3.7/site-packages/airflow/example_dags/example_branch_datetime_operator.py took 0.177 seconds
[2022-10-03T01:58:41.963+0000] {processor.py:153} INFO - Started process (PID=736) to work on /home/airflow/.local/lib/python3.7/site-packages/airflow/example_dags/example_branch_datetime_operator.py
[2022-10-03T01:58:41.963+0000] {processor.py:640} INFO - Processing file /home/airflow/.local/lib/python3.7/site-packages/airflow/example_dags/example_branch_datetime_operator.py for tasks to queue
[2022-10-03T01:58:41.964+0000] {logging_mixin.py:115} INFO - [2022-10-03T01:58:41.964+0000] {dagbag.py:508} INFO - Filling up the DagBag from /home/airflow/.local/lib/python3.7/site-packages/airflow/example_dags/example_branch_datetime_operator.py
[2022-10-03T01:58:41.973+0000] {processor.py:650} INFO - DAG(s) dict_keys(['example_branch_datetime_operator', 'example_branch_datetime_operator_2']) retrieved from /home/airflow/.local/lib/python3.7/site-packages/airflow/example_dags/example_branch_datetime_operator.py
[2022-10-03T01:58:41.997+0000] {logging_mixin.py:115} INFO - [2022-10-03T01:58:41.997+0000] {dag.py:2429} INFO - Sync 2 DAGs
[2022-10-03T01:58:42.126+0000] {logging_mixin.py:115} INFO - [2022-10-03T01:58:42.126+0000] {dag.py:2981} INFO - Setting next_dagrun for example_branch_datetime_operator to 2022-10-02T00:00:00+00:00, run_after=2022-10-03T00:00:00+00:00
[2022-10-03T01:58:42.128+0000] {logging_mixin.py:115} INFO - [2022-10-03T01:58:42.128+0000] {dag.py:2981} INFO - Setting next_dagrun for example_branch_datetime_operator_2 to 2022-10-02T00:00:00+00:00, run_after=2022-10-03T00:00:00+00:00
[2022-10-03T01:58:42.142+0000] {processor.py:161} INFO - Processing /home/airflow/.local/lib/python3.7/site-packages/airflow/example_dags/example_branch_datetime_operator.py took 0.182 seconds
[2022-10-03T01:59:12.729+0000] {processor.py:153} INFO - Started process (PID=799) to work on /home/airflow/.local/lib/python3.7/site-packages/airflow/example_dags/example_branch_datetime_operator.py
[2022-10-03T01:59:12.730+0000] {processor.py:640} INFO - Processing file /home/airflow/.local/lib/python3.7/site-packages/airflow/example_dags/example_branch_datetime_operator.py for tasks to queue
[2022-10-03T01:59:12.732+0000] {logging_mixin.py:115} INFO - [2022-10-03T01:59:12.731+0000] {dagbag.py:508} INFO - Filling up the DagBag from /home/airflow/.local/lib/python3.7/site-packages/airflow/example_dags/example_branch_datetime_operator.py
[2022-10-03T01:59:12.748+0000] {processor.py:650} INFO - DAG(s) dict_keys(['example_branch_datetime_operator', 'example_branch_datetime_operator_2']) retrieved from /home/airflow/.local/lib/python3.7/site-packages/airflow/example_dags/example_branch_datetime_operator.py
[2022-10-03T01:59:12.790+0000] {logging_mixin.py:115} INFO - [2022-10-03T01:59:12.790+0000] {dag.py:2429} INFO - Sync 2 DAGs
[2022-10-03T01:59:12.941+0000] {logging_mixin.py:115} INFO - [2022-10-03T01:59:12.941+0000] {dag.py:2981} INFO - Setting next_dagrun for example_branch_datetime_operator to 2022-10-02T00:00:00+00:00, run_after=2022-10-03T00:00:00+00:00
[2022-10-03T01:59:12.944+0000] {logging_mixin.py:115} INFO - [2022-10-03T01:59:12.944+0000] {dag.py:2981} INFO - Setting next_dagrun for example_branch_datetime_operator_2 to 2022-10-02T00:00:00+00:00, run_after=2022-10-03T00:00:00+00:00
[2022-10-03T01:59:12.964+0000] {processor.py:161} INFO - Processing /home/airflow/.local/lib/python3.7/site-packages/airflow/example_dags/example_branch_datetime_operator.py took 0.241 seconds
[2022-10-03T01:59:43.405+0000] {processor.py:153} INFO - Started process (PID=854) to work on /home/airflow/.local/lib/python3.7/site-packages/airflow/example_dags/example_branch_datetime_operator.py
[2022-10-03T01:59:43.406+0000] {processor.py:640} INFO - Processing file /home/airflow/.local/lib/python3.7/site-packages/airflow/example_dags/example_branch_datetime_operator.py for tasks to queue
[2022-10-03T01:59:43.408+0000] {logging_mixin.py:115} INFO - [2022-10-03T01:59:43.408+0000] {dagbag.py:508} INFO - Filling up the DagBag from /home/airflow/.local/lib/python3.7/site-packages/airflow/example_dags/example_branch_datetime_operator.py
[2022-10-03T01:59:43.417+0000] {processor.py:650} INFO - DAG(s) dict_keys(['example_branch_datetime_operator', 'example_branch_datetime_operator_2']) retrieved from /home/airflow/.local/lib/python3.7/site-packages/airflow/example_dags/example_branch_datetime_operator.py
[2022-10-03T01:59:43.442+0000] {logging_mixin.py:115} INFO - [2022-10-03T01:59:43.442+0000] {dag.py:2429} INFO - Sync 2 DAGs
[2022-10-03T01:59:43.583+0000] {logging_mixin.py:115} INFO - [2022-10-03T01:59:43.583+0000] {dag.py:2981} INFO - Setting next_dagrun for example_branch_datetime_operator to 2022-10-02T00:00:00+00:00, run_after=2022-10-03T00:00:00+00:00
[2022-10-03T01:59:43.586+0000] {logging_mixin.py:115} INFO - [2022-10-03T01:59:43.586+0000] {dag.py:2981} INFO - Setting next_dagrun for example_branch_datetime_operator_2 to 2022-10-02T00:00:00+00:00, run_after=2022-10-03T00:00:00+00:00
[2022-10-03T01:59:43.600+0000] {processor.py:161} INFO - Processing /home/airflow/.local/lib/python3.7/site-packages/airflow/example_dags/example_branch_datetime_operator.py took 0.198 seconds
