[2022-10-03T01:29:50.930+0000] {processor.py:153} INFO - Started process (PID=78) to work on /home/airflow/.local/lib/python3.7/site-packages/airflow/example_dags/example_latest_only_with_trigger.py
[2022-10-03T01:29:50.931+0000] {processor.py:640} INFO - Processing file /home/airflow/.local/lib/python3.7/site-packages/airflow/example_dags/example_latest_only_with_trigger.py for tasks to queue
[2022-10-03T01:29:50.933+0000] {logging_mixin.py:115} INFO - [2022-10-03T01:29:50.932+0000] {dagbag.py:508} INFO - Filling up the DagBag from /home/airflow/.local/lib/python3.7/site-packages/airflow/example_dags/example_latest_only_with_trigger.py
[2022-10-03T01:29:50.941+0000] {processor.py:650} INFO - DAG(s) dict_keys(['latest_only_with_trigger']) retrieved from /home/airflow/.local/lib/python3.7/site-packages/airflow/example_dags/example_latest_only_with_trigger.py
[2022-10-03T01:29:51.159+0000] {logging_mixin.py:115} INFO - [2022-10-03T01:29:51.159+0000] {manager.py:508} INFO - Created Permission View: can edit on DAG:latest_only_with_trigger
[2022-10-03T01:29:51.178+0000] {logging_mixin.py:115} INFO - [2022-10-03T01:29:51.178+0000] {manager.py:508} INFO - Created Permission View: can read on DAG:latest_only_with_trigger
[2022-10-03T01:29:51.190+0000] {logging_mixin.py:115} INFO - [2022-10-03T01:29:51.190+0000] {manager.py:508} INFO - Created Permission View: can delete on DAG:latest_only_with_trigger
[2022-10-03T01:29:51.191+0000] {logging_mixin.py:115} INFO - [2022-10-03T01:29:51.191+0000] {dag.py:2429} INFO - Sync 1 DAGs
[2022-10-03T01:29:51.202+0000] {logging_mixin.py:115} INFO - [2022-10-03T01:29:51.202+0000] {dag.py:2448} INFO - Creating ORM DAG for latest_only_with_trigger
[2022-10-03T01:29:51.218+0000] {logging_mixin.py:115} INFO - [2022-10-03T01:29:51.218+0000] {dag.py:2981} INFO - Setting next_dagrun for latest_only_with_trigger to 2022-10-02T21:29:51.218137+00:00, run_after=2022-10-03T01:29:51.218137+00:00
[2022-10-03T01:29:51.239+0000] {processor.py:161} INFO - Processing /home/airflow/.local/lib/python3.7/site-packages/airflow/example_dags/example_latest_only_with_trigger.py took 0.312 seconds
[2022-10-03T01:30:21.423+0000] {processor.py:153} INFO - Started process (PID=133) to work on /home/airflow/.local/lib/python3.7/site-packages/airflow/example_dags/example_latest_only_with_trigger.py
[2022-10-03T01:30:21.424+0000] {processor.py:640} INFO - Processing file /home/airflow/.local/lib/python3.7/site-packages/airflow/example_dags/example_latest_only_with_trigger.py for tasks to queue
[2022-10-03T01:30:21.425+0000] {logging_mixin.py:115} INFO - [2022-10-03T01:30:21.425+0000] {dagbag.py:508} INFO - Filling up the DagBag from /home/airflow/.local/lib/python3.7/site-packages/airflow/example_dags/example_latest_only_with_trigger.py
[2022-10-03T01:30:21.431+0000] {processor.py:650} INFO - DAG(s) dict_keys(['latest_only_with_trigger']) retrieved from /home/airflow/.local/lib/python3.7/site-packages/airflow/example_dags/example_latest_only_with_trigger.py
[2022-10-03T01:30:21.469+0000] {logging_mixin.py:115} INFO - [2022-10-03T01:30:21.468+0000] {dag.py:2429} INFO - Sync 1 DAGs
[2022-10-03T01:30:21.595+0000] {logging_mixin.py:115} INFO - [2022-10-03T01:30:21.594+0000] {dag.py:2981} INFO - Setting next_dagrun for latest_only_with_trigger to 2022-10-02T21:30:21.594782+00:00, run_after=2022-10-03T01:30:21.594782+00:00
[2022-10-03T01:30:21.607+0000] {processor.py:161} INFO - Processing /home/airflow/.local/lib/python3.7/site-packages/airflow/example_dags/example_latest_only_with_trigger.py took 0.186 seconds
[2022-10-03T01:30:52.117+0000] {processor.py:153} INFO - Started process (PID=188) to work on /home/airflow/.local/lib/python3.7/site-packages/airflow/example_dags/example_latest_only_with_trigger.py
[2022-10-03T01:30:52.117+0000] {processor.py:640} INFO - Processing file /home/airflow/.local/lib/python3.7/site-packages/airflow/example_dags/example_latest_only_with_trigger.py for tasks to queue
[2022-10-03T01:30:52.118+0000] {logging_mixin.py:115} INFO - [2022-10-03T01:30:52.118+0000] {dagbag.py:508} INFO - Filling up the DagBag from /home/airflow/.local/lib/python3.7/site-packages/airflow/example_dags/example_latest_only_with_trigger.py
[2022-10-03T01:30:52.124+0000] {processor.py:650} INFO - DAG(s) dict_keys(['latest_only_with_trigger']) retrieved from /home/airflow/.local/lib/python3.7/site-packages/airflow/example_dags/example_latest_only_with_trigger.py
[2022-10-03T01:30:52.150+0000] {logging_mixin.py:115} INFO - [2022-10-03T01:30:52.150+0000] {dag.py:2429} INFO - Sync 1 DAGs
[2022-10-03T01:30:52.272+0000] {logging_mixin.py:115} INFO - [2022-10-03T01:30:52.272+0000] {dag.py:2981} INFO - Setting next_dagrun for latest_only_with_trigger to 2022-10-02T21:30:52.271496+00:00, run_after=2022-10-03T01:30:52.271496+00:00
[2022-10-03T01:30:52.285+0000] {processor.py:161} INFO - Processing /home/airflow/.local/lib/python3.7/site-packages/airflow/example_dags/example_latest_only_with_trigger.py took 0.171 seconds
[2022-10-03T01:31:22.900+0000] {processor.py:153} INFO - Started process (PID=243) to work on /home/airflow/.local/lib/python3.7/site-packages/airflow/example_dags/example_latest_only_with_trigger.py
[2022-10-03T01:31:22.901+0000] {processor.py:640} INFO - Processing file /home/airflow/.local/lib/python3.7/site-packages/airflow/example_dags/example_latest_only_with_trigger.py for tasks to queue
[2022-10-03T01:31:22.902+0000] {logging_mixin.py:115} INFO - [2022-10-03T01:31:22.902+0000] {dagbag.py:508} INFO - Filling up the DagBag from /home/airflow/.local/lib/python3.7/site-packages/airflow/example_dags/example_latest_only_with_trigger.py
[2022-10-03T01:31:22.908+0000] {processor.py:650} INFO - DAG(s) dict_keys(['latest_only_with_trigger']) retrieved from /home/airflow/.local/lib/python3.7/site-packages/airflow/example_dags/example_latest_only_with_trigger.py
[2022-10-03T01:31:22.932+0000] {logging_mixin.py:115} INFO - [2022-10-03T01:31:22.932+0000] {dag.py:2429} INFO - Sync 1 DAGs
[2022-10-03T01:31:23.042+0000] {logging_mixin.py:115} INFO - [2022-10-03T01:31:23.042+0000] {dag.py:2981} INFO - Setting next_dagrun for latest_only_with_trigger to 2022-10-02T21:31:23.042367+00:00, run_after=2022-10-03T01:31:23.042367+00:00
[2022-10-03T01:31:23.058+0000] {processor.py:161} INFO - Processing /home/airflow/.local/lib/python3.7/site-packages/airflow/example_dags/example_latest_only_with_trigger.py took 0.162 seconds
[2022-10-03T01:31:53.587+0000] {processor.py:153} INFO - Started process (PID=299) to work on /home/airflow/.local/lib/python3.7/site-packages/airflow/example_dags/example_latest_only_with_trigger.py
[2022-10-03T01:31:53.588+0000] {processor.py:640} INFO - Processing file /home/airflow/.local/lib/python3.7/site-packages/airflow/example_dags/example_latest_only_with_trigger.py for tasks to queue
[2022-10-03T01:31:53.589+0000] {logging_mixin.py:115} INFO - [2022-10-03T01:31:53.588+0000] {dagbag.py:508} INFO - Filling up the DagBag from /home/airflow/.local/lib/python3.7/site-packages/airflow/example_dags/example_latest_only_with_trigger.py
[2022-10-03T01:31:53.594+0000] {processor.py:650} INFO - DAG(s) dict_keys(['latest_only_with_trigger']) retrieved from /home/airflow/.local/lib/python3.7/site-packages/airflow/example_dags/example_latest_only_with_trigger.py
[2022-10-03T01:31:53.616+0000] {logging_mixin.py:115} INFO - [2022-10-03T01:31:53.616+0000] {dag.py:2429} INFO - Sync 1 DAGs
[2022-10-03T01:31:53.729+0000] {logging_mixin.py:115} INFO - [2022-10-03T01:31:53.729+0000] {dag.py:2981} INFO - Setting next_dagrun for latest_only_with_trigger to 2022-10-02T21:31:53.729544+00:00, run_after=2022-10-03T01:31:53.729544+00:00
[2022-10-03T01:31:53.742+0000] {processor.py:161} INFO - Processing /home/airflow/.local/lib/python3.7/site-packages/airflow/example_dags/example_latest_only_with_trigger.py took 0.158 seconds
[2022-10-03T01:32:24.404+0000] {processor.py:153} INFO - Started process (PID=354) to work on /home/airflow/.local/lib/python3.7/site-packages/airflow/example_dags/example_latest_only_with_trigger.py
[2022-10-03T01:32:24.405+0000] {processor.py:640} INFO - Processing file /home/airflow/.local/lib/python3.7/site-packages/airflow/example_dags/example_latest_only_with_trigger.py for tasks to queue
[2022-10-03T01:32:24.406+0000] {logging_mixin.py:115} INFO - [2022-10-03T01:32:24.406+0000] {dagbag.py:508} INFO - Filling up the DagBag from /home/airflow/.local/lib/python3.7/site-packages/airflow/example_dags/example_latest_only_with_trigger.py
[2022-10-03T01:32:24.412+0000] {processor.py:650} INFO - DAG(s) dict_keys(['latest_only_with_trigger']) retrieved from /home/airflow/.local/lib/python3.7/site-packages/airflow/example_dags/example_latest_only_with_trigger.py
[2022-10-03T01:32:24.442+0000] {logging_mixin.py:115} INFO - [2022-10-03T01:32:24.441+0000] {dag.py:2429} INFO - Sync 1 DAGs
[2022-10-03T01:32:24.570+0000] {logging_mixin.py:115} INFO - [2022-10-03T01:32:24.570+0000] {dag.py:2981} INFO - Setting next_dagrun for latest_only_with_trigger to 2022-10-02T21:32:24.570454+00:00, run_after=2022-10-03T01:32:24.570454+00:00
[2022-10-03T01:32:24.585+0000] {processor.py:161} INFO - Processing /home/airflow/.local/lib/python3.7/site-packages/airflow/example_dags/example_latest_only_with_trigger.py took 0.184 seconds
[2022-10-03T01:32:55.222+0000] {processor.py:153} INFO - Started process (PID=409) to work on /home/airflow/.local/lib/python3.7/site-packages/airflow/example_dags/example_latest_only_with_trigger.py
[2022-10-03T01:32:55.222+0000] {processor.py:640} INFO - Processing file /home/airflow/.local/lib/python3.7/site-packages/airflow/example_dags/example_latest_only_with_trigger.py for tasks to queue
[2022-10-03T01:32:55.223+0000] {logging_mixin.py:115} INFO - [2022-10-03T01:32:55.223+0000] {dagbag.py:508} INFO - Filling up the DagBag from /home/airflow/.local/lib/python3.7/site-packages/airflow/example_dags/example_latest_only_with_trigger.py
[2022-10-03T01:32:55.230+0000] {processor.py:650} INFO - DAG(s) dict_keys(['latest_only_with_trigger']) retrieved from /home/airflow/.local/lib/python3.7/site-packages/airflow/example_dags/example_latest_only_with_trigger.py
[2022-10-03T01:32:55.257+0000] {logging_mixin.py:115} INFO - [2022-10-03T01:32:55.257+0000] {dag.py:2429} INFO - Sync 1 DAGs
[2022-10-03T01:32:55.378+0000] {logging_mixin.py:115} INFO - [2022-10-03T01:32:55.377+0000] {dag.py:2981} INFO - Setting next_dagrun for latest_only_with_trigger to 2022-10-02T21:32:55.377824+00:00, run_after=2022-10-03T01:32:55.377824+00:00
[2022-10-03T01:32:55.392+0000] {processor.py:161} INFO - Processing /home/airflow/.local/lib/python3.7/site-packages/airflow/example_dags/example_latest_only_with_trigger.py took 0.173 seconds
[2022-10-03T01:33:25.968+0000] {processor.py:153} INFO - Started process (PID=464) to work on /home/airflow/.local/lib/python3.7/site-packages/airflow/example_dags/example_latest_only_with_trigger.py
[2022-10-03T01:33:25.969+0000] {processor.py:640} INFO - Processing file /home/airflow/.local/lib/python3.7/site-packages/airflow/example_dags/example_latest_only_with_trigger.py for tasks to queue
[2022-10-03T01:33:25.970+0000] {logging_mixin.py:115} INFO - [2022-10-03T01:33:25.970+0000] {dagbag.py:508} INFO - Filling up the DagBag from /home/airflow/.local/lib/python3.7/site-packages/airflow/example_dags/example_latest_only_with_trigger.py
[2022-10-03T01:33:25.976+0000] {processor.py:650} INFO - DAG(s) dict_keys(['latest_only_with_trigger']) retrieved from /home/airflow/.local/lib/python3.7/site-packages/airflow/example_dags/example_latest_only_with_trigger.py
[2022-10-03T01:33:25.998+0000] {logging_mixin.py:115} INFO - [2022-10-03T01:33:25.998+0000] {dag.py:2429} INFO - Sync 1 DAGs
[2022-10-03T01:33:26.110+0000] {logging_mixin.py:115} INFO - [2022-10-03T01:33:26.110+0000] {dag.py:2981} INFO - Setting next_dagrun for latest_only_with_trigger to 2022-10-02T21:33:26.110365+00:00, run_after=2022-10-03T01:33:26.110365+00:00
[2022-10-03T01:33:26.125+0000] {processor.py:161} INFO - Processing /home/airflow/.local/lib/python3.7/site-packages/airflow/example_dags/example_latest_only_with_trigger.py took 0.159 seconds
[2022-10-03T01:33:56.769+0000] {processor.py:153} INFO - Started process (PID=519) to work on /home/airflow/.local/lib/python3.7/site-packages/airflow/example_dags/example_latest_only_with_trigger.py
[2022-10-03T01:33:56.770+0000] {processor.py:640} INFO - Processing file /home/airflow/.local/lib/python3.7/site-packages/airflow/example_dags/example_latest_only_with_trigger.py for tasks to queue
[2022-10-03T01:33:56.771+0000] {logging_mixin.py:115} INFO - [2022-10-03T01:33:56.771+0000] {dagbag.py:508} INFO - Filling up the DagBag from /home/airflow/.local/lib/python3.7/site-packages/airflow/example_dags/example_latest_only_with_trigger.py
[2022-10-03T01:33:56.776+0000] {processor.py:650} INFO - DAG(s) dict_keys(['latest_only_with_trigger']) retrieved from /home/airflow/.local/lib/python3.7/site-packages/airflow/example_dags/example_latest_only_with_trigger.py
[2022-10-03T01:33:56.801+0000] {logging_mixin.py:115} INFO - [2022-10-03T01:33:56.801+0000] {dag.py:2429} INFO - Sync 1 DAGs
[2022-10-03T01:33:56.923+0000] {logging_mixin.py:115} INFO - [2022-10-03T01:33:56.923+0000] {dag.py:2981} INFO - Setting next_dagrun for latest_only_with_trigger to 2022-10-02T21:33:56.923112+00:00, run_after=2022-10-03T01:33:56.923112+00:00
[2022-10-03T01:33:56.937+0000] {processor.py:161} INFO - Processing /home/airflow/.local/lib/python3.7/site-packages/airflow/example_dags/example_latest_only_with_trigger.py took 0.170 seconds
[2022-10-03T01:34:27.460+0000] {processor.py:153} INFO - Started process (PID=574) to work on /home/airflow/.local/lib/python3.7/site-packages/airflow/example_dags/example_latest_only_with_trigger.py
[2022-10-03T01:34:27.461+0000] {processor.py:640} INFO - Processing file /home/airflow/.local/lib/python3.7/site-packages/airflow/example_dags/example_latest_only_with_trigger.py for tasks to queue
[2022-10-03T01:34:27.462+0000] {logging_mixin.py:115} INFO - [2022-10-03T01:34:27.462+0000] {dagbag.py:508} INFO - Filling up the DagBag from /home/airflow/.local/lib/python3.7/site-packages/airflow/example_dags/example_latest_only_with_trigger.py
[2022-10-03T01:34:27.468+0000] {processor.py:650} INFO - DAG(s) dict_keys(['latest_only_with_trigger']) retrieved from /home/airflow/.local/lib/python3.7/site-packages/airflow/example_dags/example_latest_only_with_trigger.py
[2022-10-03T01:34:27.497+0000] {logging_mixin.py:115} INFO - [2022-10-03T01:34:27.497+0000] {dag.py:2429} INFO - Sync 1 DAGs
[2022-10-03T01:34:27.620+0000] {logging_mixin.py:115} INFO - [2022-10-03T01:34:27.619+0000] {dag.py:2981} INFO - Setting next_dagrun for latest_only_with_trigger to 2022-10-02T21:34:27.619644+00:00, run_after=2022-10-03T01:34:27.619644+00:00
[2022-10-03T01:34:27.641+0000] {processor.py:161} INFO - Processing /home/airflow/.local/lib/python3.7/site-packages/airflow/example_dags/example_latest_only_with_trigger.py took 0.184 seconds
[2022-10-03T01:34:58.126+0000] {processor.py:153} INFO - Started process (PID=629) to work on /home/airflow/.local/lib/python3.7/site-packages/airflow/example_dags/example_latest_only_with_trigger.py
[2022-10-03T01:34:58.127+0000] {processor.py:640} INFO - Processing file /home/airflow/.local/lib/python3.7/site-packages/airflow/example_dags/example_latest_only_with_trigger.py for tasks to queue
[2022-10-03T01:34:58.129+0000] {logging_mixin.py:115} INFO - [2022-10-03T01:34:58.128+0000] {dagbag.py:508} INFO - Filling up the DagBag from /home/airflow/.local/lib/python3.7/site-packages/airflow/example_dags/example_latest_only_with_trigger.py
[2022-10-03T01:34:58.138+0000] {processor.py:650} INFO - DAG(s) dict_keys(['latest_only_with_trigger']) retrieved from /home/airflow/.local/lib/python3.7/site-packages/airflow/example_dags/example_latest_only_with_trigger.py
[2022-10-03T01:34:58.181+0000] {logging_mixin.py:115} INFO - [2022-10-03T01:34:58.181+0000] {dag.py:2429} INFO - Sync 1 DAGs
[2022-10-03T01:34:58.336+0000] {logging_mixin.py:115} INFO - [2022-10-03T01:34:58.336+0000] {dag.py:2981} INFO - Setting next_dagrun for latest_only_with_trigger to 2022-10-02T21:34:58.335955+00:00, run_after=2022-10-03T01:34:58.335955+00:00
[2022-10-03T01:34:58.351+0000] {processor.py:161} INFO - Processing /home/airflow/.local/lib/python3.7/site-packages/airflow/example_dags/example_latest_only_with_trigger.py took 0.228 seconds
[2022-10-03T01:35:29.131+0000] {processor.py:153} INFO - Started process (PID=691) to work on /home/airflow/.local/lib/python3.7/site-packages/airflow/example_dags/example_latest_only_with_trigger.py
[2022-10-03T01:35:29.132+0000] {processor.py:640} INFO - Processing file /home/airflow/.local/lib/python3.7/site-packages/airflow/example_dags/example_latest_only_with_trigger.py for tasks to queue
[2022-10-03T01:35:29.133+0000] {logging_mixin.py:115} INFO - [2022-10-03T01:35:29.133+0000] {dagbag.py:508} INFO - Filling up the DagBag from /home/airflow/.local/lib/python3.7/site-packages/airflow/example_dags/example_latest_only_with_trigger.py
[2022-10-03T01:35:29.138+0000] {processor.py:650} INFO - DAG(s) dict_keys(['latest_only_with_trigger']) retrieved from /home/airflow/.local/lib/python3.7/site-packages/airflow/example_dags/example_latest_only_with_trigger.py
[2022-10-03T01:35:29.169+0000] {logging_mixin.py:115} INFO - [2022-10-03T01:35:29.168+0000] {dag.py:2429} INFO - Sync 1 DAGs
[2022-10-03T01:35:29.290+0000] {logging_mixin.py:115} INFO - [2022-10-03T01:35:29.289+0000] {dag.py:2981} INFO - Setting next_dagrun for latest_only_with_trigger to 2022-10-02T21:35:29.289789+00:00, run_after=2022-10-03T01:35:29.289789+00:00
[2022-10-03T01:35:29.305+0000] {processor.py:161} INFO - Processing /home/airflow/.local/lib/python3.7/site-packages/airflow/example_dags/example_latest_only_with_trigger.py took 0.177 seconds
[2022-10-03T01:35:59.827+0000] {processor.py:153} INFO - Started process (PID=746) to work on /home/airflow/.local/lib/python3.7/site-packages/airflow/example_dags/example_latest_only_with_trigger.py
[2022-10-03T01:35:59.827+0000] {processor.py:640} INFO - Processing file /home/airflow/.local/lib/python3.7/site-packages/airflow/example_dags/example_latest_only_with_trigger.py for tasks to queue
[2022-10-03T01:35:59.828+0000] {logging_mixin.py:115} INFO - [2022-10-03T01:35:59.828+0000] {dagbag.py:508} INFO - Filling up the DagBag from /home/airflow/.local/lib/python3.7/site-packages/airflow/example_dags/example_latest_only_with_trigger.py
[2022-10-03T01:35:59.832+0000] {processor.py:650} INFO - DAG(s) dict_keys(['latest_only_with_trigger']) retrieved from /home/airflow/.local/lib/python3.7/site-packages/airflow/example_dags/example_latest_only_with_trigger.py
[2022-10-03T01:35:59.860+0000] {logging_mixin.py:115} INFO - [2022-10-03T01:35:59.859+0000] {dag.py:2429} INFO - Sync 1 DAGs
[2022-10-03T01:35:59.981+0000] {logging_mixin.py:115} INFO - [2022-10-03T01:35:59.981+0000] {dag.py:2981} INFO - Setting next_dagrun for latest_only_with_trigger to 2022-10-02T21:35:59.981208+00:00, run_after=2022-10-03T01:35:59.981208+00:00
[2022-10-03T01:35:59.994+0000] {processor.py:161} INFO - Processing /home/airflow/.local/lib/python3.7/site-packages/airflow/example_dags/example_latest_only_with_trigger.py took 0.169 seconds
[2022-10-03T01:36:30.493+0000] {processor.py:153} INFO - Started process (PID=801) to work on /home/airflow/.local/lib/python3.7/site-packages/airflow/example_dags/example_latest_only_with_trigger.py
[2022-10-03T01:36:30.494+0000] {processor.py:640} INFO - Processing file /home/airflow/.local/lib/python3.7/site-packages/airflow/example_dags/example_latest_only_with_trigger.py for tasks to queue
[2022-10-03T01:36:30.495+0000] {logging_mixin.py:115} INFO - [2022-10-03T01:36:30.494+0000] {dagbag.py:508} INFO - Filling up the DagBag from /home/airflow/.local/lib/python3.7/site-packages/airflow/example_dags/example_latest_only_with_trigger.py
[2022-10-03T01:36:30.499+0000] {processor.py:650} INFO - DAG(s) dict_keys(['latest_only_with_trigger']) retrieved from /home/airflow/.local/lib/python3.7/site-packages/airflow/example_dags/example_latest_only_with_trigger.py
[2022-10-03T01:36:30.529+0000] {logging_mixin.py:115} INFO - [2022-10-03T01:36:30.529+0000] {dag.py:2429} INFO - Sync 1 DAGs
[2022-10-03T01:36:30.653+0000] {logging_mixin.py:115} INFO - [2022-10-03T01:36:30.653+0000] {dag.py:2981} INFO - Setting next_dagrun for latest_only_with_trigger to 2022-10-02T21:36:30.653387+00:00, run_after=2022-10-03T01:36:30.653387+00:00
[2022-10-03T01:36:30.667+0000] {processor.py:161} INFO - Processing /home/airflow/.local/lib/python3.7/site-packages/airflow/example_dags/example_latest_only_with_trigger.py took 0.176 seconds
[2022-10-03T01:37:01.182+0000] {processor.py:153} INFO - Started process (PID=856) to work on /home/airflow/.local/lib/python3.7/site-packages/airflow/example_dags/example_latest_only_with_trigger.py
[2022-10-03T01:37:01.183+0000] {processor.py:640} INFO - Processing file /home/airflow/.local/lib/python3.7/site-packages/airflow/example_dags/example_latest_only_with_trigger.py for tasks to queue
[2022-10-03T01:37:01.184+0000] {logging_mixin.py:115} INFO - [2022-10-03T01:37:01.184+0000] {dagbag.py:508} INFO - Filling up the DagBag from /home/airflow/.local/lib/python3.7/site-packages/airflow/example_dags/example_latest_only_with_trigger.py
[2022-10-03T01:37:01.191+0000] {processor.py:650} INFO - DAG(s) dict_keys(['latest_only_with_trigger']) retrieved from /home/airflow/.local/lib/python3.7/site-packages/airflow/example_dags/example_latest_only_with_trigger.py
[2022-10-03T01:37:01.214+0000] {logging_mixin.py:115} INFO - [2022-10-03T01:37:01.214+0000] {dag.py:2429} INFO - Sync 1 DAGs
[2022-10-03T01:37:01.354+0000] {logging_mixin.py:115} INFO - [2022-10-03T01:37:01.354+0000] {dag.py:2981} INFO - Setting next_dagrun for latest_only_with_trigger to 2022-10-02T21:37:01.353871+00:00, run_after=2022-10-03T01:37:01.353871+00:00
[2022-10-03T01:37:01.367+0000] {processor.py:161} INFO - Processing /home/airflow/.local/lib/python3.7/site-packages/airflow/example_dags/example_latest_only_with_trigger.py took 0.188 seconds
[2022-10-03T01:37:31.995+0000] {processor.py:153} INFO - Started process (PID=914) to work on /home/airflow/.local/lib/python3.7/site-packages/airflow/example_dags/example_latest_only_with_trigger.py
[2022-10-03T01:37:31.995+0000] {processor.py:640} INFO - Processing file /home/airflow/.local/lib/python3.7/site-packages/airflow/example_dags/example_latest_only_with_trigger.py for tasks to queue
[2022-10-03T01:37:31.996+0000] {logging_mixin.py:115} INFO - [2022-10-03T01:37:31.996+0000] {dagbag.py:508} INFO - Filling up the DagBag from /home/airflow/.local/lib/python3.7/site-packages/airflow/example_dags/example_latest_only_with_trigger.py
[2022-10-03T01:37:32.002+0000] {processor.py:650} INFO - DAG(s) dict_keys(['latest_only_with_trigger']) retrieved from /home/airflow/.local/lib/python3.7/site-packages/airflow/example_dags/example_latest_only_with_trigger.py
[2022-10-03T01:37:32.035+0000] {logging_mixin.py:115} INFO - [2022-10-03T01:37:32.035+0000] {dag.py:2429} INFO - Sync 1 DAGs
[2022-10-03T01:37:32.165+0000] {logging_mixin.py:115} INFO - [2022-10-03T01:37:32.165+0000] {dag.py:2981} INFO - Setting next_dagrun for latest_only_with_trigger to 2022-10-02T21:37:32.165458+00:00, run_after=2022-10-03T01:37:32.165458+00:00
[2022-10-03T01:37:32.178+0000] {processor.py:161} INFO - Processing /home/airflow/.local/lib/python3.7/site-packages/airflow/example_dags/example_latest_only_with_trigger.py took 0.187 seconds
[2022-10-03T01:38:02.666+0000] {processor.py:153} INFO - Started process (PID=969) to work on /home/airflow/.local/lib/python3.7/site-packages/airflow/example_dags/example_latest_only_with_trigger.py
[2022-10-03T01:38:02.667+0000] {processor.py:640} INFO - Processing file /home/airflow/.local/lib/python3.7/site-packages/airflow/example_dags/example_latest_only_with_trigger.py for tasks to queue
[2022-10-03T01:38:02.668+0000] {logging_mixin.py:115} INFO - [2022-10-03T01:38:02.668+0000] {dagbag.py:508} INFO - Filling up the DagBag from /home/airflow/.local/lib/python3.7/site-packages/airflow/example_dags/example_latest_only_with_trigger.py
[2022-10-03T01:38:02.676+0000] {processor.py:650} INFO - DAG(s) dict_keys(['latest_only_with_trigger']) retrieved from /home/airflow/.local/lib/python3.7/site-packages/airflow/example_dags/example_latest_only_with_trigger.py
[2022-10-03T01:38:02.701+0000] {logging_mixin.py:115} INFO - [2022-10-03T01:38:02.701+0000] {dag.py:2429} INFO - Sync 1 DAGs
[2022-10-03T01:38:02.834+0000] {logging_mixin.py:115} INFO - [2022-10-03T01:38:02.834+0000] {dag.py:2981} INFO - Setting next_dagrun for latest_only_with_trigger to 2022-10-02T21:38:02.833898+00:00, run_after=2022-10-03T01:38:02.833898+00:00
[2022-10-03T01:38:02.847+0000] {processor.py:161} INFO - Processing /home/airflow/.local/lib/python3.7/site-packages/airflow/example_dags/example_latest_only_with_trigger.py took 0.184 seconds
[2022-10-03T01:38:33.378+0000] {processor.py:153} INFO - Started process (PID=1024) to work on /home/airflow/.local/lib/python3.7/site-packages/airflow/example_dags/example_latest_only_with_trigger.py
[2022-10-03T01:38:33.379+0000] {processor.py:640} INFO - Processing file /home/airflow/.local/lib/python3.7/site-packages/airflow/example_dags/example_latest_only_with_trigger.py for tasks to queue
[2022-10-03T01:38:33.380+0000] {logging_mixin.py:115} INFO - [2022-10-03T01:38:33.379+0000] {dagbag.py:508} INFO - Filling up the DagBag from /home/airflow/.local/lib/python3.7/site-packages/airflow/example_dags/example_latest_only_with_trigger.py
[2022-10-03T01:38:33.385+0000] {processor.py:650} INFO - DAG(s) dict_keys(['latest_only_with_trigger']) retrieved from /home/airflow/.local/lib/python3.7/site-packages/airflow/example_dags/example_latest_only_with_trigger.py
[2022-10-03T01:38:33.413+0000] {logging_mixin.py:115} INFO - [2022-10-03T01:38:33.413+0000] {dag.py:2429} INFO - Sync 1 DAGs
[2022-10-03T01:38:33.533+0000] {logging_mixin.py:115} INFO - [2022-10-03T01:38:33.533+0000] {dag.py:2981} INFO - Setting next_dagrun for latest_only_with_trigger to 2022-10-02T21:38:33.533540+00:00, run_after=2022-10-03T01:38:33.533540+00:00
[2022-10-03T01:38:33.547+0000] {processor.py:161} INFO - Processing /home/airflow/.local/lib/python3.7/site-packages/airflow/example_dags/example_latest_only_with_trigger.py took 0.173 seconds
[2022-10-03T01:39:04.136+0000] {processor.py:153} INFO - Started process (PID=1079) to work on /home/airflow/.local/lib/python3.7/site-packages/airflow/example_dags/example_latest_only_with_trigger.py
[2022-10-03T01:39:04.137+0000] {processor.py:640} INFO - Processing file /home/airflow/.local/lib/python3.7/site-packages/airflow/example_dags/example_latest_only_with_trigger.py for tasks to queue
[2022-10-03T01:39:04.138+0000] {logging_mixin.py:115} INFO - [2022-10-03T01:39:04.137+0000] {dagbag.py:508} INFO - Filling up the DagBag from /home/airflow/.local/lib/python3.7/site-packages/airflow/example_dags/example_latest_only_with_trigger.py
[2022-10-03T01:39:04.142+0000] {processor.py:650} INFO - DAG(s) dict_keys(['latest_only_with_trigger']) retrieved from /home/airflow/.local/lib/python3.7/site-packages/airflow/example_dags/example_latest_only_with_trigger.py
[2022-10-03T01:39:04.169+0000] {logging_mixin.py:115} INFO - [2022-10-03T01:39:04.169+0000] {dag.py:2429} INFO - Sync 1 DAGs
[2022-10-03T01:39:04.296+0000] {logging_mixin.py:115} INFO - [2022-10-03T01:39:04.296+0000] {dag.py:2981} INFO - Setting next_dagrun for latest_only_with_trigger to 2022-10-02T21:39:04.296632+00:00, run_after=2022-10-03T01:39:04.296632+00:00
[2022-10-03T01:39:04.309+0000] {processor.py:161} INFO - Processing /home/airflow/.local/lib/python3.7/site-packages/airflow/example_dags/example_latest_only_with_trigger.py took 0.176 seconds
[2022-10-03T01:39:34.825+0000] {processor.py:153} INFO - Started process (PID=1134) to work on /home/airflow/.local/lib/python3.7/site-packages/airflow/example_dags/example_latest_only_with_trigger.py
[2022-10-03T01:39:34.826+0000] {processor.py:640} INFO - Processing file /home/airflow/.local/lib/python3.7/site-packages/airflow/example_dags/example_latest_only_with_trigger.py for tasks to queue
[2022-10-03T01:39:34.827+0000] {logging_mixin.py:115} INFO - [2022-10-03T01:39:34.827+0000] {dagbag.py:508} INFO - Filling up the DagBag from /home/airflow/.local/lib/python3.7/site-packages/airflow/example_dags/example_latest_only_with_trigger.py
[2022-10-03T01:39:34.831+0000] {processor.py:650} INFO - DAG(s) dict_keys(['latest_only_with_trigger']) retrieved from /home/airflow/.local/lib/python3.7/site-packages/airflow/example_dags/example_latest_only_with_trigger.py
[2022-10-03T01:39:34.858+0000] {logging_mixin.py:115} INFO - [2022-10-03T01:39:34.858+0000] {dag.py:2429} INFO - Sync 1 DAGs
[2022-10-03T01:39:34.976+0000] {logging_mixin.py:115} INFO - [2022-10-03T01:39:34.976+0000] {dag.py:2981} INFO - Setting next_dagrun for latest_only_with_trigger to 2022-10-02T21:39:34.975980+00:00, run_after=2022-10-03T01:39:34.975980+00:00
[2022-10-03T01:39:34.988+0000] {processor.py:161} INFO - Processing /home/airflow/.local/lib/python3.7/site-packages/airflow/example_dags/example_latest_only_with_trigger.py took 0.166 seconds
[2022-10-03T01:40:05.432+0000] {processor.py:153} INFO - Started process (PID=1189) to work on /home/airflow/.local/lib/python3.7/site-packages/airflow/example_dags/example_latest_only_with_trigger.py
[2022-10-03T01:40:05.433+0000] {processor.py:640} INFO - Processing file /home/airflow/.local/lib/python3.7/site-packages/airflow/example_dags/example_latest_only_with_trigger.py for tasks to queue
[2022-10-03T01:40:05.434+0000] {logging_mixin.py:115} INFO - [2022-10-03T01:40:05.433+0000] {dagbag.py:508} INFO - Filling up the DagBag from /home/airflow/.local/lib/python3.7/site-packages/airflow/example_dags/example_latest_only_with_trigger.py
[2022-10-03T01:40:05.440+0000] {processor.py:650} INFO - DAG(s) dict_keys(['latest_only_with_trigger']) retrieved from /home/airflow/.local/lib/python3.7/site-packages/airflow/example_dags/example_latest_only_with_trigger.py
[2022-10-03T01:40:05.467+0000] {logging_mixin.py:115} INFO - [2022-10-03T01:40:05.467+0000] {dag.py:2429} INFO - Sync 1 DAGs
[2022-10-03T01:40:05.587+0000] {logging_mixin.py:115} INFO - [2022-10-03T01:40:05.587+0000] {dag.py:2981} INFO - Setting next_dagrun for latest_only_with_trigger to 2022-10-02T21:40:05.587489+00:00, run_after=2022-10-03T01:40:05.587489+00:00
[2022-10-03T01:40:05.602+0000] {processor.py:161} INFO - Processing /home/airflow/.local/lib/python3.7/site-packages/airflow/example_dags/example_latest_only_with_trigger.py took 0.173 seconds
[2022-10-03T01:40:36.389+0000] {processor.py:153} INFO - Started process (PID=1244) to work on /home/airflow/.local/lib/python3.7/site-packages/airflow/example_dags/example_latest_only_with_trigger.py
[2022-10-03T01:40:36.390+0000] {processor.py:640} INFO - Processing file /home/airflow/.local/lib/python3.7/site-packages/airflow/example_dags/example_latest_only_with_trigger.py for tasks to queue
[2022-10-03T01:40:36.391+0000] {logging_mixin.py:115} INFO - [2022-10-03T01:40:36.391+0000] {dagbag.py:508} INFO - Filling up the DagBag from /home/airflow/.local/lib/python3.7/site-packages/airflow/example_dags/example_latest_only_with_trigger.py
[2022-10-03T01:40:36.396+0000] {processor.py:650} INFO - DAG(s) dict_keys(['latest_only_with_trigger']) retrieved from /home/airflow/.local/lib/python3.7/site-packages/airflow/example_dags/example_latest_only_with_trigger.py
[2022-10-03T01:40:36.422+0000] {logging_mixin.py:115} INFO - [2022-10-03T01:40:36.422+0000] {dag.py:2429} INFO - Sync 1 DAGs
[2022-10-03T01:40:36.555+0000] {logging_mixin.py:115} INFO - [2022-10-03T01:40:36.554+0000] {dag.py:2981} INFO - Setting next_dagrun for latest_only_with_trigger to 2022-10-02T21:40:36.554800+00:00, run_after=2022-10-03T01:40:36.554800+00:00
[2022-10-03T01:40:36.570+0000] {processor.py:161} INFO - Processing /home/airflow/.local/lib/python3.7/site-packages/airflow/example_dags/example_latest_only_with_trigger.py took 0.184 seconds
[2022-10-03T01:41:07.280+0000] {processor.py:153} INFO - Started process (PID=1299) to work on /home/airflow/.local/lib/python3.7/site-packages/airflow/example_dags/example_latest_only_with_trigger.py
[2022-10-03T01:41:07.281+0000] {processor.py:640} INFO - Processing file /home/airflow/.local/lib/python3.7/site-packages/airflow/example_dags/example_latest_only_with_trigger.py for tasks to queue
[2022-10-03T01:41:07.282+0000] {logging_mixin.py:115} INFO - [2022-10-03T01:41:07.282+0000] {dagbag.py:508} INFO - Filling up the DagBag from /home/airflow/.local/lib/python3.7/site-packages/airflow/example_dags/example_latest_only_with_trigger.py
[2022-10-03T01:41:07.287+0000] {processor.py:650} INFO - DAG(s) dict_keys(['latest_only_with_trigger']) retrieved from /home/airflow/.local/lib/python3.7/site-packages/airflow/example_dags/example_latest_only_with_trigger.py
[2022-10-03T01:41:07.315+0000] {logging_mixin.py:115} INFO - [2022-10-03T01:41:07.314+0000] {dag.py:2429} INFO - Sync 1 DAGs
[2022-10-03T01:41:07.440+0000] {logging_mixin.py:115} INFO - [2022-10-03T01:41:07.439+0000] {dag.py:2981} INFO - Setting next_dagrun for latest_only_with_trigger to 2022-10-02T21:41:07.439819+00:00, run_after=2022-10-03T01:41:07.439819+00:00
[2022-10-03T01:41:07.454+0000] {processor.py:161} INFO - Processing /home/airflow/.local/lib/python3.7/site-packages/airflow/example_dags/example_latest_only_with_trigger.py took 0.177 seconds
[2022-10-03T01:41:38.195+0000] {processor.py:153} INFO - Started process (PID=1355) to work on /home/airflow/.local/lib/python3.7/site-packages/airflow/example_dags/example_latest_only_with_trigger.py
[2022-10-03T01:41:38.196+0000] {processor.py:640} INFO - Processing file /home/airflow/.local/lib/python3.7/site-packages/airflow/example_dags/example_latest_only_with_trigger.py for tasks to queue
[2022-10-03T01:41:38.197+0000] {logging_mixin.py:115} INFO - [2022-10-03T01:41:38.197+0000] {dagbag.py:508} INFO - Filling up the DagBag from /home/airflow/.local/lib/python3.7/site-packages/airflow/example_dags/example_latest_only_with_trigger.py
[2022-10-03T01:41:38.201+0000] {processor.py:650} INFO - DAG(s) dict_keys(['latest_only_with_trigger']) retrieved from /home/airflow/.local/lib/python3.7/site-packages/airflow/example_dags/example_latest_only_with_trigger.py
[2022-10-03T01:41:38.232+0000] {logging_mixin.py:115} INFO - [2022-10-03T01:41:38.232+0000] {dag.py:2429} INFO - Sync 1 DAGs
[2022-10-03T01:41:38.348+0000] {logging_mixin.py:115} INFO - [2022-10-03T01:41:38.348+0000] {dag.py:2981} INFO - Setting next_dagrun for latest_only_with_trigger to 2022-10-02T21:41:38.348358+00:00, run_after=2022-10-03T01:41:38.348358+00:00
[2022-10-03T01:41:38.362+0000] {processor.py:161} INFO - Processing /home/airflow/.local/lib/python3.7/site-packages/airflow/example_dags/example_latest_only_with_trigger.py took 0.169 seconds
[2022-10-03T01:42:09.002+0000] {processor.py:153} INFO - Started process (PID=1410) to work on /home/airflow/.local/lib/python3.7/site-packages/airflow/example_dags/example_latest_only_with_trigger.py
[2022-10-03T01:42:09.003+0000] {processor.py:640} INFO - Processing file /home/airflow/.local/lib/python3.7/site-packages/airflow/example_dags/example_latest_only_with_trigger.py for tasks to queue
[2022-10-03T01:42:09.004+0000] {logging_mixin.py:115} INFO - [2022-10-03T01:42:09.004+0000] {dagbag.py:508} INFO - Filling up the DagBag from /home/airflow/.local/lib/python3.7/site-packages/airflow/example_dags/example_latest_only_with_trigger.py
[2022-10-03T01:42:09.011+0000] {processor.py:650} INFO - DAG(s) dict_keys(['latest_only_with_trigger']) retrieved from /home/airflow/.local/lib/python3.7/site-packages/airflow/example_dags/example_latest_only_with_trigger.py
[2022-10-03T01:42:09.043+0000] {logging_mixin.py:115} INFO - [2022-10-03T01:42:09.042+0000] {dag.py:2429} INFO - Sync 1 DAGs
[2022-10-03T01:42:09.170+0000] {logging_mixin.py:115} INFO - [2022-10-03T01:42:09.170+0000] {dag.py:2981} INFO - Setting next_dagrun for latest_only_with_trigger to 2022-10-02T21:42:09.170175+00:00, run_after=2022-10-03T01:42:09.170175+00:00
[2022-10-03T01:42:09.185+0000] {processor.py:161} INFO - Processing /home/airflow/.local/lib/python3.7/site-packages/airflow/example_dags/example_latest_only_with_trigger.py took 0.186 seconds
[2022-10-03T01:42:39.624+0000] {processor.py:153} INFO - Started process (PID=1465) to work on /home/airflow/.local/lib/python3.7/site-packages/airflow/example_dags/example_latest_only_with_trigger.py
[2022-10-03T01:42:39.625+0000] {processor.py:640} INFO - Processing file /home/airflow/.local/lib/python3.7/site-packages/airflow/example_dags/example_latest_only_with_trigger.py for tasks to queue
[2022-10-03T01:42:39.626+0000] {logging_mixin.py:115} INFO - [2022-10-03T01:42:39.626+0000] {dagbag.py:508} INFO - Filling up the DagBag from /home/airflow/.local/lib/python3.7/site-packages/airflow/example_dags/example_latest_only_with_trigger.py
[2022-10-03T01:42:39.632+0000] {processor.py:650} INFO - DAG(s) dict_keys(['latest_only_with_trigger']) retrieved from /home/airflow/.local/lib/python3.7/site-packages/airflow/example_dags/example_latest_only_with_trigger.py
[2022-10-03T01:42:39.657+0000] {logging_mixin.py:115} INFO - [2022-10-03T01:42:39.656+0000] {dag.py:2429} INFO - Sync 1 DAGs
[2022-10-03T01:42:39.789+0000] {logging_mixin.py:115} INFO - [2022-10-03T01:42:39.789+0000] {dag.py:2981} INFO - Setting next_dagrun for latest_only_with_trigger to 2022-10-02T21:42:39.789304+00:00, run_after=2022-10-03T01:42:39.789304+00:00
[2022-10-03T01:42:39.805+0000] {processor.py:161} INFO - Processing /home/airflow/.local/lib/python3.7/site-packages/airflow/example_dags/example_latest_only_with_trigger.py took 0.184 seconds
[2022-10-03T01:43:10.275+0000] {processor.py:153} INFO - Started process (PID=1521) to work on /home/airflow/.local/lib/python3.7/site-packages/airflow/example_dags/example_latest_only_with_trigger.py
[2022-10-03T01:43:10.275+0000] {processor.py:640} INFO - Processing file /home/airflow/.local/lib/python3.7/site-packages/airflow/example_dags/example_latest_only_with_trigger.py for tasks to queue
[2022-10-03T01:43:10.276+0000] {logging_mixin.py:115} INFO - [2022-10-03T01:43:10.276+0000] {dagbag.py:508} INFO - Filling up the DagBag from /home/airflow/.local/lib/python3.7/site-packages/airflow/example_dags/example_latest_only_with_trigger.py
[2022-10-03T01:43:10.282+0000] {processor.py:650} INFO - DAG(s) dict_keys(['latest_only_with_trigger']) retrieved from /home/airflow/.local/lib/python3.7/site-packages/airflow/example_dags/example_latest_only_with_trigger.py
[2022-10-03T01:43:10.309+0000] {logging_mixin.py:115} INFO - [2022-10-03T01:43:10.308+0000] {dag.py:2429} INFO - Sync 1 DAGs
[2022-10-03T01:43:10.431+0000] {logging_mixin.py:115} INFO - [2022-10-03T01:43:10.431+0000] {dag.py:2981} INFO - Setting next_dagrun for latest_only_with_trigger to 2022-10-02T21:43:10.431222+00:00, run_after=2022-10-03T01:43:10.431222+00:00
[2022-10-03T01:43:10.445+0000] {processor.py:161} INFO - Processing /home/airflow/.local/lib/python3.7/site-packages/airflow/example_dags/example_latest_only_with_trigger.py took 0.173 seconds
[2022-10-03T01:43:40.796+0000] {processor.py:153} INFO - Started process (PID=1576) to work on /home/airflow/.local/lib/python3.7/site-packages/airflow/example_dags/example_latest_only_with_trigger.py
[2022-10-03T01:43:40.797+0000] {processor.py:640} INFO - Processing file /home/airflow/.local/lib/python3.7/site-packages/airflow/example_dags/example_latest_only_with_trigger.py for tasks to queue
[2022-10-03T01:43:40.798+0000] {logging_mixin.py:115} INFO - [2022-10-03T01:43:40.798+0000] {dagbag.py:508} INFO - Filling up the DagBag from /home/airflow/.local/lib/python3.7/site-packages/airflow/example_dags/example_latest_only_with_trigger.py
[2022-10-03T01:43:40.803+0000] {processor.py:650} INFO - DAG(s) dict_keys(['latest_only_with_trigger']) retrieved from /home/airflow/.local/lib/python3.7/site-packages/airflow/example_dags/example_latest_only_with_trigger.py
[2022-10-03T01:43:40.827+0000] {logging_mixin.py:115} INFO - [2022-10-03T01:43:40.827+0000] {dag.py:2429} INFO - Sync 1 DAGs
[2022-10-03T01:43:40.941+0000] {logging_mixin.py:115} INFO - [2022-10-03T01:43:40.941+0000] {dag.py:2981} INFO - Setting next_dagrun for latest_only_with_trigger to 2022-10-02T21:43:40.941202+00:00, run_after=2022-10-03T01:43:40.941202+00:00
[2022-10-03T01:43:40.956+0000] {processor.py:161} INFO - Processing /home/airflow/.local/lib/python3.7/site-packages/airflow/example_dags/example_latest_only_with_trigger.py took 0.162 seconds
[2022-10-03T01:44:11.629+0000] {processor.py:153} INFO - Started process (PID=1631) to work on /home/airflow/.local/lib/python3.7/site-packages/airflow/example_dags/example_latest_only_with_trigger.py
[2022-10-03T01:44:11.630+0000] {processor.py:640} INFO - Processing file /home/airflow/.local/lib/python3.7/site-packages/airflow/example_dags/example_latest_only_with_trigger.py for tasks to queue
[2022-10-03T01:44:11.631+0000] {logging_mixin.py:115} INFO - [2022-10-03T01:44:11.631+0000] {dagbag.py:508} INFO - Filling up the DagBag from /home/airflow/.local/lib/python3.7/site-packages/airflow/example_dags/example_latest_only_with_trigger.py
[2022-10-03T01:44:11.637+0000] {processor.py:650} INFO - DAG(s) dict_keys(['latest_only_with_trigger']) retrieved from /home/airflow/.local/lib/python3.7/site-packages/airflow/example_dags/example_latest_only_with_trigger.py
[2022-10-03T01:44:11.664+0000] {logging_mixin.py:115} INFO - [2022-10-03T01:44:11.664+0000] {dag.py:2429} INFO - Sync 1 DAGs
[2022-10-03T01:44:11.809+0000] {logging_mixin.py:115} INFO - [2022-10-03T01:44:11.809+0000] {dag.py:2981} INFO - Setting next_dagrun for latest_only_with_trigger to 2022-10-02T21:44:11.809604+00:00, run_after=2022-10-03T01:44:11.809604+00:00
[2022-10-03T01:44:11.825+0000] {processor.py:161} INFO - Processing /home/airflow/.local/lib/python3.7/site-packages/airflow/example_dags/example_latest_only_with_trigger.py took 0.198 seconds
[2022-10-03T01:44:42.461+0000] {processor.py:153} INFO - Started process (PID=1693) to work on /home/airflow/.local/lib/python3.7/site-packages/airflow/example_dags/example_latest_only_with_trigger.py
[2022-10-03T01:44:42.462+0000] {processor.py:640} INFO - Processing file /home/airflow/.local/lib/python3.7/site-packages/airflow/example_dags/example_latest_only_with_trigger.py for tasks to queue
[2022-10-03T01:44:42.463+0000] {logging_mixin.py:115} INFO - [2022-10-03T01:44:42.463+0000] {dagbag.py:508} INFO - Filling up the DagBag from /home/airflow/.local/lib/python3.7/site-packages/airflow/example_dags/example_latest_only_with_trigger.py
[2022-10-03T01:44:42.469+0000] {processor.py:650} INFO - DAG(s) dict_keys(['latest_only_with_trigger']) retrieved from /home/airflow/.local/lib/python3.7/site-packages/airflow/example_dags/example_latest_only_with_trigger.py
[2022-10-03T01:44:42.495+0000] {logging_mixin.py:115} INFO - [2022-10-03T01:44:42.495+0000] {dag.py:2429} INFO - Sync 1 DAGs
[2022-10-03T01:44:42.613+0000] {logging_mixin.py:115} INFO - [2022-10-03T01:44:42.612+0000] {dag.py:2981} INFO - Setting next_dagrun for latest_only_with_trigger to 2022-10-02T21:44:42.612760+00:00, run_after=2022-10-03T01:44:42.612760+00:00
[2022-10-03T01:44:42.627+0000] {processor.py:161} INFO - Processing /home/airflow/.local/lib/python3.7/site-packages/airflow/example_dags/example_latest_only_with_trigger.py took 0.168 seconds
[2022-10-03T01:45:13.286+0000] {processor.py:153} INFO - Started process (PID=1748) to work on /home/airflow/.local/lib/python3.7/site-packages/airflow/example_dags/example_latest_only_with_trigger.py
[2022-10-03T01:45:13.287+0000] {processor.py:640} INFO - Processing file /home/airflow/.local/lib/python3.7/site-packages/airflow/example_dags/example_latest_only_with_trigger.py for tasks to queue
[2022-10-03T01:45:13.288+0000] {logging_mixin.py:115} INFO - [2022-10-03T01:45:13.287+0000] {dagbag.py:508} INFO - Filling up the DagBag from /home/airflow/.local/lib/python3.7/site-packages/airflow/example_dags/example_latest_only_with_trigger.py
[2022-10-03T01:45:13.294+0000] {processor.py:650} INFO - DAG(s) dict_keys(['latest_only_with_trigger']) retrieved from /home/airflow/.local/lib/python3.7/site-packages/airflow/example_dags/example_latest_only_with_trigger.py
[2022-10-03T01:45:13.319+0000] {logging_mixin.py:115} INFO - [2022-10-03T01:45:13.318+0000] {dag.py:2429} INFO - Sync 1 DAGs
[2022-10-03T01:45:13.438+0000] {logging_mixin.py:115} INFO - [2022-10-03T01:45:13.438+0000] {dag.py:2981} INFO - Setting next_dagrun for latest_only_with_trigger to 2022-10-02T21:45:13.437743+00:00, run_after=2022-10-03T01:45:13.437743+00:00
[2022-10-03T01:45:13.451+0000] {processor.py:161} INFO - Processing /home/airflow/.local/lib/python3.7/site-packages/airflow/example_dags/example_latest_only_with_trigger.py took 0.168 seconds
[2022-10-03T01:45:43.986+0000] {processor.py:153} INFO - Started process (PID=1803) to work on /home/airflow/.local/lib/python3.7/site-packages/airflow/example_dags/example_latest_only_with_trigger.py
[2022-10-03T01:45:43.986+0000] {processor.py:640} INFO - Processing file /home/airflow/.local/lib/python3.7/site-packages/airflow/example_dags/example_latest_only_with_trigger.py for tasks to queue
[2022-10-03T01:45:43.987+0000] {logging_mixin.py:115} INFO - [2022-10-03T01:45:43.987+0000] {dagbag.py:508} INFO - Filling up the DagBag from /home/airflow/.local/lib/python3.7/site-packages/airflow/example_dags/example_latest_only_with_trigger.py
[2022-10-03T01:45:43.994+0000] {processor.py:650} INFO - DAG(s) dict_keys(['latest_only_with_trigger']) retrieved from /home/airflow/.local/lib/python3.7/site-packages/airflow/example_dags/example_latest_only_with_trigger.py
[2022-10-03T01:45:44.020+0000] {logging_mixin.py:115} INFO - [2022-10-03T01:45:44.019+0000] {dag.py:2429} INFO - Sync 1 DAGs
[2022-10-03T01:45:44.161+0000] {logging_mixin.py:115} INFO - [2022-10-03T01:45:44.161+0000] {dag.py:2981} INFO - Setting next_dagrun for latest_only_with_trigger to 2022-10-02T21:45:44.160979+00:00, run_after=2022-10-03T01:45:44.160979+00:00
[2022-10-03T01:45:44.176+0000] {processor.py:161} INFO - Processing /home/airflow/.local/lib/python3.7/site-packages/airflow/example_dags/example_latest_only_with_trigger.py took 0.193 seconds
[2022-10-03T01:46:14.653+0000] {processor.py:153} INFO - Started process (PID=1858) to work on /home/airflow/.local/lib/python3.7/site-packages/airflow/example_dags/example_latest_only_with_trigger.py
[2022-10-03T01:46:14.654+0000] {processor.py:640} INFO - Processing file /home/airflow/.local/lib/python3.7/site-packages/airflow/example_dags/example_latest_only_with_trigger.py for tasks to queue
[2022-10-03T01:46:14.655+0000] {logging_mixin.py:115} INFO - [2022-10-03T01:46:14.655+0000] {dagbag.py:508} INFO - Filling up the DagBag from /home/airflow/.local/lib/python3.7/site-packages/airflow/example_dags/example_latest_only_with_trigger.py
[2022-10-03T01:46:14.660+0000] {processor.py:650} INFO - DAG(s) dict_keys(['latest_only_with_trigger']) retrieved from /home/airflow/.local/lib/python3.7/site-packages/airflow/example_dags/example_latest_only_with_trigger.py
[2022-10-03T01:46:14.685+0000] {logging_mixin.py:115} INFO - [2022-10-03T01:46:14.685+0000] {dag.py:2429} INFO - Sync 1 DAGs
[2022-10-03T01:46:14.809+0000] {logging_mixin.py:115} INFO - [2022-10-03T01:46:14.808+0000] {dag.py:2981} INFO - Setting next_dagrun for latest_only_with_trigger to 2022-10-02T21:46:14.808690+00:00, run_after=2022-10-03T01:46:14.808690+00:00
[2022-10-03T01:46:14.822+0000] {processor.py:161} INFO - Processing /home/airflow/.local/lib/python3.7/site-packages/airflow/example_dags/example_latest_only_with_trigger.py took 0.172 seconds
[2022-10-03T01:46:45.555+0000] {processor.py:153} INFO - Started process (PID=1913) to work on /home/airflow/.local/lib/python3.7/site-packages/airflow/example_dags/example_latest_only_with_trigger.py
[2022-10-03T01:46:45.557+0000] {processor.py:640} INFO - Processing file /home/airflow/.local/lib/python3.7/site-packages/airflow/example_dags/example_latest_only_with_trigger.py for tasks to queue
[2022-10-03T01:46:45.558+0000] {logging_mixin.py:115} INFO - [2022-10-03T01:46:45.558+0000] {dagbag.py:508} INFO - Filling up the DagBag from /home/airflow/.local/lib/python3.7/site-packages/airflow/example_dags/example_latest_only_with_trigger.py
[2022-10-03T01:46:45.567+0000] {processor.py:650} INFO - DAG(s) dict_keys(['latest_only_with_trigger']) retrieved from /home/airflow/.local/lib/python3.7/site-packages/airflow/example_dags/example_latest_only_with_trigger.py
[2022-10-03T01:46:45.604+0000] {logging_mixin.py:115} INFO - [2022-10-03T01:46:45.602+0000] {dag.py:2429} INFO - Sync 1 DAGs
[2022-10-03T01:46:45.768+0000] {logging_mixin.py:115} INFO - [2022-10-03T01:46:45.768+0000] {dag.py:2981} INFO - Setting next_dagrun for latest_only_with_trigger to 2022-10-02T21:46:45.767791+00:00, run_after=2022-10-03T01:46:45.767791+00:00
[2022-10-03T01:46:45.785+0000] {processor.py:161} INFO - Processing /home/airflow/.local/lib/python3.7/site-packages/airflow/example_dags/example_latest_only_with_trigger.py took 0.234 seconds
[2022-10-03T01:47:16.375+0000] {processor.py:153} INFO - Started process (PID=1968) to work on /home/airflow/.local/lib/python3.7/site-packages/airflow/example_dags/example_latest_only_with_trigger.py
[2022-10-03T01:47:16.376+0000] {processor.py:640} INFO - Processing file /home/airflow/.local/lib/python3.7/site-packages/airflow/example_dags/example_latest_only_with_trigger.py for tasks to queue
[2022-10-03T01:47:16.377+0000] {logging_mixin.py:115} INFO - [2022-10-03T01:47:16.377+0000] {dagbag.py:508} INFO - Filling up the DagBag from /home/airflow/.local/lib/python3.7/site-packages/airflow/example_dags/example_latest_only_with_trigger.py
[2022-10-03T01:47:16.384+0000] {processor.py:650} INFO - DAG(s) dict_keys(['latest_only_with_trigger']) retrieved from /home/airflow/.local/lib/python3.7/site-packages/airflow/example_dags/example_latest_only_with_trigger.py
[2022-10-03T01:47:16.412+0000] {logging_mixin.py:115} INFO - [2022-10-03T01:47:16.411+0000] {dag.py:2429} INFO - Sync 1 DAGs
[2022-10-03T01:47:16.556+0000] {logging_mixin.py:115} INFO - [2022-10-03T01:47:16.556+0000] {dag.py:2981} INFO - Setting next_dagrun for latest_only_with_trigger to 2022-10-02T21:47:16.555909+00:00, run_after=2022-10-03T01:47:16.555909+00:00
[2022-10-03T01:47:16.569+0000] {processor.py:161} INFO - Processing /home/airflow/.local/lib/python3.7/site-packages/airflow/example_dags/example_latest_only_with_trigger.py took 0.196 seconds
[2022-10-03T01:47:47.203+0000] {processor.py:153} INFO - Started process (PID=2023) to work on /home/airflow/.local/lib/python3.7/site-packages/airflow/example_dags/example_latest_only_with_trigger.py
[2022-10-03T01:47:47.204+0000] {processor.py:640} INFO - Processing file /home/airflow/.local/lib/python3.7/site-packages/airflow/example_dags/example_latest_only_with_trigger.py for tasks to queue
[2022-10-03T01:47:47.205+0000] {logging_mixin.py:115} INFO - [2022-10-03T01:47:47.205+0000] {dagbag.py:508} INFO - Filling up the DagBag from /home/airflow/.local/lib/python3.7/site-packages/airflow/example_dags/example_latest_only_with_trigger.py
[2022-10-03T01:47:47.212+0000] {processor.py:650} INFO - DAG(s) dict_keys(['latest_only_with_trigger']) retrieved from /home/airflow/.local/lib/python3.7/site-packages/airflow/example_dags/example_latest_only_with_trigger.py
[2022-10-03T01:47:47.239+0000] {logging_mixin.py:115} INFO - [2022-10-03T01:47:47.239+0000] {dag.py:2429} INFO - Sync 1 DAGs
[2022-10-03T01:47:47.364+0000] {logging_mixin.py:115} INFO - [2022-10-03T01:47:47.364+0000] {dag.py:2981} INFO - Setting next_dagrun for latest_only_with_trigger to 2022-10-02T21:47:47.363772+00:00, run_after=2022-10-03T01:47:47.363772+00:00
[2022-10-03T01:47:47.377+0000] {processor.py:161} INFO - Processing /home/airflow/.local/lib/python3.7/site-packages/airflow/example_dags/example_latest_only_with_trigger.py took 0.176 seconds
[2022-10-03T01:48:18.032+0000] {processor.py:153} INFO - Started process (PID=2078) to work on /home/airflow/.local/lib/python3.7/site-packages/airflow/example_dags/example_latest_only_with_trigger.py
[2022-10-03T01:48:18.033+0000] {processor.py:640} INFO - Processing file /home/airflow/.local/lib/python3.7/site-packages/airflow/example_dags/example_latest_only_with_trigger.py for tasks to queue
[2022-10-03T01:48:18.034+0000] {logging_mixin.py:115} INFO - [2022-10-03T01:48:18.034+0000] {dagbag.py:508} INFO - Filling up the DagBag from /home/airflow/.local/lib/python3.7/site-packages/airflow/example_dags/example_latest_only_with_trigger.py
[2022-10-03T01:48:18.040+0000] {processor.py:650} INFO - DAG(s) dict_keys(['latest_only_with_trigger']) retrieved from /home/airflow/.local/lib/python3.7/site-packages/airflow/example_dags/example_latest_only_with_trigger.py
[2022-10-03T01:48:18.064+0000] {logging_mixin.py:115} INFO - [2022-10-03T01:48:18.063+0000] {dag.py:2429} INFO - Sync 1 DAGs
[2022-10-03T01:48:18.183+0000] {logging_mixin.py:115} INFO - [2022-10-03T01:48:18.182+0000] {dag.py:2981} INFO - Setting next_dagrun for latest_only_with_trigger to 2022-10-02T21:48:18.182607+00:00, run_after=2022-10-03T01:48:18.182607+00:00
[2022-10-03T01:48:18.197+0000] {processor.py:161} INFO - Processing /home/airflow/.local/lib/python3.7/site-packages/airflow/example_dags/example_latest_only_with_trigger.py took 0.167 seconds
[2022-10-03T01:48:48.813+0000] {processor.py:153} INFO - Started process (PID=2133) to work on /home/airflow/.local/lib/python3.7/site-packages/airflow/example_dags/example_latest_only_with_trigger.py
[2022-10-03T01:48:48.814+0000] {processor.py:640} INFO - Processing file /home/airflow/.local/lib/python3.7/site-packages/airflow/example_dags/example_latest_only_with_trigger.py for tasks to queue
[2022-10-03T01:48:48.815+0000] {logging_mixin.py:115} INFO - [2022-10-03T01:48:48.815+0000] {dagbag.py:508} INFO - Filling up the DagBag from /home/airflow/.local/lib/python3.7/site-packages/airflow/example_dags/example_latest_only_with_trigger.py
[2022-10-03T01:48:48.819+0000] {processor.py:650} INFO - DAG(s) dict_keys(['latest_only_with_trigger']) retrieved from /home/airflow/.local/lib/python3.7/site-packages/airflow/example_dags/example_latest_only_with_trigger.py
[2022-10-03T01:48:48.850+0000] {logging_mixin.py:115} INFO - [2022-10-03T01:48:48.850+0000] {dag.py:2429} INFO - Sync 1 DAGs
[2022-10-03T01:48:48.980+0000] {logging_mixin.py:115} INFO - [2022-10-03T01:48:48.980+0000] {dag.py:2981} INFO - Setting next_dagrun for latest_only_with_trigger to 2022-10-02T21:48:48.980569+00:00, run_after=2022-10-03T01:48:48.980569+00:00
[2022-10-03T01:48:48.994+0000] {processor.py:161} INFO - Processing /home/airflow/.local/lib/python3.7/site-packages/airflow/example_dags/example_latest_only_with_trigger.py took 0.183 seconds
[2022-10-03T01:49:19.596+0000] {processor.py:153} INFO - Started process (PID=2188) to work on /home/airflow/.local/lib/python3.7/site-packages/airflow/example_dags/example_latest_only_with_trigger.py
[2022-10-03T01:49:19.597+0000] {processor.py:640} INFO - Processing file /home/airflow/.local/lib/python3.7/site-packages/airflow/example_dags/example_latest_only_with_trigger.py for tasks to queue
[2022-10-03T01:49:19.598+0000] {logging_mixin.py:115} INFO - [2022-10-03T01:49:19.598+0000] {dagbag.py:508} INFO - Filling up the DagBag from /home/airflow/.local/lib/python3.7/site-packages/airflow/example_dags/example_latest_only_with_trigger.py
[2022-10-03T01:49:19.603+0000] {processor.py:650} INFO - DAG(s) dict_keys(['latest_only_with_trigger']) retrieved from /home/airflow/.local/lib/python3.7/site-packages/airflow/example_dags/example_latest_only_with_trigger.py
[2022-10-03T01:49:19.633+0000] {logging_mixin.py:115} INFO - [2022-10-03T01:49:19.633+0000] {dag.py:2429} INFO - Sync 1 DAGs
[2022-10-03T01:49:19.764+0000] {logging_mixin.py:115} INFO - [2022-10-03T01:49:19.763+0000] {dag.py:2981} INFO - Setting next_dagrun for latest_only_with_trigger to 2022-10-02T21:49:19.763679+00:00, run_after=2022-10-03T01:49:19.763679+00:00
[2022-10-03T01:49:19.781+0000] {processor.py:161} INFO - Processing /home/airflow/.local/lib/python3.7/site-packages/airflow/example_dags/example_latest_only_with_trigger.py took 0.188 seconds
[2022-10-03T01:52:34.014+0000] {processor.py:153} INFO - Started process (PID=79) to work on /home/airflow/.local/lib/python3.7/site-packages/airflow/example_dags/example_latest_only_with_trigger.py
[2022-10-03T01:52:34.015+0000] {processor.py:640} INFO - Processing file /home/airflow/.local/lib/python3.7/site-packages/airflow/example_dags/example_latest_only_with_trigger.py for tasks to queue
[2022-10-03T01:52:34.016+0000] {logging_mixin.py:115} INFO - [2022-10-03T01:52:34.016+0000] {dagbag.py:508} INFO - Filling up the DagBag from /home/airflow/.local/lib/python3.7/site-packages/airflow/example_dags/example_latest_only_with_trigger.py
[2022-10-03T01:52:34.023+0000] {processor.py:650} INFO - DAG(s) dict_keys(['latest_only_with_trigger']) retrieved from /home/airflow/.local/lib/python3.7/site-packages/airflow/example_dags/example_latest_only_with_trigger.py
[2022-10-03T01:52:34.051+0000] {logging_mixin.py:115} INFO - [2022-10-03T01:52:34.051+0000] {dag.py:2429} INFO - Sync 1 DAGs
[2022-10-03T01:52:34.199+0000] {logging_mixin.py:115} INFO - [2022-10-03T01:52:34.199+0000] {dag.py:2981} INFO - Setting next_dagrun for latest_only_with_trigger to 2022-10-02T21:52:34.199094+00:00, run_after=2022-10-03T01:52:34.199094+00:00
[2022-10-03T01:52:34.224+0000] {processor.py:161} INFO - Processing /home/airflow/.local/lib/python3.7/site-packages/airflow/example_dags/example_latest_only_with_trigger.py took 0.213 seconds
[2022-10-03T01:53:05.228+0000] {processor.py:153} INFO - Started process (PID=135) to work on /home/airflow/.local/lib/python3.7/site-packages/airflow/example_dags/example_latest_only_with_trigger.py
[2022-10-03T01:53:05.229+0000] {processor.py:640} INFO - Processing file /home/airflow/.local/lib/python3.7/site-packages/airflow/example_dags/example_latest_only_with_trigger.py for tasks to queue
[2022-10-03T01:53:05.230+0000] {logging_mixin.py:115} INFO - [2022-10-03T01:53:05.230+0000] {dagbag.py:508} INFO - Filling up the DagBag from /home/airflow/.local/lib/python3.7/site-packages/airflow/example_dags/example_latest_only_with_trigger.py
[2022-10-03T01:53:05.235+0000] {processor.py:650} INFO - DAG(s) dict_keys(['latest_only_with_trigger']) retrieved from /home/airflow/.local/lib/python3.7/site-packages/airflow/example_dags/example_latest_only_with_trigger.py
[2022-10-03T01:53:05.260+0000] {logging_mixin.py:115} INFO - [2022-10-03T01:53:05.259+0000] {dag.py:2429} INFO - Sync 1 DAGs
[2022-10-03T01:53:05.383+0000] {logging_mixin.py:115} INFO - [2022-10-03T01:53:05.383+0000] {dag.py:2981} INFO - Setting next_dagrun for latest_only_with_trigger to 2022-10-02T21:53:05.383123+00:00, run_after=2022-10-03T01:53:05.383123+00:00
[2022-10-03T01:53:05.397+0000] {processor.py:161} INFO - Processing /home/airflow/.local/lib/python3.7/site-packages/airflow/example_dags/example_latest_only_with_trigger.py took 0.172 seconds
[2022-10-03T01:53:35.951+0000] {processor.py:153} INFO - Started process (PID=190) to work on /home/airflow/.local/lib/python3.7/site-packages/airflow/example_dags/example_latest_only_with_trigger.py
[2022-10-03T01:53:35.952+0000] {processor.py:640} INFO - Processing file /home/airflow/.local/lib/python3.7/site-packages/airflow/example_dags/example_latest_only_with_trigger.py for tasks to queue
[2022-10-03T01:53:35.953+0000] {logging_mixin.py:115} INFO - [2022-10-03T01:53:35.953+0000] {dagbag.py:508} INFO - Filling up the DagBag from /home/airflow/.local/lib/python3.7/site-packages/airflow/example_dags/example_latest_only_with_trigger.py
[2022-10-03T01:53:35.957+0000] {processor.py:650} INFO - DAG(s) dict_keys(['latest_only_with_trigger']) retrieved from /home/airflow/.local/lib/python3.7/site-packages/airflow/example_dags/example_latest_only_with_trigger.py
[2022-10-03T01:53:35.981+0000] {logging_mixin.py:115} INFO - [2022-10-03T01:53:35.981+0000] {dag.py:2429} INFO - Sync 1 DAGs
[2022-10-03T01:53:36.098+0000] {logging_mixin.py:115} INFO - [2022-10-03T01:53:36.098+0000] {dag.py:2981} INFO - Setting next_dagrun for latest_only_with_trigger to 2022-10-02T21:53:36.098517+00:00, run_after=2022-10-03T01:53:36.098517+00:00
[2022-10-03T01:53:36.111+0000] {processor.py:161} INFO - Processing /home/airflow/.local/lib/python3.7/site-packages/airflow/example_dags/example_latest_only_with_trigger.py took 0.162 seconds
[2022-10-03T01:54:06.852+0000] {processor.py:153} INFO - Started process (PID=245) to work on /home/airflow/.local/lib/python3.7/site-packages/airflow/example_dags/example_latest_only_with_trigger.py
[2022-10-03T01:54:06.853+0000] {processor.py:640} INFO - Processing file /home/airflow/.local/lib/python3.7/site-packages/airflow/example_dags/example_latest_only_with_trigger.py for tasks to queue
[2022-10-03T01:54:06.854+0000] {logging_mixin.py:115} INFO - [2022-10-03T01:54:06.854+0000] {dagbag.py:508} INFO - Filling up the DagBag from /home/airflow/.local/lib/python3.7/site-packages/airflow/example_dags/example_latest_only_with_trigger.py
[2022-10-03T01:54:06.858+0000] {processor.py:650} INFO - DAG(s) dict_keys(['latest_only_with_trigger']) retrieved from /home/airflow/.local/lib/python3.7/site-packages/airflow/example_dags/example_latest_only_with_trigger.py
[2022-10-03T01:54:06.882+0000] {logging_mixin.py:115} INFO - [2022-10-03T01:54:06.882+0000] {dag.py:2429} INFO - Sync 1 DAGs
[2022-10-03T01:54:07.005+0000] {logging_mixin.py:115} INFO - [2022-10-03T01:54:07.005+0000] {dag.py:2981} INFO - Setting next_dagrun for latest_only_with_trigger to 2022-10-02T21:54:07.005518+00:00, run_after=2022-10-03T01:54:07.005518+00:00
[2022-10-03T01:54:07.018+0000] {processor.py:161} INFO - Processing /home/airflow/.local/lib/python3.7/site-packages/airflow/example_dags/example_latest_only_with_trigger.py took 0.168 seconds
[2022-10-03T01:54:38.041+0000] {processor.py:153} INFO - Started process (PID=301) to work on /home/airflow/.local/lib/python3.7/site-packages/airflow/example_dags/example_latest_only_with_trigger.py
[2022-10-03T01:54:38.042+0000] {processor.py:640} INFO - Processing file /home/airflow/.local/lib/python3.7/site-packages/airflow/example_dags/example_latest_only_with_trigger.py for tasks to queue
[2022-10-03T01:54:38.043+0000] {logging_mixin.py:115} INFO - [2022-10-03T01:54:38.043+0000] {dagbag.py:508} INFO - Filling up the DagBag from /home/airflow/.local/lib/python3.7/site-packages/airflow/example_dags/example_latest_only_with_trigger.py
[2022-10-03T01:54:38.049+0000] {processor.py:650} INFO - DAG(s) dict_keys(['latest_only_with_trigger']) retrieved from /home/airflow/.local/lib/python3.7/site-packages/airflow/example_dags/example_latest_only_with_trigger.py
[2022-10-03T01:54:38.075+0000] {logging_mixin.py:115} INFO - [2022-10-03T01:54:38.075+0000] {dag.py:2429} INFO - Sync 1 DAGs
[2022-10-03T01:54:38.212+0000] {logging_mixin.py:115} INFO - [2022-10-03T01:54:38.211+0000] {dag.py:2981} INFO - Setting next_dagrun for latest_only_with_trigger to 2022-10-02T21:54:38.211708+00:00, run_after=2022-10-03T01:54:38.211708+00:00
[2022-10-03T01:54:38.229+0000] {processor.py:161} INFO - Processing /home/airflow/.local/lib/python3.7/site-packages/airflow/example_dags/example_latest_only_with_trigger.py took 0.190 seconds
[2022-10-03T01:55:08.372+0000] {processor.py:153} INFO - Started process (PID=356) to work on /home/airflow/.local/lib/python3.7/site-packages/airflow/example_dags/example_latest_only_with_trigger.py
[2022-10-03T01:55:08.372+0000] {processor.py:640} INFO - Processing file /home/airflow/.local/lib/python3.7/site-packages/airflow/example_dags/example_latest_only_with_trigger.py for tasks to queue
[2022-10-03T01:55:08.373+0000] {logging_mixin.py:115} INFO - [2022-10-03T01:55:08.373+0000] {dagbag.py:508} INFO - Filling up the DagBag from /home/airflow/.local/lib/python3.7/site-packages/airflow/example_dags/example_latest_only_with_trigger.py
[2022-10-03T01:55:08.378+0000] {processor.py:650} INFO - DAG(s) dict_keys(['latest_only_with_trigger']) retrieved from /home/airflow/.local/lib/python3.7/site-packages/airflow/example_dags/example_latest_only_with_trigger.py
[2022-10-03T01:55:08.404+0000] {logging_mixin.py:115} INFO - [2022-10-03T01:55:08.404+0000] {dag.py:2429} INFO - Sync 1 DAGs
[2022-10-03T01:55:08.548+0000] {logging_mixin.py:115} INFO - [2022-10-03T01:55:08.548+0000] {dag.py:2981} INFO - Setting next_dagrun for latest_only_with_trigger to 2022-10-02T21:55:08.547974+00:00, run_after=2022-10-03T01:55:08.547974+00:00
[2022-10-03T01:55:08.563+0000] {processor.py:161} INFO - Processing /home/airflow/.local/lib/python3.7/site-packages/airflow/example_dags/example_latest_only_with_trigger.py took 0.195 seconds
[2022-10-03T01:55:39.034+0000] {processor.py:153} INFO - Started process (PID=411) to work on /home/airflow/.local/lib/python3.7/site-packages/airflow/example_dags/example_latest_only_with_trigger.py
[2022-10-03T01:55:39.035+0000] {processor.py:640} INFO - Processing file /home/airflow/.local/lib/python3.7/site-packages/airflow/example_dags/example_latest_only_with_trigger.py for tasks to queue
[2022-10-03T01:55:39.036+0000] {logging_mixin.py:115} INFO - [2022-10-03T01:55:39.036+0000] {dagbag.py:508} INFO - Filling up the DagBag from /home/airflow/.local/lib/python3.7/site-packages/airflow/example_dags/example_latest_only_with_trigger.py
[2022-10-03T01:55:39.042+0000] {processor.py:650} INFO - DAG(s) dict_keys(['latest_only_with_trigger']) retrieved from /home/airflow/.local/lib/python3.7/site-packages/airflow/example_dags/example_latest_only_with_trigger.py
[2022-10-03T01:55:39.070+0000] {logging_mixin.py:115} INFO - [2022-10-03T01:55:39.070+0000] {dag.py:2429} INFO - Sync 1 DAGs
[2022-10-03T01:55:39.193+0000] {logging_mixin.py:115} INFO - [2022-10-03T01:55:39.193+0000] {dag.py:2981} INFO - Setting next_dagrun for latest_only_with_trigger to 2022-10-02T21:55:39.193459+00:00, run_after=2022-10-03T01:55:39.193459+00:00
[2022-10-03T01:55:39.207+0000] {processor.py:161} INFO - Processing /home/airflow/.local/lib/python3.7/site-packages/airflow/example_dags/example_latest_only_with_trigger.py took 0.176 seconds
[2022-10-03T01:56:09.717+0000] {processor.py:153} INFO - Started process (PID=466) to work on /home/airflow/.local/lib/python3.7/site-packages/airflow/example_dags/example_latest_only_with_trigger.py
[2022-10-03T01:56:09.718+0000] {processor.py:640} INFO - Processing file /home/airflow/.local/lib/python3.7/site-packages/airflow/example_dags/example_latest_only_with_trigger.py for tasks to queue
[2022-10-03T01:56:09.719+0000] {logging_mixin.py:115} INFO - [2022-10-03T01:56:09.719+0000] {dagbag.py:508} INFO - Filling up the DagBag from /home/airflow/.local/lib/python3.7/site-packages/airflow/example_dags/example_latest_only_with_trigger.py
[2022-10-03T01:56:09.724+0000] {processor.py:650} INFO - DAG(s) dict_keys(['latest_only_with_trigger']) retrieved from /home/airflow/.local/lib/python3.7/site-packages/airflow/example_dags/example_latest_only_with_trigger.py
[2022-10-03T01:56:09.749+0000] {logging_mixin.py:115} INFO - [2022-10-03T01:56:09.749+0000] {dag.py:2429} INFO - Sync 1 DAGs
[2022-10-03T01:56:09.874+0000] {logging_mixin.py:115} INFO - [2022-10-03T01:56:09.874+0000] {dag.py:2981} INFO - Setting next_dagrun for latest_only_with_trigger to 2022-10-02T21:56:09.874557+00:00, run_after=2022-10-03T01:56:09.874557+00:00
[2022-10-03T01:56:09.888+0000] {processor.py:161} INFO - Processing /home/airflow/.local/lib/python3.7/site-packages/airflow/example_dags/example_latest_only_with_trigger.py took 0.173 seconds
[2022-10-03T01:56:40.432+0000] {processor.py:153} INFO - Started process (PID=521) to work on /home/airflow/.local/lib/python3.7/site-packages/airflow/example_dags/example_latest_only_with_trigger.py
[2022-10-03T01:56:40.433+0000] {processor.py:640} INFO - Processing file /home/airflow/.local/lib/python3.7/site-packages/airflow/example_dags/example_latest_only_with_trigger.py for tasks to queue
[2022-10-03T01:56:40.435+0000] {logging_mixin.py:115} INFO - [2022-10-03T01:56:40.434+0000] {dagbag.py:508} INFO - Filling up the DagBag from /home/airflow/.local/lib/python3.7/site-packages/airflow/example_dags/example_latest_only_with_trigger.py
[2022-10-03T01:56:40.441+0000] {processor.py:650} INFO - DAG(s) dict_keys(['latest_only_with_trigger']) retrieved from /home/airflow/.local/lib/python3.7/site-packages/airflow/example_dags/example_latest_only_with_trigger.py
[2022-10-03T01:56:40.469+0000] {logging_mixin.py:115} INFO - [2022-10-03T01:56:40.468+0000] {dag.py:2429} INFO - Sync 1 DAGs
[2022-10-03T01:56:40.595+0000] {logging_mixin.py:115} INFO - [2022-10-03T01:56:40.595+0000] {dag.py:2981} INFO - Setting next_dagrun for latest_only_with_trigger to 2022-10-02T21:56:40.595116+00:00, run_after=2022-10-03T01:56:40.595116+00:00
[2022-10-03T01:56:40.608+0000] {processor.py:161} INFO - Processing /home/airflow/.local/lib/python3.7/site-packages/airflow/example_dags/example_latest_only_with_trigger.py took 0.179 seconds
[2022-10-03T01:57:10.906+0000] {processor.py:153} INFO - Started process (PID=576) to work on /home/airflow/.local/lib/python3.7/site-packages/airflow/example_dags/example_latest_only_with_trigger.py
[2022-10-03T01:57:10.906+0000] {processor.py:640} INFO - Processing file /home/airflow/.local/lib/python3.7/site-packages/airflow/example_dags/example_latest_only_with_trigger.py for tasks to queue
[2022-10-03T01:57:10.907+0000] {logging_mixin.py:115} INFO - [2022-10-03T01:57:10.907+0000] {dagbag.py:508} INFO - Filling up the DagBag from /home/airflow/.local/lib/python3.7/site-packages/airflow/example_dags/example_latest_only_with_trigger.py
[2022-10-03T01:57:10.914+0000] {processor.py:650} INFO - DAG(s) dict_keys(['latest_only_with_trigger']) retrieved from /home/airflow/.local/lib/python3.7/site-packages/airflow/example_dags/example_latest_only_with_trigger.py
[2022-10-03T01:57:10.941+0000] {logging_mixin.py:115} INFO - [2022-10-03T01:57:10.941+0000] {dag.py:2429} INFO - Sync 1 DAGs
[2022-10-03T01:57:11.063+0000] {logging_mixin.py:115} INFO - [2022-10-03T01:57:11.063+0000] {dag.py:2981} INFO - Setting next_dagrun for latest_only_with_trigger to 2022-10-02T21:57:11.063244+00:00, run_after=2022-10-03T01:57:11.063244+00:00
[2022-10-03T01:57:11.077+0000] {processor.py:161} INFO - Processing /home/airflow/.local/lib/python3.7/site-packages/airflow/example_dags/example_latest_only_with_trigger.py took 0.174 seconds
[2022-10-03T01:57:41.641+0000] {processor.py:153} INFO - Started process (PID=631) to work on /home/airflow/.local/lib/python3.7/site-packages/airflow/example_dags/example_latest_only_with_trigger.py
[2022-10-03T01:57:41.642+0000] {processor.py:640} INFO - Processing file /home/airflow/.local/lib/python3.7/site-packages/airflow/example_dags/example_latest_only_with_trigger.py for tasks to queue
[2022-10-03T01:57:41.643+0000] {logging_mixin.py:115} INFO - [2022-10-03T01:57:41.643+0000] {dagbag.py:508} INFO - Filling up the DagBag from /home/airflow/.local/lib/python3.7/site-packages/airflow/example_dags/example_latest_only_with_trigger.py
[2022-10-03T01:57:41.647+0000] {processor.py:650} INFO - DAG(s) dict_keys(['latest_only_with_trigger']) retrieved from /home/airflow/.local/lib/python3.7/site-packages/airflow/example_dags/example_latest_only_with_trigger.py
[2022-10-03T01:57:41.675+0000] {logging_mixin.py:115} INFO - [2022-10-03T01:57:41.675+0000] {dag.py:2429} INFO - Sync 1 DAGs
[2022-10-03T01:57:41.794+0000] {logging_mixin.py:115} INFO - [2022-10-03T01:57:41.794+0000] {dag.py:2981} INFO - Setting next_dagrun for latest_only_with_trigger to 2022-10-02T21:57:41.794288+00:00, run_after=2022-10-03T01:57:41.794288+00:00
[2022-10-03T01:57:41.808+0000] {processor.py:161} INFO - Processing /home/airflow/.local/lib/python3.7/site-packages/airflow/example_dags/example_latest_only_with_trigger.py took 0.170 seconds
[2022-10-03T01:58:12.240+0000] {processor.py:153} INFO - Started process (PID=693) to work on /home/airflow/.local/lib/python3.7/site-packages/airflow/example_dags/example_latest_only_with_trigger.py
[2022-10-03T01:58:12.241+0000] {processor.py:640} INFO - Processing file /home/airflow/.local/lib/python3.7/site-packages/airflow/example_dags/example_latest_only_with_trigger.py for tasks to queue
[2022-10-03T01:58:12.242+0000] {logging_mixin.py:115} INFO - [2022-10-03T01:58:12.242+0000] {dagbag.py:508} INFO - Filling up the DagBag from /home/airflow/.local/lib/python3.7/site-packages/airflow/example_dags/example_latest_only_with_trigger.py
[2022-10-03T01:58:12.251+0000] {processor.py:650} INFO - DAG(s) dict_keys(['latest_only_with_trigger']) retrieved from /home/airflow/.local/lib/python3.7/site-packages/airflow/example_dags/example_latest_only_with_trigger.py
[2022-10-03T01:58:12.280+0000] {logging_mixin.py:115} INFO - [2022-10-03T01:58:12.279+0000] {dag.py:2429} INFO - Sync 1 DAGs
[2022-10-03T01:58:12.404+0000] {logging_mixin.py:115} INFO - [2022-10-03T01:58:12.403+0000] {dag.py:2981} INFO - Setting next_dagrun for latest_only_with_trigger to 2022-10-02T21:58:12.403670+00:00, run_after=2022-10-03T01:58:12.403670+00:00
[2022-10-03T01:58:12.427+0000] {processor.py:161} INFO - Processing /home/airflow/.local/lib/python3.7/site-packages/airflow/example_dags/example_latest_only_with_trigger.py took 0.191 seconds
[2022-10-03T01:58:42.612+0000] {processor.py:153} INFO - Started process (PID=748) to work on /home/airflow/.local/lib/python3.7/site-packages/airflow/example_dags/example_latest_only_with_trigger.py
[2022-10-03T01:58:42.613+0000] {processor.py:640} INFO - Processing file /home/airflow/.local/lib/python3.7/site-packages/airflow/example_dags/example_latest_only_with_trigger.py for tasks to queue
[2022-10-03T01:58:42.615+0000] {logging_mixin.py:115} INFO - [2022-10-03T01:58:42.614+0000] {dagbag.py:508} INFO - Filling up the DagBag from /home/airflow/.local/lib/python3.7/site-packages/airflow/example_dags/example_latest_only_with_trigger.py
[2022-10-03T01:58:42.620+0000] {processor.py:650} INFO - DAG(s) dict_keys(['latest_only_with_trigger']) retrieved from /home/airflow/.local/lib/python3.7/site-packages/airflow/example_dags/example_latest_only_with_trigger.py
[2022-10-03T01:58:42.658+0000] {logging_mixin.py:115} INFO - [2022-10-03T01:58:42.658+0000] {dag.py:2429} INFO - Sync 1 DAGs
[2022-10-03T01:58:42.786+0000] {logging_mixin.py:115} INFO - [2022-10-03T01:58:42.785+0000] {dag.py:2981} INFO - Setting next_dagrun for latest_only_with_trigger to 2022-10-02T21:58:42.785716+00:00, run_after=2022-10-03T01:58:42.785716+00:00
[2022-10-03T01:58:42.801+0000] {processor.py:161} INFO - Processing /home/airflow/.local/lib/python3.7/site-packages/airflow/example_dags/example_latest_only_with_trigger.py took 0.191 seconds
[2022-10-03T01:59:13.462+0000] {processor.py:153} INFO - Started process (PID=804) to work on /home/airflow/.local/lib/python3.7/site-packages/airflow/example_dags/example_latest_only_with_trigger.py
[2022-10-03T01:59:13.463+0000] {processor.py:640} INFO - Processing file /home/airflow/.local/lib/python3.7/site-packages/airflow/example_dags/example_latest_only_with_trigger.py for tasks to queue
[2022-10-03T01:59:13.464+0000] {logging_mixin.py:115} INFO - [2022-10-03T01:59:13.464+0000] {dagbag.py:508} INFO - Filling up the DagBag from /home/airflow/.local/lib/python3.7/site-packages/airflow/example_dags/example_latest_only_with_trigger.py
[2022-10-03T01:59:13.470+0000] {processor.py:650} INFO - DAG(s) dict_keys(['latest_only_with_trigger']) retrieved from /home/airflow/.local/lib/python3.7/site-packages/airflow/example_dags/example_latest_only_with_trigger.py
[2022-10-03T01:59:13.496+0000] {logging_mixin.py:115} INFO - [2022-10-03T01:59:13.496+0000] {dag.py:2429} INFO - Sync 1 DAGs
[2022-10-03T01:59:13.642+0000] {logging_mixin.py:115} INFO - [2022-10-03T01:59:13.641+0000] {dag.py:2981} INFO - Setting next_dagrun for latest_only_with_trigger to 2022-10-02T21:59:13.641720+00:00, run_after=2022-10-03T01:59:13.641720+00:00
[2022-10-03T01:59:13.655+0000] {processor.py:161} INFO - Processing /home/airflow/.local/lib/python3.7/site-packages/airflow/example_dags/example_latest_only_with_trigger.py took 0.196 seconds
[2022-10-03T01:59:43.992+0000] {processor.py:153} INFO - Started process (PID=859) to work on /home/airflow/.local/lib/python3.7/site-packages/airflow/example_dags/example_latest_only_with_trigger.py
[2022-10-03T01:59:43.993+0000] {processor.py:640} INFO - Processing file /home/airflow/.local/lib/python3.7/site-packages/airflow/example_dags/example_latest_only_with_trigger.py for tasks to queue
[2022-10-03T01:59:43.994+0000] {logging_mixin.py:115} INFO - [2022-10-03T01:59:43.994+0000] {dagbag.py:508} INFO - Filling up the DagBag from /home/airflow/.local/lib/python3.7/site-packages/airflow/example_dags/example_latest_only_with_trigger.py
[2022-10-03T01:59:43.999+0000] {processor.py:650} INFO - DAG(s) dict_keys(['latest_only_with_trigger']) retrieved from /home/airflow/.local/lib/python3.7/site-packages/airflow/example_dags/example_latest_only_with_trigger.py
[2022-10-03T01:59:44.022+0000] {logging_mixin.py:115} INFO - [2022-10-03T01:59:44.022+0000] {dag.py:2429} INFO - Sync 1 DAGs
[2022-10-03T01:59:44.146+0000] {logging_mixin.py:115} INFO - [2022-10-03T01:59:44.146+0000] {dag.py:2981} INFO - Setting next_dagrun for latest_only_with_trigger to 2022-10-02T21:59:44.146535+00:00, run_after=2022-10-03T01:59:44.146535+00:00
[2022-10-03T01:59:44.160+0000] {processor.py:161} INFO - Processing /home/airflow/.local/lib/python3.7/site-packages/airflow/example_dags/example_latest_only_with_trigger.py took 0.171 seconds
