[2022-10-03T01:29:45.221+0000] {processor.py:153} INFO - Started process (PID=45) to work on /home/airflow/.local/lib/python3.7/site-packages/airflow/example_dags/example_short_circuit_operator.py
[2022-10-03T01:29:45.222+0000] {processor.py:640} INFO - Processing file /home/airflow/.local/lib/python3.7/site-packages/airflow/example_dags/example_short_circuit_operator.py for tasks to queue
[2022-10-03T01:29:45.223+0000] {logging_mixin.py:115} INFO - [2022-10-03T01:29:45.223+0000] {dagbag.py:508} INFO - Filling up the DagBag from /home/airflow/.local/lib/python3.7/site-packages/airflow/example_dags/example_short_circuit_operator.py
[2022-10-03T01:29:45.243+0000] {processor.py:650} INFO - DAG(s) dict_keys(['example_short_circuit_operator']) retrieved from /home/airflow/.local/lib/python3.7/site-packages/airflow/example_dags/example_short_circuit_operator.py
[2022-10-03T01:29:45.470+0000] {logging_mixin.py:115} INFO - [2022-10-03T01:29:45.469+0000] {manager.py:508} INFO - Created Permission View: can edit on DAG:example_short_circuit_operator
[2022-10-03T01:29:45.483+0000] {logging_mixin.py:115} INFO - [2022-10-03T01:29:45.483+0000] {manager.py:508} INFO - Created Permission View: can read on DAG:example_short_circuit_operator
[2022-10-03T01:29:45.496+0000] {logging_mixin.py:115} INFO - [2022-10-03T01:29:45.496+0000] {manager.py:508} INFO - Created Permission View: can delete on DAG:example_short_circuit_operator
[2022-10-03T01:29:45.497+0000] {logging_mixin.py:115} INFO - [2022-10-03T01:29:45.497+0000] {dag.py:2429} INFO - Sync 1 DAGs
[2022-10-03T01:29:45.505+0000] {logging_mixin.py:115} INFO - [2022-10-03T01:29:45.505+0000] {dag.py:2448} INFO - Creating ORM DAG for example_short_circuit_operator
[2022-10-03T01:29:45.518+0000] {logging_mixin.py:115} INFO - [2022-10-03T01:29:45.517+0000] {dag.py:2981} INFO - Setting next_dagrun for example_short_circuit_operator to 2022-10-02T01:29:45.517832+00:00, run_after=2022-10-03T01:29:45.517832+00:00
[2022-10-03T01:29:45.534+0000] {processor.py:161} INFO - Processing /home/airflow/.local/lib/python3.7/site-packages/airflow/example_dags/example_short_circuit_operator.py took 0.317 seconds
[2022-10-03T01:30:16.428+0000] {processor.py:153} INFO - Started process (PID=100) to work on /home/airflow/.local/lib/python3.7/site-packages/airflow/example_dags/example_short_circuit_operator.py
[2022-10-03T01:30:16.429+0000] {processor.py:640} INFO - Processing file /home/airflow/.local/lib/python3.7/site-packages/airflow/example_dags/example_short_circuit_operator.py for tasks to queue
[2022-10-03T01:30:16.430+0000] {logging_mixin.py:115} INFO - [2022-10-03T01:30:16.430+0000] {dagbag.py:508} INFO - Filling up the DagBag from /home/airflow/.local/lib/python3.7/site-packages/airflow/example_dags/example_short_circuit_operator.py
[2022-10-03T01:30:16.447+0000] {processor.py:650} INFO - DAG(s) dict_keys(['example_short_circuit_operator']) retrieved from /home/airflow/.local/lib/python3.7/site-packages/airflow/example_dags/example_short_circuit_operator.py
[2022-10-03T01:30:16.504+0000] {logging_mixin.py:115} INFO - [2022-10-03T01:30:16.503+0000] {dag.py:2429} INFO - Sync 1 DAGs
[2022-10-03T01:30:16.685+0000] {logging_mixin.py:115} INFO - [2022-10-03T01:30:16.685+0000] {dag.py:2981} INFO - Setting next_dagrun for example_short_circuit_operator to 2022-10-02T01:30:16.685221+00:00, run_after=2022-10-03T01:30:16.685221+00:00
[2022-10-03T01:30:16.696+0000] {processor.py:161} INFO - Processing /home/airflow/.local/lib/python3.7/site-packages/airflow/example_dags/example_short_circuit_operator.py took 0.271 seconds
[2022-10-03T01:30:47.181+0000] {processor.py:153} INFO - Started process (PID=162) to work on /home/airflow/.local/lib/python3.7/site-packages/airflow/example_dags/example_short_circuit_operator.py
[2022-10-03T01:30:47.181+0000] {processor.py:640} INFO - Processing file /home/airflow/.local/lib/python3.7/site-packages/airflow/example_dags/example_short_circuit_operator.py for tasks to queue
[2022-10-03T01:30:47.182+0000] {logging_mixin.py:115} INFO - [2022-10-03T01:30:47.182+0000] {dagbag.py:508} INFO - Filling up the DagBag from /home/airflow/.local/lib/python3.7/site-packages/airflow/example_dags/example_short_circuit_operator.py
[2022-10-03T01:30:47.191+0000] {processor.py:650} INFO - DAG(s) dict_keys(['example_short_circuit_operator']) retrieved from /home/airflow/.local/lib/python3.7/site-packages/airflow/example_dags/example_short_circuit_operator.py
[2022-10-03T01:30:47.226+0000] {logging_mixin.py:115} INFO - [2022-10-03T01:30:47.226+0000] {dag.py:2429} INFO - Sync 1 DAGs
[2022-10-03T01:30:47.344+0000] {logging_mixin.py:115} INFO - [2022-10-03T01:30:47.344+0000] {dag.py:2981} INFO - Setting next_dagrun for example_short_circuit_operator to 2022-10-02T01:30:47.344540+00:00, run_after=2022-10-03T01:30:47.344540+00:00
[2022-10-03T01:30:47.357+0000] {processor.py:161} INFO - Processing /home/airflow/.local/lib/python3.7/site-packages/airflow/example_dags/example_short_circuit_operator.py took 0.179 seconds
[2022-10-03T01:31:17.821+0000] {processor.py:153} INFO - Started process (PID=217) to work on /home/airflow/.local/lib/python3.7/site-packages/airflow/example_dags/example_short_circuit_operator.py
[2022-10-03T01:31:17.822+0000] {processor.py:640} INFO - Processing file /home/airflow/.local/lib/python3.7/site-packages/airflow/example_dags/example_short_circuit_operator.py for tasks to queue
[2022-10-03T01:31:17.824+0000] {logging_mixin.py:115} INFO - [2022-10-03T01:31:17.823+0000] {dagbag.py:508} INFO - Filling up the DagBag from /home/airflow/.local/lib/python3.7/site-packages/airflow/example_dags/example_short_circuit_operator.py
[2022-10-03T01:31:17.839+0000] {processor.py:650} INFO - DAG(s) dict_keys(['example_short_circuit_operator']) retrieved from /home/airflow/.local/lib/python3.7/site-packages/airflow/example_dags/example_short_circuit_operator.py
[2022-10-03T01:31:17.880+0000] {logging_mixin.py:115} INFO - [2022-10-03T01:31:17.880+0000] {dag.py:2429} INFO - Sync 1 DAGs
[2022-10-03T01:31:18.069+0000] {logging_mixin.py:115} INFO - [2022-10-03T01:31:18.069+0000] {dag.py:2981} INFO - Setting next_dagrun for example_short_circuit_operator to 2022-10-02T01:31:18.069008+00:00, run_after=2022-10-03T01:31:18.069008+00:00
[2022-10-03T01:31:18.084+0000] {processor.py:161} INFO - Processing /home/airflow/.local/lib/python3.7/site-packages/airflow/example_dags/example_short_circuit_operator.py took 0.266 seconds
[2022-10-03T01:31:48.640+0000] {processor.py:153} INFO - Started process (PID=273) to work on /home/airflow/.local/lib/python3.7/site-packages/airflow/example_dags/example_short_circuit_operator.py
[2022-10-03T01:31:48.641+0000] {processor.py:640} INFO - Processing file /home/airflow/.local/lib/python3.7/site-packages/airflow/example_dags/example_short_circuit_operator.py for tasks to queue
[2022-10-03T01:31:48.642+0000] {logging_mixin.py:115} INFO - [2022-10-03T01:31:48.642+0000] {dagbag.py:508} INFO - Filling up the DagBag from /home/airflow/.local/lib/python3.7/site-packages/airflow/example_dags/example_short_circuit_operator.py
[2022-10-03T01:31:48.651+0000] {processor.py:650} INFO - DAG(s) dict_keys(['example_short_circuit_operator']) retrieved from /home/airflow/.local/lib/python3.7/site-packages/airflow/example_dags/example_short_circuit_operator.py
[2022-10-03T01:31:48.683+0000] {logging_mixin.py:115} INFO - [2022-10-03T01:31:48.683+0000] {dag.py:2429} INFO - Sync 1 DAGs
[2022-10-03T01:31:48.827+0000] {logging_mixin.py:115} INFO - [2022-10-03T01:31:48.827+0000] {dag.py:2981} INFO - Setting next_dagrun for example_short_circuit_operator to 2022-10-02T01:31:48.827541+00:00, run_after=2022-10-03T01:31:48.827541+00:00
[2022-10-03T01:31:48.841+0000] {processor.py:161} INFO - Processing /home/airflow/.local/lib/python3.7/site-packages/airflow/example_dags/example_short_circuit_operator.py took 0.204 seconds
[2022-10-03T01:32:19.284+0000] {processor.py:153} INFO - Started process (PID=328) to work on /home/airflow/.local/lib/python3.7/site-packages/airflow/example_dags/example_short_circuit_operator.py
[2022-10-03T01:32:19.285+0000] {processor.py:640} INFO - Processing file /home/airflow/.local/lib/python3.7/site-packages/airflow/example_dags/example_short_circuit_operator.py for tasks to queue
[2022-10-03T01:32:19.286+0000] {logging_mixin.py:115} INFO - [2022-10-03T01:32:19.286+0000] {dagbag.py:508} INFO - Filling up the DagBag from /home/airflow/.local/lib/python3.7/site-packages/airflow/example_dags/example_short_circuit_operator.py
[2022-10-03T01:32:19.297+0000] {processor.py:650} INFO - DAG(s) dict_keys(['example_short_circuit_operator']) retrieved from /home/airflow/.local/lib/python3.7/site-packages/airflow/example_dags/example_short_circuit_operator.py
[2022-10-03T01:32:19.331+0000] {logging_mixin.py:115} INFO - [2022-10-03T01:32:19.330+0000] {dag.py:2429} INFO - Sync 1 DAGs
[2022-10-03T01:32:19.519+0000] {logging_mixin.py:115} INFO - [2022-10-03T01:32:19.518+0000] {dag.py:2981} INFO - Setting next_dagrun for example_short_circuit_operator to 2022-10-02T01:32:19.518714+00:00, run_after=2022-10-03T01:32:19.518714+00:00
[2022-10-03T01:32:19.532+0000] {processor.py:161} INFO - Processing /home/airflow/.local/lib/python3.7/site-packages/airflow/example_dags/example_short_circuit_operator.py took 0.251 seconds
[2022-10-03T01:32:50.167+0000] {processor.py:153} INFO - Started process (PID=383) to work on /home/airflow/.local/lib/python3.7/site-packages/airflow/example_dags/example_short_circuit_operator.py
[2022-10-03T01:32:50.168+0000] {processor.py:640} INFO - Processing file /home/airflow/.local/lib/python3.7/site-packages/airflow/example_dags/example_short_circuit_operator.py for tasks to queue
[2022-10-03T01:32:50.170+0000] {logging_mixin.py:115} INFO - [2022-10-03T01:32:50.170+0000] {dagbag.py:508} INFO - Filling up the DagBag from /home/airflow/.local/lib/python3.7/site-packages/airflow/example_dags/example_short_circuit_operator.py
[2022-10-03T01:32:50.190+0000] {processor.py:650} INFO - DAG(s) dict_keys(['example_short_circuit_operator']) retrieved from /home/airflow/.local/lib/python3.7/site-packages/airflow/example_dags/example_short_circuit_operator.py
[2022-10-03T01:32:50.250+0000] {logging_mixin.py:115} INFO - [2022-10-03T01:32:50.250+0000] {dag.py:2429} INFO - Sync 1 DAGs
[2022-10-03T01:32:50.423+0000] {logging_mixin.py:115} INFO - [2022-10-03T01:32:50.423+0000] {dag.py:2981} INFO - Setting next_dagrun for example_short_circuit_operator to 2022-10-02T01:32:50.422792+00:00, run_after=2022-10-03T01:32:50.422792+00:00
[2022-10-03T01:32:50.439+0000] {processor.py:161} INFO - Processing /home/airflow/.local/lib/python3.7/site-packages/airflow/example_dags/example_short_circuit_operator.py took 0.277 seconds
[2022-10-03T01:33:20.968+0000] {processor.py:153} INFO - Started process (PID=438) to work on /home/airflow/.local/lib/python3.7/site-packages/airflow/example_dags/example_short_circuit_operator.py
[2022-10-03T01:33:20.969+0000] {processor.py:640} INFO - Processing file /home/airflow/.local/lib/python3.7/site-packages/airflow/example_dags/example_short_circuit_operator.py for tasks to queue
[2022-10-03T01:33:20.970+0000] {logging_mixin.py:115} INFO - [2022-10-03T01:33:20.970+0000] {dagbag.py:508} INFO - Filling up the DagBag from /home/airflow/.local/lib/python3.7/site-packages/airflow/example_dags/example_short_circuit_operator.py
[2022-10-03T01:33:20.977+0000] {processor.py:650} INFO - DAG(s) dict_keys(['example_short_circuit_operator']) retrieved from /home/airflow/.local/lib/python3.7/site-packages/airflow/example_dags/example_short_circuit_operator.py
[2022-10-03T01:33:21.012+0000] {logging_mixin.py:115} INFO - [2022-10-03T01:33:21.012+0000] {dag.py:2429} INFO - Sync 1 DAGs
[2022-10-03T01:33:21.131+0000] {logging_mixin.py:115} INFO - [2022-10-03T01:33:21.130+0000] {dag.py:2981} INFO - Setting next_dagrun for example_short_circuit_operator to 2022-10-02T01:33:21.130735+00:00, run_after=2022-10-03T01:33:21.130735+00:00
[2022-10-03T01:33:21.151+0000] {processor.py:161} INFO - Processing /home/airflow/.local/lib/python3.7/site-packages/airflow/example_dags/example_short_circuit_operator.py took 0.185 seconds
[2022-10-03T01:33:51.776+0000] {processor.py:153} INFO - Started process (PID=493) to work on /home/airflow/.local/lib/python3.7/site-packages/airflow/example_dags/example_short_circuit_operator.py
[2022-10-03T01:33:51.777+0000] {processor.py:640} INFO - Processing file /home/airflow/.local/lib/python3.7/site-packages/airflow/example_dags/example_short_circuit_operator.py for tasks to queue
[2022-10-03T01:33:51.778+0000] {logging_mixin.py:115} INFO - [2022-10-03T01:33:51.778+0000] {dagbag.py:508} INFO - Filling up the DagBag from /home/airflow/.local/lib/python3.7/site-packages/airflow/example_dags/example_short_circuit_operator.py
[2022-10-03T01:33:51.787+0000] {processor.py:650} INFO - DAG(s) dict_keys(['example_short_circuit_operator']) retrieved from /home/airflow/.local/lib/python3.7/site-packages/airflow/example_dags/example_short_circuit_operator.py
[2022-10-03T01:33:51.820+0000] {logging_mixin.py:115} INFO - [2022-10-03T01:33:51.820+0000] {dag.py:2429} INFO - Sync 1 DAGs
[2022-10-03T01:33:51.944+0000] {logging_mixin.py:115} INFO - [2022-10-03T01:33:51.944+0000] {dag.py:2981} INFO - Setting next_dagrun for example_short_circuit_operator to 2022-10-02T01:33:51.944388+00:00, run_after=2022-10-03T01:33:51.944388+00:00
[2022-10-03T01:33:51.965+0000] {processor.py:161} INFO - Processing /home/airflow/.local/lib/python3.7/site-packages/airflow/example_dags/example_short_circuit_operator.py took 0.191 seconds
[2022-10-03T01:34:22.498+0000] {processor.py:153} INFO - Started process (PID=548) to work on /home/airflow/.local/lib/python3.7/site-packages/airflow/example_dags/example_short_circuit_operator.py
[2022-10-03T01:34:22.499+0000] {processor.py:640} INFO - Processing file /home/airflow/.local/lib/python3.7/site-packages/airflow/example_dags/example_short_circuit_operator.py for tasks to queue
[2022-10-03T01:34:22.500+0000] {logging_mixin.py:115} INFO - [2022-10-03T01:34:22.500+0000] {dagbag.py:508} INFO - Filling up the DagBag from /home/airflow/.local/lib/python3.7/site-packages/airflow/example_dags/example_short_circuit_operator.py
[2022-10-03T01:34:22.509+0000] {processor.py:650} INFO - DAG(s) dict_keys(['example_short_circuit_operator']) retrieved from /home/airflow/.local/lib/python3.7/site-packages/airflow/example_dags/example_short_circuit_operator.py
[2022-10-03T01:34:22.536+0000] {logging_mixin.py:115} INFO - [2022-10-03T01:34:22.536+0000] {dag.py:2429} INFO - Sync 1 DAGs
[2022-10-03T01:34:22.680+0000] {logging_mixin.py:115} INFO - [2022-10-03T01:34:22.680+0000] {dag.py:2981} INFO - Setting next_dagrun for example_short_circuit_operator to 2022-10-02T01:34:22.679836+00:00, run_after=2022-10-03T01:34:22.679836+00:00
[2022-10-03T01:34:22.694+0000] {processor.py:161} INFO - Processing /home/airflow/.local/lib/python3.7/site-packages/airflow/example_dags/example_short_circuit_operator.py took 0.198 seconds
[2022-10-03T01:34:53.188+0000] {processor.py:153} INFO - Started process (PID=603) to work on /home/airflow/.local/lib/python3.7/site-packages/airflow/example_dags/example_short_circuit_operator.py
[2022-10-03T01:34:53.189+0000] {processor.py:640} INFO - Processing file /home/airflow/.local/lib/python3.7/site-packages/airflow/example_dags/example_short_circuit_operator.py for tasks to queue
[2022-10-03T01:34:53.190+0000] {logging_mixin.py:115} INFO - [2022-10-03T01:34:53.190+0000] {dagbag.py:508} INFO - Filling up the DagBag from /home/airflow/.local/lib/python3.7/site-packages/airflow/example_dags/example_short_circuit_operator.py
[2022-10-03T01:34:53.198+0000] {processor.py:650} INFO - DAG(s) dict_keys(['example_short_circuit_operator']) retrieved from /home/airflow/.local/lib/python3.7/site-packages/airflow/example_dags/example_short_circuit_operator.py
[2022-10-03T01:34:53.243+0000] {logging_mixin.py:115} INFO - [2022-10-03T01:34:53.242+0000] {dag.py:2429} INFO - Sync 1 DAGs
[2022-10-03T01:34:53.381+0000] {logging_mixin.py:115} INFO - [2022-10-03T01:34:53.381+0000] {dag.py:2981} INFO - Setting next_dagrun for example_short_circuit_operator to 2022-10-02T01:34:53.381112+00:00, run_after=2022-10-03T01:34:53.381112+00:00
[2022-10-03T01:34:53.395+0000] {processor.py:161} INFO - Processing /home/airflow/.local/lib/python3.7/site-packages/airflow/example_dags/example_short_circuit_operator.py took 0.210 seconds
[2022-10-03T01:35:23.898+0000] {processor.py:153} INFO - Started process (PID=658) to work on /home/airflow/.local/lib/python3.7/site-packages/airflow/example_dags/example_short_circuit_operator.py
[2022-10-03T01:35:23.899+0000] {processor.py:640} INFO - Processing file /home/airflow/.local/lib/python3.7/site-packages/airflow/example_dags/example_short_circuit_operator.py for tasks to queue
[2022-10-03T01:35:23.900+0000] {logging_mixin.py:115} INFO - [2022-10-03T01:35:23.900+0000] {dagbag.py:508} INFO - Filling up the DagBag from /home/airflow/.local/lib/python3.7/site-packages/airflow/example_dags/example_short_circuit_operator.py
[2022-10-03T01:35:23.908+0000] {processor.py:650} INFO - DAG(s) dict_keys(['example_short_circuit_operator']) retrieved from /home/airflow/.local/lib/python3.7/site-packages/airflow/example_dags/example_short_circuit_operator.py
[2022-10-03T01:35:23.941+0000] {logging_mixin.py:115} INFO - [2022-10-03T01:35:23.941+0000] {dag.py:2429} INFO - Sync 1 DAGs
[2022-10-03T01:35:24.069+0000] {logging_mixin.py:115} INFO - [2022-10-03T01:35:24.069+0000] {dag.py:2981} INFO - Setting next_dagrun for example_short_circuit_operator to 2022-10-02T01:35:24.069168+00:00, run_after=2022-10-03T01:35:24.069168+00:00
[2022-10-03T01:35:24.082+0000] {processor.py:161} INFO - Processing /home/airflow/.local/lib/python3.7/site-packages/airflow/example_dags/example_short_circuit_operator.py took 0.187 seconds
[2022-10-03T01:35:54.848+0000] {processor.py:153} INFO - Started process (PID=713) to work on /home/airflow/.local/lib/python3.7/site-packages/airflow/example_dags/example_short_circuit_operator.py
[2022-10-03T01:35:54.848+0000] {processor.py:640} INFO - Processing file /home/airflow/.local/lib/python3.7/site-packages/airflow/example_dags/example_short_circuit_operator.py for tasks to queue
[2022-10-03T01:35:54.849+0000] {logging_mixin.py:115} INFO - [2022-10-03T01:35:54.849+0000] {dagbag.py:508} INFO - Filling up the DagBag from /home/airflow/.local/lib/python3.7/site-packages/airflow/example_dags/example_short_circuit_operator.py
[2022-10-03T01:35:54.856+0000] {processor.py:650} INFO - DAG(s) dict_keys(['example_short_circuit_operator']) retrieved from /home/airflow/.local/lib/python3.7/site-packages/airflow/example_dags/example_short_circuit_operator.py
[2022-10-03T01:35:54.885+0000] {logging_mixin.py:115} INFO - [2022-10-03T01:35:54.884+0000] {dag.py:2429} INFO - Sync 1 DAGs
[2022-10-03T01:35:55.044+0000] {logging_mixin.py:115} INFO - [2022-10-03T01:35:55.043+0000] {dag.py:2981} INFO - Setting next_dagrun for example_short_circuit_operator to 2022-10-02T01:35:55.043775+00:00, run_after=2022-10-03T01:35:55.043775+00:00
[2022-10-03T01:35:55.057+0000] {processor.py:161} INFO - Processing /home/airflow/.local/lib/python3.7/site-packages/airflow/example_dags/example_short_circuit_operator.py took 0.212 seconds
[2022-10-03T01:36:25.538+0000] {processor.py:153} INFO - Started process (PID=768) to work on /home/airflow/.local/lib/python3.7/site-packages/airflow/example_dags/example_short_circuit_operator.py
[2022-10-03T01:36:25.539+0000] {processor.py:640} INFO - Processing file /home/airflow/.local/lib/python3.7/site-packages/airflow/example_dags/example_short_circuit_operator.py for tasks to queue
[2022-10-03T01:36:25.540+0000] {logging_mixin.py:115} INFO - [2022-10-03T01:36:25.540+0000] {dagbag.py:508} INFO - Filling up the DagBag from /home/airflow/.local/lib/python3.7/site-packages/airflow/example_dags/example_short_circuit_operator.py
[2022-10-03T01:36:25.547+0000] {processor.py:650} INFO - DAG(s) dict_keys(['example_short_circuit_operator']) retrieved from /home/airflow/.local/lib/python3.7/site-packages/airflow/example_dags/example_short_circuit_operator.py
[2022-10-03T01:36:25.573+0000] {logging_mixin.py:115} INFO - [2022-10-03T01:36:25.573+0000] {dag.py:2429} INFO - Sync 1 DAGs
[2022-10-03T01:36:25.700+0000] {logging_mixin.py:115} INFO - [2022-10-03T01:36:25.700+0000] {dag.py:2981} INFO - Setting next_dagrun for example_short_circuit_operator to 2022-10-02T01:36:25.700539+00:00, run_after=2022-10-03T01:36:25.700539+00:00
[2022-10-03T01:36:25.720+0000] {processor.py:161} INFO - Processing /home/airflow/.local/lib/python3.7/site-packages/airflow/example_dags/example_short_circuit_operator.py took 0.185 seconds
[2022-10-03T01:36:56.208+0000] {processor.py:153} INFO - Started process (PID=823) to work on /home/airflow/.local/lib/python3.7/site-packages/airflow/example_dags/example_short_circuit_operator.py
[2022-10-03T01:36:56.209+0000] {processor.py:640} INFO - Processing file /home/airflow/.local/lib/python3.7/site-packages/airflow/example_dags/example_short_circuit_operator.py for tasks to queue
[2022-10-03T01:36:56.210+0000] {logging_mixin.py:115} INFO - [2022-10-03T01:36:56.209+0000] {dagbag.py:508} INFO - Filling up the DagBag from /home/airflow/.local/lib/python3.7/site-packages/airflow/example_dags/example_short_circuit_operator.py
[2022-10-03T01:36:56.218+0000] {processor.py:650} INFO - DAG(s) dict_keys(['example_short_circuit_operator']) retrieved from /home/airflow/.local/lib/python3.7/site-packages/airflow/example_dags/example_short_circuit_operator.py
[2022-10-03T01:36:56.245+0000] {logging_mixin.py:115} INFO - [2022-10-03T01:36:56.245+0000] {dag.py:2429} INFO - Sync 1 DAGs
[2022-10-03T01:36:56.372+0000] {logging_mixin.py:115} INFO - [2022-10-03T01:36:56.372+0000] {dag.py:2981} INFO - Setting next_dagrun for example_short_circuit_operator to 2022-10-02T01:36:56.372284+00:00, run_after=2022-10-03T01:36:56.372284+00:00
[2022-10-03T01:36:56.385+0000] {processor.py:161} INFO - Processing /home/airflow/.local/lib/python3.7/site-packages/airflow/example_dags/example_short_circuit_operator.py took 0.180 seconds
[2022-10-03T01:37:26.967+0000] {processor.py:153} INFO - Started process (PID=880) to work on /home/airflow/.local/lib/python3.7/site-packages/airflow/example_dags/example_short_circuit_operator.py
[2022-10-03T01:37:26.968+0000] {processor.py:640} INFO - Processing file /home/airflow/.local/lib/python3.7/site-packages/airflow/example_dags/example_short_circuit_operator.py for tasks to queue
[2022-10-03T01:37:26.969+0000] {logging_mixin.py:115} INFO - [2022-10-03T01:37:26.969+0000] {dagbag.py:508} INFO - Filling up the DagBag from /home/airflow/.local/lib/python3.7/site-packages/airflow/example_dags/example_short_circuit_operator.py
[2022-10-03T01:37:26.978+0000] {processor.py:650} INFO - DAG(s) dict_keys(['example_short_circuit_operator']) retrieved from /home/airflow/.local/lib/python3.7/site-packages/airflow/example_dags/example_short_circuit_operator.py
[2022-10-03T01:37:27.007+0000] {logging_mixin.py:115} INFO - [2022-10-03T01:37:27.007+0000] {dag.py:2429} INFO - Sync 1 DAGs
[2022-10-03T01:37:27.132+0000] {logging_mixin.py:115} INFO - [2022-10-03T01:37:27.132+0000] {dag.py:2981} INFO - Setting next_dagrun for example_short_circuit_operator to 2022-10-02T01:37:27.132000+00:00, run_after=2022-10-03T01:37:27.132000+00:00
[2022-10-03T01:37:27.145+0000] {processor.py:161} INFO - Processing /home/airflow/.local/lib/python3.7/site-packages/airflow/example_dags/example_short_circuit_operator.py took 0.180 seconds
[2022-10-03T01:37:57.728+0000] {processor.py:153} INFO - Started process (PID=936) to work on /home/airflow/.local/lib/python3.7/site-packages/airflow/example_dags/example_short_circuit_operator.py
[2022-10-03T01:37:57.729+0000] {processor.py:640} INFO - Processing file /home/airflow/.local/lib/python3.7/site-packages/airflow/example_dags/example_short_circuit_operator.py for tasks to queue
[2022-10-03T01:37:57.730+0000] {logging_mixin.py:115} INFO - [2022-10-03T01:37:57.730+0000] {dagbag.py:508} INFO - Filling up the DagBag from /home/airflow/.local/lib/python3.7/site-packages/airflow/example_dags/example_short_circuit_operator.py
[2022-10-03T01:37:57.737+0000] {processor.py:650} INFO - DAG(s) dict_keys(['example_short_circuit_operator']) retrieved from /home/airflow/.local/lib/python3.7/site-packages/airflow/example_dags/example_short_circuit_operator.py
[2022-10-03T01:37:57.770+0000] {logging_mixin.py:115} INFO - [2022-10-03T01:37:57.770+0000] {dag.py:2429} INFO - Sync 1 DAGs
[2022-10-03T01:37:57.902+0000] {logging_mixin.py:115} INFO - [2022-10-03T01:37:57.902+0000] {dag.py:2981} INFO - Setting next_dagrun for example_short_circuit_operator to 2022-10-02T01:37:57.901782+00:00, run_after=2022-10-03T01:37:57.901782+00:00
[2022-10-03T01:37:57.922+0000] {processor.py:161} INFO - Processing /home/airflow/.local/lib/python3.7/site-packages/airflow/example_dags/example_short_circuit_operator.py took 0.197 seconds
[2022-10-03T01:38:28.393+0000] {processor.py:153} INFO - Started process (PID=991) to work on /home/airflow/.local/lib/python3.7/site-packages/airflow/example_dags/example_short_circuit_operator.py
[2022-10-03T01:38:28.393+0000] {processor.py:640} INFO - Processing file /home/airflow/.local/lib/python3.7/site-packages/airflow/example_dags/example_short_circuit_operator.py for tasks to queue
[2022-10-03T01:38:28.394+0000] {logging_mixin.py:115} INFO - [2022-10-03T01:38:28.394+0000] {dagbag.py:508} INFO - Filling up the DagBag from /home/airflow/.local/lib/python3.7/site-packages/airflow/example_dags/example_short_circuit_operator.py
[2022-10-03T01:38:28.403+0000] {processor.py:650} INFO - DAG(s) dict_keys(['example_short_circuit_operator']) retrieved from /home/airflow/.local/lib/python3.7/site-packages/airflow/example_dags/example_short_circuit_operator.py
[2022-10-03T01:38:28.432+0000] {logging_mixin.py:115} INFO - [2022-10-03T01:38:28.432+0000] {dag.py:2429} INFO - Sync 1 DAGs
[2022-10-03T01:38:28.587+0000] {logging_mixin.py:115} INFO - [2022-10-03T01:38:28.586+0000] {dag.py:2981} INFO - Setting next_dagrun for example_short_circuit_operator to 2022-10-02T01:38:28.586693+00:00, run_after=2022-10-03T01:38:28.586693+00:00
[2022-10-03T01:38:28.599+0000] {processor.py:161} INFO - Processing /home/airflow/.local/lib/python3.7/site-packages/airflow/example_dags/example_short_circuit_operator.py took 0.209 seconds
[2022-10-03T01:38:59.107+0000] {processor.py:153} INFO - Started process (PID=1046) to work on /home/airflow/.local/lib/python3.7/site-packages/airflow/example_dags/example_short_circuit_operator.py
[2022-10-03T01:38:59.108+0000] {processor.py:640} INFO - Processing file /home/airflow/.local/lib/python3.7/site-packages/airflow/example_dags/example_short_circuit_operator.py for tasks to queue
[2022-10-03T01:38:59.109+0000] {logging_mixin.py:115} INFO - [2022-10-03T01:38:59.109+0000] {dagbag.py:508} INFO - Filling up the DagBag from /home/airflow/.local/lib/python3.7/site-packages/airflow/example_dags/example_short_circuit_operator.py
[2022-10-03T01:38:59.118+0000] {processor.py:650} INFO - DAG(s) dict_keys(['example_short_circuit_operator']) retrieved from /home/airflow/.local/lib/python3.7/site-packages/airflow/example_dags/example_short_circuit_operator.py
[2022-10-03T01:38:59.145+0000] {logging_mixin.py:115} INFO - [2022-10-03T01:38:59.145+0000] {dag.py:2429} INFO - Sync 1 DAGs
[2022-10-03T01:38:59.274+0000] {logging_mixin.py:115} INFO - [2022-10-03T01:38:59.274+0000] {dag.py:2981} INFO - Setting next_dagrun for example_short_circuit_operator to 2022-10-02T01:38:59.274016+00:00, run_after=2022-10-03T01:38:59.274016+00:00
[2022-10-03T01:38:59.295+0000] {processor.py:161} INFO - Processing /home/airflow/.local/lib/python3.7/site-packages/airflow/example_dags/example_short_circuit_operator.py took 0.191 seconds
[2022-10-03T01:39:29.964+0000] {processor.py:153} INFO - Started process (PID=1101) to work on /home/airflow/.local/lib/python3.7/site-packages/airflow/example_dags/example_short_circuit_operator.py
[2022-10-03T01:39:29.965+0000] {processor.py:640} INFO - Processing file /home/airflow/.local/lib/python3.7/site-packages/airflow/example_dags/example_short_circuit_operator.py for tasks to queue
[2022-10-03T01:39:29.966+0000] {logging_mixin.py:115} INFO - [2022-10-03T01:39:29.965+0000] {dagbag.py:508} INFO - Filling up the DagBag from /home/airflow/.local/lib/python3.7/site-packages/airflow/example_dags/example_short_circuit_operator.py
[2022-10-03T01:39:29.975+0000] {processor.py:650} INFO - DAG(s) dict_keys(['example_short_circuit_operator']) retrieved from /home/airflow/.local/lib/python3.7/site-packages/airflow/example_dags/example_short_circuit_operator.py
[2022-10-03T01:39:30.023+0000] {logging_mixin.py:115} INFO - [2022-10-03T01:39:30.023+0000] {dag.py:2429} INFO - Sync 1 DAGs
[2022-10-03T01:39:30.163+0000] {logging_mixin.py:115} INFO - [2022-10-03T01:39:30.163+0000] {dag.py:2981} INFO - Setting next_dagrun for example_short_circuit_operator to 2022-10-02T01:39:30.162973+00:00, run_after=2022-10-03T01:39:30.162973+00:00
[2022-10-03T01:39:30.177+0000] {processor.py:161} INFO - Processing /home/airflow/.local/lib/python3.7/site-packages/airflow/example_dags/example_short_circuit_operator.py took 0.216 seconds
[2022-10-03T01:40:00.513+0000] {processor.py:153} INFO - Started process (PID=1156) to work on /home/airflow/.local/lib/python3.7/site-packages/airflow/example_dags/example_short_circuit_operator.py
[2022-10-03T01:40:00.514+0000] {processor.py:640} INFO - Processing file /home/airflow/.local/lib/python3.7/site-packages/airflow/example_dags/example_short_circuit_operator.py for tasks to queue
[2022-10-03T01:40:00.514+0000] {logging_mixin.py:115} INFO - [2022-10-03T01:40:00.514+0000] {dagbag.py:508} INFO - Filling up the DagBag from /home/airflow/.local/lib/python3.7/site-packages/airflow/example_dags/example_short_circuit_operator.py
[2022-10-03T01:40:00.522+0000] {processor.py:650} INFO - DAG(s) dict_keys(['example_short_circuit_operator']) retrieved from /home/airflow/.local/lib/python3.7/site-packages/airflow/example_dags/example_short_circuit_operator.py
[2022-10-03T01:40:00.559+0000] {logging_mixin.py:115} INFO - [2022-10-03T01:40:00.558+0000] {dag.py:2429} INFO - Sync 1 DAGs
[2022-10-03T01:40:00.682+0000] {logging_mixin.py:115} INFO - [2022-10-03T01:40:00.681+0000] {dag.py:2981} INFO - Setting next_dagrun for example_short_circuit_operator to 2022-10-02T01:40:00.681739+00:00, run_after=2022-10-03T01:40:00.681739+00:00
[2022-10-03T01:40:00.694+0000] {processor.py:161} INFO - Processing /home/airflow/.local/lib/python3.7/site-packages/airflow/example_dags/example_short_circuit_operator.py took 0.183 seconds
[2022-10-03T01:40:31.162+0000] {processor.py:153} INFO - Started process (PID=1218) to work on /home/airflow/.local/lib/python3.7/site-packages/airflow/example_dags/example_short_circuit_operator.py
[2022-10-03T01:40:31.162+0000] {processor.py:640} INFO - Processing file /home/airflow/.local/lib/python3.7/site-packages/airflow/example_dags/example_short_circuit_operator.py for tasks to queue
[2022-10-03T01:40:31.163+0000] {logging_mixin.py:115} INFO - [2022-10-03T01:40:31.163+0000] {dagbag.py:508} INFO - Filling up the DagBag from /home/airflow/.local/lib/python3.7/site-packages/airflow/example_dags/example_short_circuit_operator.py
[2022-10-03T01:40:31.171+0000] {processor.py:650} INFO - DAG(s) dict_keys(['example_short_circuit_operator']) retrieved from /home/airflow/.local/lib/python3.7/site-packages/airflow/example_dags/example_short_circuit_operator.py
[2022-10-03T01:40:31.211+0000] {logging_mixin.py:115} INFO - [2022-10-03T01:40:31.210+0000] {dag.py:2429} INFO - Sync 1 DAGs
[2022-10-03T01:40:31.342+0000] {logging_mixin.py:115} INFO - [2022-10-03T01:40:31.342+0000] {dag.py:2981} INFO - Setting next_dagrun for example_short_circuit_operator to 2022-10-02T01:40:31.342645+00:00, run_after=2022-10-03T01:40:31.342645+00:00
[2022-10-03T01:40:31.355+0000] {processor.py:161} INFO - Processing /home/airflow/.local/lib/python3.7/site-packages/airflow/example_dags/example_short_circuit_operator.py took 0.196 seconds
[2022-10-03T01:41:02.195+0000] {processor.py:153} INFO - Started process (PID=1273) to work on /home/airflow/.local/lib/python3.7/site-packages/airflow/example_dags/example_short_circuit_operator.py
[2022-10-03T01:41:02.196+0000] {processor.py:640} INFO - Processing file /home/airflow/.local/lib/python3.7/site-packages/airflow/example_dags/example_short_circuit_operator.py for tasks to queue
[2022-10-03T01:41:02.197+0000] {logging_mixin.py:115} INFO - [2022-10-03T01:41:02.197+0000] {dagbag.py:508} INFO - Filling up the DagBag from /home/airflow/.local/lib/python3.7/site-packages/airflow/example_dags/example_short_circuit_operator.py
[2022-10-03T01:41:02.205+0000] {processor.py:650} INFO - DAG(s) dict_keys(['example_short_circuit_operator']) retrieved from /home/airflow/.local/lib/python3.7/site-packages/airflow/example_dags/example_short_circuit_operator.py
[2022-10-03T01:41:02.239+0000] {logging_mixin.py:115} INFO - [2022-10-03T01:41:02.238+0000] {dag.py:2429} INFO - Sync 1 DAGs
[2022-10-03T01:41:02.360+0000] {logging_mixin.py:115} INFO - [2022-10-03T01:41:02.360+0000] {dag.py:2981} INFO - Setting next_dagrun for example_short_circuit_operator to 2022-10-02T01:41:02.360418+00:00, run_after=2022-10-03T01:41:02.360418+00:00
[2022-10-03T01:41:02.374+0000] {processor.py:161} INFO - Processing /home/airflow/.local/lib/python3.7/site-packages/airflow/example_dags/example_short_circuit_operator.py took 0.181 seconds
[2022-10-03T01:41:33.009+0000] {processor.py:153} INFO - Started process (PID=1329) to work on /home/airflow/.local/lib/python3.7/site-packages/airflow/example_dags/example_short_circuit_operator.py
[2022-10-03T01:41:33.010+0000] {processor.py:640} INFO - Processing file /home/airflow/.local/lib/python3.7/site-packages/airflow/example_dags/example_short_circuit_operator.py for tasks to queue
[2022-10-03T01:41:33.011+0000] {logging_mixin.py:115} INFO - [2022-10-03T01:41:33.011+0000] {dagbag.py:508} INFO - Filling up the DagBag from /home/airflow/.local/lib/python3.7/site-packages/airflow/example_dags/example_short_circuit_operator.py
[2022-10-03T01:41:33.019+0000] {processor.py:650} INFO - DAG(s) dict_keys(['example_short_circuit_operator']) retrieved from /home/airflow/.local/lib/python3.7/site-packages/airflow/example_dags/example_short_circuit_operator.py
[2022-10-03T01:41:33.057+0000] {logging_mixin.py:115} INFO - [2022-10-03T01:41:33.056+0000] {dag.py:2429} INFO - Sync 1 DAGs
[2022-10-03T01:41:33.182+0000] {logging_mixin.py:115} INFO - [2022-10-03T01:41:33.182+0000] {dag.py:2981} INFO - Setting next_dagrun for example_short_circuit_operator to 2022-10-02T01:41:33.181996+00:00, run_after=2022-10-03T01:41:33.181996+00:00
[2022-10-03T01:41:33.195+0000] {processor.py:161} INFO - Processing /home/airflow/.local/lib/python3.7/site-packages/airflow/example_dags/example_short_circuit_operator.py took 0.189 seconds
[2022-10-03T01:42:03.940+0000] {processor.py:153} INFO - Started process (PID=1384) to work on /home/airflow/.local/lib/python3.7/site-packages/airflow/example_dags/example_short_circuit_operator.py
[2022-10-03T01:42:03.941+0000] {processor.py:640} INFO - Processing file /home/airflow/.local/lib/python3.7/site-packages/airflow/example_dags/example_short_circuit_operator.py for tasks to queue
[2022-10-03T01:42:03.942+0000] {logging_mixin.py:115} INFO - [2022-10-03T01:42:03.941+0000] {dagbag.py:508} INFO - Filling up the DagBag from /home/airflow/.local/lib/python3.7/site-packages/airflow/example_dags/example_short_circuit_operator.py
[2022-10-03T01:42:03.949+0000] {processor.py:650} INFO - DAG(s) dict_keys(['example_short_circuit_operator']) retrieved from /home/airflow/.local/lib/python3.7/site-packages/airflow/example_dags/example_short_circuit_operator.py
[2022-10-03T01:42:03.991+0000] {logging_mixin.py:115} INFO - [2022-10-03T01:42:03.991+0000] {dag.py:2429} INFO - Sync 1 DAGs
[2022-10-03T01:42:04.123+0000] {logging_mixin.py:115} INFO - [2022-10-03T01:42:04.123+0000] {dag.py:2981} INFO - Setting next_dagrun for example_short_circuit_operator to 2022-10-02T01:42:04.123258+00:00, run_after=2022-10-03T01:42:04.123258+00:00
[2022-10-03T01:42:04.136+0000] {processor.py:161} INFO - Processing /home/airflow/.local/lib/python3.7/site-packages/airflow/example_dags/example_short_circuit_operator.py took 0.198 seconds
[2022-10-03T01:42:34.733+0000] {processor.py:153} INFO - Started process (PID=1439) to work on /home/airflow/.local/lib/python3.7/site-packages/airflow/example_dags/example_short_circuit_operator.py
[2022-10-03T01:42:34.733+0000] {processor.py:640} INFO - Processing file /home/airflow/.local/lib/python3.7/site-packages/airflow/example_dags/example_short_circuit_operator.py for tasks to queue
[2022-10-03T01:42:34.734+0000] {logging_mixin.py:115} INFO - [2022-10-03T01:42:34.734+0000] {dagbag.py:508} INFO - Filling up the DagBag from /home/airflow/.local/lib/python3.7/site-packages/airflow/example_dags/example_short_circuit_operator.py
[2022-10-03T01:42:34.743+0000] {processor.py:650} INFO - DAG(s) dict_keys(['example_short_circuit_operator']) retrieved from /home/airflow/.local/lib/python3.7/site-packages/airflow/example_dags/example_short_circuit_operator.py
[2022-10-03T01:42:34.784+0000] {logging_mixin.py:115} INFO - [2022-10-03T01:42:34.784+0000] {dag.py:2429} INFO - Sync 1 DAGs
[2022-10-03T01:42:34.906+0000] {logging_mixin.py:115} INFO - [2022-10-03T01:42:34.906+0000] {dag.py:2981} INFO - Setting next_dagrun for example_short_circuit_operator to 2022-10-02T01:42:34.906147+00:00, run_after=2022-10-03T01:42:34.906147+00:00
[2022-10-03T01:42:34.920+0000] {processor.py:161} INFO - Processing /home/airflow/.local/lib/python3.7/site-packages/airflow/example_dags/example_short_circuit_operator.py took 0.189 seconds
[2022-10-03T01:43:05.422+0000] {processor.py:153} INFO - Started process (PID=1495) to work on /home/airflow/.local/lib/python3.7/site-packages/airflow/example_dags/example_short_circuit_operator.py
[2022-10-03T01:43:05.423+0000] {processor.py:640} INFO - Processing file /home/airflow/.local/lib/python3.7/site-packages/airflow/example_dags/example_short_circuit_operator.py for tasks to queue
[2022-10-03T01:43:05.425+0000] {logging_mixin.py:115} INFO - [2022-10-03T01:43:05.424+0000] {dagbag.py:508} INFO - Filling up the DagBag from /home/airflow/.local/lib/python3.7/site-packages/airflow/example_dags/example_short_circuit_operator.py
[2022-10-03T01:43:05.433+0000] {processor.py:650} INFO - DAG(s) dict_keys(['example_short_circuit_operator']) retrieved from /home/airflow/.local/lib/python3.7/site-packages/airflow/example_dags/example_short_circuit_operator.py
[2022-10-03T01:43:05.467+0000] {logging_mixin.py:115} INFO - [2022-10-03T01:43:05.467+0000] {dag.py:2429} INFO - Sync 1 DAGs
[2022-10-03T01:43:05.584+0000] {logging_mixin.py:115} INFO - [2022-10-03T01:43:05.584+0000] {dag.py:2981} INFO - Setting next_dagrun for example_short_circuit_operator to 2022-10-02T01:43:05.584398+00:00, run_after=2022-10-03T01:43:05.584398+00:00
[2022-10-03T01:43:05.597+0000] {processor.py:161} INFO - Processing /home/airflow/.local/lib/python3.7/site-packages/airflow/example_dags/example_short_circuit_operator.py took 0.177 seconds
[2022-10-03T01:43:36.032+0000] {processor.py:153} INFO - Started process (PID=1550) to work on /home/airflow/.local/lib/python3.7/site-packages/airflow/example_dags/example_short_circuit_operator.py
[2022-10-03T01:43:36.033+0000] {processor.py:640} INFO - Processing file /home/airflow/.local/lib/python3.7/site-packages/airflow/example_dags/example_short_circuit_operator.py for tasks to queue
[2022-10-03T01:43:36.034+0000] {logging_mixin.py:115} INFO - [2022-10-03T01:43:36.034+0000] {dagbag.py:508} INFO - Filling up the DagBag from /home/airflow/.local/lib/python3.7/site-packages/airflow/example_dags/example_short_circuit_operator.py
[2022-10-03T01:43:36.044+0000] {processor.py:650} INFO - DAG(s) dict_keys(['example_short_circuit_operator']) retrieved from /home/airflow/.local/lib/python3.7/site-packages/airflow/example_dags/example_short_circuit_operator.py
[2022-10-03T01:43:36.072+0000] {logging_mixin.py:115} INFO - [2022-10-03T01:43:36.072+0000] {dag.py:2429} INFO - Sync 1 DAGs
[2022-10-03T01:43:36.189+0000] {logging_mixin.py:115} INFO - [2022-10-03T01:43:36.189+0000] {dag.py:2981} INFO - Setting next_dagrun for example_short_circuit_operator to 2022-10-02T01:43:36.189012+00:00, run_after=2022-10-03T01:43:36.189012+00:00
[2022-10-03T01:43:36.212+0000] {processor.py:161} INFO - Processing /home/airflow/.local/lib/python3.7/site-packages/airflow/example_dags/example_short_circuit_operator.py took 0.182 seconds
[2022-10-03T01:44:06.513+0000] {processor.py:153} INFO - Started process (PID=1605) to work on /home/airflow/.local/lib/python3.7/site-packages/airflow/example_dags/example_short_circuit_operator.py
[2022-10-03T01:44:06.514+0000] {processor.py:640} INFO - Processing file /home/airflow/.local/lib/python3.7/site-packages/airflow/example_dags/example_short_circuit_operator.py for tasks to queue
[2022-10-03T01:44:06.515+0000] {logging_mixin.py:115} INFO - [2022-10-03T01:44:06.515+0000] {dagbag.py:508} INFO - Filling up the DagBag from /home/airflow/.local/lib/python3.7/site-packages/airflow/example_dags/example_short_circuit_operator.py
[2022-10-03T01:44:06.526+0000] {processor.py:650} INFO - DAG(s) dict_keys(['example_short_circuit_operator']) retrieved from /home/airflow/.local/lib/python3.7/site-packages/airflow/example_dags/example_short_circuit_operator.py
[2022-10-03T01:44:06.570+0000] {logging_mixin.py:115} INFO - [2022-10-03T01:44:06.570+0000] {dag.py:2429} INFO - Sync 1 DAGs
[2022-10-03T01:44:06.710+0000] {logging_mixin.py:115} INFO - [2022-10-03T01:44:06.710+0000] {dag.py:2981} INFO - Setting next_dagrun for example_short_circuit_operator to 2022-10-02T01:44:06.710398+00:00, run_after=2022-10-03T01:44:06.710398+00:00
[2022-10-03T01:44:06.729+0000] {processor.py:161} INFO - Processing /home/airflow/.local/lib/python3.7/site-packages/airflow/example_dags/example_short_circuit_operator.py took 0.218 seconds
[2022-10-03T01:44:37.383+0000] {processor.py:153} INFO - Started process (PID=1660) to work on /home/airflow/.local/lib/python3.7/site-packages/airflow/example_dags/example_short_circuit_operator.py
[2022-10-03T01:44:37.384+0000] {processor.py:640} INFO - Processing file /home/airflow/.local/lib/python3.7/site-packages/airflow/example_dags/example_short_circuit_operator.py for tasks to queue
[2022-10-03T01:44:37.384+0000] {logging_mixin.py:115} INFO - [2022-10-03T01:44:37.384+0000] {dagbag.py:508} INFO - Filling up the DagBag from /home/airflow/.local/lib/python3.7/site-packages/airflow/example_dags/example_short_circuit_operator.py
[2022-10-03T01:44:37.393+0000] {processor.py:650} INFO - DAG(s) dict_keys(['example_short_circuit_operator']) retrieved from /home/airflow/.local/lib/python3.7/site-packages/airflow/example_dags/example_short_circuit_operator.py
[2022-10-03T01:44:37.421+0000] {logging_mixin.py:115} INFO - [2022-10-03T01:44:37.420+0000] {dag.py:2429} INFO - Sync 1 DAGs
[2022-10-03T01:44:37.540+0000] {logging_mixin.py:115} INFO - [2022-10-03T01:44:37.540+0000] {dag.py:2981} INFO - Setting next_dagrun for example_short_circuit_operator to 2022-10-02T01:44:37.540209+00:00, run_after=2022-10-03T01:44:37.540209+00:00
[2022-10-03T01:44:37.560+0000] {processor.py:161} INFO - Processing /home/airflow/.local/lib/python3.7/site-packages/airflow/example_dags/example_short_circuit_operator.py took 0.180 seconds
[2022-10-03T01:45:08.238+0000] {processor.py:153} INFO - Started process (PID=1715) to work on /home/airflow/.local/lib/python3.7/site-packages/airflow/example_dags/example_short_circuit_operator.py
[2022-10-03T01:45:08.239+0000] {processor.py:640} INFO - Processing file /home/airflow/.local/lib/python3.7/site-packages/airflow/example_dags/example_short_circuit_operator.py for tasks to queue
[2022-10-03T01:45:08.240+0000] {logging_mixin.py:115} INFO - [2022-10-03T01:45:08.240+0000] {dagbag.py:508} INFO - Filling up the DagBag from /home/airflow/.local/lib/python3.7/site-packages/airflow/example_dags/example_short_circuit_operator.py
[2022-10-03T01:45:08.248+0000] {processor.py:650} INFO - DAG(s) dict_keys(['example_short_circuit_operator']) retrieved from /home/airflow/.local/lib/python3.7/site-packages/airflow/example_dags/example_short_circuit_operator.py
[2022-10-03T01:45:08.286+0000] {logging_mixin.py:115} INFO - [2022-10-03T01:45:08.285+0000] {dag.py:2429} INFO - Sync 1 DAGs
[2022-10-03T01:45:08.404+0000] {logging_mixin.py:115} INFO - [2022-10-03T01:45:08.404+0000] {dag.py:2981} INFO - Setting next_dagrun for example_short_circuit_operator to 2022-10-02T01:45:08.403986+00:00, run_after=2022-10-03T01:45:08.403986+00:00
[2022-10-03T01:45:08.425+0000] {processor.py:161} INFO - Processing /home/airflow/.local/lib/python3.7/site-packages/airflow/example_dags/example_short_circuit_operator.py took 0.190 seconds
[2022-10-03T01:45:39.012+0000] {processor.py:153} INFO - Started process (PID=1770) to work on /home/airflow/.local/lib/python3.7/site-packages/airflow/example_dags/example_short_circuit_operator.py
[2022-10-03T01:45:39.013+0000] {processor.py:640} INFO - Processing file /home/airflow/.local/lib/python3.7/site-packages/airflow/example_dags/example_short_circuit_operator.py for tasks to queue
[2022-10-03T01:45:39.014+0000] {logging_mixin.py:115} INFO - [2022-10-03T01:45:39.014+0000] {dagbag.py:508} INFO - Filling up the DagBag from /home/airflow/.local/lib/python3.7/site-packages/airflow/example_dags/example_short_circuit_operator.py
[2022-10-03T01:45:39.024+0000] {processor.py:650} INFO - DAG(s) dict_keys(['example_short_circuit_operator']) retrieved from /home/airflow/.local/lib/python3.7/site-packages/airflow/example_dags/example_short_circuit_operator.py
[2022-10-03T01:45:39.052+0000] {logging_mixin.py:115} INFO - [2022-10-03T01:45:39.052+0000] {dag.py:2429} INFO - Sync 1 DAGs
[2022-10-03T01:45:39.174+0000] {logging_mixin.py:115} INFO - [2022-10-03T01:45:39.173+0000] {dag.py:2981} INFO - Setting next_dagrun for example_short_circuit_operator to 2022-10-02T01:45:39.173717+00:00, run_after=2022-10-03T01:45:39.173717+00:00
[2022-10-03T01:45:39.189+0000] {processor.py:161} INFO - Processing /home/airflow/.local/lib/python3.7/site-packages/airflow/example_dags/example_short_circuit_operator.py took 0.179 seconds
[2022-10-03T01:46:09.736+0000] {processor.py:153} INFO - Started process (PID=1825) to work on /home/airflow/.local/lib/python3.7/site-packages/airflow/example_dags/example_short_circuit_operator.py
[2022-10-03T01:46:09.738+0000] {processor.py:640} INFO - Processing file /home/airflow/.local/lib/python3.7/site-packages/airflow/example_dags/example_short_circuit_operator.py for tasks to queue
[2022-10-03T01:46:09.739+0000] {logging_mixin.py:115} INFO - [2022-10-03T01:46:09.739+0000] {dagbag.py:508} INFO - Filling up the DagBag from /home/airflow/.local/lib/python3.7/site-packages/airflow/example_dags/example_short_circuit_operator.py
[2022-10-03T01:46:09.752+0000] {processor.py:650} INFO - DAG(s) dict_keys(['example_short_circuit_operator']) retrieved from /home/airflow/.local/lib/python3.7/site-packages/airflow/example_dags/example_short_circuit_operator.py
[2022-10-03T01:46:09.789+0000] {logging_mixin.py:115} INFO - [2022-10-03T01:46:09.789+0000] {dag.py:2429} INFO - Sync 1 DAGs
[2022-10-03T01:46:09.910+0000] {logging_mixin.py:115} INFO - [2022-10-03T01:46:09.910+0000] {dag.py:2981} INFO - Setting next_dagrun for example_short_circuit_operator to 2022-10-02T01:46:09.910154+00:00, run_after=2022-10-03T01:46:09.910154+00:00
[2022-10-03T01:46:09.922+0000] {processor.py:161} INFO - Processing /home/airflow/.local/lib/python3.7/site-packages/airflow/example_dags/example_short_circuit_operator.py took 0.190 seconds
[2022-10-03T01:46:40.428+0000] {processor.py:153} INFO - Started process (PID=1880) to work on /home/airflow/.local/lib/python3.7/site-packages/airflow/example_dags/example_short_circuit_operator.py
[2022-10-03T01:46:40.429+0000] {processor.py:640} INFO - Processing file /home/airflow/.local/lib/python3.7/site-packages/airflow/example_dags/example_short_circuit_operator.py for tasks to queue
[2022-10-03T01:46:40.430+0000] {logging_mixin.py:115} INFO - [2022-10-03T01:46:40.430+0000] {dagbag.py:508} INFO - Filling up the DagBag from /home/airflow/.local/lib/python3.7/site-packages/airflow/example_dags/example_short_circuit_operator.py
[2022-10-03T01:46:40.441+0000] {processor.py:650} INFO - DAG(s) dict_keys(['example_short_circuit_operator']) retrieved from /home/airflow/.local/lib/python3.7/site-packages/airflow/example_dags/example_short_circuit_operator.py
[2022-10-03T01:46:40.475+0000] {logging_mixin.py:115} INFO - [2022-10-03T01:46:40.475+0000] {dag.py:2429} INFO - Sync 1 DAGs
[2022-10-03T01:46:40.595+0000] {logging_mixin.py:115} INFO - [2022-10-03T01:46:40.595+0000] {dag.py:2981} INFO - Setting next_dagrun for example_short_circuit_operator to 2022-10-02T01:46:40.595487+00:00, run_after=2022-10-03T01:46:40.595487+00:00
[2022-10-03T01:46:40.609+0000] {processor.py:161} INFO - Processing /home/airflow/.local/lib/python3.7/site-packages/airflow/example_dags/example_short_circuit_operator.py took 0.183 seconds
[2022-10-03T01:47:11.453+0000] {processor.py:153} INFO - Started process (PID=1935) to work on /home/airflow/.local/lib/python3.7/site-packages/airflow/example_dags/example_short_circuit_operator.py
[2022-10-03T01:47:11.454+0000] {processor.py:640} INFO - Processing file /home/airflow/.local/lib/python3.7/site-packages/airflow/example_dags/example_short_circuit_operator.py for tasks to queue
[2022-10-03T01:47:11.455+0000] {logging_mixin.py:115} INFO - [2022-10-03T01:47:11.455+0000] {dagbag.py:508} INFO - Filling up the DagBag from /home/airflow/.local/lib/python3.7/site-packages/airflow/example_dags/example_short_circuit_operator.py
[2022-10-03T01:47:11.467+0000] {processor.py:650} INFO - DAG(s) dict_keys(['example_short_circuit_operator']) retrieved from /home/airflow/.local/lib/python3.7/site-packages/airflow/example_dags/example_short_circuit_operator.py
[2022-10-03T01:47:11.503+0000] {logging_mixin.py:115} INFO - [2022-10-03T01:47:11.503+0000] {dag.py:2429} INFO - Sync 1 DAGs
[2022-10-03T01:47:11.629+0000] {logging_mixin.py:115} INFO - [2022-10-03T01:47:11.629+0000] {dag.py:2981} INFO - Setting next_dagrun for example_short_circuit_operator to 2022-10-02T01:47:11.629166+00:00, run_after=2022-10-03T01:47:11.629166+00:00
[2022-10-03T01:47:11.642+0000] {processor.py:161} INFO - Processing /home/airflow/.local/lib/python3.7/site-packages/airflow/example_dags/example_short_circuit_operator.py took 0.192 seconds
[2022-10-03T01:47:42.175+0000] {processor.py:153} INFO - Started process (PID=1990) to work on /home/airflow/.local/lib/python3.7/site-packages/airflow/example_dags/example_short_circuit_operator.py
[2022-10-03T01:47:42.176+0000] {processor.py:640} INFO - Processing file /home/airflow/.local/lib/python3.7/site-packages/airflow/example_dags/example_short_circuit_operator.py for tasks to queue
[2022-10-03T01:47:42.178+0000] {logging_mixin.py:115} INFO - [2022-10-03T01:47:42.178+0000] {dagbag.py:508} INFO - Filling up the DagBag from /home/airflow/.local/lib/python3.7/site-packages/airflow/example_dags/example_short_circuit_operator.py
[2022-10-03T01:47:42.190+0000] {processor.py:650} INFO - DAG(s) dict_keys(['example_short_circuit_operator']) retrieved from /home/airflow/.local/lib/python3.7/site-packages/airflow/example_dags/example_short_circuit_operator.py
[2022-10-03T01:47:42.224+0000] {logging_mixin.py:115} INFO - [2022-10-03T01:47:42.224+0000] {dag.py:2429} INFO - Sync 1 DAGs
[2022-10-03T01:47:42.337+0000] {logging_mixin.py:115} INFO - [2022-10-03T01:47:42.337+0000] {dag.py:2981} INFO - Setting next_dagrun for example_short_circuit_operator to 2022-10-02T01:47:42.337092+00:00, run_after=2022-10-03T01:47:42.337092+00:00
[2022-10-03T01:47:42.350+0000] {processor.py:161} INFO - Processing /home/airflow/.local/lib/python3.7/site-packages/airflow/example_dags/example_short_circuit_operator.py took 0.177 seconds
[2022-10-03T01:48:12.942+0000] {processor.py:153} INFO - Started process (PID=2045) to work on /home/airflow/.local/lib/python3.7/site-packages/airflow/example_dags/example_short_circuit_operator.py
[2022-10-03T01:48:12.943+0000] {processor.py:640} INFO - Processing file /home/airflow/.local/lib/python3.7/site-packages/airflow/example_dags/example_short_circuit_operator.py for tasks to queue
[2022-10-03T01:48:12.945+0000] {logging_mixin.py:115} INFO - [2022-10-03T01:48:12.944+0000] {dagbag.py:508} INFO - Filling up the DagBag from /home/airflow/.local/lib/python3.7/site-packages/airflow/example_dags/example_short_circuit_operator.py
[2022-10-03T01:48:12.955+0000] {processor.py:650} INFO - DAG(s) dict_keys(['example_short_circuit_operator']) retrieved from /home/airflow/.local/lib/python3.7/site-packages/airflow/example_dags/example_short_circuit_operator.py
[2022-10-03T01:48:13.007+0000] {logging_mixin.py:115} INFO - [2022-10-03T01:48:13.007+0000] {dag.py:2429} INFO - Sync 1 DAGs
[2022-10-03T01:48:13.135+0000] {logging_mixin.py:115} INFO - [2022-10-03T01:48:13.134+0000] {dag.py:2981} INFO - Setting next_dagrun for example_short_circuit_operator to 2022-10-02T01:48:13.134687+00:00, run_after=2022-10-03T01:48:13.134687+00:00
[2022-10-03T01:48:13.148+0000] {processor.py:161} INFO - Processing /home/airflow/.local/lib/python3.7/site-packages/airflow/example_dags/example_short_circuit_operator.py took 0.210 seconds
[2022-10-03T01:48:43.781+0000] {processor.py:153} INFO - Started process (PID=2100) to work on /home/airflow/.local/lib/python3.7/site-packages/airflow/example_dags/example_short_circuit_operator.py
[2022-10-03T01:48:43.782+0000] {processor.py:640} INFO - Processing file /home/airflow/.local/lib/python3.7/site-packages/airflow/example_dags/example_short_circuit_operator.py for tasks to queue
[2022-10-03T01:48:43.783+0000] {logging_mixin.py:115} INFO - [2022-10-03T01:48:43.783+0000] {dagbag.py:508} INFO - Filling up the DagBag from /home/airflow/.local/lib/python3.7/site-packages/airflow/example_dags/example_short_circuit_operator.py
[2022-10-03T01:48:43.792+0000] {processor.py:650} INFO - DAG(s) dict_keys(['example_short_circuit_operator']) retrieved from /home/airflow/.local/lib/python3.7/site-packages/airflow/example_dags/example_short_circuit_operator.py
[2022-10-03T01:48:43.831+0000] {logging_mixin.py:115} INFO - [2022-10-03T01:48:43.831+0000] {dag.py:2429} INFO - Sync 1 DAGs
[2022-10-03T01:48:43.980+0000] {logging_mixin.py:115} INFO - [2022-10-03T01:48:43.980+0000] {dag.py:2981} INFO - Setting next_dagrun for example_short_circuit_operator to 2022-10-02T01:48:43.979937+00:00, run_after=2022-10-03T01:48:43.979937+00:00
[2022-10-03T01:48:43.997+0000] {processor.py:161} INFO - Processing /home/airflow/.local/lib/python3.7/site-packages/airflow/example_dags/example_short_circuit_operator.py took 0.219 seconds
[2022-10-03T01:49:14.546+0000] {processor.py:153} INFO - Started process (PID=2162) to work on /home/airflow/.local/lib/python3.7/site-packages/airflow/example_dags/example_short_circuit_operator.py
[2022-10-03T01:49:14.547+0000] {processor.py:640} INFO - Processing file /home/airflow/.local/lib/python3.7/site-packages/airflow/example_dags/example_short_circuit_operator.py for tasks to queue
[2022-10-03T01:49:14.547+0000] {logging_mixin.py:115} INFO - [2022-10-03T01:49:14.547+0000] {dagbag.py:508} INFO - Filling up the DagBag from /home/airflow/.local/lib/python3.7/site-packages/airflow/example_dags/example_short_circuit_operator.py
[2022-10-03T01:49:14.556+0000] {processor.py:650} INFO - DAG(s) dict_keys(['example_short_circuit_operator']) retrieved from /home/airflow/.local/lib/python3.7/site-packages/airflow/example_dags/example_short_circuit_operator.py
[2022-10-03T01:49:14.602+0000] {logging_mixin.py:115} INFO - [2022-10-03T01:49:14.602+0000] {dag.py:2429} INFO - Sync 1 DAGs
[2022-10-03T01:49:14.726+0000] {logging_mixin.py:115} INFO - [2022-10-03T01:49:14.726+0000] {dag.py:2981} INFO - Setting next_dagrun for example_short_circuit_operator to 2022-10-02T01:49:14.726546+00:00, run_after=2022-10-03T01:49:14.726546+00:00
[2022-10-03T01:49:14.745+0000] {processor.py:161} INFO - Processing /home/airflow/.local/lib/python3.7/site-packages/airflow/example_dags/example_short_circuit_operator.py took 0.202 seconds
[2022-10-03T01:52:29.021+0000] {processor.py:153} INFO - Started process (PID=46) to work on /home/airflow/.local/lib/python3.7/site-packages/airflow/example_dags/example_short_circuit_operator.py
[2022-10-03T01:52:29.023+0000] {processor.py:640} INFO - Processing file /home/airflow/.local/lib/python3.7/site-packages/airflow/example_dags/example_short_circuit_operator.py for tasks to queue
[2022-10-03T01:52:29.025+0000] {logging_mixin.py:115} INFO - [2022-10-03T01:52:29.024+0000] {dagbag.py:508} INFO - Filling up the DagBag from /home/airflow/.local/lib/python3.7/site-packages/airflow/example_dags/example_short_circuit_operator.py
[2022-10-03T01:52:29.045+0000] {processor.py:650} INFO - DAG(s) dict_keys(['example_short_circuit_operator']) retrieved from /home/airflow/.local/lib/python3.7/site-packages/airflow/example_dags/example_short_circuit_operator.py
[2022-10-03T01:52:29.096+0000] {logging_mixin.py:115} INFO - [2022-10-03T01:52:29.095+0000] {dag.py:2429} INFO - Sync 1 DAGs
[2022-10-03T01:52:29.369+0000] {logging_mixin.py:115} INFO - [2022-10-03T01:52:29.369+0000] {dag.py:2981} INFO - Setting next_dagrun for example_short_circuit_operator to 2022-10-02T01:52:29.147478+00:00, run_after=2022-10-03T01:52:29.147478+00:00
[2022-10-03T01:52:29.409+0000] {processor.py:161} INFO - Processing /home/airflow/.local/lib/python3.7/site-packages/airflow/example_dags/example_short_circuit_operator.py took 0.392 seconds
[2022-10-03T01:53:00.006+0000] {processor.py:153} INFO - Started process (PID=109) to work on /home/airflow/.local/lib/python3.7/site-packages/airflow/example_dags/example_short_circuit_operator.py
[2022-10-03T01:53:00.007+0000] {processor.py:640} INFO - Processing file /home/airflow/.local/lib/python3.7/site-packages/airflow/example_dags/example_short_circuit_operator.py for tasks to queue
[2022-10-03T01:53:00.009+0000] {logging_mixin.py:115} INFO - [2022-10-03T01:53:00.009+0000] {dagbag.py:508} INFO - Filling up the DagBag from /home/airflow/.local/lib/python3.7/site-packages/airflow/example_dags/example_short_circuit_operator.py
[2022-10-03T01:53:00.021+0000] {processor.py:650} INFO - DAG(s) dict_keys(['example_short_circuit_operator']) retrieved from /home/airflow/.local/lib/python3.7/site-packages/airflow/example_dags/example_short_circuit_operator.py
[2022-10-03T01:53:00.065+0000] {logging_mixin.py:115} INFO - [2022-10-03T01:53:00.064+0000] {dag.py:2429} INFO - Sync 1 DAGs
[2022-10-03T01:53:00.322+0000] {logging_mixin.py:115} INFO - [2022-10-03T01:53:00.321+0000] {dag.py:2981} INFO - Setting next_dagrun for example_short_circuit_operator to 2022-10-02T01:53:00.321640+00:00, run_after=2022-10-03T01:53:00.321640+00:00
[2022-10-03T01:53:00.339+0000] {processor.py:161} INFO - Processing /home/airflow/.local/lib/python3.7/site-packages/airflow/example_dags/example_short_circuit_operator.py took 0.337 seconds
[2022-10-03T01:53:30.932+0000] {processor.py:153} INFO - Started process (PID=164) to work on /home/airflow/.local/lib/python3.7/site-packages/airflow/example_dags/example_short_circuit_operator.py
[2022-10-03T01:53:30.933+0000] {processor.py:640} INFO - Processing file /home/airflow/.local/lib/python3.7/site-packages/airflow/example_dags/example_short_circuit_operator.py for tasks to queue
[2022-10-03T01:53:30.934+0000] {logging_mixin.py:115} INFO - [2022-10-03T01:53:30.933+0000] {dagbag.py:508} INFO - Filling up the DagBag from /home/airflow/.local/lib/python3.7/site-packages/airflow/example_dags/example_short_circuit_operator.py
[2022-10-03T01:53:30.942+0000] {processor.py:650} INFO - DAG(s) dict_keys(['example_short_circuit_operator']) retrieved from /home/airflow/.local/lib/python3.7/site-packages/airflow/example_dags/example_short_circuit_operator.py
[2022-10-03T01:53:30.976+0000] {logging_mixin.py:115} INFO - [2022-10-03T01:53:30.976+0000] {dag.py:2429} INFO - Sync 1 DAGs
[2022-10-03T01:53:31.157+0000] {logging_mixin.py:115} INFO - [2022-10-03T01:53:31.157+0000] {dag.py:2981} INFO - Setting next_dagrun for example_short_circuit_operator to 2022-10-02T01:53:31.157302+00:00, run_after=2022-10-03T01:53:31.157302+00:00
[2022-10-03T01:53:31.180+0000] {processor.py:161} INFO - Processing /home/airflow/.local/lib/python3.7/site-packages/airflow/example_dags/example_short_circuit_operator.py took 0.252 seconds
[2022-10-03T01:54:01.851+0000] {processor.py:153} INFO - Started process (PID=219) to work on /home/airflow/.local/lib/python3.7/site-packages/airflow/example_dags/example_short_circuit_operator.py
[2022-10-03T01:54:01.852+0000] {processor.py:640} INFO - Processing file /home/airflow/.local/lib/python3.7/site-packages/airflow/example_dags/example_short_circuit_operator.py for tasks to queue
[2022-10-03T01:54:01.853+0000] {logging_mixin.py:115} INFO - [2022-10-03T01:54:01.853+0000] {dagbag.py:508} INFO - Filling up the DagBag from /home/airflow/.local/lib/python3.7/site-packages/airflow/example_dags/example_short_circuit_operator.py
[2022-10-03T01:54:01.861+0000] {processor.py:650} INFO - DAG(s) dict_keys(['example_short_circuit_operator']) retrieved from /home/airflow/.local/lib/python3.7/site-packages/airflow/example_dags/example_short_circuit_operator.py
[2022-10-03T01:54:01.891+0000] {logging_mixin.py:115} INFO - [2022-10-03T01:54:01.891+0000] {dag.py:2429} INFO - Sync 1 DAGs
[2022-10-03T01:54:02.049+0000] {logging_mixin.py:115} INFO - [2022-10-03T01:54:02.049+0000] {dag.py:2981} INFO - Setting next_dagrun for example_short_circuit_operator to 2022-10-02T01:54:02.049567+00:00, run_after=2022-10-03T01:54:02.049567+00:00
[2022-10-03T01:54:02.063+0000] {processor.py:161} INFO - Processing /home/airflow/.local/lib/python3.7/site-packages/airflow/example_dags/example_short_circuit_operator.py took 0.214 seconds
[2022-10-03T01:54:32.760+0000] {processor.py:153} INFO - Started process (PID=275) to work on /home/airflow/.local/lib/python3.7/site-packages/airflow/example_dags/example_short_circuit_operator.py
[2022-10-03T01:54:32.761+0000] {processor.py:640} INFO - Processing file /home/airflow/.local/lib/python3.7/site-packages/airflow/example_dags/example_short_circuit_operator.py for tasks to queue
[2022-10-03T01:54:32.762+0000] {logging_mixin.py:115} INFO - [2022-10-03T01:54:32.762+0000] {dagbag.py:508} INFO - Filling up the DagBag from /home/airflow/.local/lib/python3.7/site-packages/airflow/example_dags/example_short_circuit_operator.py
[2022-10-03T01:54:32.770+0000] {processor.py:650} INFO - DAG(s) dict_keys(['example_short_circuit_operator']) retrieved from /home/airflow/.local/lib/python3.7/site-packages/airflow/example_dags/example_short_circuit_operator.py
[2022-10-03T01:54:32.802+0000] {logging_mixin.py:115} INFO - [2022-10-03T01:54:32.802+0000] {dag.py:2429} INFO - Sync 1 DAGs
[2022-10-03T01:54:32.929+0000] {logging_mixin.py:115} INFO - [2022-10-03T01:54:32.929+0000] {dag.py:2981} INFO - Setting next_dagrun for example_short_circuit_operator to 2022-10-02T01:54:32.929341+00:00, run_after=2022-10-03T01:54:32.929341+00:00
[2022-10-03T01:54:32.943+0000] {processor.py:161} INFO - Processing /home/airflow/.local/lib/python3.7/site-packages/airflow/example_dags/example_short_circuit_operator.py took 0.186 seconds
[2022-10-03T01:55:03.039+0000] {processor.py:153} INFO - Started process (PID=330) to work on /home/airflow/.local/lib/python3.7/site-packages/airflow/example_dags/example_short_circuit_operator.py
[2022-10-03T01:55:03.040+0000] {processor.py:640} INFO - Processing file /home/airflow/.local/lib/python3.7/site-packages/airflow/example_dags/example_short_circuit_operator.py for tasks to queue
[2022-10-03T01:55:03.041+0000] {logging_mixin.py:115} INFO - [2022-10-03T01:55:03.040+0000] {dagbag.py:508} INFO - Filling up the DagBag from /home/airflow/.local/lib/python3.7/site-packages/airflow/example_dags/example_short_circuit_operator.py
[2022-10-03T01:55:03.049+0000] {processor.py:650} INFO - DAG(s) dict_keys(['example_short_circuit_operator']) retrieved from /home/airflow/.local/lib/python3.7/site-packages/airflow/example_dags/example_short_circuit_operator.py
[2022-10-03T01:55:03.076+0000] {logging_mixin.py:115} INFO - [2022-10-03T01:55:03.075+0000] {dag.py:2429} INFO - Sync 1 DAGs
[2022-10-03T01:55:03.198+0000] {logging_mixin.py:115} INFO - [2022-10-03T01:55:03.198+0000] {dag.py:2981} INFO - Setting next_dagrun for example_short_circuit_operator to 2022-10-02T01:55:03.198376+00:00, run_after=2022-10-03T01:55:03.198376+00:00
[2022-10-03T01:55:03.219+0000] {processor.py:161} INFO - Processing /home/airflow/.local/lib/python3.7/site-packages/airflow/example_dags/example_short_circuit_operator.py took 0.182 seconds
[2022-10-03T01:55:33.264+0000] {processor.py:153} INFO - Started process (PID=385) to work on /home/airflow/.local/lib/python3.7/site-packages/airflow/example_dags/example_short_circuit_operator.py
[2022-10-03T01:55:33.265+0000] {processor.py:640} INFO - Processing file /home/airflow/.local/lib/python3.7/site-packages/airflow/example_dags/example_short_circuit_operator.py for tasks to queue
[2022-10-03T01:55:33.266+0000] {logging_mixin.py:115} INFO - [2022-10-03T01:55:33.266+0000] {dagbag.py:508} INFO - Filling up the DagBag from /home/airflow/.local/lib/python3.7/site-packages/airflow/example_dags/example_short_circuit_operator.py
[2022-10-03T01:55:33.274+0000] {processor.py:650} INFO - DAG(s) dict_keys(['example_short_circuit_operator']) retrieved from /home/airflow/.local/lib/python3.7/site-packages/airflow/example_dags/example_short_circuit_operator.py
[2022-10-03T01:55:33.306+0000] {logging_mixin.py:115} INFO - [2022-10-03T01:55:33.306+0000] {dag.py:2429} INFO - Sync 1 DAGs
[2022-10-03T01:55:33.449+0000] {logging_mixin.py:115} INFO - [2022-10-03T01:55:33.449+0000] {dag.py:2981} INFO - Setting next_dagrun for example_short_circuit_operator to 2022-10-02T01:55:33.449343+00:00, run_after=2022-10-03T01:55:33.449343+00:00
[2022-10-03T01:55:33.463+0000] {processor.py:161} INFO - Processing /home/airflow/.local/lib/python3.7/site-packages/airflow/example_dags/example_short_circuit_operator.py took 0.201 seconds
[2022-10-03T01:56:03.753+0000] {processor.py:153} INFO - Started process (PID=440) to work on /home/airflow/.local/lib/python3.7/site-packages/airflow/example_dags/example_short_circuit_operator.py
[2022-10-03T01:56:03.754+0000] {processor.py:640} INFO - Processing file /home/airflow/.local/lib/python3.7/site-packages/airflow/example_dags/example_short_circuit_operator.py for tasks to queue
[2022-10-03T01:56:03.755+0000] {logging_mixin.py:115} INFO - [2022-10-03T01:56:03.755+0000] {dagbag.py:508} INFO - Filling up the DagBag from /home/airflow/.local/lib/python3.7/site-packages/airflow/example_dags/example_short_circuit_operator.py
[2022-10-03T01:56:03.764+0000] {processor.py:650} INFO - DAG(s) dict_keys(['example_short_circuit_operator']) retrieved from /home/airflow/.local/lib/python3.7/site-packages/airflow/example_dags/example_short_circuit_operator.py
[2022-10-03T01:56:03.799+0000] {logging_mixin.py:115} INFO - [2022-10-03T01:56:03.798+0000] {dag.py:2429} INFO - Sync 1 DAGs
[2022-10-03T01:56:03.930+0000] {logging_mixin.py:115} INFO - [2022-10-03T01:56:03.930+0000] {dag.py:2981} INFO - Setting next_dagrun for example_short_circuit_operator to 2022-10-02T01:56:03.929995+00:00, run_after=2022-10-03T01:56:03.929995+00:00
[2022-10-03T01:56:03.945+0000] {processor.py:161} INFO - Processing /home/airflow/.local/lib/python3.7/site-packages/airflow/example_dags/example_short_circuit_operator.py took 0.194 seconds
[2022-10-03T01:56:34.567+0000] {processor.py:153} INFO - Started process (PID=495) to work on /home/airflow/.local/lib/python3.7/site-packages/airflow/example_dags/example_short_circuit_operator.py
[2022-10-03T01:56:34.568+0000] {processor.py:640} INFO - Processing file /home/airflow/.local/lib/python3.7/site-packages/airflow/example_dags/example_short_circuit_operator.py for tasks to queue
[2022-10-03T01:56:34.569+0000] {logging_mixin.py:115} INFO - [2022-10-03T01:56:34.568+0000] {dagbag.py:508} INFO - Filling up the DagBag from /home/airflow/.local/lib/python3.7/site-packages/airflow/example_dags/example_short_circuit_operator.py
[2022-10-03T01:56:34.580+0000] {processor.py:650} INFO - DAG(s) dict_keys(['example_short_circuit_operator']) retrieved from /home/airflow/.local/lib/python3.7/site-packages/airflow/example_dags/example_short_circuit_operator.py
[2022-10-03T01:56:34.610+0000] {logging_mixin.py:115} INFO - [2022-10-03T01:56:34.609+0000] {dag.py:2429} INFO - Sync 1 DAGs
[2022-10-03T01:56:34.761+0000] {logging_mixin.py:115} INFO - [2022-10-03T01:56:34.760+0000] {dag.py:2981} INFO - Setting next_dagrun for example_short_circuit_operator to 2022-10-02T01:56:34.760723+00:00, run_after=2022-10-03T01:56:34.760723+00:00
[2022-10-03T01:56:34.775+0000] {processor.py:161} INFO - Processing /home/airflow/.local/lib/python3.7/site-packages/airflow/example_dags/example_short_circuit_operator.py took 0.211 seconds
[2022-10-03T01:57:05.142+0000] {processor.py:153} INFO - Started process (PID=550) to work on /home/airflow/.local/lib/python3.7/site-packages/airflow/example_dags/example_short_circuit_operator.py
[2022-10-03T01:57:05.143+0000] {processor.py:640} INFO - Processing file /home/airflow/.local/lib/python3.7/site-packages/airflow/example_dags/example_short_circuit_operator.py for tasks to queue
[2022-10-03T01:57:05.144+0000] {logging_mixin.py:115} INFO - [2022-10-03T01:57:05.144+0000] {dagbag.py:508} INFO - Filling up the DagBag from /home/airflow/.local/lib/python3.7/site-packages/airflow/example_dags/example_short_circuit_operator.py
[2022-10-03T01:57:05.152+0000] {processor.py:650} INFO - DAG(s) dict_keys(['example_short_circuit_operator']) retrieved from /home/airflow/.local/lib/python3.7/site-packages/airflow/example_dags/example_short_circuit_operator.py
[2022-10-03T01:57:05.179+0000] {logging_mixin.py:115} INFO - [2022-10-03T01:57:05.179+0000] {dag.py:2429} INFO - Sync 1 DAGs
[2022-10-03T01:57:05.310+0000] {logging_mixin.py:115} INFO - [2022-10-03T01:57:05.310+0000] {dag.py:2981} INFO - Setting next_dagrun for example_short_circuit_operator to 2022-10-02T01:57:05.309905+00:00, run_after=2022-10-03T01:57:05.309905+00:00
[2022-10-03T01:57:05.332+0000] {processor.py:161} INFO - Processing /home/airflow/.local/lib/python3.7/site-packages/airflow/example_dags/example_short_circuit_operator.py took 0.192 seconds
[2022-10-03T01:57:35.647+0000] {processor.py:153} INFO - Started process (PID=605) to work on /home/airflow/.local/lib/python3.7/site-packages/airflow/example_dags/example_short_circuit_operator.py
[2022-10-03T01:57:35.648+0000] {processor.py:640} INFO - Processing file /home/airflow/.local/lib/python3.7/site-packages/airflow/example_dags/example_short_circuit_operator.py for tasks to queue
[2022-10-03T01:57:35.649+0000] {logging_mixin.py:115} INFO - [2022-10-03T01:57:35.649+0000] {dagbag.py:508} INFO - Filling up the DagBag from /home/airflow/.local/lib/python3.7/site-packages/airflow/example_dags/example_short_circuit_operator.py
[2022-10-03T01:57:35.656+0000] {processor.py:650} INFO - DAG(s) dict_keys(['example_short_circuit_operator']) retrieved from /home/airflow/.local/lib/python3.7/site-packages/airflow/example_dags/example_short_circuit_operator.py
[2022-10-03T01:57:35.681+0000] {logging_mixin.py:115} INFO - [2022-10-03T01:57:35.681+0000] {dag.py:2429} INFO - Sync 1 DAGs
[2022-10-03T01:57:35.797+0000] {logging_mixin.py:115} INFO - [2022-10-03T01:57:35.797+0000] {dag.py:2981} INFO - Setting next_dagrun for example_short_circuit_operator to 2022-10-02T01:57:35.797425+00:00, run_after=2022-10-03T01:57:35.797425+00:00
[2022-10-03T01:57:35.817+0000] {processor.py:161} INFO - Processing /home/airflow/.local/lib/python3.7/site-packages/airflow/example_dags/example_short_circuit_operator.py took 0.173 seconds
[2022-10-03T01:58:06.410+0000] {processor.py:153} INFO - Started process (PID=660) to work on /home/airflow/.local/lib/python3.7/site-packages/airflow/example_dags/example_short_circuit_operator.py
[2022-10-03T01:58:06.411+0000] {processor.py:640} INFO - Processing file /home/airflow/.local/lib/python3.7/site-packages/airflow/example_dags/example_short_circuit_operator.py for tasks to queue
[2022-10-03T01:58:06.412+0000] {logging_mixin.py:115} INFO - [2022-10-03T01:58:06.412+0000] {dagbag.py:508} INFO - Filling up the DagBag from /home/airflow/.local/lib/python3.7/site-packages/airflow/example_dags/example_short_circuit_operator.py
[2022-10-03T01:58:06.421+0000] {processor.py:650} INFO - DAG(s) dict_keys(['example_short_circuit_operator']) retrieved from /home/airflow/.local/lib/python3.7/site-packages/airflow/example_dags/example_short_circuit_operator.py
[2022-10-03T01:58:06.452+0000] {logging_mixin.py:115} INFO - [2022-10-03T01:58:06.452+0000] {dag.py:2429} INFO - Sync 1 DAGs
[2022-10-03T01:58:06.605+0000] {logging_mixin.py:115} INFO - [2022-10-03T01:58:06.605+0000] {dag.py:2981} INFO - Setting next_dagrun for example_short_circuit_operator to 2022-10-02T01:58:06.605032+00:00, run_after=2022-10-03T01:58:06.605032+00:00
[2022-10-03T01:58:06.618+0000] {processor.py:161} INFO - Processing /home/airflow/.local/lib/python3.7/site-packages/airflow/example_dags/example_short_circuit_operator.py took 0.212 seconds
[2022-10-03T01:58:36.931+0000] {processor.py:153} INFO - Started process (PID=715) to work on /home/airflow/.local/lib/python3.7/site-packages/airflow/example_dags/example_short_circuit_operator.py
[2022-10-03T01:58:36.933+0000] {processor.py:640} INFO - Processing file /home/airflow/.local/lib/python3.7/site-packages/airflow/example_dags/example_short_circuit_operator.py for tasks to queue
[2022-10-03T01:58:36.934+0000] {logging_mixin.py:115} INFO - [2022-10-03T01:58:36.933+0000] {dagbag.py:508} INFO - Filling up the DagBag from /home/airflow/.local/lib/python3.7/site-packages/airflow/example_dags/example_short_circuit_operator.py
[2022-10-03T01:58:36.941+0000] {processor.py:650} INFO - DAG(s) dict_keys(['example_short_circuit_operator']) retrieved from /home/airflow/.local/lib/python3.7/site-packages/airflow/example_dags/example_short_circuit_operator.py
[2022-10-03T01:58:36.964+0000] {logging_mixin.py:115} INFO - [2022-10-03T01:58:36.963+0000] {dag.py:2429} INFO - Sync 1 DAGs
[2022-10-03T01:58:37.083+0000] {logging_mixin.py:115} INFO - [2022-10-03T01:58:37.083+0000] {dag.py:2981} INFO - Setting next_dagrun for example_short_circuit_operator to 2022-10-02T01:58:37.082964+00:00, run_after=2022-10-03T01:58:37.082964+00:00
[2022-10-03T01:58:37.096+0000] {processor.py:161} INFO - Processing /home/airflow/.local/lib/python3.7/site-packages/airflow/example_dags/example_short_circuit_operator.py took 0.168 seconds
[2022-10-03T01:59:07.574+0000] {processor.py:153} INFO - Started process (PID=770) to work on /home/airflow/.local/lib/python3.7/site-packages/airflow/example_dags/example_short_circuit_operator.py
[2022-10-03T01:59:07.575+0000] {processor.py:640} INFO - Processing file /home/airflow/.local/lib/python3.7/site-packages/airflow/example_dags/example_short_circuit_operator.py for tasks to queue
[2022-10-03T01:59:07.576+0000] {logging_mixin.py:115} INFO - [2022-10-03T01:59:07.576+0000] {dagbag.py:508} INFO - Filling up the DagBag from /home/airflow/.local/lib/python3.7/site-packages/airflow/example_dags/example_short_circuit_operator.py
[2022-10-03T01:59:07.583+0000] {processor.py:650} INFO - DAG(s) dict_keys(['example_short_circuit_operator']) retrieved from /home/airflow/.local/lib/python3.7/site-packages/airflow/example_dags/example_short_circuit_operator.py
[2022-10-03T01:59:07.609+0000] {logging_mixin.py:115} INFO - [2022-10-03T01:59:07.609+0000] {dag.py:2429} INFO - Sync 1 DAGs
[2022-10-03T01:59:07.738+0000] {logging_mixin.py:115} INFO - [2022-10-03T01:59:07.738+0000] {dag.py:2981} INFO - Setting next_dagrun for example_short_circuit_operator to 2022-10-02T01:59:07.737856+00:00, run_after=2022-10-03T01:59:07.737856+00:00
[2022-10-03T01:59:07.752+0000] {processor.py:161} INFO - Processing /home/airflow/.local/lib/python3.7/site-packages/airflow/example_dags/example_short_circuit_operator.py took 0.181 seconds
[2022-10-03T01:59:38.265+0000] {processor.py:153} INFO - Started process (PID=826) to work on /home/airflow/.local/lib/python3.7/site-packages/airflow/example_dags/example_short_circuit_operator.py
[2022-10-03T01:59:38.267+0000] {processor.py:640} INFO - Processing file /home/airflow/.local/lib/python3.7/site-packages/airflow/example_dags/example_short_circuit_operator.py for tasks to queue
[2022-10-03T01:59:38.268+0000] {logging_mixin.py:115} INFO - [2022-10-03T01:59:38.268+0000] {dagbag.py:508} INFO - Filling up the DagBag from /home/airflow/.local/lib/python3.7/site-packages/airflow/example_dags/example_short_circuit_operator.py
[2022-10-03T01:59:38.278+0000] {processor.py:650} INFO - DAG(s) dict_keys(['example_short_circuit_operator']) retrieved from /home/airflow/.local/lib/python3.7/site-packages/airflow/example_dags/example_short_circuit_operator.py
[2022-10-03T01:59:38.301+0000] {logging_mixin.py:115} INFO - [2022-10-03T01:59:38.301+0000] {dag.py:2429} INFO - Sync 1 DAGs
[2022-10-03T01:59:38.429+0000] {logging_mixin.py:115} INFO - [2022-10-03T01:59:38.429+0000] {dag.py:2981} INFO - Setting next_dagrun for example_short_circuit_operator to 2022-10-02T01:59:38.429274+00:00, run_after=2022-10-03T01:59:38.429274+00:00
[2022-10-03T01:59:38.445+0000] {processor.py:161} INFO - Processing /home/airflow/.local/lib/python3.7/site-packages/airflow/example_dags/example_short_circuit_operator.py took 0.183 seconds
