[2022-10-03T01:29:46.951+0000] {processor.py:153} INFO - Started process (PID=60) to work on /home/airflow/.local/lib/python3.7/site-packages/airflow/example_dags/tutorial_etl_dag.py
[2022-10-03T01:29:46.952+0000] {processor.py:640} INFO - Processing file /home/airflow/.local/lib/python3.7/site-packages/airflow/example_dags/tutorial_etl_dag.py for tasks to queue
[2022-10-03T01:29:46.953+0000] {logging_mixin.py:115} INFO - [2022-10-03T01:29:46.953+0000] {dagbag.py:508} INFO - Filling up the DagBag from /home/airflow/.local/lib/python3.7/site-packages/airflow/example_dags/tutorial_etl_dag.py
[2022-10-03T01:29:46.962+0000] {processor.py:650} INFO - DAG(s) dict_keys(['tutorial_etl_dag']) retrieved from /home/airflow/.local/lib/python3.7/site-packages/airflow/example_dags/tutorial_etl_dag.py
[2022-10-03T01:29:47.244+0000] {logging_mixin.py:115} INFO - [2022-10-03T01:29:47.244+0000] {manager.py:508} INFO - Created Permission View: can edit on DAG:tutorial_etl_dag
[2022-10-03T01:29:47.261+0000] {logging_mixin.py:115} INFO - [2022-10-03T01:29:47.261+0000] {manager.py:508} INFO - Created Permission View: can read on DAG:tutorial_etl_dag
[2022-10-03T01:29:47.276+0000] {logging_mixin.py:115} INFO - [2022-10-03T01:29:47.275+0000] {manager.py:508} INFO - Created Permission View: can delete on DAG:tutorial_etl_dag
[2022-10-03T01:29:47.276+0000] {logging_mixin.py:115} INFO - [2022-10-03T01:29:47.276+0000] {dag.py:2429} INFO - Sync 1 DAGs
[2022-10-03T01:29:47.287+0000] {logging_mixin.py:115} INFO - [2022-10-03T01:29:47.287+0000] {dag.py:2448} INFO - Creating ORM DAG for tutorial_etl_dag
[2022-10-03T01:29:47.300+0000] {logging_mixin.py:115} INFO - [2022-10-03T01:29:47.300+0000] {dag.py:2981} INFO - Setting next_dagrun for tutorial_etl_dag to None, run_after=None
[2022-10-03T01:29:47.329+0000] {processor.py:161} INFO - Processing /home/airflow/.local/lib/python3.7/site-packages/airflow/example_dags/tutorial_etl_dag.py took 0.381 seconds
[2022-10-03T01:30:17.404+0000] {processor.py:153} INFO - Started process (PID=115) to work on /home/airflow/.local/lib/python3.7/site-packages/airflow/example_dags/tutorial_etl_dag.py
[2022-10-03T01:30:17.405+0000] {processor.py:640} INFO - Processing file /home/airflow/.local/lib/python3.7/site-packages/airflow/example_dags/tutorial_etl_dag.py for tasks to queue
[2022-10-03T01:30:17.406+0000] {logging_mixin.py:115} INFO - [2022-10-03T01:30:17.406+0000] {dagbag.py:508} INFO - Filling up the DagBag from /home/airflow/.local/lib/python3.7/site-packages/airflow/example_dags/tutorial_etl_dag.py
[2022-10-03T01:30:17.413+0000] {processor.py:650} INFO - DAG(s) dict_keys(['tutorial_etl_dag']) retrieved from /home/airflow/.local/lib/python3.7/site-packages/airflow/example_dags/tutorial_etl_dag.py
[2022-10-03T01:30:17.434+0000] {logging_mixin.py:115} INFO - [2022-10-03T01:30:17.434+0000] {dag.py:2429} INFO - Sync 1 DAGs
[2022-10-03T01:30:17.549+0000] {logging_mixin.py:115} INFO - [2022-10-03T01:30:17.548+0000] {dag.py:2981} INFO - Setting next_dagrun for tutorial_etl_dag to None, run_after=None
[2022-10-03T01:30:17.561+0000] {processor.py:161} INFO - Processing /home/airflow/.local/lib/python3.7/site-packages/airflow/example_dags/tutorial_etl_dag.py took 0.160 seconds
[2022-10-03T01:30:48.078+0000] {processor.py:153} INFO - Started process (PID=170) to work on /home/airflow/.local/lib/python3.7/site-packages/airflow/example_dags/tutorial_etl_dag.py
[2022-10-03T01:30:48.079+0000] {processor.py:640} INFO - Processing file /home/airflow/.local/lib/python3.7/site-packages/airflow/example_dags/tutorial_etl_dag.py for tasks to queue
[2022-10-03T01:30:48.080+0000] {logging_mixin.py:115} INFO - [2022-10-03T01:30:48.080+0000] {dagbag.py:508} INFO - Filling up the DagBag from /home/airflow/.local/lib/python3.7/site-packages/airflow/example_dags/tutorial_etl_dag.py
[2022-10-03T01:30:48.088+0000] {processor.py:650} INFO - DAG(s) dict_keys(['tutorial_etl_dag']) retrieved from /home/airflow/.local/lib/python3.7/site-packages/airflow/example_dags/tutorial_etl_dag.py
[2022-10-03T01:30:48.111+0000] {logging_mixin.py:115} INFO - [2022-10-03T01:30:48.111+0000] {dag.py:2429} INFO - Sync 1 DAGs
[2022-10-03T01:30:48.233+0000] {logging_mixin.py:115} INFO - [2022-10-03T01:30:48.232+0000] {dag.py:2981} INFO - Setting next_dagrun for tutorial_etl_dag to None, run_after=None
[2022-10-03T01:30:48.245+0000] {processor.py:161} INFO - Processing /home/airflow/.local/lib/python3.7/site-packages/airflow/example_dags/tutorial_etl_dag.py took 0.169 seconds
[2022-10-03T01:31:18.803+0000] {processor.py:153} INFO - Started process (PID=225) to work on /home/airflow/.local/lib/python3.7/site-packages/airflow/example_dags/tutorial_etl_dag.py
[2022-10-03T01:31:18.804+0000] {processor.py:640} INFO - Processing file /home/airflow/.local/lib/python3.7/site-packages/airflow/example_dags/tutorial_etl_dag.py for tasks to queue
[2022-10-03T01:31:18.805+0000] {logging_mixin.py:115} INFO - [2022-10-03T01:31:18.805+0000] {dagbag.py:508} INFO - Filling up the DagBag from /home/airflow/.local/lib/python3.7/site-packages/airflow/example_dags/tutorial_etl_dag.py
[2022-10-03T01:31:18.811+0000] {processor.py:650} INFO - DAG(s) dict_keys(['tutorial_etl_dag']) retrieved from /home/airflow/.local/lib/python3.7/site-packages/airflow/example_dags/tutorial_etl_dag.py
[2022-10-03T01:31:18.836+0000] {logging_mixin.py:115} INFO - [2022-10-03T01:31:18.835+0000] {dag.py:2429} INFO - Sync 1 DAGs
[2022-10-03T01:31:18.964+0000] {logging_mixin.py:115} INFO - [2022-10-03T01:31:18.964+0000] {dag.py:2981} INFO - Setting next_dagrun for tutorial_etl_dag to None, run_after=None
[2022-10-03T01:31:18.979+0000] {processor.py:161} INFO - Processing /home/airflow/.local/lib/python3.7/site-packages/airflow/example_dags/tutorial_etl_dag.py took 0.178 seconds
[2022-10-03T01:31:49.579+0000] {processor.py:153} INFO - Started process (PID=281) to work on /home/airflow/.local/lib/python3.7/site-packages/airflow/example_dags/tutorial_etl_dag.py
[2022-10-03T01:31:49.579+0000] {processor.py:640} INFO - Processing file /home/airflow/.local/lib/python3.7/site-packages/airflow/example_dags/tutorial_etl_dag.py for tasks to queue
[2022-10-03T01:31:49.581+0000] {logging_mixin.py:115} INFO - [2022-10-03T01:31:49.580+0000] {dagbag.py:508} INFO - Filling up the DagBag from /home/airflow/.local/lib/python3.7/site-packages/airflow/example_dags/tutorial_etl_dag.py
[2022-10-03T01:31:49.588+0000] {processor.py:650} INFO - DAG(s) dict_keys(['tutorial_etl_dag']) retrieved from /home/airflow/.local/lib/python3.7/site-packages/airflow/example_dags/tutorial_etl_dag.py
[2022-10-03T01:31:49.612+0000] {logging_mixin.py:115} INFO - [2022-10-03T01:31:49.611+0000] {dag.py:2429} INFO - Sync 1 DAGs
[2022-10-03T01:31:49.727+0000] {logging_mixin.py:115} INFO - [2022-10-03T01:31:49.727+0000] {dag.py:2981} INFO - Setting next_dagrun for tutorial_etl_dag to None, run_after=None
[2022-10-03T01:31:49.740+0000] {processor.py:161} INFO - Processing /home/airflow/.local/lib/python3.7/site-packages/airflow/example_dags/tutorial_etl_dag.py took 0.164 seconds
[2022-10-03T01:32:20.260+0000] {processor.py:153} INFO - Started process (PID=336) to work on /home/airflow/.local/lib/python3.7/site-packages/airflow/example_dags/tutorial_etl_dag.py
[2022-10-03T01:32:20.261+0000] {processor.py:640} INFO - Processing file /home/airflow/.local/lib/python3.7/site-packages/airflow/example_dags/tutorial_etl_dag.py for tasks to queue
[2022-10-03T01:32:20.262+0000] {logging_mixin.py:115} INFO - [2022-10-03T01:32:20.262+0000] {dagbag.py:508} INFO - Filling up the DagBag from /home/airflow/.local/lib/python3.7/site-packages/airflow/example_dags/tutorial_etl_dag.py
[2022-10-03T01:32:20.268+0000] {processor.py:650} INFO - DAG(s) dict_keys(['tutorial_etl_dag']) retrieved from /home/airflow/.local/lib/python3.7/site-packages/airflow/example_dags/tutorial_etl_dag.py
[2022-10-03T01:32:20.300+0000] {logging_mixin.py:115} INFO - [2022-10-03T01:32:20.300+0000] {dag.py:2429} INFO - Sync 1 DAGs
[2022-10-03T01:32:20.420+0000] {logging_mixin.py:115} INFO - [2022-10-03T01:32:20.420+0000] {dag.py:2981} INFO - Setting next_dagrun for tutorial_etl_dag to None, run_after=None
[2022-10-03T01:32:20.434+0000] {processor.py:161} INFO - Processing /home/airflow/.local/lib/python3.7/site-packages/airflow/example_dags/tutorial_etl_dag.py took 0.176 seconds
[2022-10-03T01:32:51.195+0000] {processor.py:153} INFO - Started process (PID=391) to work on /home/airflow/.local/lib/python3.7/site-packages/airflow/example_dags/tutorial_etl_dag.py
[2022-10-03T01:32:51.196+0000] {processor.py:640} INFO - Processing file /home/airflow/.local/lib/python3.7/site-packages/airflow/example_dags/tutorial_etl_dag.py for tasks to queue
[2022-10-03T01:32:51.197+0000] {logging_mixin.py:115} INFO - [2022-10-03T01:32:51.197+0000] {dagbag.py:508} INFO - Filling up the DagBag from /home/airflow/.local/lib/python3.7/site-packages/airflow/example_dags/tutorial_etl_dag.py
[2022-10-03T01:32:51.204+0000] {processor.py:650} INFO - DAG(s) dict_keys(['tutorial_etl_dag']) retrieved from /home/airflow/.local/lib/python3.7/site-packages/airflow/example_dags/tutorial_etl_dag.py
[2022-10-03T01:32:51.238+0000] {logging_mixin.py:115} INFO - [2022-10-03T01:32:51.238+0000] {dag.py:2429} INFO - Sync 1 DAGs
[2022-10-03T01:32:51.380+0000] {logging_mixin.py:115} INFO - [2022-10-03T01:32:51.379+0000] {dag.py:2981} INFO - Setting next_dagrun for tutorial_etl_dag to None, run_after=None
[2022-10-03T01:32:51.393+0000] {processor.py:161} INFO - Processing /home/airflow/.local/lib/python3.7/site-packages/airflow/example_dags/tutorial_etl_dag.py took 0.200 seconds
[2022-10-03T01:33:22.060+0000] {processor.py:153} INFO - Started process (PID=446) to work on /home/airflow/.local/lib/python3.7/site-packages/airflow/example_dags/tutorial_etl_dag.py
[2022-10-03T01:33:22.061+0000] {processor.py:640} INFO - Processing file /home/airflow/.local/lib/python3.7/site-packages/airflow/example_dags/tutorial_etl_dag.py for tasks to queue
[2022-10-03T01:33:22.062+0000] {logging_mixin.py:115} INFO - [2022-10-03T01:33:22.062+0000] {dagbag.py:508} INFO - Filling up the DagBag from /home/airflow/.local/lib/python3.7/site-packages/airflow/example_dags/tutorial_etl_dag.py
[2022-10-03T01:33:22.068+0000] {processor.py:650} INFO - DAG(s) dict_keys(['tutorial_etl_dag']) retrieved from /home/airflow/.local/lib/python3.7/site-packages/airflow/example_dags/tutorial_etl_dag.py
[2022-10-03T01:33:22.098+0000] {logging_mixin.py:115} INFO - [2022-10-03T01:33:22.098+0000] {dag.py:2429} INFO - Sync 1 DAGs
[2022-10-03T01:33:22.213+0000] {logging_mixin.py:115} INFO - [2022-10-03T01:33:22.212+0000] {dag.py:2981} INFO - Setting next_dagrun for tutorial_etl_dag to None, run_after=None
[2022-10-03T01:33:22.226+0000] {processor.py:161} INFO - Processing /home/airflow/.local/lib/python3.7/site-packages/airflow/example_dags/tutorial_etl_dag.py took 0.169 seconds
[2022-10-03T01:33:52.677+0000] {processor.py:153} INFO - Started process (PID=501) to work on /home/airflow/.local/lib/python3.7/site-packages/airflow/example_dags/tutorial_etl_dag.py
[2022-10-03T01:33:52.678+0000] {processor.py:640} INFO - Processing file /home/airflow/.local/lib/python3.7/site-packages/airflow/example_dags/tutorial_etl_dag.py for tasks to queue
[2022-10-03T01:33:52.679+0000] {logging_mixin.py:115} INFO - [2022-10-03T01:33:52.679+0000] {dagbag.py:508} INFO - Filling up the DagBag from /home/airflow/.local/lib/python3.7/site-packages/airflow/example_dags/tutorial_etl_dag.py
[2022-10-03T01:33:52.687+0000] {processor.py:650} INFO - DAG(s) dict_keys(['tutorial_etl_dag']) retrieved from /home/airflow/.local/lib/python3.7/site-packages/airflow/example_dags/tutorial_etl_dag.py
[2022-10-03T01:33:52.710+0000] {logging_mixin.py:115} INFO - [2022-10-03T01:33:52.710+0000] {dag.py:2429} INFO - Sync 1 DAGs
[2022-10-03T01:33:52.860+0000] {logging_mixin.py:115} INFO - [2022-10-03T01:33:52.860+0000] {dag.py:2981} INFO - Setting next_dagrun for tutorial_etl_dag to None, run_after=None
[2022-10-03T01:33:52.873+0000] {processor.py:161} INFO - Processing /home/airflow/.local/lib/python3.7/site-packages/airflow/example_dags/tutorial_etl_dag.py took 0.199 seconds
[2022-10-03T01:34:23.438+0000] {processor.py:153} INFO - Started process (PID=556) to work on /home/airflow/.local/lib/python3.7/site-packages/airflow/example_dags/tutorial_etl_dag.py
[2022-10-03T01:34:23.439+0000] {processor.py:640} INFO - Processing file /home/airflow/.local/lib/python3.7/site-packages/airflow/example_dags/tutorial_etl_dag.py for tasks to queue
[2022-10-03T01:34:23.440+0000] {logging_mixin.py:115} INFO - [2022-10-03T01:34:23.440+0000] {dagbag.py:508} INFO - Filling up the DagBag from /home/airflow/.local/lib/python3.7/site-packages/airflow/example_dags/tutorial_etl_dag.py
[2022-10-03T01:34:23.447+0000] {processor.py:650} INFO - DAG(s) dict_keys(['tutorial_etl_dag']) retrieved from /home/airflow/.local/lib/python3.7/site-packages/airflow/example_dags/tutorial_etl_dag.py
[2022-10-03T01:34:23.472+0000] {logging_mixin.py:115} INFO - [2022-10-03T01:34:23.472+0000] {dag.py:2429} INFO - Sync 1 DAGs
[2022-10-03T01:34:23.592+0000] {logging_mixin.py:115} INFO - [2022-10-03T01:34:23.592+0000] {dag.py:2981} INFO - Setting next_dagrun for tutorial_etl_dag to None, run_after=None
[2022-10-03T01:34:23.605+0000] {processor.py:161} INFO - Processing /home/airflow/.local/lib/python3.7/site-packages/airflow/example_dags/tutorial_etl_dag.py took 0.170 seconds
[2022-10-03T01:34:54.100+0000] {processor.py:153} INFO - Started process (PID=611) to work on /home/airflow/.local/lib/python3.7/site-packages/airflow/example_dags/tutorial_etl_dag.py
[2022-10-03T01:34:54.101+0000] {processor.py:640} INFO - Processing file /home/airflow/.local/lib/python3.7/site-packages/airflow/example_dags/tutorial_etl_dag.py for tasks to queue
[2022-10-03T01:34:54.102+0000] {logging_mixin.py:115} INFO - [2022-10-03T01:34:54.102+0000] {dagbag.py:508} INFO - Filling up the DagBag from /home/airflow/.local/lib/python3.7/site-packages/airflow/example_dags/tutorial_etl_dag.py
[2022-10-03T01:34:54.110+0000] {processor.py:650} INFO - DAG(s) dict_keys(['tutorial_etl_dag']) retrieved from /home/airflow/.local/lib/python3.7/site-packages/airflow/example_dags/tutorial_etl_dag.py
[2022-10-03T01:34:54.132+0000] {logging_mixin.py:115} INFO - [2022-10-03T01:34:54.132+0000] {dag.py:2429} INFO - Sync 1 DAGs
[2022-10-03T01:34:54.250+0000] {logging_mixin.py:115} INFO - [2022-10-03T01:34:54.250+0000] {dag.py:2981} INFO - Setting next_dagrun for tutorial_etl_dag to None, run_after=None
[2022-10-03T01:34:54.263+0000] {processor.py:161} INFO - Processing /home/airflow/.local/lib/python3.7/site-packages/airflow/example_dags/tutorial_etl_dag.py took 0.165 seconds
[2022-10-03T01:35:24.799+0000] {processor.py:153} INFO - Started process (PID=666) to work on /home/airflow/.local/lib/python3.7/site-packages/airflow/example_dags/tutorial_etl_dag.py
[2022-10-03T01:35:24.800+0000] {processor.py:640} INFO - Processing file /home/airflow/.local/lib/python3.7/site-packages/airflow/example_dags/tutorial_etl_dag.py for tasks to queue
[2022-10-03T01:35:24.801+0000] {logging_mixin.py:115} INFO - [2022-10-03T01:35:24.801+0000] {dagbag.py:508} INFO - Filling up the DagBag from /home/airflow/.local/lib/python3.7/site-packages/airflow/example_dags/tutorial_etl_dag.py
[2022-10-03T01:35:24.807+0000] {processor.py:650} INFO - DAG(s) dict_keys(['tutorial_etl_dag']) retrieved from /home/airflow/.local/lib/python3.7/site-packages/airflow/example_dags/tutorial_etl_dag.py
[2022-10-03T01:35:24.837+0000] {logging_mixin.py:115} INFO - [2022-10-03T01:35:24.837+0000] {dag.py:2429} INFO - Sync 1 DAGs
[2022-10-03T01:35:24.959+0000] {logging_mixin.py:115} INFO - [2022-10-03T01:35:24.959+0000] {dag.py:2981} INFO - Setting next_dagrun for tutorial_etl_dag to None, run_after=None
[2022-10-03T01:35:24.971+0000] {processor.py:161} INFO - Processing /home/airflow/.local/lib/python3.7/site-packages/airflow/example_dags/tutorial_etl_dag.py took 0.174 seconds
[2022-10-03T01:35:55.756+0000] {processor.py:153} INFO - Started process (PID=721) to work on /home/airflow/.local/lib/python3.7/site-packages/airflow/example_dags/tutorial_etl_dag.py
[2022-10-03T01:35:55.757+0000] {processor.py:640} INFO - Processing file /home/airflow/.local/lib/python3.7/site-packages/airflow/example_dags/tutorial_etl_dag.py for tasks to queue
[2022-10-03T01:35:55.758+0000] {logging_mixin.py:115} INFO - [2022-10-03T01:35:55.757+0000] {dagbag.py:508} INFO - Filling up the DagBag from /home/airflow/.local/lib/python3.7/site-packages/airflow/example_dags/tutorial_etl_dag.py
[2022-10-03T01:35:55.763+0000] {processor.py:650} INFO - DAG(s) dict_keys(['tutorial_etl_dag']) retrieved from /home/airflow/.local/lib/python3.7/site-packages/airflow/example_dags/tutorial_etl_dag.py
[2022-10-03T01:35:55.790+0000] {logging_mixin.py:115} INFO - [2022-10-03T01:35:55.790+0000] {dag.py:2429} INFO - Sync 1 DAGs
[2022-10-03T01:35:55.909+0000] {logging_mixin.py:115} INFO - [2022-10-03T01:35:55.909+0000] {dag.py:2981} INFO - Setting next_dagrun for tutorial_etl_dag to None, run_after=None
[2022-10-03T01:35:55.923+0000] {processor.py:161} INFO - Processing /home/airflow/.local/lib/python3.7/site-packages/airflow/example_dags/tutorial_etl_dag.py took 0.170 seconds
[2022-10-03T01:36:26.407+0000] {processor.py:153} INFO - Started process (PID=776) to work on /home/airflow/.local/lib/python3.7/site-packages/airflow/example_dags/tutorial_etl_dag.py
[2022-10-03T01:36:26.408+0000] {processor.py:640} INFO - Processing file /home/airflow/.local/lib/python3.7/site-packages/airflow/example_dags/tutorial_etl_dag.py for tasks to queue
[2022-10-03T01:36:26.410+0000] {logging_mixin.py:115} INFO - [2022-10-03T01:36:26.410+0000] {dagbag.py:508} INFO - Filling up the DagBag from /home/airflow/.local/lib/python3.7/site-packages/airflow/example_dags/tutorial_etl_dag.py
[2022-10-03T01:36:26.419+0000] {processor.py:650} INFO - DAG(s) dict_keys(['tutorial_etl_dag']) retrieved from /home/airflow/.local/lib/python3.7/site-packages/airflow/example_dags/tutorial_etl_dag.py
[2022-10-03T01:36:26.449+0000] {logging_mixin.py:115} INFO - [2022-10-03T01:36:26.448+0000] {dag.py:2429} INFO - Sync 1 DAGs
[2022-10-03T01:36:26.587+0000] {logging_mixin.py:115} INFO - [2022-10-03T01:36:26.587+0000] {dag.py:2981} INFO - Setting next_dagrun for tutorial_etl_dag to None, run_after=None
[2022-10-03T01:36:26.601+0000] {processor.py:161} INFO - Processing /home/airflow/.local/lib/python3.7/site-packages/airflow/example_dags/tutorial_etl_dag.py took 0.197 seconds
[2022-10-03T01:36:57.106+0000] {processor.py:153} INFO - Started process (PID=831) to work on /home/airflow/.local/lib/python3.7/site-packages/airflow/example_dags/tutorial_etl_dag.py
[2022-10-03T01:36:57.107+0000] {processor.py:640} INFO - Processing file /home/airflow/.local/lib/python3.7/site-packages/airflow/example_dags/tutorial_etl_dag.py for tasks to queue
[2022-10-03T01:36:57.107+0000] {logging_mixin.py:115} INFO - [2022-10-03T01:36:57.107+0000] {dagbag.py:508} INFO - Filling up the DagBag from /home/airflow/.local/lib/python3.7/site-packages/airflow/example_dags/tutorial_etl_dag.py
[2022-10-03T01:36:57.113+0000] {processor.py:650} INFO - DAG(s) dict_keys(['tutorial_etl_dag']) retrieved from /home/airflow/.local/lib/python3.7/site-packages/airflow/example_dags/tutorial_etl_dag.py
[2022-10-03T01:36:57.136+0000] {logging_mixin.py:115} INFO - [2022-10-03T01:36:57.136+0000] {dag.py:2429} INFO - Sync 1 DAGs
[2022-10-03T01:36:57.251+0000] {logging_mixin.py:115} INFO - [2022-10-03T01:36:57.251+0000] {dag.py:2981} INFO - Setting next_dagrun for tutorial_etl_dag to None, run_after=None
[2022-10-03T01:36:57.265+0000] {processor.py:161} INFO - Processing /home/airflow/.local/lib/python3.7/site-packages/airflow/example_dags/tutorial_etl_dag.py took 0.161 seconds
[2022-10-03T01:37:27.881+0000] {processor.py:153} INFO - Started process (PID=888) to work on /home/airflow/.local/lib/python3.7/site-packages/airflow/example_dags/tutorial_etl_dag.py
[2022-10-03T01:37:27.882+0000] {processor.py:640} INFO - Processing file /home/airflow/.local/lib/python3.7/site-packages/airflow/example_dags/tutorial_etl_dag.py for tasks to queue
[2022-10-03T01:37:27.883+0000] {logging_mixin.py:115} INFO - [2022-10-03T01:37:27.883+0000] {dagbag.py:508} INFO - Filling up the DagBag from /home/airflow/.local/lib/python3.7/site-packages/airflow/example_dags/tutorial_etl_dag.py
[2022-10-03T01:37:27.891+0000] {processor.py:650} INFO - DAG(s) dict_keys(['tutorial_etl_dag']) retrieved from /home/airflow/.local/lib/python3.7/site-packages/airflow/example_dags/tutorial_etl_dag.py
[2022-10-03T01:37:27.939+0000] {logging_mixin.py:115} INFO - [2022-10-03T01:37:27.939+0000] {dag.py:2429} INFO - Sync 1 DAGs
[2022-10-03T01:37:28.057+0000] {logging_mixin.py:115} INFO - [2022-10-03T01:37:28.057+0000] {dag.py:2981} INFO - Setting next_dagrun for tutorial_etl_dag to None, run_after=None
[2022-10-03T01:37:28.069+0000] {processor.py:161} INFO - Processing /home/airflow/.local/lib/python3.7/site-packages/airflow/example_dags/tutorial_etl_dag.py took 0.191 seconds
[2022-10-03T01:37:58.648+0000] {processor.py:153} INFO - Started process (PID=944) to work on /home/airflow/.local/lib/python3.7/site-packages/airflow/example_dags/tutorial_etl_dag.py
[2022-10-03T01:37:58.649+0000] {processor.py:640} INFO - Processing file /home/airflow/.local/lib/python3.7/site-packages/airflow/example_dags/tutorial_etl_dag.py for tasks to queue
[2022-10-03T01:37:58.650+0000] {logging_mixin.py:115} INFO - [2022-10-03T01:37:58.650+0000] {dagbag.py:508} INFO - Filling up the DagBag from /home/airflow/.local/lib/python3.7/site-packages/airflow/example_dags/tutorial_etl_dag.py
[2022-10-03T01:37:58.656+0000] {processor.py:650} INFO - DAG(s) dict_keys(['tutorial_etl_dag']) retrieved from /home/airflow/.local/lib/python3.7/site-packages/airflow/example_dags/tutorial_etl_dag.py
[2022-10-03T01:37:58.683+0000] {logging_mixin.py:115} INFO - [2022-10-03T01:37:58.682+0000] {dag.py:2429} INFO - Sync 1 DAGs
[2022-10-03T01:37:58.799+0000] {logging_mixin.py:115} INFO - [2022-10-03T01:37:58.799+0000] {dag.py:2981} INFO - Setting next_dagrun for tutorial_etl_dag to None, run_after=None
[2022-10-03T01:37:58.812+0000] {processor.py:161} INFO - Processing /home/airflow/.local/lib/python3.7/site-packages/airflow/example_dags/tutorial_etl_dag.py took 0.167 seconds
[2022-10-03T01:38:29.318+0000] {processor.py:153} INFO - Started process (PID=999) to work on /home/airflow/.local/lib/python3.7/site-packages/airflow/example_dags/tutorial_etl_dag.py
[2022-10-03T01:38:29.319+0000] {processor.py:640} INFO - Processing file /home/airflow/.local/lib/python3.7/site-packages/airflow/example_dags/tutorial_etl_dag.py for tasks to queue
[2022-10-03T01:38:29.320+0000] {logging_mixin.py:115} INFO - [2022-10-03T01:38:29.320+0000] {dagbag.py:508} INFO - Filling up the DagBag from /home/airflow/.local/lib/python3.7/site-packages/airflow/example_dags/tutorial_etl_dag.py
[2022-10-03T01:38:29.326+0000] {processor.py:650} INFO - DAG(s) dict_keys(['tutorial_etl_dag']) retrieved from /home/airflow/.local/lib/python3.7/site-packages/airflow/example_dags/tutorial_etl_dag.py
[2022-10-03T01:38:29.352+0000] {logging_mixin.py:115} INFO - [2022-10-03T01:38:29.352+0000] {dag.py:2429} INFO - Sync 1 DAGs
[2022-10-03T01:38:29.485+0000] {logging_mixin.py:115} INFO - [2022-10-03T01:38:29.485+0000] {dag.py:2981} INFO - Setting next_dagrun for tutorial_etl_dag to None, run_after=None
[2022-10-03T01:38:29.499+0000] {processor.py:161} INFO - Processing /home/airflow/.local/lib/python3.7/site-packages/airflow/example_dags/tutorial_etl_dag.py took 0.185 seconds
[2022-10-03T01:39:00.088+0000] {processor.py:153} INFO - Started process (PID=1054) to work on /home/airflow/.local/lib/python3.7/site-packages/airflow/example_dags/tutorial_etl_dag.py
[2022-10-03T01:39:00.089+0000] {processor.py:640} INFO - Processing file /home/airflow/.local/lib/python3.7/site-packages/airflow/example_dags/tutorial_etl_dag.py for tasks to queue
[2022-10-03T01:39:00.090+0000] {logging_mixin.py:115} INFO - [2022-10-03T01:39:00.090+0000] {dagbag.py:508} INFO - Filling up the DagBag from /home/airflow/.local/lib/python3.7/site-packages/airflow/example_dags/tutorial_etl_dag.py
[2022-10-03T01:39:00.096+0000] {processor.py:650} INFO - DAG(s) dict_keys(['tutorial_etl_dag']) retrieved from /home/airflow/.local/lib/python3.7/site-packages/airflow/example_dags/tutorial_etl_dag.py
[2022-10-03T01:39:00.123+0000] {logging_mixin.py:115} INFO - [2022-10-03T01:39:00.123+0000] {dag.py:2429} INFO - Sync 1 DAGs
[2022-10-03T01:39:00.253+0000] {logging_mixin.py:115} INFO - [2022-10-03T01:39:00.253+0000] {dag.py:2981} INFO - Setting next_dagrun for tutorial_etl_dag to None, run_after=None
[2022-10-03T01:39:00.266+0000] {processor.py:161} INFO - Processing /home/airflow/.local/lib/python3.7/site-packages/airflow/example_dags/tutorial_etl_dag.py took 0.181 seconds
[2022-10-03T01:39:30.903+0000] {processor.py:153} INFO - Started process (PID=1116) to work on /home/airflow/.local/lib/python3.7/site-packages/airflow/example_dags/tutorial_etl_dag.py
[2022-10-03T01:39:30.903+0000] {processor.py:640} INFO - Processing file /home/airflow/.local/lib/python3.7/site-packages/airflow/example_dags/tutorial_etl_dag.py for tasks to queue
[2022-10-03T01:39:30.905+0000] {logging_mixin.py:115} INFO - [2022-10-03T01:39:30.904+0000] {dagbag.py:508} INFO - Filling up the DagBag from /home/airflow/.local/lib/python3.7/site-packages/airflow/example_dags/tutorial_etl_dag.py
[2022-10-03T01:39:30.910+0000] {processor.py:650} INFO - DAG(s) dict_keys(['tutorial_etl_dag']) retrieved from /home/airflow/.local/lib/python3.7/site-packages/airflow/example_dags/tutorial_etl_dag.py
[2022-10-03T01:39:30.936+0000] {logging_mixin.py:115} INFO - [2022-10-03T01:39:30.936+0000] {dag.py:2429} INFO - Sync 1 DAGs
[2022-10-03T01:39:31.053+0000] {logging_mixin.py:115} INFO - [2022-10-03T01:39:31.053+0000] {dag.py:2981} INFO - Setting next_dagrun for tutorial_etl_dag to None, run_after=None
[2022-10-03T01:39:31.065+0000] {processor.py:161} INFO - Processing /home/airflow/.local/lib/python3.7/site-packages/airflow/example_dags/tutorial_etl_dag.py took 0.166 seconds
[2022-10-03T01:40:01.403+0000] {processor.py:153} INFO - Started process (PID=1171) to work on /home/airflow/.local/lib/python3.7/site-packages/airflow/example_dags/tutorial_etl_dag.py
[2022-10-03T01:40:01.404+0000] {processor.py:640} INFO - Processing file /home/airflow/.local/lib/python3.7/site-packages/airflow/example_dags/tutorial_etl_dag.py for tasks to queue
[2022-10-03T01:40:01.405+0000] {logging_mixin.py:115} INFO - [2022-10-03T01:40:01.405+0000] {dagbag.py:508} INFO - Filling up the DagBag from /home/airflow/.local/lib/python3.7/site-packages/airflow/example_dags/tutorial_etl_dag.py
[2022-10-03T01:40:01.411+0000] {processor.py:650} INFO - DAG(s) dict_keys(['tutorial_etl_dag']) retrieved from /home/airflow/.local/lib/python3.7/site-packages/airflow/example_dags/tutorial_etl_dag.py
[2022-10-03T01:40:01.447+0000] {logging_mixin.py:115} INFO - [2022-10-03T01:40:01.446+0000] {dag.py:2429} INFO - Sync 1 DAGs
[2022-10-03T01:40:01.583+0000] {logging_mixin.py:115} INFO - [2022-10-03T01:40:01.583+0000] {dag.py:2981} INFO - Setting next_dagrun for tutorial_etl_dag to None, run_after=None
[2022-10-03T01:40:01.599+0000] {processor.py:161} INFO - Processing /home/airflow/.local/lib/python3.7/site-packages/airflow/example_dags/tutorial_etl_dag.py took 0.198 seconds
[2022-10-03T01:40:32.118+0000] {processor.py:153} INFO - Started process (PID=1226) to work on /home/airflow/.local/lib/python3.7/site-packages/airflow/example_dags/tutorial_etl_dag.py
[2022-10-03T01:40:32.119+0000] {processor.py:640} INFO - Processing file /home/airflow/.local/lib/python3.7/site-packages/airflow/example_dags/tutorial_etl_dag.py for tasks to queue
[2022-10-03T01:40:32.120+0000] {logging_mixin.py:115} INFO - [2022-10-03T01:40:32.120+0000] {dagbag.py:508} INFO - Filling up the DagBag from /home/airflow/.local/lib/python3.7/site-packages/airflow/example_dags/tutorial_etl_dag.py
[2022-10-03T01:40:32.125+0000] {processor.py:650} INFO - DAG(s) dict_keys(['tutorial_etl_dag']) retrieved from /home/airflow/.local/lib/python3.7/site-packages/airflow/example_dags/tutorial_etl_dag.py
[2022-10-03T01:40:32.153+0000] {logging_mixin.py:115} INFO - [2022-10-03T01:40:32.152+0000] {dag.py:2429} INFO - Sync 1 DAGs
[2022-10-03T01:40:32.278+0000] {logging_mixin.py:115} INFO - [2022-10-03T01:40:32.278+0000] {dag.py:2981} INFO - Setting next_dagrun for tutorial_etl_dag to None, run_after=None
[2022-10-03T01:40:32.293+0000] {processor.py:161} INFO - Processing /home/airflow/.local/lib/python3.7/site-packages/airflow/example_dags/tutorial_etl_dag.py took 0.178 seconds
[2022-10-03T01:41:03.078+0000] {processor.py:153} INFO - Started process (PID=1281) to work on /home/airflow/.local/lib/python3.7/site-packages/airflow/example_dags/tutorial_etl_dag.py
[2022-10-03T01:41:03.079+0000] {processor.py:640} INFO - Processing file /home/airflow/.local/lib/python3.7/site-packages/airflow/example_dags/tutorial_etl_dag.py for tasks to queue
[2022-10-03T01:41:03.080+0000] {logging_mixin.py:115} INFO - [2022-10-03T01:41:03.080+0000] {dagbag.py:508} INFO - Filling up the DagBag from /home/airflow/.local/lib/python3.7/site-packages/airflow/example_dags/tutorial_etl_dag.py
[2022-10-03T01:41:03.089+0000] {processor.py:650} INFO - DAG(s) dict_keys(['tutorial_etl_dag']) retrieved from /home/airflow/.local/lib/python3.7/site-packages/airflow/example_dags/tutorial_etl_dag.py
[2022-10-03T01:41:03.115+0000] {logging_mixin.py:115} INFO - [2022-10-03T01:41:03.115+0000] {dag.py:2429} INFO - Sync 1 DAGs
[2022-10-03T01:41:03.230+0000] {logging_mixin.py:115} INFO - [2022-10-03T01:41:03.230+0000] {dag.py:2981} INFO - Setting next_dagrun for tutorial_etl_dag to None, run_after=None
[2022-10-03T01:41:03.242+0000] {processor.py:161} INFO - Processing /home/airflow/.local/lib/python3.7/site-packages/airflow/example_dags/tutorial_etl_dag.py took 0.168 seconds
[2022-10-03T01:41:33.891+0000] {processor.py:153} INFO - Started process (PID=1337) to work on /home/airflow/.local/lib/python3.7/site-packages/airflow/example_dags/tutorial_etl_dag.py
[2022-10-03T01:41:33.892+0000] {processor.py:640} INFO - Processing file /home/airflow/.local/lib/python3.7/site-packages/airflow/example_dags/tutorial_etl_dag.py for tasks to queue
[2022-10-03T01:41:33.892+0000] {logging_mixin.py:115} INFO - [2022-10-03T01:41:33.892+0000] {dagbag.py:508} INFO - Filling up the DagBag from /home/airflow/.local/lib/python3.7/site-packages/airflow/example_dags/tutorial_etl_dag.py
[2022-10-03T01:41:33.897+0000] {processor.py:650} INFO - DAG(s) dict_keys(['tutorial_etl_dag']) retrieved from /home/airflow/.local/lib/python3.7/site-packages/airflow/example_dags/tutorial_etl_dag.py
[2022-10-03T01:41:33.924+0000] {logging_mixin.py:115} INFO - [2022-10-03T01:41:33.923+0000] {dag.py:2429} INFO - Sync 1 DAGs
[2022-10-03T01:41:34.041+0000] {logging_mixin.py:115} INFO - [2022-10-03T01:41:34.040+0000] {dag.py:2981} INFO - Setting next_dagrun for tutorial_etl_dag to None, run_after=None
[2022-10-03T01:41:34.053+0000] {processor.py:161} INFO - Processing /home/airflow/.local/lib/python3.7/site-packages/airflow/example_dags/tutorial_etl_dag.py took 0.165 seconds
[2022-10-03T01:42:04.901+0000] {processor.py:153} INFO - Started process (PID=1392) to work on /home/airflow/.local/lib/python3.7/site-packages/airflow/example_dags/tutorial_etl_dag.py
[2022-10-03T01:42:04.903+0000] {processor.py:640} INFO - Processing file /home/airflow/.local/lib/python3.7/site-packages/airflow/example_dags/tutorial_etl_dag.py for tasks to queue
[2022-10-03T01:42:04.905+0000] {logging_mixin.py:115} INFO - [2022-10-03T01:42:04.904+0000] {dagbag.py:508} INFO - Filling up the DagBag from /home/airflow/.local/lib/python3.7/site-packages/airflow/example_dags/tutorial_etl_dag.py
[2022-10-03T01:42:04.915+0000] {processor.py:650} INFO - DAG(s) dict_keys(['tutorial_etl_dag']) retrieved from /home/airflow/.local/lib/python3.7/site-packages/airflow/example_dags/tutorial_etl_dag.py
[2022-10-03T01:42:04.948+0000] {logging_mixin.py:115} INFO - [2022-10-03T01:42:04.948+0000] {dag.py:2429} INFO - Sync 1 DAGs
[2022-10-03T01:42:05.084+0000] {logging_mixin.py:115} INFO - [2022-10-03T01:42:05.084+0000] {dag.py:2981} INFO - Setting next_dagrun for tutorial_etl_dag to None, run_after=None
[2022-10-03T01:42:05.096+0000] {processor.py:161} INFO - Processing /home/airflow/.local/lib/python3.7/site-packages/airflow/example_dags/tutorial_etl_dag.py took 0.200 seconds
[2022-10-03T01:42:35.649+0000] {processor.py:153} INFO - Started process (PID=1447) to work on /home/airflow/.local/lib/python3.7/site-packages/airflow/example_dags/tutorial_etl_dag.py
[2022-10-03T01:42:35.650+0000] {processor.py:640} INFO - Processing file /home/airflow/.local/lib/python3.7/site-packages/airflow/example_dags/tutorial_etl_dag.py for tasks to queue
[2022-10-03T01:42:35.651+0000] {logging_mixin.py:115} INFO - [2022-10-03T01:42:35.651+0000] {dagbag.py:508} INFO - Filling up the DagBag from /home/airflow/.local/lib/python3.7/site-packages/airflow/example_dags/tutorial_etl_dag.py
[2022-10-03T01:42:35.657+0000] {processor.py:650} INFO - DAG(s) dict_keys(['tutorial_etl_dag']) retrieved from /home/airflow/.local/lib/python3.7/site-packages/airflow/example_dags/tutorial_etl_dag.py
[2022-10-03T01:42:35.681+0000] {logging_mixin.py:115} INFO - [2022-10-03T01:42:35.681+0000] {dag.py:2429} INFO - Sync 1 DAGs
[2022-10-03T01:42:35.796+0000] {logging_mixin.py:115} INFO - [2022-10-03T01:42:35.796+0000] {dag.py:2981} INFO - Setting next_dagrun for tutorial_etl_dag to None, run_after=None
[2022-10-03T01:42:35.810+0000] {processor.py:161} INFO - Processing /home/airflow/.local/lib/python3.7/site-packages/airflow/example_dags/tutorial_etl_dag.py took 0.163 seconds
[2022-10-03T01:43:06.275+0000] {processor.py:153} INFO - Started process (PID=1503) to work on /home/airflow/.local/lib/python3.7/site-packages/airflow/example_dags/tutorial_etl_dag.py
[2022-10-03T01:43:06.276+0000] {processor.py:640} INFO - Processing file /home/airflow/.local/lib/python3.7/site-packages/airflow/example_dags/tutorial_etl_dag.py for tasks to queue
[2022-10-03T01:43:06.277+0000] {logging_mixin.py:115} INFO - [2022-10-03T01:43:06.277+0000] {dagbag.py:508} INFO - Filling up the DagBag from /home/airflow/.local/lib/python3.7/site-packages/airflow/example_dags/tutorial_etl_dag.py
[2022-10-03T01:43:06.285+0000] {processor.py:650} INFO - DAG(s) dict_keys(['tutorial_etl_dag']) retrieved from /home/airflow/.local/lib/python3.7/site-packages/airflow/example_dags/tutorial_etl_dag.py
[2022-10-03T01:43:06.307+0000] {logging_mixin.py:115} INFO - [2022-10-03T01:43:06.307+0000] {dag.py:2429} INFO - Sync 1 DAGs
[2022-10-03T01:43:06.429+0000] {logging_mixin.py:115} INFO - [2022-10-03T01:43:06.429+0000] {dag.py:2981} INFO - Setting next_dagrun for tutorial_etl_dag to None, run_after=None
[2022-10-03T01:43:06.445+0000] {processor.py:161} INFO - Processing /home/airflow/.local/lib/python3.7/site-packages/airflow/example_dags/tutorial_etl_dag.py took 0.172 seconds
[2022-10-03T01:43:36.947+0000] {processor.py:153} INFO - Started process (PID=1558) to work on /home/airflow/.local/lib/python3.7/site-packages/airflow/example_dags/tutorial_etl_dag.py
[2022-10-03T01:43:36.948+0000] {processor.py:640} INFO - Processing file /home/airflow/.local/lib/python3.7/site-packages/airflow/example_dags/tutorial_etl_dag.py for tasks to queue
[2022-10-03T01:43:36.949+0000] {logging_mixin.py:115} INFO - [2022-10-03T01:43:36.949+0000] {dagbag.py:508} INFO - Filling up the DagBag from /home/airflow/.local/lib/python3.7/site-packages/airflow/example_dags/tutorial_etl_dag.py
[2022-10-03T01:43:36.954+0000] {processor.py:650} INFO - DAG(s) dict_keys(['tutorial_etl_dag']) retrieved from /home/airflow/.local/lib/python3.7/site-packages/airflow/example_dags/tutorial_etl_dag.py
[2022-10-03T01:43:36.977+0000] {logging_mixin.py:115} INFO - [2022-10-03T01:43:36.977+0000] {dag.py:2429} INFO - Sync 1 DAGs
[2022-10-03T01:43:37.093+0000] {logging_mixin.py:115} INFO - [2022-10-03T01:43:37.093+0000] {dag.py:2981} INFO - Setting next_dagrun for tutorial_etl_dag to None, run_after=None
[2022-10-03T01:43:37.105+0000] {processor.py:161} INFO - Processing /home/airflow/.local/lib/python3.7/site-packages/airflow/example_dags/tutorial_etl_dag.py took 0.160 seconds
[2022-10-03T01:44:07.475+0000] {processor.py:153} INFO - Started process (PID=1613) to work on /home/airflow/.local/lib/python3.7/site-packages/airflow/example_dags/tutorial_etl_dag.py
[2022-10-03T01:44:07.476+0000] {processor.py:640} INFO - Processing file /home/airflow/.local/lib/python3.7/site-packages/airflow/example_dags/tutorial_etl_dag.py for tasks to queue
[2022-10-03T01:44:07.477+0000] {logging_mixin.py:115} INFO - [2022-10-03T01:44:07.477+0000] {dagbag.py:508} INFO - Filling up the DagBag from /home/airflow/.local/lib/python3.7/site-packages/airflow/example_dags/tutorial_etl_dag.py
[2022-10-03T01:44:07.484+0000] {processor.py:650} INFO - DAG(s) dict_keys(['tutorial_etl_dag']) retrieved from /home/airflow/.local/lib/python3.7/site-packages/airflow/example_dags/tutorial_etl_dag.py
[2022-10-03T01:44:07.518+0000] {logging_mixin.py:115} INFO - [2022-10-03T01:44:07.518+0000] {dag.py:2429} INFO - Sync 1 DAGs
[2022-10-03T01:44:07.649+0000] {logging_mixin.py:115} INFO - [2022-10-03T01:44:07.649+0000] {dag.py:2981} INFO - Setting next_dagrun for tutorial_etl_dag to None, run_after=None
[2022-10-03T01:44:07.664+0000] {processor.py:161} INFO - Processing /home/airflow/.local/lib/python3.7/site-packages/airflow/example_dags/tutorial_etl_dag.py took 0.191 seconds
[2022-10-03T01:44:38.314+0000] {processor.py:153} INFO - Started process (PID=1668) to work on /home/airflow/.local/lib/python3.7/site-packages/airflow/example_dags/tutorial_etl_dag.py
[2022-10-03T01:44:38.315+0000] {processor.py:640} INFO - Processing file /home/airflow/.local/lib/python3.7/site-packages/airflow/example_dags/tutorial_etl_dag.py for tasks to queue
[2022-10-03T01:44:38.316+0000] {logging_mixin.py:115} INFO - [2022-10-03T01:44:38.316+0000] {dagbag.py:508} INFO - Filling up the DagBag from /home/airflow/.local/lib/python3.7/site-packages/airflow/example_dags/tutorial_etl_dag.py
[2022-10-03T01:44:38.324+0000] {processor.py:650} INFO - DAG(s) dict_keys(['tutorial_etl_dag']) retrieved from /home/airflow/.local/lib/python3.7/site-packages/airflow/example_dags/tutorial_etl_dag.py
[2022-10-03T01:44:38.348+0000] {logging_mixin.py:115} INFO - [2022-10-03T01:44:38.348+0000] {dag.py:2429} INFO - Sync 1 DAGs
[2022-10-03T01:44:38.467+0000] {logging_mixin.py:115} INFO - [2022-10-03T01:44:38.467+0000] {dag.py:2981} INFO - Setting next_dagrun for tutorial_etl_dag to None, run_after=None
[2022-10-03T01:44:38.481+0000] {processor.py:161} INFO - Processing /home/airflow/.local/lib/python3.7/site-packages/airflow/example_dags/tutorial_etl_dag.py took 0.170 seconds
[2022-10-03T01:45:09.268+0000] {processor.py:153} INFO - Started process (PID=1723) to work on /home/airflow/.local/lib/python3.7/site-packages/airflow/example_dags/tutorial_etl_dag.py
[2022-10-03T01:45:09.269+0000] {processor.py:640} INFO - Processing file /home/airflow/.local/lib/python3.7/site-packages/airflow/example_dags/tutorial_etl_dag.py for tasks to queue
[2022-10-03T01:45:09.270+0000] {logging_mixin.py:115} INFO - [2022-10-03T01:45:09.270+0000] {dagbag.py:508} INFO - Filling up the DagBag from /home/airflow/.local/lib/python3.7/site-packages/airflow/example_dags/tutorial_etl_dag.py
[2022-10-03T01:45:09.277+0000] {processor.py:650} INFO - DAG(s) dict_keys(['tutorial_etl_dag']) retrieved from /home/airflow/.local/lib/python3.7/site-packages/airflow/example_dags/tutorial_etl_dag.py
[2022-10-03T01:45:09.299+0000] {logging_mixin.py:115} INFO - [2022-10-03T01:45:09.299+0000] {dag.py:2429} INFO - Sync 1 DAGs
[2022-10-03T01:45:09.412+0000] {logging_mixin.py:115} INFO - [2022-10-03T01:45:09.412+0000] {dag.py:2981} INFO - Setting next_dagrun for tutorial_etl_dag to None, run_after=None
[2022-10-03T01:45:09.425+0000] {processor.py:161} INFO - Processing /home/airflow/.local/lib/python3.7/site-packages/airflow/example_dags/tutorial_etl_dag.py took 0.159 seconds
[2022-10-03T01:45:39.860+0000] {processor.py:153} INFO - Started process (PID=1778) to work on /home/airflow/.local/lib/python3.7/site-packages/airflow/example_dags/tutorial_etl_dag.py
[2022-10-03T01:45:39.861+0000] {processor.py:640} INFO - Processing file /home/airflow/.local/lib/python3.7/site-packages/airflow/example_dags/tutorial_etl_dag.py for tasks to queue
[2022-10-03T01:45:39.862+0000] {logging_mixin.py:115} INFO - [2022-10-03T01:45:39.862+0000] {dagbag.py:508} INFO - Filling up the DagBag from /home/airflow/.local/lib/python3.7/site-packages/airflow/example_dags/tutorial_etl_dag.py
[2022-10-03T01:45:39.868+0000] {processor.py:650} INFO - DAG(s) dict_keys(['tutorial_etl_dag']) retrieved from /home/airflow/.local/lib/python3.7/site-packages/airflow/example_dags/tutorial_etl_dag.py
[2022-10-03T01:45:39.895+0000] {logging_mixin.py:115} INFO - [2022-10-03T01:45:39.894+0000] {dag.py:2429} INFO - Sync 1 DAGs
[2022-10-03T01:45:40.032+0000] {logging_mixin.py:115} INFO - [2022-10-03T01:45:40.032+0000] {dag.py:2981} INFO - Setting next_dagrun for tutorial_etl_dag to None, run_after=None
[2022-10-03T01:45:40.046+0000] {processor.py:161} INFO - Processing /home/airflow/.local/lib/python3.7/site-packages/airflow/example_dags/tutorial_etl_dag.py took 0.189 seconds
[2022-10-03T01:46:10.611+0000] {processor.py:153} INFO - Started process (PID=1833) to work on /home/airflow/.local/lib/python3.7/site-packages/airflow/example_dags/tutorial_etl_dag.py
[2022-10-03T01:46:10.612+0000] {processor.py:640} INFO - Processing file /home/airflow/.local/lib/python3.7/site-packages/airflow/example_dags/tutorial_etl_dag.py for tasks to queue
[2022-10-03T01:46:10.613+0000] {logging_mixin.py:115} INFO - [2022-10-03T01:46:10.613+0000] {dagbag.py:508} INFO - Filling up the DagBag from /home/airflow/.local/lib/python3.7/site-packages/airflow/example_dags/tutorial_etl_dag.py
[2022-10-03T01:46:10.618+0000] {processor.py:650} INFO - DAG(s) dict_keys(['tutorial_etl_dag']) retrieved from /home/airflow/.local/lib/python3.7/site-packages/airflow/example_dags/tutorial_etl_dag.py
[2022-10-03T01:46:10.643+0000] {logging_mixin.py:115} INFO - [2022-10-03T01:46:10.642+0000] {dag.py:2429} INFO - Sync 1 DAGs
[2022-10-03T01:46:10.759+0000] {logging_mixin.py:115} INFO - [2022-10-03T01:46:10.759+0000] {dag.py:2981} INFO - Setting next_dagrun for tutorial_etl_dag to None, run_after=None
[2022-10-03T01:46:10.774+0000] {processor.py:161} INFO - Processing /home/airflow/.local/lib/python3.7/site-packages/airflow/example_dags/tutorial_etl_dag.py took 0.165 seconds
[2022-10-03T01:46:41.338+0000] {processor.py:153} INFO - Started process (PID=1888) to work on /home/airflow/.local/lib/python3.7/site-packages/airflow/example_dags/tutorial_etl_dag.py
[2022-10-03T01:46:41.339+0000] {processor.py:640} INFO - Processing file /home/airflow/.local/lib/python3.7/site-packages/airflow/example_dags/tutorial_etl_dag.py for tasks to queue
[2022-10-03T01:46:41.341+0000] {logging_mixin.py:115} INFO - [2022-10-03T01:46:41.340+0000] {dagbag.py:508} INFO - Filling up the DagBag from /home/airflow/.local/lib/python3.7/site-packages/airflow/example_dags/tutorial_etl_dag.py
[2022-10-03T01:46:41.348+0000] {processor.py:650} INFO - DAG(s) dict_keys(['tutorial_etl_dag']) retrieved from /home/airflow/.local/lib/python3.7/site-packages/airflow/example_dags/tutorial_etl_dag.py
[2022-10-03T01:46:41.372+0000] {logging_mixin.py:115} INFO - [2022-10-03T01:46:41.372+0000] {dag.py:2429} INFO - Sync 1 DAGs
[2022-10-03T01:46:41.508+0000] {logging_mixin.py:115} INFO - [2022-10-03T01:46:41.508+0000] {dag.py:2981} INFO - Setting next_dagrun for tutorial_etl_dag to None, run_after=None
[2022-10-03T01:46:41.524+0000] {processor.py:161} INFO - Processing /home/airflow/.local/lib/python3.7/site-packages/airflow/example_dags/tutorial_etl_dag.py took 0.188 seconds
[2022-10-03T01:47:12.322+0000] {processor.py:153} INFO - Started process (PID=1943) to work on /home/airflow/.local/lib/python3.7/site-packages/airflow/example_dags/tutorial_etl_dag.py
[2022-10-03T01:47:12.323+0000] {processor.py:640} INFO - Processing file /home/airflow/.local/lib/python3.7/site-packages/airflow/example_dags/tutorial_etl_dag.py for tasks to queue
[2022-10-03T01:47:12.325+0000] {logging_mixin.py:115} INFO - [2022-10-03T01:47:12.324+0000] {dagbag.py:508} INFO - Filling up the DagBag from /home/airflow/.local/lib/python3.7/site-packages/airflow/example_dags/tutorial_etl_dag.py
[2022-10-03T01:47:12.331+0000] {processor.py:650} INFO - DAG(s) dict_keys(['tutorial_etl_dag']) retrieved from /home/airflow/.local/lib/python3.7/site-packages/airflow/example_dags/tutorial_etl_dag.py
[2022-10-03T01:47:12.371+0000] {logging_mixin.py:115} INFO - [2022-10-03T01:47:12.370+0000] {dag.py:2429} INFO - Sync 1 DAGs
[2022-10-03T01:47:12.515+0000] {logging_mixin.py:115} INFO - [2022-10-03T01:47:12.515+0000] {dag.py:2981} INFO - Setting next_dagrun for tutorial_etl_dag to None, run_after=None
[2022-10-03T01:47:12.529+0000] {processor.py:161} INFO - Processing /home/airflow/.local/lib/python3.7/site-packages/airflow/example_dags/tutorial_etl_dag.py took 0.210 seconds
[2022-10-03T01:47:43.108+0000] {processor.py:153} INFO - Started process (PID=1998) to work on /home/airflow/.local/lib/python3.7/site-packages/airflow/example_dags/tutorial_etl_dag.py
[2022-10-03T01:47:43.109+0000] {processor.py:640} INFO - Processing file /home/airflow/.local/lib/python3.7/site-packages/airflow/example_dags/tutorial_etl_dag.py for tasks to queue
[2022-10-03T01:47:43.110+0000] {logging_mixin.py:115} INFO - [2022-10-03T01:47:43.109+0000] {dagbag.py:508} INFO - Filling up the DagBag from /home/airflow/.local/lib/python3.7/site-packages/airflow/example_dags/tutorial_etl_dag.py
[2022-10-03T01:47:43.115+0000] {processor.py:650} INFO - DAG(s) dict_keys(['tutorial_etl_dag']) retrieved from /home/airflow/.local/lib/python3.7/site-packages/airflow/example_dags/tutorial_etl_dag.py
[2022-10-03T01:47:43.140+0000] {logging_mixin.py:115} INFO - [2022-10-03T01:47:43.140+0000] {dag.py:2429} INFO - Sync 1 DAGs
[2022-10-03T01:47:43.282+0000] {logging_mixin.py:115} INFO - [2022-10-03T01:47:43.281+0000] {dag.py:2981} INFO - Setting next_dagrun for tutorial_etl_dag to None, run_after=None
[2022-10-03T01:47:43.295+0000] {processor.py:161} INFO - Processing /home/airflow/.local/lib/python3.7/site-packages/airflow/example_dags/tutorial_etl_dag.py took 0.190 seconds
[2022-10-03T01:48:13.909+0000] {processor.py:153} INFO - Started process (PID=2060) to work on /home/airflow/.local/lib/python3.7/site-packages/airflow/example_dags/tutorial_etl_dag.py
[2022-10-03T01:48:13.910+0000] {processor.py:640} INFO - Processing file /home/airflow/.local/lib/python3.7/site-packages/airflow/example_dags/tutorial_etl_dag.py for tasks to queue
[2022-10-03T01:48:13.912+0000] {logging_mixin.py:115} INFO - [2022-10-03T01:48:13.911+0000] {dagbag.py:508} INFO - Filling up the DagBag from /home/airflow/.local/lib/python3.7/site-packages/airflow/example_dags/tutorial_etl_dag.py
[2022-10-03T01:48:13.917+0000] {processor.py:650} INFO - DAG(s) dict_keys(['tutorial_etl_dag']) retrieved from /home/airflow/.local/lib/python3.7/site-packages/airflow/example_dags/tutorial_etl_dag.py
[2022-10-03T01:48:13.944+0000] {logging_mixin.py:115} INFO - [2022-10-03T01:48:13.944+0000] {dag.py:2429} INFO - Sync 1 DAGs
[2022-10-03T01:48:14.062+0000] {logging_mixin.py:115} INFO - [2022-10-03T01:48:14.062+0000] {dag.py:2981} INFO - Setting next_dagrun for tutorial_etl_dag to None, run_after=None
[2022-10-03T01:48:14.075+0000] {processor.py:161} INFO - Processing /home/airflow/.local/lib/python3.7/site-packages/airflow/example_dags/tutorial_etl_dag.py took 0.170 seconds
[2022-10-03T01:48:44.731+0000] {processor.py:153} INFO - Started process (PID=2115) to work on /home/airflow/.local/lib/python3.7/site-packages/airflow/example_dags/tutorial_etl_dag.py
[2022-10-03T01:48:44.733+0000] {processor.py:640} INFO - Processing file /home/airflow/.local/lib/python3.7/site-packages/airflow/example_dags/tutorial_etl_dag.py for tasks to queue
[2022-10-03T01:48:44.733+0000] {logging_mixin.py:115} INFO - [2022-10-03T01:48:44.733+0000] {dagbag.py:508} INFO - Filling up the DagBag from /home/airflow/.local/lib/python3.7/site-packages/airflow/example_dags/tutorial_etl_dag.py
[2022-10-03T01:48:44.741+0000] {processor.py:650} INFO - DAG(s) dict_keys(['tutorial_etl_dag']) retrieved from /home/airflow/.local/lib/python3.7/site-packages/airflow/example_dags/tutorial_etl_dag.py
[2022-10-03T01:48:44.768+0000] {logging_mixin.py:115} INFO - [2022-10-03T01:48:44.768+0000] {dag.py:2429} INFO - Sync 1 DAGs
[2022-10-03T01:48:44.891+0000] {logging_mixin.py:115} INFO - [2022-10-03T01:48:44.891+0000] {dag.py:2981} INFO - Setting next_dagrun for tutorial_etl_dag to None, run_after=None
[2022-10-03T01:48:44.906+0000] {processor.py:161} INFO - Processing /home/airflow/.local/lib/python3.7/site-packages/airflow/example_dags/tutorial_etl_dag.py took 0.177 seconds
[2022-10-03T01:49:15.459+0000] {processor.py:153} INFO - Started process (PID=2170) to work on /home/airflow/.local/lib/python3.7/site-packages/airflow/example_dags/tutorial_etl_dag.py
[2022-10-03T01:49:15.461+0000] {processor.py:640} INFO - Processing file /home/airflow/.local/lib/python3.7/site-packages/airflow/example_dags/tutorial_etl_dag.py for tasks to queue
[2022-10-03T01:49:15.462+0000] {logging_mixin.py:115} INFO - [2022-10-03T01:49:15.462+0000] {dagbag.py:508} INFO - Filling up the DagBag from /home/airflow/.local/lib/python3.7/site-packages/airflow/example_dags/tutorial_etl_dag.py
[2022-10-03T01:49:15.473+0000] {processor.py:650} INFO - DAG(s) dict_keys(['tutorial_etl_dag']) retrieved from /home/airflow/.local/lib/python3.7/site-packages/airflow/example_dags/tutorial_etl_dag.py
[2022-10-03T01:49:15.501+0000] {logging_mixin.py:115} INFO - [2022-10-03T01:49:15.501+0000] {dag.py:2429} INFO - Sync 1 DAGs
[2022-10-03T01:49:15.629+0000] {logging_mixin.py:115} INFO - [2022-10-03T01:49:15.628+0000] {dag.py:2981} INFO - Setting next_dagrun for tutorial_etl_dag to None, run_after=None
[2022-10-03T01:49:15.644+0000] {processor.py:161} INFO - Processing /home/airflow/.local/lib/python3.7/site-packages/airflow/example_dags/tutorial_etl_dag.py took 0.188 seconds
[2022-10-03T01:52:30.905+0000] {processor.py:153} INFO - Started process (PID=61) to work on /home/airflow/.local/lib/python3.7/site-packages/airflow/example_dags/tutorial_etl_dag.py
[2022-10-03T01:52:30.907+0000] {processor.py:640} INFO - Processing file /home/airflow/.local/lib/python3.7/site-packages/airflow/example_dags/tutorial_etl_dag.py for tasks to queue
[2022-10-03T01:52:30.909+0000] {logging_mixin.py:115} INFO - [2022-10-03T01:52:30.908+0000] {dagbag.py:508} INFO - Filling up the DagBag from /home/airflow/.local/lib/python3.7/site-packages/airflow/example_dags/tutorial_etl_dag.py
[2022-10-03T01:52:30.920+0000] {processor.py:650} INFO - DAG(s) dict_keys(['tutorial_etl_dag']) retrieved from /home/airflow/.local/lib/python3.7/site-packages/airflow/example_dags/tutorial_etl_dag.py
[2022-10-03T01:52:30.963+0000] {logging_mixin.py:115} INFO - [2022-10-03T01:52:30.963+0000] {dag.py:2429} INFO - Sync 1 DAGs
[2022-10-03T01:52:31.178+0000] {logging_mixin.py:115} INFO - [2022-10-03T01:52:31.178+0000] {dag.py:2981} INFO - Setting next_dagrun for tutorial_etl_dag to None, run_after=None
[2022-10-03T01:52:31.200+0000] {processor.py:161} INFO - Processing /home/airflow/.local/lib/python3.7/site-packages/airflow/example_dags/tutorial_etl_dag.py took 0.299 seconds
[2022-10-03T01:53:02.083+0000] {processor.py:153} INFO - Started process (PID=117) to work on /home/airflow/.local/lib/python3.7/site-packages/airflow/example_dags/tutorial_etl_dag.py
[2022-10-03T01:53:02.084+0000] {processor.py:640} INFO - Processing file /home/airflow/.local/lib/python3.7/site-packages/airflow/example_dags/tutorial_etl_dag.py for tasks to queue
[2022-10-03T01:53:02.085+0000] {logging_mixin.py:115} INFO - [2022-10-03T01:53:02.085+0000] {dagbag.py:508} INFO - Filling up the DagBag from /home/airflow/.local/lib/python3.7/site-packages/airflow/example_dags/tutorial_etl_dag.py
[2022-10-03T01:53:02.092+0000] {processor.py:650} INFO - DAG(s) dict_keys(['tutorial_etl_dag']) retrieved from /home/airflow/.local/lib/python3.7/site-packages/airflow/example_dags/tutorial_etl_dag.py
[2022-10-03T01:53:02.118+0000] {logging_mixin.py:115} INFO - [2022-10-03T01:53:02.118+0000] {dag.py:2429} INFO - Sync 1 DAGs
[2022-10-03T01:53:02.252+0000] {logging_mixin.py:115} INFO - [2022-10-03T01:53:02.252+0000] {dag.py:2981} INFO - Setting next_dagrun for tutorial_etl_dag to None, run_after=None
[2022-10-03T01:53:02.268+0000] {processor.py:161} INFO - Processing /home/airflow/.local/lib/python3.7/site-packages/airflow/example_dags/tutorial_etl_dag.py took 0.187 seconds
[2022-10-03T01:53:32.962+0000] {processor.py:153} INFO - Started process (PID=172) to work on /home/airflow/.local/lib/python3.7/site-packages/airflow/example_dags/tutorial_etl_dag.py
[2022-10-03T01:53:32.963+0000] {processor.py:640} INFO - Processing file /home/airflow/.local/lib/python3.7/site-packages/airflow/example_dags/tutorial_etl_dag.py for tasks to queue
[2022-10-03T01:53:32.965+0000] {logging_mixin.py:115} INFO - [2022-10-03T01:53:32.965+0000] {dagbag.py:508} INFO - Filling up the DagBag from /home/airflow/.local/lib/python3.7/site-packages/airflow/example_dags/tutorial_etl_dag.py
[2022-10-03T01:53:32.972+0000] {processor.py:650} INFO - DAG(s) dict_keys(['tutorial_etl_dag']) retrieved from /home/airflow/.local/lib/python3.7/site-packages/airflow/example_dags/tutorial_etl_dag.py
[2022-10-03T01:53:33.008+0000] {logging_mixin.py:115} INFO - [2022-10-03T01:53:33.008+0000] {dag.py:2429} INFO - Sync 1 DAGs
[2022-10-03T01:53:33.136+0000] {logging_mixin.py:115} INFO - [2022-10-03T01:53:33.135+0000] {dag.py:2981} INFO - Setting next_dagrun for tutorial_etl_dag to None, run_after=None
[2022-10-03T01:53:33.150+0000] {processor.py:161} INFO - Processing /home/airflow/.local/lib/python3.7/site-packages/airflow/example_dags/tutorial_etl_dag.py took 0.192 seconds
[2022-10-03T01:54:03.820+0000] {processor.py:153} INFO - Started process (PID=227) to work on /home/airflow/.local/lib/python3.7/site-packages/airflow/example_dags/tutorial_etl_dag.py
[2022-10-03T01:54:03.822+0000] {processor.py:640} INFO - Processing file /home/airflow/.local/lib/python3.7/site-packages/airflow/example_dags/tutorial_etl_dag.py for tasks to queue
[2022-10-03T01:54:03.823+0000] {logging_mixin.py:115} INFO - [2022-10-03T01:54:03.822+0000] {dagbag.py:508} INFO - Filling up the DagBag from /home/airflow/.local/lib/python3.7/site-packages/airflow/example_dags/tutorial_etl_dag.py
[2022-10-03T01:54:03.829+0000] {processor.py:650} INFO - DAG(s) dict_keys(['tutorial_etl_dag']) retrieved from /home/airflow/.local/lib/python3.7/site-packages/airflow/example_dags/tutorial_etl_dag.py
[2022-10-03T01:54:03.854+0000] {logging_mixin.py:115} INFO - [2022-10-03T01:54:03.854+0000] {dag.py:2429} INFO - Sync 1 DAGs
[2022-10-03T01:54:03.973+0000] {logging_mixin.py:115} INFO - [2022-10-03T01:54:03.973+0000] {dag.py:2981} INFO - Setting next_dagrun for tutorial_etl_dag to None, run_after=None
[2022-10-03T01:54:03.989+0000] {processor.py:161} INFO - Processing /home/airflow/.local/lib/python3.7/site-packages/airflow/example_dags/tutorial_etl_dag.py took 0.171 seconds
[2022-10-03T01:54:34.740+0000] {processor.py:153} INFO - Started process (PID=283) to work on /home/airflow/.local/lib/python3.7/site-packages/airflow/example_dags/tutorial_etl_dag.py
[2022-10-03T01:54:34.741+0000] {processor.py:640} INFO - Processing file /home/airflow/.local/lib/python3.7/site-packages/airflow/example_dags/tutorial_etl_dag.py for tasks to queue
[2022-10-03T01:54:34.742+0000] {logging_mixin.py:115} INFO - [2022-10-03T01:54:34.741+0000] {dagbag.py:508} INFO - Filling up the DagBag from /home/airflow/.local/lib/python3.7/site-packages/airflow/example_dags/tutorial_etl_dag.py
[2022-10-03T01:54:34.747+0000] {processor.py:650} INFO - DAG(s) dict_keys(['tutorial_etl_dag']) retrieved from /home/airflow/.local/lib/python3.7/site-packages/airflow/example_dags/tutorial_etl_dag.py
[2022-10-03T01:54:34.772+0000] {logging_mixin.py:115} INFO - [2022-10-03T01:54:34.772+0000] {dag.py:2429} INFO - Sync 1 DAGs
[2022-10-03T01:54:34.898+0000] {logging_mixin.py:115} INFO - [2022-10-03T01:54:34.898+0000] {dag.py:2981} INFO - Setting next_dagrun for tutorial_etl_dag to None, run_after=None
[2022-10-03T01:54:34.936+0000] {processor.py:161} INFO - Processing /home/airflow/.local/lib/python3.7/site-packages/airflow/example_dags/tutorial_etl_dag.py took 0.199 seconds
[2022-10-03T01:55:05.180+0000] {processor.py:153} INFO - Started process (PID=338) to work on /home/airflow/.local/lib/python3.7/site-packages/airflow/example_dags/tutorial_etl_dag.py
[2022-10-03T01:55:05.182+0000] {processor.py:640} INFO - Processing file /home/airflow/.local/lib/python3.7/site-packages/airflow/example_dags/tutorial_etl_dag.py for tasks to queue
[2022-10-03T01:55:05.183+0000] {logging_mixin.py:115} INFO - [2022-10-03T01:55:05.183+0000] {dagbag.py:508} INFO - Filling up the DagBag from /home/airflow/.local/lib/python3.7/site-packages/airflow/example_dags/tutorial_etl_dag.py
[2022-10-03T01:55:05.193+0000] {processor.py:650} INFO - DAG(s) dict_keys(['tutorial_etl_dag']) retrieved from /home/airflow/.local/lib/python3.7/site-packages/airflow/example_dags/tutorial_etl_dag.py
[2022-10-03T01:55:05.227+0000] {logging_mixin.py:115} INFO - [2022-10-03T01:55:05.227+0000] {dag.py:2429} INFO - Sync 1 DAGs
[2022-10-03T01:55:05.348+0000] {logging_mixin.py:115} INFO - [2022-10-03T01:55:05.348+0000] {dag.py:2981} INFO - Setting next_dagrun for tutorial_etl_dag to None, run_after=None
[2022-10-03T01:55:05.369+0000] {processor.py:161} INFO - Processing /home/airflow/.local/lib/python3.7/site-packages/airflow/example_dags/tutorial_etl_dag.py took 0.191 seconds
[2022-10-03T01:55:35.977+0000] {processor.py:153} INFO - Started process (PID=393) to work on /home/airflow/.local/lib/python3.7/site-packages/airflow/example_dags/tutorial_etl_dag.py
[2022-10-03T01:55:35.978+0000] {processor.py:640} INFO - Processing file /home/airflow/.local/lib/python3.7/site-packages/airflow/example_dags/tutorial_etl_dag.py for tasks to queue
[2022-10-03T01:55:35.980+0000] {logging_mixin.py:115} INFO - [2022-10-03T01:55:35.979+0000] {dagbag.py:508} INFO - Filling up the DagBag from /home/airflow/.local/lib/python3.7/site-packages/airflow/example_dags/tutorial_etl_dag.py
[2022-10-03T01:55:35.987+0000] {processor.py:650} INFO - DAG(s) dict_keys(['tutorial_etl_dag']) retrieved from /home/airflow/.local/lib/python3.7/site-packages/airflow/example_dags/tutorial_etl_dag.py
[2022-10-03T01:55:36.011+0000] {logging_mixin.py:115} INFO - [2022-10-03T01:55:36.011+0000] {dag.py:2429} INFO - Sync 1 DAGs
[2022-10-03T01:55:36.135+0000] {logging_mixin.py:115} INFO - [2022-10-03T01:55:36.135+0000] {dag.py:2981} INFO - Setting next_dagrun for tutorial_etl_dag to None, run_after=None
[2022-10-03T01:55:36.153+0000] {processor.py:161} INFO - Processing /home/airflow/.local/lib/python3.7/site-packages/airflow/example_dags/tutorial_etl_dag.py took 0.178 seconds
[2022-10-03T01:56:06.472+0000] {processor.py:153} INFO - Started process (PID=448) to work on /home/airflow/.local/lib/python3.7/site-packages/airflow/example_dags/tutorial_etl_dag.py
[2022-10-03T01:56:06.473+0000] {processor.py:640} INFO - Processing file /home/airflow/.local/lib/python3.7/site-packages/airflow/example_dags/tutorial_etl_dag.py for tasks to queue
[2022-10-03T01:56:06.474+0000] {logging_mixin.py:115} INFO - [2022-10-03T01:56:06.473+0000] {dagbag.py:508} INFO - Filling up the DagBag from /home/airflow/.local/lib/python3.7/site-packages/airflow/example_dags/tutorial_etl_dag.py
[2022-10-03T01:56:06.481+0000] {processor.py:650} INFO - DAG(s) dict_keys(['tutorial_etl_dag']) retrieved from /home/airflow/.local/lib/python3.7/site-packages/airflow/example_dags/tutorial_etl_dag.py
[2022-10-03T01:56:06.521+0000] {logging_mixin.py:115} INFO - [2022-10-03T01:56:06.521+0000] {dag.py:2429} INFO - Sync 1 DAGs
[2022-10-03T01:56:06.654+0000] {logging_mixin.py:115} INFO - [2022-10-03T01:56:06.654+0000] {dag.py:2981} INFO - Setting next_dagrun for tutorial_etl_dag to None, run_after=None
[2022-10-03T01:56:06.666+0000] {processor.py:161} INFO - Processing /home/airflow/.local/lib/python3.7/site-packages/airflow/example_dags/tutorial_etl_dag.py took 0.198 seconds
[2022-10-03T01:56:37.343+0000] {processor.py:153} INFO - Started process (PID=503) to work on /home/airflow/.local/lib/python3.7/site-packages/airflow/example_dags/tutorial_etl_dag.py
[2022-10-03T01:56:37.343+0000] {processor.py:640} INFO - Processing file /home/airflow/.local/lib/python3.7/site-packages/airflow/example_dags/tutorial_etl_dag.py for tasks to queue
[2022-10-03T01:56:37.344+0000] {logging_mixin.py:115} INFO - [2022-10-03T01:56:37.344+0000] {dagbag.py:508} INFO - Filling up the DagBag from /home/airflow/.local/lib/python3.7/site-packages/airflow/example_dags/tutorial_etl_dag.py
[2022-10-03T01:56:37.352+0000] {processor.py:650} INFO - DAG(s) dict_keys(['tutorial_etl_dag']) retrieved from /home/airflow/.local/lib/python3.7/site-packages/airflow/example_dags/tutorial_etl_dag.py
[2022-10-03T01:56:37.386+0000] {logging_mixin.py:115} INFO - [2022-10-03T01:56:37.386+0000] {dag.py:2429} INFO - Sync 1 DAGs
[2022-10-03T01:56:37.529+0000] {logging_mixin.py:115} INFO - [2022-10-03T01:56:37.529+0000] {dag.py:2981} INFO - Setting next_dagrun for tutorial_etl_dag to None, run_after=None
[2022-10-03T01:56:37.542+0000] {processor.py:161} INFO - Processing /home/airflow/.local/lib/python3.7/site-packages/airflow/example_dags/tutorial_etl_dag.py took 0.202 seconds
[2022-10-03T01:57:07.892+0000] {processor.py:153} INFO - Started process (PID=558) to work on /home/airflow/.local/lib/python3.7/site-packages/airflow/example_dags/tutorial_etl_dag.py
[2022-10-03T01:57:07.893+0000] {processor.py:640} INFO - Processing file /home/airflow/.local/lib/python3.7/site-packages/airflow/example_dags/tutorial_etl_dag.py for tasks to queue
[2022-10-03T01:57:07.894+0000] {logging_mixin.py:115} INFO - [2022-10-03T01:57:07.894+0000] {dagbag.py:508} INFO - Filling up the DagBag from /home/airflow/.local/lib/python3.7/site-packages/airflow/example_dags/tutorial_etl_dag.py
[2022-10-03T01:57:07.902+0000] {processor.py:650} INFO - DAG(s) dict_keys(['tutorial_etl_dag']) retrieved from /home/airflow/.local/lib/python3.7/site-packages/airflow/example_dags/tutorial_etl_dag.py
[2022-10-03T01:57:07.926+0000] {logging_mixin.py:115} INFO - [2022-10-03T01:57:07.926+0000] {dag.py:2429} INFO - Sync 1 DAGs
[2022-10-03T01:57:08.052+0000] {logging_mixin.py:115} INFO - [2022-10-03T01:57:08.052+0000] {dag.py:2981} INFO - Setting next_dagrun for tutorial_etl_dag to None, run_after=None
[2022-10-03T01:57:08.066+0000] {processor.py:161} INFO - Processing /home/airflow/.local/lib/python3.7/site-packages/airflow/example_dags/tutorial_etl_dag.py took 0.176 seconds
[2022-10-03T01:57:38.390+0000] {processor.py:153} INFO - Started process (PID=613) to work on /home/airflow/.local/lib/python3.7/site-packages/airflow/example_dags/tutorial_etl_dag.py
[2022-10-03T01:57:38.390+0000] {processor.py:640} INFO - Processing file /home/airflow/.local/lib/python3.7/site-packages/airflow/example_dags/tutorial_etl_dag.py for tasks to queue
[2022-10-03T01:57:38.391+0000] {logging_mixin.py:115} INFO - [2022-10-03T01:57:38.391+0000] {dagbag.py:508} INFO - Filling up the DagBag from /home/airflow/.local/lib/python3.7/site-packages/airflow/example_dags/tutorial_etl_dag.py
[2022-10-03T01:57:38.398+0000] {processor.py:650} INFO - DAG(s) dict_keys(['tutorial_etl_dag']) retrieved from /home/airflow/.local/lib/python3.7/site-packages/airflow/example_dags/tutorial_etl_dag.py
[2022-10-03T01:57:38.434+0000] {logging_mixin.py:115} INFO - [2022-10-03T01:57:38.434+0000] {dag.py:2429} INFO - Sync 1 DAGs
[2022-10-03T01:57:38.570+0000] {logging_mixin.py:115} INFO - [2022-10-03T01:57:38.570+0000] {dag.py:2981} INFO - Setting next_dagrun for tutorial_etl_dag to None, run_after=None
[2022-10-03T01:57:38.585+0000] {processor.py:161} INFO - Processing /home/airflow/.local/lib/python3.7/site-packages/airflow/example_dags/tutorial_etl_dag.py took 0.198 seconds
[2022-10-03T01:58:09.192+0000] {processor.py:153} INFO - Started process (PID=668) to work on /home/airflow/.local/lib/python3.7/site-packages/airflow/example_dags/tutorial_etl_dag.py
[2022-10-03T01:58:09.193+0000] {processor.py:640} INFO - Processing file /home/airflow/.local/lib/python3.7/site-packages/airflow/example_dags/tutorial_etl_dag.py for tasks to queue
[2022-10-03T01:58:09.194+0000] {logging_mixin.py:115} INFO - [2022-10-03T01:58:09.194+0000] {dagbag.py:508} INFO - Filling up the DagBag from /home/airflow/.local/lib/python3.7/site-packages/airflow/example_dags/tutorial_etl_dag.py
[2022-10-03T01:58:09.200+0000] {processor.py:650} INFO - DAG(s) dict_keys(['tutorial_etl_dag']) retrieved from /home/airflow/.local/lib/python3.7/site-packages/airflow/example_dags/tutorial_etl_dag.py
[2022-10-03T01:58:09.225+0000] {logging_mixin.py:115} INFO - [2022-10-03T01:58:09.225+0000] {dag.py:2429} INFO - Sync 1 DAGs
[2022-10-03T01:58:09.357+0000] {logging_mixin.py:115} INFO - [2022-10-03T01:58:09.357+0000] {dag.py:2981} INFO - Setting next_dagrun for tutorial_etl_dag to None, run_after=None
[2022-10-03T01:58:09.371+0000] {processor.py:161} INFO - Processing /home/airflow/.local/lib/python3.7/site-packages/airflow/example_dags/tutorial_etl_dag.py took 0.183 seconds
[2022-10-03T01:58:39.622+0000] {processor.py:153} INFO - Started process (PID=723) to work on /home/airflow/.local/lib/python3.7/site-packages/airflow/example_dags/tutorial_etl_dag.py
[2022-10-03T01:58:39.623+0000] {processor.py:640} INFO - Processing file /home/airflow/.local/lib/python3.7/site-packages/airflow/example_dags/tutorial_etl_dag.py for tasks to queue
[2022-10-03T01:58:39.624+0000] {logging_mixin.py:115} INFO - [2022-10-03T01:58:39.624+0000] {dagbag.py:508} INFO - Filling up the DagBag from /home/airflow/.local/lib/python3.7/site-packages/airflow/example_dags/tutorial_etl_dag.py
[2022-10-03T01:58:39.629+0000] {processor.py:650} INFO - DAG(s) dict_keys(['tutorial_etl_dag']) retrieved from /home/airflow/.local/lib/python3.7/site-packages/airflow/example_dags/tutorial_etl_dag.py
[2022-10-03T01:58:39.652+0000] {logging_mixin.py:115} INFO - [2022-10-03T01:58:39.652+0000] {dag.py:2429} INFO - Sync 1 DAGs
[2022-10-03T01:58:39.802+0000] {logging_mixin.py:115} INFO - [2022-10-03T01:58:39.802+0000] {dag.py:2981} INFO - Setting next_dagrun for tutorial_etl_dag to None, run_after=None
[2022-10-03T01:58:39.816+0000] {processor.py:161} INFO - Processing /home/airflow/.local/lib/python3.7/site-packages/airflow/example_dags/tutorial_etl_dag.py took 0.197 seconds
[2022-10-03T01:59:10.303+0000] {processor.py:153} INFO - Started process (PID=778) to work on /home/airflow/.local/lib/python3.7/site-packages/airflow/example_dags/tutorial_etl_dag.py
[2022-10-03T01:59:10.304+0000] {processor.py:640} INFO - Processing file /home/airflow/.local/lib/python3.7/site-packages/airflow/example_dags/tutorial_etl_dag.py for tasks to queue
[2022-10-03T01:59:10.305+0000] {logging_mixin.py:115} INFO - [2022-10-03T01:59:10.304+0000] {dagbag.py:508} INFO - Filling up the DagBag from /home/airflow/.local/lib/python3.7/site-packages/airflow/example_dags/tutorial_etl_dag.py
[2022-10-03T01:59:10.310+0000] {processor.py:650} INFO - DAG(s) dict_keys(['tutorial_etl_dag']) retrieved from /home/airflow/.local/lib/python3.7/site-packages/airflow/example_dags/tutorial_etl_dag.py
[2022-10-03T01:59:10.331+0000] {logging_mixin.py:115} INFO - [2022-10-03T01:59:10.331+0000] {dag.py:2429} INFO - Sync 1 DAGs
[2022-10-03T01:59:10.450+0000] {logging_mixin.py:115} INFO - [2022-10-03T01:59:10.450+0000] {dag.py:2981} INFO - Setting next_dagrun for tutorial_etl_dag to None, run_after=None
[2022-10-03T01:59:10.467+0000] {processor.py:161} INFO - Processing /home/airflow/.local/lib/python3.7/site-packages/airflow/example_dags/tutorial_etl_dag.py took 0.167 seconds
[2022-10-03T01:59:40.975+0000] {processor.py:153} INFO - Started process (PID=834) to work on /home/airflow/.local/lib/python3.7/site-packages/airflow/example_dags/tutorial_etl_dag.py
[2022-10-03T01:59:40.976+0000] {processor.py:640} INFO - Processing file /home/airflow/.local/lib/python3.7/site-packages/airflow/example_dags/tutorial_etl_dag.py for tasks to queue
[2022-10-03T01:59:40.977+0000] {logging_mixin.py:115} INFO - [2022-10-03T01:59:40.976+0000] {dagbag.py:508} INFO - Filling up the DagBag from /home/airflow/.local/lib/python3.7/site-packages/airflow/example_dags/tutorial_etl_dag.py
[2022-10-03T01:59:40.982+0000] {processor.py:650} INFO - DAG(s) dict_keys(['tutorial_etl_dag']) retrieved from /home/airflow/.local/lib/python3.7/site-packages/airflow/example_dags/tutorial_etl_dag.py
[2022-10-03T01:59:41.005+0000] {logging_mixin.py:115} INFO - [2022-10-03T01:59:41.004+0000] {dag.py:2429} INFO - Sync 1 DAGs
[2022-10-03T01:59:41.123+0000] {logging_mixin.py:115} INFO - [2022-10-03T01:59:41.123+0000] {dag.py:2981} INFO - Setting next_dagrun for tutorial_etl_dag to None, run_after=None
[2022-10-03T01:59:41.136+0000] {processor.py:161} INFO - Processing /home/airflow/.local/lib/python3.7/site-packages/airflow/example_dags/tutorial_etl_dag.py took 0.164 seconds
