[2022-10-03T01:29:47.369+0000] {processor.py:153} INFO - Started process (PID=62) to work on /home/airflow/.local/lib/python3.7/site-packages/airflow/example_dags/tutorial_taskflow_api_etl.py
[2022-10-03T01:29:47.370+0000] {processor.py:640} INFO - Processing file /home/airflow/.local/lib/python3.7/site-packages/airflow/example_dags/tutorial_taskflow_api_etl.py for tasks to queue
[2022-10-03T01:29:47.372+0000] {logging_mixin.py:115} INFO - [2022-10-03T01:29:47.371+0000] {dagbag.py:508} INFO - Filling up the DagBag from /home/airflow/.local/lib/python3.7/site-packages/airflow/example_dags/tutorial_taskflow_api_etl.py
[2022-10-03T01:29:47.400+0000] {processor.py:650} INFO - DAG(s) dict_keys(['tutorial_taskflow_api_etl']) retrieved from /home/airflow/.local/lib/python3.7/site-packages/airflow/example_dags/tutorial_taskflow_api_etl.py
[2022-10-03T01:29:47.674+0000] {logging_mixin.py:115} INFO - [2022-10-03T01:29:47.674+0000] {manager.py:508} INFO - Created Permission View: can edit on DAG:tutorial_taskflow_api_etl
[2022-10-03T01:29:47.691+0000] {logging_mixin.py:115} INFO - [2022-10-03T01:29:47.691+0000] {manager.py:508} INFO - Created Permission View: can read on DAG:tutorial_taskflow_api_etl
[2022-10-03T01:29:47.708+0000] {logging_mixin.py:115} INFO - [2022-10-03T01:29:47.708+0000] {manager.py:508} INFO - Created Permission View: can delete on DAG:tutorial_taskflow_api_etl
[2022-10-03T01:29:47.709+0000] {logging_mixin.py:115} INFO - [2022-10-03T01:29:47.709+0000] {dag.py:2429} INFO - Sync 1 DAGs
[2022-10-03T01:29:47.724+0000] {logging_mixin.py:115} INFO - [2022-10-03T01:29:47.724+0000] {dag.py:2448} INFO - Creating ORM DAG for tutorial_taskflow_api_etl
[2022-10-03T01:29:47.743+0000] {logging_mixin.py:115} INFO - [2022-10-03T01:29:47.743+0000] {dag.py:2981} INFO - Setting next_dagrun for tutorial_taskflow_api_etl to None, run_after=None
[2022-10-03T01:29:47.768+0000] {processor.py:161} INFO - Processing /home/airflow/.local/lib/python3.7/site-packages/airflow/example_dags/tutorial_taskflow_api_etl.py took 0.406 seconds
[2022-10-03T01:30:18.577+0000] {processor.py:153} INFO - Started process (PID=117) to work on /home/airflow/.local/lib/python3.7/site-packages/airflow/example_dags/tutorial_taskflow_api_etl.py
[2022-10-03T01:30:18.577+0000] {processor.py:640} INFO - Processing file /home/airflow/.local/lib/python3.7/site-packages/airflow/example_dags/tutorial_taskflow_api_etl.py for tasks to queue
[2022-10-03T01:30:18.578+0000] {logging_mixin.py:115} INFO - [2022-10-03T01:30:18.578+0000] {dagbag.py:508} INFO - Filling up the DagBag from /home/airflow/.local/lib/python3.7/site-packages/airflow/example_dags/tutorial_taskflow_api_etl.py
[2022-10-03T01:30:18.596+0000] {processor.py:650} INFO - DAG(s) dict_keys(['tutorial_taskflow_api_etl']) retrieved from /home/airflow/.local/lib/python3.7/site-packages/airflow/example_dags/tutorial_taskflow_api_etl.py
[2022-10-03T01:30:18.752+0000] {logging_mixin.py:115} INFO - [2022-10-03T01:30:18.752+0000] {dag.py:2429} INFO - Sync 1 DAGs
[2022-10-03T01:30:18.774+0000] {logging_mixin.py:115} INFO - [2022-10-03T01:30:18.774+0000] {dag.py:2981} INFO - Setting next_dagrun for tutorial_taskflow_api_etl to None, run_after=None
[2022-10-03T01:30:18.791+0000] {processor.py:161} INFO - Processing /home/airflow/.local/lib/python3.7/site-packages/airflow/example_dags/tutorial_taskflow_api_etl.py took 0.217 seconds
[2022-10-03T01:30:49.268+0000] {processor.py:153} INFO - Started process (PID=172) to work on /home/airflow/.local/lib/python3.7/site-packages/airflow/example_dags/tutorial_taskflow_api_etl.py
[2022-10-03T01:30:49.269+0000] {processor.py:640} INFO - Processing file /home/airflow/.local/lib/python3.7/site-packages/airflow/example_dags/tutorial_taskflow_api_etl.py for tasks to queue
[2022-10-03T01:30:49.270+0000] {logging_mixin.py:115} INFO - [2022-10-03T01:30:49.270+0000] {dagbag.py:508} INFO - Filling up the DagBag from /home/airflow/.local/lib/python3.7/site-packages/airflow/example_dags/tutorial_taskflow_api_etl.py
[2022-10-03T01:30:49.287+0000] {processor.py:650} INFO - DAG(s) dict_keys(['tutorial_taskflow_api_etl']) retrieved from /home/airflow/.local/lib/python3.7/site-packages/airflow/example_dags/tutorial_taskflow_api_etl.py
[2022-10-03T01:30:49.471+0000] {logging_mixin.py:115} INFO - [2022-10-03T01:30:49.471+0000] {dag.py:2429} INFO - Sync 1 DAGs
[2022-10-03T01:30:49.495+0000] {logging_mixin.py:115} INFO - [2022-10-03T01:30:49.495+0000] {dag.py:2981} INFO - Setting next_dagrun for tutorial_taskflow_api_etl to None, run_after=None
[2022-10-03T01:30:49.510+0000] {processor.py:161} INFO - Processing /home/airflow/.local/lib/python3.7/site-packages/airflow/example_dags/tutorial_taskflow_api_etl.py took 0.244 seconds
[2022-10-03T01:31:19.998+0000] {processor.py:153} INFO - Started process (PID=227) to work on /home/airflow/.local/lib/python3.7/site-packages/airflow/example_dags/tutorial_taskflow_api_etl.py
[2022-10-03T01:31:19.999+0000] {processor.py:640} INFO - Processing file /home/airflow/.local/lib/python3.7/site-packages/airflow/example_dags/tutorial_taskflow_api_etl.py for tasks to queue
[2022-10-03T01:31:20.000+0000] {logging_mixin.py:115} INFO - [2022-10-03T01:31:20.000+0000] {dagbag.py:508} INFO - Filling up the DagBag from /home/airflow/.local/lib/python3.7/site-packages/airflow/example_dags/tutorial_taskflow_api_etl.py
[2022-10-03T01:31:20.017+0000] {processor.py:650} INFO - DAG(s) dict_keys(['tutorial_taskflow_api_etl']) retrieved from /home/airflow/.local/lib/python3.7/site-packages/airflow/example_dags/tutorial_taskflow_api_etl.py
[2022-10-03T01:31:20.197+0000] {logging_mixin.py:115} INFO - [2022-10-03T01:31:20.197+0000] {dag.py:2429} INFO - Sync 1 DAGs
[2022-10-03T01:31:20.220+0000] {logging_mixin.py:115} INFO - [2022-10-03T01:31:20.219+0000] {dag.py:2981} INFO - Setting next_dagrun for tutorial_taskflow_api_etl to None, run_after=None
[2022-10-03T01:31:20.237+0000] {processor.py:161} INFO - Processing /home/airflow/.local/lib/python3.7/site-packages/airflow/example_dags/tutorial_taskflow_api_etl.py took 0.241 seconds
[2022-10-03T01:31:50.741+0000] {processor.py:153} INFO - Started process (PID=283) to work on /home/airflow/.local/lib/python3.7/site-packages/airflow/example_dags/tutorial_taskflow_api_etl.py
[2022-10-03T01:31:50.741+0000] {processor.py:640} INFO - Processing file /home/airflow/.local/lib/python3.7/site-packages/airflow/example_dags/tutorial_taskflow_api_etl.py for tasks to queue
[2022-10-03T01:31:50.742+0000] {logging_mixin.py:115} INFO - [2022-10-03T01:31:50.742+0000] {dagbag.py:508} INFO - Filling up the DagBag from /home/airflow/.local/lib/python3.7/site-packages/airflow/example_dags/tutorial_taskflow_api_etl.py
[2022-10-03T01:31:50.760+0000] {processor.py:650} INFO - DAG(s) dict_keys(['tutorial_taskflow_api_etl']) retrieved from /home/airflow/.local/lib/python3.7/site-packages/airflow/example_dags/tutorial_taskflow_api_etl.py
[2022-10-03T01:31:50.916+0000] {logging_mixin.py:115} INFO - [2022-10-03T01:31:50.916+0000] {dag.py:2429} INFO - Sync 1 DAGs
[2022-10-03T01:31:50.940+0000] {logging_mixin.py:115} INFO - [2022-10-03T01:31:50.940+0000] {dag.py:2981} INFO - Setting next_dagrun for tutorial_taskflow_api_etl to None, run_after=None
[2022-10-03T01:31:50.954+0000] {processor.py:161} INFO - Processing /home/airflow/.local/lib/python3.7/site-packages/airflow/example_dags/tutorial_taskflow_api_etl.py took 0.216 seconds
[2022-10-03T01:32:21.459+0000] {processor.py:153} INFO - Started process (PID=338) to work on /home/airflow/.local/lib/python3.7/site-packages/airflow/example_dags/tutorial_taskflow_api_etl.py
[2022-10-03T01:32:21.460+0000] {processor.py:640} INFO - Processing file /home/airflow/.local/lib/python3.7/site-packages/airflow/example_dags/tutorial_taskflow_api_etl.py for tasks to queue
[2022-10-03T01:32:21.462+0000] {logging_mixin.py:115} INFO - [2022-10-03T01:32:21.461+0000] {dagbag.py:508} INFO - Filling up the DagBag from /home/airflow/.local/lib/python3.7/site-packages/airflow/example_dags/tutorial_taskflow_api_etl.py
[2022-10-03T01:32:21.480+0000] {processor.py:650} INFO - DAG(s) dict_keys(['tutorial_taskflow_api_etl']) retrieved from /home/airflow/.local/lib/python3.7/site-packages/airflow/example_dags/tutorial_taskflow_api_etl.py
[2022-10-03T01:32:21.655+0000] {logging_mixin.py:115} INFO - [2022-10-03T01:32:21.654+0000] {dag.py:2429} INFO - Sync 1 DAGs
[2022-10-03T01:32:21.678+0000] {logging_mixin.py:115} INFO - [2022-10-03T01:32:21.678+0000] {dag.py:2981} INFO - Setting next_dagrun for tutorial_taskflow_api_etl to None, run_after=None
[2022-10-03T01:32:21.693+0000] {processor.py:161} INFO - Processing /home/airflow/.local/lib/python3.7/site-packages/airflow/example_dags/tutorial_taskflow_api_etl.py took 0.237 seconds
[2022-10-03T01:32:52.392+0000] {processor.py:153} INFO - Started process (PID=393) to work on /home/airflow/.local/lib/python3.7/site-packages/airflow/example_dags/tutorial_taskflow_api_etl.py
[2022-10-03T01:32:52.393+0000] {processor.py:640} INFO - Processing file /home/airflow/.local/lib/python3.7/site-packages/airflow/example_dags/tutorial_taskflow_api_etl.py for tasks to queue
[2022-10-03T01:32:52.394+0000] {logging_mixin.py:115} INFO - [2022-10-03T01:32:52.394+0000] {dagbag.py:508} INFO - Filling up the DagBag from /home/airflow/.local/lib/python3.7/site-packages/airflow/example_dags/tutorial_taskflow_api_etl.py
[2022-10-03T01:32:52.409+0000] {processor.py:650} INFO - DAG(s) dict_keys(['tutorial_taskflow_api_etl']) retrieved from /home/airflow/.local/lib/python3.7/site-packages/airflow/example_dags/tutorial_taskflow_api_etl.py
[2022-10-03T01:32:52.566+0000] {logging_mixin.py:115} INFO - [2022-10-03T01:32:52.566+0000] {dag.py:2429} INFO - Sync 1 DAGs
[2022-10-03T01:32:52.589+0000] {logging_mixin.py:115} INFO - [2022-10-03T01:32:52.589+0000] {dag.py:2981} INFO - Setting next_dagrun for tutorial_taskflow_api_etl to None, run_after=None
[2022-10-03T01:32:52.607+0000] {processor.py:161} INFO - Processing /home/airflow/.local/lib/python3.7/site-packages/airflow/example_dags/tutorial_taskflow_api_etl.py took 0.218 seconds
[2022-10-03T01:33:23.153+0000] {processor.py:153} INFO - Started process (PID=448) to work on /home/airflow/.local/lib/python3.7/site-packages/airflow/example_dags/tutorial_taskflow_api_etl.py
[2022-10-03T01:33:23.154+0000] {processor.py:640} INFO - Processing file /home/airflow/.local/lib/python3.7/site-packages/airflow/example_dags/tutorial_taskflow_api_etl.py for tasks to queue
[2022-10-03T01:33:23.155+0000] {logging_mixin.py:115} INFO - [2022-10-03T01:33:23.155+0000] {dagbag.py:508} INFO - Filling up the DagBag from /home/airflow/.local/lib/python3.7/site-packages/airflow/example_dags/tutorial_taskflow_api_etl.py
[2022-10-03T01:33:23.171+0000] {processor.py:650} INFO - DAG(s) dict_keys(['tutorial_taskflow_api_etl']) retrieved from /home/airflow/.local/lib/python3.7/site-packages/airflow/example_dags/tutorial_taskflow_api_etl.py
[2022-10-03T01:33:23.329+0000] {logging_mixin.py:115} INFO - [2022-10-03T01:33:23.328+0000] {dag.py:2429} INFO - Sync 1 DAGs
[2022-10-03T01:33:23.350+0000] {logging_mixin.py:115} INFO - [2022-10-03T01:33:23.350+0000] {dag.py:2981} INFO - Setting next_dagrun for tutorial_taskflow_api_etl to None, run_after=None
[2022-10-03T01:33:23.367+0000] {processor.py:161} INFO - Processing /home/airflow/.local/lib/python3.7/site-packages/airflow/example_dags/tutorial_taskflow_api_etl.py took 0.217 seconds
[2022-10-03T01:33:53.890+0000] {processor.py:153} INFO - Started process (PID=503) to work on /home/airflow/.local/lib/python3.7/site-packages/airflow/example_dags/tutorial_taskflow_api_etl.py
[2022-10-03T01:33:53.890+0000] {processor.py:640} INFO - Processing file /home/airflow/.local/lib/python3.7/site-packages/airflow/example_dags/tutorial_taskflow_api_etl.py for tasks to queue
[2022-10-03T01:33:53.891+0000] {logging_mixin.py:115} INFO - [2022-10-03T01:33:53.891+0000] {dagbag.py:508} INFO - Filling up the DagBag from /home/airflow/.local/lib/python3.7/site-packages/airflow/example_dags/tutorial_taskflow_api_etl.py
[2022-10-03T01:33:53.913+0000] {processor.py:650} INFO - DAG(s) dict_keys(['tutorial_taskflow_api_etl']) retrieved from /home/airflow/.local/lib/python3.7/site-packages/airflow/example_dags/tutorial_taskflow_api_etl.py
[2022-10-03T01:33:54.076+0000] {logging_mixin.py:115} INFO - [2022-10-03T01:33:54.076+0000] {dag.py:2429} INFO - Sync 1 DAGs
[2022-10-03T01:33:54.100+0000] {logging_mixin.py:115} INFO - [2022-10-03T01:33:54.100+0000] {dag.py:2981} INFO - Setting next_dagrun for tutorial_taskflow_api_etl to None, run_after=None
[2022-10-03T01:33:54.116+0000] {processor.py:161} INFO - Processing /home/airflow/.local/lib/python3.7/site-packages/airflow/example_dags/tutorial_taskflow_api_etl.py took 0.229 seconds
[2022-10-03T01:34:24.632+0000] {processor.py:153} INFO - Started process (PID=558) to work on /home/airflow/.local/lib/python3.7/site-packages/airflow/example_dags/tutorial_taskflow_api_etl.py
[2022-10-03T01:34:24.633+0000] {processor.py:640} INFO - Processing file /home/airflow/.local/lib/python3.7/site-packages/airflow/example_dags/tutorial_taskflow_api_etl.py for tasks to queue
[2022-10-03T01:34:24.634+0000] {logging_mixin.py:115} INFO - [2022-10-03T01:34:24.634+0000] {dagbag.py:508} INFO - Filling up the DagBag from /home/airflow/.local/lib/python3.7/site-packages/airflow/example_dags/tutorial_taskflow_api_etl.py
[2022-10-03T01:34:24.651+0000] {processor.py:650} INFO - DAG(s) dict_keys(['tutorial_taskflow_api_etl']) retrieved from /home/airflow/.local/lib/python3.7/site-packages/airflow/example_dags/tutorial_taskflow_api_etl.py
[2022-10-03T01:34:24.811+0000] {logging_mixin.py:115} INFO - [2022-10-03T01:34:24.810+0000] {dag.py:2429} INFO - Sync 1 DAGs
[2022-10-03T01:34:24.833+0000] {logging_mixin.py:115} INFO - [2022-10-03T01:34:24.833+0000] {dag.py:2981} INFO - Setting next_dagrun for tutorial_taskflow_api_etl to None, run_after=None
[2022-10-03T01:34:24.851+0000] {processor.py:161} INFO - Processing /home/airflow/.local/lib/python3.7/site-packages/airflow/example_dags/tutorial_taskflow_api_etl.py took 0.222 seconds
[2022-10-03T01:34:55.275+0000] {processor.py:153} INFO - Started process (PID=613) to work on /home/airflow/.local/lib/python3.7/site-packages/airflow/example_dags/tutorial_taskflow_api_etl.py
[2022-10-03T01:34:55.276+0000] {processor.py:640} INFO - Processing file /home/airflow/.local/lib/python3.7/site-packages/airflow/example_dags/tutorial_taskflow_api_etl.py for tasks to queue
[2022-10-03T01:34:55.277+0000] {logging_mixin.py:115} INFO - [2022-10-03T01:34:55.277+0000] {dagbag.py:508} INFO - Filling up the DagBag from /home/airflow/.local/lib/python3.7/site-packages/airflow/example_dags/tutorial_taskflow_api_etl.py
[2022-10-03T01:34:55.294+0000] {processor.py:650} INFO - DAG(s) dict_keys(['tutorial_taskflow_api_etl']) retrieved from /home/airflow/.local/lib/python3.7/site-packages/airflow/example_dags/tutorial_taskflow_api_etl.py
[2022-10-03T01:34:55.466+0000] {logging_mixin.py:115} INFO - [2022-10-03T01:34:55.465+0000] {dag.py:2429} INFO - Sync 1 DAGs
[2022-10-03T01:34:55.488+0000] {logging_mixin.py:115} INFO - [2022-10-03T01:34:55.487+0000] {dag.py:2981} INFO - Setting next_dagrun for tutorial_taskflow_api_etl to None, run_after=None
[2022-10-03T01:34:55.505+0000] {processor.py:161} INFO - Processing /home/airflow/.local/lib/python3.7/site-packages/airflow/example_dags/tutorial_taskflow_api_etl.py took 0.233 seconds
[2022-10-03T01:35:25.983+0000] {processor.py:153} INFO - Started process (PID=668) to work on /home/airflow/.local/lib/python3.7/site-packages/airflow/example_dags/tutorial_taskflow_api_etl.py
[2022-10-03T01:35:25.983+0000] {processor.py:640} INFO - Processing file /home/airflow/.local/lib/python3.7/site-packages/airflow/example_dags/tutorial_taskflow_api_etl.py for tasks to queue
[2022-10-03T01:35:25.984+0000] {logging_mixin.py:115} INFO - [2022-10-03T01:35:25.984+0000] {dagbag.py:508} INFO - Filling up the DagBag from /home/airflow/.local/lib/python3.7/site-packages/airflow/example_dags/tutorial_taskflow_api_etl.py
[2022-10-03T01:35:26.002+0000] {processor.py:650} INFO - DAG(s) dict_keys(['tutorial_taskflow_api_etl']) retrieved from /home/airflow/.local/lib/python3.7/site-packages/airflow/example_dags/tutorial_taskflow_api_etl.py
[2022-10-03T01:35:26.026+0000] {logging_mixin.py:115} INFO - [2022-10-03T01:35:26.026+0000] {dag.py:2429} INFO - Sync 1 DAGs
[2022-10-03T01:35:26.140+0000] {logging_mixin.py:115} INFO - [2022-10-03T01:35:26.140+0000] {dag.py:2981} INFO - Setting next_dagrun for tutorial_taskflow_api_etl to None, run_after=None
[2022-10-03T01:35:26.157+0000] {processor.py:161} INFO - Processing /home/airflow/.local/lib/python3.7/site-packages/airflow/example_dags/tutorial_taskflow_api_etl.py took 0.177 seconds
[2022-10-03T01:35:56.930+0000] {processor.py:153} INFO - Started process (PID=723) to work on /home/airflow/.local/lib/python3.7/site-packages/airflow/example_dags/tutorial_taskflow_api_etl.py
[2022-10-03T01:35:56.931+0000] {processor.py:640} INFO - Processing file /home/airflow/.local/lib/python3.7/site-packages/airflow/example_dags/tutorial_taskflow_api_etl.py for tasks to queue
[2022-10-03T01:35:56.932+0000] {logging_mixin.py:115} INFO - [2022-10-03T01:35:56.932+0000] {dagbag.py:508} INFO - Filling up the DagBag from /home/airflow/.local/lib/python3.7/site-packages/airflow/example_dags/tutorial_taskflow_api_etl.py
[2022-10-03T01:35:56.946+0000] {processor.py:650} INFO - DAG(s) dict_keys(['tutorial_taskflow_api_etl']) retrieved from /home/airflow/.local/lib/python3.7/site-packages/airflow/example_dags/tutorial_taskflow_api_etl.py
[2022-10-03T01:35:57.137+0000] {logging_mixin.py:115} INFO - [2022-10-03T01:35:57.137+0000] {dag.py:2429} INFO - Sync 1 DAGs
[2022-10-03T01:35:57.161+0000] {logging_mixin.py:115} INFO - [2022-10-03T01:35:57.160+0000] {dag.py:2981} INFO - Setting next_dagrun for tutorial_taskflow_api_etl to None, run_after=None
[2022-10-03T01:35:57.175+0000] {processor.py:161} INFO - Processing /home/airflow/.local/lib/python3.7/site-packages/airflow/example_dags/tutorial_taskflow_api_etl.py took 0.248 seconds
[2022-10-03T01:36:27.623+0000] {processor.py:153} INFO - Started process (PID=778) to work on /home/airflow/.local/lib/python3.7/site-packages/airflow/example_dags/tutorial_taskflow_api_etl.py
[2022-10-03T01:36:27.624+0000] {processor.py:640} INFO - Processing file /home/airflow/.local/lib/python3.7/site-packages/airflow/example_dags/tutorial_taskflow_api_etl.py for tasks to queue
[2022-10-03T01:36:27.625+0000] {logging_mixin.py:115} INFO - [2022-10-03T01:36:27.625+0000] {dagbag.py:508} INFO - Filling up the DagBag from /home/airflow/.local/lib/python3.7/site-packages/airflow/example_dags/tutorial_taskflow_api_etl.py
[2022-10-03T01:36:27.641+0000] {processor.py:650} INFO - DAG(s) dict_keys(['tutorial_taskflow_api_etl']) retrieved from /home/airflow/.local/lib/python3.7/site-packages/airflow/example_dags/tutorial_taskflow_api_etl.py
[2022-10-03T01:36:27.838+0000] {logging_mixin.py:115} INFO - [2022-10-03T01:36:27.837+0000] {dag.py:2429} INFO - Sync 1 DAGs
[2022-10-03T01:36:27.860+0000] {logging_mixin.py:115} INFO - [2022-10-03T01:36:27.860+0000] {dag.py:2981} INFO - Setting next_dagrun for tutorial_taskflow_api_etl to None, run_after=None
[2022-10-03T01:36:27.879+0000] {processor.py:161} INFO - Processing /home/airflow/.local/lib/python3.7/site-packages/airflow/example_dags/tutorial_taskflow_api_etl.py took 0.259 seconds
[2022-10-03T01:36:58.280+0000] {processor.py:153} INFO - Started process (PID=833) to work on /home/airflow/.local/lib/python3.7/site-packages/airflow/example_dags/tutorial_taskflow_api_etl.py
[2022-10-03T01:36:58.281+0000] {processor.py:640} INFO - Processing file /home/airflow/.local/lib/python3.7/site-packages/airflow/example_dags/tutorial_taskflow_api_etl.py for tasks to queue
[2022-10-03T01:36:58.282+0000] {logging_mixin.py:115} INFO - [2022-10-03T01:36:58.282+0000] {dagbag.py:508} INFO - Filling up the DagBag from /home/airflow/.local/lib/python3.7/site-packages/airflow/example_dags/tutorial_taskflow_api_etl.py
[2022-10-03T01:36:58.300+0000] {processor.py:650} INFO - DAG(s) dict_keys(['tutorial_taskflow_api_etl']) retrieved from /home/airflow/.local/lib/python3.7/site-packages/airflow/example_dags/tutorial_taskflow_api_etl.py
[2022-10-03T01:36:58.470+0000] {logging_mixin.py:115} INFO - [2022-10-03T01:36:58.470+0000] {dag.py:2429} INFO - Sync 1 DAGs
[2022-10-03T01:36:58.489+0000] {logging_mixin.py:115} INFO - [2022-10-03T01:36:58.489+0000] {dag.py:2981} INFO - Setting next_dagrun for tutorial_taskflow_api_etl to None, run_after=None
[2022-10-03T01:36:58.505+0000] {processor.py:161} INFO - Processing /home/airflow/.local/lib/python3.7/site-packages/airflow/example_dags/tutorial_taskflow_api_etl.py took 0.227 seconds
[2022-10-03T01:37:29.086+0000] {processor.py:153} INFO - Started process (PID=890) to work on /home/airflow/.local/lib/python3.7/site-packages/airflow/example_dags/tutorial_taskflow_api_etl.py
[2022-10-03T01:37:29.087+0000] {processor.py:640} INFO - Processing file /home/airflow/.local/lib/python3.7/site-packages/airflow/example_dags/tutorial_taskflow_api_etl.py for tasks to queue
[2022-10-03T01:37:29.088+0000] {logging_mixin.py:115} INFO - [2022-10-03T01:37:29.088+0000] {dagbag.py:508} INFO - Filling up the DagBag from /home/airflow/.local/lib/python3.7/site-packages/airflow/example_dags/tutorial_taskflow_api_etl.py
[2022-10-03T01:37:29.104+0000] {processor.py:650} INFO - DAG(s) dict_keys(['tutorial_taskflow_api_etl']) retrieved from /home/airflow/.local/lib/python3.7/site-packages/airflow/example_dags/tutorial_taskflow_api_etl.py
[2022-10-03T01:37:29.310+0000] {logging_mixin.py:115} INFO - [2022-10-03T01:37:29.310+0000] {dag.py:2429} INFO - Sync 1 DAGs
[2022-10-03T01:37:29.331+0000] {logging_mixin.py:115} INFO - [2022-10-03T01:37:29.331+0000] {dag.py:2981} INFO - Setting next_dagrun for tutorial_taskflow_api_etl to None, run_after=None
[2022-10-03T01:37:29.347+0000] {processor.py:161} INFO - Processing /home/airflow/.local/lib/python3.7/site-packages/airflow/example_dags/tutorial_taskflow_api_etl.py took 0.264 seconds
[2022-10-03T01:37:59.830+0000] {processor.py:153} INFO - Started process (PID=953) to work on /home/airflow/.local/lib/python3.7/site-packages/airflow/example_dags/tutorial_taskflow_api_etl.py
[2022-10-03T01:37:59.831+0000] {processor.py:640} INFO - Processing file /home/airflow/.local/lib/python3.7/site-packages/airflow/example_dags/tutorial_taskflow_api_etl.py for tasks to queue
[2022-10-03T01:37:59.831+0000] {logging_mixin.py:115} INFO - [2022-10-03T01:37:59.831+0000] {dagbag.py:508} INFO - Filling up the DagBag from /home/airflow/.local/lib/python3.7/site-packages/airflow/example_dags/tutorial_taskflow_api_etl.py
[2022-10-03T01:37:59.845+0000] {processor.py:650} INFO - DAG(s) dict_keys(['tutorial_taskflow_api_etl']) retrieved from /home/airflow/.local/lib/python3.7/site-packages/airflow/example_dags/tutorial_taskflow_api_etl.py
[2022-10-03T01:38:00.002+0000] {logging_mixin.py:115} INFO - [2022-10-03T01:38:00.002+0000] {dag.py:2429} INFO - Sync 1 DAGs
[2022-10-03T01:38:00.025+0000] {logging_mixin.py:115} INFO - [2022-10-03T01:38:00.025+0000] {dag.py:2981} INFO - Setting next_dagrun for tutorial_taskflow_api_etl to None, run_after=None
[2022-10-03T01:38:00.049+0000] {processor.py:161} INFO - Processing /home/airflow/.local/lib/python3.7/site-packages/airflow/example_dags/tutorial_taskflow_api_etl.py took 0.222 seconds
[2022-10-03T01:38:30.488+0000] {processor.py:153} INFO - Started process (PID=1008) to work on /home/airflow/.local/lib/python3.7/site-packages/airflow/example_dags/tutorial_taskflow_api_etl.py
[2022-10-03T01:38:30.488+0000] {processor.py:640} INFO - Processing file /home/airflow/.local/lib/python3.7/site-packages/airflow/example_dags/tutorial_taskflow_api_etl.py for tasks to queue
[2022-10-03T01:38:30.489+0000] {logging_mixin.py:115} INFO - [2022-10-03T01:38:30.489+0000] {dagbag.py:508} INFO - Filling up the DagBag from /home/airflow/.local/lib/python3.7/site-packages/airflow/example_dags/tutorial_taskflow_api_etl.py
[2022-10-03T01:38:30.506+0000] {processor.py:650} INFO - DAG(s) dict_keys(['tutorial_taskflow_api_etl']) retrieved from /home/airflow/.local/lib/python3.7/site-packages/airflow/example_dags/tutorial_taskflow_api_etl.py
[2022-10-03T01:38:30.691+0000] {logging_mixin.py:115} INFO - [2022-10-03T01:38:30.690+0000] {dag.py:2429} INFO - Sync 1 DAGs
[2022-10-03T01:38:30.714+0000] {logging_mixin.py:115} INFO - [2022-10-03T01:38:30.714+0000] {dag.py:2981} INFO - Setting next_dagrun for tutorial_taskflow_api_etl to None, run_after=None
[2022-10-03T01:38:30.737+0000] {processor.py:161} INFO - Processing /home/airflow/.local/lib/python3.7/site-packages/airflow/example_dags/tutorial_taskflow_api_etl.py took 0.252 seconds
[2022-10-03T01:39:01.286+0000] {processor.py:153} INFO - Started process (PID=1063) to work on /home/airflow/.local/lib/python3.7/site-packages/airflow/example_dags/tutorial_taskflow_api_etl.py
[2022-10-03T01:39:01.287+0000] {processor.py:640} INFO - Processing file /home/airflow/.local/lib/python3.7/site-packages/airflow/example_dags/tutorial_taskflow_api_etl.py for tasks to queue
[2022-10-03T01:39:01.288+0000] {logging_mixin.py:115} INFO - [2022-10-03T01:39:01.288+0000] {dagbag.py:508} INFO - Filling up the DagBag from /home/airflow/.local/lib/python3.7/site-packages/airflow/example_dags/tutorial_taskflow_api_etl.py
[2022-10-03T01:39:01.303+0000] {processor.py:650} INFO - DAG(s) dict_keys(['tutorial_taskflow_api_etl']) retrieved from /home/airflow/.local/lib/python3.7/site-packages/airflow/example_dags/tutorial_taskflow_api_etl.py
[2022-10-03T01:39:01.493+0000] {logging_mixin.py:115} INFO - [2022-10-03T01:39:01.493+0000] {dag.py:2429} INFO - Sync 1 DAGs
[2022-10-03T01:39:01.516+0000] {logging_mixin.py:115} INFO - [2022-10-03T01:39:01.516+0000] {dag.py:2981} INFO - Setting next_dagrun for tutorial_taskflow_api_etl to None, run_after=None
[2022-10-03T01:39:01.534+0000] {processor.py:161} INFO - Processing /home/airflow/.local/lib/python3.7/site-packages/airflow/example_dags/tutorial_taskflow_api_etl.py took 0.251 seconds
[2022-10-03T01:39:31.915+0000] {processor.py:153} INFO - Started process (PID=1118) to work on /home/airflow/.local/lib/python3.7/site-packages/airflow/example_dags/tutorial_taskflow_api_etl.py
[2022-10-03T01:39:31.916+0000] {processor.py:640} INFO - Processing file /home/airflow/.local/lib/python3.7/site-packages/airflow/example_dags/tutorial_taskflow_api_etl.py for tasks to queue
[2022-10-03T01:39:31.917+0000] {logging_mixin.py:115} INFO - [2022-10-03T01:39:31.917+0000] {dagbag.py:508} INFO - Filling up the DagBag from /home/airflow/.local/lib/python3.7/site-packages/airflow/example_dags/tutorial_taskflow_api_etl.py
[2022-10-03T01:39:31.932+0000] {processor.py:650} INFO - DAG(s) dict_keys(['tutorial_taskflow_api_etl']) retrieved from /home/airflow/.local/lib/python3.7/site-packages/airflow/example_dags/tutorial_taskflow_api_etl.py
[2022-10-03T01:39:32.102+0000] {logging_mixin.py:115} INFO - [2022-10-03T01:39:32.102+0000] {dag.py:2429} INFO - Sync 1 DAGs
[2022-10-03T01:39:32.122+0000] {logging_mixin.py:115} INFO - [2022-10-03T01:39:32.122+0000] {dag.py:2981} INFO - Setting next_dagrun for tutorial_taskflow_api_etl to None, run_after=None
[2022-10-03T01:39:32.138+0000] {processor.py:161} INFO - Processing /home/airflow/.local/lib/python3.7/site-packages/airflow/example_dags/tutorial_taskflow_api_etl.py took 0.226 seconds
[2022-10-03T01:40:02.610+0000] {processor.py:153} INFO - Started process (PID=1173) to work on /home/airflow/.local/lib/python3.7/site-packages/airflow/example_dags/tutorial_taskflow_api_etl.py
[2022-10-03T01:40:02.610+0000] {processor.py:640} INFO - Processing file /home/airflow/.local/lib/python3.7/site-packages/airflow/example_dags/tutorial_taskflow_api_etl.py for tasks to queue
[2022-10-03T01:40:02.611+0000] {logging_mixin.py:115} INFO - [2022-10-03T01:40:02.611+0000] {dagbag.py:508} INFO - Filling up the DagBag from /home/airflow/.local/lib/python3.7/site-packages/airflow/example_dags/tutorial_taskflow_api_etl.py
[2022-10-03T01:40:02.628+0000] {processor.py:650} INFO - DAG(s) dict_keys(['tutorial_taskflow_api_etl']) retrieved from /home/airflow/.local/lib/python3.7/site-packages/airflow/example_dags/tutorial_taskflow_api_etl.py
[2022-10-03T01:40:02.811+0000] {logging_mixin.py:115} INFO - [2022-10-03T01:40:02.811+0000] {dag.py:2429} INFO - Sync 1 DAGs
[2022-10-03T01:40:02.836+0000] {logging_mixin.py:115} INFO - [2022-10-03T01:40:02.835+0000] {dag.py:2981} INFO - Setting next_dagrun for tutorial_taskflow_api_etl to None, run_after=None
[2022-10-03T01:40:02.859+0000] {processor.py:161} INFO - Processing /home/airflow/.local/lib/python3.7/site-packages/airflow/example_dags/tutorial_taskflow_api_etl.py took 0.252 seconds
[2022-10-03T01:40:33.308+0000] {processor.py:153} INFO - Started process (PID=1228) to work on /home/airflow/.local/lib/python3.7/site-packages/airflow/example_dags/tutorial_taskflow_api_etl.py
[2022-10-03T01:40:33.309+0000] {processor.py:640} INFO - Processing file /home/airflow/.local/lib/python3.7/site-packages/airflow/example_dags/tutorial_taskflow_api_etl.py for tasks to queue
[2022-10-03T01:40:33.310+0000] {logging_mixin.py:115} INFO - [2022-10-03T01:40:33.310+0000] {dagbag.py:508} INFO - Filling up the DagBag from /home/airflow/.local/lib/python3.7/site-packages/airflow/example_dags/tutorial_taskflow_api_etl.py
[2022-10-03T01:40:33.324+0000] {processor.py:650} INFO - DAG(s) dict_keys(['tutorial_taskflow_api_etl']) retrieved from /home/airflow/.local/lib/python3.7/site-packages/airflow/example_dags/tutorial_taskflow_api_etl.py
[2022-10-03T01:40:33.352+0000] {logging_mixin.py:115} INFO - [2022-10-03T01:40:33.352+0000] {dag.py:2429} INFO - Sync 1 DAGs
[2022-10-03T01:40:33.486+0000] {logging_mixin.py:115} INFO - [2022-10-03T01:40:33.486+0000] {dag.py:2981} INFO - Setting next_dagrun for tutorial_taskflow_api_etl to None, run_after=None
[2022-10-03T01:40:33.499+0000] {processor.py:161} INFO - Processing /home/airflow/.local/lib/python3.7/site-packages/airflow/example_dags/tutorial_taskflow_api_etl.py took 0.194 seconds
[2022-10-03T01:41:04.270+0000] {processor.py:153} INFO - Started process (PID=1283) to work on /home/airflow/.local/lib/python3.7/site-packages/airflow/example_dags/tutorial_taskflow_api_etl.py
[2022-10-03T01:41:04.271+0000] {processor.py:640} INFO - Processing file /home/airflow/.local/lib/python3.7/site-packages/airflow/example_dags/tutorial_taskflow_api_etl.py for tasks to queue
[2022-10-03T01:41:04.272+0000] {logging_mixin.py:115} INFO - [2022-10-03T01:41:04.272+0000] {dagbag.py:508} INFO - Filling up the DagBag from /home/airflow/.local/lib/python3.7/site-packages/airflow/example_dags/tutorial_taskflow_api_etl.py
[2022-10-03T01:41:04.290+0000] {processor.py:650} INFO - DAG(s) dict_keys(['tutorial_taskflow_api_etl']) retrieved from /home/airflow/.local/lib/python3.7/site-packages/airflow/example_dags/tutorial_taskflow_api_etl.py
[2022-10-03T01:41:04.449+0000] {logging_mixin.py:115} INFO - [2022-10-03T01:41:04.449+0000] {dag.py:2429} INFO - Sync 1 DAGs
[2022-10-03T01:41:04.471+0000] {logging_mixin.py:115} INFO - [2022-10-03T01:41:04.471+0000] {dag.py:2981} INFO - Setting next_dagrun for tutorial_taskflow_api_etl to None, run_after=None
[2022-10-03T01:41:04.487+0000] {processor.py:161} INFO - Processing /home/airflow/.local/lib/python3.7/site-packages/airflow/example_dags/tutorial_taskflow_api_etl.py took 0.220 seconds
[2022-10-03T01:41:35.067+0000] {processor.py:153} INFO - Started process (PID=1339) to work on /home/airflow/.local/lib/python3.7/site-packages/airflow/example_dags/tutorial_taskflow_api_etl.py
[2022-10-03T01:41:35.068+0000] {processor.py:640} INFO - Processing file /home/airflow/.local/lib/python3.7/site-packages/airflow/example_dags/tutorial_taskflow_api_etl.py for tasks to queue
[2022-10-03T01:41:35.069+0000] {logging_mixin.py:115} INFO - [2022-10-03T01:41:35.068+0000] {dagbag.py:508} INFO - Filling up the DagBag from /home/airflow/.local/lib/python3.7/site-packages/airflow/example_dags/tutorial_taskflow_api_etl.py
[2022-10-03T01:41:35.085+0000] {processor.py:650} INFO - DAG(s) dict_keys(['tutorial_taskflow_api_etl']) retrieved from /home/airflow/.local/lib/python3.7/site-packages/airflow/example_dags/tutorial_taskflow_api_etl.py
[2022-10-03T01:41:35.111+0000] {logging_mixin.py:115} INFO - [2022-10-03T01:41:35.111+0000] {dag.py:2429} INFO - Sync 1 DAGs
[2022-10-03T01:41:35.231+0000] {logging_mixin.py:115} INFO - [2022-10-03T01:41:35.230+0000] {dag.py:2981} INFO - Setting next_dagrun for tutorial_taskflow_api_etl to None, run_after=None
[2022-10-03T01:41:35.244+0000] {processor.py:161} INFO - Processing /home/airflow/.local/lib/python3.7/site-packages/airflow/example_dags/tutorial_taskflow_api_etl.py took 0.179 seconds
[2022-10-03T01:42:06.120+0000] {processor.py:153} INFO - Started process (PID=1394) to work on /home/airflow/.local/lib/python3.7/site-packages/airflow/example_dags/tutorial_taskflow_api_etl.py
[2022-10-03T01:42:06.121+0000] {processor.py:640} INFO - Processing file /home/airflow/.local/lib/python3.7/site-packages/airflow/example_dags/tutorial_taskflow_api_etl.py for tasks to queue
[2022-10-03T01:42:06.122+0000] {logging_mixin.py:115} INFO - [2022-10-03T01:42:06.122+0000] {dagbag.py:508} INFO - Filling up the DagBag from /home/airflow/.local/lib/python3.7/site-packages/airflow/example_dags/tutorial_taskflow_api_etl.py
[2022-10-03T01:42:06.138+0000] {processor.py:650} INFO - DAG(s) dict_keys(['tutorial_taskflow_api_etl']) retrieved from /home/airflow/.local/lib/python3.7/site-packages/airflow/example_dags/tutorial_taskflow_api_etl.py
[2022-10-03T01:42:06.301+0000] {logging_mixin.py:115} INFO - [2022-10-03T01:42:06.301+0000] {dag.py:2429} INFO - Sync 1 DAGs
[2022-10-03T01:42:06.323+0000] {logging_mixin.py:115} INFO - [2022-10-03T01:42:06.322+0000] {dag.py:2981} INFO - Setting next_dagrun for tutorial_taskflow_api_etl to None, run_after=None
[2022-10-03T01:42:06.340+0000] {processor.py:161} INFO - Processing /home/airflow/.local/lib/python3.7/site-packages/airflow/example_dags/tutorial_taskflow_api_etl.py took 0.222 seconds
[2022-10-03T01:42:36.822+0000] {processor.py:153} INFO - Started process (PID=1449) to work on /home/airflow/.local/lib/python3.7/site-packages/airflow/example_dags/tutorial_taskflow_api_etl.py
[2022-10-03T01:42:36.823+0000] {processor.py:640} INFO - Processing file /home/airflow/.local/lib/python3.7/site-packages/airflow/example_dags/tutorial_taskflow_api_etl.py for tasks to queue
[2022-10-03T01:42:36.825+0000] {logging_mixin.py:115} INFO - [2022-10-03T01:42:36.825+0000] {dagbag.py:508} INFO - Filling up the DagBag from /home/airflow/.local/lib/python3.7/site-packages/airflow/example_dags/tutorial_taskflow_api_etl.py
[2022-10-03T01:42:36.842+0000] {processor.py:650} INFO - DAG(s) dict_keys(['tutorial_taskflow_api_etl']) retrieved from /home/airflow/.local/lib/python3.7/site-packages/airflow/example_dags/tutorial_taskflow_api_etl.py
[2022-10-03T01:42:37.002+0000] {logging_mixin.py:115} INFO - [2022-10-03T01:42:37.002+0000] {dag.py:2429} INFO - Sync 1 DAGs
[2022-10-03T01:42:37.026+0000] {logging_mixin.py:115} INFO - [2022-10-03T01:42:37.025+0000] {dag.py:2981} INFO - Setting next_dagrun for tutorial_taskflow_api_etl to None, run_after=None
[2022-10-03T01:42:37.041+0000] {processor.py:161} INFO - Processing /home/airflow/.local/lib/python3.7/site-packages/airflow/example_dags/tutorial_taskflow_api_etl.py took 0.223 seconds
[2022-10-03T01:43:07.477+0000] {processor.py:153} INFO - Started process (PID=1505) to work on /home/airflow/.local/lib/python3.7/site-packages/airflow/example_dags/tutorial_taskflow_api_etl.py
[2022-10-03T01:43:07.478+0000] {processor.py:640} INFO - Processing file /home/airflow/.local/lib/python3.7/site-packages/airflow/example_dags/tutorial_taskflow_api_etl.py for tasks to queue
[2022-10-03T01:43:07.478+0000] {logging_mixin.py:115} INFO - [2022-10-03T01:43:07.478+0000] {dagbag.py:508} INFO - Filling up the DagBag from /home/airflow/.local/lib/python3.7/site-packages/airflow/example_dags/tutorial_taskflow_api_etl.py
[2022-10-03T01:43:07.494+0000] {processor.py:650} INFO - DAG(s) dict_keys(['tutorial_taskflow_api_etl']) retrieved from /home/airflow/.local/lib/python3.7/site-packages/airflow/example_dags/tutorial_taskflow_api_etl.py
[2022-10-03T01:43:07.519+0000] {logging_mixin.py:115} INFO - [2022-10-03T01:43:07.519+0000] {dag.py:2429} INFO - Sync 1 DAGs
[2022-10-03T01:43:07.639+0000] {logging_mixin.py:115} INFO - [2022-10-03T01:43:07.639+0000] {dag.py:2981} INFO - Setting next_dagrun for tutorial_taskflow_api_etl to None, run_after=None
[2022-10-03T01:43:07.655+0000] {processor.py:161} INFO - Processing /home/airflow/.local/lib/python3.7/site-packages/airflow/example_dags/tutorial_taskflow_api_etl.py took 0.181 seconds
[2022-10-03T01:43:37.958+0000] {processor.py:153} INFO - Started process (PID=1560) to work on /home/airflow/.local/lib/python3.7/site-packages/airflow/example_dags/tutorial_taskflow_api_etl.py
[2022-10-03T01:43:37.959+0000] {processor.py:640} INFO - Processing file /home/airflow/.local/lib/python3.7/site-packages/airflow/example_dags/tutorial_taskflow_api_etl.py for tasks to queue
[2022-10-03T01:43:37.960+0000] {logging_mixin.py:115} INFO - [2022-10-03T01:43:37.960+0000] {dagbag.py:508} INFO - Filling up the DagBag from /home/airflow/.local/lib/python3.7/site-packages/airflow/example_dags/tutorial_taskflow_api_etl.py
[2022-10-03T01:43:37.975+0000] {processor.py:650} INFO - DAG(s) dict_keys(['tutorial_taskflow_api_etl']) retrieved from /home/airflow/.local/lib/python3.7/site-packages/airflow/example_dags/tutorial_taskflow_api_etl.py
[2022-10-03T01:43:38.149+0000] {logging_mixin.py:115} INFO - [2022-10-03T01:43:38.148+0000] {dag.py:2429} INFO - Sync 1 DAGs
[2022-10-03T01:43:38.170+0000] {logging_mixin.py:115} INFO - [2022-10-03T01:43:38.169+0000] {dag.py:2981} INFO - Setting next_dagrun for tutorial_taskflow_api_etl to None, run_after=None
[2022-10-03T01:43:38.189+0000] {processor.py:161} INFO - Processing /home/airflow/.local/lib/python3.7/site-packages/airflow/example_dags/tutorial_taskflow_api_etl.py took 0.233 seconds
[2022-10-03T01:44:08.675+0000] {processor.py:153} INFO - Started process (PID=1615) to work on /home/airflow/.local/lib/python3.7/site-packages/airflow/example_dags/tutorial_taskflow_api_etl.py
[2022-10-03T01:44:08.675+0000] {processor.py:640} INFO - Processing file /home/airflow/.local/lib/python3.7/site-packages/airflow/example_dags/tutorial_taskflow_api_etl.py for tasks to queue
[2022-10-03T01:44:08.676+0000] {logging_mixin.py:115} INFO - [2022-10-03T01:44:08.676+0000] {dagbag.py:508} INFO - Filling up the DagBag from /home/airflow/.local/lib/python3.7/site-packages/airflow/example_dags/tutorial_taskflow_api_etl.py
[2022-10-03T01:44:08.692+0000] {processor.py:650} INFO - DAG(s) dict_keys(['tutorial_taskflow_api_etl']) retrieved from /home/airflow/.local/lib/python3.7/site-packages/airflow/example_dags/tutorial_taskflow_api_etl.py
[2022-10-03T01:44:08.853+0000] {logging_mixin.py:115} INFO - [2022-10-03T01:44:08.853+0000] {dag.py:2429} INFO - Sync 1 DAGs
[2022-10-03T01:44:08.877+0000] {logging_mixin.py:115} INFO - [2022-10-03T01:44:08.877+0000] {dag.py:2981} INFO - Setting next_dagrun for tutorial_taskflow_api_etl to None, run_after=None
[2022-10-03T01:44:08.892+0000] {processor.py:161} INFO - Processing /home/airflow/.local/lib/python3.7/site-packages/airflow/example_dags/tutorial_taskflow_api_etl.py took 0.220 seconds
[2022-10-03T01:44:39.506+0000] {processor.py:153} INFO - Started process (PID=1670) to work on /home/airflow/.local/lib/python3.7/site-packages/airflow/example_dags/tutorial_taskflow_api_etl.py
[2022-10-03T01:44:39.507+0000] {processor.py:640} INFO - Processing file /home/airflow/.local/lib/python3.7/site-packages/airflow/example_dags/tutorial_taskflow_api_etl.py for tasks to queue
[2022-10-03T01:44:39.508+0000] {logging_mixin.py:115} INFO - [2022-10-03T01:44:39.508+0000] {dagbag.py:508} INFO - Filling up the DagBag from /home/airflow/.local/lib/python3.7/site-packages/airflow/example_dags/tutorial_taskflow_api_etl.py
[2022-10-03T01:44:39.525+0000] {processor.py:650} INFO - DAG(s) dict_keys(['tutorial_taskflow_api_etl']) retrieved from /home/airflow/.local/lib/python3.7/site-packages/airflow/example_dags/tutorial_taskflow_api_etl.py
[2022-10-03T01:44:39.688+0000] {logging_mixin.py:115} INFO - [2022-10-03T01:44:39.687+0000] {dag.py:2429} INFO - Sync 1 DAGs
[2022-10-03T01:44:39.707+0000] {logging_mixin.py:115} INFO - [2022-10-03T01:44:39.707+0000] {dag.py:2981} INFO - Setting next_dagrun for tutorial_taskflow_api_etl to None, run_after=None
[2022-10-03T01:44:39.724+0000] {processor.py:161} INFO - Processing /home/airflow/.local/lib/python3.7/site-packages/airflow/example_dags/tutorial_taskflow_api_etl.py took 0.221 seconds
[2022-10-03T01:45:10.326+0000] {processor.py:153} INFO - Started process (PID=1725) to work on /home/airflow/.local/lib/python3.7/site-packages/airflow/example_dags/tutorial_taskflow_api_etl.py
[2022-10-03T01:45:10.327+0000] {processor.py:640} INFO - Processing file /home/airflow/.local/lib/python3.7/site-packages/airflow/example_dags/tutorial_taskflow_api_etl.py for tasks to queue
[2022-10-03T01:45:10.328+0000] {logging_mixin.py:115} INFO - [2022-10-03T01:45:10.327+0000] {dagbag.py:508} INFO - Filling up the DagBag from /home/airflow/.local/lib/python3.7/site-packages/airflow/example_dags/tutorial_taskflow_api_etl.py
[2022-10-03T01:45:10.344+0000] {processor.py:650} INFO - DAG(s) dict_keys(['tutorial_taskflow_api_etl']) retrieved from /home/airflow/.local/lib/python3.7/site-packages/airflow/example_dags/tutorial_taskflow_api_etl.py
[2022-10-03T01:45:10.514+0000] {logging_mixin.py:115} INFO - [2022-10-03T01:45:10.513+0000] {dag.py:2429} INFO - Sync 1 DAGs
[2022-10-03T01:45:10.533+0000] {logging_mixin.py:115} INFO - [2022-10-03T01:45:10.533+0000] {dag.py:2981} INFO - Setting next_dagrun for tutorial_taskflow_api_etl to None, run_after=None
[2022-10-03T01:45:10.550+0000] {processor.py:161} INFO - Processing /home/airflow/.local/lib/python3.7/site-packages/airflow/example_dags/tutorial_taskflow_api_etl.py took 0.227 seconds
[2022-10-03T01:45:41.073+0000] {processor.py:153} INFO - Started process (PID=1780) to work on /home/airflow/.local/lib/python3.7/site-packages/airflow/example_dags/tutorial_taskflow_api_etl.py
[2022-10-03T01:45:41.074+0000] {processor.py:640} INFO - Processing file /home/airflow/.local/lib/python3.7/site-packages/airflow/example_dags/tutorial_taskflow_api_etl.py for tasks to queue
[2022-10-03T01:45:41.075+0000] {logging_mixin.py:115} INFO - [2022-10-03T01:45:41.075+0000] {dagbag.py:508} INFO - Filling up the DagBag from /home/airflow/.local/lib/python3.7/site-packages/airflow/example_dags/tutorial_taskflow_api_etl.py
[2022-10-03T01:45:41.095+0000] {processor.py:650} INFO - DAG(s) dict_keys(['tutorial_taskflow_api_etl']) retrieved from /home/airflow/.local/lib/python3.7/site-packages/airflow/example_dags/tutorial_taskflow_api_etl.py
[2022-10-03T01:45:41.238+0000] {logging_mixin.py:115} INFO - [2022-10-03T01:45:41.238+0000] {dag.py:2429} INFO - Sync 1 DAGs
[2022-10-03T01:45:41.258+0000] {logging_mixin.py:115} INFO - [2022-10-03T01:45:41.258+0000] {dag.py:2981} INFO - Setting next_dagrun for tutorial_taskflow_api_etl to None, run_after=None
[2022-10-03T01:45:41.273+0000] {processor.py:161} INFO - Processing /home/airflow/.local/lib/python3.7/site-packages/airflow/example_dags/tutorial_taskflow_api_etl.py took 0.202 seconds
[2022-10-03T01:46:11.788+0000] {processor.py:153} INFO - Started process (PID=1835) to work on /home/airflow/.local/lib/python3.7/site-packages/airflow/example_dags/tutorial_taskflow_api_etl.py
[2022-10-03T01:46:11.789+0000] {processor.py:640} INFO - Processing file /home/airflow/.local/lib/python3.7/site-packages/airflow/example_dags/tutorial_taskflow_api_etl.py for tasks to queue
[2022-10-03T01:46:11.790+0000] {logging_mixin.py:115} INFO - [2022-10-03T01:46:11.790+0000] {dagbag.py:508} INFO - Filling up the DagBag from /home/airflow/.local/lib/python3.7/site-packages/airflow/example_dags/tutorial_taskflow_api_etl.py
[2022-10-03T01:46:11.804+0000] {processor.py:650} INFO - DAG(s) dict_keys(['tutorial_taskflow_api_etl']) retrieved from /home/airflow/.local/lib/python3.7/site-packages/airflow/example_dags/tutorial_taskflow_api_etl.py
[2022-10-03T01:46:11.964+0000] {logging_mixin.py:115} INFO - [2022-10-03T01:46:11.964+0000] {dag.py:2429} INFO - Sync 1 DAGs
[2022-10-03T01:46:11.987+0000] {logging_mixin.py:115} INFO - [2022-10-03T01:46:11.986+0000] {dag.py:2981} INFO - Setting next_dagrun for tutorial_taskflow_api_etl to None, run_after=None
[2022-10-03T01:46:12.002+0000] {processor.py:161} INFO - Processing /home/airflow/.local/lib/python3.7/site-packages/airflow/example_dags/tutorial_taskflow_api_etl.py took 0.217 seconds
[2022-10-03T01:46:42.528+0000] {processor.py:153} INFO - Started process (PID=1890) to work on /home/airflow/.local/lib/python3.7/site-packages/airflow/example_dags/tutorial_taskflow_api_etl.py
[2022-10-03T01:46:42.529+0000] {processor.py:640} INFO - Processing file /home/airflow/.local/lib/python3.7/site-packages/airflow/example_dags/tutorial_taskflow_api_etl.py for tasks to queue
[2022-10-03T01:46:42.530+0000] {logging_mixin.py:115} INFO - [2022-10-03T01:46:42.530+0000] {dagbag.py:508} INFO - Filling up the DagBag from /home/airflow/.local/lib/python3.7/site-packages/airflow/example_dags/tutorial_taskflow_api_etl.py
[2022-10-03T01:46:42.547+0000] {processor.py:650} INFO - DAG(s) dict_keys(['tutorial_taskflow_api_etl']) retrieved from /home/airflow/.local/lib/python3.7/site-packages/airflow/example_dags/tutorial_taskflow_api_etl.py
[2022-10-03T01:46:42.726+0000] {logging_mixin.py:115} INFO - [2022-10-03T01:46:42.725+0000] {dag.py:2429} INFO - Sync 1 DAGs
[2022-10-03T01:46:42.752+0000] {logging_mixin.py:115} INFO - [2022-10-03T01:46:42.751+0000] {dag.py:2981} INFO - Setting next_dagrun for tutorial_taskflow_api_etl to None, run_after=None
[2022-10-03T01:46:42.776+0000] {processor.py:161} INFO - Processing /home/airflow/.local/lib/python3.7/site-packages/airflow/example_dags/tutorial_taskflow_api_etl.py took 0.251 seconds
[2022-10-03T01:47:13.549+0000] {processor.py:153} INFO - Started process (PID=1952) to work on /home/airflow/.local/lib/python3.7/site-packages/airflow/example_dags/tutorial_taskflow_api_etl.py
[2022-10-03T01:47:13.549+0000] {processor.py:640} INFO - Processing file /home/airflow/.local/lib/python3.7/site-packages/airflow/example_dags/tutorial_taskflow_api_etl.py for tasks to queue
[2022-10-03T01:47:13.551+0000] {logging_mixin.py:115} INFO - [2022-10-03T01:47:13.550+0000] {dagbag.py:508} INFO - Filling up the DagBag from /home/airflow/.local/lib/python3.7/site-packages/airflow/example_dags/tutorial_taskflow_api_etl.py
[2022-10-03T01:47:13.565+0000] {processor.py:650} INFO - DAG(s) dict_keys(['tutorial_taskflow_api_etl']) retrieved from /home/airflow/.local/lib/python3.7/site-packages/airflow/example_dags/tutorial_taskflow_api_etl.py
[2022-10-03T01:47:13.731+0000] {logging_mixin.py:115} INFO - [2022-10-03T01:47:13.731+0000] {dag.py:2429} INFO - Sync 1 DAGs
[2022-10-03T01:47:13.762+0000] {logging_mixin.py:115} INFO - [2022-10-03T01:47:13.762+0000] {dag.py:2981} INFO - Setting next_dagrun for tutorial_taskflow_api_etl to None, run_after=None
[2022-10-03T01:47:13.779+0000] {processor.py:161} INFO - Processing /home/airflow/.local/lib/python3.7/site-packages/airflow/example_dags/tutorial_taskflow_api_etl.py took 0.233 seconds
[2022-10-03T01:47:44.310+0000] {processor.py:153} INFO - Started process (PID=2007) to work on /home/airflow/.local/lib/python3.7/site-packages/airflow/example_dags/tutorial_taskflow_api_etl.py
[2022-10-03T01:47:44.311+0000] {processor.py:640} INFO - Processing file /home/airflow/.local/lib/python3.7/site-packages/airflow/example_dags/tutorial_taskflow_api_etl.py for tasks to queue
[2022-10-03T01:47:44.312+0000] {logging_mixin.py:115} INFO - [2022-10-03T01:47:44.312+0000] {dagbag.py:508} INFO - Filling up the DagBag from /home/airflow/.local/lib/python3.7/site-packages/airflow/example_dags/tutorial_taskflow_api_etl.py
[2022-10-03T01:47:44.327+0000] {processor.py:650} INFO - DAG(s) dict_keys(['tutorial_taskflow_api_etl']) retrieved from /home/airflow/.local/lib/python3.7/site-packages/airflow/example_dags/tutorial_taskflow_api_etl.py
[2022-10-03T01:47:44.508+0000] {logging_mixin.py:115} INFO - [2022-10-03T01:47:44.508+0000] {dag.py:2429} INFO - Sync 1 DAGs
[2022-10-03T01:47:44.533+0000] {logging_mixin.py:115} INFO - [2022-10-03T01:47:44.533+0000] {dag.py:2981} INFO - Setting next_dagrun for tutorial_taskflow_api_etl to None, run_after=None
[2022-10-03T01:47:44.552+0000] {processor.py:161} INFO - Processing /home/airflow/.local/lib/python3.7/site-packages/airflow/example_dags/tutorial_taskflow_api_etl.py took 0.245 seconds
[2022-10-03T01:48:15.096+0000] {processor.py:153} INFO - Started process (PID=2062) to work on /home/airflow/.local/lib/python3.7/site-packages/airflow/example_dags/tutorial_taskflow_api_etl.py
[2022-10-03T01:48:15.097+0000] {processor.py:640} INFO - Processing file /home/airflow/.local/lib/python3.7/site-packages/airflow/example_dags/tutorial_taskflow_api_etl.py for tasks to queue
[2022-10-03T01:48:15.098+0000] {logging_mixin.py:115} INFO - [2022-10-03T01:48:15.098+0000] {dagbag.py:508} INFO - Filling up the DagBag from /home/airflow/.local/lib/python3.7/site-packages/airflow/example_dags/tutorial_taskflow_api_etl.py
[2022-10-03T01:48:15.112+0000] {processor.py:650} INFO - DAG(s) dict_keys(['tutorial_taskflow_api_etl']) retrieved from /home/airflow/.local/lib/python3.7/site-packages/airflow/example_dags/tutorial_taskflow_api_etl.py
[2022-10-03T01:48:15.297+0000] {logging_mixin.py:115} INFO - [2022-10-03T01:48:15.297+0000] {dag.py:2429} INFO - Sync 1 DAGs
[2022-10-03T01:48:15.322+0000] {logging_mixin.py:115} INFO - [2022-10-03T01:48:15.322+0000] {dag.py:2981} INFO - Setting next_dagrun for tutorial_taskflow_api_etl to None, run_after=None
[2022-10-03T01:48:15.344+0000] {processor.py:161} INFO - Processing /home/airflow/.local/lib/python3.7/site-packages/airflow/example_dags/tutorial_taskflow_api_etl.py took 0.251 seconds
[2022-10-03T01:48:45.928+0000] {processor.py:153} INFO - Started process (PID=2117) to work on /home/airflow/.local/lib/python3.7/site-packages/airflow/example_dags/tutorial_taskflow_api_etl.py
[2022-10-03T01:48:45.929+0000] {processor.py:640} INFO - Processing file /home/airflow/.local/lib/python3.7/site-packages/airflow/example_dags/tutorial_taskflow_api_etl.py for tasks to queue
[2022-10-03T01:48:45.930+0000] {logging_mixin.py:115} INFO - [2022-10-03T01:48:45.930+0000] {dagbag.py:508} INFO - Filling up the DagBag from /home/airflow/.local/lib/python3.7/site-packages/airflow/example_dags/tutorial_taskflow_api_etl.py
[2022-10-03T01:48:45.950+0000] {processor.py:650} INFO - DAG(s) dict_keys(['tutorial_taskflow_api_etl']) retrieved from /home/airflow/.local/lib/python3.7/site-packages/airflow/example_dags/tutorial_taskflow_api_etl.py
[2022-10-03T01:48:46.117+0000] {logging_mixin.py:115} INFO - [2022-10-03T01:48:46.117+0000] {dag.py:2429} INFO - Sync 1 DAGs
[2022-10-03T01:48:46.140+0000] {logging_mixin.py:115} INFO - [2022-10-03T01:48:46.139+0000] {dag.py:2981} INFO - Setting next_dagrun for tutorial_taskflow_api_etl to None, run_after=None
[2022-10-03T01:48:46.155+0000] {processor.py:161} INFO - Processing /home/airflow/.local/lib/python3.7/site-packages/airflow/example_dags/tutorial_taskflow_api_etl.py took 0.231 seconds
[2022-10-03T01:49:16.666+0000] {processor.py:153} INFO - Started process (PID=2172) to work on /home/airflow/.local/lib/python3.7/site-packages/airflow/example_dags/tutorial_taskflow_api_etl.py
[2022-10-03T01:49:16.667+0000] {processor.py:640} INFO - Processing file /home/airflow/.local/lib/python3.7/site-packages/airflow/example_dags/tutorial_taskflow_api_etl.py for tasks to queue
[2022-10-03T01:49:16.668+0000] {logging_mixin.py:115} INFO - [2022-10-03T01:49:16.668+0000] {dagbag.py:508} INFO - Filling up the DagBag from /home/airflow/.local/lib/python3.7/site-packages/airflow/example_dags/tutorial_taskflow_api_etl.py
[2022-10-03T01:49:16.683+0000] {processor.py:650} INFO - DAG(s) dict_keys(['tutorial_taskflow_api_etl']) retrieved from /home/airflow/.local/lib/python3.7/site-packages/airflow/example_dags/tutorial_taskflow_api_etl.py
[2022-10-03T01:49:16.818+0000] {logging_mixin.py:115} INFO - [2022-10-03T01:49:16.818+0000] {dag.py:2429} INFO - Sync 1 DAGs
[2022-10-03T01:49:16.842+0000] {logging_mixin.py:115} INFO - [2022-10-03T01:49:16.841+0000] {dag.py:2981} INFO - Setting next_dagrun for tutorial_taskflow_api_etl to None, run_after=None
[2022-10-03T01:49:16.857+0000] {processor.py:161} INFO - Processing /home/airflow/.local/lib/python3.7/site-packages/airflow/example_dags/tutorial_taskflow_api_etl.py took 0.193 seconds
[2022-10-03T01:52:31.565+0000] {processor.py:153} INFO - Started process (PID=63) to work on /home/airflow/.local/lib/python3.7/site-packages/airflow/example_dags/tutorial_taskflow_api_etl.py
[2022-10-03T01:52:31.566+0000] {processor.py:640} INFO - Processing file /home/airflow/.local/lib/python3.7/site-packages/airflow/example_dags/tutorial_taskflow_api_etl.py for tasks to queue
[2022-10-03T01:52:31.569+0000] {logging_mixin.py:115} INFO - [2022-10-03T01:52:31.568+0000] {dagbag.py:508} INFO - Filling up the DagBag from /home/airflow/.local/lib/python3.7/site-packages/airflow/example_dags/tutorial_taskflow_api_etl.py
[2022-10-03T01:52:31.602+0000] {processor.py:650} INFO - DAG(s) dict_keys(['tutorial_taskflow_api_etl']) retrieved from /home/airflow/.local/lib/python3.7/site-packages/airflow/example_dags/tutorial_taskflow_api_etl.py
[2022-10-03T01:52:31.904+0000] {logging_mixin.py:115} INFO - [2022-10-03T01:52:31.904+0000] {dag.py:2429} INFO - Sync 1 DAGs
[2022-10-03T01:52:31.934+0000] {logging_mixin.py:115} INFO - [2022-10-03T01:52:31.934+0000] {dag.py:2981} INFO - Setting next_dagrun for tutorial_taskflow_api_etl to None, run_after=None
[2022-10-03T01:52:31.955+0000] {processor.py:161} INFO - Processing /home/airflow/.local/lib/python3.7/site-packages/airflow/example_dags/tutorial_taskflow_api_etl.py took 0.395 seconds
[2022-10-03T01:53:02.293+0000] {processor.py:153} INFO - Started process (PID=119) to work on /home/airflow/.local/lib/python3.7/site-packages/airflow/example_dags/tutorial_taskflow_api_etl.py
[2022-10-03T01:53:02.294+0000] {processor.py:640} INFO - Processing file /home/airflow/.local/lib/python3.7/site-packages/airflow/example_dags/tutorial_taskflow_api_etl.py for tasks to queue
[2022-10-03T01:53:02.297+0000] {logging_mixin.py:115} INFO - [2022-10-03T01:53:02.296+0000] {dagbag.py:508} INFO - Filling up the DagBag from /home/airflow/.local/lib/python3.7/site-packages/airflow/example_dags/tutorial_taskflow_api_etl.py
[2022-10-03T01:53:02.316+0000] {processor.py:650} INFO - DAG(s) dict_keys(['tutorial_taskflow_api_etl']) retrieved from /home/airflow/.local/lib/python3.7/site-packages/airflow/example_dags/tutorial_taskflow_api_etl.py
[2022-10-03T01:53:02.511+0000] {logging_mixin.py:115} INFO - [2022-10-03T01:53:02.511+0000] {dag.py:2429} INFO - Sync 1 DAGs
[2022-10-03T01:53:02.532+0000] {logging_mixin.py:115} INFO - [2022-10-03T01:53:02.532+0000] {dag.py:2981} INFO - Setting next_dagrun for tutorial_taskflow_api_etl to None, run_after=None
[2022-10-03T01:53:02.548+0000] {processor.py:161} INFO - Processing /home/airflow/.local/lib/python3.7/site-packages/airflow/example_dags/tutorial_taskflow_api_etl.py took 0.257 seconds
[2022-10-03T01:53:33.171+0000] {processor.py:153} INFO - Started process (PID=174) to work on /home/airflow/.local/lib/python3.7/site-packages/airflow/example_dags/tutorial_taskflow_api_etl.py
[2022-10-03T01:53:33.172+0000] {processor.py:640} INFO - Processing file /home/airflow/.local/lib/python3.7/site-packages/airflow/example_dags/tutorial_taskflow_api_etl.py for tasks to queue
[2022-10-03T01:53:33.173+0000] {logging_mixin.py:115} INFO - [2022-10-03T01:53:33.173+0000] {dagbag.py:508} INFO - Filling up the DagBag from /home/airflow/.local/lib/python3.7/site-packages/airflow/example_dags/tutorial_taskflow_api_etl.py
[2022-10-03T01:53:33.185+0000] {processor.py:650} INFO - DAG(s) dict_keys(['tutorial_taskflow_api_etl']) retrieved from /home/airflow/.local/lib/python3.7/site-packages/airflow/example_dags/tutorial_taskflow_api_etl.py
[2022-10-03T01:53:33.348+0000] {logging_mixin.py:115} INFO - [2022-10-03T01:53:33.348+0000] {dag.py:2429} INFO - Sync 1 DAGs
[2022-10-03T01:53:33.366+0000] {logging_mixin.py:115} INFO - [2022-10-03T01:53:33.366+0000] {dag.py:2981} INFO - Setting next_dagrun for tutorial_taskflow_api_etl to None, run_after=None
[2022-10-03T01:53:33.383+0000] {processor.py:161} INFO - Processing /home/airflow/.local/lib/python3.7/site-packages/airflow/example_dags/tutorial_taskflow_api_etl.py took 0.214 seconds
[2022-10-03T01:54:04.012+0000] {processor.py:153} INFO - Started process (PID=229) to work on /home/airflow/.local/lib/python3.7/site-packages/airflow/example_dags/tutorial_taskflow_api_etl.py
[2022-10-03T01:54:04.013+0000] {processor.py:640} INFO - Processing file /home/airflow/.local/lib/python3.7/site-packages/airflow/example_dags/tutorial_taskflow_api_etl.py for tasks to queue
[2022-10-03T01:54:04.014+0000] {logging_mixin.py:115} INFO - [2022-10-03T01:54:04.013+0000] {dagbag.py:508} INFO - Filling up the DagBag from /home/airflow/.local/lib/python3.7/site-packages/airflow/example_dags/tutorial_taskflow_api_etl.py
[2022-10-03T01:54:04.027+0000] {processor.py:650} INFO - DAG(s) dict_keys(['tutorial_taskflow_api_etl']) retrieved from /home/airflow/.local/lib/python3.7/site-packages/airflow/example_dags/tutorial_taskflow_api_etl.py
[2022-10-03T01:54:04.200+0000] {logging_mixin.py:115} INFO - [2022-10-03T01:54:04.200+0000] {dag.py:2429} INFO - Sync 1 DAGs
[2022-10-03T01:54:04.221+0000] {logging_mixin.py:115} INFO - [2022-10-03T01:54:04.221+0000] {dag.py:2981} INFO - Setting next_dagrun for tutorial_taskflow_api_etl to None, run_after=None
[2022-10-03T01:54:04.237+0000] {processor.py:161} INFO - Processing /home/airflow/.local/lib/python3.7/site-packages/airflow/example_dags/tutorial_taskflow_api_etl.py took 0.228 seconds
[2022-10-03T01:54:35.000+0000] {processor.py:153} INFO - Started process (PID=285) to work on /home/airflow/.local/lib/python3.7/site-packages/airflow/example_dags/tutorial_taskflow_api_etl.py
[2022-10-03T01:54:35.002+0000] {processor.py:640} INFO - Processing file /home/airflow/.local/lib/python3.7/site-packages/airflow/example_dags/tutorial_taskflow_api_etl.py for tasks to queue
[2022-10-03T01:54:35.007+0000] {logging_mixin.py:115} INFO - [2022-10-03T01:54:35.006+0000] {dagbag.py:508} INFO - Filling up the DagBag from /home/airflow/.local/lib/python3.7/site-packages/airflow/example_dags/tutorial_taskflow_api_etl.py
[2022-10-03T01:54:35.041+0000] {processor.py:650} INFO - DAG(s) dict_keys(['tutorial_taskflow_api_etl']) retrieved from /home/airflow/.local/lib/python3.7/site-packages/airflow/example_dags/tutorial_taskflow_api_etl.py
[2022-10-03T01:54:35.297+0000] {logging_mixin.py:115} INFO - [2022-10-03T01:54:35.297+0000] {dag.py:2429} INFO - Sync 1 DAGs
[2022-10-03T01:54:35.316+0000] {logging_mixin.py:115} INFO - [2022-10-03T01:54:35.315+0000] {dag.py:2981} INFO - Setting next_dagrun for tutorial_taskflow_api_etl to None, run_after=None
[2022-10-03T01:54:35.333+0000] {processor.py:161} INFO - Processing /home/airflow/.local/lib/python3.7/site-packages/airflow/example_dags/tutorial_taskflow_api_etl.py took 0.337 seconds
[2022-10-03T01:55:05.396+0000] {processor.py:153} INFO - Started process (PID=340) to work on /home/airflow/.local/lib/python3.7/site-packages/airflow/example_dags/tutorial_taskflow_api_etl.py
[2022-10-03T01:55:05.397+0000] {processor.py:640} INFO - Processing file /home/airflow/.local/lib/python3.7/site-packages/airflow/example_dags/tutorial_taskflow_api_etl.py for tasks to queue
[2022-10-03T01:55:05.398+0000] {logging_mixin.py:115} INFO - [2022-10-03T01:55:05.398+0000] {dagbag.py:508} INFO - Filling up the DagBag from /home/airflow/.local/lib/python3.7/site-packages/airflow/example_dags/tutorial_taskflow_api_etl.py
[2022-10-03T01:55:05.413+0000] {processor.py:650} INFO - DAG(s) dict_keys(['tutorial_taskflow_api_etl']) retrieved from /home/airflow/.local/lib/python3.7/site-packages/airflow/example_dags/tutorial_taskflow_api_etl.py
[2022-10-03T01:55:05.571+0000] {logging_mixin.py:115} INFO - [2022-10-03T01:55:05.571+0000] {dag.py:2429} INFO - Sync 1 DAGs
[2022-10-03T01:55:05.588+0000] {logging_mixin.py:115} INFO - [2022-10-03T01:55:05.588+0000] {dag.py:2981} INFO - Setting next_dagrun for tutorial_taskflow_api_etl to None, run_after=None
[2022-10-03T01:55:05.603+0000] {processor.py:161} INFO - Processing /home/airflow/.local/lib/python3.7/site-packages/airflow/example_dags/tutorial_taskflow_api_etl.py took 0.211 seconds
[2022-10-03T01:55:36.174+0000] {processor.py:153} INFO - Started process (PID=395) to work on /home/airflow/.local/lib/python3.7/site-packages/airflow/example_dags/tutorial_taskflow_api_etl.py
[2022-10-03T01:55:36.175+0000] {processor.py:640} INFO - Processing file /home/airflow/.local/lib/python3.7/site-packages/airflow/example_dags/tutorial_taskflow_api_etl.py for tasks to queue
[2022-10-03T01:55:36.176+0000] {logging_mixin.py:115} INFO - [2022-10-03T01:55:36.176+0000] {dagbag.py:508} INFO - Filling up the DagBag from /home/airflow/.local/lib/python3.7/site-packages/airflow/example_dags/tutorial_taskflow_api_etl.py
[2022-10-03T01:55:36.191+0000] {processor.py:650} INFO - DAG(s) dict_keys(['tutorial_taskflow_api_etl']) retrieved from /home/airflow/.local/lib/python3.7/site-packages/airflow/example_dags/tutorial_taskflow_api_etl.py
[2022-10-03T01:55:36.217+0000] {logging_mixin.py:115} INFO - [2022-10-03T01:55:36.217+0000] {dag.py:2429} INFO - Sync 1 DAGs
[2022-10-03T01:55:36.337+0000] {logging_mixin.py:115} INFO - [2022-10-03T01:55:36.337+0000] {dag.py:2981} INFO - Setting next_dagrun for tutorial_taskflow_api_etl to None, run_after=None
[2022-10-03T01:55:36.353+0000] {processor.py:161} INFO - Processing /home/airflow/.local/lib/python3.7/site-packages/airflow/example_dags/tutorial_taskflow_api_etl.py took 0.181 seconds
[2022-10-03T01:56:06.874+0000] {processor.py:153} INFO - Started process (PID=450) to work on /home/airflow/.local/lib/python3.7/site-packages/airflow/example_dags/tutorial_taskflow_api_etl.py
[2022-10-03T01:56:06.875+0000] {processor.py:640} INFO - Processing file /home/airflow/.local/lib/python3.7/site-packages/airflow/example_dags/tutorial_taskflow_api_etl.py for tasks to queue
[2022-10-03T01:56:06.877+0000] {logging_mixin.py:115} INFO - [2022-10-03T01:56:06.876+0000] {dagbag.py:508} INFO - Filling up the DagBag from /home/airflow/.local/lib/python3.7/site-packages/airflow/example_dags/tutorial_taskflow_api_etl.py
[2022-10-03T01:56:06.890+0000] {processor.py:650} INFO - DAG(s) dict_keys(['tutorial_taskflow_api_etl']) retrieved from /home/airflow/.local/lib/python3.7/site-packages/airflow/example_dags/tutorial_taskflow_api_etl.py
[2022-10-03T01:56:07.056+0000] {logging_mixin.py:115} INFO - [2022-10-03T01:56:07.056+0000] {dag.py:2429} INFO - Sync 1 DAGs
[2022-10-03T01:56:07.078+0000] {logging_mixin.py:115} INFO - [2022-10-03T01:56:07.078+0000] {dag.py:2981} INFO - Setting next_dagrun for tutorial_taskflow_api_etl to None, run_after=None
[2022-10-03T01:56:07.094+0000] {processor.py:161} INFO - Processing /home/airflow/.local/lib/python3.7/site-packages/airflow/example_dags/tutorial_taskflow_api_etl.py took 0.223 seconds
[2022-10-03T01:56:37.739+0000] {processor.py:153} INFO - Started process (PID=506) to work on /home/airflow/.local/lib/python3.7/site-packages/airflow/example_dags/tutorial_taskflow_api_etl.py
[2022-10-03T01:56:37.740+0000] {processor.py:640} INFO - Processing file /home/airflow/.local/lib/python3.7/site-packages/airflow/example_dags/tutorial_taskflow_api_etl.py for tasks to queue
[2022-10-03T01:56:37.740+0000] {logging_mixin.py:115} INFO - [2022-10-03T01:56:37.740+0000] {dagbag.py:508} INFO - Filling up the DagBag from /home/airflow/.local/lib/python3.7/site-packages/airflow/example_dags/tutorial_taskflow_api_etl.py
[2022-10-03T01:56:37.757+0000] {processor.py:650} INFO - DAG(s) dict_keys(['tutorial_taskflow_api_etl']) retrieved from /home/airflow/.local/lib/python3.7/site-packages/airflow/example_dags/tutorial_taskflow_api_etl.py
[2022-10-03T01:56:37.946+0000] {logging_mixin.py:115} INFO - [2022-10-03T01:56:37.946+0000] {dag.py:2429} INFO - Sync 1 DAGs
[2022-10-03T01:56:37.965+0000] {logging_mixin.py:115} INFO - [2022-10-03T01:56:37.965+0000] {dag.py:2981} INFO - Setting next_dagrun for tutorial_taskflow_api_etl to None, run_after=None
[2022-10-03T01:56:37.981+0000] {processor.py:161} INFO - Processing /home/airflow/.local/lib/python3.7/site-packages/airflow/example_dags/tutorial_taskflow_api_etl.py took 0.247 seconds
[2022-10-03T01:57:08.087+0000] {processor.py:153} INFO - Started process (PID=560) to work on /home/airflow/.local/lib/python3.7/site-packages/airflow/example_dags/tutorial_taskflow_api_etl.py
[2022-10-03T01:57:08.088+0000] {processor.py:640} INFO - Processing file /home/airflow/.local/lib/python3.7/site-packages/airflow/example_dags/tutorial_taskflow_api_etl.py for tasks to queue
[2022-10-03T01:57:08.089+0000] {logging_mixin.py:115} INFO - [2022-10-03T01:57:08.088+0000] {dagbag.py:508} INFO - Filling up the DagBag from /home/airflow/.local/lib/python3.7/site-packages/airflow/example_dags/tutorial_taskflow_api_etl.py
[2022-10-03T01:57:08.109+0000] {processor.py:650} INFO - DAG(s) dict_keys(['tutorial_taskflow_api_etl']) retrieved from /home/airflow/.local/lib/python3.7/site-packages/airflow/example_dags/tutorial_taskflow_api_etl.py
[2022-10-03T01:57:08.142+0000] {logging_mixin.py:115} INFO - [2022-10-03T01:57:08.142+0000] {dag.py:2429} INFO - Sync 1 DAGs
[2022-10-03T01:57:08.261+0000] {logging_mixin.py:115} INFO - [2022-10-03T01:57:08.260+0000] {dag.py:2981} INFO - Setting next_dagrun for tutorial_taskflow_api_etl to None, run_after=None
[2022-10-03T01:57:08.274+0000] {processor.py:161} INFO - Processing /home/airflow/.local/lib/python3.7/site-packages/airflow/example_dags/tutorial_taskflow_api_etl.py took 0.189 seconds
[2022-10-03T01:57:38.608+0000] {processor.py:153} INFO - Started process (PID=615) to work on /home/airflow/.local/lib/python3.7/site-packages/airflow/example_dags/tutorial_taskflow_api_etl.py
[2022-10-03T01:57:38.609+0000] {processor.py:640} INFO - Processing file /home/airflow/.local/lib/python3.7/site-packages/airflow/example_dags/tutorial_taskflow_api_etl.py for tasks to queue
[2022-10-03T01:57:38.611+0000] {logging_mixin.py:115} INFO - [2022-10-03T01:57:38.610+0000] {dagbag.py:508} INFO - Filling up the DagBag from /home/airflow/.local/lib/python3.7/site-packages/airflow/example_dags/tutorial_taskflow_api_etl.py
[2022-10-03T01:57:38.625+0000] {processor.py:650} INFO - DAG(s) dict_keys(['tutorial_taskflow_api_etl']) retrieved from /home/airflow/.local/lib/python3.7/site-packages/airflow/example_dags/tutorial_taskflow_api_etl.py
[2022-10-03T01:57:38.800+0000] {logging_mixin.py:115} INFO - [2022-10-03T01:57:38.799+0000] {dag.py:2429} INFO - Sync 1 DAGs
[2022-10-03T01:57:38.821+0000] {logging_mixin.py:115} INFO - [2022-10-03T01:57:38.820+0000] {dag.py:2981} INFO - Setting next_dagrun for tutorial_taskflow_api_etl to None, run_after=None
[2022-10-03T01:57:38.836+0000] {processor.py:161} INFO - Processing /home/airflow/.local/lib/python3.7/site-packages/airflow/example_dags/tutorial_taskflow_api_etl.py took 0.231 seconds
[2022-10-03T01:58:09.396+0000] {processor.py:153} INFO - Started process (PID=670) to work on /home/airflow/.local/lib/python3.7/site-packages/airflow/example_dags/tutorial_taskflow_api_etl.py
[2022-10-03T01:58:09.397+0000] {processor.py:640} INFO - Processing file /home/airflow/.local/lib/python3.7/site-packages/airflow/example_dags/tutorial_taskflow_api_etl.py for tasks to queue
[2022-10-03T01:58:09.398+0000] {logging_mixin.py:115} INFO - [2022-10-03T01:58:09.397+0000] {dagbag.py:508} INFO - Filling up the DagBag from /home/airflow/.local/lib/python3.7/site-packages/airflow/example_dags/tutorial_taskflow_api_etl.py
[2022-10-03T01:58:09.411+0000] {processor.py:650} INFO - DAG(s) dict_keys(['tutorial_taskflow_api_etl']) retrieved from /home/airflow/.local/lib/python3.7/site-packages/airflow/example_dags/tutorial_taskflow_api_etl.py
[2022-10-03T01:58:09.573+0000] {logging_mixin.py:115} INFO - [2022-10-03T01:58:09.573+0000] {dag.py:2429} INFO - Sync 1 DAGs
[2022-10-03T01:58:09.593+0000] {logging_mixin.py:115} INFO - [2022-10-03T01:58:09.593+0000] {dag.py:2981} INFO - Setting next_dagrun for tutorial_taskflow_api_etl to None, run_after=None
[2022-10-03T01:58:09.608+0000] {processor.py:161} INFO - Processing /home/airflow/.local/lib/python3.7/site-packages/airflow/example_dags/tutorial_taskflow_api_etl.py took 0.216 seconds
[2022-10-03T01:58:39.840+0000] {processor.py:153} INFO - Started process (PID=725) to work on /home/airflow/.local/lib/python3.7/site-packages/airflow/example_dags/tutorial_taskflow_api_etl.py
[2022-10-03T01:58:39.841+0000] {processor.py:640} INFO - Processing file /home/airflow/.local/lib/python3.7/site-packages/airflow/example_dags/tutorial_taskflow_api_etl.py for tasks to queue
[2022-10-03T01:58:39.842+0000] {logging_mixin.py:115} INFO - [2022-10-03T01:58:39.842+0000] {dagbag.py:508} INFO - Filling up the DagBag from /home/airflow/.local/lib/python3.7/site-packages/airflow/example_dags/tutorial_taskflow_api_etl.py
[2022-10-03T01:58:39.857+0000] {processor.py:650} INFO - DAG(s) dict_keys(['tutorial_taskflow_api_etl']) retrieved from /home/airflow/.local/lib/python3.7/site-packages/airflow/example_dags/tutorial_taskflow_api_etl.py
[2022-10-03T01:58:39.880+0000] {logging_mixin.py:115} INFO - [2022-10-03T01:58:39.880+0000] {dag.py:2429} INFO - Sync 1 DAGs
[2022-10-03T01:58:39.993+0000] {logging_mixin.py:115} INFO - [2022-10-03T01:58:39.993+0000] {dag.py:2981} INFO - Setting next_dagrun for tutorial_taskflow_api_etl to None, run_after=None
[2022-10-03T01:58:40.007+0000] {processor.py:161} INFO - Processing /home/airflow/.local/lib/python3.7/site-packages/airflow/example_dags/tutorial_taskflow_api_etl.py took 0.170 seconds
[2022-10-03T01:59:10.488+0000] {processor.py:153} INFO - Started process (PID=780) to work on /home/airflow/.local/lib/python3.7/site-packages/airflow/example_dags/tutorial_taskflow_api_etl.py
[2022-10-03T01:59:10.489+0000] {processor.py:640} INFO - Processing file /home/airflow/.local/lib/python3.7/site-packages/airflow/example_dags/tutorial_taskflow_api_etl.py for tasks to queue
[2022-10-03T01:59:10.490+0000] {logging_mixin.py:115} INFO - [2022-10-03T01:59:10.490+0000] {dagbag.py:508} INFO - Filling up the DagBag from /home/airflow/.local/lib/python3.7/site-packages/airflow/example_dags/tutorial_taskflow_api_etl.py
[2022-10-03T01:59:10.503+0000] {processor.py:650} INFO - DAG(s) dict_keys(['tutorial_taskflow_api_etl']) retrieved from /home/airflow/.local/lib/python3.7/site-packages/airflow/example_dags/tutorial_taskflow_api_etl.py
[2022-10-03T01:59:10.657+0000] {logging_mixin.py:115} INFO - [2022-10-03T01:59:10.657+0000] {dag.py:2429} INFO - Sync 1 DAGs
[2022-10-03T01:59:10.676+0000] {logging_mixin.py:115} INFO - [2022-10-03T01:59:10.676+0000] {dag.py:2981} INFO - Setting next_dagrun for tutorial_taskflow_api_etl to None, run_after=None
[2022-10-03T01:59:10.692+0000] {processor.py:161} INFO - Processing /home/airflow/.local/lib/python3.7/site-packages/airflow/example_dags/tutorial_taskflow_api_etl.py took 0.207 seconds
[2022-10-03T01:59:41.157+0000] {processor.py:153} INFO - Started process (PID=836) to work on /home/airflow/.local/lib/python3.7/site-packages/airflow/example_dags/tutorial_taskflow_api_etl.py
[2022-10-03T01:59:41.158+0000] {processor.py:640} INFO - Processing file /home/airflow/.local/lib/python3.7/site-packages/airflow/example_dags/tutorial_taskflow_api_etl.py for tasks to queue
[2022-10-03T01:59:41.159+0000] {logging_mixin.py:115} INFO - [2022-10-03T01:59:41.159+0000] {dagbag.py:508} INFO - Filling up the DagBag from /home/airflow/.local/lib/python3.7/site-packages/airflow/example_dags/tutorial_taskflow_api_etl.py
[2022-10-03T01:59:41.171+0000] {processor.py:650} INFO - DAG(s) dict_keys(['tutorial_taskflow_api_etl']) retrieved from /home/airflow/.local/lib/python3.7/site-packages/airflow/example_dags/tutorial_taskflow_api_etl.py
[2022-10-03T01:59:41.347+0000] {logging_mixin.py:115} INFO - [2022-10-03T01:59:41.347+0000] {dag.py:2429} INFO - Sync 1 DAGs
[2022-10-03T01:59:41.366+0000] {logging_mixin.py:115} INFO - [2022-10-03T01:59:41.365+0000] {dag.py:2981} INFO - Setting next_dagrun for tutorial_taskflow_api_etl to None, run_after=None
[2022-10-03T01:59:41.382+0000] {processor.py:161} INFO - Processing /home/airflow/.local/lib/python3.7/site-packages/airflow/example_dags/tutorial_taskflow_api_etl.py took 0.227 seconds
